13502.312 ********************************************************
13502.365 ** Session beginning Friday November 05, 2021 02:05:57 AM **
13502.374 ** ExperimentBuilder Project : Ida **
13502.382 ** ExperimentBuilder Version : 2.3.38 **
13502.389 ** ExperimentBuilder Build   : Jul 30 2020 **
13502.396 ********************************************************
13502.406 TRACKER_TIME 0 4493270.069
13940.852 SETUP_INSTRUCTIONS SETUP_INSTRUCTIONS (BEGIN) 
13959.597 SETUP_INSTRUCTIONS SETUP_INSTRUCTIONS
29167.142 KEYBOARD KEYBOARD
69773.311 EL_CAMERA_SETUP EL_CAMERA_SETUP
69807.560 EXPERIMENTAL__FIRST_BLOCK_INSTRUCTIONS BLOCK.EXPERIMENTAL__FIRST_BLOCK_INSTRUCTIONS (BEGIN) 
69826.776 EXPERIMENTAL__FIRST_BLOCK_INSTRUCTIONS BLOCK.EXPERIMENTAL__FIRST_BLOCK_INSTRUCTIONS
94905.445 TRACKER_TIME 1 4574671.307
94905.561 KEYBOARD BLOCK.KEYBOARD
94905.869 SetValueAction 
94905.922 SetValueAction 
94905.951 SetValueAction 
94905.978 SetValueAction 
94906.005 SetValueAction 
94906.032 SetValueAction 
94906.379 CHECK_NEW_BLOCK BLOCK.TRIAL.CHECK_NEW_BLOCK_TRUE
94906.713 RESET_VARS BLOCK.TRIAL.RESET_VARS
95286.251 PREPARE_SEQUENCE BLOCK.TRIAL.PREPARE_SEQUENCE
105410.889 DRIFT_CORRECT BLOCK.TRIAL.DRIFT_CORRECT
105527.276 DISPLAY_TEXT BLOCK.TRIAL.RECORDING.DISPLAY_TEXT (BEGIN) 
105532.671 DISPLAY_TEXT BLOCK.TRIAL.RECORDING.DISPLAY_TEXT
133024.219 KEYBOARD_TEXT BLOCK.TRIAL.RECORDING.KEYBOARD_TEXT
133024.933 SET_SENTENCE_RT BLOCK.TRIAL.RECORDING.SET_SENTENCE_RT
133025.059 CHECK_QUESTION BLOCK.TRIAL.RECORDING.CHECK_QUESTION_TRUE
133027.041 DISPLAY_BLANK BLOCK.TRIAL.RECORDING.DISPLAY_BLANK (BEGIN) 
133041.764 DISPLAY_BLANK BLOCK.TRIAL.RECORDING.DISPLAY_BLANK
133042.245 ADD_TO_RESULTS_FILE BLOCK.TRIAL.RECORDING.ADD_TO_RESULTS_FILE
133127.100 SetValueAction 
133127.135 SetValueAction 
133127.163 SetValueAction 
133127.190 SetValueAction 
133127.217 SetValueAction 
133127.244 SetValueAction 
133127.611 CHECK_NEW_BLOCK BLOCK.TRIAL.CHECK_NEW_BLOCK_TRUE
133127.946 RESET_VARS BLOCK.TRIAL.RESET_VARS
133511.522 PREPARE_SEQUENCE BLOCK.TRIAL.PREPARE_SEQUENCE
135816.331 DRIFT_CORRECT BLOCK.TRIAL.DRIFT_CORRECT
135932.994 DISPLAY_TEXT BLOCK.TRIAL.RECORDING.DISPLAY_TEXT (BEGIN) 
135940.649 DISPLAY_TEXT BLOCK.TRIAL.RECORDING.DISPLAY_TEXT
137441.997 KEYBOARD_TEXT BLOCK.TRIAL.RECORDING.KEYBOARD_TEXT
137442.524 SET_SENTENCE_RT BLOCK.TRIAL.RECORDING.SET_SENTENCE_RT
137442.741 CHECK_QUESTION BLOCK.TRIAL.RECORDING.CHECK_QUESTION_TRUE
137444.812 DISPLAY_BLANK BLOCK.TRIAL.RECORDING.DISPLAY_BLANK (BEGIN) 
137457.052 DISPLAY_BLANK BLOCK.TRIAL.RECORDING.DISPLAY_BLANK
137457.813 ADD_TO_RESULTS_FILE BLOCK.TRIAL.RECORDING.ADD_TO_RESULTS_FILE
137544.098 SetValueAction 
137544.134 SetValueAction 
137544.163 SetValueAction 
137544.189 SetValueAction 
137544.217 SetValueAction 
137544.244 SetValueAction 
137544.583 CHECK_NEW_BLOCK BLOCK.TRIAL.CHECK_NEW_BLOCK_TRUE
137544.907 RESET_VARS BLOCK.TRIAL.RESET_VARS
137912.917 PREPARE_SEQUENCE BLOCK.TRIAL.PREPARE_SEQUENCE
139114.975 DRIFT_CORRECT BLOCK.TRIAL.DRIFT_CORRECT
139235.160 DISPLAY_TEXT BLOCK.TRIAL.RECORDING.DISPLAY_TEXT (BEGIN) 
139246.965 DISPLAY_TEXT BLOCK.TRIAL.RECORDING.DISPLAY_TEXT
150990.993 KEYBOARD_TEXT BLOCK.TRIAL.RECORDING.KEYBOARD_TEXT
150991.571 SET_SENTENCE_RT BLOCK.TRIAL.RECORDING.SET_SENTENCE_RT
150991.732 CHECK_QUESTION BLOCK.TRIAL.RECORDING.CHECK_QUESTION_TRUE
150993.540 DISPLAY_BLANK BLOCK.TRIAL.RECORDING.DISPLAY_BLANK (BEGIN) 
151002.994 DISPLAY_BLANK BLOCK.TRIAL.RECORDING.DISPLAY_BLANK
151003.684 ADD_TO_RESULTS_FILE BLOCK.TRIAL.RECORDING.ADD_TO_RESULTS_FILE
151088.099 SetValueAction 
151088.134 SetValueAction 
151088.162 SetValueAction 
151088.189 SetValueAction 
151088.222 SetValueAction 
151088.254 SetValueAction 
151088.726 CHECK_NEW_BLOCK BLOCK.TRIAL.CHECK_NEW_BLOCK_TRUE
151089.150 RESET_VARS BLOCK.TRIAL.RESET_VARS
151518.332 PREPARE_SEQUENCE BLOCK.TRIAL.PREPARE_SEQUENCE
153019.188 DRIFT_CORRECT BLOCK.TRIAL.DRIFT_CORRECT
153139.086 DISPLAY_TEXT BLOCK.TRIAL.RECORDING.DISPLAY_TEXT (BEGIN) 
153156.887 DISPLAY_TEXT BLOCK.TRIAL.RECORDING.DISPLAY_TEXT
164549.597 TRACKER_TIME 2 4644313.938
164549.718 KEYBOARD_TEXT BLOCK.TRIAL.RECORDING.KEYBOARD_TEXT
164550.309 SET_SENTENCE_RT BLOCK.TRIAL.RECORDING.SET_SENTENCE_RT
164550.389 CHECK_QUESTION BLOCK.TRIAL.RECORDING.CHECK_QUESTION_TRUE
164552.392 DISPLAY_BLANK BLOCK.TRIAL.RECORDING.DISPLAY_BLANK (BEGIN) 
164565.936 DISPLAY_BLANK BLOCK.TRIAL.RECORDING.DISPLAY_BLANK
164566.614 ADD_TO_RESULTS_FILE BLOCK.TRIAL.RECORDING.ADD_TO_RESULTS_FILE
164651.140 SetValueAction 
164651.174 SetValueAction 
164651.203 SetValueAction 
164651.230 SetValueAction 
164651.257 SetValueAction 
164651.283 SetValueAction 
164651.629 CHECK_NEW_BLOCK BLOCK.TRIAL.CHECK_NEW_BLOCK_TRUE
164651.941 RESET_VARS BLOCK.TRIAL.RESET_VARS
165067.044 PREPARE_SEQUENCE BLOCK.TRIAL.PREPARE_SEQUENCE
166271.448 DRIFT_CORRECT BLOCK.TRIAL.DRIFT_CORRECT
166387.005 DISPLAY_TEXT BLOCK.TRIAL.RECORDING.DISPLAY_TEXT (BEGIN) 
166408.018 DISPLAY_TEXT BLOCK.TRIAL.RECORDING.DISPLAY_TEXT
190548.327 KEYBOARD_TEXT BLOCK.TRIAL.RECORDING.KEYBOARD_TEXT
190548.886 SET_SENTENCE_RT BLOCK.TRIAL.RECORDING.SET_SENTENCE_RT
190549.017 CHECK_QUESTION BLOCK.TRIAL.RECORDING.CHECK_QUESTION_FALSE
190552.020 DISPLAY_QUESTION BLOCK.TRIAL.RECORDING.DISPLAY_QUESTION (BEGIN) 
190559.214 DISPLAY_QUESTION BLOCK.TRIAL.RECORDING.DISPLAY_QUESTION
199689.011 KEYBOARD_QUESTION BLOCK.TRIAL.RECORDING.KEYBOARD_QUESTION
199689.393 CHECK_RESPONSE_BUTTON BLOCK.TRIAL.RECORDING.CHECK_RESPONSE_BUTTON_TRUE
199690.048 SET_VARS_CORRECT BLOCK.TRIAL.RECORDING.SET_VARS_CORRECT
199691.583 DISPLAY_BLANK BLOCK.TRIAL.RECORDING.DISPLAY_BLANK (BEGIN) 
199705.824 DISPLAY_BLANK BLOCK.TRIAL.RECORDING.DISPLAY_BLANK
199706.420 ADD_TO_RESULTS_FILE BLOCK.TRIAL.RECORDING.ADD_TO_RESULTS_FILE
199792.093 SetValueAction 
199792.128 SetValueAction 
199792.156 SetValueAction 
199792.183 SetValueAction 
199792.210 SetValueAction 
199792.238 SetValueAction 
199792.599 CHECK_NEW_BLOCK BLOCK.TRIAL.CHECK_NEW_BLOCK_TRUE
199793.048 RESET_VARS BLOCK.TRIAL.RESET_VARS
200175.313 PREPARE_SEQUENCE BLOCK.TRIAL.PREPARE_SEQUENCE
201546.111 DRIFT_CORRECT BLOCK.TRIAL.DRIFT_CORRECT
201660.809 DISPLAY_TEXT BLOCK.TRIAL.RECORDING.DISPLAY_TEXT (BEGIN) 
201673.655 DISPLAY_TEXT BLOCK.TRIAL.RECORDING.DISPLAY_TEXT
216302.205 KEYBOARD_TEXT BLOCK.TRIAL.RECORDING.KEYBOARD_TEXT
216302.797 SET_SENTENCE_RT BLOCK.TRIAL.RECORDING.SET_SENTENCE_RT
216302.890 CHECK_QUESTION BLOCK.TRIAL.RECORDING.CHECK_QUESTION_TRUE
216304.728 DISPLAY_BLANK BLOCK.TRIAL.RECORDING.DISPLAY_BLANK (BEGIN) 
216317.627 DISPLAY_BLANK BLOCK.TRIAL.RECORDING.DISPLAY_BLANK
216318.338 ADD_TO_RESULTS_FILE BLOCK.TRIAL.RECORDING.ADD_TO_RESULTS_FILE
216403.115 SetValueAction 
216403.150 SetValueAction 
216403.179 SetValueAction 
216403.206 SetValueAction 
216403.234 SetValueAction 
216403.261 SetValueAction 
216403.624 CHECK_NEW_BLOCK BLOCK.TRIAL.CHECK_NEW_BLOCK_TRUE
216403.935 RESET_VARS BLOCK.TRIAL.RESET_VARS
216830.403 PREPARE_SEQUENCE BLOCK.TRIAL.PREPARE_SEQUENCE
218360.102 DRIFT_CORRECT BLOCK.TRIAL.DRIFT_CORRECT
218476.923 DISPLAY_TEXT BLOCK.TRIAL.RECORDING.DISPLAY_TEXT (BEGIN) 
218493.435 DISPLAY_TEXT BLOCK.TRIAL.RECORDING.DISPLAY_TEXT
235303.914 TRACKER_TIME 3 4715066.724
235304.076 KEYBOARD_TEXT BLOCK.TRIAL.RECORDING.KEYBOARD_TEXT
235304.687 SET_SENTENCE_RT BLOCK.TRIAL.RECORDING.SET_SENTENCE_RT
235304.769 CHECK_QUESTION BLOCK.TRIAL.RECORDING.CHECK_QUESTION_TRUE
235306.746 DISPLAY_BLANK BLOCK.TRIAL.RECORDING.DISPLAY_BLANK (BEGIN) 
235311.851 DISPLAY_BLANK BLOCK.TRIAL.RECORDING.DISPLAY_BLANK
235312.535 ADD_TO_RESULTS_FILE BLOCK.TRIAL.RECORDING.ADD_TO_RESULTS_FILE
235399.100 SetValueAction 
235399.136 SetValueAction 
235399.165 SetValueAction 
235399.191 SetValueAction 
235399.219 SetValueAction 
235399.246 SetValueAction 
235399.596 CHECK_NEW_BLOCK BLOCK.TRIAL.CHECK_NEW_BLOCK_TRUE
235399.921 RESET_VARS BLOCK.TRIAL.RESET_VARS
235805.873 PREPARE_SEQUENCE BLOCK.TRIAL.PREPARE_SEQUENCE
237277.397 DRIFT_CORRECT BLOCK.TRIAL.DRIFT_CORRECT
237398.129 DISPLAY_TEXT BLOCK.TRIAL.RECORDING.DISPLAY_TEXT (BEGIN) 
237416.083 DISPLAY_TEXT BLOCK.TRIAL.RECORDING.DISPLAY_TEXT
253130.160 KEYBOARD_TEXT BLOCK.TRIAL.RECORDING.KEYBOARD_TEXT
253130.600 SET_SENTENCE_RT BLOCK.TRIAL.RECORDING.SET_SENTENCE_RT
253130.699 CHECK_QUESTION BLOCK.TRIAL.RECORDING.CHECK_QUESTION_FALSE
253133.251 DISPLAY_QUESTION BLOCK.TRIAL.RECORDING.DISPLAY_QUESTION (BEGIN) 
253140.014 DISPLAY_QUESTION BLOCK.TRIAL.RECORDING.DISPLAY_QUESTION
256789.782 KEYBOARD_QUESTION BLOCK.TRIAL.RECORDING.KEYBOARD_QUESTION
256790.011 CHECK_RESPONSE_BUTTON BLOCK.TRIAL.RECORDING.CHECK_RESPONSE_BUTTON_TRUE
256790.673 SET_VARS_CORRECT BLOCK.TRIAL.RECORDING.SET_VARS_CORRECT
256792.848 DISPLAY_BLANK BLOCK.TRIAL.RECORDING.DISPLAY_BLANK (BEGIN) 
256805.945 DISPLAY_BLANK BLOCK.TRIAL.RECORDING.DISPLAY_BLANK
256806.596 ADD_TO_RESULTS_FILE BLOCK.TRIAL.RECORDING.ADD_TO_RESULTS_FILE
256891.184 SetValueAction 
256891.219 SetValueAction 
256891.248 SetValueAction 
256891.275 SetValueAction 
256891.302 SetValueAction 
256891.330 SetValueAction 
256891.684 CHECK_NEW_BLOCK BLOCK.TRIAL.CHECK_NEW_BLOCK_TRUE
256892.039 RESET_VARS BLOCK.TRIAL.RESET_VARS
257310.147 PREPARE_SEQUENCE BLOCK.TRIAL.PREPARE_SEQUENCE
258962.847 DRIFT_CORRECT BLOCK.TRIAL.DRIFT_CORRECT
259086.010 DISPLAY_TEXT BLOCK.TRIAL.RECORDING.DISPLAY_TEXT (BEGIN) 
259095.417 DISPLAY_TEXT BLOCK.TRIAL.RECORDING.DISPLAY_TEXT
265963.187 KEYBOARD_TEXT BLOCK.TRIAL.RECORDING.KEYBOARD_TEXT
265963.795 SET_SENTENCE_RT BLOCK.TRIAL.RECORDING.SET_SENTENCE_RT
265963.898 CHECK_QUESTION BLOCK.TRIAL.RECORDING.CHECK_QUESTION_TRUE
265965.909 DISPLAY_BLANK BLOCK.TRIAL.RECORDING.DISPLAY_BLANK (BEGIN) 
265969.511 DISPLAY_BLANK BLOCK.TRIAL.RECORDING.DISPLAY_BLANK
265970.206 ADD_TO_RESULTS_FILE BLOCK.TRIAL.RECORDING.ADD_TO_RESULTS_FILE
266057.097 SetValueAction 
266057.131 SetValueAction 
266057.160 SetValueAction 
266057.207 SetValueAction 
266057.252 SetValueAction 
266057.278 SetValueAction 
266057.664 CHECK_NEW_BLOCK BLOCK.TRIAL.CHECK_NEW_BLOCK_FALSE
266092.729 NEW_COUNTERBALANCE_BREAK BLOCK.TRIAL.NEW_COUNTERBALANCE_BREAK (BEGIN) 
266103.082 NEW_COUNTERBALANCE_BREAK BLOCK.TRIAL.NEW_COUNTERBALANCE_BREAK
329938.356 TRACKER_TIME 4 4809699.031
329938.475 KEYBOARD[1] BLOCK.TRIAL.KEYBOARD[1]
360695.066 EL_CAMERA_SETUP BLOCK.TRIAL.EL_CAMERA_SETUP
360729.485 EXPERIMENT_CONTINUE BLOCK.TRIAL.EXPERIMENT_CONTINUE (BEGIN) 
360742.512 EXPERIMENT_CONTINUE BLOCK.TRIAL.EXPERIMENT_CONTINUE
363628.652 KEYBOARD BLOCK.TRIAL.KEYBOARD
363629.166 RESET_VARS BLOCK.TRIAL.RESET_VARS
364051.628 PREPARE_SEQUENCE BLOCK.TRIAL.PREPARE_SEQUENCE
365599.106 DRIFT_CORRECT BLOCK.TRIAL.DRIFT_CORRECT
365713.767 DISPLAY_TEXT BLOCK.TRIAL.RECORDING.DISPLAY_TEXT (BEGIN) 
365724.291 DISPLAY_TEXT BLOCK.TRIAL.RECORDING.DISPLAY_TEXT
367411.002 KEYBOARD_TEXT BLOCK.TRIAL.RECORDING.KEYBOARD_TEXT
367411.784 SET_SENTENCE_RT BLOCK.TRIAL.RECORDING.SET_SENTENCE_RT
367411.923 CHECK_QUESTION BLOCK.TRIAL.RECORDING.CHECK_QUESTION_TRUE
367413.856 DISPLAY_BLANK BLOCK.TRIAL.RECORDING.DISPLAY_BLANK (BEGIN) 
367423.795 DISPLAY_BLANK BLOCK.TRIAL.RECORDING.DISPLAY_BLANK
367424.534 ADD_TO_RESULTS_FILE BLOCK.TRIAL.RECORDING.ADD_TO_RESULTS_FILE
367511.165 SetValueAction 
367511.228 SetValueAction 
367511.268 SetValueAction 
367511.304 SetValueAction 
367511.339 SetValueAction 
367511.374 SetValueAction 
367511.817 CHECK_NEW_BLOCK BLOCK.TRIAL.CHECK_NEW_BLOCK_TRUE
367512.151 RESET_VARS BLOCK.TRIAL.RESET_VARS
367892.873 PREPARE_SEQUENCE BLOCK.TRIAL.PREPARE_SEQUENCE
369451.327 DRIFT_CORRECT BLOCK.TRIAL.DRIFT_CORRECT
369568.838 DISPLAY_TEXT BLOCK.TRIAL.RECORDING.DISPLAY_TEXT (BEGIN) 
369593.465 DISPLAY_TEXT BLOCK.TRIAL.RECORDING.DISPLAY_TEXT
387712.041 KEYBOARD_TEXT BLOCK.TRIAL.RECORDING.KEYBOARD_TEXT
387712.609 SET_SENTENCE_RT BLOCK.TRIAL.RECORDING.SET_SENTENCE_RT
387712.736 CHECK_QUESTION BLOCK.TRIAL.RECORDING.CHECK_QUESTION_TRUE
387714.657 DISPLAY_BLANK BLOCK.TRIAL.RECORDING.DISPLAY_BLANK (BEGIN) 
387717.604 DISPLAY_BLANK BLOCK.TRIAL.RECORDING.DISPLAY_BLANK
387718.397 ADD_TO_RESULTS_FILE BLOCK.TRIAL.RECORDING.ADD_TO_RESULTS_FILE
387803.137 SetValueAction 
387803.173 SetValueAction 
387803.202 SetValueAction 
387803.229 SetValueAction 
387803.257 SetValueAction 
387803.284 SetValueAction 
387803.619 CHECK_NEW_BLOCK BLOCK.TRIAL.CHECK_NEW_BLOCK_TRUE
387803.968 RESET_VARS BLOCK.TRIAL.RESET_VARS
388172.161 PREPARE_SEQUENCE BLOCK.TRIAL.PREPARE_SEQUENCE
389135.784 DRIFT_CORRECT BLOCK.TRIAL.DRIFT_CORRECT
389255.937 DISPLAY_TEXT BLOCK.TRIAL.RECORDING.DISPLAY_TEXT (BEGIN) 
389271.421 DISPLAY_TEXT BLOCK.TRIAL.RECORDING.DISPLAY_TEXT
403936.256 TRACKER_TIME 5 4883695.323
403936.391 KEYBOARD_TEXT BLOCK.TRIAL.RECORDING.KEYBOARD_TEXT
403937.052 SET_SENTENCE_RT BLOCK.TRIAL.RECORDING.SET_SENTENCE_RT
403937.153 CHECK_QUESTION BLOCK.TRIAL.RECORDING.CHECK_QUESTION_TRUE
403939.118 DISPLAY_BLANK BLOCK.TRIAL.RECORDING.DISPLAY_BLANK (BEGIN) 
403946.462 DISPLAY_BLANK BLOCK.TRIAL.RECORDING.DISPLAY_BLANK
403947.405 ADD_TO_RESULTS_FILE BLOCK.TRIAL.RECORDING.ADD_TO_RESULTS_FILE
404033.100 SetValueAction 
404033.137 SetValueAction 
404033.165 SetValueAction 
404033.195 SetValueAction 
404033.222 SetValueAction 
404033.249 SetValueAction 
404033.615 CHECK_NEW_BLOCK BLOCK.TRIAL.CHECK_NEW_BLOCK_TRUE
404033.947 RESET_VARS BLOCK.TRIAL.RESET_VARS
404423.309 PREPARE_SEQUENCE BLOCK.TRIAL.PREPARE_SEQUENCE
405452.197 DRIFT_CORRECT BLOCK.TRIAL.DRIFT_CORRECT
405567.293 DISPLAY_TEXT BLOCK.TRIAL.RECORDING.DISPLAY_TEXT (BEGIN) 
405583.387 DISPLAY_TEXT BLOCK.TRIAL.RECORDING.DISPLAY_TEXT
420083.514 KEYBOARD_TEXT BLOCK.TRIAL.RECORDING.KEYBOARD_TEXT
420084.167 SET_SENTENCE_RT BLOCK.TRIAL.RECORDING.SET_SENTENCE_RT
420084.340 CHECK_QUESTION BLOCK.TRIAL.RECORDING.CHECK_QUESTION_FALSE
420087.274 DISPLAY_QUESTION BLOCK.TRIAL.RECORDING.DISPLAY_QUESTION (BEGIN) 
420092.019 DISPLAY_QUESTION BLOCK.TRIAL.RECORDING.DISPLAY_QUESTION
424836.998 KEYBOARD_QUESTION BLOCK.TRIAL.RECORDING.KEYBOARD_QUESTION
424837.305 CHECK_RESPONSE_BUTTON BLOCK.TRIAL.RECORDING.CHECK_RESPONSE_BUTTON_TRUE
424837.765 SET_VARS_CORRECT BLOCK.TRIAL.RECORDING.SET_VARS_CORRECT
424841.636 DISPLAY_BLANK BLOCK.TRIAL.RECORDING.DISPLAY_BLANK (BEGIN) 
424857.398 DISPLAY_BLANK BLOCK.TRIAL.RECORDING.DISPLAY_BLANK
424858.053 ADD_TO_RESULTS_FILE BLOCK.TRIAL.RECORDING.ADD_TO_RESULTS_FILE
424943.105 SetValueAction 
424943.141 SetValueAction 
424943.170 SetValueAction 
424943.200 SetValueAction 
424943.238 SetValueAction 
424943.265 SetValueAction 
424943.612 CHECK_NEW_BLOCK BLOCK.TRIAL.CHECK_NEW_BLOCK_TRUE
424943.905 RESET_VARS BLOCK.TRIAL.RESET_VARS
425359.674 PREPARE_SEQUENCE BLOCK.TRIAL.PREPARE_SEQUENCE
427124.383 DRIFT_CORRECT BLOCK.TRIAL.DRIFT_CORRECT
427241.632 DISPLAY_TEXT BLOCK.TRIAL.RECORDING.DISPLAY_TEXT (BEGIN) 
427259.530 DISPLAY_TEXT BLOCK.TRIAL.RECORDING.DISPLAY_TEXT
447800.181 KEYBOARD_TEXT BLOCK.TRIAL.RECORDING.KEYBOARD_TEXT
447801.000 SET_SENTENCE_RT BLOCK.TRIAL.RECORDING.SET_SENTENCE_RT
447801.150 CHECK_QUESTION BLOCK.TRIAL.RECORDING.CHECK_QUESTION_FALSE
447804.229 DISPLAY_QUESTION BLOCK.TRIAL.RECORDING.DISPLAY_QUESTION (BEGIN) 
447817.356 DISPLAY_QUESTION BLOCK.TRIAL.RECORDING.DISPLAY_QUESTION
454454.154 KEYBOARD_QUESTION BLOCK.TRIAL.RECORDING.KEYBOARD_QUESTION
454454.462 CHECK_RESPONSE_BUTTON BLOCK.TRIAL.RECORDING.CHECK_RESPONSE_BUTTON_TRUE
454455.133 SET_VARS_CORRECT BLOCK.TRIAL.RECORDING.SET_VARS_CORRECT
454456.833 DISPLAY_BLANK BLOCK.TRIAL.RECORDING.DISPLAY_BLANK (BEGIN) 
454465.222 DISPLAY_BLANK BLOCK.TRIAL.RECORDING.DISPLAY_BLANK
454465.918 ADD_TO_RESULTS_FILE BLOCK.TRIAL.RECORDING.ADD_TO_RESULTS_FILE
454552.093 SetValueAction 
454552.127 SetValueAction 
454552.156 SetValueAction 
454552.183 SetValueAction 
454552.210 SetValueAction 
454552.236 SetValueAction 
454552.652 CHECK_NEW_BLOCK BLOCK.TRIAL.CHECK_NEW_BLOCK_TRUE
454552.987 RESET_VARS BLOCK.TRIAL.RESET_VARS
454942.124 PREPARE_SEQUENCE BLOCK.TRIAL.PREPARE_SEQUENCE
456855.026 DRIFT_CORRECT BLOCK.TRIAL.DRIFT_CORRECT
456972.029 DISPLAY_TEXT BLOCK.TRIAL.RECORDING.DISPLAY_TEXT (BEGIN) 
456984.739 DISPLAY_TEXT BLOCK.TRIAL.RECORDING.DISPLAY_TEXT
476808.319 TRACKER_TIME 6 4956565.830
476808.466 KEYBOARD_TEXT BLOCK.TRIAL.RECORDING.KEYBOARD_TEXT
476809.077 SET_SENTENCE_RT BLOCK.TRIAL.RECORDING.SET_SENTENCE_RT
476809.164 CHECK_QUESTION BLOCK.TRIAL.RECORDING.CHECK_QUESTION_TRUE
476810.983 DISPLAY_BLANK BLOCK.TRIAL.RECORDING.DISPLAY_BLANK (BEGIN) 
476825.680 DISPLAY_BLANK BLOCK.TRIAL.RECORDING.DISPLAY_BLANK
476826.234 ADD_TO_RESULTS_FILE BLOCK.TRIAL.RECORDING.ADD_TO_RESULTS_FILE
476911.105 SetValueAction 
476911.143 SetValueAction 
476911.174 SetValueAction 
476911.217 SetValueAction 
476911.244 SetValueAction 
476911.271 SetValueAction 
476911.649 CHECK_NEW_BLOCK BLOCK.TRIAL.CHECK_NEW_BLOCK_TRUE
476911.975 RESET_VARS BLOCK.TRIAL.RESET_VARS
477308.319 PREPARE_SEQUENCE BLOCK.TRIAL.PREPARE_SEQUENCE
478375.714 DRIFT_CORRECT BLOCK.TRIAL.DRIFT_CORRECT
478499.857 DISPLAY_TEXT BLOCK.TRIAL.RECORDING.DISPLAY_TEXT (BEGIN) 
478518.227 DISPLAY_TEXT BLOCK.TRIAL.RECORDING.DISPLAY_TEXT
501207.586 KEYBOARD_TEXT BLOCK.TRIAL.RECORDING.KEYBOARD_TEXT
501208.271 SET_SENTENCE_RT BLOCK.TRIAL.RECORDING.SET_SENTENCE_RT
501208.404 CHECK_QUESTION BLOCK.TRIAL.RECORDING.CHECK_QUESTION_FALSE
501211.395 DISPLAY_QUESTION BLOCK.TRIAL.RECORDING.DISPLAY_QUESTION (BEGIN) 
501218.286 DISPLAY_QUESTION BLOCK.TRIAL.RECORDING.DISPLAY_QUESTION
505355.355 KEYBOARD_QUESTION BLOCK.TRIAL.RECORDING.KEYBOARD_QUESTION
505355.573 CHECK_RESPONSE_BUTTON BLOCK.TRIAL.RECORDING.CHECK_RESPONSE_BUTTON_TRUE
505356.175 SET_VARS_CORRECT BLOCK.TRIAL.RECORDING.SET_VARS_CORRECT
505358.063 DISPLAY_BLANK BLOCK.TRIAL.RECORDING.DISPLAY_BLANK (BEGIN) 
505367.204 DISPLAY_BLANK BLOCK.TRIAL.RECORDING.DISPLAY_BLANK
505367.921 ADD_TO_RESULTS_FILE BLOCK.TRIAL.RECORDING.ADD_TO_RESULTS_FILE
505454.135 SetValueAction 
505454.186 SetValueAction 
505454.221 SetValueAction 
505454.253 SetValueAction 
505454.285 SetValueAction 
505454.318 SetValueAction 
505454.679 CHECK_NEW_BLOCK BLOCK.TRIAL.CHECK_NEW_BLOCK_TRUE
505454.976 RESET_VARS BLOCK.TRIAL.RESET_VARS
505851.053 PREPARE_SEQUENCE BLOCK.TRIAL.PREPARE_SEQUENCE
506942.216 DRIFT_CORRECT BLOCK.TRIAL.DRIFT_CORRECT
507059.942 DISPLAY_TEXT BLOCK.TRIAL.RECORDING.DISPLAY_TEXT (BEGIN) 
507077.838 DISPLAY_TEXT BLOCK.TRIAL.RECORDING.DISPLAY_TEXT
530397.216 KEYBOARD_TEXT BLOCK.TRIAL.RECORDING.KEYBOARD_TEXT
530397.902 SET_SENTENCE_RT BLOCK.TRIAL.RECORDING.SET_SENTENCE_RT
530397.989 CHECK_QUESTION BLOCK.TRIAL.RECORDING.CHECK_QUESTION_TRUE
530399.817 DISPLAY_BLANK BLOCK.TRIAL.RECORDING.DISPLAY_BLANK (BEGIN) 
530410.029 DISPLAY_BLANK BLOCK.TRIAL.RECORDING.DISPLAY_BLANK
530410.736 ADD_TO_RESULTS_FILE BLOCK.TRIAL.RECORDING.ADD_TO_RESULTS_FILE
530495.117 SetValueAction 
530495.206 SetValueAction 
530495.237 SetValueAction 
530495.265 SetValueAction 
530495.293 SetValueAction 
530495.321 SetValueAction 
530495.689 CHECK_NEW_BLOCK BLOCK.TRIAL.CHECK_NEW_BLOCK_TRUE
530496.033 RESET_VARS BLOCK.TRIAL.RESET_VARS
530885.609 PREPARE_SEQUENCE BLOCK.TRIAL.PREPARE_SEQUENCE
532071.486 DRIFT_CORRECT BLOCK.TRIAL.DRIFT_CORRECT
532186.868 DISPLAY_TEXT BLOCK.TRIAL.RECORDING.DISPLAY_TEXT (BEGIN) 
532211.488 DISPLAY_TEXT BLOCK.TRIAL.RECORDING.DISPLAY_TEXT
566249.960 TRACKER_TIME 7 5046005.462
566250.107 KEYBOARD_TEXT BLOCK.TRIAL.RECORDING.KEYBOARD_TEXT
566250.693 SET_SENTENCE_RT BLOCK.TRIAL.RECORDING.SET_SENTENCE_RT
566250.775 CHECK_QUESTION BLOCK.TRIAL.RECORDING.CHECK_QUESTION_TRUE
566252.774 DISPLAY_BLANK BLOCK.TRIAL.RECORDING.DISPLAY_BLANK (BEGIN) 
566266.461 DISPLAY_BLANK BLOCK.TRIAL.RECORDING.DISPLAY_BLANK
566267.079 ADD_TO_RESULTS_FILE BLOCK.TRIAL.RECORDING.ADD_TO_RESULTS_FILE
566352.103 SetValueAction 
566352.140 SetValueAction 
566352.170 SetValueAction 
566352.198 SetValueAction 
566352.226 SetValueAction 
566352.254 SetValueAction 
566352.646 CHECK_NEW_BLOCK BLOCK.TRIAL.CHECK_NEW_BLOCK_TRUE
566352.974 RESET_VARS BLOCK.TRIAL.RESET_VARS
566775.220 PREPARE_SEQUENCE BLOCK.TRIAL.PREPARE_SEQUENCE
569554.429 DRIFT_CORRECT BLOCK.TRIAL.DRIFT_CORRECT
569676.920 DISPLAY_TEXT BLOCK.TRIAL.RECORDING.DISPLAY_TEXT (BEGIN) 
569697.460 DISPLAY_TEXT BLOCK.TRIAL.RECORDING.DISPLAY_TEXT
608857.119 KEYBOARD_TEXT BLOCK.TRIAL.RECORDING.KEYBOARD_TEXT
608857.649 SET_SENTENCE_RT BLOCK.TRIAL.RECORDING.SET_SENTENCE_RT
608857.714 CHECK_QUESTION BLOCK.TRIAL.RECORDING.CHECK_QUESTION_TRUE
608859.643 DISPLAY_BLANK BLOCK.TRIAL.RECORDING.DISPLAY_BLANK (BEGIN) 
608870.643 DISPLAY_BLANK BLOCK.TRIAL.RECORDING.DISPLAY_BLANK
608871.242 ADD_TO_RESULTS_FILE BLOCK.TRIAL.RECORDING.ADD_TO_RESULTS_FILE
608956.102 SetValueAction 
608956.137 SetValueAction 
608956.167 SetValueAction 
608956.194 SetValueAction 
608956.221 SetValueAction 
608956.248 SetValueAction 
608956.590 CHECK_NEW_BLOCK BLOCK.TRIAL.CHECK_NEW_BLOCK_TRUE
608956.912 RESET_VARS BLOCK.TRIAL.RESET_VARS
609363.837 PREPARE_SEQUENCE BLOCK.TRIAL.PREPARE_SEQUENCE
610227.195 DRIFT_CORRECT BLOCK.TRIAL.DRIFT_CORRECT
610343.898 DISPLAY_TEXT BLOCK.TRIAL.RECORDING.DISPLAY_TEXT (BEGIN) 
610359.728 DISPLAY_TEXT BLOCK.TRIAL.RECORDING.DISPLAY_TEXT
628637.279 TRACKER_TIME 8 5108391.472
628637.376 KEYBOARD_TEXT BLOCK.TRIAL.RECORDING.KEYBOARD_TEXT
628638.061 SET_SENTENCE_RT BLOCK.TRIAL.RECORDING.SET_SENTENCE_RT
628638.220 CHECK_QUESTION BLOCK.TRIAL.RECORDING.CHECK_QUESTION_TRUE
628639.946 DISPLAY_BLANK BLOCK.TRIAL.RECORDING.DISPLAY_BLANK (BEGIN) 
628648.194 DISPLAY_BLANK BLOCK.TRIAL.RECORDING.DISPLAY_BLANK
628648.890 ADD_TO_RESULTS_FILE BLOCK.TRIAL.RECORDING.ADD_TO_RESULTS_FILE
628733.185 SetValueAction 
628733.258 SetValueAction 
628733.321 SetValueAction 
628733.379 SetValueAction 
628733.446 SetValueAction 
628733.504 SetValueAction 
628734.122 CHECK_NEW_BLOCK BLOCK.TRIAL.CHECK_NEW_BLOCK_TRUE
628734.695 RESET_VARS BLOCK.TRIAL.RESET_VARS
629139.905 PREPARE_SEQUENCE BLOCK.TRIAL.PREPARE_SEQUENCE
631349.399 DRIFT_CORRECT BLOCK.TRIAL.DRIFT_CORRECT
631472.848 DISPLAY_TEXT BLOCK.TRIAL.RECORDING.DISPLAY_TEXT (BEGIN) 
631502.194 DISPLAY_TEXT BLOCK.TRIAL.RECORDING.DISPLAY_TEXT
654920.610 KEYBOARD_TEXT BLOCK.TRIAL.RECORDING.KEYBOARD_TEXT
654921.194 SET_SENTENCE_RT BLOCK.TRIAL.RECORDING.SET_SENTENCE_RT
654921.296 CHECK_QUESTION BLOCK.TRIAL.RECORDING.CHECK_QUESTION_TRUE
654925.637 DISPLAY_BLANK BLOCK.TRIAL.RECORDING.DISPLAY_BLANK (BEGIN) 
654940.858 DISPLAY_BLANK BLOCK.TRIAL.RECORDING.DISPLAY_BLANK
654941.547 ADD_TO_RESULTS_FILE BLOCK.TRIAL.RECORDING.ADD_TO_RESULTS_FILE
655026.117 SetValueAction 
655026.161 SetValueAction 
655026.196 SetValueAction 
655026.230 SetValueAction 
655026.263 SetValueAction 
655026.297 SetValueAction 
655026.710 CHECK_NEW_BLOCK BLOCK.TRIAL.CHECK_NEW_BLOCK_TRUE
655027.055 RESET_VARS BLOCK.TRIAL.RESET_VARS
655443.950 PREPARE_SEQUENCE BLOCK.TRIAL.PREPARE_SEQUENCE
657451.117 DRIFT_CORRECT BLOCK.TRIAL.DRIFT_CORRECT
657566.146 DISPLAY_TEXT BLOCK.TRIAL.RECORDING.DISPLAY_TEXT (BEGIN) 
657592.522 DISPLAY_TEXT BLOCK.TRIAL.RECORDING.DISPLAY_TEXT
684482.595 KEYBOARD_TEXT BLOCK.TRIAL.RECORDING.KEYBOARD_TEXT
684483.237 SET_SENTENCE_RT BLOCK.TRIAL.RECORDING.SET_SENTENCE_RT
684483.327 CHECK_QUESTION BLOCK.TRIAL.RECORDING.CHECK_QUESTION_TRUE
684485.137 DISPLAY_BLANK BLOCK.TRIAL.RECORDING.DISPLAY_BLANK (BEGIN) 
684498.975 DISPLAY_BLANK BLOCK.TRIAL.RECORDING.DISPLAY_BLANK
684499.578 ADD_TO_RESULTS_FILE BLOCK.TRIAL.RECORDING.ADD_TO_RESULTS_FILE
684586.117 SetValueAction 
684586.152 SetValueAction 
684586.181 SetValueAction 
684586.207 SetValueAction 
684586.235 SetValueAction 
684586.262 SetValueAction 
684586.628 CHECK_NEW_BLOCK BLOCK.TRIAL.CHECK_NEW_BLOCK_TRUE
684586.908 RESET_VARS BLOCK.TRIAL.RESET_VARS
684984.312 PREPARE_SEQUENCE BLOCK.TRIAL.PREPARE_SEQUENCE
687734.121 DRIFT_CORRECT BLOCK.TRIAL.DRIFT_CORRECT
687851.138 DISPLAY_TEXT BLOCK.TRIAL.RECORDING.DISPLAY_TEXT (BEGIN) 
687876.005 DISPLAY_TEXT BLOCK.TRIAL.RECORDING.DISPLAY_TEXT
707729.340 TRACKER_TIME 9 5187481.754
707729.458 KEYBOARD_TEXT BLOCK.TRIAL.RECORDING.KEYBOARD_TEXT
707729.950 SET_SENTENCE_RT BLOCK.TRIAL.RECORDING.SET_SENTENCE_RT
707730.051 CHECK_QUESTION BLOCK.TRIAL.RECORDING.CHECK_QUESTION_FALSE
707733.115 DISPLAY_QUESTION BLOCK.TRIAL.RECORDING.DISPLAY_QUESTION (BEGIN) 
707741.972 DISPLAY_QUESTION BLOCK.TRIAL.RECORDING.DISPLAY_QUESTION
716310.028 KEYBOARD_QUESTION BLOCK.TRIAL.RECORDING.KEYBOARD_QUESTION
716310.272 CHECK_RESPONSE_BUTTON BLOCK.TRIAL.RECORDING.CHECK_RESPONSE_BUTTON_TRUE
716310.857 SET_VARS_CORRECT BLOCK.TRIAL.RECORDING.SET_VARS_CORRECT
716312.725 DISPLAY_BLANK BLOCK.TRIAL.RECORDING.DISPLAY_BLANK (BEGIN) 
716322.889 DISPLAY_BLANK BLOCK.TRIAL.RECORDING.DISPLAY_BLANK
716323.555 ADD_TO_RESULTS_FILE BLOCK.TRIAL.RECORDING.ADD_TO_RESULTS_FILE
716408.137 SetValueAction 
716408.173 SetValueAction 
716408.202 SetValueAction 
716408.229 SetValueAction 
716408.256 SetValueAction 
716408.283 SetValueAction 
716408.667 CHECK_NEW_BLOCK BLOCK.TRIAL.CHECK_NEW_BLOCK_TRUE
716408.998 RESET_VARS BLOCK.TRIAL.RESET_VARS
716821.813 PREPARE_SEQUENCE BLOCK.TRIAL.PREPARE_SEQUENCE
719279.827 DRIFT_CORRECT BLOCK.TRIAL.DRIFT_CORRECT
719394.177 DISPLAY_TEXT BLOCK.TRIAL.RECORDING.DISPLAY_TEXT (BEGIN) 
719405.381 DISPLAY_TEXT BLOCK.TRIAL.RECORDING.DISPLAY_TEXT
725471.586 KEYBOARD_TEXT BLOCK.TRIAL.RECORDING.KEYBOARD_TEXT
725472.150 SET_SENTENCE_RT BLOCK.TRIAL.RECORDING.SET_SENTENCE_RT
725472.217 CHECK_QUESTION BLOCK.TRIAL.RECORDING.CHECK_QUESTION_TRUE
725474.072 DISPLAY_BLANK BLOCK.TRIAL.RECORDING.DISPLAY_BLANK (BEGIN) 
725487.080 DISPLAY_BLANK BLOCK.TRIAL.RECORDING.DISPLAY_BLANK
725487.726 ADD_TO_RESULTS_FILE BLOCK.TRIAL.RECORDING.ADD_TO_RESULTS_FILE
725574.123 SetValueAction 
725574.159 SetValueAction 
725574.188 SetValueAction 
725574.216 SetValueAction 
725574.245 SetValueAction 
725574.272 SetValueAction 
725574.611 CHECK_NEW_BLOCK BLOCK.TRIAL.CHECK_NEW_BLOCK_TRUE
725574.901 RESET_VARS BLOCK.TRIAL.RESET_VARS
725958.169 PREPARE_SEQUENCE BLOCK.TRIAL.PREPARE_SEQUENCE
727023.712 DRIFT_CORRECT BLOCK.TRIAL.DRIFT_CORRECT
727143.047 DISPLAY_TEXT BLOCK.TRIAL.RECORDING.DISPLAY_TEXT (BEGIN) 
727175.250 DISPLAY_TEXT BLOCK.TRIAL.RECORDING.DISPLAY_TEXT
743874.483 KEYBOARD_TEXT BLOCK.TRIAL.RECORDING.KEYBOARD_TEXT
743875.020 SET_SENTENCE_RT BLOCK.TRIAL.RECORDING.SET_SENTENCE_RT
743875.090 CHECK_QUESTION BLOCK.TRIAL.RECORDING.CHECK_QUESTION_TRUE
743877.109 DISPLAY_BLANK BLOCK.TRIAL.RECORDING.DISPLAY_BLANK (BEGIN) 
743881.333 DISPLAY_BLANK BLOCK.TRIAL.RECORDING.DISPLAY_BLANK
743881.960 ADD_TO_RESULTS_FILE BLOCK.TRIAL.RECORDING.ADD_TO_RESULTS_FILE
743967.101 SetValueAction 
743967.136 SetValueAction 
743967.165 SetValueAction 
743967.192 SetValueAction 
743967.219 SetValueAction 
743967.246 SetValueAction 
743967.589 CHECK_NEW_BLOCK BLOCK.TRIAL.CHECK_NEW_BLOCK_TRUE
743967.958 RESET_VARS BLOCK.TRIAL.RESET_VARS
744364.516 PREPARE_SEQUENCE BLOCK.TRIAL.PREPARE_SEQUENCE
745172.653 DRIFT_CORRECT BLOCK.TRIAL.DRIFT_CORRECT
745287.884 DISPLAY_TEXT BLOCK.TRIAL.RECORDING.DISPLAY_TEXT (BEGIN) 
745306.230 DISPLAY_TEXT BLOCK.TRIAL.RECORDING.DISPLAY_TEXT
766441.766 KEYBOARD_TEXT BLOCK.TRIAL.RECORDING.KEYBOARD_TEXT
766442.453 SET_SENTENCE_RT BLOCK.TRIAL.RECORDING.SET_SENTENCE_RT
766442.551 CHECK_QUESTION BLOCK.TRIAL.RECORDING.CHECK_QUESTION_TRUE
766444.482 DISPLAY_BLANK BLOCK.TRIAL.RECORDING.DISPLAY_BLANK (BEGIN) 
766458.589 DISPLAY_BLANK BLOCK.TRIAL.RECORDING.DISPLAY_BLANK
766459.314 ADD_TO_RESULTS_FILE BLOCK.TRIAL.RECORDING.ADD_TO_RESULTS_FILE
766544.098 SetValueAction 
766544.134 SetValueAction 
766544.163 SetValueAction 
766544.190 SetValueAction 
766544.217 SetValueAction 
766544.244 SetValueAction 
766544.622 CHECK_NEW_BLOCK BLOCK.TRIAL.CHECK_NEW_BLOCK_TRUE
766544.955 RESET_VARS BLOCK.TRIAL.RESET_VARS
766984.963 PREPARE_SEQUENCE BLOCK.TRIAL.PREPARE_SEQUENCE
769136.711 TRACKER_TIME 10 5248887.759
769136.917 DRIFT_CORRECT BLOCK.TRIAL.DRIFT_CORRECT
769258.665 DISPLAY_TEXT BLOCK.TRIAL.RECORDING.DISPLAY_TEXT (BEGIN) 
769278.932 DISPLAY_TEXT BLOCK.TRIAL.RECORDING.DISPLAY_TEXT
793023.038 KEYBOARD_TEXT BLOCK.TRIAL.RECORDING.KEYBOARD_TEXT
793023.591 SET_SENTENCE_RT BLOCK.TRIAL.RECORDING.SET_SENTENCE_RT
793023.671 CHECK_QUESTION BLOCK.TRIAL.RECORDING.CHECK_QUESTION_TRUE
793025.608 DISPLAY_BLANK BLOCK.TRIAL.RECORDING.DISPLAY_BLANK (BEGIN) 
793033.952 DISPLAY_BLANK BLOCK.TRIAL.RECORDING.DISPLAY_BLANK
793034.771 ADD_TO_RESULTS_FILE BLOCK.TRIAL.RECORDING.ADD_TO_RESULTS_FILE
793119.100 SetValueAction 
793119.135 SetValueAction 
793119.165 SetValueAction 
793119.191 SetValueAction 
793119.219 SetValueAction 
793119.247 SetValueAction 
793119.609 CHECK_NEW_BLOCK BLOCK.TRIAL.CHECK_NEW_BLOCK_TRUE
793119.920 RESET_VARS BLOCK.TRIAL.RESET_VARS
793527.641 PREPARE_SEQUENCE BLOCK.TRIAL.PREPARE_SEQUENCE
794544.813 DRIFT_CORRECT BLOCK.TRIAL.DRIFT_CORRECT
794658.845 DISPLAY_TEXT BLOCK.TRIAL.RECORDING.DISPLAY_TEXT (BEGIN) 
794669.536 DISPLAY_TEXT BLOCK.TRIAL.RECORDING.DISPLAY_TEXT
802265.495 KEYBOARD_TEXT BLOCK.TRIAL.RECORDING.KEYBOARD_TEXT
802266.081 SET_SENTENCE_RT BLOCK.TRIAL.RECORDING.SET_SENTENCE_RT
802266.163 CHECK_QUESTION BLOCK.TRIAL.RECORDING.CHECK_QUESTION_TRUE
802268.156 DISPLAY_BLANK BLOCK.TRIAL.RECORDING.DISPLAY_BLANK (BEGIN) 
802281.541 DISPLAY_BLANK BLOCK.TRIAL.RECORDING.DISPLAY_BLANK
802282.127 ADD_TO_RESULTS_FILE BLOCK.TRIAL.RECORDING.ADD_TO_RESULTS_FILE
802367.184 SetValueAction 
802367.220 SetValueAction 
802367.251 SetValueAction 
802367.279 SetValueAction 
802367.308 SetValueAction 
802367.335 SetValueAction 
802367.713 CHECK_NEW_BLOCK BLOCK.TRIAL.CHECK_NEW_BLOCK_TRUE
802368.040 RESET_VARS BLOCK.TRIAL.RESET_VARS
802778.168 PREPARE_SEQUENCE BLOCK.TRIAL.PREPARE_SEQUENCE
803987.280 DRIFT_CORRECT BLOCK.TRIAL.DRIFT_CORRECT
804105.965 DISPLAY_TEXT BLOCK.TRIAL.RECORDING.DISPLAY_TEXT (BEGIN) 
804130.138 DISPLAY_TEXT BLOCK.TRIAL.RECORDING.DISPLAY_TEXT
841622.942 TRACKER_TIME 11 5321372.455
841623.108 KEYBOARD_TEXT BLOCK.TRIAL.RECORDING.KEYBOARD_TEXT
841623.729 SET_SENTENCE_RT BLOCK.TRIAL.RECORDING.SET_SENTENCE_RT
841623.801 CHECK_QUESTION BLOCK.TRIAL.RECORDING.CHECK_QUESTION_TRUE
841625.584 DISPLAY_BLANK BLOCK.TRIAL.RECORDING.DISPLAY_BLANK (BEGIN) 
841636.687 DISPLAY_BLANK BLOCK.TRIAL.RECORDING.DISPLAY_BLANK
841637.362 ADD_TO_RESULTS_FILE BLOCK.TRIAL.RECORDING.ADD_TO_RESULTS_FILE
841722.100 SetValueAction 
841722.136 SetValueAction 
841722.165 SetValueAction 
841722.192 SetValueAction 
841722.219 SetValueAction 
841722.246 SetValueAction 
841722.637 CHECK_NEW_BLOCK BLOCK.TRIAL.CHECK_NEW_BLOCK_TRUE
841722.915 RESET_VARS BLOCK.TRIAL.RESET_VARS
842100.075 PREPARE_SEQUENCE BLOCK.TRIAL.PREPARE_SEQUENCE
844292.255 DRIFT_CORRECT BLOCK.TRIAL.DRIFT_CORRECT
844414.986 DISPLAY_TEXT BLOCK.TRIAL.RECORDING.DISPLAY_TEXT (BEGIN) 
844445.400 DISPLAY_TEXT BLOCK.TRIAL.RECORDING.DISPLAY_TEXT
868540.962 KEYBOARD_TEXT BLOCK.TRIAL.RECORDING.KEYBOARD_TEXT
868541.606 SET_SENTENCE_RT BLOCK.TRIAL.RECORDING.SET_SENTENCE_RT
868541.758 CHECK_QUESTION BLOCK.TRIAL.RECORDING.CHECK_QUESTION_TRUE
868546.636 DISPLAY_BLANK BLOCK.TRIAL.RECORDING.DISPLAY_BLANK (BEGIN) 
868562.519 DISPLAY_BLANK BLOCK.TRIAL.RECORDING.DISPLAY_BLANK
868563.199 ADD_TO_RESULTS_FILE BLOCK.TRIAL.RECORDING.ADD_TO_RESULTS_FILE
868650.094 SetValueAction 
868650.129 SetValueAction 
868650.157 SetValueAction 
868650.183 SetValueAction 
868650.211 SetValueAction 
868650.238 SetValueAction 
868650.580 CHECK_NEW_BLOCK BLOCK.TRIAL.CHECK_NEW_BLOCK_TRUE
868650.899 RESET_VARS BLOCK.TRIAL.RESET_VARS
869028.932 PREPARE_SEQUENCE BLOCK.TRIAL.PREPARE_SEQUENCE
870030.726 DRIFT_CORRECT BLOCK.TRIAL.DRIFT_CORRECT
870148.976 DISPLAY_TEXT BLOCK.TRIAL.RECORDING.DISPLAY_TEXT (BEGIN) 
870179.574 DISPLAY_TEXT BLOCK.TRIAL.RECORDING.DISPLAY_TEXT
914089.399 TRACKER_TIME 12 5393837.324
914089.513 KEYBOARD_TEXT BLOCK.TRIAL.RECORDING.KEYBOARD_TEXT
914090.013 SET_SENTENCE_RT BLOCK.TRIAL.RECORDING.SET_SENTENCE_RT
914090.077 CHECK_QUESTION BLOCK.TRIAL.RECORDING.CHECK_QUESTION_TRUE
914091.943 DISPLAY_BLANK BLOCK.TRIAL.RECORDING.DISPLAY_BLANK (BEGIN) 
914098.915 DISPLAY_BLANK BLOCK.TRIAL.RECORDING.DISPLAY_BLANK
914099.760 ADD_TO_RESULTS_FILE BLOCK.TRIAL.RECORDING.ADD_TO_RESULTS_FILE
914186.112 SetValueAction 
914186.147 SetValueAction 
914186.176 SetValueAction 
914186.203 SetValueAction 
914186.230 SetValueAction 
914186.257 SetValueAction 
914186.608 CHECK_NEW_BLOCK BLOCK.TRIAL.CHECK_NEW_BLOCK_TRUE
914186.939 RESET_VARS BLOCK.TRIAL.RESET_VARS
914588.148 PREPARE_SEQUENCE BLOCK.TRIAL.PREPARE_SEQUENCE
918344.996 DRIFT_CORRECT BLOCK.TRIAL.DRIFT_CORRECT
918460.126 DISPLAY_TEXT BLOCK.TRIAL.RECORDING.DISPLAY_TEXT (BEGIN) 
918476.149 DISPLAY_TEXT BLOCK.TRIAL.RECORDING.DISPLAY_TEXT
933336.042 KEYBOARD_TEXT BLOCK.TRIAL.RECORDING.KEYBOARD_TEXT
933336.705 SET_SENTENCE_RT BLOCK.TRIAL.RECORDING.SET_SENTENCE_RT
933336.804 CHECK_QUESTION BLOCK.TRIAL.RECORDING.CHECK_QUESTION_TRUE
933338.500 DISPLAY_BLANK BLOCK.TRIAL.RECORDING.DISPLAY_BLANK (BEGIN) 
933343.270 DISPLAY_BLANK BLOCK.TRIAL.RECORDING.DISPLAY_BLANK
933344.031 ADD_TO_RESULTS_FILE BLOCK.TRIAL.RECORDING.ADD_TO_RESULTS_FILE
933430.110 SetValueAction 
933430.147 SetValueAction 
933430.178 SetValueAction 
933430.206 SetValueAction 
933430.234 SetValueAction 
933430.261 SetValueAction 
933430.687 CHECK_NEW_BLOCK BLOCK.TRIAL.CHECK_NEW_BLOCK_TRUE
933431.048 RESET_VARS BLOCK.TRIAL.RESET_VARS
933791.330 PREPARE_SEQUENCE BLOCK.TRIAL.PREPARE_SEQUENCE
935799.717 DRIFT_CORRECT BLOCK.TRIAL.DRIFT_CORRECT
935914.021 DISPLAY_TEXT BLOCK.TRIAL.RECORDING.DISPLAY_TEXT (BEGIN) 
935939.632 DISPLAY_TEXT BLOCK.TRIAL.RECORDING.DISPLAY_TEXT
960267.696 KEYBOARD_TEXT BLOCK.TRIAL.RECORDING.KEYBOARD_TEXT
960268.213 SET_SENTENCE_RT BLOCK.TRIAL.RECORDING.SET_SENTENCE_RT
960268.323 CHECK_QUESTION BLOCK.TRIAL.RECORDING.CHECK_QUESTION_TRUE
960270.535 DISPLAY_BLANK BLOCK.TRIAL.RECORDING.DISPLAY_BLANK (BEGIN) 
960285.879 DISPLAY_BLANK BLOCK.TRIAL.RECORDING.DISPLAY_BLANK
960286.595 ADD_TO_RESULTS_FILE BLOCK.TRIAL.RECORDING.ADD_TO_RESULTS_FILE
960373.094 SetValueAction 
960373.129 SetValueAction 
960373.158 SetValueAction 
960373.186 SetValueAction 
960373.213 SetValueAction 
960373.240 SetValueAction 
960373.595 CHECK_NEW_BLOCK BLOCK.TRIAL.CHECK_NEW_BLOCK_TRUE
960373.977 RESET_VARS BLOCK.TRIAL.RESET_VARS
960797.648 PREPARE_SEQUENCE BLOCK.TRIAL.PREPARE_SEQUENCE
961938.834 DRIFT_CORRECT BLOCK.TRIAL.DRIFT_CORRECT
962054.386 DISPLAY_TEXT BLOCK.TRIAL.RECORDING.DISPLAY_TEXT (BEGIN) 
962073.787 DISPLAY_TEXT BLOCK.TRIAL.RECORDING.DISPLAY_TEXT
979661.091 TRACKER_TIME 13 5459407.622
979661.214 KEYBOARD_TEXT BLOCK.TRIAL.RECORDING.KEYBOARD_TEXT
979661.766 SET_SENTENCE_RT BLOCK.TRIAL.RECORDING.SET_SENTENCE_RT
979661.831 CHECK_QUESTION BLOCK.TRIAL.RECORDING.CHECK_QUESTION_TRUE
979663.770 DISPLAY_BLANK BLOCK.TRIAL.RECORDING.DISPLAY_BLANK (BEGIN) 
979680.321 DISPLAY_BLANK BLOCK.TRIAL.RECORDING.DISPLAY_BLANK
979680.845 ADD_TO_RESULTS_FILE BLOCK.TRIAL.RECORDING.ADD_TO_RESULTS_FILE
979765.099 SetValueAction 
979765.134 SetValueAction 
979765.162 SetValueAction 
979765.190 SetValueAction 
979765.217 SetValueAction 
979765.250 SetValueAction 
979765.622 CHECK_NEW_BLOCK BLOCK.TRIAL.CHECK_NEW_BLOCK_TRUE
979765.941 RESET_VARS BLOCK.TRIAL.RESET_VARS
980194.145 PREPARE_SEQUENCE BLOCK.TRIAL.PREPARE_SEQUENCE
981121.035 DRIFT_CORRECT BLOCK.TRIAL.DRIFT_CORRECT
981243.160 DISPLAY_TEXT BLOCK.TRIAL.RECORDING.DISPLAY_TEXT (BEGIN) 
981269.308 DISPLAY_TEXT BLOCK.TRIAL.RECORDING.DISPLAY_TEXT
1000362.106 KEYBOARD_TEXT BLOCK.TRIAL.RECORDING.KEYBOARD_TEXT
1000362.593 SET_SENTENCE_RT BLOCK.TRIAL.RECORDING.SET_SENTENCE_RT
1000362.776 CHECK_QUESTION BLOCK.TRIAL.RECORDING.CHECK_QUESTION_FALSE
1000365.632 DISPLAY_QUESTION BLOCK.TRIAL.RECORDING.DISPLAY_QUESTION (BEGIN) 
1000373.984 DISPLAY_QUESTION BLOCK.TRIAL.RECORDING.DISPLAY_QUESTION
1003359.572 KEYBOARD_QUESTION BLOCK.TRIAL.RECORDING.KEYBOARD_QUESTION
1003359.874 CHECK_RESPONSE_BUTTON BLOCK.TRIAL.RECORDING.CHECK_RESPONSE_BUTTON_TRUE
1003360.357 SET_VARS_CORRECT BLOCK.TRIAL.RECORDING.SET_VARS_CORRECT
1003362.054 DISPLAY_BLANK BLOCK.TRIAL.RECORDING.DISPLAY_BLANK (BEGIN) 
1003373.250 DISPLAY_BLANK BLOCK.TRIAL.RECORDING.DISPLAY_BLANK
1003373.951 ADD_TO_RESULTS_FILE BLOCK.TRIAL.RECORDING.ADD_TO_RESULTS_FILE
1003461.097 SetValueAction 
1003461.132 SetValueAction 
1003461.161 SetValueAction 
1003461.188 SetValueAction 
1003461.216 SetValueAction 
1003461.244 SetValueAction 
1003461.591 CHECK_NEW_BLOCK BLOCK.TRIAL.CHECK_NEW_BLOCK_TRUE
1003461.905 RESET_VARS BLOCK.TRIAL.RESET_VARS
1003837.651 PREPARE_SEQUENCE BLOCK.TRIAL.PREPARE_SEQUENCE
1005140.644 DRIFT_CORRECT BLOCK.TRIAL.DRIFT_CORRECT
1005257.657 DISPLAY_TEXT BLOCK.TRIAL.RECORDING.DISPLAY_TEXT (BEGIN) 
1005281.356 DISPLAY_TEXT BLOCK.TRIAL.RECORDING.DISPLAY_TEXT
1033203.551 KEYBOARD_TEXT BLOCK.TRIAL.RECORDING.KEYBOARD_TEXT
1033204.065 SET_SENTENCE_RT BLOCK.TRIAL.RECORDING.SET_SENTENCE_RT
1033204.183 CHECK_QUESTION BLOCK.TRIAL.RECORDING.CHECK_QUESTION_TRUE
1033206.055 DISPLAY_BLANK BLOCK.TRIAL.RECORDING.DISPLAY_BLANK (BEGIN) 
1033214.524 DISPLAY_BLANK BLOCK.TRIAL.RECORDING.DISPLAY_BLANK
1033215.170 ADD_TO_RESULTS_FILE BLOCK.TRIAL.RECORDING.ADD_TO_RESULTS_FILE
1033301.100 SetValueAction 
1033301.136 SetValueAction 
1033301.165 SetValueAction 
1033301.192 SetValueAction 
1033301.218 SetValueAction 
1033301.246 SetValueAction 
1033301.618 CHECK_NEW_BLOCK BLOCK.TRIAL.CHECK_NEW_BLOCK_TRUE
1033301.899 RESET_VARS BLOCK.TRIAL.RESET_VARS
1033714.105 PREPARE_SEQUENCE BLOCK.TRIAL.PREPARE_SEQUENCE
1034513.283 DRIFT_CORRECT BLOCK.TRIAL.DRIFT_CORRECT
1034630.898 DISPLAY_TEXT BLOCK.TRIAL.RECORDING.DISPLAY_TEXT (BEGIN) 
1034648.501 DISPLAY_TEXT BLOCK.TRIAL.RECORDING.DISPLAY_TEXT
1045861.756 TRACKER_TIME 14 5525606.783
1045861.857 KEYBOARD_TEXT BLOCK.TRIAL.RECORDING.KEYBOARD_TEXT
1045862.312 SET_SENTENCE_RT BLOCK.TRIAL.RECORDING.SET_SENTENCE_RT
1045862.403 CHECK_QUESTION BLOCK.TRIAL.RECORDING.CHECK_QUESTION_TRUE
1045864.337 DISPLAY_BLANK BLOCK.TRIAL.RECORDING.DISPLAY_BLANK (BEGIN) 
1045877.773 DISPLAY_BLANK BLOCK.TRIAL.RECORDING.DISPLAY_BLANK
1045878.342 ADD_TO_RESULTS_FILE BLOCK.TRIAL.RECORDING.ADD_TO_RESULTS_FILE
1045965.109 SetValueAction 
1045965.145 SetValueAction 
1045965.174 SetValueAction 
1045965.204 SetValueAction 
1045965.232 SetValueAction 
1045965.259 SetValueAction 
1045965.637 CHECK_NEW_BLOCK BLOCK.TRIAL.CHECK_NEW_BLOCK_TRUE
1045965.993 RESET_VARS BLOCK.TRIAL.RESET_VARS
1046370.137 PREPARE_SEQUENCE BLOCK.TRIAL.PREPARE_SEQUENCE
1047350.529 DRIFT_CORRECT BLOCK.TRIAL.DRIFT_CORRECT
1047470.055 DISPLAY_TEXT BLOCK.TRIAL.RECORDING.DISPLAY_TEXT (BEGIN) 
1047481.963 DISPLAY_TEXT BLOCK.TRIAL.RECORDING.DISPLAY_TEXT
1059795.286 KEYBOARD_TEXT BLOCK.TRIAL.RECORDING.KEYBOARD_TEXT
1059795.849 SET_SENTENCE_RT BLOCK.TRIAL.RECORDING.SET_SENTENCE_RT
1059795.959 CHECK_QUESTION BLOCK.TRIAL.RECORDING.CHECK_QUESTION_FALSE
1059798.897 DISPLAY_QUESTION BLOCK.TRIAL.RECORDING.DISPLAY_QUESTION (BEGIN) 
1059806.796 DISPLAY_QUESTION BLOCK.TRIAL.RECORDING.DISPLAY_QUESTION
1064587.030 KEYBOARD_QUESTION BLOCK.TRIAL.RECORDING.KEYBOARD_QUESTION
1064587.340 CHECK_RESPONSE_BUTTON BLOCK.TRIAL.RECORDING.CHECK_RESPONSE_BUTTON_TRUE
1064587.934 SET_VARS_CORRECT BLOCK.TRIAL.RECORDING.SET_VARS_CORRECT
1064589.926 DISPLAY_BLANK BLOCK.TRIAL.RECORDING.DISPLAY_BLANK (BEGIN) 
1064605.773 DISPLAY_BLANK BLOCK.TRIAL.RECORDING.DISPLAY_BLANK
1064606.383 ADD_TO_RESULTS_FILE BLOCK.TRIAL.RECORDING.ADD_TO_RESULTS_FILE
1064691.105 SetValueAction 
1064691.140 SetValueAction 
1064691.169 SetValueAction 
1064691.196 SetValueAction 
1064691.223 SetValueAction 
1064691.250 SetValueAction 
1064691.646 CHECK_NEW_BLOCK BLOCK.TRIAL.CHECK_NEW_BLOCK_TRUE
1064691.964 RESET_VARS BLOCK.TRIAL.RESET_VARS
1065059.180 PREPARE_SEQUENCE BLOCK.TRIAL.PREPARE_SEQUENCE
1066469.650 DRIFT_CORRECT BLOCK.TRIAL.DRIFT_CORRECT
1066589.631 DISPLAY_TEXT BLOCK.TRIAL.RECORDING.DISPLAY_TEXT (BEGIN) 
1066605.185 DISPLAY_TEXT BLOCK.TRIAL.RECORDING.DISPLAY_TEXT
1069871.171 KEYBOARD_TEXT BLOCK.TRIAL.RECORDING.KEYBOARD_TEXT
1069871.732 SET_SENTENCE_RT BLOCK.TRIAL.RECORDING.SET_SENTENCE_RT
1069871.813 CHECK_QUESTION BLOCK.TRIAL.RECORDING.CHECK_QUESTION_TRUE
1069873.916 DISPLAY_BLANK BLOCK.TRIAL.RECORDING.DISPLAY_BLANK (BEGIN) 
1069887.459 DISPLAY_BLANK BLOCK.TRIAL.RECORDING.DISPLAY_BLANK
1069888.037 ADD_TO_RESULTS_FILE BLOCK.TRIAL.RECORDING.ADD_TO_RESULTS_FILE
1069973.109 SetValueAction 
1069973.151 SetValueAction 
1069973.187 SetValueAction 
1069973.220 SetValueAction 
1069973.253 SetValueAction 
1069973.285 SetValueAction 
1069973.671 CHECK_NEW_BLOCK BLOCK.TRIAL.CHECK_NEW_BLOCK_TRUE
1069973.976 RESET_VARS BLOCK.TRIAL.RESET_VARS
1070326.704 PREPARE_SEQUENCE BLOCK.TRIAL.PREPARE_SEQUENCE
1071692.643 DRIFT_CORRECT BLOCK.TRIAL.DRIFT_CORRECT
1071808.111 DISPLAY_TEXT BLOCK.TRIAL.RECORDING.DISPLAY_TEXT (BEGIN) 
1071820.253 DISPLAY_TEXT BLOCK.TRIAL.RECORDING.DISPLAY_TEXT
1073274.736 KEYBOARD_TEXT BLOCK.TRIAL.RECORDING.KEYBOARD_TEXT
1073275.243 SET_SENTENCE_RT BLOCK.TRIAL.RECORDING.SET_SENTENCE_RT
1073275.321 CHECK_QUESTION BLOCK.TRIAL.RECORDING.CHECK_QUESTION_TRUE
1073277.340 DISPLAY_BLANK BLOCK.TRIAL.RECORDING.DISPLAY_BLANK (BEGIN) 
1073286.274 DISPLAY_BLANK BLOCK.TRIAL.RECORDING.DISPLAY_BLANK
1073286.963 ADD_TO_RESULTS_FILE BLOCK.TRIAL.RECORDING.ADD_TO_RESULTS_FILE
1073371.113 SetValueAction 
1073371.149 SetValueAction 
1073371.178 SetValueAction 
1073371.205 SetValueAction 
1073371.232 SetValueAction 
1073371.259 SetValueAction 
1073371.620 CHECK_NEW_BLOCK BLOCK.TRIAL.CHECK_NEW_BLOCK_TRUE
1073371.913 RESET_VARS BLOCK.TRIAL.RESET_VARS
1073758.297 PREPARE_SEQUENCE BLOCK.TRIAL.PREPARE_SEQUENCE
1074762.785 DRIFT_CORRECT BLOCK.TRIAL.DRIFT_CORRECT
1074883.089 DISPLAY_TEXT BLOCK.TRIAL.RECORDING.DISPLAY_TEXT (BEGIN) 
1074894.421 DISPLAY_TEXT BLOCK.TRIAL.RECORDING.DISPLAY_TEXT
1084622.960 KEYBOARD_TEXT BLOCK.TRIAL.RECORDING.KEYBOARD_TEXT
1084623.672 SET_SENTENCE_RT BLOCK.TRIAL.RECORDING.SET_SENTENCE_RT
1084623.782 CHECK_QUESTION BLOCK.TRIAL.RECORDING.CHECK_QUESTION_TRUE
1084625.632 DISPLAY_BLANK BLOCK.TRIAL.RECORDING.DISPLAY_BLANK (BEGIN) 
1084632.939 DISPLAY_BLANK BLOCK.TRIAL.RECORDING.DISPLAY_BLANK
1084633.656 ADD_TO_RESULTS_FILE BLOCK.TRIAL.RECORDING.ADD_TO_RESULTS_FILE
1084719.130 SetValueAction 
1084719.166 SetValueAction 
1084719.195 SetValueAction 
1084719.222 SetValueAction 
1084719.249 SetValueAction 
1084719.276 SetValueAction 
1084719.643 CHECK_NEW_BLOCK BLOCK.TRIAL.CHECK_NEW_BLOCK_TRUE
1084719.974 RESET_VARS BLOCK.TRIAL.RESET_VARS
1085093.533 PREPARE_SEQUENCE BLOCK.TRIAL.PREPARE_SEQUENCE
1087100.287 DRIFT_CORRECT BLOCK.TRIAL.DRIFT_CORRECT
1087222.337 DISPLAY_TEXT BLOCK.TRIAL.RECORDING.DISPLAY_TEXT (BEGIN) 
1087232.313 DISPLAY_TEXT BLOCK.TRIAL.RECORDING.DISPLAY_TEXT
1091676.475 KEYBOARD_TEXT BLOCK.TRIAL.RECORDING.KEYBOARD_TEXT
1091677.001 SET_SENTENCE_RT BLOCK.TRIAL.RECORDING.SET_SENTENCE_RT
1091677.083 CHECK_QUESTION BLOCK.TRIAL.RECORDING.CHECK_QUESTION_TRUE
1091682.640 DISPLAY_BLANK BLOCK.TRIAL.RECORDING.DISPLAY_BLANK (BEGIN) 
1091697.955 DISPLAY_BLANK BLOCK.TRIAL.RECORDING.DISPLAY_BLANK
1091698.670 ADD_TO_RESULTS_FILE BLOCK.TRIAL.RECORDING.ADD_TO_RESULTS_FILE
1091784.098 SetValueAction 
1091784.133 SetValueAction 
1091784.162 SetValueAction 
1091784.188 SetValueAction 
1091784.216 SetValueAction 
1091784.243 SetValueAction 
1091784.607 CHECK_NEW_BLOCK BLOCK.TRIAL.CHECK_NEW_BLOCK_TRUE
1091784.892 RESET_VARS BLOCK.TRIAL.RESET_VARS
1092149.102 PREPARE_SEQUENCE BLOCK.TRIAL.PREPARE_SEQUENCE
1093453.251 DRIFT_CORRECT BLOCK.TRIAL.DRIFT_CORRECT
1093571.098 DISPLAY_TEXT BLOCK.TRIAL.RECORDING.DISPLAY_TEXT (BEGIN) 
1093580.417 DISPLAY_TEXT BLOCK.TRIAL.RECORDING.DISPLAY_TEXT
1101466.350 KEYBOARD_TEXT BLOCK.TRIAL.RECORDING.KEYBOARD_TEXT
1101466.847 SET_SENTENCE_RT BLOCK.TRIAL.RECORDING.SET_SENTENCE_RT
1101466.925 CHECK_QUESTION BLOCK.TRIAL.RECORDING.CHECK_QUESTION_TRUE
1101469.079 DISPLAY_BLANK BLOCK.TRIAL.RECORDING.DISPLAY_BLANK (BEGIN) 
1101478.122 DISPLAY_BLANK BLOCK.TRIAL.RECORDING.DISPLAY_BLANK
1101478.830 ADD_TO_RESULTS_FILE BLOCK.TRIAL.RECORDING.ADD_TO_RESULTS_FILE
1101565.130 SetValueAction 
1101565.165 SetValueAction 
1101565.194 SetValueAction 
1101565.221 SetValueAction 
1101565.248 SetValueAction 
1101565.275 SetValueAction 
1101565.652 CHECK_NEW_BLOCK BLOCK.TRIAL.CHECK_NEW_BLOCK_TRUE
1101566.236 RESET_VARS BLOCK.TRIAL.RESET_VARS
1101951.310 PREPARE_SEQUENCE BLOCK.TRIAL.PREPARE_SEQUENCE
1102957.676 DRIFT_CORRECT BLOCK.TRIAL.DRIFT_CORRECT
1103073.190 DISPLAY_TEXT BLOCK.TRIAL.RECORDING.DISPLAY_TEXT (BEGIN) 
1103095.213 DISPLAY_TEXT BLOCK.TRIAL.RECORDING.DISPLAY_TEXT
1124398.538 TRACKER_TIME 15 5604141.864
1124398.672 KEYBOARD_TEXT BLOCK.TRIAL.RECORDING.KEYBOARD_TEXT
1124399.169 SET_SENTENCE_RT BLOCK.TRIAL.RECORDING.SET_SENTENCE_RT
1124399.264 CHECK_QUESTION BLOCK.TRIAL.RECORDING.CHECK_QUESTION_TRUE
1124401.317 DISPLAY_BLANK BLOCK.TRIAL.RECORDING.DISPLAY_BLANK (BEGIN) 
1124404.577 DISPLAY_BLANK BLOCK.TRIAL.RECORDING.DISPLAY_BLANK
1124405.360 ADD_TO_RESULTS_FILE BLOCK.TRIAL.RECORDING.ADD_TO_RESULTS_FILE
1124490.148 SetValueAction 
1124490.184 SetValueAction 
1124490.213 SetValueAction 
1124490.241 SetValueAction 
1124490.268 SetValueAction 
1124490.296 SetValueAction 
1124490.637 CHECK_NEW_BLOCK BLOCK.TRIAL.CHECK_NEW_BLOCK_TRUE
1124490.989 RESET_VARS BLOCK.TRIAL.RESET_VARS
1124895.907 PREPARE_SEQUENCE BLOCK.TRIAL.PREPARE_SEQUENCE
1125842.231 DRIFT_CORRECT BLOCK.TRIAL.DRIFT_CORRECT
1125966.092 DISPLAY_TEXT BLOCK.TRIAL.RECORDING.DISPLAY_TEXT (BEGIN) 
1125973.961 DISPLAY_TEXT BLOCK.TRIAL.RECORDING.DISPLAY_TEXT
1132076.170 KEYBOARD_TEXT BLOCK.TRIAL.RECORDING.KEYBOARD_TEXT
1132076.817 SET_SENTENCE_RT BLOCK.TRIAL.RECORDING.SET_SENTENCE_RT
1132077.062 CHECK_QUESTION BLOCK.TRIAL.RECORDING.CHECK_QUESTION_TRUE
1132079.124 DISPLAY_BLANK BLOCK.TRIAL.RECORDING.DISPLAY_BLANK (BEGIN) 
1132085.864 DISPLAY_BLANK BLOCK.TRIAL.RECORDING.DISPLAY_BLANK
1132086.699 ADD_TO_RESULTS_FILE BLOCK.TRIAL.RECORDING.ADD_TO_RESULTS_FILE
1132171.100 SetValueAction 
1132171.136 SetValueAction 
1132171.165 SetValueAction 
1132171.198 SetValueAction 
1132171.225 SetValueAction 
1132171.252 SetValueAction 
1132171.655 CHECK_NEW_BLOCK BLOCK.TRIAL.CHECK_NEW_BLOCK_TRUE
1132171.980 RESET_VARS BLOCK.TRIAL.RESET_VARS
1132508.121 PREPARE_SEQUENCE BLOCK.TRIAL.PREPARE_SEQUENCE
1133685.914 DRIFT_CORRECT BLOCK.TRIAL.DRIFT_CORRECT
1133804.183 DISPLAY_TEXT BLOCK.TRIAL.RECORDING.DISPLAY_TEXT (BEGIN) 
1133821.991 DISPLAY_TEXT BLOCK.TRIAL.RECORDING.DISPLAY_TEXT
1148737.579 KEYBOARD_TEXT BLOCK.TRIAL.RECORDING.KEYBOARD_TEXT
1148738.270 SET_SENTENCE_RT BLOCK.TRIAL.RECORDING.SET_SENTENCE_RT
1148738.398 CHECK_QUESTION BLOCK.TRIAL.RECORDING.CHECK_QUESTION_TRUE
1148740.228 DISPLAY_BLANK BLOCK.TRIAL.RECORDING.DISPLAY_BLANK (BEGIN) 
1148747.707 DISPLAY_BLANK BLOCK.TRIAL.RECORDING.DISPLAY_BLANK
1148748.429 ADD_TO_RESULTS_FILE BLOCK.TRIAL.RECORDING.ADD_TO_RESULTS_FILE
1148835.113 SetValueAction 
1148835.149 SetValueAction 
1148835.178 SetValueAction 
1148835.205 SetValueAction 
1148835.233 SetValueAction 
1148835.260 SetValueAction 
1148835.622 CHECK_NEW_BLOCK BLOCK.TRIAL.CHECK_NEW_BLOCK_TRUE
1148835.958 RESET_VARS BLOCK.TRIAL.RESET_VARS
1149252.336 PREPARE_SEQUENCE BLOCK.TRIAL.PREPARE_SEQUENCE
1151807.258 DRIFT_CORRECT BLOCK.TRIAL.DRIFT_CORRECT
1151931.635 DISPLAY_TEXT BLOCK.TRIAL.RECORDING.DISPLAY_TEXT (BEGIN) 
1151947.135 DISPLAY_TEXT BLOCK.TRIAL.RECORDING.DISPLAY_TEXT
1173919.865 KEYBOARD_TEXT BLOCK.TRIAL.RECORDING.KEYBOARD_TEXT
1173920.513 SET_SENTENCE_RT BLOCK.TRIAL.RECORDING.SET_SENTENCE_RT
1173920.686 CHECK_QUESTION BLOCK.TRIAL.RECORDING.CHECK_QUESTION_FALSE
1173924.041 DISPLAY_QUESTION BLOCK.TRIAL.RECORDING.DISPLAY_QUESTION (BEGIN) 
1173940.823 DISPLAY_QUESTION BLOCK.TRIAL.RECORDING.DISPLAY_QUESTION
1180087.047 KEYBOARD_QUESTION BLOCK.TRIAL.RECORDING.KEYBOARD_QUESTION
1180087.335 CHECK_RESPONSE_BUTTON BLOCK.TRIAL.RECORDING.CHECK_RESPONSE_BUTTON_TRUE
1180087.967 SET_VARS_CORRECT BLOCK.TRIAL.RECORDING.SET_VARS_CORRECT
1180089.864 DISPLAY_BLANK BLOCK.TRIAL.RECORDING.DISPLAY_BLANK (BEGIN) 
1180105.678 DISPLAY_BLANK BLOCK.TRIAL.RECORDING.DISPLAY_BLANK
1180106.308 ADD_TO_RESULTS_FILE BLOCK.TRIAL.RECORDING.ADD_TO_RESULTS_FILE
1180192.094 SetValueAction 
1180192.130 SetValueAction 
1180192.158 SetValueAction 
1180192.185 SetValueAction 
1180192.212 SetValueAction 
1180192.239 SetValueAction 
1180192.621 CHECK_NEW_BLOCK BLOCK.TRIAL.CHECK_NEW_BLOCK_TRUE
1180193.005 RESET_VARS BLOCK.TRIAL.RESET_VARS
1180591.175 PREPARE_SEQUENCE BLOCK.TRIAL.PREPARE_SEQUENCE
1181805.951 DRIFT_CORRECT BLOCK.TRIAL.DRIFT_CORRECT
1181926.212 DISPLAY_TEXT BLOCK.TRIAL.RECORDING.DISPLAY_TEXT (BEGIN) 
1181938.325 DISPLAY_TEXT BLOCK.TRIAL.RECORDING.DISPLAY_TEXT
1195833.582 TRACKER_TIME 16 5675575.377
1195833.702 KEYBOARD_TEXT BLOCK.TRIAL.RECORDING.KEYBOARD_TEXT
1195834.383 SET_SENTENCE_RT BLOCK.TRIAL.RECORDING.SET_SENTENCE_RT
1195834.618 CHECK_QUESTION BLOCK.TRIAL.RECORDING.CHECK_QUESTION_FALSE
1195837.500 DISPLAY_QUESTION BLOCK.TRIAL.RECORDING.DISPLAY_QUESTION (BEGIN) 
1195851.020 DISPLAY_QUESTION BLOCK.TRIAL.RECORDING.DISPLAY_QUESTION
1202448.317 KEYBOARD_QUESTION BLOCK.TRIAL.RECORDING.KEYBOARD_QUESTION
1202448.644 CHECK_RESPONSE_BUTTON BLOCK.TRIAL.RECORDING.CHECK_RESPONSE_BUTTON_TRUE
1202449.576 SET_VARS_CORRECT BLOCK.TRIAL.RECORDING.SET_VARS_CORRECT
1202451.443 DISPLAY_BLANK BLOCK.TRIAL.RECORDING.DISPLAY_BLANK (BEGIN) 
1202465.846 DISPLAY_BLANK BLOCK.TRIAL.RECORDING.DISPLAY_BLANK
1202466.541 ADD_TO_RESULTS_FILE BLOCK.TRIAL.RECORDING.ADD_TO_RESULTS_FILE
1202551.100 SetValueAction 
1202551.136 SetValueAction 
1202551.165 SetValueAction 
1202551.195 SetValueAction 
1202551.222 SetValueAction 
1202551.248 SetValueAction 
1202551.604 CHECK_NEW_BLOCK BLOCK.TRIAL.CHECK_NEW_BLOCK_TRUE
1202551.946 RESET_VARS BLOCK.TRIAL.RESET_VARS
1202980.669 PREPARE_SEQUENCE BLOCK.TRIAL.PREPARE_SEQUENCE
1204735.707 DRIFT_CORRECT BLOCK.TRIAL.DRIFT_CORRECT
1204852.622 DISPLAY_TEXT BLOCK.TRIAL.RECORDING.DISPLAY_TEXT (BEGIN) 
1204874.254 DISPLAY_TEXT BLOCK.TRIAL.RECORDING.DISPLAY_TEXT
1246236.606 KEYBOARD_TEXT BLOCK.TRIAL.RECORDING.KEYBOARD_TEXT
1246237.327 SET_SENTENCE_RT BLOCK.TRIAL.RECORDING.SET_SENTENCE_RT
1246237.459 CHECK_QUESTION BLOCK.TRIAL.RECORDING.CHECK_QUESTION_TRUE
1246239.244 DISPLAY_BLANK BLOCK.TRIAL.RECORDING.DISPLAY_BLANK (BEGIN) 
1246253.144 DISPLAY_BLANK BLOCK.TRIAL.RECORDING.DISPLAY_BLANK
1246253.778 ADD_TO_RESULTS_FILE BLOCK.TRIAL.RECORDING.ADD_TO_RESULTS_FILE
1246340.113 SetValueAction 
1246340.155 SetValueAction 
1246340.191 SetValueAction 
1246340.224 SetValueAction 
1246340.258 SetValueAction 
1246340.292 SetValueAction 
1246340.670 CHECK_NEW_BLOCK BLOCK.TRIAL.CHECK_NEW_BLOCK_TRUE
1246340.999 RESET_VARS BLOCK.TRIAL.RESET_VARS
1246696.790 PREPARE_SEQUENCE BLOCK.TRIAL.PREPARE_SEQUENCE
1247691.161 DRIFT_CORRECT BLOCK.TRIAL.DRIFT_CORRECT
1247806.952 DISPLAY_TEXT BLOCK.TRIAL.RECORDING.DISPLAY_TEXT (BEGIN) 
1247825.623 DISPLAY_TEXT BLOCK.TRIAL.RECORDING.DISPLAY_TEXT
1266499.405 TRACKER_TIME 17 5746239.615
1266499.508 KEYBOARD_TEXT BLOCK.TRIAL.RECORDING.KEYBOARD_TEXT
1266499.949 SET_SENTENCE_RT BLOCK.TRIAL.RECORDING.SET_SENTENCE_RT
1266500.040 CHECK_QUESTION BLOCK.TRIAL.RECORDING.CHECK_QUESTION_TRUE
1266501.970 DISPLAY_BLANK BLOCK.TRIAL.RECORDING.DISPLAY_BLANK (BEGIN) 
1266513.874 DISPLAY_BLANK BLOCK.TRIAL.RECORDING.DISPLAY_BLANK
1266514.496 ADD_TO_RESULTS_FILE BLOCK.TRIAL.RECORDING.ADD_TO_RESULTS_FILE
1266599.139 SetValueAction 
1266599.174 SetValueAction 
1266599.203 SetValueAction 
1266599.230 SetValueAction 
1266599.257 SetValueAction 
1266599.284 SetValueAction 
1266599.631 CHECK_NEW_BLOCK BLOCK.TRIAL.CHECK_NEW_BLOCK_TRUE
1266599.890 RESET_VARS BLOCK.TRIAL.RESET_VARS
1267006.376 PREPARE_SEQUENCE BLOCK.TRIAL.PREPARE_SEQUENCE
1268071.602 DRIFT_CORRECT BLOCK.TRIAL.DRIFT_CORRECT
1268192.122 DISPLAY_TEXT BLOCK.TRIAL.RECORDING.DISPLAY_TEXT (BEGIN) 
1268213.853 DISPLAY_TEXT BLOCK.TRIAL.RECORDING.DISPLAY_TEXT
1295684.958 KEYBOARD_TEXT BLOCK.TRIAL.RECORDING.KEYBOARD_TEXT
1295685.650 SET_SENTENCE_RT BLOCK.TRIAL.RECORDING.SET_SENTENCE_RT
1295685.821 CHECK_QUESTION BLOCK.TRIAL.RECORDING.CHECK_QUESTION_TRUE
1295689.665 DISPLAY_BLANK BLOCK.TRIAL.RECORDING.DISPLAY_BLANK (BEGIN) 
1295705.595 DISPLAY_BLANK BLOCK.TRIAL.RECORDING.DISPLAY_BLANK
1295706.210 ADD_TO_RESULTS_FILE BLOCK.TRIAL.RECORDING.ADD_TO_RESULTS_FILE
1295791.103 SetValueAction 
1295791.141 SetValueAction 
1295791.177 SetValueAction 
1295791.206 SetValueAction 
1295791.237 SetValueAction 
1295791.267 SetValueAction 
1295791.645 CHECK_NEW_BLOCK BLOCK.TRIAL.CHECK_NEW_BLOCK_TRUE
1295791.929 RESET_VARS BLOCK.TRIAL.RESET_VARS
1296296.350 PREPARE_SEQUENCE BLOCK.TRIAL.PREPARE_SEQUENCE
1297270.135 DRIFT_CORRECT BLOCK.TRIAL.DRIFT_CORRECT
1297385.802 DISPLAY_TEXT BLOCK.TRIAL.RECORDING.DISPLAY_TEXT (BEGIN) 
1297405.124 DISPLAY_TEXT BLOCK.TRIAL.RECORDING.DISPLAY_TEXT
1308161.962 KEYBOARD_TEXT BLOCK.TRIAL.RECORDING.KEYBOARD_TEXT
1308162.738 SET_SENTENCE_RT BLOCK.TRIAL.RECORDING.SET_SENTENCE_RT
1308162.894 CHECK_QUESTION BLOCK.TRIAL.RECORDING.CHECK_QUESTION_TRUE
1308164.643 DISPLAY_BLANK BLOCK.TRIAL.RECORDING.DISPLAY_BLANK (BEGIN) 
1308168.105 DISPLAY_BLANK BLOCK.TRIAL.RECORDING.DISPLAY_BLANK
1308168.854 ADD_TO_RESULTS_FILE BLOCK.TRIAL.RECORDING.ADD_TO_RESULTS_FILE
1308253.108 SetValueAction 
1308253.146 SetValueAction 
1308253.178 SetValueAction 
1308253.208 SetValueAction 
1308253.237 SetValueAction 
1308253.267 SetValueAction 
1308253.654 CHECK_NEW_BLOCK BLOCK.TRIAL.CHECK_NEW_BLOCK_TRUE
1308253.966 RESET_VARS BLOCK.TRIAL.RESET_VARS
1308714.549 PREPARE_SEQUENCE BLOCK.TRIAL.PREPARE_SEQUENCE
1309973.367 DRIFT_CORRECT BLOCK.TRIAL.DRIFT_CORRECT
1310091.499 DISPLAY_TEXT BLOCK.TRIAL.RECORDING.DISPLAY_TEXT (BEGIN) 
1310132.591 DISPLAY_TEXT BLOCK.TRIAL.RECORDING.DISPLAY_TEXT
1338254.427 TRACKER_TIME 18 5817993.115
1338254.537 KEYBOARD_TEXT BLOCK.TRIAL.RECORDING.KEYBOARD_TEXT
1338255.023 SET_SENTENCE_RT BLOCK.TRIAL.RECORDING.SET_SENTENCE_RT
1338255.112 CHECK_QUESTION BLOCK.TRIAL.RECORDING.CHECK_QUESTION_TRUE
1338257.050 DISPLAY_BLANK BLOCK.TRIAL.RECORDING.DISPLAY_BLANK (BEGIN) 
1338259.384 DISPLAY_BLANK BLOCK.TRIAL.RECORDING.DISPLAY_BLANK
1338260.180 ADD_TO_RESULTS_FILE BLOCK.TRIAL.RECORDING.ADD_TO_RESULTS_FILE
1338347.145 SetValueAction 
1338347.199 SetValueAction 
1338347.247 SetValueAction 
1338347.291 SetValueAction 
1338347.336 SetValueAction 
1338347.381 SetValueAction 
1338347.894 CHECK_NEW_BLOCK BLOCK.TRIAL.CHECK_NEW_BLOCK_TRUE
1338348.345 RESET_VARS BLOCK.TRIAL.RESET_VARS
1338830.203 PREPARE_SEQUENCE BLOCK.TRIAL.PREPARE_SEQUENCE
1339762.719 DRIFT_CORRECT BLOCK.TRIAL.DRIFT_CORRECT
1339878.927 DISPLAY_TEXT BLOCK.TRIAL.RECORDING.DISPLAY_TEXT (BEGIN) 
1339892.727 DISPLAY_TEXT BLOCK.TRIAL.RECORDING.DISPLAY_TEXT
1345351.847 KEYBOARD_TEXT BLOCK.TRIAL.RECORDING.KEYBOARD_TEXT
1345352.497 SET_SENTENCE_RT BLOCK.TRIAL.RECORDING.SET_SENTENCE_RT
1345352.683 CHECK_QUESTION BLOCK.TRIAL.RECORDING.CHECK_QUESTION_TRUE
1345354.484 DISPLAY_BLANK BLOCK.TRIAL.RECORDING.DISPLAY_BLANK (BEGIN) 
1345357.353 DISPLAY_BLANK BLOCK.TRIAL.RECORDING.DISPLAY_BLANK
1345358.081 ADD_TO_RESULTS_FILE BLOCK.TRIAL.RECORDING.ADD_TO_RESULTS_FILE
1345443.123 SetValueAction 
1345443.164 SetValueAction 
1345443.196 SetValueAction 
1345443.227 SetValueAction 
1345443.257 SetValueAction 
1345443.287 SetValueAction 
1345443.627 CHECK_NEW_BLOCK BLOCK.TRIAL.CHECK_NEW_BLOCK_TRUE
1345443.924 RESET_VARS BLOCK.TRIAL.RESET_VARS
1345932.006 PREPARE_SEQUENCE BLOCK.TRIAL.PREPARE_SEQUENCE
1346814.330 DRIFT_CORRECT BLOCK.TRIAL.DRIFT_CORRECT
1346931.496 DISPLAY_TEXT BLOCK.TRIAL.RECORDING.DISPLAY_TEXT (BEGIN) 
1346945.629 DISPLAY_TEXT BLOCK.TRIAL.RECORDING.DISPLAY_TEXT
1361474.078 KEYBOARD_TEXT BLOCK.TRIAL.RECORDING.KEYBOARD_TEXT
1361474.575 SET_SENTENCE_RT BLOCK.TRIAL.RECORDING.SET_SENTENCE_RT
1361474.694 CHECK_QUESTION BLOCK.TRIAL.RECORDING.CHECK_QUESTION_TRUE
1361476.415 DISPLAY_BLANK BLOCK.TRIAL.RECORDING.DISPLAY_BLANK (BEGIN) 
1361486.305 DISPLAY_BLANK BLOCK.TRIAL.RECORDING.DISPLAY_BLANK
1361486.954 ADD_TO_RESULTS_FILE BLOCK.TRIAL.RECORDING.ADD_TO_RESULTS_FILE
1361572.199 SetValueAction 
1361572.313 SetValueAction 
1361572.383 SetValueAction 
1361572.437 SetValueAction 
1361572.540 SetValueAction 
1361572.635 SetValueAction 
1361573.599 CHECK_NEW_BLOCK BLOCK.TRIAL.CHECK_NEW_BLOCK_TRUE
1361574.169 RESET_VARS BLOCK.TRIAL.RESET_VARS
1362102.194 PREPARE_SEQUENCE BLOCK.TRIAL.PREPARE_SEQUENCE
1363218.707 DRIFT_CORRECT BLOCK.TRIAL.DRIFT_CORRECT
1363337.850 DISPLAY_TEXT BLOCK.TRIAL.RECORDING.DISPLAY_TEXT (BEGIN) 
1363371.798 DISPLAY_TEXT BLOCK.TRIAL.RECORDING.DISPLAY_TEXT
1392491.421 KEYBOARD_TEXT BLOCK.TRIAL.RECORDING.KEYBOARD_TEXT
1392491.913 SET_SENTENCE_RT BLOCK.TRIAL.RECORDING.SET_SENTENCE_RT
1392492.021 CHECK_QUESTION BLOCK.TRIAL.RECORDING.CHECK_QUESTION_FALSE
1392494.666 DISPLAY_QUESTION BLOCK.TRIAL.RECORDING.DISPLAY_QUESTION (BEGIN) 
1392510.921 DISPLAY_QUESTION BLOCK.TRIAL.RECORDING.DISPLAY_QUESTION
1394622.386 KEYBOARD_QUESTION BLOCK.TRIAL.RECORDING.KEYBOARD_QUESTION
1394622.622 CHECK_RESPONSE_BUTTON BLOCK.TRIAL.RECORDING.CHECK_RESPONSE_BUTTON_TRUE
1394623.049 SET_VARS_CORRECT BLOCK.TRIAL.RECORDING.SET_VARS_CORRECT
1394628.721 DISPLAY_BLANK BLOCK.TRIAL.RECORDING.DISPLAY_BLANK (BEGIN) 
1394643.610 DISPLAY_BLANK BLOCK.TRIAL.RECORDING.DISPLAY_BLANK
1394644.385 ADD_TO_RESULTS_FILE BLOCK.TRIAL.RECORDING.ADD_TO_RESULTS_FILE
1394730.169 SetValueAction 
1394730.241 SetValueAction 
1394730.309 SetValueAction 
1394730.362 SetValueAction 
1394730.416 SetValueAction 
1394730.468 SetValueAction 
1394731.056 CHECK_NEW_BLOCK BLOCK.TRIAL.CHECK_NEW_BLOCK_TRUE
1394731.606 RESET_VARS BLOCK.TRIAL.RESET_VARS
1395245.258 PREPARE_SEQUENCE BLOCK.TRIAL.PREPARE_SEQUENCE
1396637.462 DRIFT_CORRECT BLOCK.TRIAL.DRIFT_CORRECT
1396753.881 DISPLAY_TEXT BLOCK.TRIAL.RECORDING.DISPLAY_TEXT (BEGIN) 
1396759.246 DISPLAY_TEXT BLOCK.TRIAL.RECORDING.DISPLAY_TEXT
1398838.145 TRACKER_TIME 19 5878575.498
1398838.248 KEYBOARD_TEXT BLOCK.TRIAL.RECORDING.KEYBOARD_TEXT
1398838.792 SET_SENTENCE_RT BLOCK.TRIAL.RECORDING.SET_SENTENCE_RT
1398838.882 CHECK_QUESTION BLOCK.TRIAL.RECORDING.CHECK_QUESTION_TRUE
1398843.639 DISPLAY_BLANK BLOCK.TRIAL.RECORDING.DISPLAY_BLANK (BEGIN) 
1398859.101 DISPLAY_BLANK BLOCK.TRIAL.RECORDING.DISPLAY_BLANK
1398859.833 ADD_TO_RESULTS_FILE BLOCK.TRIAL.RECORDING.ADD_TO_RESULTS_FILE
1398944.204 SetValueAction 
1398944.273 SetValueAction 
1398944.330 SetValueAction 
1398944.384 SetValueAction 
1398944.438 SetValueAction 
1398944.491 SetValueAction 
1398945.067 CHECK_NEW_BLOCK BLOCK.TRIAL.CHECK_NEW_BLOCK_TRUE
1398945.554 RESET_VARS BLOCK.TRIAL.RESET_VARS
1399393.249 PREPARE_SEQUENCE BLOCK.TRIAL.PREPARE_SEQUENCE
1400563.350 DRIFT_CORRECT BLOCK.TRIAL.DRIFT_CORRECT
1400684.835 DISPLAY_TEXT BLOCK.TRIAL.RECORDING.DISPLAY_TEXT (BEGIN) 
1400699.097 DISPLAY_TEXT BLOCK.TRIAL.RECORDING.DISPLAY_TEXT
1420064.615 KEYBOARD_TEXT BLOCK.TRIAL.RECORDING.KEYBOARD_TEXT
1420065.198 SET_SENTENCE_RT BLOCK.TRIAL.RECORDING.SET_SENTENCE_RT
1420065.310 CHECK_QUESTION BLOCK.TRIAL.RECORDING.CHECK_QUESTION_TRUE
1420070.638 DISPLAY_BLANK BLOCK.TRIAL.RECORDING.DISPLAY_BLANK (BEGIN) 
1420086.250 DISPLAY_BLANK BLOCK.TRIAL.RECORDING.DISPLAY_BLANK
1420086.844 ADD_TO_RESULTS_FILE BLOCK.TRIAL.RECORDING.ADD_TO_RESULTS_FILE
1420173.113 SetValueAction 
1420173.154 SetValueAction 
1420173.188 SetValueAction 
1420173.221 SetValueAction 
1420173.253 SetValueAction 
1420173.286 SetValueAction 
1420173.648 CHECK_NEW_BLOCK BLOCK.TRIAL.CHECK_NEW_BLOCK_TRUE
1420173.974 RESET_VARS BLOCK.TRIAL.RESET_VARS
1420621.716 PREPARE_SEQUENCE BLOCK.TRIAL.PREPARE_SEQUENCE
1421512.455 DRIFT_CORRECT BLOCK.TRIAL.DRIFT_CORRECT
1421628.929 DISPLAY_TEXT BLOCK.TRIAL.RECORDING.DISPLAY_TEXT (BEGIN) 
1421650.760 DISPLAY_TEXT BLOCK.TRIAL.RECORDING.DISPLAY_TEXT
1434274.549 KEYBOARD_TEXT BLOCK.TRIAL.RECORDING.KEYBOARD_TEXT
1434275.243 SET_SENTENCE_RT BLOCK.TRIAL.RECORDING.SET_SENTENCE_RT
1434275.422 CHECK_QUESTION BLOCK.TRIAL.RECORDING.CHECK_QUESTION_TRUE
1434277.531 DISPLAY_BLANK BLOCK.TRIAL.RECORDING.DISPLAY_BLANK (BEGIN) 
1434281.755 DISPLAY_BLANK BLOCK.TRIAL.RECORDING.DISPLAY_BLANK
1434282.714 ADD_TO_RESULTS_FILE BLOCK.TRIAL.RECORDING.ADD_TO_RESULTS_FILE
1434368.206 SetValueAction 
1434368.274 SetValueAction 
1434368.332 SetValueAction 
1434368.387 SetValueAction 
1434368.441 SetValueAction 
1434368.549 SetValueAction 
1434369.277 CHECK_NEW_BLOCK BLOCK.TRIAL.CHECK_NEW_BLOCK_TRUE
1434369.899 RESET_VARS BLOCK.TRIAL.RESET_VARS
1434854.718 PREPARE_SEQUENCE BLOCK.TRIAL.PREPARE_SEQUENCE
1436065.399 DRIFT_CORRECT BLOCK.TRIAL.DRIFT_CORRECT
1436181.786 DISPLAY_TEXT BLOCK.TRIAL.RECORDING.DISPLAY_TEXT (BEGIN) 
1436224.524 DISPLAY_TEXT BLOCK.TRIAL.RECORDING.DISPLAY_TEXT
1485678.231 TRACKER_TIME 20 5965413.666
1485678.329 KEYBOARD_TEXT BLOCK.TRIAL.RECORDING.KEYBOARD_TEXT
1485678.761 SET_SENTENCE_RT BLOCK.TRIAL.RECORDING.SET_SENTENCE_RT
1485678.829 CHECK_QUESTION BLOCK.TRIAL.RECORDING.CHECK_QUESTION_TRUE
1485680.686 DISPLAY_BLANK BLOCK.TRIAL.RECORDING.DISPLAY_BLANK (BEGIN) 
1485683.419 DISPLAY_BLANK BLOCK.TRIAL.RECORDING.DISPLAY_BLANK
1485684.165 ADD_TO_RESULTS_FILE BLOCK.TRIAL.RECORDING.ADD_TO_RESULTS_FILE
1485769.123 SetValueAction 
1485769.162 SetValueAction 
1485769.194 SetValueAction 
1485769.223 SetValueAction 
1485769.254 SetValueAction 
1485769.284 SetValueAction 
1485769.642 CHECK_NEW_BLOCK BLOCK.TRIAL.CHECK_NEW_BLOCK_TRUE
1485769.968 RESET_VARS BLOCK.TRIAL.RESET_VARS
1486174.847 PREPARE_SEQUENCE BLOCK.TRIAL.PREPARE_SEQUENCE
1488909.559 DRIFT_CORRECT BLOCK.TRIAL.DRIFT_CORRECT
1489026.775 DISPLAY_TEXT BLOCK.TRIAL.RECORDING.DISPLAY_TEXT (BEGIN) 
1489034.697 DISPLAY_TEXT BLOCK.TRIAL.RECORDING.DISPLAY_TEXT
1496647.505 KEYBOARD_TEXT BLOCK.TRIAL.RECORDING.KEYBOARD_TEXT
1496647.969 SET_SENTENCE_RT BLOCK.TRIAL.RECORDING.SET_SENTENCE_RT
1496648.039 CHECK_QUESTION BLOCK.TRIAL.RECORDING.CHECK_QUESTION_TRUE
1496649.692 DISPLAY_BLANK BLOCK.TRIAL.RECORDING.DISPLAY_BLANK (BEGIN) 
1496664.083 DISPLAY_BLANK BLOCK.TRIAL.RECORDING.DISPLAY_BLANK
1496664.695 ADD_TO_RESULTS_FILE BLOCK.TRIAL.RECORDING.ADD_TO_RESULTS_FILE
1496750.121 SetValueAction 
1496750.167 SetValueAction 
1496750.205 SetValueAction 
1496750.242 SetValueAction 
1496750.278 SetValueAction 
1496750.314 SetValueAction 
1496750.752 CHECK_NEW_BLOCK BLOCK.TRIAL.CHECK_NEW_BLOCK_FALSE
1496753.494 NEW_COUNTERBALANCE_BREAK BLOCK.TRIAL.NEW_COUNTERBALANCE_BREAK (BEGIN) 
1496763.898 NEW_COUNTERBALANCE_BREAK BLOCK.TRIAL.NEW_COUNTERBALANCE_BREAK
2111618.720 TRACKER_TIME 21 6591340.294
2111618.838 KEYBOARD[1] BLOCK.TRIAL.KEYBOARD[1]
el_logger: Quit logger.
******** END OF THE LOG FILE ********
