11474.598 ********************************************************
11474.682 ** Session beginning Thursday February 24, 2022 04:04:43 AM **
11474.692 ** ExperimentBuilder Project : P25 **
11474.700 ** ExperimentBuilder Version : 2.3.38 **
11474.706 ** ExperimentBuilder Build   : Jul 30 2020 **
11474.713 ********************************************************
11474.723 TRACKER_TIME 0 14089185.718
11924.012 SETUP_INSTRUCTIONS SETUP_INSTRUCTIONS (BEGIN) 
11926.556 SETUP_INSTRUCTIONS SETUP_INSTRUCTIONS
131926.582 TRACKER_TIME 1 14209635.311
131926.658 TIMER TIMER
410469.839 TRACKER_TIME 2 14488172.920
410469.887 EL_CAMERA_SETUP EL_CAMERA_SETUP
410506.082 EXPERIMENTAL__FIRST_BLOCK_INSTRUCTIONS BLOCK.EXPERIMENTAL__FIRST_BLOCK_INSTRUCTIONS (BEGIN) 
410510.779 EXPERIMENTAL__FIRST_BLOCK_INSTRUCTIONS BLOCK.EXPERIMENTAL__FIRST_BLOCK_INSTRUCTIONS
456277.491 KEYBOARD BLOCK.KEYBOARD
456277.666 SetValueAction 
456277.696 SetValueAction 
456277.723 SetValueAction 
456277.748 SetValueAction 
456277.774 SetValueAction 
456277.799 SetValueAction 
456278.118 CHECK_NEW_BLOCK BLOCK.TRIAL.CHECK_NEW_BLOCK_TRUE
456278.362 RESET_VARS BLOCK.TRIAL.RESET_VARS
456808.418 PREPARE_SEQUENCE BLOCK.TRIAL.PREPARE_SEQUENCE
460810.728 DRIFT_CORRECT BLOCK.TRIAL.DRIFT_CORRECT
460932.611 DISPLAY_TEXT BLOCK.TRIAL.RECORDING.DISPLAY_TEXT (BEGIN) 
460946.380 DISPLAY_TEXT BLOCK.TRIAL.RECORDING.DISPLAY_TEXT
476087.938 TRACKER_TIME 3 14553789.660
476088.039 KEYBOARD_TEXT BLOCK.TRIAL.RECORDING.KEYBOARD_TEXT
476088.686 SET_SENTENCE_RT BLOCK.TRIAL.RECORDING.SET_SENTENCE_RT
476088.873 CHECK_QUESTION BLOCK.TRIAL.RECORDING.CHECK_QUESTION_TRUE
476093.644 DISPLAY_BLANK BLOCK.TRIAL.RECORDING.DISPLAY_BLANK (BEGIN) 
476108.672 DISPLAY_BLANK BLOCK.TRIAL.RECORDING.DISPLAY_BLANK
476109.119 ADD_TO_RESULTS_FILE BLOCK.TRIAL.RECORDING.ADD_TO_RESULTS_FILE
476196.094 SetValueAction 
476196.126 SetValueAction 
476196.153 SetValueAction 
476196.180 SetValueAction 
476196.208 SetValueAction 
476196.233 SetValueAction 
476196.707 CHECK_NEW_BLOCK BLOCK.TRIAL.CHECK_NEW_BLOCK_TRUE
476197.110 RESET_VARS BLOCK.TRIAL.RESET_VARS
476607.369 PREPARE_SEQUENCE BLOCK.TRIAL.PREPARE_SEQUENCE
480381.754 DRIFT_CORRECT BLOCK.TRIAL.DRIFT_CORRECT
480494.653 DISPLAY_TEXT BLOCK.TRIAL.RECORDING.DISPLAY_TEXT (BEGIN) 
480507.330 DISPLAY_TEXT BLOCK.TRIAL.RECORDING.DISPLAY_TEXT
488145.938 KEYBOARD_TEXT BLOCK.TRIAL.RECORDING.KEYBOARD_TEXT
488146.372 SET_SENTENCE_RT BLOCK.TRIAL.RECORDING.SET_SENTENCE_RT
488146.447 CHECK_QUESTION BLOCK.TRIAL.RECORDING.CHECK_QUESTION_TRUE
488148.325 DISPLAY_BLANK BLOCK.TRIAL.RECORDING.DISPLAY_BLANK (BEGIN) 
488154.923 DISPLAY_BLANK BLOCK.TRIAL.RECORDING.DISPLAY_BLANK
488155.457 ADD_TO_RESULTS_FILE BLOCK.TRIAL.RECORDING.ADD_TO_RESULTS_FILE
488240.095 SetValueAction 
488240.127 SetValueAction 
488240.163 SetValueAction 
488240.188 SetValueAction 
488240.213 SetValueAction 
488240.237 SetValueAction 
488240.696 CHECK_NEW_BLOCK BLOCK.TRIAL.CHECK_NEW_BLOCK_TRUE
488241.115 RESET_VARS BLOCK.TRIAL.RESET_VARS
488681.453 PREPARE_SEQUENCE BLOCK.TRIAL.PREPARE_SEQUENCE
490746.175 DRIFT_CORRECT BLOCK.TRIAL.DRIFT_CORRECT
490860.838 DISPLAY_TEXT BLOCK.TRIAL.RECORDING.DISPLAY_TEXT (BEGIN) 
490870.898 DISPLAY_TEXT BLOCK.TRIAL.RECORDING.DISPLAY_TEXT
510556.832 KEYBOARD_TEXT BLOCK.TRIAL.RECORDING.KEYBOARD_TEXT
510557.477 SET_SENTENCE_RT BLOCK.TRIAL.RECORDING.SET_SENTENCE_RT
510557.532 CHECK_QUESTION BLOCK.TRIAL.RECORDING.CHECK_QUESTION_TRUE
510559.357 DISPLAY_BLANK BLOCK.TRIAL.RECORDING.DISPLAY_BLANK (BEGIN) 
510565.043 DISPLAY_BLANK BLOCK.TRIAL.RECORDING.DISPLAY_BLANK
510565.620 ADD_TO_RESULTS_FILE BLOCK.TRIAL.RECORDING.ADD_TO_RESULTS_FILE
510652.103 SetValueAction 
510652.135 SetValueAction 
510652.162 SetValueAction 
510652.186 SetValueAction 
510652.211 SetValueAction 
510652.236 SetValueAction 
510652.591 CHECK_NEW_BLOCK BLOCK.TRIAL.CHECK_NEW_BLOCK_TRUE
510652.891 RESET_VARS BLOCK.TRIAL.RESET_VARS
511135.236 PREPARE_SEQUENCE BLOCK.TRIAL.PREPARE_SEQUENCE
514248.614 DRIFT_CORRECT BLOCK.TRIAL.DRIFT_CORRECT
514365.668 DISPLAY_TEXT BLOCK.TRIAL.RECORDING.DISPLAY_TEXT (BEGIN) 
514380.888 DISPLAY_TEXT BLOCK.TRIAL.RECORDING.DISPLAY_TEXT
548817.943 TRACKER_TIME 4 14626518.161
548818.017 KEYBOARD_TEXT BLOCK.TRIAL.RECORDING.KEYBOARD_TEXT
548818.651 SET_SENTENCE_RT BLOCK.TRIAL.RECORDING.SET_SENTENCE_RT
548818.732 CHECK_QUESTION BLOCK.TRIAL.RECORDING.CHECK_QUESTION_TRUE
548820.698 DISPLAY_BLANK BLOCK.TRIAL.RECORDING.DISPLAY_BLANK (BEGIN) 
548837.589 DISPLAY_BLANK BLOCK.TRIAL.RECORDING.DISPLAY_BLANK
548838.165 ADD_TO_RESULTS_FILE BLOCK.TRIAL.RECORDING.ADD_TO_RESULTS_FILE
548924.131 SetValueAction 
548924.164 SetValueAction 
548924.191 SetValueAction 
548924.219 SetValueAction 
548924.245 SetValueAction 
548924.270 SetValueAction 
548924.625 CHECK_NEW_BLOCK BLOCK.TRIAL.CHECK_NEW_BLOCK_TRUE
548924.935 RESET_VARS BLOCK.TRIAL.RESET_VARS
549373.098 PREPARE_SEQUENCE BLOCK.TRIAL.PREPARE_SEQUENCE
551408.943 DRIFT_CORRECT BLOCK.TRIAL.DRIFT_CORRECT
551528.677 DISPLAY_TEXT BLOCK.TRIAL.RECORDING.DISPLAY_TEXT (BEGIN) 
551548.923 DISPLAY_TEXT BLOCK.TRIAL.RECORDING.DISPLAY_TEXT
619104.214 TRACKER_TIME 5 14696802.979
619104.284 KEYBOARD_TEXT BLOCK.TRIAL.RECORDING.KEYBOARD_TEXT
619104.888 SET_SENTENCE_RT BLOCK.TRIAL.RECORDING.SET_SENTENCE_RT
619105.006 CHECK_QUESTION BLOCK.TRIAL.RECORDING.CHECK_QUESTION_FALSE
619107.820 DISPLAY_QUESTION BLOCK.TRIAL.RECORDING.DISPLAY_QUESTION (BEGIN) 
619116.926 DISPLAY_QUESTION BLOCK.TRIAL.RECORDING.DISPLAY_QUESTION
625226.916 KEYBOARD_QUESTION BLOCK.TRIAL.RECORDING.KEYBOARD_QUESTION
625227.149 CHECK_RESPONSE_BUTTON BLOCK.TRIAL.RECORDING.CHECK_RESPONSE_BUTTON_TRUE
625227.897 SET_VARS_CORRECT BLOCK.TRIAL.RECORDING.SET_VARS_CORRECT
625233.635 DISPLAY_BLANK BLOCK.TRIAL.RECORDING.DISPLAY_BLANK (BEGIN) 
625248.718 DISPLAY_BLANK BLOCK.TRIAL.RECORDING.DISPLAY_BLANK
625249.210 ADD_TO_RESULTS_FILE BLOCK.TRIAL.RECORDING.ADD_TO_RESULTS_FILE
625336.093 SetValueAction 
625336.139 SetValueAction 
625336.179 SetValueAction 
625336.204 SetValueAction 
625336.230 SetValueAction 
625336.255 SetValueAction 
625336.721 CHECK_NEW_BLOCK BLOCK.TRIAL.CHECK_NEW_BLOCK_TRUE
625337.136 RESET_VARS BLOCK.TRIAL.RESET_VARS
625810.472 PREPARE_SEQUENCE BLOCK.TRIAL.PREPARE_SEQUENCE
628754.795 DRIFT_CORRECT BLOCK.TRIAL.DRIFT_CORRECT
628869.819 DISPLAY_TEXT BLOCK.TRIAL.RECORDING.DISPLAY_TEXT (BEGIN) 
628880.815 DISPLAY_TEXT BLOCK.TRIAL.RECORDING.DISPLAY_TEXT
645950.548 KEYBOARD_TEXT BLOCK.TRIAL.RECORDING.KEYBOARD_TEXT
645950.999 SET_SENTENCE_RT BLOCK.TRIAL.RECORDING.SET_SENTENCE_RT
645951.082 CHECK_QUESTION BLOCK.TRIAL.RECORDING.CHECK_QUESTION_TRUE
645952.852 DISPLAY_BLANK BLOCK.TRIAL.RECORDING.DISPLAY_BLANK (BEGIN) 
645959.031 DISPLAY_BLANK BLOCK.TRIAL.RECORDING.DISPLAY_BLANK
645959.612 ADD_TO_RESULTS_FILE BLOCK.TRIAL.RECORDING.ADD_TO_RESULTS_FILE
646044.136 SetValueAction 
646044.183 SetValueAction 
646044.224 SetValueAction 
646044.265 SetValueAction 
646044.309 SetValueAction 
646044.348 SetValueAction 
646044.856 CHECK_NEW_BLOCK BLOCK.TRIAL.CHECK_NEW_BLOCK_TRUE
646045.440 RESET_VARS BLOCK.TRIAL.RESET_VARS
646496.197 PREPARE_SEQUENCE BLOCK.TRIAL.PREPARE_SEQUENCE
647902.421 DRIFT_CORRECT BLOCK.TRIAL.DRIFT_CORRECT
648018.545 DISPLAY_TEXT BLOCK.TRIAL.RECORDING.DISPLAY_TEXT (BEGIN) 
648032.932 DISPLAY_TEXT BLOCK.TRIAL.RECORDING.DISPLAY_TEXT
677303.510 KEYBOARD_TEXT BLOCK.TRIAL.RECORDING.KEYBOARD_TEXT
677304.208 SET_SENTENCE_RT BLOCK.TRIAL.RECORDING.SET_SENTENCE_RT
677304.284 CHECK_QUESTION BLOCK.TRIAL.RECORDING.CHECK_QUESTION_TRUE
677306.255 DISPLAY_BLANK BLOCK.TRIAL.RECORDING.DISPLAY_BLANK (BEGIN) 
677316.762 DISPLAY_BLANK BLOCK.TRIAL.RECORDING.DISPLAY_BLANK
677317.323 ADD_TO_RESULTS_FILE BLOCK.TRIAL.RECORDING.ADD_TO_RESULTS_FILE
677403.092 SetValueAction 
677403.124 SetValueAction 
677403.151 SetValueAction 
677403.176 SetValueAction 
677403.200 SetValueAction 
677403.226 SetValueAction 
677403.671 CHECK_NEW_BLOCK BLOCK.TRIAL.CHECK_NEW_BLOCK_TRUE
677404.085 RESET_VARS BLOCK.TRIAL.RESET_VARS
677865.181 PREPARE_SEQUENCE BLOCK.TRIAL.PREPARE_SEQUENCE
678997.266 DRIFT_CORRECT BLOCK.TRIAL.DRIFT_CORRECT
679112.929 TRACKER_TIME 6 14756810.392
679112.990 DISPLAY_TEXT BLOCK.TRIAL.RECORDING.DISPLAY_TEXT (BEGIN) 
679126.780 DISPLAY_TEXT BLOCK.TRIAL.RECORDING.DISPLAY_TEXT
709221.159 KEYBOARD_TEXT BLOCK.TRIAL.RECORDING.KEYBOARD_TEXT
709222.072 SET_SENTENCE_RT BLOCK.TRIAL.RECORDING.SET_SENTENCE_RT
709222.363 CHECK_QUESTION BLOCK.TRIAL.RECORDING.CHECK_QUESTION_FALSE
709225.454 DISPLAY_QUESTION BLOCK.TRIAL.RECORDING.DISPLAY_QUESTION (BEGIN) 
709240.923 DISPLAY_QUESTION BLOCK.TRIAL.RECORDING.DISPLAY_QUESTION
715422.678 KEYBOARD_QUESTION BLOCK.TRIAL.RECORDING.KEYBOARD_QUESTION
715422.946 CHECK_RESPONSE_BUTTON BLOCK.TRIAL.RECORDING.CHECK_RESPONSE_BUTTON_TRUE
715423.660 SET_VARS_CORRECT BLOCK.TRIAL.RECORDING.SET_VARS_CORRECT
715425.385 DISPLAY_BLANK BLOCK.TRIAL.RECORDING.DISPLAY_BLANK (BEGIN) 
715439.072 DISPLAY_BLANK BLOCK.TRIAL.RECORDING.DISPLAY_BLANK
715439.592 ADD_TO_RESULTS_FILE BLOCK.TRIAL.RECORDING.ADD_TO_RESULTS_FILE
715526.096 SetValueAction 
715526.127 SetValueAction 
715526.154 SetValueAction 
715526.178 SetValueAction 
715526.203 SetValueAction 
715526.229 SetValueAction 
715526.696 CHECK_NEW_BLOCK BLOCK.TRIAL.CHECK_NEW_BLOCK_TRUE
715527.122 RESET_VARS BLOCK.TRIAL.RESET_VARS
716001.621 PREPARE_SEQUENCE BLOCK.TRIAL.PREPARE_SEQUENCE
720547.113 DRIFT_CORRECT BLOCK.TRIAL.DRIFT_CORRECT
720670.746 DISPLAY_TEXT BLOCK.TRIAL.RECORDING.DISPLAY_TEXT (BEGIN) 
720687.642 DISPLAY_TEXT BLOCK.TRIAL.RECORDING.DISPLAY_TEXT
728504.757 KEYBOARD_TEXT BLOCK.TRIAL.RECORDING.KEYBOARD_TEXT
728505.422 SET_SENTENCE_RT BLOCK.TRIAL.RECORDING.SET_SENTENCE_RT
728505.486 CHECK_QUESTION BLOCK.TRIAL.RECORDING.CHECK_QUESTION_TRUE
728507.532 DISPLAY_BLANK BLOCK.TRIAL.RECORDING.DISPLAY_BLANK (BEGIN) 
728518.533 DISPLAY_BLANK BLOCK.TRIAL.RECORDING.DISPLAY_BLANK
728519.032 ADD_TO_RESULTS_FILE BLOCK.TRIAL.RECORDING.ADD_TO_RESULTS_FILE
728604.126 SetValueAction 
728604.158 SetValueAction 
728604.186 SetValueAction 
728604.211 SetValueAction 
728604.236 SetValueAction 
728604.260 SetValueAction 
728604.678 CHECK_NEW_BLOCK BLOCK.TRIAL.CHECK_NEW_BLOCK_FALSE
728640.029 NEW_COUNTERBALANCE_BREAK BLOCK.TRIAL.NEW_COUNTERBALANCE_BREAK (BEGIN) 
728651.855 NEW_COUNTERBALANCE_BREAK BLOCK.TRIAL.NEW_COUNTERBALANCE_BREAK
787141.824 TRACKER_TIME 7 14864837.037
787141.901 KEYBOARD[1] BLOCK.TRIAL.KEYBOARD[1]
866055.449 TRACKER_TIME 8 14943749.074
866055.491 EL_CAMERA_SETUP BLOCK.TRIAL.EL_CAMERA_SETUP
866087.610 EXPERIMENT_CONTINUE BLOCK.TRIAL.EXPERIMENT_CONTINUE (BEGIN) 
866095.106 EXPERIMENT_CONTINUE BLOCK.TRIAL.EXPERIMENT_CONTINUE
933997.554 TRACKER_TIME 9 15011689.715
933997.634 KEYBOARD BLOCK.TRIAL.KEYBOARD
933997.976 RESET_VARS BLOCK.TRIAL.RESET_VARS
934444.181 PREPARE_SEQUENCE BLOCK.TRIAL.PREPARE_SEQUENCE
936896.796 DRIFT_CORRECT BLOCK.TRIAL.DRIFT_CORRECT
937011.665 DISPLAY_TEXT BLOCK.TRIAL.RECORDING.DISPLAY_TEXT (BEGIN) 
937024.717 DISPLAY_TEXT BLOCK.TRIAL.RECORDING.DISPLAY_TEXT
939361.695 KEYBOARD_TEXT BLOCK.TRIAL.RECORDING.KEYBOARD_TEXT
939362.309 SET_SENTENCE_RT BLOCK.TRIAL.RECORDING.SET_SENTENCE_RT
939362.522 CHECK_QUESTION BLOCK.TRIAL.RECORDING.CHECK_QUESTION_TRUE
939364.398 DISPLAY_BLANK BLOCK.TRIAL.RECORDING.DISPLAY_BLANK (BEGIN) 
939373.879 DISPLAY_BLANK BLOCK.TRIAL.RECORDING.DISPLAY_BLANK
939374.395 ADD_TO_RESULTS_FILE BLOCK.TRIAL.RECORDING.ADD_TO_RESULTS_FILE
939460.096 SetValueAction 
939460.129 SetValueAction 
939460.156 SetValueAction 
939460.181 SetValueAction 
939460.206 SetValueAction 
939460.230 SetValueAction 
939460.702 CHECK_NEW_BLOCK BLOCK.TRIAL.CHECK_NEW_BLOCK_TRUE
939461.089 RESET_VARS BLOCK.TRIAL.RESET_VARS
939895.371 PREPARE_SEQUENCE BLOCK.TRIAL.PREPARE_SEQUENCE
941486.095 DRIFT_CORRECT BLOCK.TRIAL.DRIFT_CORRECT
941608.161 DISPLAY_TEXT BLOCK.TRIAL.RECORDING.DISPLAY_TEXT (BEGIN) 
941627.527 DISPLAY_TEXT BLOCK.TRIAL.RECORDING.DISPLAY_TEXT
982816.111 KEYBOARD_TEXT BLOCK.TRIAL.RECORDING.KEYBOARD_TEXT
982816.770 SET_SENTENCE_RT BLOCK.TRIAL.RECORDING.SET_SENTENCE_RT
982816.907 CHECK_QUESTION BLOCK.TRIAL.RECORDING.CHECK_QUESTION_TRUE
982818.774 DISPLAY_BLANK BLOCK.TRIAL.RECORDING.DISPLAY_BLANK (BEGIN) 
982827.899 DISPLAY_BLANK BLOCK.TRIAL.RECORDING.DISPLAY_BLANK
982828.448 ADD_TO_RESULTS_FILE BLOCK.TRIAL.RECORDING.ADD_TO_RESULTS_FILE
982914.094 SetValueAction 
982914.126 SetValueAction 
982914.153 SetValueAction 
982914.178 SetValueAction 
982914.204 SetValueAction 
982914.229 SetValueAction 
982914.682 CHECK_NEW_BLOCK BLOCK.TRIAL.CHECK_NEW_BLOCK_TRUE
982915.100 RESET_VARS BLOCK.TRIAL.RESET_VARS
983331.900 PREPARE_SEQUENCE BLOCK.TRIAL.PREPARE_SEQUENCE
984901.648 DRIFT_CORRECT BLOCK.TRIAL.DRIFT_CORRECT
985028.631 DISPLAY_TEXT BLOCK.TRIAL.RECORDING.DISPLAY_TEXT (BEGIN) 
985044.088 DISPLAY_TEXT BLOCK.TRIAL.RECORDING.DISPLAY_TEXT
1010782.291 TRACKER_TIME 10 15088472.836
1010782.366 KEYBOARD_TEXT BLOCK.TRIAL.RECORDING.KEYBOARD_TEXT
1010782.874 SET_SENTENCE_RT BLOCK.TRIAL.RECORDING.SET_SENTENCE_RT
1010782.993 CHECK_QUESTION BLOCK.TRIAL.RECORDING.CHECK_QUESTION_FALSE
1010787.665 DISPLAY_QUESTION BLOCK.TRIAL.RECORDING.DISPLAY_QUESTION (BEGIN) 
1010803.279 DISPLAY_QUESTION BLOCK.TRIAL.RECORDING.DISPLAY_QUESTION
1015085.316 KEYBOARD_QUESTION BLOCK.TRIAL.RECORDING.KEYBOARD_QUESTION
1015085.542 CHECK_RESPONSE_BUTTON BLOCK.TRIAL.RECORDING.CHECK_RESPONSE_BUTTON_TRUE
1015086.165 SET_VARS_CORRECT BLOCK.TRIAL.RECORDING.SET_VARS_CORRECT
1015087.959 DISPLAY_BLANK BLOCK.TRIAL.RECORDING.DISPLAY_BLANK (BEGIN) 
1015102.010 DISPLAY_BLANK BLOCK.TRIAL.RECORDING.DISPLAY_BLANK
1015102.481 ADD_TO_RESULTS_FILE BLOCK.TRIAL.RECORDING.ADD_TO_RESULTS_FILE
1015187.111 SetValueAction 
1015187.144 SetValueAction 
1015187.206 SetValueAction 
1015187.232 SetValueAction 
1015187.257 SetValueAction 
1015187.281 SetValueAction 
1015187.640 CHECK_NEW_BLOCK BLOCK.TRIAL.CHECK_NEW_BLOCK_TRUE
1015187.975 RESET_VARS BLOCK.TRIAL.RESET_VARS
1015618.910 PREPARE_SEQUENCE BLOCK.TRIAL.PREPARE_SEQUENCE
1017353.244 DRIFT_CORRECT BLOCK.TRIAL.DRIFT_CORRECT
1017467.693 DISPLAY_TEXT BLOCK.TRIAL.RECORDING.DISPLAY_TEXT (BEGIN) 
1017485.444 DISPLAY_TEXT BLOCK.TRIAL.RECORDING.DISPLAY_TEXT
1056084.615 KEYBOARD_TEXT BLOCK.TRIAL.RECORDING.KEYBOARD_TEXT
1056085.329 SET_SENTENCE_RT BLOCK.TRIAL.RECORDING.SET_SENTENCE_RT
1056085.502 CHECK_QUESTION BLOCK.TRIAL.RECORDING.CHECK_QUESTION_TRUE
1056087.535 DISPLAY_BLANK BLOCK.TRIAL.RECORDING.DISPLAY_BLANK (BEGIN) 
1056089.729 DISPLAY_BLANK BLOCK.TRIAL.RECORDING.DISPLAY_BLANK
1056090.325 ADD_TO_RESULTS_FILE BLOCK.TRIAL.RECORDING.ADD_TO_RESULTS_FILE
1056177.097 SetValueAction 
1056177.129 SetValueAction 
1056177.156 SetValueAction 
1056177.181 SetValueAction 
1056177.206 SetValueAction 
1056177.230 SetValueAction 
1056177.705 CHECK_NEW_BLOCK BLOCK.TRIAL.CHECK_NEW_BLOCK_TRUE
1056178.112 RESET_VARS BLOCK.TRIAL.RESET_VARS
1056645.387 PREPARE_SEQUENCE BLOCK.TRIAL.PREPARE_SEQUENCE
1057863.980 DRIFT_CORRECT BLOCK.TRIAL.DRIFT_CORRECT
1057980.723 DISPLAY_TEXT BLOCK.TRIAL.RECORDING.DISPLAY_TEXT (BEGIN) 
1057989.342 DISPLAY_TEXT BLOCK.TRIAL.RECORDING.DISPLAY_TEXT
1071764.534 TRACKER_TIME 11 15149453.867
1071764.610 KEYBOARD_TEXT BLOCK.TRIAL.RECORDING.KEYBOARD_TEXT
1071765.311 SET_SENTENCE_RT BLOCK.TRIAL.RECORDING.SET_SENTENCE_RT
1071765.547 CHECK_QUESTION BLOCK.TRIAL.RECORDING.CHECK_QUESTION_FALSE
1071770.631 DISPLAY_QUESTION BLOCK.TRIAL.RECORDING.DISPLAY_QUESTION (BEGIN) 
1071785.539 DISPLAY_QUESTION BLOCK.TRIAL.RECORDING.DISPLAY_QUESTION
1076498.282 KEYBOARD_QUESTION BLOCK.TRIAL.RECORDING.KEYBOARD_QUESTION
1076498.502 CHECK_RESPONSE_BUTTON BLOCK.TRIAL.RECORDING.CHECK_RESPONSE_BUTTON_TRUE
1076498.918 SET_VARS_CORRECT BLOCK.TRIAL.RECORDING.SET_VARS_CORRECT
1076500.760 DISPLAY_BLANK BLOCK.TRIAL.RECORDING.DISPLAY_BLANK (BEGIN) 
1076517.557 DISPLAY_BLANK BLOCK.TRIAL.RECORDING.DISPLAY_BLANK
1076518.051 ADD_TO_RESULTS_FILE BLOCK.TRIAL.RECORDING.ADD_TO_RESULTS_FILE
1076604.088 SetValueAction 
1076604.119 SetValueAction 
1076604.146 SetValueAction 
1076604.173 SetValueAction 
1076604.221 SetValueAction 
1076604.262 SetValueAction 
1076604.614 CHECK_NEW_BLOCK BLOCK.TRIAL.CHECK_NEW_BLOCK_TRUE
1076604.913 RESET_VARS BLOCK.TRIAL.RESET_VARS
1077035.751 PREPARE_SEQUENCE BLOCK.TRIAL.PREPARE_SEQUENCE
1078210.288 DRIFT_CORRECT BLOCK.TRIAL.DRIFT_CORRECT
1078330.932 DISPLAY_TEXT BLOCK.TRIAL.RECORDING.DISPLAY_TEXT (BEGIN) 
1078351.293 DISPLAY_TEXT BLOCK.TRIAL.RECORDING.DISPLAY_TEXT
1117079.728 KEYBOARD_TEXT BLOCK.TRIAL.RECORDING.KEYBOARD_TEXT
1117080.319 SET_SENTENCE_RT BLOCK.TRIAL.RECORDING.SET_SENTENCE_RT
1117080.494 CHECK_QUESTION BLOCK.TRIAL.RECORDING.CHECK_QUESTION_FALSE
1117083.413 DISPLAY_QUESTION BLOCK.TRIAL.RECORDING.DISPLAY_QUESTION (BEGIN) 
1117088.731 DISPLAY_QUESTION BLOCK.TRIAL.RECORDING.DISPLAY_QUESTION
1120404.517 KEYBOARD_QUESTION BLOCK.TRIAL.RECORDING.KEYBOARD_QUESTION
1120404.723 CHECK_RESPONSE_BUTTON BLOCK.TRIAL.RECORDING.CHECK_RESPONSE_BUTTON_TRUE
1120405.299 SET_VARS_CORRECT BLOCK.TRIAL.RECORDING.SET_VARS_CORRECT
1120407.195 DISPLAY_BLANK BLOCK.TRIAL.RECORDING.DISPLAY_BLANK (BEGIN) 
1120421.388 DISPLAY_BLANK BLOCK.TRIAL.RECORDING.DISPLAY_BLANK
1120421.883 ADD_TO_RESULTS_FILE BLOCK.TRIAL.RECORDING.ADD_TO_RESULTS_FILE
1120506.097 SetValueAction 
1120506.129 SetValueAction 
1120506.156 SetValueAction 
1120506.181 SetValueAction 
1120506.206 SetValueAction 
1120506.231 SetValueAction 
1120506.590 CHECK_NEW_BLOCK BLOCK.TRIAL.CHECK_NEW_BLOCK_TRUE
1120506.926 RESET_VARS BLOCK.TRIAL.RESET_VARS
1120934.909 PREPARE_SEQUENCE BLOCK.TRIAL.PREPARE_SEQUENCE
1122232.602 DRIFT_CORRECT BLOCK.TRIAL.DRIFT_CORRECT
1122356.810 DISPLAY_TEXT BLOCK.TRIAL.RECORDING.DISPLAY_TEXT (BEGIN) 
1122370.840 DISPLAY_TEXT BLOCK.TRIAL.RECORDING.DISPLAY_TEXT
1148391.868 TRACKER_TIME 12 15226079.591
1148391.927 KEYBOARD_TEXT BLOCK.TRIAL.RECORDING.KEYBOARD_TEXT
1148392.600 SET_SENTENCE_RT BLOCK.TRIAL.RECORDING.SET_SENTENCE_RT
1148392.720 CHECK_QUESTION BLOCK.TRIAL.RECORDING.CHECK_QUESTION_TRUE
1148397.632 DISPLAY_BLANK BLOCK.TRIAL.RECORDING.DISPLAY_BLANK (BEGIN) 
1148413.301 DISPLAY_BLANK BLOCK.TRIAL.RECORDING.DISPLAY_BLANK
1148413.766 ADD_TO_RESULTS_FILE BLOCK.TRIAL.RECORDING.ADD_TO_RESULTS_FILE
1148500.184 SetValueAction 
1148500.216 SetValueAction 
1148500.244 SetValueAction 
1148500.269 SetValueAction 
1148500.294 SetValueAction 
1148500.318 SetValueAction 
1148500.676 CHECK_NEW_BLOCK BLOCK.TRIAL.CHECK_NEW_BLOCK_TRUE
1148501.030 RESET_VARS BLOCK.TRIAL.RESET_VARS
1148915.289 PREPARE_SEQUENCE BLOCK.TRIAL.PREPARE_SEQUENCE
1150382.613 DRIFT_CORRECT BLOCK.TRIAL.DRIFT_CORRECT
1150499.013 DISPLAY_TEXT BLOCK.TRIAL.RECORDING.DISPLAY_TEXT (BEGIN) 
1150514.993 DISPLAY_TEXT BLOCK.TRIAL.RECORDING.DISPLAY_TEXT
1173456.585 KEYBOARD_TEXT BLOCK.TRIAL.RECORDING.KEYBOARD_TEXT
1173457.278 SET_SENTENCE_RT BLOCK.TRIAL.RECORDING.SET_SENTENCE_RT
1173457.457 CHECK_QUESTION BLOCK.TRIAL.RECORDING.CHECK_QUESTION_TRUE
1173459.498 DISPLAY_BLANK BLOCK.TRIAL.RECORDING.DISPLAY_BLANK (BEGIN) 
1173472.629 DISPLAY_BLANK BLOCK.TRIAL.RECORDING.DISPLAY_BLANK
1173473.089 ADD_TO_RESULTS_FILE BLOCK.TRIAL.RECORDING.ADD_TO_RESULTS_FILE
1173559.102 SetValueAction 
1173559.134 SetValueAction 
1173559.161 SetValueAction 
1173559.186 SetValueAction 
1173559.211 SetValueAction 
1173559.235 SetValueAction 
1173559.602 CHECK_NEW_BLOCK BLOCK.TRIAL.CHECK_NEW_BLOCK_TRUE
1173559.871 RESET_VARS BLOCK.TRIAL.RESET_VARS
1173988.260 PREPARE_SEQUENCE BLOCK.TRIAL.PREPARE_SEQUENCE
1174984.634 DRIFT_CORRECT BLOCK.TRIAL.DRIFT_CORRECT
1175099.711 DISPLAY_TEXT BLOCK.TRIAL.RECORDING.DISPLAY_TEXT (BEGIN) 
1175124.358 DISPLAY_TEXT BLOCK.TRIAL.RECORDING.DISPLAY_TEXT
1196659.776 KEYBOARD_TEXT BLOCK.TRIAL.RECORDING.KEYBOARD_TEXT
1196660.487 SET_SENTENCE_RT BLOCK.TRIAL.RECORDING.SET_SENTENCE_RT
1196660.711 CHECK_QUESTION BLOCK.TRIAL.RECORDING.CHECK_QUESTION_FALSE
1196667.636 DISPLAY_QUESTION BLOCK.TRIAL.RECORDING.DISPLAY_QUESTION (BEGIN) 
1196682.557 DISPLAY_QUESTION BLOCK.TRIAL.RECORDING.DISPLAY_QUESTION
1209882.545 TRACKER_TIME 13 15287568.965
1209882.623 KEYBOARD_QUESTION BLOCK.TRIAL.RECORDING.KEYBOARD_QUESTION
1209882.971 CHECK_RESPONSE_BUTTON BLOCK.TRIAL.RECORDING.CHECK_RESPONSE_BUTTON_TRUE
1209883.608 SET_VARS_CORRECT BLOCK.TRIAL.RECORDING.SET_VARS_CORRECT
1209885.550 DISPLAY_BLANK BLOCK.TRIAL.RECORDING.DISPLAY_BLANK (BEGIN) 
1209895.268 DISPLAY_BLANK BLOCK.TRIAL.RECORDING.DISPLAY_BLANK
1209895.770 ADD_TO_RESULTS_FILE BLOCK.TRIAL.RECORDING.ADD_TO_RESULTS_FILE
1209980.094 SetValueAction 
1209980.128 SetValueAction 
1209980.155 SetValueAction 
1209980.180 SetValueAction 
1209980.205 SetValueAction 
1209980.229 SetValueAction 
1209980.707 CHECK_NEW_BLOCK BLOCK.TRIAL.CHECK_NEW_BLOCK_TRUE
1209981.123 RESET_VARS BLOCK.TRIAL.RESET_VARS
1210409.170 PREPARE_SEQUENCE BLOCK.TRIAL.PREPARE_SEQUENCE
1211844.459 DRIFT_CORRECT BLOCK.TRIAL.DRIFT_CORRECT
1211962.635 DISPLAY_TEXT BLOCK.TRIAL.RECORDING.DISPLAY_TEXT (BEGIN) 
1211978.154 DISPLAY_TEXT BLOCK.TRIAL.RECORDING.DISPLAY_TEXT
1240056.862 KEYBOARD_TEXT BLOCK.TRIAL.RECORDING.KEYBOARD_TEXT
1240057.634 SET_SENTENCE_RT BLOCK.TRIAL.RECORDING.SET_SENTENCE_RT
1240057.733 CHECK_QUESTION BLOCK.TRIAL.RECORDING.CHECK_QUESTION_TRUE
1240059.425 DISPLAY_BLANK BLOCK.TRIAL.RECORDING.DISPLAY_BLANK (BEGIN) 
1240069.841 DISPLAY_BLANK BLOCK.TRIAL.RECORDING.DISPLAY_BLANK
1240070.353 ADD_TO_RESULTS_FILE BLOCK.TRIAL.RECORDING.ADD_TO_RESULTS_FILE
1240157.091 SetValueAction 
1240157.123 SetValueAction 
1240157.150 SetValueAction 
1240157.175 SetValueAction 
1240157.200 SetValueAction 
1240157.224 SetValueAction 
1240157.594 CHECK_NEW_BLOCK BLOCK.TRIAL.CHECK_NEW_BLOCK_TRUE
1240157.950 RESET_VARS BLOCK.TRIAL.RESET_VARS
1240611.934 PREPARE_SEQUENCE BLOCK.TRIAL.PREPARE_SEQUENCE
1247237.107 DRIFT_CORRECT BLOCK.TRIAL.DRIFT_CORRECT
1247353.889 DISPLAY_TEXT BLOCK.TRIAL.RECORDING.DISPLAY_TEXT (BEGIN) 
1247375.621 DISPLAY_TEXT BLOCK.TRIAL.RECORDING.DISPLAY_TEXT
1288535.769 TRACKER_TIME 14 15366220.592
1288535.848 KEYBOARD_TEXT BLOCK.TRIAL.RECORDING.KEYBOARD_TEXT
1288536.413 SET_SENTENCE_RT BLOCK.TRIAL.RECORDING.SET_SENTENCE_RT
1288536.552 CHECK_QUESTION BLOCK.TRIAL.RECORDING.CHECK_QUESTION_TRUE
1288540.654 DISPLAY_BLANK BLOCK.TRIAL.RECORDING.DISPLAY_BLANK (BEGIN) 
1288555.902 DISPLAY_BLANK BLOCK.TRIAL.RECORDING.DISPLAY_BLANK
1288556.584 ADD_TO_RESULTS_FILE BLOCK.TRIAL.RECORDING.ADD_TO_RESULTS_FILE
1288643.090 SetValueAction 
1288643.124 SetValueAction 
1288643.151 SetValueAction 
1288643.179 SetValueAction 
1288643.205 SetValueAction 
1288643.230 SetValueAction 
1288643.551 CHECK_NEW_BLOCK BLOCK.TRIAL.CHECK_NEW_BLOCK_TRUE
1288643.863 RESET_VARS BLOCK.TRIAL.RESET_VARS
1289065.120 PREPARE_SEQUENCE BLOCK.TRIAL.PREPARE_SEQUENCE
1290835.586 DRIFT_CORRECT BLOCK.TRIAL.DRIFT_CORRECT
1290951.869 DISPLAY_TEXT BLOCK.TRIAL.RECORDING.DISPLAY_TEXT (BEGIN) 
1290970.436 DISPLAY_TEXT BLOCK.TRIAL.RECORDING.DISPLAY_TEXT
1322215.617 KEYBOARD_TEXT BLOCK.TRIAL.RECORDING.KEYBOARD_TEXT
1322216.092 SET_SENTENCE_RT BLOCK.TRIAL.RECORDING.SET_SENTENCE_RT
1322216.191 CHECK_QUESTION BLOCK.TRIAL.RECORDING.CHECK_QUESTION_TRUE
1322218.157 DISPLAY_BLANK BLOCK.TRIAL.RECORDING.DISPLAY_BLANK (BEGIN) 
1322229.327 DISPLAY_BLANK BLOCK.TRIAL.RECORDING.DISPLAY_BLANK
1322229.836 ADD_TO_RESULTS_FILE BLOCK.TRIAL.RECORDING.ADD_TO_RESULTS_FILE
1322315.093 SetValueAction 
1322315.126 SetValueAction 
1322315.153 SetValueAction 
1322315.177 SetValueAction 
1322315.202 SetValueAction 
1322315.227 SetValueAction 
1322315.609 CHECK_NEW_BLOCK BLOCK.TRIAL.CHECK_NEW_BLOCK_TRUE
1322315.968 RESET_VARS BLOCK.TRIAL.RESET_VARS
1322760.482 PREPARE_SEQUENCE BLOCK.TRIAL.PREPARE_SEQUENCE
1323773.389 DRIFT_CORRECT BLOCK.TRIAL.DRIFT_CORRECT
1323891.905 DISPLAY_TEXT BLOCK.TRIAL.RECORDING.DISPLAY_TEXT (BEGIN) 
1323904.050 DISPLAY_TEXT BLOCK.TRIAL.RECORDING.DISPLAY_TEXT
1348023.146 KEYBOARD_TEXT BLOCK.TRIAL.RECORDING.KEYBOARD_TEXT
1348023.870 SET_SENTENCE_RT BLOCK.TRIAL.RECORDING.SET_SENTENCE_RT
1348023.954 CHECK_QUESTION BLOCK.TRIAL.RECORDING.CHECK_QUESTION_TRUE
1348025.942 DISPLAY_BLANK BLOCK.TRIAL.RECORDING.DISPLAY_BLANK (BEGIN) 
1348038.544 DISPLAY_BLANK BLOCK.TRIAL.RECORDING.DISPLAY_BLANK
1348039.087 ADD_TO_RESULTS_FILE BLOCK.TRIAL.RECORDING.ADD_TO_RESULTS_FILE
1348124.142 SetValueAction 
1348124.193 SetValueAction 
1348124.238 SetValueAction 
1348124.279 SetValueAction 
1348124.320 SetValueAction 
1348124.360 SetValueAction 
1348124.861 CHECK_NEW_BLOCK BLOCK.TRIAL.CHECK_NEW_BLOCK_TRUE
1348125.322 RESET_VARS BLOCK.TRIAL.RESET_VARS
1348639.913 TRACKER_TIME 15 15426323.480
1348639.954 PREPARE_SEQUENCE BLOCK.TRIAL.PREPARE_SEQUENCE
1350054.500 DRIFT_CORRECT BLOCK.TRIAL.DRIFT_CORRECT
1350172.629 DISPLAY_TEXT BLOCK.TRIAL.RECORDING.DISPLAY_TEXT (BEGIN) 
1350191.360 DISPLAY_TEXT BLOCK.TRIAL.RECORDING.DISPLAY_TEXT
1399555.444 KEYBOARD_TEXT BLOCK.TRIAL.RECORDING.KEYBOARD_TEXT
1399555.995 SET_SENTENCE_RT BLOCK.TRIAL.RECORDING.SET_SENTENCE_RT
1399556.099 CHECK_QUESTION BLOCK.TRIAL.RECORDING.CHECK_QUESTION_TRUE
1399558.200 DISPLAY_BLANK BLOCK.TRIAL.RECORDING.DISPLAY_BLANK (BEGIN) 
1399573.621 DISPLAY_BLANK BLOCK.TRIAL.RECORDING.DISPLAY_BLANK
1399574.251 ADD_TO_RESULTS_FILE BLOCK.TRIAL.RECORDING.ADD_TO_RESULTS_FILE
1399660.097 SetValueAction 
1399660.129 SetValueAction 
1399660.155 SetValueAction 
1399660.180 SetValueAction 
1399660.206 SetValueAction 
1399660.230 SetValueAction 
1399660.626 CHECK_NEW_BLOCK BLOCK.TRIAL.CHECK_NEW_BLOCK_TRUE
1399661.000 RESET_VARS BLOCK.TRIAL.RESET_VARS
1400075.524 PREPARE_SEQUENCE BLOCK.TRIAL.PREPARE_SEQUENCE
1401697.167 DRIFT_CORRECT BLOCK.TRIAL.DRIFT_CORRECT
1401813.778 DISPLAY_TEXT BLOCK.TRIAL.RECORDING.DISPLAY_TEXT (BEGIN) 
1401826.291 DISPLAY_TEXT BLOCK.TRIAL.RECORDING.DISPLAY_TEXT
1428475.573 TRACKER_TIME 16 15506157.417
1428475.650 KEYBOARD_TEXT BLOCK.TRIAL.RECORDING.KEYBOARD_TEXT
1428476.285 SET_SENTENCE_RT BLOCK.TRIAL.RECORDING.SET_SENTENCE_RT
1428476.347 CHECK_QUESTION BLOCK.TRIAL.RECORDING.CHECK_QUESTION_TRUE
1428478.363 DISPLAY_BLANK BLOCK.TRIAL.RECORDING.DISPLAY_BLANK (BEGIN) 
1428481.516 DISPLAY_BLANK BLOCK.TRIAL.RECORDING.DISPLAY_BLANK
1428482.035 ADD_TO_RESULTS_FILE BLOCK.TRIAL.RECORDING.ADD_TO_RESULTS_FILE
1428568.105 SetValueAction 
1428568.139 SetValueAction 
1428568.166 SetValueAction 
1428568.193 SetValueAction 
1428568.232 SetValueAction 
1428568.257 SetValueAction 
1428568.714 CHECK_NEW_BLOCK BLOCK.TRIAL.CHECK_NEW_BLOCK_TRUE
1428568.994 RESET_VARS BLOCK.TRIAL.RESET_VARS
1429018.360 PREPARE_SEQUENCE BLOCK.TRIAL.PREPARE_SEQUENCE
1430975.066 DRIFT_CORRECT BLOCK.TRIAL.DRIFT_CORRECT
1431094.038 DISPLAY_TEXT BLOCK.TRIAL.RECORDING.DISPLAY_TEXT (BEGIN) 
1431106.051 DISPLAY_TEXT BLOCK.TRIAL.RECORDING.DISPLAY_TEXT
1455419.190 KEYBOARD_TEXT BLOCK.TRIAL.RECORDING.KEYBOARD_TEXT
1455419.815 SET_SENTENCE_RT BLOCK.TRIAL.RECORDING.SET_SENTENCE_RT
1455419.985 CHECK_QUESTION BLOCK.TRIAL.RECORDING.CHECK_QUESTION_TRUE
1455425.632 DISPLAY_BLANK BLOCK.TRIAL.RECORDING.DISPLAY_BLANK (BEGIN) 
1455440.698 DISPLAY_BLANK BLOCK.TRIAL.RECORDING.DISPLAY_BLANK
1455441.141 ADD_TO_RESULTS_FILE BLOCK.TRIAL.RECORDING.ADD_TO_RESULTS_FILE
1455526.098 SetValueAction 
1455526.130 SetValueAction 
1455526.157 SetValueAction 
1455526.182 SetValueAction 
1455526.207 SetValueAction 
1455526.232 SetValueAction 
1455526.677 CHECK_NEW_BLOCK BLOCK.TRIAL.CHECK_NEW_BLOCK_TRUE
1455527.041 RESET_VARS BLOCK.TRIAL.RESET_VARS
1455955.470 PREPARE_SEQUENCE BLOCK.TRIAL.PREPARE_SEQUENCE
1457682.058 DRIFT_CORRECT BLOCK.TRIAL.DRIFT_CORRECT
1457800.644 DISPLAY_TEXT BLOCK.TRIAL.RECORDING.DISPLAY_TEXT (BEGIN) 
1457814.210 DISPLAY_TEXT BLOCK.TRIAL.RECORDING.DISPLAY_TEXT
1484834.149 KEYBOARD_TEXT BLOCK.TRIAL.RECORDING.KEYBOARD_TEXT
1484834.887 SET_SENTENCE_RT BLOCK.TRIAL.RECORDING.SET_SENTENCE_RT
1484835.050 CHECK_QUESTION BLOCK.TRIAL.RECORDING.CHECK_QUESTION_TRUE
1484837.123 DISPLAY_BLANK BLOCK.TRIAL.RECORDING.DISPLAY_BLANK (BEGIN) 
1484848.733 DISPLAY_BLANK BLOCK.TRIAL.RECORDING.DISPLAY_BLANK
1484849.261 ADD_TO_RESULTS_FILE BLOCK.TRIAL.RECORDING.ADD_TO_RESULTS_FILE
1484936.088 SetValueAction 
1484936.120 SetValueAction 
1484936.147 SetValueAction 
1484936.172 SetValueAction 
1484936.197 SetValueAction 
1484936.221 SetValueAction 
1484936.589 CHECK_NEW_BLOCK BLOCK.TRIAL.CHECK_NEW_BLOCK_TRUE
1484936.816 RESET_VARS BLOCK.TRIAL.RESET_VARS
1485383.105 PREPARE_SEQUENCE BLOCK.TRIAL.PREPARE_SEQUENCE
1489758.110 TRACKER_TIME 17 15567438.244
1489758.435 DRIFT_CORRECT BLOCK.TRIAL.DRIFT_CORRECT
1489871.593 DISPLAY_TEXT BLOCK.TRIAL.RECORDING.DISPLAY_TEXT (BEGIN) 
1489880.487 DISPLAY_TEXT BLOCK.TRIAL.RECORDING.DISPLAY_TEXT
1492846.025 KEYBOARD_TEXT BLOCK.TRIAL.RECORDING.KEYBOARD_TEXT
1492846.735 SET_SENTENCE_RT BLOCK.TRIAL.RECORDING.SET_SENTENCE_RT
1492846.807 CHECK_QUESTION BLOCK.TRIAL.RECORDING.CHECK_QUESTION_TRUE
1492848.759 DISPLAY_BLANK BLOCK.TRIAL.RECORDING.DISPLAY_BLANK (BEGIN) 
1492863.161 DISPLAY_BLANK BLOCK.TRIAL.RECORDING.DISPLAY_BLANK
1492863.650 ADD_TO_RESULTS_FILE BLOCK.TRIAL.RECORDING.ADD_TO_RESULTS_FILE
1492948.097 SetValueAction 
1492948.130 SetValueAction 
1492948.166 SetValueAction 
1492948.191 SetValueAction 
1492948.217 SetValueAction 
1492948.243 SetValueAction 
1492948.603 CHECK_NEW_BLOCK BLOCK.TRIAL.CHECK_NEW_BLOCK_TRUE
1492948.958 RESET_VARS BLOCK.TRIAL.RESET_VARS
1493383.940 PREPARE_SEQUENCE BLOCK.TRIAL.PREPARE_SEQUENCE
1494507.903 DRIFT_CORRECT BLOCK.TRIAL.DRIFT_CORRECT
1494623.001 DISPLAY_TEXT BLOCK.TRIAL.RECORDING.DISPLAY_TEXT (BEGIN) 
1494629.022 DISPLAY_TEXT BLOCK.TRIAL.RECORDING.DISPLAY_TEXT
1498612.647 KEYBOARD_TEXT BLOCK.TRIAL.RECORDING.KEYBOARD_TEXT
1498613.047 SET_SENTENCE_RT BLOCK.TRIAL.RECORDING.SET_SENTENCE_RT
1498613.143 CHECK_QUESTION BLOCK.TRIAL.RECORDING.CHECK_QUESTION_TRUE
1498615.144 DISPLAY_BLANK BLOCK.TRIAL.RECORDING.DISPLAY_BLANK (BEGIN) 
1498628.100 DISPLAY_BLANK BLOCK.TRIAL.RECORDING.DISPLAY_BLANK
1498628.569 ADD_TO_RESULTS_FILE BLOCK.TRIAL.RECORDING.ADD_TO_RESULTS_FILE
1498713.096 SetValueAction 
1498713.130 SetValueAction 
1498713.165 SetValueAction 
1498713.190 SetValueAction 
1498713.216 SetValueAction 
1498713.241 SetValueAction 
1498713.568 CHECK_NEW_BLOCK BLOCK.TRIAL.CHECK_NEW_BLOCK_TRUE
1498713.877 RESET_VARS BLOCK.TRIAL.RESET_VARS
1499152.633 PREPARE_SEQUENCE BLOCK.TRIAL.PREPARE_SEQUENCE
1500311.826 DRIFT_CORRECT BLOCK.TRIAL.DRIFT_CORRECT
1500434.017 DISPLAY_TEXT BLOCK.TRIAL.RECORDING.DISPLAY_TEXT (BEGIN) 
1500455.379 DISPLAY_TEXT BLOCK.TRIAL.RECORDING.DISPLAY_TEXT
1537651.152 KEYBOARD_TEXT BLOCK.TRIAL.RECORDING.KEYBOARD_TEXT
1537651.711 SET_SENTENCE_RT BLOCK.TRIAL.RECORDING.SET_SENTENCE_RT
1537651.840 CHECK_QUESTION BLOCK.TRIAL.RECORDING.CHECK_QUESTION_TRUE
1537653.746 DISPLAY_BLANK BLOCK.TRIAL.RECORDING.DISPLAY_BLANK (BEGIN) 
1537666.773 DISPLAY_BLANK BLOCK.TRIAL.RECORDING.DISPLAY_BLANK
1537667.300 ADD_TO_RESULTS_FILE BLOCK.TRIAL.RECORDING.ADD_TO_RESULTS_FILE
1537752.099 SetValueAction 
1537752.132 SetValueAction 
1537752.159 SetValueAction 
1537752.185 SetValueAction 
1537752.210 SetValueAction 
1537752.235 SetValueAction 
1537752.689 CHECK_NEW_BLOCK BLOCK.TRIAL.CHECK_NEW_BLOCK_TRUE
1537752.988 RESET_VARS BLOCK.TRIAL.RESET_VARS
1538185.536 PREPARE_SEQUENCE BLOCK.TRIAL.PREPARE_SEQUENCE
1539573.563 DRIFT_CORRECT BLOCK.TRIAL.DRIFT_CORRECT
1539688.641 DISPLAY_TEXT BLOCK.TRIAL.RECORDING.DISPLAY_TEXT (BEGIN) 
1539710.350 DISPLAY_TEXT BLOCK.TRIAL.RECORDING.DISPLAY_TEXT
1595858.529 TRACKER_TIME 18 15673536.862
1595858.599 KEYBOARD_TEXT BLOCK.TRIAL.RECORDING.KEYBOARD_TEXT
1595859.266 SET_SENTENCE_RT BLOCK.TRIAL.RECORDING.SET_SENTENCE_RT
1595859.405 CHECK_QUESTION BLOCK.TRIAL.RECORDING.CHECK_QUESTION_TRUE
1595861.358 DISPLAY_BLANK BLOCK.TRIAL.RECORDING.DISPLAY_BLANK (BEGIN) 
1595866.239 DISPLAY_BLANK BLOCK.TRIAL.RECORDING.DISPLAY_BLANK
1595866.819 ADD_TO_RESULTS_FILE BLOCK.TRIAL.RECORDING.ADD_TO_RESULTS_FILE
1595951.118 SetValueAction 
1595951.149 SetValueAction 
1595951.176 SetValueAction 
1595951.202 SetValueAction 
1595951.227 SetValueAction 
1595951.252 SetValueAction 
1595951.727 CHECK_NEW_BLOCK BLOCK.TRIAL.CHECK_NEW_BLOCK_TRUE
1595952.170 RESET_VARS BLOCK.TRIAL.RESET_VARS
1596359.392 PREPARE_SEQUENCE BLOCK.TRIAL.PREPARE_SEQUENCE
1597672.647 DRIFT_CORRECT BLOCK.TRIAL.DRIFT_CORRECT
1597787.914 DISPLAY_TEXT BLOCK.TRIAL.RECORDING.DISPLAY_TEXT (BEGIN) 
1597804.839 DISPLAY_TEXT BLOCK.TRIAL.RECORDING.DISPLAY_TEXT
1637964.681 KEYBOARD_TEXT BLOCK.TRIAL.RECORDING.KEYBOARD_TEXT
1637965.347 SET_SENTENCE_RT BLOCK.TRIAL.RECORDING.SET_SENTENCE_RT
1637965.479 CHECK_QUESTION BLOCK.TRIAL.RECORDING.CHECK_QUESTION_TRUE
1637967.397 DISPLAY_BLANK BLOCK.TRIAL.RECORDING.DISPLAY_BLANK (BEGIN) 
1637970.632 DISPLAY_BLANK BLOCK.TRIAL.RECORDING.DISPLAY_BLANK
1637971.209 ADD_TO_RESULTS_FILE BLOCK.TRIAL.RECORDING.ADD_TO_RESULTS_FILE
1638056.094 SetValueAction 
1638056.127 SetValueAction 
1638056.155 SetValueAction 
1638056.180 SetValueAction 
1638056.205 SetValueAction 
1638056.230 SetValueAction 
1638056.578 CHECK_NEW_BLOCK BLOCK.TRIAL.CHECK_NEW_BLOCK_TRUE
1638056.834 RESET_VARS BLOCK.TRIAL.RESET_VARS
1638479.389 PREPARE_SEQUENCE BLOCK.TRIAL.PREPARE_SEQUENCE
1641457.465 DRIFT_CORRECT BLOCK.TRIAL.DRIFT_CORRECT
1641571.858 DISPLAY_TEXT BLOCK.TRIAL.RECORDING.DISPLAY_TEXT (BEGIN) 
1641589.094 DISPLAY_TEXT BLOCK.TRIAL.RECORDING.DISPLAY_TEXT
1684189.010 TRACKER_TIME 19 15761865.478
1684189.085 KEYBOARD_TEXT BLOCK.TRIAL.RECORDING.KEYBOARD_TEXT
1684189.834 SET_SENTENCE_RT BLOCK.TRIAL.RECORDING.SET_SENTENCE_RT
1684189.955 CHECK_QUESTION BLOCK.TRIAL.RECORDING.CHECK_QUESTION_TRUE
1684192.227 DISPLAY_BLANK BLOCK.TRIAL.RECORDING.DISPLAY_BLANK (BEGIN) 
1684207.554 DISPLAY_BLANK BLOCK.TRIAL.RECORDING.DISPLAY_BLANK
1684208.047 ADD_TO_RESULTS_FILE BLOCK.TRIAL.RECORDING.ADD_TO_RESULTS_FILE
1684294.088 SetValueAction 
1684294.120 SetValueAction 
1684294.147 SetValueAction 
1684294.173 SetValueAction 
1684294.198 SetValueAction 
1684294.225 SetValueAction 
1684294.576 CHECK_NEW_BLOCK BLOCK.TRIAL.CHECK_NEW_BLOCK_TRUE
1684294.897 RESET_VARS BLOCK.TRIAL.RESET_VARS
1684732.135 PREPARE_SEQUENCE BLOCK.TRIAL.PREPARE_SEQUENCE
1686104.303 DRIFT_CORRECT BLOCK.TRIAL.DRIFT_CORRECT
1686220.077 DISPLAY_TEXT BLOCK.TRIAL.RECORDING.DISPLAY_TEXT (BEGIN) 
1686233.753 DISPLAY_TEXT BLOCK.TRIAL.RECORDING.DISPLAY_TEXT
1706727.784 KEYBOARD_TEXT BLOCK.TRIAL.RECORDING.KEYBOARD_TEXT
1706728.322 SET_SENTENCE_RT BLOCK.TRIAL.RECORDING.SET_SENTENCE_RT
1706728.460 CHECK_QUESTION BLOCK.TRIAL.RECORDING.CHECK_QUESTION_FALSE
1706731.353 DISPLAY_QUESTION BLOCK.TRIAL.RECORDING.DISPLAY_QUESTION (BEGIN) 
1706735.286 DISPLAY_QUESTION BLOCK.TRIAL.RECORDING.DISPLAY_QUESTION
1710131.537 KEYBOARD_QUESTION BLOCK.TRIAL.RECORDING.KEYBOARD_QUESTION
1710131.718 CHECK_RESPONSE_BUTTON BLOCK.TRIAL.RECORDING.CHECK_RESPONSE_BUTTON_TRUE
1710132.342 SET_VARS_CORRECT BLOCK.TRIAL.RECORDING.SET_VARS_CORRECT
1710134.218 DISPLAY_BLANK BLOCK.TRIAL.RECORDING.DISPLAY_BLANK (BEGIN) 
1710150.056 DISPLAY_BLANK BLOCK.TRIAL.RECORDING.DISPLAY_BLANK
1710150.656 ADD_TO_RESULTS_FILE BLOCK.TRIAL.RECORDING.ADD_TO_RESULTS_FILE
1710236.092 SetValueAction 
1710236.125 SetValueAction 
1710236.151 SetValueAction 
1710236.176 SetValueAction 
1710236.201 SetValueAction 
1710236.225 SetValueAction 
1710236.566 CHECK_NEW_BLOCK BLOCK.TRIAL.CHECK_NEW_BLOCK_TRUE
1710236.933 RESET_VARS BLOCK.TRIAL.RESET_VARS
1710708.216 PREPARE_SEQUENCE BLOCK.TRIAL.PREPARE_SEQUENCE
1711963.469 DRIFT_CORRECT BLOCK.TRIAL.DRIFT_CORRECT
1712079.967 DISPLAY_TEXT BLOCK.TRIAL.RECORDING.DISPLAY_TEXT (BEGIN) 
1712096.239 DISPLAY_TEXT BLOCK.TRIAL.RECORDING.DISPLAY_TEXT
1731969.098 KEYBOARD_TEXT BLOCK.TRIAL.RECORDING.KEYBOARD_TEXT
1731969.871 SET_SENTENCE_RT BLOCK.TRIAL.RECORDING.SET_SENTENCE_RT
1731970.057 CHECK_QUESTION BLOCK.TRIAL.RECORDING.CHECK_QUESTION_TRUE
1731971.888 DISPLAY_BLANK BLOCK.TRIAL.RECORDING.DISPLAY_BLANK (BEGIN) 
1731976.674 DISPLAY_BLANK BLOCK.TRIAL.RECORDING.DISPLAY_BLANK
1731977.362 ADD_TO_RESULTS_FILE BLOCK.TRIAL.RECORDING.ADD_TO_RESULTS_FILE
1732063.093 SetValueAction 
1732063.125 SetValueAction 
1732063.152 SetValueAction 
1732063.177 SetValueAction 
1732063.220 SetValueAction 
1732063.262 SetValueAction 
1732063.735 CHECK_NEW_BLOCK BLOCK.TRIAL.CHECK_NEW_BLOCK_TRUE
1732064.124 RESET_VARS BLOCK.TRIAL.RESET_VARS
1732470.573 PREPARE_SEQUENCE BLOCK.TRIAL.PREPARE_SEQUENCE
1733524.075 DRIFT_CORRECT BLOCK.TRIAL.DRIFT_CORRECT
1733637.693 DISPLAY_TEXT BLOCK.TRIAL.RECORDING.DISPLAY_TEXT (BEGIN) 
1733654.973 DISPLAY_TEXT BLOCK.TRIAL.RECORDING.DISPLAY_TEXT
1740247.473 KEYBOARD_TEXT BLOCK.TRIAL.RECORDING.KEYBOARD_TEXT
1740247.870 SET_SENTENCE_RT BLOCK.TRIAL.RECORDING.SET_SENTENCE_RT
1740247.929 CHECK_QUESTION BLOCK.TRIAL.RECORDING.CHECK_QUESTION_TRUE
1740249.924 DISPLAY_BLANK BLOCK.TRIAL.RECORDING.DISPLAY_BLANK (BEGIN) 
1740257.704 DISPLAY_BLANK BLOCK.TRIAL.RECORDING.DISPLAY_BLANK
1740258.226 ADD_TO_RESULTS_FILE BLOCK.TRIAL.RECORDING.ADD_TO_RESULTS_FILE
1740343.099 SetValueAction 
1740343.133 SetValueAction 
1740343.161 SetValueAction 
1740343.187 SetValueAction 
1740343.212 SetValueAction 
1740343.238 SetValueAction 
1740343.612 CHECK_NEW_BLOCK BLOCK.TRIAL.CHECK_NEW_BLOCK_TRUE
1740343.967 RESET_VARS BLOCK.TRIAL.RESET_VARS
1740781.307 PREPARE_SEQUENCE BLOCK.TRIAL.PREPARE_SEQUENCE
1746184.531 TRACKER_TIME 20 15823859.267
1746184.882 DRIFT_CORRECT BLOCK.TRIAL.DRIFT_CORRECT
1746298.825 DISPLAY_TEXT BLOCK.TRIAL.RECORDING.DISPLAY_TEXT (BEGIN) 
1746320.664 DISPLAY_TEXT BLOCK.TRIAL.RECORDING.DISPLAY_TEXT
1791416.367 KEYBOARD_TEXT BLOCK.TRIAL.RECORDING.KEYBOARD_TEXT
1791417.087 SET_SENTENCE_RT BLOCK.TRIAL.RECORDING.SET_SENTENCE_RT
1791417.273 CHECK_QUESTION BLOCK.TRIAL.RECORDING.CHECK_QUESTION_TRUE
1791419.182 DISPLAY_BLANK BLOCK.TRIAL.RECORDING.DISPLAY_BLANK (BEGIN) 
1791426.177 DISPLAY_BLANK BLOCK.TRIAL.RECORDING.DISPLAY_BLANK
1791426.917 ADD_TO_RESULTS_FILE BLOCK.TRIAL.RECORDING.ADD_TO_RESULTS_FILE
1791511.098 SetValueAction 
1791511.130 SetValueAction 
1791511.157 SetValueAction 
1791511.182 SetValueAction 
1791511.206 SetValueAction 
1791511.230 SetValueAction 
1791511.701 CHECK_NEW_BLOCK BLOCK.TRIAL.CHECK_NEW_BLOCK_TRUE
1791512.084 RESET_VARS BLOCK.TRIAL.RESET_VARS
1791963.152 PREPARE_SEQUENCE BLOCK.TRIAL.PREPARE_SEQUENCE
1793829.920 DRIFT_CORRECT BLOCK.TRIAL.DRIFT_CORRECT
1793943.818 DISPLAY_TEXT BLOCK.TRIAL.RECORDING.DISPLAY_TEXT (BEGIN) 
1793965.571 DISPLAY_TEXT BLOCK.TRIAL.RECORDING.DISPLAY_TEXT
1828782.392 TRACKER_TIME 21 15906455.782
1828782.465 KEYBOARD_TEXT BLOCK.TRIAL.RECORDING.KEYBOARD_TEXT
1828782.862 SET_SENTENCE_RT BLOCK.TRIAL.RECORDING.SET_SENTENCE_RT
1828782.950 CHECK_QUESTION BLOCK.TRIAL.RECORDING.CHECK_QUESTION_TRUE
1828784.650 DISPLAY_BLANK BLOCK.TRIAL.RECORDING.DISPLAY_BLANK (BEGIN) 
1828798.833 DISPLAY_BLANK BLOCK.TRIAL.RECORDING.DISPLAY_BLANK
1828799.442 ADD_TO_RESULTS_FILE BLOCK.TRIAL.RECORDING.ADD_TO_RESULTS_FILE
1828884.094 SetValueAction 
1828884.130 SetValueAction 
1828884.157 SetValueAction 
1828884.182 SetValueAction 
1828884.207 SetValueAction 
1828884.232 SetValueAction 
1828884.588 CHECK_NEW_BLOCK BLOCK.TRIAL.CHECK_NEW_BLOCK_TRUE
1828884.944 RESET_VARS BLOCK.TRIAL.RESET_VARS
1829357.837 PREPARE_SEQUENCE BLOCK.TRIAL.PREPARE_SEQUENCE
1831482.765 DRIFT_CORRECT BLOCK.TRIAL.DRIFT_CORRECT
1831599.146 DISPLAY_TEXT BLOCK.TRIAL.RECORDING.DISPLAY_TEXT (BEGIN) 
1831614.728 DISPLAY_TEXT BLOCK.TRIAL.RECORDING.DISPLAY_TEXT
1856246.699 KEYBOARD_TEXT BLOCK.TRIAL.RECORDING.KEYBOARD_TEXT
1856247.417 SET_SENTENCE_RT BLOCK.TRIAL.RECORDING.SET_SENTENCE_RT
1856247.602 CHECK_QUESTION BLOCK.TRIAL.RECORDING.CHECK_QUESTION_TRUE
1856249.599 DISPLAY_BLANK BLOCK.TRIAL.RECORDING.DISPLAY_BLANK (BEGIN) 
1856257.319 DISPLAY_BLANK BLOCK.TRIAL.RECORDING.DISPLAY_BLANK
1856257.869 ADD_TO_RESULTS_FILE BLOCK.TRIAL.RECORDING.ADD_TO_RESULTS_FILE
1856344.090 SetValueAction 
1856344.123 SetValueAction 
1856344.150 SetValueAction 
1856344.176 SetValueAction 
1856344.203 SetValueAction 
1856344.229 SetValueAction 
1856344.581 CHECK_NEW_BLOCK BLOCK.TRIAL.CHECK_NEW_BLOCK_TRUE
1856344.810 RESET_VARS BLOCK.TRIAL.RESET_VARS
1856818.776 PREPARE_SEQUENCE BLOCK.TRIAL.PREPARE_SEQUENCE
1859062.913 DRIFT_CORRECT BLOCK.TRIAL.DRIFT_CORRECT
1859179.764 DISPLAY_TEXT BLOCK.TRIAL.RECORDING.DISPLAY_TEXT (BEGIN) 
1859199.295 DISPLAY_TEXT BLOCK.TRIAL.RECORDING.DISPLAY_TEXT
1891246.133 TRACKER_TIME 22 15968918.249
1891246.209 KEYBOARD_TEXT BLOCK.TRIAL.RECORDING.KEYBOARD_TEXT
1891246.857 SET_SENTENCE_RT BLOCK.TRIAL.RECORDING.SET_SENTENCE_RT
1891247.060 CHECK_QUESTION BLOCK.TRIAL.RECORDING.CHECK_QUESTION_TRUE
1891248.892 DISPLAY_BLANK BLOCK.TRIAL.RECORDING.DISPLAY_BLANK (BEGIN) 
1891264.038 DISPLAY_BLANK BLOCK.TRIAL.RECORDING.DISPLAY_BLANK
1891264.523 ADD_TO_RESULTS_FILE BLOCK.TRIAL.RECORDING.ADD_TO_RESULTS_FILE
1891351.091 SetValueAction 
1891351.123 SetValueAction 
1891351.151 SetValueAction 
1891351.176 SetValueAction 
1891351.201 SetValueAction 
1891351.225 SetValueAction 
1891351.715 CHECK_NEW_BLOCK BLOCK.TRIAL.CHECK_NEW_BLOCK_TRUE
1891352.144 RESET_VARS BLOCK.TRIAL.RESET_VARS
1891808.521 PREPARE_SEQUENCE BLOCK.TRIAL.PREPARE_SEQUENCE
1892808.851 DRIFT_CORRECT BLOCK.TRIAL.DRIFT_CORRECT
1892924.134 DISPLAY_TEXT BLOCK.TRIAL.RECORDING.DISPLAY_TEXT (BEGIN) 
1892942.526 DISPLAY_TEXT BLOCK.TRIAL.RECORDING.DISPLAY_TEXT
1924566.034 KEYBOARD_TEXT BLOCK.TRIAL.RECORDING.KEYBOARD_TEXT
1924566.808 SET_SENTENCE_RT BLOCK.TRIAL.RECORDING.SET_SENTENCE_RT
1924567.016 CHECK_QUESTION BLOCK.TRIAL.RECORDING.CHECK_QUESTION_FALSE
1924572.666 DISPLAY_QUESTION BLOCK.TRIAL.RECORDING.DISPLAY_QUESTION (BEGIN) 
1924587.680 DISPLAY_QUESTION BLOCK.TRIAL.RECORDING.DISPLAY_QUESTION
1929905.907 KEYBOARD_QUESTION BLOCK.TRIAL.RECORDING.KEYBOARD_QUESTION
1929906.226 CHECK_RESPONSE_BUTTON BLOCK.TRIAL.RECORDING.CHECK_RESPONSE_BUTTON_FALSE
1929906.905 SET_VARS_INCORRECT BLOCK.TRIAL.RECORDING.SET_VARS_INCORRECT
1929908.774 DISPLAY_BLANK BLOCK.TRIAL.RECORDING.DISPLAY_BLANK (BEGIN) 
1929919.339 DISPLAY_BLANK BLOCK.TRIAL.RECORDING.DISPLAY_BLANK
1929919.974 ADD_TO_RESULTS_FILE BLOCK.TRIAL.RECORDING.ADD_TO_RESULTS_FILE
1930005.092 SetValueAction 
1930005.124 SetValueAction 
1930005.151 SetValueAction 
1930005.176 SetValueAction 
1930005.201 SetValueAction 
1930005.229 SetValueAction 
1930005.695 CHECK_NEW_BLOCK BLOCK.TRIAL.CHECK_NEW_BLOCK_TRUE
1930006.107 RESET_VARS BLOCK.TRIAL.RESET_VARS
1930438.109 PREPARE_SEQUENCE BLOCK.TRIAL.PREPARE_SEQUENCE
1933680.540 DRIFT_CORRECT BLOCK.TRIAL.DRIFT_CORRECT
1933796.842 DISPLAY_TEXT BLOCK.TRIAL.RECORDING.DISPLAY_TEXT (BEGIN) 
1933820.517 DISPLAY_TEXT BLOCK.TRIAL.RECORDING.DISPLAY_TEXT
1981202.050 TRACKER_TIME 23 16058872.270
1981202.127 KEYBOARD_TEXT BLOCK.TRIAL.RECORDING.KEYBOARD_TEXT
1981202.790 SET_SENTENCE_RT BLOCK.TRIAL.RECORDING.SET_SENTENCE_RT
1981202.898 CHECK_QUESTION BLOCK.TRIAL.RECORDING.CHECK_QUESTION_TRUE
1981204.871 DISPLAY_BLANK BLOCK.TRIAL.RECORDING.DISPLAY_BLANK (BEGIN) 
1981221.306 DISPLAY_BLANK BLOCK.TRIAL.RECORDING.DISPLAY_BLANK
1981221.895 ADD_TO_RESULTS_FILE BLOCK.TRIAL.RECORDING.ADD_TO_RESULTS_FILE
1981307.144 SetValueAction 
1981307.176 SetValueAction 
1981307.203 SetValueAction 
1981307.229 SetValueAction 
1981307.254 SetValueAction 
1981307.279 SetValueAction 
1981307.775 CHECK_NEW_BLOCK BLOCK.TRIAL.CHECK_NEW_BLOCK_FALSE
1981310.374 NEW_COUNTERBALANCE_BREAK BLOCK.TRIAL.NEW_COUNTERBALANCE_BREAK (BEGIN) 
1981321.079 NEW_COUNTERBALANCE_BREAK BLOCK.TRIAL.NEW_COUNTERBALANCE_BREAK
3093320.051 TRACKER_TIME 24 17170966.750
3093320.135 KEYBOARD[1] BLOCK.TRIAL.KEYBOARD[1]
3123988.971 EL_CAMERA_SETUP BLOCK.TRIAL.EL_CAMERA_SETUP
3123991.872 EXPERIMENT_CONTINUE BLOCK.TRIAL.EXPERIMENT_CONTINUE (BEGIN) 
3124005.743 EXPERIMENT_CONTINUE BLOCK.TRIAL.EXPERIMENT_CONTINUE
3129920.758 KEYBOARD BLOCK.TRIAL.KEYBOARD
3129921.202 RESET_VARS BLOCK.TRIAL.RESET_VARS
3130366.879 PREPARE_SEQUENCE BLOCK.TRIAL.PREPARE_SEQUENCE
3132177.162 DRIFT_CORRECT BLOCK.TRIAL.DRIFT_CORRECT
3132292.846 DISPLAY_TEXT BLOCK.TRIAL.RECORDING.DISPLAY_TEXT (BEGIN) 
3132303.188 DISPLAY_TEXT BLOCK.TRIAL.RECORDING.DISPLAY_TEXT
3133831.560 KEYBOARD_TEXT BLOCK.TRIAL.RECORDING.KEYBOARD_TEXT
3133832.081 SET_SENTENCE_RT BLOCK.TRIAL.RECORDING.SET_SENTENCE_RT
3133832.171 CHECK_QUESTION BLOCK.TRIAL.RECORDING.CHECK_QUESTION_TRUE
3133837.631 DISPLAY_BLANK BLOCK.TRIAL.RECORDING.DISPLAY_BLANK (BEGIN) 
3133852.895 DISPLAY_BLANK BLOCK.TRIAL.RECORDING.DISPLAY_BLANK
3133853.448 ADD_TO_RESULTS_FILE BLOCK.TRIAL.RECORDING.ADD_TO_RESULTS_FILE
3133940.092 SetValueAction 
3133940.124 SetValueAction 
3133940.152 SetValueAction 
3133940.177 SetValueAction 
3133940.202 SetValueAction 
3133940.227 SetValueAction 
3133940.585 CHECK_NEW_BLOCK BLOCK.TRIAL.CHECK_NEW_BLOCK_TRUE
3133940.877 RESET_VARS BLOCK.TRIAL.RESET_VARS
3134388.527 PREPARE_SEQUENCE BLOCK.TRIAL.PREPARE_SEQUENCE
3135544.370 DRIFT_CORRECT BLOCK.TRIAL.DRIFT_CORRECT
3135661.933 DISPLAY_TEXT BLOCK.TRIAL.RECORDING.DISPLAY_TEXT (BEGIN) 
3135677.311 DISPLAY_TEXT BLOCK.TRIAL.RECORDING.DISPLAY_TEXT
3157268.835 TRACKER_TIME 25 17234914.268
3157268.912 KEYBOARD_TEXT BLOCK.TRIAL.RECORDING.KEYBOARD_TEXT
3157269.281 SET_SENTENCE_RT BLOCK.TRIAL.RECORDING.SET_SENTENCE_RT
3157269.339 CHECK_QUESTION BLOCK.TRIAL.RECORDING.CHECK_QUESTION_TRUE
3157271.097 DISPLAY_BLANK BLOCK.TRIAL.RECORDING.DISPLAY_BLANK (BEGIN) 
3157279.189 DISPLAY_BLANK BLOCK.TRIAL.RECORDING.DISPLAY_BLANK
3157279.864 ADD_TO_RESULTS_FILE BLOCK.TRIAL.RECORDING.ADD_TO_RESULTS_FILE
3157365.094 SetValueAction 
3157365.127 SetValueAction 
3157365.154 SetValueAction 
3157365.181 SetValueAction 
3157365.206 SetValueAction 
3157365.236 SetValueAction 
3157365.700 CHECK_NEW_BLOCK BLOCK.TRIAL.CHECK_NEW_BLOCK_TRUE
3157366.100 RESET_VARS BLOCK.TRIAL.RESET_VARS
3157812.564 PREPARE_SEQUENCE BLOCK.TRIAL.PREPARE_SEQUENCE
3159018.392 DRIFT_CORRECT BLOCK.TRIAL.DRIFT_CORRECT
3159134.053 DISPLAY_TEXT BLOCK.TRIAL.RECORDING.DISPLAY_TEXT (BEGIN) 
3159162.983 DISPLAY_TEXT BLOCK.TRIAL.RECORDING.DISPLAY_TEXT
3207868.324 KEYBOARD_TEXT BLOCK.TRIAL.RECORDING.KEYBOARD_TEXT
3207868.832 SET_SENTENCE_RT BLOCK.TRIAL.RECORDING.SET_SENTENCE_RT
3207868.912 CHECK_QUESTION BLOCK.TRIAL.RECORDING.CHECK_QUESTION_TRUE
3207870.847 DISPLAY_BLANK BLOCK.TRIAL.RECORDING.DISPLAY_BLANK (BEGIN) 
3207881.220 DISPLAY_BLANK BLOCK.TRIAL.RECORDING.DISPLAY_BLANK
3207881.861 ADD_TO_RESULTS_FILE BLOCK.TRIAL.RECORDING.ADD_TO_RESULTS_FILE
3207967.145 SetValueAction 
3207967.200 SetValueAction 
3207967.245 SetValueAction 
3207967.286 SetValueAction 
3207967.329 SetValueAction 
3207967.370 SetValueAction 
3207967.890 CHECK_NEW_BLOCK BLOCK.TRIAL.CHECK_NEW_BLOCK_TRUE
3207968.400 RESET_VARS BLOCK.TRIAL.RESET_VARS
3208410.792 PREPARE_SEQUENCE BLOCK.TRIAL.PREPARE_SEQUENCE
3209508.983 DRIFT_CORRECT BLOCK.TRIAL.DRIFT_CORRECT
3209622.812 DISPLAY_TEXT BLOCK.TRIAL.RECORDING.DISPLAY_TEXT (BEGIN) 
3209641.076 DISPLAY_TEXT BLOCK.TRIAL.RECORDING.DISPLAY_TEXT
3230211.721 TRACKER_TIME 26 17307855.609
3230211.769 KEYBOARD_TEXT BLOCK.TRIAL.RECORDING.KEYBOARD_TEXT
3230212.298 SET_SENTENCE_RT BLOCK.TRIAL.RECORDING.SET_SENTENCE_RT
3230212.445 CHECK_QUESTION BLOCK.TRIAL.RECORDING.CHECK_QUESTION_FALSE
3230215.143 DISPLAY_QUESTION BLOCK.TRIAL.RECORDING.DISPLAY_QUESTION (BEGIN) 
3230224.706 DISPLAY_QUESTION BLOCK.TRIAL.RECORDING.DISPLAY_QUESTION
3235597.953 KEYBOARD_QUESTION BLOCK.TRIAL.RECORDING.KEYBOARD_QUESTION
3235598.165 CHECK_RESPONSE_BUTTON BLOCK.TRIAL.RECORDING.CHECK_RESPONSE_BUTTON_TRUE
3235598.759 SET_VARS_CORRECT BLOCK.TRIAL.RECORDING.SET_VARS_CORRECT
3235600.553 DISPLAY_BLANK BLOCK.TRIAL.RECORDING.DISPLAY_BLANK (BEGIN) 
3235606.361 DISPLAY_BLANK BLOCK.TRIAL.RECORDING.DISPLAY_BLANK
3235606.930 ADD_TO_RESULTS_FILE BLOCK.TRIAL.RECORDING.ADD_TO_RESULTS_FILE
3235694.095 SetValueAction 
3235694.129 SetValueAction 
3235694.164 SetValueAction 
3235694.189 SetValueAction 
3235694.214 SetValueAction 
3235694.239 SetValueAction 
3235694.708 CHECK_NEW_BLOCK BLOCK.TRIAL.CHECK_NEW_BLOCK_TRUE
3235695.020 RESET_VARS BLOCK.TRIAL.RESET_VARS
3236138.731 PREPARE_SEQUENCE BLOCK.TRIAL.PREPARE_SEQUENCE
3237142.376 DRIFT_CORRECT BLOCK.TRIAL.DRIFT_CORRECT
3237256.862 DISPLAY_TEXT BLOCK.TRIAL.RECORDING.DISPLAY_TEXT (BEGIN) 
3237277.415 DISPLAY_TEXT BLOCK.TRIAL.RECORDING.DISPLAY_TEXT
3269545.523 KEYBOARD_TEXT BLOCK.TRIAL.RECORDING.KEYBOARD_TEXT
3269546.132 SET_SENTENCE_RT BLOCK.TRIAL.RECORDING.SET_SENTENCE_RT
3269546.265 CHECK_QUESTION BLOCK.TRIAL.RECORDING.CHECK_QUESTION_TRUE
3269548.230 DISPLAY_BLANK BLOCK.TRIAL.RECORDING.DISPLAY_BLANK (BEGIN) 
3269563.451 DISPLAY_BLANK BLOCK.TRIAL.RECORDING.DISPLAY_BLANK
3269564.019 ADD_TO_RESULTS_FILE BLOCK.TRIAL.RECORDING.ADD_TO_RESULTS_FILE
3269650.115 SetValueAction 
3269650.155 SetValueAction 
3269650.183 SetValueAction 
3269650.208 SetValueAction 
3269650.233 SetValueAction 
3269650.257 SetValueAction 
3269650.610 CHECK_NEW_BLOCK BLOCK.TRIAL.CHECK_NEW_BLOCK_TRUE
3269650.919 RESET_VARS BLOCK.TRIAL.RESET_VARS
3270113.750 PREPARE_SEQUENCE BLOCK.TRIAL.PREPARE_SEQUENCE
3271065.018 DRIFT_CORRECT BLOCK.TRIAL.DRIFT_CORRECT
3271183.925 DISPLAY_TEXT BLOCK.TRIAL.RECORDING.DISPLAY_TEXT (BEGIN) 
3271209.724 DISPLAY_TEXT BLOCK.TRIAL.RECORDING.DISPLAY_TEXT
3316962.081 TRACKER_TIME 27 17394604.104
3316962.155 KEYBOARD_TEXT BLOCK.TRIAL.RECORDING.KEYBOARD_TEXT
3316962.963 SET_SENTENCE_RT BLOCK.TRIAL.RECORDING.SET_SENTENCE_RT
3316963.163 CHECK_QUESTION BLOCK.TRIAL.RECORDING.CHECK_QUESTION_FALSE
3316966.062 DISPLAY_QUESTION BLOCK.TRIAL.RECORDING.DISPLAY_QUESTION (BEGIN) 
3316983.029 DISPLAY_QUESTION BLOCK.TRIAL.RECORDING.DISPLAY_QUESTION
3322891.511 KEYBOARD_QUESTION BLOCK.TRIAL.RECORDING.KEYBOARD_QUESTION
3322891.696 CHECK_RESPONSE_BUTTON BLOCK.TRIAL.RECORDING.CHECK_RESPONSE_BUTTON_TRUE
3322892.213 SET_VARS_CORRECT BLOCK.TRIAL.RECORDING.SET_VARS_CORRECT
3322893.969 DISPLAY_BLANK BLOCK.TRIAL.RECORDING.DISPLAY_BLANK (BEGIN) 
3322897.577 DISPLAY_BLANK BLOCK.TRIAL.RECORDING.DISPLAY_BLANK
3322898.190 ADD_TO_RESULTS_FILE BLOCK.TRIAL.RECORDING.ADD_TO_RESULTS_FILE
3322985.096 SetValueAction 
3322985.128 SetValueAction 
3322985.155 SetValueAction 
3322985.181 SetValueAction 
3322985.206 SetValueAction 
3322985.231 SetValueAction 
3322985.722 CHECK_NEW_BLOCK BLOCK.TRIAL.CHECK_NEW_BLOCK_TRUE
3322986.009 RESET_VARS BLOCK.TRIAL.RESET_VARS
3323460.171 PREPARE_SEQUENCE BLOCK.TRIAL.PREPARE_SEQUENCE
3324725.205 DRIFT_CORRECT BLOCK.TRIAL.DRIFT_CORRECT
3324847.045 DISPLAY_TEXT BLOCK.TRIAL.RECORDING.DISPLAY_TEXT (BEGIN) 
3324872.022 DISPLAY_TEXT BLOCK.TRIAL.RECORDING.DISPLAY_TEXT
3369228.655 KEYBOARD_TEXT BLOCK.TRIAL.RECORDING.KEYBOARD_TEXT
3369229.177 SET_SENTENCE_RT BLOCK.TRIAL.RECORDING.SET_SENTENCE_RT
3369229.262 CHECK_QUESTION BLOCK.TRIAL.RECORDING.CHECK_QUESTION_TRUE
3369231.146 DISPLAY_BLANK BLOCK.TRIAL.RECORDING.DISPLAY_BLANK (BEGIN) 
3369234.112 DISPLAY_BLANK BLOCK.TRIAL.RECORDING.DISPLAY_BLANK
3369234.700 ADD_TO_RESULTS_FILE BLOCK.TRIAL.RECORDING.ADD_TO_RESULTS_FILE
3369319.095 SetValueAction 
3369319.127 SetValueAction 
3369319.154 SetValueAction 
3369319.179 SetValueAction 
3369319.204 SetValueAction 
3369319.229 SetValueAction 
3369319.619 CHECK_NEW_BLOCK BLOCK.TRIAL.CHECK_NEW_BLOCK_TRUE
3369319.963 RESET_VARS BLOCK.TRIAL.RESET_VARS
3369743.302 PREPARE_SEQUENCE BLOCK.TRIAL.PREPARE_SEQUENCE
3370769.564 DRIFT_CORRECT BLOCK.TRIAL.DRIFT_CORRECT
3370886.945 DISPLAY_TEXT BLOCK.TRIAL.RECORDING.DISPLAY_TEXT (BEGIN) 
3370903.080 DISPLAY_TEXT BLOCK.TRIAL.RECORDING.DISPLAY_TEXT
3393642.111 TRACKER_TIME 28 17471282.575
3393642.174 KEYBOARD_TEXT BLOCK.TRIAL.RECORDING.KEYBOARD_TEXT
3393642.756 SET_SENTENCE_RT BLOCK.TRIAL.RECORDING.SET_SENTENCE_RT
3393642.865 CHECK_QUESTION BLOCK.TRIAL.RECORDING.CHECK_QUESTION_TRUE
3393644.684 DISPLAY_BLANK BLOCK.TRIAL.RECORDING.DISPLAY_BLANK (BEGIN) 
3393660.767 DISPLAY_BLANK BLOCK.TRIAL.RECORDING.DISPLAY_BLANK
3393661.432 ADD_TO_RESULTS_FILE BLOCK.TRIAL.RECORDING.ADD_TO_RESULTS_FILE
3393747.144 SetValueAction 
3393747.198 SetValueAction 
3393747.244 SetValueAction 
3393747.288 SetValueAction 
3393747.331 SetValueAction 
3393747.374 SetValueAction 
3393747.834 CHECK_NEW_BLOCK BLOCK.TRIAL.CHECK_NEW_BLOCK_TRUE
3393748.303 RESET_VARS BLOCK.TRIAL.RESET_VARS
3394190.426 PREPARE_SEQUENCE BLOCK.TRIAL.PREPARE_SEQUENCE
3395236.441 DRIFT_CORRECT BLOCK.TRIAL.DRIFT_CORRECT
3395350.743 DISPLAY_TEXT BLOCK.TRIAL.RECORDING.DISPLAY_TEXT (BEGIN) 
3395372.293 DISPLAY_TEXT BLOCK.TRIAL.RECORDING.DISPLAY_TEXT
3413570.144 KEYBOARD_TEXT BLOCK.TRIAL.RECORDING.KEYBOARD_TEXT
3413570.633 SET_SENTENCE_RT BLOCK.TRIAL.RECORDING.SET_SENTENCE_RT
3413570.695 CHECK_QUESTION BLOCK.TRIAL.RECORDING.CHECK_QUESTION_TRUE
3413572.691 DISPLAY_BLANK BLOCK.TRIAL.RECORDING.DISPLAY_BLANK (BEGIN) 
3413588.273 DISPLAY_BLANK BLOCK.TRIAL.RECORDING.DISPLAY_BLANK
3413588.802 ADD_TO_RESULTS_FILE BLOCK.TRIAL.RECORDING.ADD_TO_RESULTS_FILE
3413674.121 SetValueAction 
3413674.168 SetValueAction 
3413674.197 SetValueAction 
3413674.222 SetValueAction 
3413674.247 SetValueAction 
3413674.276 SetValueAction 
3413674.717 CHECK_NEW_BLOCK BLOCK.TRIAL.CHECK_NEW_BLOCK_TRUE
3413675.038 RESET_VARS BLOCK.TRIAL.RESET_VARS
3414077.629 PREPARE_SEQUENCE BLOCK.TRIAL.PREPARE_SEQUENCE
3415008.535 DRIFT_CORRECT BLOCK.TRIAL.DRIFT_CORRECT
3415122.863 DISPLAY_TEXT BLOCK.TRIAL.RECORDING.DISPLAY_TEXT (BEGIN) 
3415141.425 DISPLAY_TEXT BLOCK.TRIAL.RECORDING.DISPLAY_TEXT
3446058.934 KEYBOARD_TEXT BLOCK.TRIAL.RECORDING.KEYBOARD_TEXT
3446059.592 SET_SENTENCE_RT BLOCK.TRIAL.RECORDING.SET_SENTENCE_RT
3446059.757 CHECK_QUESTION BLOCK.TRIAL.RECORDING.CHECK_QUESTION_TRUE
3446061.840 DISPLAY_BLANK BLOCK.TRIAL.RECORDING.DISPLAY_BLANK (BEGIN) 
3446078.853 DISPLAY_BLANK BLOCK.TRIAL.RECORDING.DISPLAY_BLANK
3446079.310 ADD_TO_RESULTS_FILE BLOCK.TRIAL.RECORDING.ADD_TO_RESULTS_FILE
3446165.089 SetValueAction 
3446165.122 SetValueAction 
3446165.148 SetValueAction 
3446165.173 SetValueAction 
3446165.198 SetValueAction 
3446165.223 SetValueAction 
3446165.646 CHECK_NEW_BLOCK BLOCK.TRIAL.CHECK_NEW_BLOCK_TRUE
3446165.876 RESET_VARS BLOCK.TRIAL.RESET_VARS
3446642.846 PREPARE_SEQUENCE BLOCK.TRIAL.PREPARE_SEQUENCE
3447550.222 DRIFT_CORRECT BLOCK.TRIAL.DRIFT_CORRECT
3447663.982 DISPLAY_TEXT BLOCK.TRIAL.RECORDING.DISPLAY_TEXT (BEGIN) 
3447681.926 DISPLAY_TEXT BLOCK.TRIAL.RECORDING.DISPLAY_TEXT
3476968.596 TRACKER_TIME 29 17554607.275
3476968.699 KEYBOARD_TEXT BLOCK.TRIAL.RECORDING.KEYBOARD_TEXT
3476969.501 SET_SENTENCE_RT BLOCK.TRIAL.RECORDING.SET_SENTENCE_RT
3476969.703 CHECK_QUESTION BLOCK.TRIAL.RECORDING.CHECK_QUESTION_FALSE
3476972.725 DISPLAY_QUESTION BLOCK.TRIAL.RECORDING.DISPLAY_QUESTION (BEGIN) 
3476986.463 DISPLAY_QUESTION BLOCK.TRIAL.RECORDING.DISPLAY_QUESTION
3480902.650 KEYBOARD_QUESTION BLOCK.TRIAL.RECORDING.KEYBOARD_QUESTION
3480902.830 CHECK_RESPONSE_BUTTON BLOCK.TRIAL.RECORDING.CHECK_RESPONSE_BUTTON_TRUE
3480903.256 SET_VARS_CORRECT BLOCK.TRIAL.RECORDING.SET_VARS_CORRECT
3480905.106 DISPLAY_BLANK BLOCK.TRIAL.RECORDING.DISPLAY_BLANK (BEGIN) 
3480918.654 DISPLAY_BLANK BLOCK.TRIAL.RECORDING.DISPLAY_BLANK
3480919.288 ADD_TO_RESULTS_FILE BLOCK.TRIAL.RECORDING.ADD_TO_RESULTS_FILE
3481004.094 SetValueAction 
3481004.127 SetValueAction 
3481004.154 SetValueAction 
3481004.181 SetValueAction 
3481004.206 SetValueAction 
3481004.231 SetValueAction 
3481004.697 CHECK_NEW_BLOCK BLOCK.TRIAL.CHECK_NEW_BLOCK_TRUE
3481005.097 RESET_VARS BLOCK.TRIAL.RESET_VARS
3481466.865 PREPARE_SEQUENCE BLOCK.TRIAL.PREPARE_SEQUENCE
3482470.043 DRIFT_CORRECT BLOCK.TRIAL.DRIFT_CORRECT
3482585.810 DISPLAY_TEXT BLOCK.TRIAL.RECORDING.DISPLAY_TEXT (BEGIN) 
3482606.792 DISPLAY_TEXT BLOCK.TRIAL.RECORDING.DISPLAY_TEXT
3524151.315 KEYBOARD_TEXT BLOCK.TRIAL.RECORDING.KEYBOARD_TEXT
3524151.876 SET_SENTENCE_RT BLOCK.TRIAL.RECORDING.SET_SENTENCE_RT
3524151.934 CHECK_QUESTION BLOCK.TRIAL.RECORDING.CHECK_QUESTION_TRUE
3524157.632 DISPLAY_BLANK BLOCK.TRIAL.RECORDING.DISPLAY_BLANK (BEGIN) 
3524172.778 DISPLAY_BLANK BLOCK.TRIAL.RECORDING.DISPLAY_BLANK
3524173.299 ADD_TO_RESULTS_FILE BLOCK.TRIAL.RECORDING.ADD_TO_RESULTS_FILE
3524260.093 SetValueAction 
3524260.126 SetValueAction 
3524260.152 SetValueAction 
3524260.178 SetValueAction 
3524260.203 SetValueAction 
3524260.228 SetValueAction 
3524260.609 CHECK_NEW_BLOCK BLOCK.TRIAL.CHECK_NEW_BLOCK_TRUE
3524260.995 RESET_VARS BLOCK.TRIAL.RESET_VARS
3524668.392 PREPARE_SEQUENCE BLOCK.TRIAL.PREPARE_SEQUENCE
3525528.338 DRIFT_CORRECT BLOCK.TRIAL.DRIFT_CORRECT
3525649.695 DISPLAY_TEXT BLOCK.TRIAL.RECORDING.DISPLAY_TEXT (BEGIN) 
3525663.930 DISPLAY_TEXT BLOCK.TRIAL.RECORDING.DISPLAY_TEXT
3543172.505 TRACKER_TIME 30 17620809.737
3543172.578 KEYBOARD_TEXT BLOCK.TRIAL.RECORDING.KEYBOARD_TEXT
3543173.117 SET_SENTENCE_RT BLOCK.TRIAL.RECORDING.SET_SENTENCE_RT
3543173.271 CHECK_QUESTION BLOCK.TRIAL.RECORDING.CHECK_QUESTION_TRUE
3543175.070 DISPLAY_BLANK BLOCK.TRIAL.RECORDING.DISPLAY_BLANK (BEGIN) 
3543183.712 DISPLAY_BLANK BLOCK.TRIAL.RECORDING.DISPLAY_BLANK
3543184.302 ADD_TO_RESULTS_FILE BLOCK.TRIAL.RECORDING.ADD_TO_RESULTS_FILE
3543269.097 SetValueAction 
3543269.129 SetValueAction 
3543269.156 SetValueAction 
3543269.181 SetValueAction 
3543269.206 SetValueAction 
3543269.231 SetValueAction 
3543269.597 CHECK_NEW_BLOCK BLOCK.TRIAL.CHECK_NEW_BLOCK_TRUE
3543269.976 RESET_VARS BLOCK.TRIAL.RESET_VARS
3543749.208 PREPARE_SEQUENCE BLOCK.TRIAL.PREPARE_SEQUENCE
3544591.363 DRIFT_CORRECT BLOCK.TRIAL.DRIFT_CORRECT
3544708.081 DISPLAY_TEXT BLOCK.TRIAL.RECORDING.DISPLAY_TEXT (BEGIN) 
3544731.797 DISPLAY_TEXT BLOCK.TRIAL.RECORDING.DISPLAY_TEXT
3572227.213 KEYBOARD_TEXT BLOCK.TRIAL.RECORDING.KEYBOARD_TEXT
3572227.736 SET_SENTENCE_RT BLOCK.TRIAL.RECORDING.SET_SENTENCE_RT
3572227.829 CHECK_QUESTION BLOCK.TRIAL.RECORDING.CHECK_QUESTION_TRUE
3572229.426 DISPLAY_BLANK BLOCK.TRIAL.RECORDING.DISPLAY_BLANK (BEGIN) 
3572242.078 DISPLAY_BLANK BLOCK.TRIAL.RECORDING.DISPLAY_BLANK
3572242.610 ADD_TO_RESULTS_FILE BLOCK.TRIAL.RECORDING.ADD_TO_RESULTS_FILE
3572329.110 SetValueAction 
3572329.146 SetValueAction 
3572329.173 SetValueAction 
3572329.199 SetValueAction 
3572329.225 SetValueAction 
3572329.252 SetValueAction 
3572329.587 CHECK_NEW_BLOCK BLOCK.TRIAL.CHECK_NEW_BLOCK_TRUE
3572329.971 RESET_VARS BLOCK.TRIAL.RESET_VARS
3572767.346 PREPARE_SEQUENCE BLOCK.TRIAL.PREPARE_SEQUENCE
3573673.504 DRIFT_CORRECT BLOCK.TRIAL.DRIFT_CORRECT
3573795.710 DISPLAY_TEXT BLOCK.TRIAL.RECORDING.DISPLAY_TEXT (BEGIN) 
3573811.120 DISPLAY_TEXT BLOCK.TRIAL.RECORDING.DISPLAY_TEXT
3599890.640 KEYBOARD_TEXT BLOCK.TRIAL.RECORDING.KEYBOARD_TEXT
3599891.278 SET_SENTENCE_RT BLOCK.TRIAL.RECORDING.SET_SENTENCE_RT
3599891.348 CHECK_QUESTION BLOCK.TRIAL.RECORDING.CHECK_QUESTION_TRUE
3599893.270 DISPLAY_BLANK BLOCK.TRIAL.RECORDING.DISPLAY_BLANK (BEGIN) 
3599900.523 DISPLAY_BLANK BLOCK.TRIAL.RECORDING.DISPLAY_BLANK
3599901.169 ADD_TO_RESULTS_FILE BLOCK.TRIAL.RECORDING.ADD_TO_RESULTS_FILE
3599986.095 SetValueAction 
3599986.127 SetValueAction 
3599986.155 SetValueAction 
3599986.179 SetValueAction 
3599986.204 SetValueAction 
3599986.228 SetValueAction 
3599986.600 CHECK_NEW_BLOCK BLOCK.TRIAL.CHECK_NEW_BLOCK_TRUE
3599987.040 RESET_VARS BLOCK.TRIAL.RESET_VARS
3600386.214 PREPARE_SEQUENCE BLOCK.TRIAL.PREPARE_SEQUENCE
3602442.998 DRIFT_CORRECT BLOCK.TRIAL.DRIFT_CORRECT
3602567.629 DISPLAY_TEXT BLOCK.TRIAL.RECORDING.DISPLAY_TEXT (BEGIN) 
3602583.332 DISPLAY_TEXT BLOCK.TRIAL.RECORDING.DISPLAY_TEXT
3603536.638 TRACKER_TIME 31 17681172.592
3603536.713 KEYBOARD_TEXT BLOCK.TRIAL.RECORDING.KEYBOARD_TEXT
3603537.202 SET_SENTENCE_RT BLOCK.TRIAL.RECORDING.SET_SENTENCE_RT
3603537.285 CHECK_QUESTION BLOCK.TRIAL.RECORDING.CHECK_QUESTION_TRUE
3603539.173 DISPLAY_BLANK BLOCK.TRIAL.RECORDING.DISPLAY_BLANK (BEGIN) 
3603549.553 DISPLAY_BLANK BLOCK.TRIAL.RECORDING.DISPLAY_BLANK
3603550.055 ADD_TO_RESULTS_FILE BLOCK.TRIAL.RECORDING.ADD_TO_RESULTS_FILE
3603636.097 SetValueAction 
3603636.130 SetValueAction 
3603636.158 SetValueAction 
3603636.184 SetValueAction 
3603636.210 SetValueAction 
3603636.236 SetValueAction 
3603636.609 CHECK_NEW_BLOCK BLOCK.TRIAL.CHECK_NEW_BLOCK_TRUE
3603636.976 RESET_VARS BLOCK.TRIAL.RESET_VARS
3604062.761 PREPARE_SEQUENCE BLOCK.TRIAL.PREPARE_SEQUENCE
3604895.323 DRIFT_CORRECT BLOCK.TRIAL.DRIFT_CORRECT
3605010.884 DISPLAY_TEXT BLOCK.TRIAL.RECORDING.DISPLAY_TEXT (BEGIN) 
3605050.228 DISPLAY_TEXT BLOCK.TRIAL.RECORDING.DISPLAY_TEXT
3649306.588 KEYBOARD_TEXT BLOCK.TRIAL.RECORDING.KEYBOARD_TEXT
3649307.279 SET_SENTENCE_RT BLOCK.TRIAL.RECORDING.SET_SENTENCE_RT
3649307.349 CHECK_QUESTION BLOCK.TRIAL.RECORDING.CHECK_QUESTION_TRUE
3649309.121 DISPLAY_BLANK BLOCK.TRIAL.RECORDING.DISPLAY_BLANK (BEGIN) 
3649319.595 DISPLAY_BLANK BLOCK.TRIAL.RECORDING.DISPLAY_BLANK
3649320.204 ADD_TO_RESULTS_FILE BLOCK.TRIAL.RECORDING.ADD_TO_RESULTS_FILE
3649405.099 SetValueAction 
3649405.133 SetValueAction 
3649405.159 SetValueAction 
3649405.184 SetValueAction 
3649405.209 SetValueAction 
3649405.234 SetValueAction 
3649405.613 CHECK_NEW_BLOCK BLOCK.TRIAL.CHECK_NEW_BLOCK_TRUE
3649406.010 RESET_VARS BLOCK.TRIAL.RESET_VARS
3649810.854 PREPARE_SEQUENCE BLOCK.TRIAL.PREPARE_SEQUENCE
3651098.550 DRIFT_CORRECT BLOCK.TRIAL.DRIFT_CORRECT
3651213.672 DISPLAY_TEXT BLOCK.TRIAL.RECORDING.DISPLAY_TEXT (BEGIN) 
3651234.655 DISPLAY_TEXT BLOCK.TRIAL.RECORDING.DISPLAY_TEXT
3695376.464 TRACKER_TIME 32 17773010.525
3695376.540 KEYBOARD_TEXT BLOCK.TRIAL.RECORDING.KEYBOARD_TEXT
3695377.149 SET_SENTENCE_RT BLOCK.TRIAL.RECORDING.SET_SENTENCE_RT
3695377.243 CHECK_QUESTION BLOCK.TRIAL.RECORDING.CHECK_QUESTION_TRUE
3695378.995 DISPLAY_BLANK BLOCK.TRIAL.RECORDING.DISPLAY_BLANK (BEGIN) 
3695389.539 DISPLAY_BLANK BLOCK.TRIAL.RECORDING.DISPLAY_BLANK
3695390.107 ADD_TO_RESULTS_FILE BLOCK.TRIAL.RECORDING.ADD_TO_RESULTS_FILE
3695476.095 SetValueAction 
3695476.128 SetValueAction 
3695476.156 SetValueAction 
3695476.181 SetValueAction 
3695476.206 SetValueAction 
3695476.231 SetValueAction 
3695476.606 CHECK_NEW_BLOCK BLOCK.TRIAL.CHECK_NEW_BLOCK_TRUE
3695476.910 RESET_VARS BLOCK.TRIAL.RESET_VARS
3695906.658 PREPARE_SEQUENCE BLOCK.TRIAL.PREPARE_SEQUENCE
3697908.452 DRIFT_CORRECT BLOCK.TRIAL.DRIFT_CORRECT
3698024.783 DISPLAY_TEXT BLOCK.TRIAL.RECORDING.DISPLAY_TEXT (BEGIN) 
3698057.026 DISPLAY_TEXT BLOCK.TRIAL.RECORDING.DISPLAY_TEXT
3746048.945 KEYBOARD_TEXT BLOCK.TRIAL.RECORDING.KEYBOARD_TEXT
3746049.478 SET_SENTENCE_RT BLOCK.TRIAL.RECORDING.SET_SENTENCE_RT
3746049.548 CHECK_QUESTION BLOCK.TRIAL.RECORDING.CHECK_QUESTION_TRUE
3746051.222 DISPLAY_BLANK BLOCK.TRIAL.RECORDING.DISPLAY_BLANK (BEGIN) 
3746058.018 DISPLAY_BLANK BLOCK.TRIAL.RECORDING.DISPLAY_BLANK
3746058.676 ADD_TO_RESULTS_FILE BLOCK.TRIAL.RECORDING.ADD_TO_RESULTS_FILE
3746143.094 SetValueAction 
3746143.126 SetValueAction 
3746143.154 SetValueAction 
3746143.179 SetValueAction 
3746143.204 SetValueAction 
3746143.229 SetValueAction 
3746143.606 CHECK_NEW_BLOCK BLOCK.TRIAL.CHECK_NEW_BLOCK_TRUE
3746144.113 RESET_VARS BLOCK.TRIAL.RESET_VARS
3746557.323 PREPARE_SEQUENCE BLOCK.TRIAL.PREPARE_SEQUENCE
3747361.937 DRIFT_CORRECT BLOCK.TRIAL.DRIFT_CORRECT
3747477.283 DISPLAY_TEXT BLOCK.TRIAL.RECORDING.DISPLAY_TEXT (BEGIN) 
3747505.108 DISPLAY_TEXT BLOCK.TRIAL.RECORDING.DISPLAY_TEXT
3810455.143 TRACKER_TIME 33 17888086.717
3810455.220 KEYBOARD_TEXT BLOCK.TRIAL.RECORDING.KEYBOARD_TEXT
3810455.979 SET_SENTENCE_RT BLOCK.TRIAL.RECORDING.SET_SENTENCE_RT
3810456.110 CHECK_QUESTION BLOCK.TRIAL.RECORDING.CHECK_QUESTION_FALSE
3810458.828 DISPLAY_QUESTION BLOCK.TRIAL.RECORDING.DISPLAY_QUESTION (BEGIN) 
3810472.868 DISPLAY_QUESTION BLOCK.TRIAL.RECORDING.DISPLAY_QUESTION
3815254.821 KEYBOARD_QUESTION BLOCK.TRIAL.RECORDING.KEYBOARD_QUESTION
3815255.200 CHECK_RESPONSE_BUTTON BLOCK.TRIAL.RECORDING.CHECK_RESPONSE_BUTTON_FALSE
3815255.836 SET_VARS_INCORRECT BLOCK.TRIAL.RECORDING.SET_VARS_INCORRECT
3815257.749 DISPLAY_BLANK BLOCK.TRIAL.RECORDING.DISPLAY_BLANK (BEGIN) 
3815271.454 DISPLAY_BLANK BLOCK.TRIAL.RECORDING.DISPLAY_BLANK
3815271.973 ADD_TO_RESULTS_FILE BLOCK.TRIAL.RECORDING.ADD_TO_RESULTS_FILE
3815357.093 SetValueAction 
3815357.125 SetValueAction 
3815357.152 SetValueAction 
3815357.177 SetValueAction 
3815357.202 SetValueAction 
3815357.229 SetValueAction 
3815357.704 CHECK_NEW_BLOCK BLOCK.TRIAL.CHECK_NEW_BLOCK_TRUE
3815358.082 RESET_VARS BLOCK.TRIAL.RESET_VARS
3815784.119 PREPARE_SEQUENCE BLOCK.TRIAL.PREPARE_SEQUENCE
3816848.046 DRIFT_CORRECT BLOCK.TRIAL.DRIFT_CORRECT
3816964.315 DISPLAY_TEXT BLOCK.TRIAL.RECORDING.DISPLAY_TEXT (BEGIN) 
3816987.857 DISPLAY_TEXT BLOCK.TRIAL.RECORDING.DISPLAY_TEXT
3856266.247 KEYBOARD_TEXT BLOCK.TRIAL.RECORDING.KEYBOARD_TEXT
3856266.845 SET_SENTENCE_RT BLOCK.TRIAL.RECORDING.SET_SENTENCE_RT
3856266.952 CHECK_QUESTION BLOCK.TRIAL.RECORDING.CHECK_QUESTION_TRUE
3856268.952 DISPLAY_BLANK BLOCK.TRIAL.RECORDING.DISPLAY_BLANK (BEGIN) 
3856275.987 DISPLAY_BLANK BLOCK.TRIAL.RECORDING.DISPLAY_BLANK
3856276.573 ADD_TO_RESULTS_FILE BLOCK.TRIAL.RECORDING.ADD_TO_RESULTS_FILE
3856361.098 SetValueAction 
3856361.131 SetValueAction 
3856361.158 SetValueAction 
3856361.185 SetValueAction 
3856361.211 SetValueAction 
3856361.239 SetValueAction 
3856361.606 CHECK_NEW_BLOCK BLOCK.TRIAL.CHECK_NEW_BLOCK_TRUE
3856361.925 RESET_VARS BLOCK.TRIAL.RESET_VARS
3856771.831 PREPARE_SEQUENCE BLOCK.TRIAL.PREPARE_SEQUENCE
3857682.103 DRIFT_CORRECT BLOCK.TRIAL.DRIFT_CORRECT
3857796.780 DISPLAY_TEXT BLOCK.TRIAL.RECORDING.DISPLAY_TEXT (BEGIN) 
3857817.009 DISPLAY_TEXT BLOCK.TRIAL.RECORDING.DISPLAY_TEXT
3897549.881 TRACKER_TIME 34 17975179.601
3897549.962 KEYBOARD_TEXT BLOCK.TRIAL.RECORDING.KEYBOARD_TEXT
3897550.549 SET_SENTENCE_RT BLOCK.TRIAL.RECORDING.SET_SENTENCE_RT
3897550.702 CHECK_QUESTION BLOCK.TRIAL.RECORDING.CHECK_QUESTION_TRUE
3897552.489 DISPLAY_BLANK BLOCK.TRIAL.RECORDING.DISPLAY_BLANK (BEGIN) 
3897564.156 DISPLAY_BLANK BLOCK.TRIAL.RECORDING.DISPLAY_BLANK
3897564.774 ADD_TO_RESULTS_FILE BLOCK.TRIAL.RECORDING.ADD_TO_RESULTS_FILE
3897651.092 SetValueAction 
3897651.123 SetValueAction 
3897651.150 SetValueAction 
3897651.176 SetValueAction 
3897651.200 SetValueAction 
3897651.225 SetValueAction 
3897651.582 CHECK_NEW_BLOCK BLOCK.TRIAL.CHECK_NEW_BLOCK_TRUE
3897651.938 RESET_VARS BLOCK.TRIAL.RESET_VARS
3898068.341 PREPARE_SEQUENCE BLOCK.TRIAL.PREPARE_SEQUENCE
3901323.233 DRIFT_CORRECT BLOCK.TRIAL.DRIFT_CORRECT
3901435.739 DISPLAY_TEXT BLOCK.TRIAL.RECORDING.DISPLAY_TEXT (BEGIN) 
3901464.805 DISPLAY_TEXT BLOCK.TRIAL.RECORDING.DISPLAY_TEXT
3964300.596 TRACKER_TIME 35 18041928.882
3964300.656 KEYBOARD_TEXT BLOCK.TRIAL.RECORDING.KEYBOARD_TEXT
3964301.378 SET_SENTENCE_RT BLOCK.TRIAL.RECORDING.SET_SENTENCE_RT
3964301.617 CHECK_QUESTION BLOCK.TRIAL.RECORDING.CHECK_QUESTION_FALSE
3964304.602 DISPLAY_QUESTION BLOCK.TRIAL.RECORDING.DISPLAY_QUESTION (BEGIN) 
3964311.239 DISPLAY_QUESTION BLOCK.TRIAL.RECORDING.DISPLAY_QUESTION
3969387.131 KEYBOARD_QUESTION BLOCK.TRIAL.RECORDING.KEYBOARD_QUESTION
3969387.337 CHECK_RESPONSE_BUTTON BLOCK.TRIAL.RECORDING.CHECK_RESPONSE_BUTTON_TRUE
3969388.034 SET_VARS_CORRECT BLOCK.TRIAL.RECORDING.SET_VARS_CORRECT
3969389.866 DISPLAY_BLANK BLOCK.TRIAL.RECORDING.DISPLAY_BLANK (BEGIN) 
3969393.010 DISPLAY_BLANK BLOCK.TRIAL.RECORDING.DISPLAY_BLANK
3969393.693 ADD_TO_RESULTS_FILE BLOCK.TRIAL.RECORDING.ADD_TO_RESULTS_FILE
3969478.101 SetValueAction 
3969478.133 SetValueAction 
3969478.160 SetValueAction 
3969478.185 SetValueAction 
3969478.210 SetValueAction 
3969478.235 SetValueAction 
3969478.625 CHECK_NEW_BLOCK BLOCK.TRIAL.CHECK_NEW_BLOCK_TRUE
3969478.944 RESET_VARS BLOCK.TRIAL.RESET_VARS
3969901.919 PREPARE_SEQUENCE BLOCK.TRIAL.PREPARE_SEQUENCE
3971896.801 DRIFT_CORRECT BLOCK.TRIAL.DRIFT_CORRECT
3972011.064 DISPLAY_TEXT BLOCK.TRIAL.RECORDING.DISPLAY_TEXT (BEGIN) 
3972040.874 DISPLAY_TEXT BLOCK.TRIAL.RECORDING.DISPLAY_TEXT
4034772.857 TRACKER_TIME 36 18112399.662
4034772.933 KEYBOARD_TEXT BLOCK.TRIAL.RECORDING.KEYBOARD_TEXT
4034773.530 SET_SENTENCE_RT BLOCK.TRIAL.RECORDING.SET_SENTENCE_RT
4034773.611 CHECK_QUESTION BLOCK.TRIAL.RECORDING.CHECK_QUESTION_TRUE
4034775.714 DISPLAY_BLANK BLOCK.TRIAL.RECORDING.DISPLAY_BLANK (BEGIN) 
4034791.056 DISPLAY_BLANK BLOCK.TRIAL.RECORDING.DISPLAY_BLANK
4034791.604 ADD_TO_RESULTS_FILE BLOCK.TRIAL.RECORDING.ADD_TO_RESULTS_FILE
4034878.092 SetValueAction 
4034878.124 SetValueAction 
4034878.151 SetValueAction 
4034878.180 SetValueAction 
4034878.205 SetValueAction 
4034878.230 SetValueAction 
4034878.597 CHECK_NEW_BLOCK BLOCK.TRIAL.CHECK_NEW_BLOCK_TRUE
4034878.967 RESET_VARS BLOCK.TRIAL.RESET_VARS
4035335.536 PREPARE_SEQUENCE BLOCK.TRIAL.PREPARE_SEQUENCE
4036315.036 DRIFT_CORRECT BLOCK.TRIAL.DRIFT_CORRECT
4036428.889 DISPLAY_TEXT BLOCK.TRIAL.RECORDING.DISPLAY_TEXT (BEGIN) 
4036447.450 DISPLAY_TEXT BLOCK.TRIAL.RECORDING.DISPLAY_TEXT
4073329.877 KEYBOARD_TEXT BLOCK.TRIAL.RECORDING.KEYBOARD_TEXT
4073330.322 SET_SENTENCE_RT BLOCK.TRIAL.RECORDING.SET_SENTENCE_RT
4073330.402 CHECK_QUESTION BLOCK.TRIAL.RECORDING.CHECK_QUESTION_TRUE
4073332.261 DISPLAY_BLANK BLOCK.TRIAL.RECORDING.DISPLAY_BLANK (BEGIN) 
4073346.475 DISPLAY_BLANK BLOCK.TRIAL.RECORDING.DISPLAY_BLANK
4073347.068 ADD_TO_RESULTS_FILE BLOCK.TRIAL.RECORDING.ADD_TO_RESULTS_FILE
4073433.089 SetValueAction 
4073433.121 SetValueAction 
4073433.156 SetValueAction 
4073433.183 SetValueAction 
4073433.208 SetValueAction 
4073433.232 SetValueAction 
4073433.617 CHECK_NEW_BLOCK BLOCK.TRIAL.CHECK_NEW_BLOCK_TRUE
4073433.912 RESET_VARS BLOCK.TRIAL.RESET_VARS
4073879.070 PREPARE_SEQUENCE BLOCK.TRIAL.PREPARE_SEQUENCE
4074844.291 DRIFT_CORRECT BLOCK.TRIAL.DRIFT_CORRECT
4074958.858 DISPLAY_TEXT BLOCK.TRIAL.RECORDING.DISPLAY_TEXT (BEGIN) 
4074977.590 DISPLAY_TEXT BLOCK.TRIAL.RECORDING.DISPLAY_TEXT
4124908.845 TRACKER_TIME 37 18202533.745
4124908.921 KEYBOARD_TEXT BLOCK.TRIAL.RECORDING.KEYBOARD_TEXT
4124909.522 SET_SENTENCE_RT BLOCK.TRIAL.RECORDING.SET_SENTENCE_RT
4124909.668 CHECK_QUESTION BLOCK.TRIAL.RECORDING.CHECK_QUESTION_TRUE
4124911.452 DISPLAY_BLANK BLOCK.TRIAL.RECORDING.DISPLAY_BLANK (BEGIN) 
4124914.474 DISPLAY_BLANK BLOCK.TRIAL.RECORDING.DISPLAY_BLANK
4124915.097 ADD_TO_RESULTS_FILE BLOCK.TRIAL.RECORDING.ADD_TO_RESULTS_FILE
4125001.094 SetValueAction 
4125001.127 SetValueAction 
4125001.154 SetValueAction 
4125001.179 SetValueAction 
4125001.204 SetValueAction 
4125001.229 SetValueAction 
4125001.581 CHECK_NEW_BLOCK BLOCK.TRIAL.CHECK_NEW_BLOCK_TRUE
4125001.944 RESET_VARS BLOCK.TRIAL.RESET_VARS
4125403.022 PREPARE_SEQUENCE BLOCK.TRIAL.PREPARE_SEQUENCE
4126381.845 DRIFT_CORRECT BLOCK.TRIAL.DRIFT_CORRECT
4126500.680 DISPLAY_TEXT BLOCK.TRIAL.RECORDING.DISPLAY_TEXT (BEGIN) 
4126516.508 DISPLAY_TEXT BLOCK.TRIAL.RECORDING.DISPLAY_TEXT
4158501.160 KEYBOARD_TEXT BLOCK.TRIAL.RECORDING.KEYBOARD_TEXT
4158501.804 SET_SENTENCE_RT BLOCK.TRIAL.RECORDING.SET_SENTENCE_RT
4158501.901 CHECK_QUESTION BLOCK.TRIAL.RECORDING.CHECK_QUESTION_TRUE
4158506.659 DISPLAY_BLANK BLOCK.TRIAL.RECORDING.DISPLAY_BLANK (BEGIN) 
4158521.721 DISPLAY_BLANK BLOCK.TRIAL.RECORDING.DISPLAY_BLANK
4158522.204 ADD_TO_RESULTS_FILE BLOCK.TRIAL.RECORDING.ADD_TO_RESULTS_FILE
4158607.094 SetValueAction 
4158607.126 SetValueAction 
4158607.154 SetValueAction 
4158607.182 SetValueAction 
4158607.208 SetValueAction 
4158607.232 SetValueAction 
4158607.600 CHECK_NEW_BLOCK BLOCK.TRIAL.CHECK_NEW_BLOCK_TRUE
4158607.949 RESET_VARS BLOCK.TRIAL.RESET_VARS
4159055.821 PREPARE_SEQUENCE BLOCK.TRIAL.PREPARE_SEQUENCE
4159902.461 DRIFT_CORRECT BLOCK.TRIAL.DRIFT_CORRECT
4160017.966 DISPLAY_TEXT BLOCK.TRIAL.RECORDING.DISPLAY_TEXT (BEGIN) 
4160038.665 DISPLAY_TEXT BLOCK.TRIAL.RECORDING.DISPLAY_TEXT
4187795.289 TRACKER_TIME 38 18265418.808
4187795.363 KEYBOARD_TEXT BLOCK.TRIAL.RECORDING.KEYBOARD_TEXT
4187795.732 SET_SENTENCE_RT BLOCK.TRIAL.RECORDING.SET_SENTENCE_RT
4187795.793 CHECK_QUESTION BLOCK.TRIAL.RECORDING.CHECK_QUESTION_TRUE
4187797.947 DISPLAY_BLANK BLOCK.TRIAL.RECORDING.DISPLAY_BLANK (BEGIN) 
4187813.231 DISPLAY_BLANK BLOCK.TRIAL.RECORDING.DISPLAY_BLANK
4187813.699 ADD_TO_RESULTS_FILE BLOCK.TRIAL.RECORDING.ADD_TO_RESULTS_FILE
4187899.121 SetValueAction 
4187899.154 SetValueAction 
4187899.181 SetValueAction 
4187899.206 SetValueAction 
4187899.231 SetValueAction 
4187899.255 SetValueAction 
4187899.726 CHECK_NEW_BLOCK BLOCK.TRIAL.CHECK_NEW_BLOCK_TRUE
4187900.142 RESET_VARS BLOCK.TRIAL.RESET_VARS
4188338.773 PREPARE_SEQUENCE BLOCK.TRIAL.PREPARE_SEQUENCE
4189259.703 DRIFT_CORRECT BLOCK.TRIAL.DRIFT_CORRECT
4189383.738 DISPLAY_TEXT BLOCK.TRIAL.RECORDING.DISPLAY_TEXT (BEGIN) 
4189405.543 DISPLAY_TEXT BLOCK.TRIAL.RECORDING.DISPLAY_TEXT
4230394.036 KEYBOARD_TEXT BLOCK.TRIAL.RECORDING.KEYBOARD_TEXT
4230394.515 SET_SENTENCE_RT BLOCK.TRIAL.RECORDING.SET_SENTENCE_RT
4230394.574 CHECK_QUESTION BLOCK.TRIAL.RECORDING.CHECK_QUESTION_TRUE
4230396.424 DISPLAY_BLANK BLOCK.TRIAL.RECORDING.DISPLAY_BLANK (BEGIN) 
4230400.497 DISPLAY_BLANK BLOCK.TRIAL.RECORDING.DISPLAY_BLANK
4230401.112 ADD_TO_RESULTS_FILE BLOCK.TRIAL.RECORDING.ADD_TO_RESULTS_FILE
4230488.088 SetValueAction 
4230488.120 SetValueAction 
4230488.148 SetValueAction 
4230488.173 SetValueAction 
4230488.198 SetValueAction 
4230488.223 SetValueAction 
4230488.596 CHECK_NEW_BLOCK BLOCK.TRIAL.CHECK_NEW_BLOCK_TRUE
4230488.920 RESET_VARS BLOCK.TRIAL.RESET_VARS
4230922.107 PREPARE_SEQUENCE BLOCK.TRIAL.PREPARE_SEQUENCE
4231681.439 DRIFT_CORRECT BLOCK.TRIAL.DRIFT_CORRECT
4231794.982 DISPLAY_TEXT BLOCK.TRIAL.RECORDING.DISPLAY_TEXT (BEGIN) 
4231814.843 DISPLAY_TEXT BLOCK.TRIAL.RECORDING.DISPLAY_TEXT
4266864.058 TRACKER_TIME 39 18344485.896
4266864.137 KEYBOARD_TEXT BLOCK.TRIAL.RECORDING.KEYBOARD_TEXT
4266864.622 SET_SENTENCE_RT BLOCK.TRIAL.RECORDING.SET_SENTENCE_RT
4266864.706 CHECK_QUESTION BLOCK.TRIAL.RECORDING.CHECK_QUESTION_TRUE
4266866.359 DISPLAY_BLANK BLOCK.TRIAL.RECORDING.DISPLAY_BLANK (BEGIN) 
4266873.375 DISPLAY_BLANK BLOCK.TRIAL.RECORDING.DISPLAY_BLANK
4266874.127 ADD_TO_RESULTS_FILE BLOCK.TRIAL.RECORDING.ADD_TO_RESULTS_FILE
4266961.128 SetValueAction 
4266961.161 SetValueAction 
4266961.190 SetValueAction 
4266961.216 SetValueAction 
4266961.241 SetValueAction 
4266961.266 SetValueAction 
4266961.575 CHECK_NEW_BLOCK BLOCK.TRIAL.CHECK_NEW_BLOCK_TRUE
4266961.952 RESET_VARS BLOCK.TRIAL.RESET_VARS
4267366.248 PREPARE_SEQUENCE BLOCK.TRIAL.PREPARE_SEQUENCE
4268327.195 DRIFT_CORRECT BLOCK.TRIAL.DRIFT_CORRECT
4268447.866 DISPLAY_TEXT BLOCK.TRIAL.RECORDING.DISPLAY_TEXT (BEGIN) 
4268469.673 DISPLAY_TEXT BLOCK.TRIAL.RECORDING.DISPLAY_TEXT
4313451.855 KEYBOARD_TEXT BLOCK.TRIAL.RECORDING.KEYBOARD_TEXT
4313452.379 SET_SENTENCE_RT BLOCK.TRIAL.RECORDING.SET_SENTENCE_RT
4313452.461 CHECK_QUESTION BLOCK.TRIAL.RECORDING.CHECK_QUESTION_TRUE
4313454.214 DISPLAY_BLANK BLOCK.TRIAL.RECORDING.DISPLAY_BLANK (BEGIN) 
4313459.747 DISPLAY_BLANK BLOCK.TRIAL.RECORDING.DISPLAY_BLANK
4313460.390 ADD_TO_RESULTS_FILE BLOCK.TRIAL.RECORDING.ADD_TO_RESULTS_FILE
4313546.151 SetValueAction 
4313546.205 SetValueAction 
4313546.250 SetValueAction 
4313546.291 SetValueAction 
4313546.332 SetValueAction 
4313546.374 SetValueAction 
4313546.905 CHECK_NEW_BLOCK BLOCK.TRIAL.CHECK_NEW_BLOCK_TRUE
4313547.415 RESET_VARS BLOCK.TRIAL.RESET_VARS
4314066.482 PREPARE_SEQUENCE BLOCK.TRIAL.PREPARE_SEQUENCE
4314862.974 DRIFT_CORRECT BLOCK.TRIAL.DRIFT_CORRECT
4314976.476 DISPLAY_TEXT BLOCK.TRIAL.RECORDING.DISPLAY_TEXT (BEGIN) 
4314992.987 DISPLAY_TEXT BLOCK.TRIAL.RECORDING.DISPLAY_TEXT
4315973.919 KEYBOARD_TEXT BLOCK.TRIAL.RECORDING.KEYBOARD_TEXT
4315974.538 SET_SENTENCE_RT BLOCK.TRIAL.RECORDING.SET_SENTENCE_RT
4315974.657 CHECK_QUESTION BLOCK.TRIAL.RECORDING.CHECK_QUESTION_TRUE
4315976.219 DISPLAY_BLANK BLOCK.TRIAL.RECORDING.DISPLAY_BLANK (BEGIN) 
4315992.700 DISPLAY_BLANK BLOCK.TRIAL.RECORDING.DISPLAY_BLANK
4315993.423 ADD_TO_RESULTS_FILE BLOCK.TRIAL.RECORDING.ADD_TO_RESULTS_FILE
4316079.108 SetValueAction 
4316079.143 SetValueAction 
4316079.171 SetValueAction 
4316079.197 SetValueAction 
4316079.223 SetValueAction 
4316079.249 SetValueAction 
4316079.687 CHECK_NEW_BLOCK BLOCK.TRIAL.CHECK_NEW_BLOCK_FALSE
4316081.927 NEW_COUNTERBALANCE_BREAK BLOCK.TRIAL.NEW_COUNTERBALANCE_BREAK (BEGIN) 
4316092.511 NEW_COUNTERBALANCE_BREAK BLOCK.TRIAL.NEW_COUNTERBALANCE_BREAK
4343678.031 TRACKER_TIME 40 18421298.233
4343678.094 KEYBOARD[1] BLOCK.TRIAL.KEYBOARD[1]
el_logger: Quit logger.
******** END OF THE LOG FILE ********
