18362.451 ********************************************************
18362.498 ** Session beginning Friday March 11, 2022 09:23:05 AM **
18362.501 ** ExperimentBuilder Project : P26 **
18362.503 ** ExperimentBuilder Version : 2.3.38 **
18362.505 ** ExperimentBuilder Build   : Jul 30 2020 **
18362.507 ********************************************************
18362.510 TRACKER_TIME 0 2181491.809
18785.815 SETUP_INSTRUCTIONS SETUP_INSTRUCTIONS (BEGIN) 
18802.353 SETUP_INSTRUCTIONS SETUP_INSTRUCTIONS
138802.474 TRACKER_TIME 1 2301929.164
138802.583 TIMER TIMER
381003.529 TRACKER_TIME 2 2544125.078
381003.585 EL_CAMERA_SETUP EL_CAMERA_SETUP
381043.097 EXPERIMENTAL__FIRST_BLOCK_INSTRUCTIONS BLOCK.EXPERIMENTAL__FIRST_BLOCK_INSTRUCTIONS (BEGIN) 
381046.636 EXPERIMENTAL__FIRST_BLOCK_INSTRUCTIONS BLOCK.EXPERIMENTAL__FIRST_BLOCK_INSTRUCTIONS
449641.345 TRACKER_TIME 3 2612761.394
449641.422 KEYBOARD BLOCK.KEYBOARD
449641.647 SetValueAction 
449641.686 SetValueAction 
449641.718 SetValueAction 
449641.775 SetValueAction 
449641.818 SetValueAction 
449641.844 SetValueAction 
449642.133 CHECK_NEW_BLOCK BLOCK.TRIAL.CHECK_NEW_BLOCK_TRUE
449642.499 RESET_VARS BLOCK.TRIAL.RESET_VARS
450092.644 PREPARE_SEQUENCE BLOCK.TRIAL.PREPARE_SEQUENCE
455049.788 DRIFT_CORRECT BLOCK.TRIAL.DRIFT_CORRECT
455167.985 DISPLAY_TEXT BLOCK.TRIAL.RECORDING.DISPLAY_TEXT (BEGIN) 
455175.263 DISPLAY_TEXT BLOCK.TRIAL.RECORDING.DISPLAY_TEXT
468138.653 KEYBOARD_TEXT BLOCK.TRIAL.RECORDING.KEYBOARD_TEXT
468139.357 SET_SENTENCE_RT BLOCK.TRIAL.RECORDING.SET_SENTENCE_RT
468139.538 CHECK_QUESTION BLOCK.TRIAL.RECORDING.CHECK_QUESTION_TRUE
468141.714 DISPLAY_BLANK BLOCK.TRIAL.RECORDING.DISPLAY_BLANK (BEGIN) 
468155.090 DISPLAY_BLANK BLOCK.TRIAL.RECORDING.DISPLAY_BLANK
468155.824 ADD_TO_RESULTS_FILE BLOCK.TRIAL.RECORDING.ADD_TO_RESULTS_FILE
468242.096 SetValueAction 
468242.129 SetValueAction 
468242.157 SetValueAction 
468242.197 SetValueAction 
468242.223 SetValueAction 
468242.248 SetValueAction 
468242.689 CHECK_NEW_BLOCK BLOCK.TRIAL.CHECK_NEW_BLOCK_TRUE
468243.088 RESET_VARS BLOCK.TRIAL.RESET_VARS
468705.099 PREPARE_SEQUENCE BLOCK.TRIAL.PREPARE_SEQUENCE
475132.738 DRIFT_CORRECT BLOCK.TRIAL.DRIFT_CORRECT
475247.788 DISPLAY_TEXT BLOCK.TRIAL.RECORDING.DISPLAY_TEXT (BEGIN) 
475252.719 DISPLAY_TEXT BLOCK.TRIAL.RECORDING.DISPLAY_TEXT
482772.543 KEYBOARD_TEXT BLOCK.TRIAL.RECORDING.KEYBOARD_TEXT
482773.142 SET_SENTENCE_RT BLOCK.TRIAL.RECORDING.SET_SENTENCE_RT
482773.247 CHECK_QUESTION BLOCK.TRIAL.RECORDING.CHECK_QUESTION_TRUE
482775.397 DISPLAY_BLANK BLOCK.TRIAL.RECORDING.DISPLAY_BLANK (BEGIN) 
482783.983 DISPLAY_BLANK BLOCK.TRIAL.RECORDING.DISPLAY_BLANK
482784.607 ADD_TO_RESULTS_FILE BLOCK.TRIAL.RECORDING.ADD_TO_RESULTS_FILE
482870.123 SetValueAction 
482870.156 SetValueAction 
482870.183 SetValueAction 
482870.208 SetValueAction 
482870.233 SetValueAction 
482870.258 SetValueAction 
482870.634 CHECK_NEW_BLOCK BLOCK.TRIAL.CHECK_NEW_BLOCK_TRUE
482871.012 RESET_VARS BLOCK.TRIAL.RESET_VARS
483320.127 PREPARE_SEQUENCE BLOCK.TRIAL.PREPARE_SEQUENCE
488403.040 DRIFT_CORRECT BLOCK.TRIAL.DRIFT_CORRECT
488524.906 DISPLAY_TEXT BLOCK.TRIAL.RECORDING.DISPLAY_TEXT (BEGIN) 
488536.341 DISPLAY_TEXT BLOCK.TRIAL.RECORDING.DISPLAY_TEXT
527738.156 TRACKER_TIME 4 2690856.480
527738.228 KEYBOARD_TEXT BLOCK.TRIAL.RECORDING.KEYBOARD_TEXT
527739.010 SET_SENTENCE_RT BLOCK.TRIAL.RECORDING.SET_SENTENCE_RT
527739.143 CHECK_QUESTION BLOCK.TRIAL.RECORDING.CHECK_QUESTION_TRUE
527741.395 DISPLAY_BLANK BLOCK.TRIAL.RECORDING.DISPLAY_BLANK (BEGIN) 
527754.441 DISPLAY_BLANK BLOCK.TRIAL.RECORDING.DISPLAY_BLANK
527755.193 ADD_TO_RESULTS_FILE BLOCK.TRIAL.RECORDING.ADD_TO_RESULTS_FILE
527841.108 SetValueAction 
527841.144 SetValueAction 
527841.175 SetValueAction 
527841.206 SetValueAction 
527841.233 SetValueAction 
527841.259 SetValueAction 
527841.618 CHECK_NEW_BLOCK BLOCK.TRIAL.CHECK_NEW_BLOCK_TRUE
527841.963 RESET_VARS BLOCK.TRIAL.RESET_VARS
528379.112 PREPARE_SEQUENCE BLOCK.TRIAL.PREPARE_SEQUENCE
530042.275 DRIFT_CORRECT BLOCK.TRIAL.DRIFT_CORRECT
530159.681 DISPLAY_TEXT BLOCK.TRIAL.RECORDING.DISPLAY_TEXT (BEGIN) 
530177.134 DISPLAY_TEXT BLOCK.TRIAL.RECORDING.DISPLAY_TEXT
567512.755 KEYBOARD_TEXT BLOCK.TRIAL.RECORDING.KEYBOARD_TEXT
567513.491 SET_SENTENCE_RT BLOCK.TRIAL.RECORDING.SET_SENTENCE_RT
567513.695 CHECK_QUESTION BLOCK.TRIAL.RECORDING.CHECK_QUESTION_TRUE
567515.859 DISPLAY_BLANK BLOCK.TRIAL.RECORDING.DISPLAY_BLANK (BEGIN) 
567526.115 DISPLAY_BLANK BLOCK.TRIAL.RECORDING.DISPLAY_BLANK
567526.692 ADD_TO_RESULTS_FILE BLOCK.TRIAL.RECORDING.ADD_TO_RESULTS_FILE
567611.099 SetValueAction 
567611.154 SetValueAction 
567611.197 SetValueAction 
567611.222 SetValueAction 
567611.262 SetValueAction 
567611.290 SetValueAction 
567611.782 CHECK_NEW_BLOCK BLOCK.TRIAL.CHECK_NEW_BLOCK_TRUE
567612.219 RESET_VARS BLOCK.TRIAL.RESET_VARS
568038.351 PREPARE_SEQUENCE BLOCK.TRIAL.PREPARE_SEQUENCE
569551.351 DRIFT_CORRECT BLOCK.TRIAL.DRIFT_CORRECT
569667.826 DISPLAY_TEXT BLOCK.TRIAL.RECORDING.DISPLAY_TEXT (BEGIN) 
569689.792 DISPLAY_TEXT BLOCK.TRIAL.RECORDING.DISPLAY_TEXT
631790.355 TRACKER_TIME 5 2794906.463
631790.426 KEYBOARD_TEXT BLOCK.TRIAL.RECORDING.KEYBOARD_TEXT
631791.114 SET_SENTENCE_RT BLOCK.TRIAL.RECORDING.SET_SENTENCE_RT
631791.413 CHECK_QUESTION BLOCK.TRIAL.RECORDING.CHECK_QUESTION_FALSE
631794.460 DISPLAY_QUESTION BLOCK.TRIAL.RECORDING.DISPLAY_QUESTION (BEGIN) 
631807.540 DISPLAY_QUESTION BLOCK.TRIAL.RECORDING.DISPLAY_QUESTION
651973.080 KEYBOARD_QUESTION BLOCK.TRIAL.RECORDING.KEYBOARD_QUESTION
651973.329 CHECK_RESPONSE_BUTTON BLOCK.TRIAL.RECORDING.CHECK_RESPONSE_BUTTON_TRUE
651974.054 SET_VARS_CORRECT BLOCK.TRIAL.RECORDING.SET_VARS_CORRECT
651975.976 DISPLAY_BLANK BLOCK.TRIAL.RECORDING.DISPLAY_BLANK (BEGIN) 
651984.863 DISPLAY_BLANK BLOCK.TRIAL.RECORDING.DISPLAY_BLANK
651985.448 ADD_TO_RESULTS_FILE BLOCK.TRIAL.RECORDING.ADD_TO_RESULTS_FILE
652072.090 SetValueAction 
652072.122 SetValueAction 
652072.148 SetValueAction 
652072.174 SetValueAction 
652072.199 SetValueAction 
652072.224 SetValueAction 
652072.586 CHECK_NEW_BLOCK BLOCK.TRIAL.CHECK_NEW_BLOCK_TRUE
652072.891 RESET_VARS BLOCK.TRIAL.RESET_VARS
652524.497 PREPARE_SEQUENCE BLOCK.TRIAL.PREPARE_SEQUENCE
653988.595 DRIFT_CORRECT BLOCK.TRIAL.DRIFT_CORRECT
654104.793 DISPLAY_TEXT BLOCK.TRIAL.RECORDING.DISPLAY_TEXT (BEGIN) 
654117.717 DISPLAY_TEXT BLOCK.TRIAL.RECORDING.DISPLAY_TEXT
697046.290 TRACKER_TIME 6 2860161.014
697046.350 KEYBOARD_TEXT BLOCK.TRIAL.RECORDING.KEYBOARD_TEXT
697046.874 SET_SENTENCE_RT BLOCK.TRIAL.RECORDING.SET_SENTENCE_RT
697047.144 CHECK_QUESTION BLOCK.TRIAL.RECORDING.CHECK_QUESTION_TRUE
697049.114 DISPLAY_BLANK BLOCK.TRIAL.RECORDING.DISPLAY_BLANK (BEGIN) 
697055.047 DISPLAY_BLANK BLOCK.TRIAL.RECORDING.DISPLAY_BLANK
697055.678 ADD_TO_RESULTS_FILE BLOCK.TRIAL.RECORDING.ADD_TO_RESULTS_FILE
697142.120 SetValueAction 
697142.152 SetValueAction 
697142.179 SetValueAction 
697142.204 SetValueAction 
697142.229 SetValueAction 
697142.254 SetValueAction 
697142.617 CHECK_NEW_BLOCK BLOCK.TRIAL.CHECK_NEW_BLOCK_TRUE
697142.966 RESET_VARS BLOCK.TRIAL.RESET_VARS
697567.007 PREPARE_SEQUENCE BLOCK.TRIAL.PREPARE_SEQUENCE
699151.826 DRIFT_CORRECT BLOCK.TRIAL.DRIFT_CORRECT
699267.078 DISPLAY_TEXT BLOCK.TRIAL.RECORDING.DISPLAY_TEXT (BEGIN) 
699283.088 DISPLAY_TEXT BLOCK.TRIAL.RECORDING.DISPLAY_TEXT
770052.608 TRACKER_TIME 7 2933165.744
770052.681 KEYBOARD_TEXT BLOCK.TRIAL.RECORDING.KEYBOARD_TEXT
770053.243 SET_SENTENCE_RT BLOCK.TRIAL.RECORDING.SET_SENTENCE_RT
770053.579 CHECK_QUESTION BLOCK.TRIAL.RECORDING.CHECK_QUESTION_TRUE
770055.479 DISPLAY_BLANK BLOCK.TRIAL.RECORDING.DISPLAY_BLANK (BEGIN) 
770067.372 DISPLAY_BLANK BLOCK.TRIAL.RECORDING.DISPLAY_BLANK
770068.034 ADD_TO_RESULTS_FILE BLOCK.TRIAL.RECORDING.ADD_TO_RESULTS_FILE
770154.095 SetValueAction 
770154.127 SetValueAction 
770154.155 SetValueAction 
770154.184 SetValueAction 
770154.209 SetValueAction 
770154.235 SetValueAction 
770154.660 CHECK_NEW_BLOCK BLOCK.TRIAL.CHECK_NEW_BLOCK_TRUE
770154.963 RESET_VARS BLOCK.TRIAL.RESET_VARS
770598.726 PREPARE_SEQUENCE BLOCK.TRIAL.PREPARE_SEQUENCE
777594.238 DRIFT_CORRECT BLOCK.TRIAL.DRIFT_CORRECT
777710.955 DISPLAY_TEXT BLOCK.TRIAL.RECORDING.DISPLAY_TEXT (BEGIN) 
777729.595 DISPLAY_TEXT BLOCK.TRIAL.RECORDING.DISPLAY_TEXT
831171.646 TRACKER_TIME 8 2994283.502
831171.719 KEYBOARD_TEXT BLOCK.TRIAL.RECORDING.KEYBOARD_TEXT
831172.466 SET_SENTENCE_RT BLOCK.TRIAL.RECORDING.SET_SENTENCE_RT
831172.764 CHECK_QUESTION BLOCK.TRIAL.RECORDING.CHECK_QUESTION_FALSE
831175.863 DISPLAY_QUESTION BLOCK.TRIAL.RECORDING.DISPLAY_QUESTION (BEGIN) 
831182.748 DISPLAY_QUESTION BLOCK.TRIAL.RECORDING.DISPLAY_QUESTION
853037.509 KEYBOARD_QUESTION BLOCK.TRIAL.RECORDING.KEYBOARD_QUESTION
853037.947 CHECK_RESPONSE_BUTTON BLOCK.TRIAL.RECORDING.CHECK_RESPONSE_BUTTON_FALSE
853038.763 SET_VARS_INCORRECT BLOCK.TRIAL.RECORDING.SET_VARS_INCORRECT
853044.634 DISPLAY_BLANK BLOCK.TRIAL.RECORDING.DISPLAY_BLANK (BEGIN) 
853060.079 DISPLAY_BLANK BLOCK.TRIAL.RECORDING.DISPLAY_BLANK
853060.709 ADD_TO_RESULTS_FILE BLOCK.TRIAL.RECORDING.ADD_TO_RESULTS_FILE
853146.093 SetValueAction 
853146.125 SetValueAction 
853146.152 SetValueAction 
853146.178 SetValueAction 
853146.203 SetValueAction 
853146.228 SetValueAction 
853146.688 CHECK_NEW_BLOCK BLOCK.TRIAL.CHECK_NEW_BLOCK_TRUE
853147.145 RESET_VARS BLOCK.TRIAL.RESET_VARS
853582.646 PREPARE_SEQUENCE BLOCK.TRIAL.PREPARE_SEQUENCE
855202.890 DRIFT_CORRECT BLOCK.TRIAL.DRIFT_CORRECT
855317.930 DISPLAY_TEXT BLOCK.TRIAL.RECORDING.DISPLAY_TEXT (BEGIN) 
855325.772 DISPLAY_TEXT BLOCK.TRIAL.RECORDING.DISPLAY_TEXT
879802.382 KEYBOARD_TEXT BLOCK.TRIAL.RECORDING.KEYBOARD_TEXT
879802.936 SET_SENTENCE_RT BLOCK.TRIAL.RECORDING.SET_SENTENCE_RT
879803.059 CHECK_QUESTION BLOCK.TRIAL.RECORDING.CHECK_QUESTION_TRUE
879805.198 DISPLAY_BLANK BLOCK.TRIAL.RECORDING.DISPLAY_BLANK (BEGIN) 
879818.906 DISPLAY_BLANK BLOCK.TRIAL.RECORDING.DISPLAY_BLANK
879819.512 ADD_TO_RESULTS_FILE BLOCK.TRIAL.RECORDING.ADD_TO_RESULTS_FILE
879906.092 SetValueAction 
879906.124 SetValueAction 
879906.151 SetValueAction 
879906.175 SetValueAction 
879906.200 SetValueAction 
879906.225 SetValueAction 
879906.637 CHECK_NEW_BLOCK BLOCK.TRIAL.CHECK_NEW_BLOCK_FALSE
879942.608 NEW_COUNTERBALANCE_BREAK BLOCK.TRIAL.NEW_COUNTERBALANCE_BREAK (BEGIN) 
879952.033 NEW_COUNTERBALANCE_BREAK BLOCK.TRIAL.NEW_COUNTERBALANCE_BREAK
952243.374 TRACKER_TIME 9 3115352.623
952243.440 KEYBOARD[1] BLOCK.TRIAL.KEYBOARD[1]
975950.345 EL_CAMERA_SETUP BLOCK.TRIAL.EL_CAMERA_SETUP
975986.488 EXPERIMENT_CONTINUE BLOCK.TRIAL.EXPERIMENT_CONTINUE (BEGIN) 
975990.668 EXPERIMENT_CONTINUE BLOCK.TRIAL.EXPERIMENT_CONTINUE
980931.625 KEYBOARD BLOCK.TRIAL.KEYBOARD
980931.981 RESET_VARS BLOCK.TRIAL.RESET_VARS
981349.362 PREPARE_SEQUENCE BLOCK.TRIAL.PREPARE_SEQUENCE
982728.247 DRIFT_CORRECT BLOCK.TRIAL.DRIFT_CORRECT
982842.906 DISPLAY_TEXT BLOCK.TRIAL.RECORDING.DISPLAY_TEXT (BEGIN) 
982855.610 DISPLAY_TEXT BLOCK.TRIAL.RECORDING.DISPLAY_TEXT
985376.489 KEYBOARD_TEXT BLOCK.TRIAL.RECORDING.KEYBOARD_TEXT
985377.256 SET_SENTENCE_RT BLOCK.TRIAL.RECORDING.SET_SENTENCE_RT
985377.413 CHECK_QUESTION BLOCK.TRIAL.RECORDING.CHECK_QUESTION_TRUE
985379.548 DISPLAY_BLANK BLOCK.TRIAL.RECORDING.DISPLAY_BLANK (BEGIN) 
985388.048 DISPLAY_BLANK BLOCK.TRIAL.RECORDING.DISPLAY_BLANK
985388.646 ADD_TO_RESULTS_FILE BLOCK.TRIAL.RECORDING.ADD_TO_RESULTS_FILE
985475.127 SetValueAction 
985475.159 SetValueAction 
985475.188 SetValueAction 
985475.213 SetValueAction 
985475.237 SetValueAction 
985475.262 SetValueAction 
985475.624 CHECK_NEW_BLOCK BLOCK.TRIAL.CHECK_NEW_BLOCK_TRUE
985475.971 RESET_VARS BLOCK.TRIAL.RESET_VARS
985925.742 PREPARE_SEQUENCE BLOCK.TRIAL.PREPARE_SEQUENCE
987145.765 DRIFT_CORRECT BLOCK.TRIAL.DRIFT_CORRECT
987263.826 DISPLAY_TEXT BLOCK.TRIAL.RECORDING.DISPLAY_TEXT (BEGIN) 
987284.496 DISPLAY_TEXT BLOCK.TRIAL.RECORDING.DISPLAY_TEXT
1037368.829 TRACKER_TIME 10 3200476.242
1037368.906 KEYBOARD_TEXT BLOCK.TRIAL.RECORDING.KEYBOARD_TEXT
1037369.420 SET_SENTENCE_RT BLOCK.TRIAL.RECORDING.SET_SENTENCE_RT
1037369.626 CHECK_QUESTION BLOCK.TRIAL.RECORDING.CHECK_QUESTION_TRUE
1037374.632 DISPLAY_BLANK BLOCK.TRIAL.RECORDING.DISPLAY_BLANK (BEGIN) 
1037389.896 DISPLAY_BLANK BLOCK.TRIAL.RECORDING.DISPLAY_BLANK
1037390.524 ADD_TO_RESULTS_FILE BLOCK.TRIAL.RECORDING.ADD_TO_RESULTS_FILE
1037476.095 SetValueAction 
1037476.127 SetValueAction 
1037476.154 SetValueAction 
1037476.179 SetValueAction 
1037476.205 SetValueAction 
1037476.232 SetValueAction 
1037476.668 CHECK_NEW_BLOCK BLOCK.TRIAL.CHECK_NEW_BLOCK_TRUE
1037477.017 RESET_VARS BLOCK.TRIAL.RESET_VARS
1037887.294 PREPARE_SEQUENCE BLOCK.TRIAL.PREPARE_SEQUENCE
1039180.061 DRIFT_CORRECT BLOCK.TRIAL.DRIFT_CORRECT
1039295.804 DISPLAY_TEXT BLOCK.TRIAL.RECORDING.DISPLAY_TEXT (BEGIN) 
1039324.105 DISPLAY_TEXT BLOCK.TRIAL.RECORDING.DISPLAY_TEXT
1133116.825 TRACKER_TIME 11 3296222.228
1133116.870 KEYBOARD_TEXT BLOCK.TRIAL.RECORDING.KEYBOARD_TEXT
1133117.534 SET_SENTENCE_RT BLOCK.TRIAL.RECORDING.SET_SENTENCE_RT
1133117.617 CHECK_QUESTION BLOCK.TRIAL.RECORDING.CHECK_QUESTION_TRUE
1133119.686 DISPLAY_BLANK BLOCK.TRIAL.RECORDING.DISPLAY_BLANK (BEGIN) 
1133128.515 DISPLAY_BLANK BLOCK.TRIAL.RECORDING.DISPLAY_BLANK
1133129.141 ADD_TO_RESULTS_FILE BLOCK.TRIAL.RECORDING.ADD_TO_RESULTS_FILE
1133215.096 SetValueAction 
1133215.130 SetValueAction 
1133215.194 SetValueAction 
1133215.219 SetValueAction 
1133215.244 SetValueAction 
1133215.270 SetValueAction 
1133215.748 CHECK_NEW_BLOCK BLOCK.TRIAL.CHECK_NEW_BLOCK_TRUE
1133216.120 RESET_VARS BLOCK.TRIAL.RESET_VARS
1133631.526 PREPARE_SEQUENCE BLOCK.TRIAL.PREPARE_SEQUENCE
1134722.650 DRIFT_CORRECT BLOCK.TRIAL.DRIFT_CORRECT
1134837.763 DISPLAY_TEXT BLOCK.TRIAL.RECORDING.DISPLAY_TEXT (BEGIN) 
1134849.056 DISPLAY_TEXT BLOCK.TRIAL.RECORDING.DISPLAY_TEXT
1162487.773 KEYBOARD_TEXT BLOCK.TRIAL.RECORDING.KEYBOARD_TEXT
1162488.337 SET_SENTENCE_RT BLOCK.TRIAL.RECORDING.SET_SENTENCE_RT
1162488.410 CHECK_QUESTION BLOCK.TRIAL.RECORDING.CHECK_QUESTION_TRUE
1162490.513 DISPLAY_BLANK BLOCK.TRIAL.RECORDING.DISPLAY_BLANK (BEGIN) 
1162503.467 DISPLAY_BLANK BLOCK.TRIAL.RECORDING.DISPLAY_BLANK
1162504.091 ADD_TO_RESULTS_FILE BLOCK.TRIAL.RECORDING.ADD_TO_RESULTS_FILE
1162591.133 SetValueAction 
1162591.166 SetValueAction 
1162591.193 SetValueAction 
1162591.218 SetValueAction 
1162591.244 SetValueAction 
1162591.269 SetValueAction 
1162591.631 CHECK_NEW_BLOCK BLOCK.TRIAL.CHECK_NEW_BLOCK_TRUE
1162592.071 RESET_VARS BLOCK.TRIAL.RESET_VARS
1163010.774 PREPARE_SEQUENCE BLOCK.TRIAL.PREPARE_SEQUENCE
1164115.847 DRIFT_CORRECT BLOCK.TRIAL.DRIFT_CORRECT
1164232.951 DISPLAY_TEXT BLOCK.TRIAL.RECORDING.DISPLAY_TEXT (BEGIN) 
1164255.693 DISPLAY_TEXT BLOCK.TRIAL.RECORDING.DISPLAY_TEXT
1219521.090 TRACKER_TIME 12 3382624.664
1219521.165 KEYBOARD_TEXT BLOCK.TRIAL.RECORDING.KEYBOARD_TEXT
1219521.877 SET_SENTENCE_RT BLOCK.TRIAL.RECORDING.SET_SENTENCE_RT
1219522.077 CHECK_QUESTION BLOCK.TRIAL.RECORDING.CHECK_QUESTION_TRUE
1219524.244 DISPLAY_BLANK BLOCK.TRIAL.RECORDING.DISPLAY_BLANK (BEGIN) 
1219536.906 DISPLAY_BLANK BLOCK.TRIAL.RECORDING.DISPLAY_BLANK
1219537.618 ADD_TO_RESULTS_FILE BLOCK.TRIAL.RECORDING.ADD_TO_RESULTS_FILE
1219624.093 SetValueAction 
1219624.127 SetValueAction 
1219624.154 SetValueAction 
1219624.180 SetValueAction 
1219624.205 SetValueAction 
1219624.230 SetValueAction 
1219624.708 CHECK_NEW_BLOCK BLOCK.TRIAL.CHECK_NEW_BLOCK_TRUE
1219625.105 RESET_VARS BLOCK.TRIAL.RESET_VARS
1220068.576 PREPARE_SEQUENCE BLOCK.TRIAL.PREPARE_SEQUENCE
1221122.736 DRIFT_CORRECT BLOCK.TRIAL.DRIFT_CORRECT
1221238.988 DISPLAY_TEXT BLOCK.TRIAL.RECORDING.DISPLAY_TEXT (BEGIN) 
1221259.238 DISPLAY_TEXT BLOCK.TRIAL.RECORDING.DISPLAY_TEXT
1279374.085 KEYBOARD_TEXT BLOCK.TRIAL.RECORDING.KEYBOARD_TEXT
1279374.550 SET_SENTENCE_RT BLOCK.TRIAL.RECORDING.SET_SENTENCE_RT
1279374.760 CHECK_QUESTION BLOCK.TRIAL.RECORDING.CHECK_QUESTION_FALSE
1279377.576 DISPLAY_QUESTION BLOCK.TRIAL.RECORDING.DISPLAY_QUESTION (BEGIN) 
1279385.997 DISPLAY_QUESTION BLOCK.TRIAL.RECORDING.DISPLAY_QUESTION
1286848.959 TRACKER_TIME 13 3449951.090
1286849.027 KEYBOARD_QUESTION BLOCK.TRIAL.RECORDING.KEYBOARD_QUESTION
1286849.161 CHECK_RESPONSE_BUTTON BLOCK.TRIAL.RECORDING.CHECK_RESPONSE_BUTTON_TRUE
1286849.753 SET_VARS_CORRECT BLOCK.TRIAL.RECORDING.SET_VARS_CORRECT
1286851.526 DISPLAY_BLANK BLOCK.TRIAL.RECORDING.DISPLAY_BLANK (BEGIN) 
1286867.487 DISPLAY_BLANK BLOCK.TRIAL.RECORDING.DISPLAY_BLANK
1286868.210 ADD_TO_RESULTS_FILE BLOCK.TRIAL.RECORDING.ADD_TO_RESULTS_FILE
1286954.147 SetValueAction 
1286954.179 SetValueAction 
1286954.207 SetValueAction 
1286954.231 SetValueAction 
1286954.256 SetValueAction 
1286954.281 SetValueAction 
1286954.726 CHECK_NEW_BLOCK BLOCK.TRIAL.CHECK_NEW_BLOCK_TRUE
1286955.146 RESET_VARS BLOCK.TRIAL.RESET_VARS
1287391.737 PREPARE_SEQUENCE BLOCK.TRIAL.PREPARE_SEQUENCE
1289621.006 DRIFT_CORRECT BLOCK.TRIAL.DRIFT_CORRECT
1289737.964 DISPLAY_TEXT BLOCK.TRIAL.RECORDING.DISPLAY_TEXT (BEGIN) 
1289762.458 DISPLAY_TEXT BLOCK.TRIAL.RECORDING.DISPLAY_TEXT
1352564.426 TRACKER_TIME 14 3515665.134
1352564.496 KEYBOARD_TEXT BLOCK.TRIAL.RECORDING.KEYBOARD_TEXT
1352565.275 SET_SENTENCE_RT BLOCK.TRIAL.RECORDING.SET_SENTENCE_RT
1352565.360 CHECK_QUESTION BLOCK.TRIAL.RECORDING.CHECK_QUESTION_TRUE
1352567.508 DISPLAY_BLANK BLOCK.TRIAL.RECORDING.DISPLAY_BLANK (BEGIN) 
1352581.657 DISPLAY_BLANK BLOCK.TRIAL.RECORDING.DISPLAY_BLANK
1352582.282 ADD_TO_RESULTS_FILE BLOCK.TRIAL.RECORDING.ADD_TO_RESULTS_FILE
1352669.105 SetValueAction 
1352669.138 SetValueAction 
1352669.166 SetValueAction 
1352669.191 SetValueAction 
1352669.219 SetValueAction 
1352669.244 SetValueAction 
1352669.600 CHECK_NEW_BLOCK BLOCK.TRIAL.CHECK_NEW_BLOCK_TRUE
1352669.917 RESET_VARS BLOCK.TRIAL.RESET_VARS
1353086.144 PREPARE_SEQUENCE BLOCK.TRIAL.PREPARE_SEQUENCE
1355977.231 DRIFT_CORRECT BLOCK.TRIAL.DRIFT_CORRECT
1356094.759 DISPLAY_TEXT BLOCK.TRIAL.RECORDING.DISPLAY_TEXT (BEGIN) 
1356114.326 DISPLAY_TEXT BLOCK.TRIAL.RECORDING.DISPLAY_TEXT
1411625.285 KEYBOARD_TEXT BLOCK.TRIAL.RECORDING.KEYBOARD_TEXT
1411625.952 SET_SENTENCE_RT BLOCK.TRIAL.RECORDING.SET_SENTENCE_RT
1411626.062 CHECK_QUESTION BLOCK.TRIAL.RECORDING.CHECK_QUESTION_TRUE
1411628.277 DISPLAY_BLANK BLOCK.TRIAL.RECORDING.DISPLAY_BLANK (BEGIN) 
1411630.776 DISPLAY_BLANK BLOCK.TRIAL.RECORDING.DISPLAY_BLANK
1411631.582 ADD_TO_RESULTS_FILE BLOCK.TRIAL.RECORDING.ADD_TO_RESULTS_FILE
1411717.124 SetValueAction 
1411717.156 SetValueAction 
1411717.184 SetValueAction 
1411717.209 SetValueAction 
1411717.234 SetValueAction 
1411717.259 SetValueAction 
1411717.619 CHECK_NEW_BLOCK BLOCK.TRIAL.CHECK_NEW_BLOCK_TRUE
1411717.919 RESET_VARS BLOCK.TRIAL.RESET_VARS
1412151.200 PREPARE_SEQUENCE BLOCK.TRIAL.PREPARE_SEQUENCE
1413284.549 TRACKER_TIME 15 3576383.945
1413284.673 DRIFT_CORRECT BLOCK.TRIAL.DRIFT_CORRECT
1413408.888 DISPLAY_TEXT BLOCK.TRIAL.RECORDING.DISPLAY_TEXT (BEGIN) 
1413427.120 DISPLAY_TEXT BLOCK.TRIAL.RECORDING.DISPLAY_TEXT
1461537.270 KEYBOARD_TEXT BLOCK.TRIAL.RECORDING.KEYBOARD_TEXT
1461537.735 SET_SENTENCE_RT BLOCK.TRIAL.RECORDING.SET_SENTENCE_RT
1461537.812 CHECK_QUESTION BLOCK.TRIAL.RECORDING.CHECK_QUESTION_TRUE
1461539.700 DISPLAY_BLANK BLOCK.TRIAL.RECORDING.DISPLAY_BLANK (BEGIN) 
1461549.872 DISPLAY_BLANK BLOCK.TRIAL.RECORDING.DISPLAY_BLANK
1461550.496 ADD_TO_RESULTS_FILE BLOCK.TRIAL.RECORDING.ADD_TO_RESULTS_FILE
1461636.097 SetValueAction 
1461636.130 SetValueAction 
1461636.157 SetValueAction 
1461636.200 SetValueAction 
1461636.244 SetValueAction 
1461636.270 SetValueAction 
1461636.633 CHECK_NEW_BLOCK BLOCK.TRIAL.CHECK_NEW_BLOCK_TRUE
1461637.021 RESET_VARS BLOCK.TRIAL.RESET_VARS
1462073.561 PREPARE_SEQUENCE BLOCK.TRIAL.PREPARE_SEQUENCE
1463266.958 DRIFT_CORRECT BLOCK.TRIAL.DRIFT_CORRECT
1463383.382 DISPLAY_TEXT BLOCK.TRIAL.RECORDING.DISPLAY_TEXT (BEGIN) 
1463410.312 DISPLAY_TEXT BLOCK.TRIAL.RECORDING.DISPLAY_TEXT
1573796.284 TRACKER_TIME 16 3736892.244
1573796.354 KEYBOARD_TEXT BLOCK.TRIAL.RECORDING.KEYBOARD_TEXT
1573797.082 SET_SENTENCE_RT BLOCK.TRIAL.RECORDING.SET_SENTENCE_RT
1573797.278 CHECK_QUESTION BLOCK.TRIAL.RECORDING.CHECK_QUESTION_TRUE
1573801.647 DISPLAY_BLANK BLOCK.TRIAL.RECORDING.DISPLAY_BLANK (BEGIN) 
1573817.507 DISPLAY_BLANK BLOCK.TRIAL.RECORDING.DISPLAY_BLANK
1573818.353 ADD_TO_RESULTS_FILE BLOCK.TRIAL.RECORDING.ADD_TO_RESULTS_FILE
1573904.193 SetValueAction 
1573904.244 SetValueAction 
1573904.286 SetValueAction 
1573904.328 SetValueAction 
1573904.368 SetValueAction 
1573904.406 SetValueAction 
1573904.872 CHECK_NEW_BLOCK BLOCK.TRIAL.CHECK_NEW_BLOCK_TRUE
1573905.340 RESET_VARS BLOCK.TRIAL.RESET_VARS
1574326.105 PREPARE_SEQUENCE BLOCK.TRIAL.PREPARE_SEQUENCE
1575202.211 DRIFT_CORRECT BLOCK.TRIAL.DRIFT_CORRECT
1575320.953 DISPLAY_TEXT BLOCK.TRIAL.RECORDING.DISPLAY_TEXT (BEGIN) 
1575333.576 DISPLAY_TEXT BLOCK.TRIAL.RECORDING.DISPLAY_TEXT
1601717.452 KEYBOARD_TEXT BLOCK.TRIAL.RECORDING.KEYBOARD_TEXT
1601717.905 SET_SENTENCE_RT BLOCK.TRIAL.RECORDING.SET_SENTENCE_RT
1601718.045 CHECK_QUESTION BLOCK.TRIAL.RECORDING.CHECK_QUESTION_TRUE
1601720.098 DISPLAY_BLANK BLOCK.TRIAL.RECORDING.DISPLAY_BLANK (BEGIN) 
1601725.692 DISPLAY_BLANK BLOCK.TRIAL.RECORDING.DISPLAY_BLANK
1601726.366 ADD_TO_RESULTS_FILE BLOCK.TRIAL.RECORDING.ADD_TO_RESULTS_FILE
1601811.123 SetValueAction 
1601811.155 SetValueAction 
1601811.182 SetValueAction 
1601811.207 SetValueAction 
1601811.233 SetValueAction 
1601811.258 SetValueAction 
1601811.691 CHECK_NEW_BLOCK BLOCK.TRIAL.CHECK_NEW_BLOCK_TRUE
1601812.078 RESET_VARS BLOCK.TRIAL.RESET_VARS
1602242.609 PREPARE_SEQUENCE BLOCK.TRIAL.PREPARE_SEQUENCE
1605204.311 DRIFT_CORRECT BLOCK.TRIAL.DRIFT_CORRECT
1605320.897 DISPLAY_TEXT BLOCK.TRIAL.RECORDING.DISPLAY_TEXT (BEGIN) 
1605337.427 DISPLAY_TEXT BLOCK.TRIAL.RECORDING.DISPLAY_TEXT
1642548.884 TRACKER_TIME 17 3805643.407
1642548.940 KEYBOARD_TEXT BLOCK.TRIAL.RECORDING.KEYBOARD_TEXT
1642549.655 SET_SENTENCE_RT BLOCK.TRIAL.RECORDING.SET_SENTENCE_RT
1642549.729 CHECK_QUESTION BLOCK.TRIAL.RECORDING.CHECK_QUESTION_TRUE
1642551.899 DISPLAY_BLANK BLOCK.TRIAL.RECORDING.DISPLAY_BLANK (BEGIN) 
1642564.057 DISPLAY_BLANK BLOCK.TRIAL.RECORDING.DISPLAY_BLANK
1642564.734 ADD_TO_RESULTS_FILE BLOCK.TRIAL.RECORDING.ADD_TO_RESULTS_FILE
1642651.094 SetValueAction 
1642651.127 SetValueAction 
1642651.154 SetValueAction 
1642651.179 SetValueAction 
1642651.205 SetValueAction 
1642651.266 SetValueAction 
1642651.629 CHECK_NEW_BLOCK BLOCK.TRIAL.CHECK_NEW_BLOCK_TRUE
1642651.977 RESET_VARS BLOCK.TRIAL.RESET_VARS
1643082.944 PREPARE_SEQUENCE BLOCK.TRIAL.PREPARE_SEQUENCE
1647072.428 DRIFT_CORRECT BLOCK.TRIAL.DRIFT_CORRECT
1647188.969 DISPLAY_TEXT BLOCK.TRIAL.RECORDING.DISPLAY_TEXT (BEGIN) 
1647218.805 DISPLAY_TEXT BLOCK.TRIAL.RECORDING.DISPLAY_TEXT
1726329.623 TRACKER_TIME 18 3889422.308
1726329.701 KEYBOARD_TEXT BLOCK.TRIAL.RECORDING.KEYBOARD_TEXT
1726330.161 SET_SENTENCE_RT BLOCK.TRIAL.RECORDING.SET_SENTENCE_RT
1726330.248 CHECK_QUESTION BLOCK.TRIAL.RECORDING.CHECK_QUESTION_TRUE
1726332.328 DISPLAY_BLANK BLOCK.TRIAL.RECORDING.DISPLAY_BLANK (BEGIN) 
1726339.553 DISPLAY_BLANK BLOCK.TRIAL.RECORDING.DISPLAY_BLANK
1726340.203 ADD_TO_RESULTS_FILE BLOCK.TRIAL.RECORDING.ADD_TO_RESULTS_FILE
1726427.094 SetValueAction 
1726427.127 SetValueAction 
1726427.154 SetValueAction 
1726427.179 SetValueAction 
1726427.205 SetValueAction 
1726427.229 SetValueAction 
1726427.702 CHECK_NEW_BLOCK BLOCK.TRIAL.CHECK_NEW_BLOCK_TRUE
1726428.107 RESET_VARS BLOCK.TRIAL.RESET_VARS
1726882.403 PREPARE_SEQUENCE BLOCK.TRIAL.PREPARE_SEQUENCE
1729044.909 DRIFT_CORRECT BLOCK.TRIAL.DRIFT_CORRECT
1729162.144 DISPLAY_TEXT BLOCK.TRIAL.RECORDING.DISPLAY_TEXT (BEGIN) 
1729193.327 DISPLAY_TEXT BLOCK.TRIAL.RECORDING.DISPLAY_TEXT
1826764.145 TRACKER_TIME 19 3989854.789
1826764.227 KEYBOARD_TEXT BLOCK.TRIAL.RECORDING.KEYBOARD_TEXT
1826764.598 SET_SENTENCE_RT BLOCK.TRIAL.RECORDING.SET_SENTENCE_RT
1826764.720 CHECK_QUESTION BLOCK.TRIAL.RECORDING.CHECK_QUESTION_TRUE
1826766.756 DISPLAY_BLANK BLOCK.TRIAL.RECORDING.DISPLAY_BLANK (BEGIN) 
1826777.164 DISPLAY_BLANK BLOCK.TRIAL.RECORDING.DISPLAY_BLANK
1826777.743 ADD_TO_RESULTS_FILE BLOCK.TRIAL.RECORDING.ADD_TO_RESULTS_FILE
1826864.130 SetValueAction 
1826864.163 SetValueAction 
1826864.191 SetValueAction 
1826864.251 SetValueAction 
1826864.290 SetValueAction 
1826864.315 SetValueAction 
1826864.762 CHECK_NEW_BLOCK BLOCK.TRIAL.CHECK_NEW_BLOCK_TRUE
1826865.166 RESET_VARS BLOCK.TRIAL.RESET_VARS
1827310.969 PREPARE_SEQUENCE BLOCK.TRIAL.PREPARE_SEQUENCE
1828621.823 DRIFT_CORRECT BLOCK.TRIAL.DRIFT_CORRECT
1828735.790 DISPLAY_TEXT BLOCK.TRIAL.RECORDING.DISPLAY_TEXT (BEGIN) 
1828764.546 DISPLAY_TEXT BLOCK.TRIAL.RECORDING.DISPLAY_TEXT
1902106.714 TRACKER_TIME 20 4065195.667
1902106.787 KEYBOARD_TEXT BLOCK.TRIAL.RECORDING.KEYBOARD_TEXT
1902107.209 SET_SENTENCE_RT BLOCK.TRIAL.RECORDING.SET_SENTENCE_RT
1902107.411 CHECK_QUESTION BLOCK.TRIAL.RECORDING.CHECK_QUESTION_TRUE
1902109.476 DISPLAY_BLANK BLOCK.TRIAL.RECORDING.DISPLAY_BLANK (BEGIN) 
1902122.053 DISPLAY_BLANK BLOCK.TRIAL.RECORDING.DISPLAY_BLANK
1902122.709 ADD_TO_RESULTS_FILE BLOCK.TRIAL.RECORDING.ADD_TO_RESULTS_FILE
1902208.094 SetValueAction 
1902208.127 SetValueAction 
1902208.155 SetValueAction 
1902208.180 SetValueAction 
1902208.205 SetValueAction 
1902208.230 SetValueAction 
1902208.673 CHECK_NEW_BLOCK BLOCK.TRIAL.CHECK_NEW_BLOCK_TRUE
1902209.041 RESET_VARS BLOCK.TRIAL.RESET_VARS
1902667.636 PREPARE_SEQUENCE BLOCK.TRIAL.PREPARE_SEQUENCE
1905677.823 DRIFT_CORRECT BLOCK.TRIAL.DRIFT_CORRECT
1905793.915 DISPLAY_TEXT BLOCK.TRIAL.RECORDING.DISPLAY_TEXT (BEGIN) 
1905821.621 DISPLAY_TEXT BLOCK.TRIAL.RECORDING.DISPLAY_TEXT
1969303.266 TRACKER_TIME 21 4132390.758
1969303.324 KEYBOARD_TEXT BLOCK.TRIAL.RECORDING.KEYBOARD_TEXT
1969303.722 SET_SENTENCE_RT BLOCK.TRIAL.RECORDING.SET_SENTENCE_RT
1969303.827 CHECK_QUESTION BLOCK.TRIAL.RECORDING.CHECK_QUESTION_FALSE
1969306.620 DISPLAY_QUESTION BLOCK.TRIAL.RECORDING.DISPLAY_QUESTION (BEGIN) 
1969319.189 DISPLAY_QUESTION BLOCK.TRIAL.RECORDING.DISPLAY_QUESTION
1984472.058 KEYBOARD_QUESTION BLOCK.TRIAL.RECORDING.KEYBOARD_QUESTION
1984472.274 CHECK_RESPONSE_BUTTON BLOCK.TRIAL.RECORDING.CHECK_RESPONSE_BUTTON_FALSE
1984472.771 SET_VARS_INCORRECT BLOCK.TRIAL.RECORDING.SET_VARS_INCORRECT
1984474.580 DISPLAY_BLANK BLOCK.TRIAL.RECORDING.DISPLAY_BLANK (BEGIN) 
1984481.255 DISPLAY_BLANK BLOCK.TRIAL.RECORDING.DISPLAY_BLANK
1984481.877 ADD_TO_RESULTS_FILE BLOCK.TRIAL.RECORDING.ADD_TO_RESULTS_FILE
1984566.160 SetValueAction 
1984566.191 SetValueAction 
1984566.218 SetValueAction 
1984566.243 SetValueAction 
1984566.269 SetValueAction 
1984566.294 SetValueAction 
1984566.783 CHECK_NEW_BLOCK BLOCK.TRIAL.CHECK_NEW_BLOCK_TRUE
1984567.153 RESET_VARS BLOCK.TRIAL.RESET_VARS
1984996.282 PREPARE_SEQUENCE BLOCK.TRIAL.PREPARE_SEQUENCE
1990209.715 DRIFT_CORRECT BLOCK.TRIAL.DRIFT_CORRECT
1990331.773 DISPLAY_TEXT BLOCK.TRIAL.RECORDING.DISPLAY_TEXT (BEGIN) 
1990362.992 DISPLAY_TEXT BLOCK.TRIAL.RECORDING.DISPLAY_TEXT
2064221.409 TRACKER_TIME 22 4227306.865
2064221.495 KEYBOARD_TEXT BLOCK.TRIAL.RECORDING.KEYBOARD_TEXT
2064222.051 SET_SENTENCE_RT BLOCK.TRIAL.RECORDING.SET_SENTENCE_RT
2064222.125 CHECK_QUESTION BLOCK.TRIAL.RECORDING.CHECK_QUESTION_TRUE
2064226.631 DISPLAY_BLANK BLOCK.TRIAL.RECORDING.DISPLAY_BLANK (BEGIN) 
2064241.801 DISPLAY_BLANK BLOCK.TRIAL.RECORDING.DISPLAY_BLANK
2064242.743 ADD_TO_RESULTS_FILE BLOCK.TRIAL.RECORDING.ADD_TO_RESULTS_FILE
2064327.095 SetValueAction 
2064327.128 SetValueAction 
2064327.154 SetValueAction 
2064327.179 SetValueAction 
2064327.205 SetValueAction 
2064327.230 SetValueAction 
2064327.605 CHECK_NEW_BLOCK BLOCK.TRIAL.CHECK_NEW_BLOCK_TRUE
2064327.914 RESET_VARS BLOCK.TRIAL.RESET_VARS
2064735.304 PREPARE_SEQUENCE BLOCK.TRIAL.PREPARE_SEQUENCE
2065738.739 DRIFT_CORRECT BLOCK.TRIAL.DRIFT_CORRECT
2065859.661 DISPLAY_TEXT BLOCK.TRIAL.RECORDING.DISPLAY_TEXT (BEGIN) 
2065874.584 DISPLAY_TEXT BLOCK.TRIAL.RECORDING.DISPLAY_TEXT
2068291.150 KEYBOARD_TEXT BLOCK.TRIAL.RECORDING.KEYBOARD_TEXT
2068291.642 SET_SENTENCE_RT BLOCK.TRIAL.RECORDING.SET_SENTENCE_RT
2068291.817 CHECK_QUESTION BLOCK.TRIAL.RECORDING.CHECK_QUESTION_TRUE
2068293.743 DISPLAY_BLANK BLOCK.TRIAL.RECORDING.DISPLAY_BLANK (BEGIN) 
2068307.170 DISPLAY_BLANK BLOCK.TRIAL.RECORDING.DISPLAY_BLANK
2068307.839 ADD_TO_RESULTS_FILE BLOCK.TRIAL.RECORDING.ADD_TO_RESULTS_FILE
2068392.096 SetValueAction 
2068392.129 SetValueAction 
2068392.156 SetValueAction 
2068392.181 SetValueAction 
2068392.213 SetValueAction 
2068392.240 SetValueAction 
2068392.676 CHECK_NEW_BLOCK BLOCK.TRIAL.CHECK_NEW_BLOCK_TRUE
2068393.132 RESET_VARS BLOCK.TRIAL.RESET_VARS
2068805.180 PREPARE_SEQUENCE BLOCK.TRIAL.PREPARE_SEQUENCE
2071152.680 DRIFT_CORRECT BLOCK.TRIAL.DRIFT_CORRECT
2071267.843 DISPLAY_TEXT BLOCK.TRIAL.RECORDING.DISPLAY_TEXT (BEGIN) 
2071279.261 DISPLAY_TEXT BLOCK.TRIAL.RECORDING.DISPLAY_TEXT
2089878.409 KEYBOARD_TEXT BLOCK.TRIAL.RECORDING.KEYBOARD_TEXT
2089878.844 SET_SENTENCE_RT BLOCK.TRIAL.RECORDING.SET_SENTENCE_RT
2089878.903 CHECK_QUESTION BLOCK.TRIAL.RECORDING.CHECK_QUESTION_TRUE
2089880.846 DISPLAY_BLANK BLOCK.TRIAL.RECORDING.DISPLAY_BLANK (BEGIN) 
2089883.791 DISPLAY_BLANK BLOCK.TRIAL.RECORDING.DISPLAY_BLANK
2089884.412 ADD_TO_RESULTS_FILE BLOCK.TRIAL.RECORDING.ADD_TO_RESULTS_FILE
2089970.092 SetValueAction 
2089970.129 SetValueAction 
2089970.159 SetValueAction 
2089970.184 SetValueAction 
2089970.209 SetValueAction 
2089970.234 SetValueAction 
2089970.599 CHECK_NEW_BLOCK BLOCK.TRIAL.CHECK_NEW_BLOCK_TRUE
2089970.929 RESET_VARS BLOCK.TRIAL.RESET_VARS
2090379.746 PREPARE_SEQUENCE BLOCK.TRIAL.PREPARE_SEQUENCE
2091831.932 DRIFT_CORRECT BLOCK.TRIAL.DRIFT_CORRECT
2091955.049 DISPLAY_TEXT BLOCK.TRIAL.RECORDING.DISPLAY_TEXT (BEGIN) 
2091975.175 DISPLAY_TEXT BLOCK.TRIAL.RECORDING.DISPLAY_TEXT
2135442.194 TRACKER_TIME 23 4298526.201
2135442.269 KEYBOARD_TEXT BLOCK.TRIAL.RECORDING.KEYBOARD_TEXT
2135443.157 SET_SENTENCE_RT BLOCK.TRIAL.RECORDING.SET_SENTENCE_RT
2135443.227 CHECK_QUESTION BLOCK.TRIAL.RECORDING.CHECK_QUESTION_TRUE
2135445.419 DISPLAY_BLANK BLOCK.TRIAL.RECORDING.DISPLAY_BLANK (BEGIN) 
2135454.138 DISPLAY_BLANK BLOCK.TRIAL.RECORDING.DISPLAY_BLANK
2135454.770 ADD_TO_RESULTS_FILE BLOCK.TRIAL.RECORDING.ADD_TO_RESULTS_FILE
2135541.124 SetValueAction 
2135541.156 SetValueAction 
2135541.185 SetValueAction 
2135541.211 SetValueAction 
2135541.236 SetValueAction 
2135541.261 SetValueAction 
2135541.617 CHECK_NEW_BLOCK BLOCK.TRIAL.CHECK_NEW_BLOCK_TRUE
2135541.954 RESET_VARS BLOCK.TRIAL.RESET_VARS
2135956.133 PREPARE_SEQUENCE BLOCK.TRIAL.PREPARE_SEQUENCE
2137752.913 DRIFT_CORRECT BLOCK.TRIAL.DRIFT_CORRECT
2137870.815 DISPLAY_TEXT BLOCK.TRIAL.RECORDING.DISPLAY_TEXT (BEGIN) 
2137887.061 DISPLAY_TEXT BLOCK.TRIAL.RECORDING.DISPLAY_TEXT
2158617.960 KEYBOARD_TEXT BLOCK.TRIAL.RECORDING.KEYBOARD_TEXT
2158618.616 SET_SENTENCE_RT BLOCK.TRIAL.RECORDING.SET_SENTENCE_RT
2158618.689 CHECK_QUESTION BLOCK.TRIAL.RECORDING.CHECK_QUESTION_TRUE
2158620.800 DISPLAY_BLANK BLOCK.TRIAL.RECORDING.DISPLAY_BLANK (BEGIN) 
2158630.808 DISPLAY_BLANK BLOCK.TRIAL.RECORDING.DISPLAY_BLANK
2158631.374 ADD_TO_RESULTS_FILE BLOCK.TRIAL.RECORDING.ADD_TO_RESULTS_FILE
2158718.092 SetValueAction 
2158718.123 SetValueAction 
2158718.150 SetValueAction 
2158718.175 SetValueAction 
2158718.200 SetValueAction 
2158718.225 SetValueAction 
2158718.636 CHECK_NEW_BLOCK BLOCK.TRIAL.CHECK_NEW_BLOCK_TRUE
2158718.966 RESET_VARS BLOCK.TRIAL.RESET_VARS
2159163.235 PREPARE_SEQUENCE BLOCK.TRIAL.PREPARE_SEQUENCE
2161105.321 DRIFT_CORRECT BLOCK.TRIAL.DRIFT_CORRECT
2161219.055 DISPLAY_TEXT BLOCK.TRIAL.RECORDING.DISPLAY_TEXT (BEGIN) 
2161233.037 DISPLAY_TEXT BLOCK.TRIAL.RECORDING.DISPLAY_TEXT
2193244.185 KEYBOARD_TEXT BLOCK.TRIAL.RECORDING.KEYBOARD_TEXT
2193244.659 SET_SENTENCE_RT BLOCK.TRIAL.RECORDING.SET_SENTENCE_RT
2193244.715 CHECK_QUESTION BLOCK.TRIAL.RECORDING.CHECK_QUESTION_TRUE
2193246.783 DISPLAY_BLANK BLOCK.TRIAL.RECORDING.DISPLAY_BLANK (BEGIN) 
2193253.962 DISPLAY_BLANK BLOCK.TRIAL.RECORDING.DISPLAY_BLANK
2193254.599 ADD_TO_RESULTS_FILE BLOCK.TRIAL.RECORDING.ADD_TO_RESULTS_FILE
2193341.090 SetValueAction 
2193341.123 SetValueAction 
2193341.149 SetValueAction 
2193341.174 SetValueAction 
2193341.199 SetValueAction 
2193341.224 SetValueAction 
2193341.582 CHECK_NEW_BLOCK BLOCK.TRIAL.CHECK_NEW_BLOCK_TRUE
2193341.879 RESET_VARS BLOCK.TRIAL.RESET_VARS
2193756.925 PREPARE_SEQUENCE BLOCK.TRIAL.PREPARE_SEQUENCE
2195723.206 TRACKER_TIME 24 4358805.878
2195723.295 DRIFT_CORRECT BLOCK.TRIAL.DRIFT_CORRECT
2195840.127 DISPLAY_TEXT BLOCK.TRIAL.RECORDING.DISPLAY_TEXT (BEGIN) 
2195860.584 DISPLAY_TEXT BLOCK.TRIAL.RECORDING.DISPLAY_TEXT
2250080.757 KEYBOARD_TEXT BLOCK.TRIAL.RECORDING.KEYBOARD_TEXT
2250081.475 SET_SENTENCE_RT BLOCK.TRIAL.RECORDING.SET_SENTENCE_RT
2250081.655 CHECK_QUESTION BLOCK.TRIAL.RECORDING.CHECK_QUESTION_TRUE
2250083.671 DISPLAY_BLANK BLOCK.TRIAL.RECORDING.DISPLAY_BLANK (BEGIN) 
2250087.305 DISPLAY_BLANK BLOCK.TRIAL.RECORDING.DISPLAY_BLANK
2250087.958 ADD_TO_RESULTS_FILE BLOCK.TRIAL.RECORDING.ADD_TO_RESULTS_FILE
2250175.094 SetValueAction 
2250175.130 SetValueAction 
2250175.159 SetValueAction 
2250175.184 SetValueAction 
2250175.210 SetValueAction 
2250175.236 SetValueAction 
2250175.559 CHECK_NEW_BLOCK BLOCK.TRIAL.CHECK_NEW_BLOCK_TRUE
2250175.862 RESET_VARS BLOCK.TRIAL.RESET_VARS
2250588.598 PREPARE_SEQUENCE BLOCK.TRIAL.PREPARE_SEQUENCE
2251608.522 DRIFT_CORRECT BLOCK.TRIAL.DRIFT_CORRECT
2251730.997 DISPLAY_TEXT BLOCK.TRIAL.RECORDING.DISPLAY_TEXT (BEGIN) 
2251749.364 DISPLAY_TEXT BLOCK.TRIAL.RECORDING.DISPLAY_TEXT
2294879.030 TRACKER_TIME 25 4457959.616
2294879.147 KEYBOARD_TEXT BLOCK.TRIAL.RECORDING.KEYBOARD_TEXT
2294879.693 SET_SENTENCE_RT BLOCK.TRIAL.RECORDING.SET_SENTENCE_RT
2294879.777 CHECK_QUESTION BLOCK.TRIAL.RECORDING.CHECK_QUESTION_TRUE
2294881.592 DISPLAY_BLANK BLOCK.TRIAL.RECORDING.DISPLAY_BLANK (BEGIN) 
2294891.227 DISPLAY_BLANK BLOCK.TRIAL.RECORDING.DISPLAY_BLANK
2294891.850 ADD_TO_RESULTS_FILE BLOCK.TRIAL.RECORDING.ADD_TO_RESULTS_FILE
2294978.104 SetValueAction 
2294978.204 SetValueAction 
2294978.231 SetValueAction 
2294978.256 SetValueAction 
2294978.281 SetValueAction 
2294978.306 SetValueAction 
2294978.675 CHECK_NEW_BLOCK BLOCK.TRIAL.CHECK_NEW_BLOCK_TRUE
2294979.044 RESET_VARS BLOCK.TRIAL.RESET_VARS
2295396.914 PREPARE_SEQUENCE BLOCK.TRIAL.PREPARE_SEQUENCE
2300295.709 DRIFT_CORRECT BLOCK.TRIAL.DRIFT_CORRECT
2300409.830 DISPLAY_TEXT BLOCK.TRIAL.RECORDING.DISPLAY_TEXT (BEGIN) 
2300432.401 DISPLAY_TEXT BLOCK.TRIAL.RECORDING.DISPLAY_TEXT
2349006.466 KEYBOARD_TEXT BLOCK.TRIAL.RECORDING.KEYBOARD_TEXT
2349006.941 SET_SENTENCE_RT BLOCK.TRIAL.RECORDING.SET_SENTENCE_RT
2349007.012 CHECK_QUESTION BLOCK.TRIAL.RECORDING.CHECK_QUESTION_TRUE
2349009.049 DISPLAY_BLANK BLOCK.TRIAL.RECORDING.DISPLAY_BLANK (BEGIN) 
2349025.788 DISPLAY_BLANK BLOCK.TRIAL.RECORDING.DISPLAY_BLANK
2349026.435 ADD_TO_RESULTS_FILE BLOCK.TRIAL.RECORDING.ADD_TO_RESULTS_FILE
2349112.094 SetValueAction 
2349112.127 SetValueAction 
2349112.154 SetValueAction 
2349112.180 SetValueAction 
2349112.205 SetValueAction 
2349112.230 SetValueAction 
2349112.702 CHECK_NEW_BLOCK BLOCK.TRIAL.CHECK_NEW_BLOCK_TRUE
2349113.108 RESET_VARS BLOCK.TRIAL.RESET_VARS
2349551.235 PREPARE_SEQUENCE BLOCK.TRIAL.PREPARE_SEQUENCE
2350565.712 DRIFT_CORRECT BLOCK.TRIAL.DRIFT_CORRECT
2350679.907 DISPLAY_TEXT BLOCK.TRIAL.RECORDING.DISPLAY_TEXT (BEGIN) 
2350694.829 DISPLAY_TEXT BLOCK.TRIAL.RECORDING.DISPLAY_TEXT
2377172.491 TRACKER_TIME 26 4540251.318
2377172.564 KEYBOARD_TEXT BLOCK.TRIAL.RECORDING.KEYBOARD_TEXT
2377173.079 SET_SENTENCE_RT BLOCK.TRIAL.RECORDING.SET_SENTENCE_RT
2377173.148 CHECK_QUESTION BLOCK.TRIAL.RECORDING.CHECK_QUESTION_TRUE
2377175.115 DISPLAY_BLANK BLOCK.TRIAL.RECORDING.DISPLAY_BLANK (BEGIN) 
2377183.962 DISPLAY_BLANK BLOCK.TRIAL.RECORDING.DISPLAY_BLANK
2377184.569 ADD_TO_RESULTS_FILE BLOCK.TRIAL.RECORDING.ADD_TO_RESULTS_FILE
2377271.095 SetValueAction 
2377271.128 SetValueAction 
2377271.155 SetValueAction 
2377271.180 SetValueAction 
2377271.205 SetValueAction 
2377271.230 SetValueAction 
2377271.672 CHECK_NEW_BLOCK BLOCK.TRIAL.CHECK_NEW_BLOCK_TRUE
2377272.066 RESET_VARS BLOCK.TRIAL.RESET_VARS
2377717.087 PREPARE_SEQUENCE BLOCK.TRIAL.PREPARE_SEQUENCE
2381934.281 DRIFT_CORRECT BLOCK.TRIAL.DRIFT_CORRECT
2382050.640 DISPLAY_TEXT BLOCK.TRIAL.RECORDING.DISPLAY_TEXT (BEGIN) 
2382081.153 DISPLAY_TEXT BLOCK.TRIAL.RECORDING.DISPLAY_TEXT
2454208.826 TRACKER_TIME 27 4617285.970
2454208.871 KEYBOARD_TEXT BLOCK.TRIAL.RECORDING.KEYBOARD_TEXT
2454209.471 SET_SENTENCE_RT BLOCK.TRIAL.RECORDING.SET_SENTENCE_RT
2454209.717 CHECK_QUESTION BLOCK.TRIAL.RECORDING.CHECK_QUESTION_TRUE
2454211.745 DISPLAY_BLANK BLOCK.TRIAL.RECORDING.DISPLAY_BLANK (BEGIN) 
2454228.582 DISPLAY_BLANK BLOCK.TRIAL.RECORDING.DISPLAY_BLANK
2454229.251 ADD_TO_RESULTS_FILE BLOCK.TRIAL.RECORDING.ADD_TO_RESULTS_FILE
2454314.098 SetValueAction 
2454314.133 SetValueAction 
2454314.160 SetValueAction 
2454314.186 SetValueAction 
2454314.211 SetValueAction 
2454314.236 SetValueAction 
2454314.625 CHECK_NEW_BLOCK BLOCK.TRIAL.CHECK_NEW_BLOCK_TRUE
2454314.974 RESET_VARS BLOCK.TRIAL.RESET_VARS
2454762.488 PREPARE_SEQUENCE BLOCK.TRIAL.PREPARE_SEQUENCE
2457036.478 DRIFT_CORRECT BLOCK.TRIAL.DRIFT_CORRECT
2457150.917 DISPLAY_TEXT BLOCK.TRIAL.RECORDING.DISPLAY_TEXT (BEGIN) 
2457165.118 DISPLAY_TEXT BLOCK.TRIAL.RECORDING.DISPLAY_TEXT
2481533.343 KEYBOARD_TEXT BLOCK.TRIAL.RECORDING.KEYBOARD_TEXT
2481533.793 SET_SENTENCE_RT BLOCK.TRIAL.RECORDING.SET_SENTENCE_RT
2481534.050 CHECK_QUESTION BLOCK.TRIAL.RECORDING.CHECK_QUESTION_FALSE
2481537.190 DISPLAY_QUESTION BLOCK.TRIAL.RECORDING.DISPLAY_QUESTION (BEGIN) 
2481553.964 DISPLAY_QUESTION BLOCK.TRIAL.RECORDING.DISPLAY_QUESTION
2500804.010 KEYBOARD_QUESTION BLOCK.TRIAL.RECORDING.KEYBOARD_QUESTION
2500804.319 CHECK_RESPONSE_BUTTON BLOCK.TRIAL.RECORDING.CHECK_RESPONSE_BUTTON_FALSE
2500805.023 SET_VARS_INCORRECT BLOCK.TRIAL.RECORDING.SET_VARS_INCORRECT
2500807.031 DISPLAY_BLANK BLOCK.TRIAL.RECORDING.DISPLAY_BLANK (BEGIN) 
2500814.695 DISPLAY_BLANK BLOCK.TRIAL.RECORDING.DISPLAY_BLANK
2500815.272 ADD_TO_RESULTS_FILE BLOCK.TRIAL.RECORDING.ADD_TO_RESULTS_FILE
2500901.093 SetValueAction 
2500901.125 SetValueAction 
2500901.152 SetValueAction 
2500901.177 SetValueAction 
2500901.202 SetValueAction 
2500901.227 SetValueAction 
2500901.660 CHECK_NEW_BLOCK BLOCK.TRIAL.CHECK_NEW_BLOCK_TRUE
2500902.040 RESET_VARS BLOCK.TRIAL.RESET_VARS
2501334.873 PREPARE_SEQUENCE BLOCK.TRIAL.PREPARE_SEQUENCE
2502484.448 DRIFT_CORRECT BLOCK.TRIAL.DRIFT_CORRECT
2502602.997 DISPLAY_TEXT BLOCK.TRIAL.RECORDING.DISPLAY_TEXT (BEGIN) 
2502624.890 DISPLAY_TEXT BLOCK.TRIAL.RECORDING.DISPLAY_TEXT
2566782.015 TRACKER_TIME 28 4729856.777
2566782.094 KEYBOARD_TEXT BLOCK.TRIAL.RECORDING.KEYBOARD_TEXT
2566782.633 SET_SENTENCE_RT BLOCK.TRIAL.RECORDING.SET_SENTENCE_RT
2566782.983 CHECK_QUESTION BLOCK.TRIAL.RECORDING.CHECK_QUESTION_FALSE
2566785.970 DISPLAY_QUESTION BLOCK.TRIAL.RECORDING.DISPLAY_QUESTION (BEGIN) 
2566795.596 DISPLAY_QUESTION BLOCK.TRIAL.RECORDING.DISPLAY_QUESTION
2574556.346 KEYBOARD_QUESTION BLOCK.TRIAL.RECORDING.KEYBOARD_QUESTION
2574556.552 CHECK_RESPONSE_BUTTON BLOCK.TRIAL.RECORDING.CHECK_RESPONSE_BUTTON_TRUE
2574557.222 SET_VARS_CORRECT BLOCK.TRIAL.RECORDING.SET_VARS_CORRECT
2574561.633 DISPLAY_BLANK BLOCK.TRIAL.RECORDING.DISPLAY_BLANK (BEGIN) 
2574576.918 DISPLAY_BLANK BLOCK.TRIAL.RECORDING.DISPLAY_BLANK
2574577.541 ADD_TO_RESULTS_FILE BLOCK.TRIAL.RECORDING.ADD_TO_RESULTS_FILE
2574663.094 SetValueAction 
2574663.126 SetValueAction 
2574663.156 SetValueAction 
2574663.181 SetValueAction 
2574663.207 SetValueAction 
2574663.232 SetValueAction 
2574663.598 CHECK_NEW_BLOCK BLOCK.TRIAL.CHECK_NEW_BLOCK_TRUE
2574663.912 RESET_VARS BLOCK.TRIAL.RESET_VARS
2575115.460 PREPARE_SEQUENCE BLOCK.TRIAL.PREPARE_SEQUENCE
2579184.026 DRIFT_CORRECT BLOCK.TRIAL.DRIFT_CORRECT
2579302.974 DISPLAY_TEXT BLOCK.TRIAL.RECORDING.DISPLAY_TEXT (BEGIN) 
2579323.477 DISPLAY_TEXT BLOCK.TRIAL.RECORDING.DISPLAY_TEXT
2624214.127 KEYBOARD_TEXT BLOCK.TRIAL.RECORDING.KEYBOARD_TEXT
2624214.567 SET_SENTENCE_RT BLOCK.TRIAL.RECORDING.SET_SENTENCE_RT
2624214.628 CHECK_QUESTION BLOCK.TRIAL.RECORDING.CHECK_QUESTION_TRUE
2624216.678 DISPLAY_BLANK BLOCK.TRIAL.RECORDING.DISPLAY_BLANK (BEGIN) 
2624229.045 DISPLAY_BLANK BLOCK.TRIAL.RECORDING.DISPLAY_BLANK
2624229.678 ADD_TO_RESULTS_FILE BLOCK.TRIAL.RECORDING.ADD_TO_RESULTS_FILE
2624316.090 SetValueAction 
2624316.137 SetValueAction 
2624316.165 SetValueAction 
2624316.191 SetValueAction 
2624316.216 SetValueAction 
2624316.241 SetValueAction 
2624316.600 CHECK_NEW_BLOCK BLOCK.TRIAL.CHECK_NEW_BLOCK_TRUE
2624316.924 RESET_VARS BLOCK.TRIAL.RESET_VARS
2624726.962 PREPARE_SEQUENCE BLOCK.TRIAL.PREPARE_SEQUENCE
2626446.926 DRIFT_CORRECT BLOCK.TRIAL.DRIFT_CORRECT
2626561.695 DISPLAY_TEXT BLOCK.TRIAL.RECORDING.DISPLAY_TEXT (BEGIN) 
2626583.610 DISPLAY_TEXT BLOCK.TRIAL.RECORDING.DISPLAY_TEXT
2668978.657 TRACKER_TIME 29 4832051.349
2668978.731 KEYBOARD_TEXT BLOCK.TRIAL.RECORDING.KEYBOARD_TEXT
2668979.413 SET_SENTENCE_RT BLOCK.TRIAL.RECORDING.SET_SENTENCE_RT
2668979.673 CHECK_QUESTION BLOCK.TRIAL.RECORDING.CHECK_QUESTION_TRUE
2668983.630 DISPLAY_BLANK BLOCK.TRIAL.RECORDING.DISPLAY_BLANK (BEGIN) 
2668999.507 DISPLAY_BLANK BLOCK.TRIAL.RECORDING.DISPLAY_BLANK
2669000.128 ADD_TO_RESULTS_FILE BLOCK.TRIAL.RECORDING.ADD_TO_RESULTS_FILE
2669087.099 SetValueAction 
2669087.150 SetValueAction 
2669087.195 SetValueAction 
2669087.221 SetValueAction 
2669087.246 SetValueAction 
2669087.271 SetValueAction 
2669087.718 CHECK_NEW_BLOCK BLOCK.TRIAL.CHECK_NEW_BLOCK_TRUE
2669088.033 RESET_VARS BLOCK.TRIAL.RESET_VARS
2669505.640 PREPARE_SEQUENCE BLOCK.TRIAL.PREPARE_SEQUENCE
2670602.828 DRIFT_CORRECT BLOCK.TRIAL.DRIFT_CORRECT
2670717.800 DISPLAY_TEXT BLOCK.TRIAL.RECORDING.DISPLAY_TEXT (BEGIN) 
2670738.618 DISPLAY_TEXT BLOCK.TRIAL.RECORDING.DISPLAY_TEXT
2710921.249 KEYBOARD_TEXT BLOCK.TRIAL.RECORDING.KEYBOARD_TEXT
2710921.931 SET_SENTENCE_RT BLOCK.TRIAL.RECORDING.SET_SENTENCE_RT
2710922.077 CHECK_QUESTION BLOCK.TRIAL.RECORDING.CHECK_QUESTION_TRUE
2710924.261 DISPLAY_BLANK BLOCK.TRIAL.RECORDING.DISPLAY_BLANK (BEGIN) 
2710937.227 DISPLAY_BLANK BLOCK.TRIAL.RECORDING.DISPLAY_BLANK
2710937.929 ADD_TO_RESULTS_FILE BLOCK.TRIAL.RECORDING.ADD_TO_RESULTS_FILE
2711025.092 SetValueAction 
2711025.124 SetValueAction 
2711025.150 SetValueAction 
2711025.175 SetValueAction 
2711025.200 SetValueAction 
2711025.225 SetValueAction 
2711025.569 CHECK_NEW_BLOCK BLOCK.TRIAL.CHECK_NEW_BLOCK_TRUE
2711025.918 RESET_VARS BLOCK.TRIAL.RESET_VARS
2711439.173 PREPARE_SEQUENCE BLOCK.TRIAL.PREPARE_SEQUENCE
2712445.164 DRIFT_CORRECT BLOCK.TRIAL.DRIFT_CORRECT
2712561.700 DISPLAY_TEXT BLOCK.TRIAL.RECORDING.DISPLAY_TEXT (BEGIN) 
2712578.785 DISPLAY_TEXT BLOCK.TRIAL.RECORDING.DISPLAY_TEXT
2744554.625 TRACKER_TIME 30 4907625.603
2744554.704 KEYBOARD_TEXT BLOCK.TRIAL.RECORDING.KEYBOARD_TEXT
2744555.374 SET_SENTENCE_RT BLOCK.TRIAL.RECORDING.SET_SENTENCE_RT
2744555.542 CHECK_QUESTION BLOCK.TRIAL.RECORDING.CHECK_QUESTION_TRUE
2744557.696 DISPLAY_BLANK BLOCK.TRIAL.RECORDING.DISPLAY_BLANK (BEGIN) 
2744560.424 DISPLAY_BLANK BLOCK.TRIAL.RECORDING.DISPLAY_BLANK
2744561.377 ADD_TO_RESULTS_FILE BLOCK.TRIAL.RECORDING.ADD_TO_RESULTS_FILE
2744646.092 SetValueAction 
2744646.124 SetValueAction 
2744646.151 SetValueAction 
2744646.222 SetValueAction 
2744646.248 SetValueAction 
2744646.273 SetValueAction 
2744646.625 CHECK_NEW_BLOCK BLOCK.TRIAL.CHECK_NEW_BLOCK_TRUE
2744646.963 RESET_VARS BLOCK.TRIAL.RESET_VARS
2745085.558 PREPARE_SEQUENCE BLOCK.TRIAL.PREPARE_SEQUENCE
2747841.800 DRIFT_CORRECT BLOCK.TRIAL.DRIFT_CORRECT
2747960.643 DISPLAY_TEXT BLOCK.TRIAL.RECORDING.DISPLAY_TEXT (BEGIN) 
2747985.586 DISPLAY_TEXT BLOCK.TRIAL.RECORDING.DISPLAY_TEXT
2813998.810 TRACKER_TIME 31 4977068.319
2813998.879 KEYBOARD_TEXT BLOCK.TRIAL.RECORDING.KEYBOARD_TEXT
2813999.570 SET_SENTENCE_RT BLOCK.TRIAL.RECORDING.SET_SENTENCE_RT
2813999.684 CHECK_QUESTION BLOCK.TRIAL.RECORDING.CHECK_QUESTION_TRUE
2814001.761 DISPLAY_BLANK BLOCK.TRIAL.RECORDING.DISPLAY_BLANK (BEGIN) 
2814007.058 DISPLAY_BLANK BLOCK.TRIAL.RECORDING.DISPLAY_BLANK
2814007.683 ADD_TO_RESULTS_FILE BLOCK.TRIAL.RECORDING.ADD_TO_RESULTS_FILE
2814094.146 SetValueAction 
2814094.179 SetValueAction 
2814094.207 SetValueAction 
2814094.233 SetValueAction 
2814094.258 SetValueAction 
2814094.283 SetValueAction 
2814094.727 CHECK_NEW_BLOCK BLOCK.TRIAL.CHECK_NEW_BLOCK_TRUE
2814095.039 RESET_VARS BLOCK.TRIAL.RESET_VARS
2814520.618 PREPARE_SEQUENCE BLOCK.TRIAL.PREPARE_SEQUENCE
2816179.322 DRIFT_CORRECT BLOCK.TRIAL.DRIFT_CORRECT
2816294.750 DISPLAY_TEXT BLOCK.TRIAL.RECORDING.DISPLAY_TEXT (BEGIN) 
2816306.560 DISPLAY_TEXT BLOCK.TRIAL.RECORDING.DISPLAY_TEXT
2839450.573 KEYBOARD_TEXT BLOCK.TRIAL.RECORDING.KEYBOARD_TEXT
2839451.026 SET_SENTENCE_RT BLOCK.TRIAL.RECORDING.SET_SENTENCE_RT
2839451.082 CHECK_QUESTION BLOCK.TRIAL.RECORDING.CHECK_QUESTION_TRUE
2839453.029 DISPLAY_BLANK BLOCK.TRIAL.RECORDING.DISPLAY_BLANK (BEGIN) 
2839466.595 DISPLAY_BLANK BLOCK.TRIAL.RECORDING.DISPLAY_BLANK
2839467.212 ADD_TO_RESULTS_FILE BLOCK.TRIAL.RECORDING.ADD_TO_RESULTS_FILE
2839553.095 SetValueAction 
2839553.127 SetValueAction 
2839553.155 SetValueAction 
2839553.179 SetValueAction 
2839553.205 SetValueAction 
2839553.230 SetValueAction 
2839553.658 CHECK_NEW_BLOCK BLOCK.TRIAL.CHECK_NEW_BLOCK_TRUE
2839554.032 RESET_VARS BLOCK.TRIAL.RESET_VARS
2839963.219 PREPARE_SEQUENCE BLOCK.TRIAL.PREPARE_SEQUENCE
2840912.548 DRIFT_CORRECT BLOCK.TRIAL.DRIFT_CORRECT
2841034.634 DISPLAY_TEXT BLOCK.TRIAL.RECORDING.DISPLAY_TEXT (BEGIN) 
2841049.507 DISPLAY_TEXT BLOCK.TRIAL.RECORDING.DISPLAY_TEXT
2857765.724 KEYBOARD_TEXT BLOCK.TRIAL.RECORDING.KEYBOARD_TEXT
2857766.275 SET_SENTENCE_RT BLOCK.TRIAL.RECORDING.SET_SENTENCE_RT
2857766.449 CHECK_QUESTION BLOCK.TRIAL.RECORDING.CHECK_QUESTION_TRUE
2857768.491 DISPLAY_BLANK BLOCK.TRIAL.RECORDING.DISPLAY_BLANK (BEGIN) 
2857777.778 DISPLAY_BLANK BLOCK.TRIAL.RECORDING.DISPLAY_BLANK
2857778.392 ADD_TO_RESULTS_FILE BLOCK.TRIAL.RECORDING.ADD_TO_RESULTS_FILE
2857865.110 SetValueAction 
2857865.141 SetValueAction 
2857865.168 SetValueAction 
2857865.193 SetValueAction 
2857865.218 SetValueAction 
2857865.243 SetValueAction 
2857865.645 CHECK_NEW_BLOCK BLOCK.TRIAL.CHECK_NEW_BLOCK_TRUE
2857866.016 RESET_VARS BLOCK.TRIAL.RESET_VARS
2858305.152 PREPARE_SEQUENCE BLOCK.TRIAL.PREPARE_SEQUENCE
2860031.620 DRIFT_CORRECT BLOCK.TRIAL.DRIFT_CORRECT
2860145.941 DISPLAY_TEXT BLOCK.TRIAL.RECORDING.DISPLAY_TEXT (BEGIN) 
2860166.651 DISPLAY_TEXT BLOCK.TRIAL.RECORDING.DISPLAY_TEXT
2913117.158 TRACKER_TIME 32 5076184.549
2913117.232 KEYBOARD_TEXT BLOCK.TRIAL.RECORDING.KEYBOARD_TEXT
2913117.758 SET_SENTENCE_RT BLOCK.TRIAL.RECORDING.SET_SENTENCE_RT
2913117.870 CHECK_QUESTION BLOCK.TRIAL.RECORDING.CHECK_QUESTION_FALSE
2913120.698 DISPLAY_QUESTION BLOCK.TRIAL.RECORDING.DISPLAY_QUESTION (BEGIN) 
2913128.287 DISPLAY_QUESTION BLOCK.TRIAL.RECORDING.DISPLAY_QUESTION
2924079.819 KEYBOARD_QUESTION BLOCK.TRIAL.RECORDING.KEYBOARD_QUESTION
2924079.999 CHECK_RESPONSE_BUTTON BLOCK.TRIAL.RECORDING.CHECK_RESPONSE_BUTTON_TRUE
2924080.592 SET_VARS_CORRECT BLOCK.TRIAL.RECORDING.SET_VARS_CORRECT
2924082.453 DISPLAY_BLANK BLOCK.TRIAL.RECORDING.DISPLAY_BLANK (BEGIN) 
2924091.861 DISPLAY_BLANK BLOCK.TRIAL.RECORDING.DISPLAY_BLANK
2924092.476 ADD_TO_RESULTS_FILE BLOCK.TRIAL.RECORDING.ADD_TO_RESULTS_FILE
2924178.092 SetValueAction 
2924178.125 SetValueAction 
2924178.153 SetValueAction 
2924178.178 SetValueAction 
2924178.203 SetValueAction 
2924178.228 SetValueAction 
2924178.586 CHECK_NEW_BLOCK BLOCK.TRIAL.CHECK_NEW_BLOCK_TRUE
2924178.854 RESET_VARS BLOCK.TRIAL.RESET_VARS
2924608.031 PREPARE_SEQUENCE BLOCK.TRIAL.PREPARE_SEQUENCE
2926986.854 DRIFT_CORRECT BLOCK.TRIAL.DRIFT_CORRECT
2927107.830 DISPLAY_TEXT BLOCK.TRIAL.RECORDING.DISPLAY_TEXT (BEGIN) 
2927125.527 DISPLAY_TEXT BLOCK.TRIAL.RECORDING.DISPLAY_TEXT
2970343.597 KEYBOARD_TEXT BLOCK.TRIAL.RECORDING.KEYBOARD_TEXT
2970344.121 SET_SENTENCE_RT BLOCK.TRIAL.RECORDING.SET_SENTENCE_RT
2970344.191 CHECK_QUESTION BLOCK.TRIAL.RECORDING.CHECK_QUESTION_TRUE
2970346.646 DISPLAY_BLANK BLOCK.TRIAL.RECORDING.DISPLAY_BLANK (BEGIN) 
2970362.000 DISPLAY_BLANK BLOCK.TRIAL.RECORDING.DISPLAY_BLANK
2970362.636 ADD_TO_RESULTS_FILE BLOCK.TRIAL.RECORDING.ADD_TO_RESULTS_FILE
2970447.095 SetValueAction 
2970447.164 SetValueAction 
2970447.192 SetValueAction 
2970447.217 SetValueAction 
2970447.242 SetValueAction 
2970447.268 SetValueAction 
2970447.632 CHECK_NEW_BLOCK BLOCK.TRIAL.CHECK_NEW_BLOCK_TRUE
2970447.939 RESET_VARS BLOCK.TRIAL.RESET_VARS
2970884.876 PREPARE_SEQUENCE BLOCK.TRIAL.PREPARE_SEQUENCE
2972877.314 DRIFT_CORRECT BLOCK.TRIAL.DRIFT_CORRECT
2972995.633 DISPLAY_TEXT BLOCK.TRIAL.RECORDING.DISPLAY_TEXT (BEGIN) 
2973019.516 DISPLAY_TEXT BLOCK.TRIAL.RECORDING.DISPLAY_TEXT
3025830.825 TRACKER_TIME 33 5188895.896
3025830.916 KEYBOARD_TEXT BLOCK.TRIAL.RECORDING.KEYBOARD_TEXT
3025831.481 SET_SENTENCE_RT BLOCK.TRIAL.RECORDING.SET_SENTENCE_RT
3025831.576 CHECK_QUESTION BLOCK.TRIAL.RECORDING.CHECK_QUESTION_TRUE
3025833.686 DISPLAY_BLANK BLOCK.TRIAL.RECORDING.DISPLAY_BLANK (BEGIN) 
3025845.760 DISPLAY_BLANK BLOCK.TRIAL.RECORDING.DISPLAY_BLANK
3025846.436 ADD_TO_RESULTS_FILE BLOCK.TRIAL.RECORDING.ADD_TO_RESULTS_FILE
3025932.093 SetValueAction 
3025932.126 SetValueAction 
3025932.155 SetValueAction 
3025932.180 SetValueAction 
3025932.205 SetValueAction 
3025932.230 SetValueAction 
3025932.598 CHECK_NEW_BLOCK BLOCK.TRIAL.CHECK_NEW_BLOCK_TRUE
3025932.943 RESET_VARS BLOCK.TRIAL.RESET_VARS
3026360.426 PREPARE_SEQUENCE BLOCK.TRIAL.PREPARE_SEQUENCE
3027497.790 DRIFT_CORRECT BLOCK.TRIAL.DRIFT_CORRECT
3027615.074 DISPLAY_TEXT BLOCK.TRIAL.RECORDING.DISPLAY_TEXT (BEGIN) 
3027640.283 DISPLAY_TEXT BLOCK.TRIAL.RECORDING.DISPLAY_TEXT
3093418.570 TRACKER_TIME 34 5256482.234
3093418.652 KEYBOARD_TEXT BLOCK.TRIAL.RECORDING.KEYBOARD_TEXT
3093419.180 SET_SENTENCE_RT BLOCK.TRIAL.RECORDING.SET_SENTENCE_RT
3093419.287 CHECK_QUESTION BLOCK.TRIAL.RECORDING.CHECK_QUESTION_TRUE
3093421.260 DISPLAY_BLANK BLOCK.TRIAL.RECORDING.DISPLAY_BLANK (BEGIN) 
3093425.888 DISPLAY_BLANK BLOCK.TRIAL.RECORDING.DISPLAY_BLANK
3093426.546 ADD_TO_RESULTS_FILE BLOCK.TRIAL.RECORDING.ADD_TO_RESULTS_FILE
3093513.095 SetValueAction 
3093513.128 SetValueAction 
3093513.155 SetValueAction 
3093513.180 SetValueAction 
3093513.206 SetValueAction 
3093513.231 SetValueAction 
3093513.639 CHECK_NEW_BLOCK BLOCK.TRIAL.CHECK_NEW_BLOCK_TRUE
3093514.061 RESET_VARS BLOCK.TRIAL.RESET_VARS
3093955.174 PREPARE_SEQUENCE BLOCK.TRIAL.PREPARE_SEQUENCE
3095051.503 DRIFT_CORRECT BLOCK.TRIAL.DRIFT_CORRECT
3095171.837 DISPLAY_TEXT BLOCK.TRIAL.RECORDING.DISPLAY_TEXT (BEGIN) 
3095191.262 DISPLAY_TEXT BLOCK.TRIAL.RECORDING.DISPLAY_TEXT
3137524.455 KEYBOARD_TEXT BLOCK.TRIAL.RECORDING.KEYBOARD_TEXT
3137525.225 SET_SENTENCE_RT BLOCK.TRIAL.RECORDING.SET_SENTENCE_RT
3137525.305 CHECK_QUESTION BLOCK.TRIAL.RECORDING.CHECK_QUESTION_TRUE
3137527.356 DISPLAY_BLANK BLOCK.TRIAL.RECORDING.DISPLAY_BLANK (BEGIN) 
3137529.641 DISPLAY_BLANK BLOCK.TRIAL.RECORDING.DISPLAY_BLANK
3137530.733 ADD_TO_RESULTS_FILE BLOCK.TRIAL.RECORDING.ADD_TO_RESULTS_FILE
3137617.099 SetValueAction 
3137617.131 SetValueAction 
3137617.159 SetValueAction 
3137617.184 SetValueAction 
3137617.209 SetValueAction 
3137617.234 SetValueAction 
3137617.581 CHECK_NEW_BLOCK BLOCK.TRIAL.CHECK_NEW_BLOCK_TRUE
3137617.957 RESET_VARS BLOCK.TRIAL.RESET_VARS
3138049.654 PREPARE_SEQUENCE BLOCK.TRIAL.PREPARE_SEQUENCE
3139126.853 DRIFT_CORRECT BLOCK.TRIAL.DRIFT_CORRECT
3139247.629 DISPLAY_TEXT BLOCK.TRIAL.RECORDING.DISPLAY_TEXT (BEGIN) 
3139267.299 DISPLAY_TEXT BLOCK.TRIAL.RECORDING.DISPLAY_TEXT
3204572.170 TRACKER_TIME 35 5367633.436
3204572.246 KEYBOARD_TEXT BLOCK.TRIAL.RECORDING.KEYBOARD_TEXT
3204572.936 SET_SENTENCE_RT BLOCK.TRIAL.RECORDING.SET_SENTENCE_RT
3204573.086 CHECK_QUESTION BLOCK.TRIAL.RECORDING.CHECK_QUESTION_TRUE
3204578.631 DISPLAY_BLANK BLOCK.TRIAL.RECORDING.DISPLAY_BLANK (BEGIN) 
3204593.998 DISPLAY_BLANK BLOCK.TRIAL.RECORDING.DISPLAY_BLANK
3204594.587 ADD_TO_RESULTS_FILE BLOCK.TRIAL.RECORDING.ADD_TO_RESULTS_FILE
3204679.097 SetValueAction 
3204679.130 SetValueAction 
3204679.158 SetValueAction 
3204679.183 SetValueAction 
3204679.209 SetValueAction 
3204679.233 SetValueAction 
3204679.668 CHECK_NEW_BLOCK BLOCK.TRIAL.CHECK_NEW_BLOCK_TRUE
3204680.062 RESET_VARS BLOCK.TRIAL.RESET_VARS
3205150.732 PREPARE_SEQUENCE BLOCK.TRIAL.PREPARE_SEQUENCE
3206083.026 DRIFT_CORRECT BLOCK.TRIAL.DRIFT_CORRECT
3206199.775 DISPLAY_TEXT BLOCK.TRIAL.RECORDING.DISPLAY_TEXT (BEGIN) 
3206215.481 DISPLAY_TEXT BLOCK.TRIAL.RECORDING.DISPLAY_TEXT
3246218.079 KEYBOARD_TEXT BLOCK.TRIAL.RECORDING.KEYBOARD_TEXT
3246218.686 SET_SENTENCE_RT BLOCK.TRIAL.RECORDING.SET_SENTENCE_RT
3246218.839 CHECK_QUESTION BLOCK.TRIAL.RECORDING.CHECK_QUESTION_FALSE
3246221.576 DISPLAY_QUESTION BLOCK.TRIAL.RECORDING.DISPLAY_QUESTION (BEGIN) 
3246231.686 DISPLAY_QUESTION BLOCK.TRIAL.RECORDING.DISPLAY_QUESTION
3254744.611 KEYBOARD_QUESTION BLOCK.TRIAL.RECORDING.KEYBOARD_QUESTION
3254744.831 CHECK_RESPONSE_BUTTON BLOCK.TRIAL.RECORDING.CHECK_RESPONSE_BUTTON_FALSE
3254745.231 SET_VARS_INCORRECT BLOCK.TRIAL.RECORDING.SET_VARS_INCORRECT
3254747.179 DISPLAY_BLANK BLOCK.TRIAL.RECORDING.DISPLAY_BLANK (BEGIN) 
3254762.786 DISPLAY_BLANK BLOCK.TRIAL.RECORDING.DISPLAY_BLANK
3254763.512 ADD_TO_RESULTS_FILE BLOCK.TRIAL.RECORDING.ADD_TO_RESULTS_FILE
3254849.091 SetValueAction 
3254849.123 SetValueAction 
3254849.150 SetValueAction 
3254849.175 SetValueAction 
3254849.200 SetValueAction 
3254849.224 SetValueAction 
3254849.612 CHECK_NEW_BLOCK BLOCK.TRIAL.CHECK_NEW_BLOCK_TRUE
3254849.909 RESET_VARS BLOCK.TRIAL.RESET_VARS
3255293.722 PREPARE_SEQUENCE BLOCK.TRIAL.PREPARE_SEQUENCE
3257976.799 DRIFT_CORRECT BLOCK.TRIAL.DRIFT_CORRECT
3258096.704 DISPLAY_TEXT BLOCK.TRIAL.RECORDING.DISPLAY_TEXT (BEGIN) 
3258115.871 DISPLAY_TEXT BLOCK.TRIAL.RECORDING.DISPLAY_TEXT
3294044.417 TRACKER_TIME 36 5457103.721
3294044.497 KEYBOARD_TEXT BLOCK.TRIAL.RECORDING.KEYBOARD_TEXT
3294045.120 SET_SENTENCE_RT BLOCK.TRIAL.RECORDING.SET_SENTENCE_RT
3294045.191 CHECK_QUESTION BLOCK.TRIAL.RECORDING.CHECK_QUESTION_TRUE
3294047.365 DISPLAY_BLANK BLOCK.TRIAL.RECORDING.DISPLAY_BLANK (BEGIN) 
3294050.859 DISPLAY_BLANK BLOCK.TRIAL.RECORDING.DISPLAY_BLANK
3294051.481 ADD_TO_RESULTS_FILE BLOCK.TRIAL.RECORDING.ADD_TO_RESULTS_FILE
3294137.094 SetValueAction 
3294137.127 SetValueAction 
3294137.155 SetValueAction 
3294137.183 SetValueAction 
3294137.209 SetValueAction 
3294137.234 SetValueAction 
3294137.578 CHECK_NEW_BLOCK BLOCK.TRIAL.CHECK_NEW_BLOCK_TRUE
3294137.935 RESET_VARS BLOCK.TRIAL.RESET_VARS
3294549.459 PREPARE_SEQUENCE BLOCK.TRIAL.PREPARE_SEQUENCE
3295869.549 DRIFT_CORRECT BLOCK.TRIAL.DRIFT_CORRECT
3295989.818 DISPLAY_TEXT BLOCK.TRIAL.RECORDING.DISPLAY_TEXT (BEGIN) 
3296003.772 DISPLAY_TEXT BLOCK.TRIAL.RECORDING.DISPLAY_TEXT
3326872.031 KEYBOARD_TEXT BLOCK.TRIAL.RECORDING.KEYBOARD_TEXT
3326872.698 SET_SENTENCE_RT BLOCK.TRIAL.RECORDING.SET_SENTENCE_RT
3326872.798 CHECK_QUESTION BLOCK.TRIAL.RECORDING.CHECK_QUESTION_TRUE
3326874.862 DISPLAY_BLANK BLOCK.TRIAL.RECORDING.DISPLAY_BLANK (BEGIN) 
3326891.877 DISPLAY_BLANK BLOCK.TRIAL.RECORDING.DISPLAY_BLANK
3326892.501 ADD_TO_RESULTS_FILE BLOCK.TRIAL.RECORDING.ADD_TO_RESULTS_FILE
3326979.094 SetValueAction 
3326979.126 SetValueAction 
3326979.154 SetValueAction 
3326979.179 SetValueAction 
3326979.204 SetValueAction 
3326979.229 SetValueAction 
3326979.630 CHECK_NEW_BLOCK BLOCK.TRIAL.CHECK_NEW_BLOCK_TRUE
3326979.936 RESET_VARS BLOCK.TRIAL.RESET_VARS
3327403.741 PREPARE_SEQUENCE BLOCK.TRIAL.PREPARE_SEQUENCE
3328609.371 DRIFT_CORRECT BLOCK.TRIAL.DRIFT_CORRECT
3328725.630 DISPLAY_TEXT BLOCK.TRIAL.RECORDING.DISPLAY_TEXT (BEGIN) 
3328741.263 DISPLAY_TEXT BLOCK.TRIAL.RECORDING.DISPLAY_TEXT
3361006.193 TRACKER_TIME 37 5524064.069
3361006.284 KEYBOARD_TEXT BLOCK.TRIAL.RECORDING.KEYBOARD_TEXT
3361007.086 SET_SENTENCE_RT BLOCK.TRIAL.RECORDING.SET_SENTENCE_RT
3361007.285 CHECK_QUESTION BLOCK.TRIAL.RECORDING.CHECK_QUESTION_TRUE
3361009.440 DISPLAY_BLANK BLOCK.TRIAL.RECORDING.DISPLAY_BLANK (BEGIN) 
3361014.875 DISPLAY_BLANK BLOCK.TRIAL.RECORDING.DISPLAY_BLANK
3361015.450 ADD_TO_RESULTS_FILE BLOCK.TRIAL.RECORDING.ADD_TO_RESULTS_FILE
3361100.096 SetValueAction 
3361100.129 SetValueAction 
3361100.157 SetValueAction 
3361100.182 SetValueAction 
3361100.209 SetValueAction 
3361100.237 SetValueAction 
3361100.584 CHECK_NEW_BLOCK BLOCK.TRIAL.CHECK_NEW_BLOCK_TRUE
3361100.843 RESET_VARS BLOCK.TRIAL.RESET_VARS
3361539.224 PREPARE_SEQUENCE BLOCK.TRIAL.PREPARE_SEQUENCE
3364748.518 DRIFT_CORRECT BLOCK.TRIAL.DRIFT_CORRECT
3364863.862 DISPLAY_TEXT BLOCK.TRIAL.RECORDING.DISPLAY_TEXT (BEGIN) 
3364880.824 DISPLAY_TEXT BLOCK.TRIAL.RECORDING.DISPLAY_TEXT
3388079.528 KEYBOARD_TEXT BLOCK.TRIAL.RECORDING.KEYBOARD_TEXT
3388080.245 SET_SENTENCE_RT BLOCK.TRIAL.RECORDING.SET_SENTENCE_RT
3388080.362 CHECK_QUESTION BLOCK.TRIAL.RECORDING.CHECK_QUESTION_FALSE
3388083.420 DISPLAY_QUESTION BLOCK.TRIAL.RECORDING.DISPLAY_QUESTION (BEGIN) 
3388090.360 DISPLAY_QUESTION BLOCK.TRIAL.RECORDING.DISPLAY_QUESTION
3395296.508 KEYBOARD_QUESTION BLOCK.TRIAL.RECORDING.KEYBOARD_QUESTION
3395296.737 CHECK_RESPONSE_BUTTON BLOCK.TRIAL.RECORDING.CHECK_RESPONSE_BUTTON_TRUE
3395297.311 SET_VARS_CORRECT BLOCK.TRIAL.RECORDING.SET_VARS_CORRECT
3395299.191 DISPLAY_BLANK BLOCK.TRIAL.RECORDING.DISPLAY_BLANK (BEGIN) 
3395304.946 DISPLAY_BLANK BLOCK.TRIAL.RECORDING.DISPLAY_BLANK
3395305.543 ADD_TO_RESULTS_FILE BLOCK.TRIAL.RECORDING.ADD_TO_RESULTS_FILE
3395391.118 SetValueAction 
3395391.156 SetValueAction 
3395391.184 SetValueAction 
3395391.209 SetValueAction 
3395391.234 SetValueAction 
3395391.260 SetValueAction 
3395391.728 CHECK_NEW_BLOCK BLOCK.TRIAL.CHECK_NEW_BLOCK_TRUE
3395392.034 RESET_VARS BLOCK.TRIAL.RESET_VARS
3395845.842 PREPARE_SEQUENCE BLOCK.TRIAL.PREPARE_SEQUENCE
3396942.390 DRIFT_CORRECT BLOCK.TRIAL.DRIFT_CORRECT
3397059.964 DISPLAY_TEXT BLOCK.TRIAL.RECORDING.DISPLAY_TEXT (BEGIN) 
3397078.203 DISPLAY_TEXT BLOCK.TRIAL.RECORDING.DISPLAY_TEXT
3434879.378 TRACKER_TIME 38 5597935.661
3434879.456 KEYBOARD_TEXT BLOCK.TRIAL.RECORDING.KEYBOARD_TEXT
3434879.935 SET_SENTENCE_RT BLOCK.TRIAL.RECORDING.SET_SENTENCE_RT
3434880.007 CHECK_QUESTION BLOCK.TRIAL.RECORDING.CHECK_QUESTION_TRUE
3434882.115 DISPLAY_BLANK BLOCK.TRIAL.RECORDING.DISPLAY_BLANK (BEGIN) 
3434893.648 DISPLAY_BLANK BLOCK.TRIAL.RECORDING.DISPLAY_BLANK
3434894.367 ADD_TO_RESULTS_FILE BLOCK.TRIAL.RECORDING.ADD_TO_RESULTS_FILE
3434980.097 SetValueAction 
3434980.130 SetValueAction 
3434980.158 SetValueAction 
3434980.183 SetValueAction 
3434980.209 SetValueAction 
3434980.234 SetValueAction 
3434980.613 CHECK_NEW_BLOCK BLOCK.TRIAL.CHECK_NEW_BLOCK_TRUE
3434980.915 RESET_VARS BLOCK.TRIAL.RESET_VARS
3435421.232 PREPARE_SEQUENCE BLOCK.TRIAL.PREPARE_SEQUENCE
3436441.435 DRIFT_CORRECT BLOCK.TRIAL.DRIFT_CORRECT
3436561.899 DISPLAY_TEXT BLOCK.TRIAL.RECORDING.DISPLAY_TEXT (BEGIN) 
3436580.210 DISPLAY_TEXT BLOCK.TRIAL.RECORDING.DISPLAY_TEXT
3475284.837 KEYBOARD_TEXT BLOCK.TRIAL.RECORDING.KEYBOARD_TEXT
3475285.539 SET_SENTENCE_RT BLOCK.TRIAL.RECORDING.SET_SENTENCE_RT
3475285.609 CHECK_QUESTION BLOCK.TRIAL.RECORDING.CHECK_QUESTION_TRUE
3475287.746 DISPLAY_BLANK BLOCK.TRIAL.RECORDING.DISPLAY_BLANK (BEGIN) 
3475298.536 DISPLAY_BLANK BLOCK.TRIAL.RECORDING.DISPLAY_BLANK
3475299.136 ADD_TO_RESULTS_FILE BLOCK.TRIAL.RECORDING.ADD_TO_RESULTS_FILE
3475385.093 SetValueAction 
3475385.125 SetValueAction 
3475385.153 SetValueAction 
3475385.178 SetValueAction 
3475385.204 SetValueAction 
3475385.251 SetValueAction 
3475385.710 CHECK_NEW_BLOCK BLOCK.TRIAL.CHECK_NEW_BLOCK_FALSE
3475388.438 NEW_COUNTERBALANCE_BREAK BLOCK.TRIAL.NEW_COUNTERBALANCE_BREAK (BEGIN) 
3475398.481 NEW_COUNTERBALANCE_BREAK BLOCK.TRIAL.NEW_COUNTERBALANCE_BREAK
3505392.296 TRACKER_TIME 39 5668447.162
3505392.373 KEYBOARD[1] BLOCK.TRIAL.KEYBOARD[1]
el_logger: Quit logger.
******** END OF THE LOG FILE ********
