12255.425 ********************************************************
12255.472 ** Session beginning Thursday February 03, 2022 12:52:40 AM **
12255.477 ** ExperimentBuilder Project : P18 **
12255.481 ** ExperimentBuilder Version : 2.3.38 **
12255.485 ** ExperimentBuilder Build   : Jul 30 2020 **
12255.488 ********************************************************
12255.494 TRACKER_TIME 0 2450172.621
12692.574 SETUP_INSTRUCTIONS SETUP_INSTRUCTIONS (BEGIN) 
12710.720 SETUP_INSTRUCTIONS SETUP_INSTRUCTIONS
75344.068 TRACKER_TIME 1 2513260.070
75344.196 KEYBOARD KEYBOARD
120561.909 EL_CAMERA_SETUP EL_CAMERA_SETUP
120596.258 EXPERIMENTAL__FIRST_BLOCK_INSTRUCTIONS BLOCK.EXPERIMENTAL__FIRST_BLOCK_INSTRUCTIONS (BEGIN) 
120612.839 EXPERIMENTAL__FIRST_BLOCK_INSTRUCTIONS BLOCK.EXPERIMENTAL__FIRST_BLOCK_INSTRUCTIONS
177335.835 TRACKER_TIME 2 2615249.746
177335.963 KEYBOARD BLOCK.KEYBOARD
177336.327 SetValueAction 
177336.359 SetValueAction 
177336.388 SetValueAction 
177336.428 SetValueAction 
177336.453 SetValueAction 
177336.478 SetValueAction 
177336.902 CHECK_NEW_BLOCK BLOCK.TRIAL.CHECK_NEW_BLOCK_TRUE
177337.280 RESET_VARS BLOCK.TRIAL.RESET_VARS
177739.171 PREPARE_SEQUENCE BLOCK.TRIAL.PREPARE_SEQUENCE
186021.467 DRIFT_CORRECT BLOCK.TRIAL.DRIFT_CORRECT
186136.093 DISPLAY_TEXT BLOCK.TRIAL.RECORDING.DISPLAY_TEXT (BEGIN) 
186143.462 DISPLAY_TEXT BLOCK.TRIAL.RECORDING.DISPLAY_TEXT
190847.293 KEYBOARD_TEXT BLOCK.TRIAL.RECORDING.KEYBOARD_TEXT
190847.960 SET_SENTENCE_RT BLOCK.TRIAL.RECORDING.SET_SENTENCE_RT
190848.069 CHECK_QUESTION BLOCK.TRIAL.RECORDING.CHECK_QUESTION_TRUE
190850.204 DISPLAY_BLANK BLOCK.TRIAL.RECORDING.DISPLAY_BLANK (BEGIN) 
190858.811 DISPLAY_BLANK BLOCK.TRIAL.RECORDING.DISPLAY_BLANK
190859.480 ADD_TO_RESULTS_FILE BLOCK.TRIAL.RECORDING.ADD_TO_RESULTS_FILE
190944.154 SetValueAction 
190944.189 SetValueAction 
190944.216 SetValueAction 
190944.242 SetValueAction 
190944.267 SetValueAction 
190944.292 SetValueAction 
190944.710 CHECK_NEW_BLOCK BLOCK.TRIAL.CHECK_NEW_BLOCK_TRUE
190945.041 RESET_VARS BLOCK.TRIAL.RESET_VARS
191346.785 PREPARE_SEQUENCE BLOCK.TRIAL.PREPARE_SEQUENCE
194355.682 DRIFT_CORRECT BLOCK.TRIAL.DRIFT_CORRECT
194479.889 DISPLAY_TEXT BLOCK.TRIAL.RECORDING.DISPLAY_TEXT (BEGIN) 
194491.219 DISPLAY_TEXT BLOCK.TRIAL.RECORDING.DISPLAY_TEXT
200947.351 KEYBOARD_TEXT BLOCK.TRIAL.RECORDING.KEYBOARD_TEXT
200947.933 SET_SENTENCE_RT BLOCK.TRIAL.RECORDING.SET_SENTENCE_RT
200948.026 CHECK_QUESTION BLOCK.TRIAL.RECORDING.CHECK_QUESTION_TRUE
200949.825 DISPLAY_BLANK BLOCK.TRIAL.RECORDING.DISPLAY_BLANK (BEGIN) 
200955.800 DISPLAY_BLANK BLOCK.TRIAL.RECORDING.DISPLAY_BLANK
200956.457 ADD_TO_RESULTS_FILE BLOCK.TRIAL.RECORDING.ADD_TO_RESULTS_FILE
201041.099 SetValueAction 
201041.131 SetValueAction 
201041.160 SetValueAction 
201041.186 SetValueAction 
201041.212 SetValueAction 
201041.237 SetValueAction 
201041.637 CHECK_NEW_BLOCK BLOCK.TRIAL.CHECK_NEW_BLOCK_TRUE
201041.891 RESET_VARS BLOCK.TRIAL.RESET_VARS
201481.900 PREPARE_SEQUENCE BLOCK.TRIAL.PREPARE_SEQUENCE
202999.915 DRIFT_CORRECT BLOCK.TRIAL.DRIFT_CORRECT
203115.727 DISPLAY_TEXT BLOCK.TRIAL.RECORDING.DISPLAY_TEXT (BEGIN) 
203125.530 DISPLAY_TEXT BLOCK.TRIAL.RECORDING.DISPLAY_TEXT
215198.254 KEYBOARD_TEXT BLOCK.TRIAL.RECORDING.KEYBOARD_TEXT
215198.863 SET_SENTENCE_RT BLOCK.TRIAL.RECORDING.SET_SENTENCE_RT
215198.980 CHECK_QUESTION BLOCK.TRIAL.RECORDING.CHECK_QUESTION_TRUE
215203.631 DISPLAY_BLANK BLOCK.TRIAL.RECORDING.DISPLAY_BLANK (BEGIN) 
215218.700 DISPLAY_BLANK BLOCK.TRIAL.RECORDING.DISPLAY_BLANK
215219.277 ADD_TO_RESULTS_FILE BLOCK.TRIAL.RECORDING.ADD_TO_RESULTS_FILE
215304.100 SetValueAction 
215304.134 SetValueAction 
215304.162 SetValueAction 
215304.188 SetValueAction 
215304.213 SetValueAction 
215304.238 SetValueAction 
215304.679 CHECK_NEW_BLOCK BLOCK.TRIAL.CHECK_NEW_BLOCK_TRUE
215305.033 RESET_VARS BLOCK.TRIAL.RESET_VARS
215736.148 PREPARE_SEQUENCE BLOCK.TRIAL.PREPARE_SEQUENCE
217640.972 DRIFT_CORRECT BLOCK.TRIAL.DRIFT_CORRECT
217755.209 DISPLAY_TEXT BLOCK.TRIAL.RECORDING.DISPLAY_TEXT (BEGIN) 
217768.594 DISPLAY_TEXT BLOCK.TRIAL.RECORDING.DISPLAY_TEXT
235746.245 KEYBOARD_TEXT BLOCK.TRIAL.RECORDING.KEYBOARD_TEXT
235747.037 SET_SENTENCE_RT BLOCK.TRIAL.RECORDING.SET_SENTENCE_RT
235747.199 CHECK_QUESTION BLOCK.TRIAL.RECORDING.CHECK_QUESTION_TRUE
235748.995 DISPLAY_BLANK BLOCK.TRIAL.RECORDING.DISPLAY_BLANK (BEGIN) 
235762.738 DISPLAY_BLANK BLOCK.TRIAL.RECORDING.DISPLAY_BLANK
235763.335 ADD_TO_RESULTS_FILE BLOCK.TRIAL.RECORDING.ADD_TO_RESULTS_FILE
235848.140 SetValueAction 
235848.175 SetValueAction 
235848.203 SetValueAction 
235848.230 SetValueAction 
235848.256 SetValueAction 
235848.282 SetValueAction 
235848.668 CHECK_NEW_BLOCK BLOCK.TRIAL.CHECK_NEW_BLOCK_TRUE
235849.253 RESET_VARS BLOCK.TRIAL.RESET_VARS
236289.326 PREPARE_SEQUENCE BLOCK.TRIAL.PREPARE_SEQUENCE
238287.182 TRACKER_TIME 3 2676199.801
238287.235 DRIFT_CORRECT BLOCK.TRIAL.DRIFT_CORRECT
238401.156 DISPLAY_TEXT BLOCK.TRIAL.RECORDING.DISPLAY_TEXT (BEGIN) 
238422.256 DISPLAY_TEXT BLOCK.TRIAL.RECORDING.DISPLAY_TEXT
258673.203 KEYBOARD_TEXT BLOCK.TRIAL.RECORDING.KEYBOARD_TEXT
258673.823 SET_SENTENCE_RT BLOCK.TRIAL.RECORDING.SET_SENTENCE_RT
258673.955 CHECK_QUESTION BLOCK.TRIAL.RECORDING.CHECK_QUESTION_FALSE
258676.642 DISPLAY_QUESTION BLOCK.TRIAL.RECORDING.DISPLAY_QUESTION (BEGIN) 
258689.381 DISPLAY_QUESTION BLOCK.TRIAL.RECORDING.DISPLAY_QUESTION
266098.179 KEYBOARD_QUESTION BLOCK.TRIAL.RECORDING.KEYBOARD_QUESTION
266098.491 CHECK_RESPONSE_BUTTON BLOCK.TRIAL.RECORDING.CHECK_RESPONSE_BUTTON_TRUE
266099.039 SET_VARS_CORRECT BLOCK.TRIAL.RECORDING.SET_VARS_CORRECT
266100.835 DISPLAY_BLANK BLOCK.TRIAL.RECORDING.DISPLAY_BLANK (BEGIN) 
266103.447 DISPLAY_BLANK BLOCK.TRIAL.RECORDING.DISPLAY_BLANK
266104.078 ADD_TO_RESULTS_FILE BLOCK.TRIAL.RECORDING.ADD_TO_RESULTS_FILE
266191.099 SetValueAction 
266191.131 SetValueAction 
266191.158 SetValueAction 
266191.183 SetValueAction 
266191.209 SetValueAction 
266191.234 SetValueAction 
266191.644 CHECK_NEW_BLOCK BLOCK.TRIAL.CHECK_NEW_BLOCK_TRUE
266191.981 RESET_VARS BLOCK.TRIAL.RESET_VARS
266582.489 PREPARE_SEQUENCE BLOCK.TRIAL.PREPARE_SEQUENCE
268074.369 DRIFT_CORRECT BLOCK.TRIAL.DRIFT_CORRECT
268198.169 DISPLAY_TEXT BLOCK.TRIAL.RECORDING.DISPLAY_TEXT (BEGIN) 
268208.563 DISPLAY_TEXT BLOCK.TRIAL.RECORDING.DISPLAY_TEXT
277007.663 KEYBOARD_TEXT BLOCK.TRIAL.RECORDING.KEYBOARD_TEXT
277008.417 SET_SENTENCE_RT BLOCK.TRIAL.RECORDING.SET_SENTENCE_RT
277008.521 CHECK_QUESTION BLOCK.TRIAL.RECORDING.CHECK_QUESTION_TRUE
277010.303 DISPLAY_BLANK BLOCK.TRIAL.RECORDING.DISPLAY_BLANK (BEGIN) 
277017.132 DISPLAY_BLANK BLOCK.TRIAL.RECORDING.DISPLAY_BLANK
277017.785 ADD_TO_RESULTS_FILE BLOCK.TRIAL.RECORDING.ADD_TO_RESULTS_FILE
277104.099 SetValueAction 
277104.133 SetValueAction 
277104.166 SetValueAction 
277104.192 SetValueAction 
277104.217 SetValueAction 
277104.242 SetValueAction 
277104.664 CHECK_NEW_BLOCK BLOCK.TRIAL.CHECK_NEW_BLOCK_TRUE
277105.030 RESET_VARS BLOCK.TRIAL.RESET_VARS
277478.677 PREPARE_SEQUENCE BLOCK.TRIAL.PREPARE_SEQUENCE
278759.837 DRIFT_CORRECT BLOCK.TRIAL.DRIFT_CORRECT
278874.075 DISPLAY_TEXT BLOCK.TRIAL.RECORDING.DISPLAY_TEXT (BEGIN) 
278888.317 DISPLAY_TEXT BLOCK.TRIAL.RECORDING.DISPLAY_TEXT
292576.484 KEYBOARD_TEXT BLOCK.TRIAL.RECORDING.KEYBOARD_TEXT
292577.056 SET_SENTENCE_RT BLOCK.TRIAL.RECORDING.SET_SENTENCE_RT
292577.189 CHECK_QUESTION BLOCK.TRIAL.RECORDING.CHECK_QUESTION_TRUE
292580.638 DISPLAY_BLANK BLOCK.TRIAL.RECORDING.DISPLAY_BLANK (BEGIN) 
292596.321 DISPLAY_BLANK BLOCK.TRIAL.RECORDING.DISPLAY_BLANK
292596.907 ADD_TO_RESULTS_FILE BLOCK.TRIAL.RECORDING.ADD_TO_RESULTS_FILE
292681.101 SetValueAction 
292681.133 SetValueAction 
292681.161 SetValueAction 
292681.186 SetValueAction 
292681.212 SetValueAction 
292681.238 SetValueAction 
292681.681 CHECK_NEW_BLOCK BLOCK.TRIAL.CHECK_NEW_BLOCK_TRUE
292682.025 RESET_VARS BLOCK.TRIAL.RESET_VARS
293078.526 PREPARE_SEQUENCE BLOCK.TRIAL.PREPARE_SEQUENCE
294191.899 DRIFT_CORRECT BLOCK.TRIAL.DRIFT_CORRECT
294306.088 DISPLAY_TEXT BLOCK.TRIAL.RECORDING.DISPLAY_TEXT (BEGIN) 
294320.466 DISPLAY_TEXT BLOCK.TRIAL.RECORDING.DISPLAY_TEXT
311307.232 TRACKER_TIME 4 2749218.222
311307.363 KEYBOARD_TEXT BLOCK.TRIAL.RECORDING.KEYBOARD_TEXT
311307.988 SET_SENTENCE_RT BLOCK.TRIAL.RECORDING.SET_SENTENCE_RT
311308.107 CHECK_QUESTION BLOCK.TRIAL.RECORDING.CHECK_QUESTION_FALSE
311310.882 DISPLAY_QUESTION BLOCK.TRIAL.RECORDING.DISPLAY_QUESTION (BEGIN) 
311324.151 DISPLAY_QUESTION BLOCK.TRIAL.RECORDING.DISPLAY_QUESTION
315520.513 KEYBOARD_QUESTION BLOCK.TRIAL.RECORDING.KEYBOARD_QUESTION
315520.747 CHECK_RESPONSE_BUTTON BLOCK.TRIAL.RECORDING.CHECK_RESPONSE_BUTTON_TRUE
315521.335 SET_VARS_CORRECT BLOCK.TRIAL.RECORDING.SET_VARS_CORRECT
315523.268 DISPLAY_BLANK BLOCK.TRIAL.RECORDING.DISPLAY_BLANK (BEGIN) 
315539.720 DISPLAY_BLANK BLOCK.TRIAL.RECORDING.DISPLAY_BLANK
315540.292 ADD_TO_RESULTS_FILE BLOCK.TRIAL.RECORDING.ADD_TO_RESULTS_FILE
315627.099 SetValueAction 
315627.133 SetValueAction 
315627.162 SetValueAction 
315627.187 SetValueAction 
315627.214 SetValueAction 
315627.239 SetValueAction 
315627.709 CHECK_NEW_BLOCK BLOCK.TRIAL.CHECK_NEW_BLOCK_TRUE
315628.094 RESET_VARS BLOCK.TRIAL.RESET_VARS
316068.168 PREPARE_SEQUENCE BLOCK.TRIAL.PREPARE_SEQUENCE
317195.991 DRIFT_CORRECT BLOCK.TRIAL.DRIFT_CORRECT
317310.848 DISPLAY_TEXT BLOCK.TRIAL.RECORDING.DISPLAY_TEXT (BEGIN) 
317322.331 DISPLAY_TEXT BLOCK.TRIAL.RECORDING.DISPLAY_TEXT
321145.538 KEYBOARD_TEXT BLOCK.TRIAL.RECORDING.KEYBOARD_TEXT
321146.186 SET_SENTENCE_RT BLOCK.TRIAL.RECORDING.SET_SENTENCE_RT
321146.297 CHECK_QUESTION BLOCK.TRIAL.RECORDING.CHECK_QUESTION_TRUE
321148.283 DISPLAY_BLANK BLOCK.TRIAL.RECORDING.DISPLAY_BLANK (BEGIN) 
321154.350 DISPLAY_BLANK BLOCK.TRIAL.RECORDING.DISPLAY_BLANK
321154.898 ADD_TO_RESULTS_FILE BLOCK.TRIAL.RECORDING.ADD_TO_RESULTS_FILE
321241.099 SetValueAction 
321241.133 SetValueAction 
321241.160 SetValueAction 
321241.185 SetValueAction 
321241.210 SetValueAction 
321241.235 SetValueAction 
321241.744 CHECK_NEW_BLOCK BLOCK.TRIAL.CHECK_NEW_BLOCK_FALSE
321275.698 NEW_COUNTERBALANCE_BREAK BLOCK.TRIAL.NEW_COUNTERBALANCE_BREAK (BEGIN) 
321287.877 NEW_COUNTERBALANCE_BREAK BLOCK.TRIAL.NEW_COUNTERBALANCE_BREAK
331952.580 KEYBOARD[1] BLOCK.TRIAL.KEYBOARD[1]
432819.979 TRACKER_TIME 5 2870728.293
432820.056 EL_CAMERA_SETUP BLOCK.TRIAL.EL_CAMERA_SETUP
432853.418 EXPERIMENT_CONTINUE BLOCK.TRIAL.EXPERIMENT_CONTINUE (BEGIN) 
432872.416 EXPERIMENT_CONTINUE BLOCK.TRIAL.EXPERIMENT_CONTINUE
438767.094 KEYBOARD BLOCK.TRIAL.KEYBOARD
438767.581 RESET_VARS BLOCK.TRIAL.RESET_VARS
439206.077 PREPARE_SEQUENCE BLOCK.TRIAL.PREPARE_SEQUENCE
443349.346 DRIFT_CORRECT BLOCK.TRIAL.DRIFT_CORRECT
443470.630 DISPLAY_TEXT BLOCK.TRIAL.RECORDING.DISPLAY_TEXT (BEGIN) 
443485.954 DISPLAY_TEXT BLOCK.TRIAL.RECORDING.DISPLAY_TEXT
444693.139 KEYBOARD_TEXT BLOCK.TRIAL.RECORDING.KEYBOARD_TEXT
444693.953 SET_SENTENCE_RT BLOCK.TRIAL.RECORDING.SET_SENTENCE_RT
444694.031 CHECK_QUESTION BLOCK.TRIAL.RECORDING.CHECK_QUESTION_TRUE
444695.885 DISPLAY_BLANK BLOCK.TRIAL.RECORDING.DISPLAY_BLANK (BEGIN) 
444701.909 DISPLAY_BLANK BLOCK.TRIAL.RECORDING.DISPLAY_BLANK
444702.569 ADD_TO_RESULTS_FILE BLOCK.TRIAL.RECORDING.ADD_TO_RESULTS_FILE
444789.100 SetValueAction 
444789.133 SetValueAction 
444789.161 SetValueAction 
444789.187 SetValueAction 
444789.212 SetValueAction 
444789.237 SetValueAction 
444789.673 CHECK_NEW_BLOCK BLOCK.TRIAL.CHECK_NEW_BLOCK_TRUE
444790.027 RESET_VARS BLOCK.TRIAL.RESET_VARS
445195.615 PREPARE_SEQUENCE BLOCK.TRIAL.PREPARE_SEQUENCE
446905.144 DRIFT_CORRECT BLOCK.TRIAL.DRIFT_CORRECT
447021.129 DISPLAY_TEXT BLOCK.TRIAL.RECORDING.DISPLAY_TEXT (BEGIN) 
447044.958 DISPLAY_TEXT BLOCK.TRIAL.RECORDING.DISPLAY_TEXT
469307.640 KEYBOARD_TEXT BLOCK.TRIAL.RECORDING.KEYBOARD_TEXT
469308.236 SET_SENTENCE_RT BLOCK.TRIAL.RECORDING.SET_SENTENCE_RT
469308.430 CHECK_QUESTION BLOCK.TRIAL.RECORDING.CHECK_QUESTION_FALSE
469312.629 DISPLAY_QUESTION BLOCK.TRIAL.RECORDING.DISPLAY_QUESTION (BEGIN) 
469328.489 DISPLAY_QUESTION BLOCK.TRIAL.RECORDING.DISPLAY_QUESTION
473173.993 KEYBOARD_QUESTION BLOCK.TRIAL.RECORDING.KEYBOARD_QUESTION
473174.325 CHECK_RESPONSE_BUTTON BLOCK.TRIAL.RECORDING.CHECK_RESPONSE_BUTTON_FALSE
473174.719 SET_VARS_INCORRECT BLOCK.TRIAL.RECORDING.SET_VARS_INCORRECT
473178.631 DISPLAY_BLANK BLOCK.TRIAL.RECORDING.DISPLAY_BLANK (BEGIN) 
473194.020 DISPLAY_BLANK BLOCK.TRIAL.RECORDING.DISPLAY_BLANK
473194.653 ADD_TO_RESULTS_FILE BLOCK.TRIAL.RECORDING.ADD_TO_RESULTS_FILE
473279.136 SetValueAction 
473279.170 SetValueAction 
473279.197 SetValueAction 
473279.223 SetValueAction 
473279.249 SetValueAction 
473279.274 SetValueAction 
473279.672 CHECK_NEW_BLOCK BLOCK.TRIAL.CHECK_NEW_BLOCK_TRUE
473279.945 RESET_VARS BLOCK.TRIAL.RESET_VARS
473720.118 PREPARE_SEQUENCE BLOCK.TRIAL.PREPARE_SEQUENCE
475258.760 DRIFT_CORRECT BLOCK.TRIAL.DRIFT_CORRECT
475373.276 DISPLAY_TEXT BLOCK.TRIAL.RECORDING.DISPLAY_TEXT (BEGIN) 
475400.811 DISPLAY_TEXT BLOCK.TRIAL.RECORDING.DISPLAY_TEXT
502672.277 TRACKER_TIME 6 2940579.057
502672.389 KEYBOARD_TEXT BLOCK.TRIAL.RECORDING.KEYBOARD_TEXT
502672.786 SET_SENTENCE_RT BLOCK.TRIAL.RECORDING.SET_SENTENCE_RT
502672.858 CHECK_QUESTION BLOCK.TRIAL.RECORDING.CHECK_QUESTION_TRUE
502674.827 DISPLAY_BLANK BLOCK.TRIAL.RECORDING.DISPLAY_BLANK (BEGIN) 
502685.287 DISPLAY_BLANK BLOCK.TRIAL.RECORDING.DISPLAY_BLANK
502685.858 ADD_TO_RESULTS_FILE BLOCK.TRIAL.RECORDING.ADD_TO_RESULTS_FILE
502772.095 SetValueAction 
502772.127 SetValueAction 
502772.159 SetValueAction 
502772.187 SetValueAction 
502772.213 SetValueAction 
502772.238 SetValueAction 
502772.626 CHECK_NEW_BLOCK BLOCK.TRIAL.CHECK_NEW_BLOCK_TRUE
502772.907 RESET_VARS BLOCK.TRIAL.RESET_VARS
503228.019 PREPARE_SEQUENCE BLOCK.TRIAL.PREPARE_SEQUENCE
504304.156 DRIFT_CORRECT BLOCK.TRIAL.DRIFT_CORRECT
504419.265 DISPLAY_TEXT BLOCK.TRIAL.RECORDING.DISPLAY_TEXT (BEGIN) 
504443.413 DISPLAY_TEXT BLOCK.TRIAL.RECORDING.DISPLAY_TEXT
524581.110 KEYBOARD_TEXT BLOCK.TRIAL.RECORDING.KEYBOARD_TEXT
524581.690 SET_SENTENCE_RT BLOCK.TRIAL.RECORDING.SET_SENTENCE_RT
524581.774 CHECK_QUESTION BLOCK.TRIAL.RECORDING.CHECK_QUESTION_TRUE
524583.424 DISPLAY_BLANK BLOCK.TRIAL.RECORDING.DISPLAY_BLANK (BEGIN) 
524595.718 DISPLAY_BLANK BLOCK.TRIAL.RECORDING.DISPLAY_BLANK
524596.297 ADD_TO_RESULTS_FILE BLOCK.TRIAL.RECORDING.ADD_TO_RESULTS_FILE
524681.101 SetValueAction 
524681.135 SetValueAction 
524681.162 SetValueAction 
524681.188 SetValueAction 
524681.214 SetValueAction 
524681.238 SetValueAction 
524681.665 CHECK_NEW_BLOCK BLOCK.TRIAL.CHECK_NEW_BLOCK_TRUE
524682.018 RESET_VARS BLOCK.TRIAL.RESET_VARS
525056.049 PREPARE_SEQUENCE BLOCK.TRIAL.PREPARE_SEQUENCE
526196.412 DRIFT_CORRECT BLOCK.TRIAL.DRIFT_CORRECT
526314.473 DISPLAY_TEXT BLOCK.TRIAL.RECORDING.DISPLAY_TEXT (BEGIN) 
526336.317 DISPLAY_TEXT BLOCK.TRIAL.RECORDING.DISPLAY_TEXT
546083.979 KEYBOARD_TEXT BLOCK.TRIAL.RECORDING.KEYBOARD_TEXT
546084.638 SET_SENTENCE_RT BLOCK.TRIAL.RECORDING.SET_SENTENCE_RT
546084.835 CHECK_QUESTION BLOCK.TRIAL.RECORDING.CHECK_QUESTION_TRUE
546086.783 DISPLAY_BLANK BLOCK.TRIAL.RECORDING.DISPLAY_BLANK (BEGIN) 
546089.089 DISPLAY_BLANK BLOCK.TRIAL.RECORDING.DISPLAY_BLANK
546089.934 ADD_TO_RESULTS_FILE BLOCK.TRIAL.RECORDING.ADD_TO_RESULTS_FILE
546176.119 SetValueAction 
546176.155 SetValueAction 
546176.183 SetValueAction 
546176.210 SetValueAction 
546176.242 SetValueAction 
546176.268 SetValueAction 
546176.713 CHECK_NEW_BLOCK BLOCK.TRIAL.CHECK_NEW_BLOCK_TRUE
546177.119 RESET_VARS BLOCK.TRIAL.RESET_VARS
546639.111 PREPARE_SEQUENCE BLOCK.TRIAL.PREPARE_SEQUENCE
547486.723 DRIFT_CORRECT BLOCK.TRIAL.DRIFT_CORRECT
547600.502 DISPLAY_TEXT BLOCK.TRIAL.RECORDING.DISPLAY_TEXT (BEGIN) 
547615.006 DISPLAY_TEXT BLOCK.TRIAL.RECORDING.DISPLAY_TEXT
609277.301 TRACKER_TIME 7 3047181.742
609277.402 KEYBOARD_TEXT BLOCK.TRIAL.RECORDING.KEYBOARD_TEXT
609277.874 SET_SENTENCE_RT BLOCK.TRIAL.RECORDING.SET_SENTENCE_RT
609277.956 CHECK_QUESTION BLOCK.TRIAL.RECORDING.CHECK_QUESTION_TRUE
609390.677 DISPLAY_BLANK BLOCK.TRIAL.RECORDING.DISPLAY_BLANK (BEGIN) 
609401.653 DISPLAY_BLANK BLOCK.TRIAL.RECORDING.DISPLAY_BLANK
609402.252 ADD_TO_RESULTS_FILE BLOCK.TRIAL.RECORDING.ADD_TO_RESULTS_FILE
609487.098 SetValueAction 
609487.134 SetValueAction 
609487.162 SetValueAction 
609487.187 SetValueAction 
609487.212 SetValueAction 
609487.237 SetValueAction 
609488.073 CHECK_NEW_BLOCK BLOCK.TRIAL.CHECK_NEW_BLOCK_TRUE
609488.485 RESET_VARS BLOCK.TRIAL.RESET_VARS
609913.264 PREPARE_SEQUENCE BLOCK.TRIAL.PREPARE_SEQUENCE
626598.378 DRIFT_CORRECT BLOCK.TRIAL.DRIFT_CORRECT
626719.156 DISPLAY_TEXT BLOCK.TRIAL.RECORDING.DISPLAY_TEXT (BEGIN) 
626743.224 DISPLAY_TEXT BLOCK.TRIAL.RECORDING.DISPLAY_TEXT
635410.068 KEYBOARD_TEXT BLOCK.TRIAL.RECORDING.KEYBOARD_TEXT
635410.726 SET_SENTENCE_RT BLOCK.TRIAL.RECORDING.SET_SENTENCE_RT
635410.816 CHECK_QUESTION BLOCK.TRIAL.RECORDING.CHECK_QUESTION_TRUE
635412.733 DISPLAY_BLANK BLOCK.TRIAL.RECORDING.DISPLAY_BLANK (BEGIN) 
635427.607 DISPLAY_BLANK BLOCK.TRIAL.RECORDING.DISPLAY_BLANK
635428.182 ADD_TO_RESULTS_FILE BLOCK.TRIAL.RECORDING.ADD_TO_RESULTS_FILE
635515.111 SetValueAction 
635515.162 SetValueAction 
635515.192 SetValueAction 
635515.218 SetValueAction 
635515.243 SetValueAction 
635515.268 SetValueAction 
635515.661 CHECK_NEW_BLOCK BLOCK.TRIAL.CHECK_NEW_BLOCK_TRUE
635515.962 RESET_VARS BLOCK.TRIAL.RESET_VARS
636031.097 PREPARE_SEQUENCE BLOCK.TRIAL.PREPARE_SEQUENCE
638999.322 DRIFT_CORRECT BLOCK.TRIAL.DRIFT_CORRECT
639113.949 DISPLAY_TEXT BLOCK.TRIAL.RECORDING.DISPLAY_TEXT (BEGIN) 
639126.421 DISPLAY_TEXT BLOCK.TRIAL.RECORDING.DISPLAY_TEXT
651837.857 KEYBOARD_TEXT BLOCK.TRIAL.RECORDING.KEYBOARD_TEXT
651838.352 SET_SENTENCE_RT BLOCK.TRIAL.RECORDING.SET_SENTENCE_RT
651838.430 CHECK_QUESTION BLOCK.TRIAL.RECORDING.CHECK_QUESTION_TRUE
651840.222 DISPLAY_BLANK BLOCK.TRIAL.RECORDING.DISPLAY_BLANK (BEGIN) 
651856.212 DISPLAY_BLANK BLOCK.TRIAL.RECORDING.DISPLAY_BLANK
651856.793 ADD_TO_RESULTS_FILE BLOCK.TRIAL.RECORDING.ADD_TO_RESULTS_FILE
651941.139 SetValueAction 
651941.198 SetValueAction 
651941.226 SetValueAction 
651941.251 SetValueAction 
651941.276 SetValueAction 
651941.301 SetValueAction 
651941.701 CHECK_NEW_BLOCK BLOCK.TRIAL.CHECK_NEW_BLOCK_TRUE
651941.956 RESET_VARS BLOCK.TRIAL.RESET_VARS
652339.418 PREPARE_SEQUENCE BLOCK.TRIAL.PREPARE_SEQUENCE
653742.141 DRIFT_CORRECT BLOCK.TRIAL.DRIFT_CORRECT
653856.983 DISPLAY_TEXT BLOCK.TRIAL.RECORDING.DISPLAY_TEXT (BEGIN) 
653877.459 DISPLAY_TEXT BLOCK.TRIAL.RECORDING.DISPLAY_TEXT
670991.644 TRACKER_TIME 8 3108894.696
670991.758 KEYBOARD_TEXT BLOCK.TRIAL.RECORDING.KEYBOARD_TEXT
670992.236 SET_SENTENCE_RT BLOCK.TRIAL.RECORDING.SET_SENTENCE_RT
670992.382 CHECK_QUESTION BLOCK.TRIAL.RECORDING.CHECK_QUESTION_FALSE
670995.174 DISPLAY_QUESTION BLOCK.TRIAL.RECORDING.DISPLAY_QUESTION (BEGIN) 
671000.192 DISPLAY_QUESTION BLOCK.TRIAL.RECORDING.DISPLAY_QUESTION
674245.139 KEYBOARD_QUESTION BLOCK.TRIAL.RECORDING.KEYBOARD_QUESTION
674245.452 CHECK_RESPONSE_BUTTON BLOCK.TRIAL.RECORDING.CHECK_RESPONSE_BUTTON_TRUE
674246.301 SET_VARS_CORRECT BLOCK.TRIAL.RECORDING.SET_VARS_CORRECT
674250.634 DISPLAY_BLANK BLOCK.TRIAL.RECORDING.DISPLAY_BLANK (BEGIN) 
674266.391 DISPLAY_BLANK BLOCK.TRIAL.RECORDING.DISPLAY_BLANK
674266.964 ADD_TO_RESULTS_FILE BLOCK.TRIAL.RECORDING.ADD_TO_RESULTS_FILE
674354.101 SetValueAction 
674354.135 SetValueAction 
674354.163 SetValueAction 
674354.189 SetValueAction 
674354.215 SetValueAction 
674354.241 SetValueAction 
674354.601 CHECK_NEW_BLOCK BLOCK.TRIAL.CHECK_NEW_BLOCK_TRUE
674354.961 RESET_VARS BLOCK.TRIAL.RESET_VARS
674761.127 PREPARE_SEQUENCE BLOCK.TRIAL.PREPARE_SEQUENCE
675972.383 DRIFT_CORRECT BLOCK.TRIAL.DRIFT_CORRECT
676092.002 DISPLAY_TEXT BLOCK.TRIAL.RECORDING.DISPLAY_TEXT (BEGIN) 
676118.038 DISPLAY_TEXT BLOCK.TRIAL.RECORDING.DISPLAY_TEXT
703980.507 KEYBOARD_TEXT BLOCK.TRIAL.RECORDING.KEYBOARD_TEXT
703981.050 SET_SENTENCE_RT BLOCK.TRIAL.RECORDING.SET_SENTENCE_RT
703981.138 CHECK_QUESTION BLOCK.TRIAL.RECORDING.CHECK_QUESTION_TRUE
703983.009 DISPLAY_BLANK BLOCK.TRIAL.RECORDING.DISPLAY_BLANK (BEGIN) 
703990.771 DISPLAY_BLANK BLOCK.TRIAL.RECORDING.DISPLAY_BLANK
703991.440 ADD_TO_RESULTS_FILE BLOCK.TRIAL.RECORDING.ADD_TO_RESULTS_FILE
704076.133 SetValueAction 
704076.167 SetValueAction 
704076.194 SetValueAction 
704076.219 SetValueAction 
704076.244 SetValueAction 
704076.270 SetValueAction 
704076.674 CHECK_NEW_BLOCK BLOCK.TRIAL.CHECK_NEW_BLOCK_TRUE
704076.994 RESET_VARS BLOCK.TRIAL.RESET_VARS
704493.117 PREPARE_SEQUENCE BLOCK.TRIAL.PREPARE_SEQUENCE
705430.725 DRIFT_CORRECT BLOCK.TRIAL.DRIFT_CORRECT
705558.663 DISPLAY_TEXT BLOCK.TRIAL.RECORDING.DISPLAY_TEXT (BEGIN) 
705577.209 DISPLAY_TEXT BLOCK.TRIAL.RECORDING.DISPLAY_TEXT
720772.305 KEYBOARD_TEXT BLOCK.TRIAL.RECORDING.KEYBOARD_TEXT
720772.843 SET_SENTENCE_RT BLOCK.TRIAL.RECORDING.SET_SENTENCE_RT
720773.042 CHECK_QUESTION BLOCK.TRIAL.RECORDING.CHECK_QUESTION_TRUE
720774.905 DISPLAY_BLANK BLOCK.TRIAL.RECORDING.DISPLAY_BLANK (BEGIN) 
720786.065 DISPLAY_BLANK BLOCK.TRIAL.RECORDING.DISPLAY_BLANK
720786.718 ADD_TO_RESULTS_FILE BLOCK.TRIAL.RECORDING.ADD_TO_RESULTS_FILE
720873.097 SetValueAction 
720873.130 SetValueAction 
720873.157 SetValueAction 
720873.182 SetValueAction 
720873.208 SetValueAction 
720873.233 SetValueAction 
720873.654 CHECK_NEW_BLOCK BLOCK.TRIAL.CHECK_NEW_BLOCK_TRUE
720874.027 RESET_VARS BLOCK.TRIAL.RESET_VARS
721292.442 PREPARE_SEQUENCE BLOCK.TRIAL.PREPARE_SEQUENCE
724031.381 DRIFT_CORRECT BLOCK.TRIAL.DRIFT_CORRECT
724153.636 DISPLAY_TEXT BLOCK.TRIAL.RECORDING.DISPLAY_TEXT (BEGIN) 
724173.076 DISPLAY_TEXT BLOCK.TRIAL.RECORDING.DISPLAY_TEXT
736990.708 TRACKER_TIME 9 3174892.225
736990.858 KEYBOARD_TEXT BLOCK.TRIAL.RECORDING.KEYBOARD_TEXT
736991.411 SET_SENTENCE_RT BLOCK.TRIAL.RECORDING.SET_SENTENCE_RT
736991.486 CHECK_QUESTION BLOCK.TRIAL.RECORDING.CHECK_QUESTION_TRUE
736993.291 DISPLAY_BLANK BLOCK.TRIAL.RECORDING.DISPLAY_BLANK (BEGIN) 
736997.735 DISPLAY_BLANK BLOCK.TRIAL.RECORDING.DISPLAY_BLANK
736998.319 ADD_TO_RESULTS_FILE BLOCK.TRIAL.RECORDING.ADD_TO_RESULTS_FILE
737084.143 SetValueAction 
737084.176 SetValueAction 
737084.205 SetValueAction 
737084.231 SetValueAction 
737084.256 SetValueAction 
737084.280 SetValueAction 
737084.684 CHECK_NEW_BLOCK BLOCK.TRIAL.CHECK_NEW_BLOCK_TRUE
737085.112 RESET_VARS BLOCK.TRIAL.RESET_VARS
737484.774 PREPARE_SEQUENCE BLOCK.TRIAL.PREPARE_SEQUENCE
741634.753 DRIFT_CORRECT BLOCK.TRIAL.DRIFT_CORRECT
741753.054 DISPLAY_TEXT BLOCK.TRIAL.RECORDING.DISPLAY_TEXT (BEGIN) 
741768.515 DISPLAY_TEXT BLOCK.TRIAL.RECORDING.DISPLAY_TEXT
752523.734 KEYBOARD_TEXT BLOCK.TRIAL.RECORDING.KEYBOARD_TEXT
752524.596 SET_SENTENCE_RT BLOCK.TRIAL.RECORDING.SET_SENTENCE_RT
752524.761 CHECK_QUESTION BLOCK.TRIAL.RECORDING.CHECK_QUESTION_FALSE
752527.828 DISPLAY_QUESTION BLOCK.TRIAL.RECORDING.DISPLAY_QUESTION (BEGIN) 
752543.744 DISPLAY_QUESTION BLOCK.TRIAL.RECORDING.DISPLAY_QUESTION
757767.699 KEYBOARD_QUESTION BLOCK.TRIAL.RECORDING.KEYBOARD_QUESTION
757767.932 CHECK_RESPONSE_BUTTON BLOCK.TRIAL.RECORDING.CHECK_RESPONSE_BUTTON_TRUE
757768.467 SET_VARS_CORRECT BLOCK.TRIAL.RECORDING.SET_VARS_CORRECT
757770.305 DISPLAY_BLANK BLOCK.TRIAL.RECORDING.DISPLAY_BLANK (BEGIN) 
757775.074 DISPLAY_BLANK BLOCK.TRIAL.RECORDING.DISPLAY_BLANK
757775.715 ADD_TO_RESULTS_FILE BLOCK.TRIAL.RECORDING.ADD_TO_RESULTS_FILE
757862.099 SetValueAction 
757862.133 SetValueAction 
757862.160 SetValueAction 
757862.188 SetValueAction 
757862.215 SetValueAction 
757862.240 SetValueAction 
757862.657 CHECK_NEW_BLOCK BLOCK.TRIAL.CHECK_NEW_BLOCK_TRUE
757863.044 RESET_VARS BLOCK.TRIAL.RESET_VARS
758295.134 PREPARE_SEQUENCE BLOCK.TRIAL.PREPARE_SEQUENCE
760533.270 DRIFT_CORRECT BLOCK.TRIAL.DRIFT_CORRECT
760653.921 DISPLAY_TEXT BLOCK.TRIAL.RECORDING.DISPLAY_TEXT (BEGIN) 
760670.375 DISPLAY_TEXT BLOCK.TRIAL.RECORDING.DISPLAY_TEXT
776439.156 KEYBOARD_TEXT BLOCK.TRIAL.RECORDING.KEYBOARD_TEXT
776439.778 SET_SENTENCE_RT BLOCK.TRIAL.RECORDING.SET_SENTENCE_RT
776439.879 CHECK_QUESTION BLOCK.TRIAL.RECORDING.CHECK_QUESTION_TRUE
776441.720 DISPLAY_BLANK BLOCK.TRIAL.RECORDING.DISPLAY_BLANK (BEGIN) 
776453.295 DISPLAY_BLANK BLOCK.TRIAL.RECORDING.DISPLAY_BLANK
776453.884 ADD_TO_RESULTS_FILE BLOCK.TRIAL.RECORDING.ADD_TO_RESULTS_FILE
776540.105 SetValueAction 
776540.153 SetValueAction 
776540.181 SetValueAction 
776540.207 SetValueAction 
776540.233 SetValueAction 
776540.262 SetValueAction 
776540.609 CHECK_NEW_BLOCK BLOCK.TRIAL.CHECK_NEW_BLOCK_TRUE
776540.914 RESET_VARS BLOCK.TRIAL.RESET_VARS
776947.737 PREPARE_SEQUENCE BLOCK.TRIAL.PREPARE_SEQUENCE
778038.751 DRIFT_CORRECT BLOCK.TRIAL.DRIFT_CORRECT
778155.166 DISPLAY_TEXT BLOCK.TRIAL.RECORDING.DISPLAY_TEXT (BEGIN) 
778169.580 DISPLAY_TEXT BLOCK.TRIAL.RECORDING.DISPLAY_TEXT
779401.888 KEYBOARD_TEXT BLOCK.TRIAL.RECORDING.KEYBOARD_TEXT
779402.512 SET_SENTENCE_RT BLOCK.TRIAL.RECORDING.SET_SENTENCE_RT
779402.646 CHECK_QUESTION BLOCK.TRIAL.RECORDING.CHECK_QUESTION_TRUE
779404.472 DISPLAY_BLANK BLOCK.TRIAL.RECORDING.DISPLAY_BLANK (BEGIN) 
779419.237 DISPLAY_BLANK BLOCK.TRIAL.RECORDING.DISPLAY_BLANK
779419.856 ADD_TO_RESULTS_FILE BLOCK.TRIAL.RECORDING.ADD_TO_RESULTS_FILE
779504.112 SetValueAction 
779504.146 SetValueAction 
779504.174 SetValueAction 
779504.201 SetValueAction 
779504.229 SetValueAction 
779504.257 SetValueAction 
779504.641 CHECK_NEW_BLOCK BLOCK.TRIAL.CHECK_NEW_BLOCK_TRUE
779504.976 RESET_VARS BLOCK.TRIAL.RESET_VARS
779890.802 PREPARE_SEQUENCE BLOCK.TRIAL.PREPARE_SEQUENCE
781326.629 DRIFT_CORRECT BLOCK.TRIAL.DRIFT_CORRECT
781442.991 DISPLAY_TEXT BLOCK.TRIAL.RECORDING.DISPLAY_TEXT (BEGIN) 
781451.704 DISPLAY_TEXT BLOCK.TRIAL.RECORDING.DISPLAY_TEXT
783176.230 KEYBOARD_TEXT BLOCK.TRIAL.RECORDING.KEYBOARD_TEXT
783176.828 SET_SENTENCE_RT BLOCK.TRIAL.RECORDING.SET_SENTENCE_RT
783176.974 CHECK_QUESTION BLOCK.TRIAL.RECORDING.CHECK_QUESTION_TRUE
783178.861 DISPLAY_BLANK BLOCK.TRIAL.RECORDING.DISPLAY_BLANK (BEGIN) 
783184.466 DISPLAY_BLANK BLOCK.TRIAL.RECORDING.DISPLAY_BLANK
783185.021 ADD_TO_RESULTS_FILE BLOCK.TRIAL.RECORDING.ADD_TO_RESULTS_FILE
783270.104 SetValueAction 
783270.137 SetValueAction 
783270.165 SetValueAction 
783270.190 SetValueAction 
783270.216 SetValueAction 
783270.240 SetValueAction 
783270.667 CHECK_NEW_BLOCK BLOCK.TRIAL.CHECK_NEW_BLOCK_TRUE
783271.043 RESET_VARS BLOCK.TRIAL.RESET_VARS
783716.863 PREPARE_SEQUENCE BLOCK.TRIAL.PREPARE_SEQUENCE
784599.968 DRIFT_CORRECT BLOCK.TRIAL.DRIFT_CORRECT
784713.931 DISPLAY_TEXT BLOCK.TRIAL.RECORDING.DISPLAY_TEXT (BEGIN) 
784725.513 DISPLAY_TEXT BLOCK.TRIAL.RECORDING.DISPLAY_TEXT
795160.933 KEYBOARD_TEXT BLOCK.TRIAL.RECORDING.KEYBOARD_TEXT
795161.442 SET_SENTENCE_RT BLOCK.TRIAL.RECORDING.SET_SENTENCE_RT
795161.595 CHECK_QUESTION BLOCK.TRIAL.RECORDING.CHECK_QUESTION_TRUE
795165.632 DISPLAY_BLANK BLOCK.TRIAL.RECORDING.DISPLAY_BLANK (BEGIN) 
795181.384 DISPLAY_BLANK BLOCK.TRIAL.RECORDING.DISPLAY_BLANK
795181.957 ADD_TO_RESULTS_FILE BLOCK.TRIAL.RECORDING.ADD_TO_RESULTS_FILE
795267.097 SetValueAction 
795267.128 SetValueAction 
795267.155 SetValueAction 
795267.181 SetValueAction 
795267.208 SetValueAction 
795267.233 SetValueAction 
795267.649 CHECK_NEW_BLOCK BLOCK.TRIAL.CHECK_NEW_BLOCK_TRUE
795268.014 RESET_VARS BLOCK.TRIAL.RESET_VARS
795643.513 PREPARE_SEQUENCE BLOCK.TRIAL.PREPARE_SEQUENCE
796558.594 DRIFT_CORRECT BLOCK.TRIAL.DRIFT_CORRECT
796673.014 DISPLAY_TEXT BLOCK.TRIAL.RECORDING.DISPLAY_TEXT (BEGIN) 
796691.894 DISPLAY_TEXT BLOCK.TRIAL.RECORDING.DISPLAY_TEXT
813903.430 TRACKER_TIME 10 3251803.319
813903.534 KEYBOARD_TEXT BLOCK.TRIAL.RECORDING.KEYBOARD_TEXT
813904.132 SET_SENTENCE_RT BLOCK.TRIAL.RECORDING.SET_SENTENCE_RT
813904.245 CHECK_QUESTION BLOCK.TRIAL.RECORDING.CHECK_QUESTION_TRUE
813906.419 DISPLAY_BLANK BLOCK.TRIAL.RECORDING.DISPLAY_BLANK (BEGIN) 
813908.723 DISPLAY_BLANK BLOCK.TRIAL.RECORDING.DISPLAY_BLANK
813909.335 ADD_TO_RESULTS_FILE BLOCK.TRIAL.RECORDING.ADD_TO_RESULTS_FILE
813996.133 SetValueAction 
813996.182 SetValueAction 
813996.209 SetValueAction 
813996.234 SetValueAction 
813996.259 SetValueAction 
813996.285 SetValueAction 
813996.692 CHECK_NEW_BLOCK BLOCK.TRIAL.CHECK_NEW_BLOCK_TRUE
813997.017 RESET_VARS BLOCK.TRIAL.RESET_VARS
814401.850 PREPARE_SEQUENCE BLOCK.TRIAL.PREPARE_SEQUENCE
815385.921 DRIFT_CORRECT BLOCK.TRIAL.DRIFT_CORRECT
815510.086 DISPLAY_TEXT BLOCK.TRIAL.RECORDING.DISPLAY_TEXT (BEGIN) 
815525.462 DISPLAY_TEXT BLOCK.TRIAL.RECORDING.DISPLAY_TEXT
824886.988 KEYBOARD_TEXT BLOCK.TRIAL.RECORDING.KEYBOARD_TEXT
824887.571 SET_SENTENCE_RT BLOCK.TRIAL.RECORDING.SET_SENTENCE_RT
824887.717 CHECK_QUESTION BLOCK.TRIAL.RECORDING.CHECK_QUESTION_FALSE
824890.667 DISPLAY_QUESTION BLOCK.TRIAL.RECORDING.DISPLAY_QUESTION (BEGIN) 
824906.079 DISPLAY_QUESTION BLOCK.TRIAL.RECORDING.DISPLAY_QUESTION
829957.480 KEYBOARD_QUESTION BLOCK.TRIAL.RECORDING.KEYBOARD_QUESTION
829957.731 CHECK_RESPONSE_BUTTON BLOCK.TRIAL.RECORDING.CHECK_RESPONSE_BUTTON_TRUE
829958.217 SET_VARS_CORRECT BLOCK.TRIAL.RECORDING.SET_VARS_CORRECT
829959.941 DISPLAY_BLANK BLOCK.TRIAL.RECORDING.DISPLAY_BLANK (BEGIN) 
829971.114 DISPLAY_BLANK BLOCK.TRIAL.RECORDING.DISPLAY_BLANK
829971.745 ADD_TO_RESULTS_FILE BLOCK.TRIAL.RECORDING.ADD_TO_RESULTS_FILE
830056.100 SetValueAction 
830056.170 SetValueAction 
830056.198 SetValueAction 
830056.223 SetValueAction 
830056.248 SetValueAction 
830056.273 SetValueAction 
830056.689 CHECK_NEW_BLOCK BLOCK.TRIAL.CHECK_NEW_BLOCK_TRUE
830056.971 RESET_VARS BLOCK.TRIAL.RESET_VARS
830458.953 PREPARE_SEQUENCE BLOCK.TRIAL.PREPARE_SEQUENCE
831489.490 DRIFT_CORRECT BLOCK.TRIAL.DRIFT_CORRECT
831603.884 DISPLAY_TEXT BLOCK.TRIAL.RECORDING.DISPLAY_TEXT (BEGIN) 
831620.867 DISPLAY_TEXT BLOCK.TRIAL.RECORDING.DISPLAY_TEXT
844152.783 KEYBOARD_TEXT BLOCK.TRIAL.RECORDING.KEYBOARD_TEXT
844153.348 SET_SENTENCE_RT BLOCK.TRIAL.RECORDING.SET_SENTENCE_RT
844153.439 CHECK_QUESTION BLOCK.TRIAL.RECORDING.CHECK_QUESTION_TRUE
844155.226 DISPLAY_BLANK BLOCK.TRIAL.RECORDING.DISPLAY_BLANK (BEGIN) 
844167.039 DISPLAY_BLANK BLOCK.TRIAL.RECORDING.DISPLAY_BLANK
844167.657 ADD_TO_RESULTS_FILE BLOCK.TRIAL.RECORDING.ADD_TO_RESULTS_FILE
844252.100 SetValueAction 
844252.134 SetValueAction 
844252.162 SetValueAction 
844252.187 SetValueAction 
844252.213 SetValueAction 
844252.239 SetValueAction 
844252.650 CHECK_NEW_BLOCK BLOCK.TRIAL.CHECK_NEW_BLOCK_TRUE
844252.950 RESET_VARS BLOCK.TRIAL.RESET_VARS
844677.154 PREPARE_SEQUENCE BLOCK.TRIAL.PREPARE_SEQUENCE
845863.503 DRIFT_CORRECT BLOCK.TRIAL.DRIFT_CORRECT
845978.999 DISPLAY_TEXT BLOCK.TRIAL.RECORDING.DISPLAY_TEXT (BEGIN) 
845988.631 DISPLAY_TEXT BLOCK.TRIAL.RECORDING.DISPLAY_TEXT
856256.115 KEYBOARD_TEXT BLOCK.TRIAL.RECORDING.KEYBOARD_TEXT
856256.774 SET_SENTENCE_RT BLOCK.TRIAL.RECORDING.SET_SENTENCE_RT
856256.884 CHECK_QUESTION BLOCK.TRIAL.RECORDING.CHECK_QUESTION_TRUE
856258.850 DISPLAY_BLANK BLOCK.TRIAL.RECORDING.DISPLAY_BLANK (BEGIN) 
856263.213 DISPLAY_BLANK BLOCK.TRIAL.RECORDING.DISPLAY_BLANK
856263.778 ADD_TO_RESULTS_FILE BLOCK.TRIAL.RECORDING.ADD_TO_RESULTS_FILE
856350.096 SetValueAction 
856350.130 SetValueAction 
856350.158 SetValueAction 
856350.183 SetValueAction 
856350.208 SetValueAction 
856350.234 SetValueAction 
856350.653 CHECK_NEW_BLOCK BLOCK.TRIAL.CHECK_NEW_BLOCK_TRUE
856351.003 RESET_VARS BLOCK.TRIAL.RESET_VARS
856787.695 PREPARE_SEQUENCE BLOCK.TRIAL.PREPARE_SEQUENCE
858716.682 DRIFT_CORRECT BLOCK.TRIAL.DRIFT_CORRECT
858833.855 DISPLAY_TEXT BLOCK.TRIAL.RECORDING.DISPLAY_TEXT (BEGIN) 
858853.993 DISPLAY_TEXT BLOCK.TRIAL.RECORDING.DISPLAY_TEXT
874307.419 TRACKER_TIME 11 3312206.022
874307.532 KEYBOARD_TEXT BLOCK.TRIAL.RECORDING.KEYBOARD_TEXT
874308.190 SET_SENTENCE_RT BLOCK.TRIAL.RECORDING.SET_SENTENCE_RT
874308.357 CHECK_QUESTION BLOCK.TRIAL.RECORDING.CHECK_QUESTION_TRUE
874310.376 DISPLAY_BLANK BLOCK.TRIAL.RECORDING.DISPLAY_BLANK (BEGIN) 
874325.092 DISPLAY_BLANK BLOCK.TRIAL.RECORDING.DISPLAY_BLANK
874325.668 ADD_TO_RESULTS_FILE BLOCK.TRIAL.RECORDING.ADD_TO_RESULTS_FILE
874411.100 SetValueAction 
874411.134 SetValueAction 
874411.162 SetValueAction 
874411.187 SetValueAction 
874411.212 SetValueAction 
874411.237 SetValueAction 
874411.702 CHECK_NEW_BLOCK BLOCK.TRIAL.CHECK_NEW_BLOCK_TRUE
874412.026 RESET_VARS BLOCK.TRIAL.RESET_VARS
874791.984 PREPARE_SEQUENCE BLOCK.TRIAL.PREPARE_SEQUENCE
876099.637 DRIFT_CORRECT BLOCK.TRIAL.DRIFT_CORRECT
876215.977 DISPLAY_TEXT BLOCK.TRIAL.RECORDING.DISPLAY_TEXT (BEGIN) 
876230.786 DISPLAY_TEXT BLOCK.TRIAL.RECORDING.DISPLAY_TEXT
887099.274 KEYBOARD_TEXT BLOCK.TRIAL.RECORDING.KEYBOARD_TEXT
887099.826 SET_SENTENCE_RT BLOCK.TRIAL.RECORDING.SET_SENTENCE_RT
887099.954 CHECK_QUESTION BLOCK.TRIAL.RECORDING.CHECK_QUESTION_TRUE
887101.782 DISPLAY_BLANK BLOCK.TRIAL.RECORDING.DISPLAY_BLANK (BEGIN) 
887104.195 DISPLAY_BLANK BLOCK.TRIAL.RECORDING.DISPLAY_BLANK
887104.807 ADD_TO_RESULTS_FILE BLOCK.TRIAL.RECORDING.ADD_TO_RESULTS_FILE
887189.100 SetValueAction 
887189.134 SetValueAction 
887189.161 SetValueAction 
887189.186 SetValueAction 
887189.212 SetValueAction 
887189.238 SetValueAction 
887189.663 CHECK_NEW_BLOCK BLOCK.TRIAL.CHECK_NEW_BLOCK_TRUE
887190.065 RESET_VARS BLOCK.TRIAL.RESET_VARS
887564.252 PREPARE_SEQUENCE BLOCK.TRIAL.PREPARE_SEQUENCE
888513.733 DRIFT_CORRECT BLOCK.TRIAL.DRIFT_CORRECT
888628.998 DISPLAY_TEXT BLOCK.TRIAL.RECORDING.DISPLAY_TEXT (BEGIN) 
888645.560 DISPLAY_TEXT BLOCK.TRIAL.RECORDING.DISPLAY_TEXT
902301.886 KEYBOARD_TEXT BLOCK.TRIAL.RECORDING.KEYBOARD_TEXT
902302.475 SET_SENTENCE_RT BLOCK.TRIAL.RECORDING.SET_SENTENCE_RT
902302.682 CHECK_QUESTION BLOCK.TRIAL.RECORDING.CHECK_QUESTION_TRUE
902304.715 DISPLAY_BLANK BLOCK.TRIAL.RECORDING.DISPLAY_BLANK (BEGIN) 
902316.893 DISPLAY_BLANK BLOCK.TRIAL.RECORDING.DISPLAY_BLANK
902317.469 ADD_TO_RESULTS_FILE BLOCK.TRIAL.RECORDING.ADD_TO_RESULTS_FILE
902404.099 SetValueAction 
902404.132 SetValueAction 
902404.159 SetValueAction 
902404.184 SetValueAction 
902404.214 SetValueAction 
902404.239 SetValueAction 
902404.668 CHECK_NEW_BLOCK BLOCK.TRIAL.CHECK_NEW_BLOCK_TRUE
902404.999 RESET_VARS BLOCK.TRIAL.RESET_VARS
902886.828 PREPARE_SEQUENCE BLOCK.TRIAL.PREPARE_SEQUENCE
903877.923 DRIFT_CORRECT BLOCK.TRIAL.DRIFT_CORRECT
903995.172 DISPLAY_TEXT BLOCK.TRIAL.RECORDING.DISPLAY_TEXT (BEGIN) 
904014.809 DISPLAY_TEXT BLOCK.TRIAL.RECORDING.DISPLAY_TEXT
925697.457 KEYBOARD_TEXT BLOCK.TRIAL.RECORDING.KEYBOARD_TEXT
925698.041 SET_SENTENCE_RT BLOCK.TRIAL.RECORDING.SET_SENTENCE_RT
925698.184 CHECK_QUESTION BLOCK.TRIAL.RECORDING.CHECK_QUESTION_TRUE
925700.048 DISPLAY_BLANK BLOCK.TRIAL.RECORDING.DISPLAY_BLANK (BEGIN) 
925710.021 DISPLAY_BLANK BLOCK.TRIAL.RECORDING.DISPLAY_BLANK
925710.655 ADD_TO_RESULTS_FILE BLOCK.TRIAL.RECORDING.ADD_TO_RESULTS_FILE
925795.101 SetValueAction 
925795.133 SetValueAction 
925795.161 SetValueAction 
925795.186 SetValueAction 
925795.233 SetValueAction 
925795.275 SetValueAction 
925795.691 CHECK_NEW_BLOCK BLOCK.TRIAL.CHECK_NEW_BLOCK_TRUE
925796.018 RESET_VARS BLOCK.TRIAL.RESET_VARS
926172.802 PREPARE_SEQUENCE BLOCK.TRIAL.PREPARE_SEQUENCE
927206.781 DRIFT_CORRECT BLOCK.TRIAL.DRIFT_CORRECT
927328.187 DISPLAY_TEXT BLOCK.TRIAL.RECORDING.DISPLAY_TEXT (BEGIN) 
927344.939 DISPLAY_TEXT BLOCK.TRIAL.RECORDING.DISPLAY_TEXT
942811.721 TRACKER_TIME 12 3380708.799
942811.846 KEYBOARD_TEXT BLOCK.TRIAL.RECORDING.KEYBOARD_TEXT
942812.442 SET_SENTENCE_RT BLOCK.TRIAL.RECORDING.SET_SENTENCE_RT
942812.611 CHECK_QUESTION BLOCK.TRIAL.RECORDING.CHECK_QUESTION_TRUE
942814.640 DISPLAY_BLANK BLOCK.TRIAL.RECORDING.DISPLAY_BLANK (BEGIN) 
942821.618 DISPLAY_BLANK BLOCK.TRIAL.RECORDING.DISPLAY_BLANK
942822.244 ADD_TO_RESULTS_FILE BLOCK.TRIAL.RECORDING.ADD_TO_RESULTS_FILE
942909.100 SetValueAction 
942909.134 SetValueAction 
942909.165 SetValueAction 
942909.191 SetValueAction 
942909.217 SetValueAction 
942909.242 SetValueAction 
942909.666 CHECK_NEW_BLOCK BLOCK.TRIAL.CHECK_NEW_BLOCK_TRUE
942909.995 RESET_VARS BLOCK.TRIAL.RESET_VARS
943281.877 PREPARE_SEQUENCE BLOCK.TRIAL.PREPARE_SEQUENCE
944258.514 DRIFT_CORRECT BLOCK.TRIAL.DRIFT_CORRECT
944376.922 DISPLAY_TEXT BLOCK.TRIAL.RECORDING.DISPLAY_TEXT (BEGIN) 
944392.361 DISPLAY_TEXT BLOCK.TRIAL.RECORDING.DISPLAY_TEXT
945652.790 KEYBOARD_TEXT BLOCK.TRIAL.RECORDING.KEYBOARD_TEXT
945653.449 SET_SENTENCE_RT BLOCK.TRIAL.RECORDING.SET_SENTENCE_RT
945653.576 CHECK_QUESTION BLOCK.TRIAL.RECORDING.CHECK_QUESTION_TRUE
945655.562 DISPLAY_BLANK BLOCK.TRIAL.RECORDING.DISPLAY_BLANK (BEGIN) 
945671.137 DISPLAY_BLANK BLOCK.TRIAL.RECORDING.DISPLAY_BLANK
945671.833 ADD_TO_RESULTS_FILE BLOCK.TRIAL.RECORDING.ADD_TO_RESULTS_FILE
945758.100 SetValueAction 
945758.149 SetValueAction 
945758.178 SetValueAction 
945758.204 SetValueAction 
945758.230 SetValueAction 
945758.256 SetValueAction 
945758.586 CHECK_NEW_BLOCK BLOCK.TRIAL.CHECK_NEW_BLOCK_TRUE
945758.874 RESET_VARS BLOCK.TRIAL.RESET_VARS
946204.825 PREPARE_SEQUENCE BLOCK.TRIAL.PREPARE_SEQUENCE
956257.237 DRIFT_CORRECT BLOCK.TRIAL.DRIFT_CORRECT
956374.079 DISPLAY_TEXT BLOCK.TRIAL.RECORDING.DISPLAY_TEXT (BEGIN) 
956395.409 DISPLAY_TEXT BLOCK.TRIAL.RECORDING.DISPLAY_TEXT
976171.742 KEYBOARD_TEXT BLOCK.TRIAL.RECORDING.KEYBOARD_TEXT
976172.270 SET_SENTENCE_RT BLOCK.TRIAL.RECORDING.SET_SENTENCE_RT
976172.426 CHECK_QUESTION BLOCK.TRIAL.RECORDING.CHECK_QUESTION_FALSE
976175.265 DISPLAY_QUESTION BLOCK.TRIAL.RECORDING.DISPLAY_QUESTION (BEGIN) 
976180.357 DISPLAY_QUESTION BLOCK.TRIAL.RECORDING.DISPLAY_QUESTION
979146.222 KEYBOARD_QUESTION BLOCK.TRIAL.RECORDING.KEYBOARD_QUESTION
979146.521 CHECK_RESPONSE_BUTTON BLOCK.TRIAL.RECORDING.CHECK_RESPONSE_BUTTON_FALSE
979147.135 SET_VARS_INCORRECT BLOCK.TRIAL.RECORDING.SET_VARS_INCORRECT
979148.721 DISPLAY_BLANK BLOCK.TRIAL.RECORDING.DISPLAY_BLANK (BEGIN) 
979161.354 DISPLAY_BLANK BLOCK.TRIAL.RECORDING.DISPLAY_BLANK
979162.040 ADD_TO_RESULTS_FILE BLOCK.TRIAL.RECORDING.ADD_TO_RESULTS_FILE
979248.133 SetValueAction 
979248.173 SetValueAction 
979248.201 SetValueAction 
979248.228 SetValueAction 
979248.254 SetValueAction 
979248.280 SetValueAction 
979248.640 CHECK_NEW_BLOCK BLOCK.TRIAL.CHECK_NEW_BLOCK_TRUE
979248.977 RESET_VARS BLOCK.TRIAL.RESET_VARS
979682.842 PREPARE_SEQUENCE BLOCK.TRIAL.PREPARE_SEQUENCE
980997.321 DRIFT_CORRECT BLOCK.TRIAL.DRIFT_CORRECT
981112.222 DISPLAY_TEXT BLOCK.TRIAL.RECORDING.DISPLAY_TEXT (BEGIN) 
981139.050 DISPLAY_TEXT BLOCK.TRIAL.RECORDING.DISPLAY_TEXT
1005381.156 TRACKER_TIME 13 3443276.868
1005381.278 KEYBOARD_TEXT BLOCK.TRIAL.RECORDING.KEYBOARD_TEXT
1005381.784 SET_SENTENCE_RT BLOCK.TRIAL.RECORDING.SET_SENTENCE_RT
1005381.952 CHECK_QUESTION BLOCK.TRIAL.RECORDING.CHECK_QUESTION_FALSE
1005388.631 DISPLAY_QUESTION BLOCK.TRIAL.RECORDING.DISPLAY_QUESTION (BEGIN) 
1005403.816 DISPLAY_QUESTION BLOCK.TRIAL.RECORDING.DISPLAY_QUESTION
1012450.103 KEYBOARD_QUESTION BLOCK.TRIAL.RECORDING.KEYBOARD_QUESTION
1012450.399 CHECK_RESPONSE_BUTTON BLOCK.TRIAL.RECORDING.CHECK_RESPONSE_BUTTON_TRUE
1012450.939 SET_VARS_CORRECT BLOCK.TRIAL.RECORDING.SET_VARS_CORRECT
1012452.745 DISPLAY_BLANK BLOCK.TRIAL.RECORDING.DISPLAY_BLANK (BEGIN) 
1012468.463 DISPLAY_BLANK BLOCK.TRIAL.RECORDING.DISPLAY_BLANK
1012469.032 ADD_TO_RESULTS_FILE BLOCK.TRIAL.RECORDING.ADD_TO_RESULTS_FILE
1012554.099 SetValueAction 
1012554.132 SetValueAction 
1012554.159 SetValueAction 
1012554.188 SetValueAction 
1012554.213 SetValueAction 
1012554.239 SetValueAction 
1012554.662 CHECK_NEW_BLOCK BLOCK.TRIAL.CHECK_NEW_BLOCK_TRUE
1012555.004 RESET_VARS BLOCK.TRIAL.RESET_VARS
1012973.787 PREPARE_SEQUENCE BLOCK.TRIAL.PREPARE_SEQUENCE
1014611.868 DRIFT_CORRECT BLOCK.TRIAL.DRIFT_CORRECT
1014726.133 DISPLAY_TEXT BLOCK.TRIAL.RECORDING.DISPLAY_TEXT (BEGIN) 
1014755.488 DISPLAY_TEXT BLOCK.TRIAL.RECORDING.DISPLAY_TEXT
1040522.394 KEYBOARD_TEXT BLOCK.TRIAL.RECORDING.KEYBOARD_TEXT
1040523.038 SET_SENTENCE_RT BLOCK.TRIAL.RECORDING.SET_SENTENCE_RT
1040523.159 CHECK_QUESTION BLOCK.TRIAL.RECORDING.CHECK_QUESTION_TRUE
1040528.633 DISPLAY_BLANK BLOCK.TRIAL.RECORDING.DISPLAY_BLANK (BEGIN) 
1040543.648 DISPLAY_BLANK BLOCK.TRIAL.RECORDING.DISPLAY_BLANK
1040544.274 ADD_TO_RESULTS_FILE BLOCK.TRIAL.RECORDING.ADD_TO_RESULTS_FILE
1040631.103 SetValueAction 
1040631.136 SetValueAction 
1040631.168 SetValueAction 
1040631.194 SetValueAction 
1040631.221 SetValueAction 
1040631.247 SetValueAction 
1040631.684 CHECK_NEW_BLOCK BLOCK.TRIAL.CHECK_NEW_BLOCK_TRUE
1040632.029 RESET_VARS BLOCK.TRIAL.RESET_VARS
1041052.629 PREPARE_SEQUENCE BLOCK.TRIAL.PREPARE_SEQUENCE
1042568.802 DRIFT_CORRECT BLOCK.TRIAL.DRIFT_CORRECT
1042694.632 DISPLAY_TEXT BLOCK.TRIAL.RECORDING.DISPLAY_TEXT (BEGIN) 
1042714.927 DISPLAY_TEXT BLOCK.TRIAL.RECORDING.DISPLAY_TEXT
1065928.069 TRACKER_TIME 14 3503822.447
1065928.183 KEYBOARD_TEXT BLOCK.TRIAL.RECORDING.KEYBOARD_TEXT
1065928.905 SET_SENTENCE_RT BLOCK.TRIAL.RECORDING.SET_SENTENCE_RT
1065929.032 CHECK_QUESTION BLOCK.TRIAL.RECORDING.CHECK_QUESTION_TRUE
1065930.904 DISPLAY_BLANK BLOCK.TRIAL.RECORDING.DISPLAY_BLANK (BEGIN) 
1065935.915 DISPLAY_BLANK BLOCK.TRIAL.RECORDING.DISPLAY_BLANK
1065936.686 ADD_TO_RESULTS_FILE BLOCK.TRIAL.RECORDING.ADD_TO_RESULTS_FILE
1066022.101 SetValueAction 
1066022.137 SetValueAction 
1066022.170 SetValueAction 
1066022.195 SetValueAction 
1066022.220 SetValueAction 
1066022.245 SetValueAction 
1066022.659 CHECK_NEW_BLOCK BLOCK.TRIAL.CHECK_NEW_BLOCK_TRUE
1066022.990 RESET_VARS BLOCK.TRIAL.RESET_VARS
1066410.539 PREPARE_SEQUENCE BLOCK.TRIAL.PREPARE_SEQUENCE
1067777.538 DRIFT_CORRECT BLOCK.TRIAL.DRIFT_CORRECT
1067894.022 DISPLAY_TEXT BLOCK.TRIAL.RECORDING.DISPLAY_TEXT (BEGIN) 
1067911.161 DISPLAY_TEXT BLOCK.TRIAL.RECORDING.DISPLAY_TEXT
1083769.859 KEYBOARD_TEXT BLOCK.TRIAL.RECORDING.KEYBOARD_TEXT
1083770.342 SET_SENTENCE_RT BLOCK.TRIAL.RECORDING.SET_SENTENCE_RT
1083770.453 CHECK_QUESTION BLOCK.TRIAL.RECORDING.CHECK_QUESTION_TRUE
1083772.164 DISPLAY_BLANK BLOCK.TRIAL.RECORDING.DISPLAY_BLANK (BEGIN) 
1083780.856 DISPLAY_BLANK BLOCK.TRIAL.RECORDING.DISPLAY_BLANK
1083781.546 ADD_TO_RESULTS_FILE BLOCK.TRIAL.RECORDING.ADD_TO_RESULTS_FILE
1083868.131 SetValueAction 
1083868.183 SetValueAction 
1083868.228 SetValueAction 
1083868.270 SetValueAction 
1083868.314 SetValueAction 
1083868.356 SetValueAction 
1083868.927 CHECK_NEW_BLOCK BLOCK.TRIAL.CHECK_NEW_BLOCK_TRUE
1083869.365 RESET_VARS BLOCK.TRIAL.RESET_VARS
1084291.408 PREPARE_SEQUENCE BLOCK.TRIAL.PREPARE_SEQUENCE
1085249.472 DRIFT_CORRECT BLOCK.TRIAL.DRIFT_CORRECT
1085365.888 DISPLAY_TEXT BLOCK.TRIAL.RECORDING.DISPLAY_TEXT (BEGIN) 
1085380.657 DISPLAY_TEXT BLOCK.TRIAL.RECORDING.DISPLAY_TEXT
1096562.961 KEYBOARD_TEXT BLOCK.TRIAL.RECORDING.KEYBOARD_TEXT
1096563.554 SET_SENTENCE_RT BLOCK.TRIAL.RECORDING.SET_SENTENCE_RT
1096563.697 CHECK_QUESTION BLOCK.TRIAL.RECORDING.CHECK_QUESTION_TRUE
1096565.644 DISPLAY_BLANK BLOCK.TRIAL.RECORDING.DISPLAY_BLANK (BEGIN) 
1096577.305 DISPLAY_BLANK BLOCK.TRIAL.RECORDING.DISPLAY_BLANK
1096577.923 ADD_TO_RESULTS_FILE BLOCK.TRIAL.RECORDING.ADD_TO_RESULTS_FILE
1096664.113 SetValueAction 
1096664.168 SetValueAction 
1096664.196 SetValueAction 
1096664.221 SetValueAction 
1096664.246 SetValueAction 
1096664.271 SetValueAction 
1096664.684 CHECK_NEW_BLOCK BLOCK.TRIAL.CHECK_NEW_BLOCK_TRUE
1096665.046 RESET_VARS BLOCK.TRIAL.RESET_VARS
1097041.033 PREPARE_SEQUENCE BLOCK.TRIAL.PREPARE_SEQUENCE
1098041.969 DRIFT_CORRECT BLOCK.TRIAL.DRIFT_CORRECT
1098157.555 DISPLAY_TEXT BLOCK.TRIAL.RECORDING.DISPLAY_TEXT (BEGIN) 
1098185.922 DISPLAY_TEXT BLOCK.TRIAL.RECORDING.DISPLAY_TEXT
1117077.552 KEYBOARD_TEXT BLOCK.TRIAL.RECORDING.KEYBOARD_TEXT
1117078.120 SET_SENTENCE_RT BLOCK.TRIAL.RECORDING.SET_SENTENCE_RT
1117078.250 CHECK_QUESTION BLOCK.TRIAL.RECORDING.CHECK_QUESTION_TRUE
1117080.260 DISPLAY_BLANK BLOCK.TRIAL.RECORDING.DISPLAY_BLANK (BEGIN) 
1117087.847 DISPLAY_BLANK BLOCK.TRIAL.RECORDING.DISPLAY_BLANK
1117088.479 ADD_TO_RESULTS_FILE BLOCK.TRIAL.RECORDING.ADD_TO_RESULTS_FILE
1117174.116 SetValueAction 
1117174.149 SetValueAction 
1117174.176 SetValueAction 
1117174.202 SetValueAction 
1117174.227 SetValueAction 
1117174.253 SetValueAction 
1117174.655 CHECK_NEW_BLOCK BLOCK.TRIAL.CHECK_NEW_BLOCK_TRUE
1117175.014 RESET_VARS BLOCK.TRIAL.RESET_VARS
1117637.593 PREPARE_SEQUENCE BLOCK.TRIAL.PREPARE_SEQUENCE
1118547.183 DRIFT_CORRECT BLOCK.TRIAL.DRIFT_CORRECT
1118664.827 DISPLAY_TEXT BLOCK.TRIAL.RECORDING.DISPLAY_TEXT (BEGIN) 
1118678.508 DISPLAY_TEXT BLOCK.TRIAL.RECORDING.DISPLAY_TEXT
1129938.912 TRACKER_TIME 15 3567831.866
1129939.025 KEYBOARD_TEXT BLOCK.TRIAL.RECORDING.KEYBOARD_TEXT
1129939.624 SET_SENTENCE_RT BLOCK.TRIAL.RECORDING.SET_SENTENCE_RT
1129939.765 CHECK_QUESTION BLOCK.TRIAL.RECORDING.CHECK_QUESTION_TRUE
1129941.903 DISPLAY_BLANK BLOCK.TRIAL.RECORDING.DISPLAY_BLANK (BEGIN) 
1129950.840 DISPLAY_BLANK BLOCK.TRIAL.RECORDING.DISPLAY_BLANK
1129951.473 ADD_TO_RESULTS_FILE BLOCK.TRIAL.RECORDING.ADD_TO_RESULTS_FILE
1130038.194 SetValueAction 
1130038.270 SetValueAction 
1130038.346 SetValueAction 
1130038.405 SetValueAction 
1130038.456 SetValueAction 
1130038.506 SetValueAction 
1130039.351 CHECK_NEW_BLOCK BLOCK.TRIAL.CHECK_NEW_BLOCK_TRUE
1130040.077 RESET_VARS BLOCK.TRIAL.RESET_VARS
1130440.955 PREPARE_SEQUENCE BLOCK.TRIAL.PREPARE_SEQUENCE
1133347.198 DRIFT_CORRECT BLOCK.TRIAL.DRIFT_CORRECT
1133462.961 DISPLAY_TEXT BLOCK.TRIAL.RECORDING.DISPLAY_TEXT (BEGIN) 
1133485.991 DISPLAY_TEXT BLOCK.TRIAL.RECORDING.DISPLAY_TEXT
1155107.609 KEYBOARD_TEXT BLOCK.TRIAL.RECORDING.KEYBOARD_TEXT
1155108.148 SET_SENTENCE_RT BLOCK.TRIAL.RECORDING.SET_SENTENCE_RT
1155108.396 CHECK_QUESTION BLOCK.TRIAL.RECORDING.CHECK_QUESTION_TRUE
1155111.641 DISPLAY_BLANK BLOCK.TRIAL.RECORDING.DISPLAY_BLANK (BEGIN) 
1155127.183 DISPLAY_BLANK BLOCK.TRIAL.RECORDING.DISPLAY_BLANK
1155127.952 ADD_TO_RESULTS_FILE BLOCK.TRIAL.RECORDING.ADD_TO_RESULTS_FILE
1155214.110 SetValueAction 
1155214.146 SetValueAction 
1155214.175 SetValueAction 
1155214.202 SetValueAction 
1155214.228 SetValueAction 
1155214.254 SetValueAction 
1155214.641 CHECK_NEW_BLOCK BLOCK.TRIAL.CHECK_NEW_BLOCK_TRUE
1155215.016 RESET_VARS BLOCK.TRIAL.RESET_VARS
1155630.028 PREPARE_SEQUENCE BLOCK.TRIAL.PREPARE_SEQUENCE
1156751.114 DRIFT_CORRECT BLOCK.TRIAL.DRIFT_CORRECT
1156868.857 DISPLAY_TEXT BLOCK.TRIAL.RECORDING.DISPLAY_TEXT (BEGIN) 
1156905.976 DISPLAY_TEXT BLOCK.TRIAL.RECORDING.DISPLAY_TEXT
1186408.529 KEYBOARD_TEXT BLOCK.TRIAL.RECORDING.KEYBOARD_TEXT
1186409.158 SET_SENTENCE_RT BLOCK.TRIAL.RECORDING.SET_SENTENCE_RT
1186409.255 CHECK_QUESTION BLOCK.TRIAL.RECORDING.CHECK_QUESTION_TRUE
1186411.213 DISPLAY_BLANK BLOCK.TRIAL.RECORDING.DISPLAY_BLANK (BEGIN) 
1186417.748 DISPLAY_BLANK BLOCK.TRIAL.RECORDING.DISPLAY_BLANK
1186418.329 ADD_TO_RESULTS_FILE BLOCK.TRIAL.RECORDING.ADD_TO_RESULTS_FILE
1186505.099 SetValueAction 
1186505.132 SetValueAction 
1186505.159 SetValueAction 
1186505.185 SetValueAction 
1186505.211 SetValueAction 
1186505.236 SetValueAction 
1186505.649 CHECK_NEW_BLOCK BLOCK.TRIAL.CHECK_NEW_BLOCK_TRUE
1186505.976 RESET_VARS BLOCK.TRIAL.RESET_VARS
1186894.740 PREPARE_SEQUENCE BLOCK.TRIAL.PREPARE_SEQUENCE
1187739.165 DRIFT_CORRECT BLOCK.TRIAL.DRIFT_CORRECT
1187852.013 DISPLAY_TEXT BLOCK.TRIAL.RECORDING.DISPLAY_TEXT (BEGIN) 
1187870.857 DISPLAY_TEXT BLOCK.TRIAL.RECORDING.DISPLAY_TEXT
1203485.579 TRACKER_TIME 16 3641376.899
1203485.729 KEYBOARD_TEXT BLOCK.TRIAL.RECORDING.KEYBOARD_TEXT
1203486.321 SET_SENTENCE_RT BLOCK.TRIAL.RECORDING.SET_SENTENCE_RT
1203486.422 CHECK_QUESTION BLOCK.TRIAL.RECORDING.CHECK_QUESTION_TRUE
1203488.465 DISPLAY_BLANK BLOCK.TRIAL.RECORDING.DISPLAY_BLANK (BEGIN) 
1203496.658 DISPLAY_BLANK BLOCK.TRIAL.RECORDING.DISPLAY_BLANK
1203497.194 ADD_TO_RESULTS_FILE BLOCK.TRIAL.RECORDING.ADD_TO_RESULTS_FILE
1203582.097 SetValueAction 
1203582.128 SetValueAction 
1203582.156 SetValueAction 
1203582.181 SetValueAction 
1203582.207 SetValueAction 
1203582.232 SetValueAction 
1203582.667 CHECK_NEW_BLOCK BLOCK.TRIAL.CHECK_NEW_BLOCK_TRUE
1203582.969 RESET_VARS BLOCK.TRIAL.RESET_VARS
1204011.950 PREPARE_SEQUENCE BLOCK.TRIAL.PREPARE_SEQUENCE
1206618.500 DRIFT_CORRECT BLOCK.TRIAL.DRIFT_CORRECT
1206734.886 DISPLAY_TEXT BLOCK.TRIAL.RECORDING.DISPLAY_TEXT (BEGIN) 
1206752.491 DISPLAY_TEXT BLOCK.TRIAL.RECORDING.DISPLAY_TEXT
1221614.597 KEYBOARD_TEXT BLOCK.TRIAL.RECORDING.KEYBOARD_TEXT
1221615.206 SET_SENTENCE_RT BLOCK.TRIAL.RECORDING.SET_SENTENCE_RT
1221615.349 CHECK_QUESTION BLOCK.TRIAL.RECORDING.CHECK_QUESTION_TRUE
1221617.248 DISPLAY_BLANK BLOCK.TRIAL.RECORDING.DISPLAY_BLANK (BEGIN) 
1221624.225 DISPLAY_BLANK BLOCK.TRIAL.RECORDING.DISPLAY_BLANK
1221624.767 ADD_TO_RESULTS_FILE BLOCK.TRIAL.RECORDING.ADD_TO_RESULTS_FILE
1221711.097 SetValueAction 
1221711.128 SetValueAction 
1221711.156 SetValueAction 
1221711.180 SetValueAction 
1221711.206 SetValueAction 
1221711.232 SetValueAction 
1221711.667 CHECK_NEW_BLOCK BLOCK.TRIAL.CHECK_NEW_BLOCK_TRUE
1221712.056 RESET_VARS BLOCK.TRIAL.RESET_VARS
1222127.174 PREPARE_SEQUENCE BLOCK.TRIAL.PREPARE_SEQUENCE
1223328.791 DRIFT_CORRECT BLOCK.TRIAL.DRIFT_CORRECT
1223445.819 DISPLAY_TEXT BLOCK.TRIAL.RECORDING.DISPLAY_TEXT (BEGIN) 
1223468.288 DISPLAY_TEXT BLOCK.TRIAL.RECORDING.DISPLAY_TEXT
1245223.329 KEYBOARD_TEXT BLOCK.TRIAL.RECORDING.KEYBOARD_TEXT
1245223.992 SET_SENTENCE_RT BLOCK.TRIAL.RECORDING.SET_SENTENCE_RT
1245224.088 CHECK_QUESTION BLOCK.TRIAL.RECORDING.CHECK_QUESTION_TRUE
1245225.953 DISPLAY_BLANK BLOCK.TRIAL.RECORDING.DISPLAY_BLANK (BEGIN) 
1245234.104 DISPLAY_BLANK BLOCK.TRIAL.RECORDING.DISPLAY_BLANK
1245234.717 ADD_TO_RESULTS_FILE BLOCK.TRIAL.RECORDING.ADD_TO_RESULTS_FILE
1245319.099 SetValueAction 
1245319.133 SetValueAction 
1245319.160 SetValueAction 
1245319.185 SetValueAction 
1245319.211 SetValueAction 
1245319.236 SetValueAction 
1245319.653 CHECK_NEW_BLOCK BLOCK.TRIAL.CHECK_NEW_BLOCK_TRUE
1245319.954 RESET_VARS BLOCK.TRIAL.RESET_VARS
1245696.335 PREPARE_SEQUENCE BLOCK.TRIAL.PREPARE_SEQUENCE
1246504.944 DRIFT_CORRECT BLOCK.TRIAL.DRIFT_CORRECT
1246624.833 DISPLAY_TEXT BLOCK.TRIAL.RECORDING.DISPLAY_TEXT (BEGIN) 
1246641.937 DISPLAY_TEXT BLOCK.TRIAL.RECORDING.DISPLAY_TEXT
1261132.663 KEYBOARD_TEXT BLOCK.TRIAL.RECORDING.KEYBOARD_TEXT
1261133.130 SET_SENTENCE_RT BLOCK.TRIAL.RECORDING.SET_SENTENCE_RT
1261133.231 CHECK_QUESTION BLOCK.TRIAL.RECORDING.CHECK_QUESTION_TRUE
1261135.120 DISPLAY_BLANK BLOCK.TRIAL.RECORDING.DISPLAY_BLANK (BEGIN) 
1261146.304 DISPLAY_BLANK BLOCK.TRIAL.RECORDING.DISPLAY_BLANK
1261146.920 ADD_TO_RESULTS_FILE BLOCK.TRIAL.RECORDING.ADD_TO_RESULTS_FILE
1261232.095 SetValueAction 
1261232.128 SetValueAction 
1261232.155 SetValueAction 
1261232.180 SetValueAction 
1261232.205 SetValueAction 
1261232.230 SetValueAction 
1261232.641 CHECK_NEW_BLOCK BLOCK.TRIAL.CHECK_NEW_BLOCK_TRUE
1261233.017 RESET_VARS BLOCK.TRIAL.RESET_VARS
1261608.741 PREPARE_SEQUENCE BLOCK.TRIAL.PREPARE_SEQUENCE
1264038.861 TRACKER_TIME 17 3701928.618
1264038.986 DRIFT_CORRECT BLOCK.TRIAL.DRIFT_CORRECT
1264155.008 DISPLAY_TEXT BLOCK.TRIAL.RECORDING.DISPLAY_TEXT (BEGIN) 
1264175.817 DISPLAY_TEXT BLOCK.TRIAL.RECORDING.DISPLAY_TEXT
1283423.650 KEYBOARD_TEXT BLOCK.TRIAL.RECORDING.KEYBOARD_TEXT
1283424.340 SET_SENTENCE_RT BLOCK.TRIAL.RECORDING.SET_SENTENCE_RT
1283424.436 CHECK_QUESTION BLOCK.TRIAL.RECORDING.CHECK_QUESTION_TRUE
1283426.312 DISPLAY_BLANK BLOCK.TRIAL.RECORDING.DISPLAY_BLANK (BEGIN) 
1283439.954 DISPLAY_BLANK BLOCK.TRIAL.RECORDING.DISPLAY_BLANK
1283440.529 ADD_TO_RESULTS_FILE BLOCK.TRIAL.RECORDING.ADD_TO_RESULTS_FILE
1283525.116 SetValueAction 
1283525.151 SetValueAction 
1283525.179 SetValueAction 
1283525.206 SetValueAction 
1283525.232 SetValueAction 
1283525.258 SetValueAction 
1283525.593 CHECK_NEW_BLOCK BLOCK.TRIAL.CHECK_NEW_BLOCK_TRUE
1283525.897 RESET_VARS BLOCK.TRIAL.RESET_VARS
1283941.394 PREPARE_SEQUENCE BLOCK.TRIAL.PREPARE_SEQUENCE
1285954.369 DRIFT_CORRECT BLOCK.TRIAL.DRIFT_CORRECT
1286077.996 DISPLAY_TEXT BLOCK.TRIAL.RECORDING.DISPLAY_TEXT (BEGIN) 
1286096.917 DISPLAY_TEXT BLOCK.TRIAL.RECORDING.DISPLAY_TEXT
1305325.116 KEYBOARD_TEXT BLOCK.TRIAL.RECORDING.KEYBOARD_TEXT
1305325.753 SET_SENTENCE_RT BLOCK.TRIAL.RECORDING.SET_SENTENCE_RT
1305325.840 CHECK_QUESTION BLOCK.TRIAL.RECORDING.CHECK_QUESTION_TRUE
1305327.531 DISPLAY_BLANK BLOCK.TRIAL.RECORDING.DISPLAY_BLANK (BEGIN) 
1305333.348 DISPLAY_BLANK BLOCK.TRIAL.RECORDING.DISPLAY_BLANK
1305334.414 ADD_TO_RESULTS_FILE BLOCK.TRIAL.RECORDING.ADD_TO_RESULTS_FILE
1305420.101 SetValueAction 
1305420.133 SetValueAction 
1305420.161 SetValueAction 
1305420.186 SetValueAction 
1305420.211 SetValueAction 
1305420.236 SetValueAction 
1305420.723 CHECK_NEW_BLOCK BLOCK.TRIAL.CHECK_NEW_BLOCK_FALSE
1305423.340 NEW_COUNTERBALANCE_BREAK BLOCK.TRIAL.NEW_COUNTERBALANCE_BREAK (BEGIN) 
1305433.407 NEW_COUNTERBALANCE_BREAK BLOCK.TRIAL.NEW_COUNTERBALANCE_BREAK
1502095.312 TRACKER_TIME 18 3939980.036
1502095.480 KEYBOARD[1] BLOCK.TRIAL.KEYBOARD[1]
1525901.341 EL_CAMERA_SETUP BLOCK.TRIAL.EL_CAMERA_SETUP
1525903.954 EXPERIMENT_CONTINUE BLOCK.TRIAL.EXPERIMENT_CONTINUE (BEGIN) 
1525919.838 EXPERIMENT_CONTINUE BLOCK.TRIAL.EXPERIMENT_CONTINUE
1528185.590 KEYBOARD BLOCK.TRIAL.KEYBOARD
1528186.156 RESET_VARS BLOCK.TRIAL.RESET_VARS
1528542.107 PREPARE_SEQUENCE BLOCK.TRIAL.PREPARE_SEQUENCE
1531118.338 DRIFT_CORRECT BLOCK.TRIAL.DRIFT_CORRECT
1531239.120 DISPLAY_TEXT BLOCK.TRIAL.RECORDING.DISPLAY_TEXT (BEGIN) 
1531251.511 DISPLAY_TEXT BLOCK.TRIAL.RECORDING.DISPLAY_TEXT
1533843.609 KEYBOARD_TEXT BLOCK.TRIAL.RECORDING.KEYBOARD_TEXT
1533844.123 SET_SENTENCE_RT BLOCK.TRIAL.RECORDING.SET_SENTENCE_RT
1533844.196 CHECK_QUESTION BLOCK.TRIAL.RECORDING.CHECK_QUESTION_TRUE
1533845.984 DISPLAY_BLANK BLOCK.TRIAL.RECORDING.DISPLAY_BLANK (BEGIN) 
1533850.391 DISPLAY_BLANK BLOCK.TRIAL.RECORDING.DISPLAY_BLANK
1533850.959 ADD_TO_RESULTS_FILE BLOCK.TRIAL.RECORDING.ADD_TO_RESULTS_FILE
1533938.097 SetValueAction 
1533938.130 SetValueAction 
1533938.158 SetValueAction 
1533938.184 SetValueAction 
1533938.209 SetValueAction 
1533938.234 SetValueAction 
1533938.663 CHECK_NEW_BLOCK BLOCK.TRIAL.CHECK_NEW_BLOCK_TRUE
1533938.964 RESET_VARS BLOCK.TRIAL.RESET_VARS
1534337.087 PREPARE_SEQUENCE BLOCK.TRIAL.PREPARE_SEQUENCE
1536228.513 DRIFT_CORRECT BLOCK.TRIAL.DRIFT_CORRECT
1536344.240 DISPLAY_TEXT BLOCK.TRIAL.RECORDING.DISPLAY_TEXT (BEGIN) 
1536355.842 DISPLAY_TEXT BLOCK.TRIAL.RECORDING.DISPLAY_TEXT
1546615.220 KEYBOARD_TEXT BLOCK.TRIAL.RECORDING.KEYBOARD_TEXT
1546615.818 SET_SENTENCE_RT BLOCK.TRIAL.RECORDING.SET_SENTENCE_RT
1546615.943 CHECK_QUESTION BLOCK.TRIAL.RECORDING.CHECK_QUESTION_TRUE
1546617.974 DISPLAY_BLANK BLOCK.TRIAL.RECORDING.DISPLAY_BLANK (BEGIN) 
1546630.371 DISPLAY_BLANK BLOCK.TRIAL.RECORDING.DISPLAY_BLANK
1546630.940 ADD_TO_RESULTS_FILE BLOCK.TRIAL.RECORDING.ADD_TO_RESULTS_FILE
1546718.112 SetValueAction 
1546718.146 SetValueAction 
1546718.175 SetValueAction 
1546718.201 SetValueAction 
1546718.226 SetValueAction 
1546718.251 SetValueAction 
1546718.663 CHECK_NEW_BLOCK BLOCK.TRIAL.CHECK_NEW_BLOCK_TRUE
1546719.006 RESET_VARS BLOCK.TRIAL.RESET_VARS
1547089.809 PREPARE_SEQUENCE BLOCK.TRIAL.PREPARE_SEQUENCE
1548537.775 DRIFT_CORRECT BLOCK.TRIAL.DRIFT_CORRECT
1548654.060 DISPLAY_TEXT BLOCK.TRIAL.RECORDING.DISPLAY_TEXT (BEGIN) 
1548665.526 DISPLAY_TEXT BLOCK.TRIAL.RECORDING.DISPLAY_TEXT
1558577.696 KEYBOARD_TEXT BLOCK.TRIAL.RECORDING.KEYBOARD_TEXT
1558578.315 SET_SENTENCE_RT BLOCK.TRIAL.RECORDING.SET_SENTENCE_RT
1558578.444 CHECK_QUESTION BLOCK.TRIAL.RECORDING.CHECK_QUESTION_TRUE
1558580.436 DISPLAY_BLANK BLOCK.TRIAL.RECORDING.DISPLAY_BLANK (BEGIN) 
1558593.626 DISPLAY_BLANK BLOCK.TRIAL.RECORDING.DISPLAY_BLANK
1558594.206 ADD_TO_RESULTS_FILE BLOCK.TRIAL.RECORDING.ADD_TO_RESULTS_FILE
1558679.099 SetValueAction 
1558679.132 SetValueAction 
1558679.159 SetValueAction 
1558679.184 SetValueAction 
1558679.211 SetValueAction 
1558679.236 SetValueAction 
1558679.674 CHECK_NEW_BLOCK BLOCK.TRIAL.CHECK_NEW_BLOCK_TRUE
1558680.025 RESET_VARS BLOCK.TRIAL.RESET_VARS
1559053.681 PREPARE_SEQUENCE BLOCK.TRIAL.PREPARE_SEQUENCE
1559984.489 DRIFT_CORRECT BLOCK.TRIAL.DRIFT_CORRECT
1560104.840 DISPLAY_TEXT BLOCK.TRIAL.RECORDING.DISPLAY_TEXT (BEGIN) 
1560130.651 DISPLAY_TEXT BLOCK.TRIAL.RECORDING.DISPLAY_TEXT
1598203.794 TRACKER_TIME 19 4036086.439
1598203.969 KEYBOARD_TEXT BLOCK.TRIAL.RECORDING.KEYBOARD_TEXT
1598204.516 SET_SENTENCE_RT BLOCK.TRIAL.RECORDING.SET_SENTENCE_RT
1598204.705 CHECK_QUESTION BLOCK.TRIAL.RECORDING.CHECK_QUESTION_TRUE
1598206.590 DISPLAY_BLANK BLOCK.TRIAL.RECORDING.DISPLAY_BLANK (BEGIN) 
1598215.272 DISPLAY_BLANK BLOCK.TRIAL.RECORDING.DISPLAY_BLANK
1598215.877 ADD_TO_RESULTS_FILE BLOCK.TRIAL.RECORDING.ADD_TO_RESULTS_FILE
1598300.102 SetValueAction 
1598300.172 SetValueAction 
1598300.200 SetValueAction 
1598300.226 SetValueAction 
1598300.252 SetValueAction 
1598300.277 SetValueAction 
1598300.773 CHECK_NEW_BLOCK BLOCK.TRIAL.CHECK_NEW_BLOCK_TRUE
1598301.089 RESET_VARS BLOCK.TRIAL.RESET_VARS
1598687.332 PREPARE_SEQUENCE BLOCK.TRIAL.PREPARE_SEQUENCE
1599636.700 DRIFT_CORRECT BLOCK.TRIAL.DRIFT_CORRECT
1599751.171 DISPLAY_TEXT BLOCK.TRIAL.RECORDING.DISPLAY_TEXT (BEGIN) 
1599765.045 DISPLAY_TEXT BLOCK.TRIAL.RECORDING.DISPLAY_TEXT
1606235.558 KEYBOARD_TEXT BLOCK.TRIAL.RECORDING.KEYBOARD_TEXT
1606236.154 SET_SENTENCE_RT BLOCK.TRIAL.RECORDING.SET_SENTENCE_RT
1606236.261 CHECK_QUESTION BLOCK.TRIAL.RECORDING.CHECK_QUESTION_TRUE
1606237.998 DISPLAY_BLANK BLOCK.TRIAL.RECORDING.DISPLAY_BLANK (BEGIN) 
1606246.262 DISPLAY_BLANK BLOCK.TRIAL.RECORDING.DISPLAY_BLANK
1606246.845 ADD_TO_RESULTS_FILE BLOCK.TRIAL.RECORDING.ADD_TO_RESULTS_FILE
1606332.099 SetValueAction 
1606332.132 SetValueAction 
1606332.159 SetValueAction 
1606332.184 SetValueAction 
1606332.209 SetValueAction 
1606332.235 SetValueAction 
1606332.689 CHECK_NEW_BLOCK BLOCK.TRIAL.CHECK_NEW_BLOCK_TRUE
1606333.061 RESET_VARS BLOCK.TRIAL.RESET_VARS
1606713.446 PREPARE_SEQUENCE BLOCK.TRIAL.PREPARE_SEQUENCE
1609104.776 DRIFT_CORRECT BLOCK.TRIAL.DRIFT_CORRECT
1609218.852 DISPLAY_TEXT BLOCK.TRIAL.RECORDING.DISPLAY_TEXT (BEGIN) 
1609229.967 DISPLAY_TEXT BLOCK.TRIAL.RECORDING.DISPLAY_TEXT
1615955.354 KEYBOARD_TEXT BLOCK.TRIAL.RECORDING.KEYBOARD_TEXT
1615955.855 SET_SENTENCE_RT BLOCK.TRIAL.RECORDING.SET_SENTENCE_RT
1615955.952 CHECK_QUESTION BLOCK.TRIAL.RECORDING.CHECK_QUESTION_TRUE
1615961.632 DISPLAY_BLANK BLOCK.TRIAL.RECORDING.DISPLAY_BLANK (BEGIN) 
1615977.071 DISPLAY_BLANK BLOCK.TRIAL.RECORDING.DISPLAY_BLANK
1615977.676 ADD_TO_RESULTS_FILE BLOCK.TRIAL.RECORDING.ADD_TO_RESULTS_FILE
1616062.147 SetValueAction 
1616062.180 SetValueAction 
1616062.208 SetValueAction 
1616062.233 SetValueAction 
1616062.259 SetValueAction 
1616062.284 SetValueAction 
1616062.756 CHECK_NEW_BLOCK BLOCK.TRIAL.CHECK_NEW_BLOCK_TRUE
1616063.078 RESET_VARS BLOCK.TRIAL.RESET_VARS
1616471.224 PREPARE_SEQUENCE BLOCK.TRIAL.PREPARE_SEQUENCE
1617348.486 DRIFT_CORRECT BLOCK.TRIAL.DRIFT_CORRECT
1617466.860 DISPLAY_TEXT BLOCK.TRIAL.RECORDING.DISPLAY_TEXT (BEGIN) 
1617487.683 DISPLAY_TEXT BLOCK.TRIAL.RECORDING.DISPLAY_TEXT
1634974.504 KEYBOARD_TEXT BLOCK.TRIAL.RECORDING.KEYBOARD_TEXT
1634975.099 SET_SENTENCE_RT BLOCK.TRIAL.RECORDING.SET_SENTENCE_RT
1634975.230 CHECK_QUESTION BLOCK.TRIAL.RECORDING.CHECK_QUESTION_FALSE
1634978.095 DISPLAY_QUESTION BLOCK.TRIAL.RECORDING.DISPLAY_QUESTION (BEGIN) 
1634988.013 DISPLAY_QUESTION BLOCK.TRIAL.RECORDING.DISPLAY_QUESTION
1637740.662 KEYBOARD_QUESTION BLOCK.TRIAL.RECORDING.KEYBOARD_QUESTION
1637740.981 CHECK_RESPONSE_BUTTON BLOCK.TRIAL.RECORDING.CHECK_RESPONSE_BUTTON_TRUE
1637741.520 SET_VARS_CORRECT BLOCK.TRIAL.RECORDING.SET_VARS_CORRECT
1637743.418 DISPLAY_BLANK BLOCK.TRIAL.RECORDING.DISPLAY_BLANK (BEGIN) 
1637753.896 DISPLAY_BLANK BLOCK.TRIAL.RECORDING.DISPLAY_BLANK
1637754.563 ADD_TO_RESULTS_FILE BLOCK.TRIAL.RECORDING.ADD_TO_RESULTS_FILE
1637841.096 SetValueAction 
1637841.130 SetValueAction 
1637841.157 SetValueAction 
1637841.183 SetValueAction 
1637841.208 SetValueAction 
1637841.234 SetValueAction 
1637841.661 CHECK_NEW_BLOCK BLOCK.TRIAL.CHECK_NEW_BLOCK_TRUE
1637841.997 RESET_VARS BLOCK.TRIAL.RESET_VARS
1638268.764 PREPARE_SEQUENCE BLOCK.TRIAL.PREPARE_SEQUENCE
1641202.115 DRIFT_CORRECT BLOCK.TRIAL.DRIFT_CORRECT
1641324.068 DISPLAY_TEXT BLOCK.TRIAL.RECORDING.DISPLAY_TEXT (BEGIN) 
1641351.390 DISPLAY_TEXT BLOCK.TRIAL.RECORDING.DISPLAY_TEXT
1676351.863 TRACKER_TIME 20 4114232.782
1676351.983 KEYBOARD_TEXT BLOCK.TRIAL.RECORDING.KEYBOARD_TEXT
1676352.527 SET_SENTENCE_RT BLOCK.TRIAL.RECORDING.SET_SENTENCE_RT
1676352.699 CHECK_QUESTION BLOCK.TRIAL.RECORDING.CHECK_QUESTION_TRUE
1676354.614 DISPLAY_BLANK BLOCK.TRIAL.RECORDING.DISPLAY_BLANK (BEGIN) 
1676359.146 DISPLAY_BLANK BLOCK.TRIAL.RECORDING.DISPLAY_BLANK
1676359.713 ADD_TO_RESULTS_FILE BLOCK.TRIAL.RECORDING.ADD_TO_RESULTS_FILE
1676446.137 SetValueAction 
1676446.170 SetValueAction 
1676446.198 SetValueAction 
1676446.223 SetValueAction 
1676446.252 SetValueAction 
1676446.279 SetValueAction 
1676446.763 CHECK_NEW_BLOCK BLOCK.TRIAL.CHECK_NEW_BLOCK_TRUE
1676447.121 RESET_VARS BLOCK.TRIAL.RESET_VARS
1676853.079 PREPARE_SEQUENCE BLOCK.TRIAL.PREPARE_SEQUENCE
1682914.834 DRIFT_CORRECT BLOCK.TRIAL.DRIFT_CORRECT
1683029.955 DISPLAY_TEXT BLOCK.TRIAL.RECORDING.DISPLAY_TEXT (BEGIN) 
1683060.070 DISPLAY_TEXT BLOCK.TRIAL.RECORDING.DISPLAY_TEXT
1709273.175 KEYBOARD_TEXT BLOCK.TRIAL.RECORDING.KEYBOARD_TEXT
1709273.844 SET_SENTENCE_RT BLOCK.TRIAL.RECORDING.SET_SENTENCE_RT
1709273.953 CHECK_QUESTION BLOCK.TRIAL.RECORDING.CHECK_QUESTION_TRUE
1709275.830 DISPLAY_BLANK BLOCK.TRIAL.RECORDING.DISPLAY_BLANK (BEGIN) 
1709283.054 DISPLAY_BLANK BLOCK.TRIAL.RECORDING.DISPLAY_BLANK
1709283.694 ADD_TO_RESULTS_FILE BLOCK.TRIAL.RECORDING.ADD_TO_RESULTS_FILE
1709368.103 SetValueAction 
1709368.136 SetValueAction 
1709368.164 SetValueAction 
1709368.189 SetValueAction 
1709368.215 SetValueAction 
1709368.240 SetValueAction 
1709368.725 CHECK_NEW_BLOCK BLOCK.TRIAL.CHECK_NEW_BLOCK_TRUE
1709369.107 RESET_VARS BLOCK.TRIAL.RESET_VARS
1709784.600 PREPARE_SEQUENCE BLOCK.TRIAL.PREPARE_SEQUENCE
1710868.136 DRIFT_CORRECT BLOCK.TRIAL.DRIFT_CORRECT
1710983.984 DISPLAY_TEXT BLOCK.TRIAL.RECORDING.DISPLAY_TEXT (BEGIN) 
1711002.650 DISPLAY_TEXT BLOCK.TRIAL.RECORDING.DISPLAY_TEXT
1727611.068 KEYBOARD_TEXT BLOCK.TRIAL.RECORDING.KEYBOARD_TEXT
1727611.730 SET_SENTENCE_RT BLOCK.TRIAL.RECORDING.SET_SENTENCE_RT
1727611.827 CHECK_QUESTION BLOCK.TRIAL.RECORDING.CHECK_QUESTION_TRUE
1727613.755 DISPLAY_BLANK BLOCK.TRIAL.RECORDING.DISPLAY_BLANK (BEGIN) 
1727628.058 DISPLAY_BLANK BLOCK.TRIAL.RECORDING.DISPLAY_BLANK
1727628.587 ADD_TO_RESULTS_FILE BLOCK.TRIAL.RECORDING.ADD_TO_RESULTS_FILE
1727714.100 SetValueAction 
1727714.133 SetValueAction 
1727714.160 SetValueAction 
1727714.185 SetValueAction 
1727714.210 SetValueAction 
1727714.236 SetValueAction 
1727714.663 CHECK_NEW_BLOCK BLOCK.TRIAL.CHECK_NEW_BLOCK_TRUE
1727715.047 RESET_VARS BLOCK.TRIAL.RESET_VARS
1728104.174 PREPARE_SEQUENCE BLOCK.TRIAL.PREPARE_SEQUENCE
1729343.932 DRIFT_CORRECT BLOCK.TRIAL.DRIFT_CORRECT
1729462.181 DISPLAY_TEXT BLOCK.TRIAL.RECORDING.DISPLAY_TEXT (BEGIN) 
1729493.460 DISPLAY_TEXT BLOCK.TRIAL.RECORDING.DISPLAY_TEXT
1760043.259 TRACKER_TIME 21 4197922.322
1760043.403 KEYBOARD_TEXT BLOCK.TRIAL.RECORDING.KEYBOARD_TEXT
1760043.873 SET_SENTENCE_RT BLOCK.TRIAL.RECORDING.SET_SENTENCE_RT
1760043.948 CHECK_QUESTION BLOCK.TRIAL.RECORDING.CHECK_QUESTION_TRUE
1760045.829 DISPLAY_BLANK BLOCK.TRIAL.RECORDING.DISPLAY_BLANK (BEGIN) 
1760051.657 DISPLAY_BLANK BLOCK.TRIAL.RECORDING.DISPLAY_BLANK
1760052.262 ADD_TO_RESULTS_FILE BLOCK.TRIAL.RECORDING.ADD_TO_RESULTS_FILE
1760137.137 SetValueAction 
1760137.171 SetValueAction 
1760137.198 SetValueAction 
1760137.223 SetValueAction 
1760137.249 SetValueAction 
1760137.273 SetValueAction 
1760137.688 CHECK_NEW_BLOCK BLOCK.TRIAL.CHECK_NEW_BLOCK_TRUE
1760138.020 RESET_VARS BLOCK.TRIAL.RESET_VARS
1760516.870 PREPARE_SEQUENCE BLOCK.TRIAL.PREPARE_SEQUENCE
1761457.801 DRIFT_CORRECT BLOCK.TRIAL.DRIFT_CORRECT
1761574.091 DISPLAY_TEXT BLOCK.TRIAL.RECORDING.DISPLAY_TEXT (BEGIN) 
1761592.752 DISPLAY_TEXT BLOCK.TRIAL.RECORDING.DISPLAY_TEXT
1776601.415 KEYBOARD_TEXT BLOCK.TRIAL.RECORDING.KEYBOARD_TEXT
1776601.910 SET_SENTENCE_RT BLOCK.TRIAL.RECORDING.SET_SENTENCE_RT
1776602.007 CHECK_QUESTION BLOCK.TRIAL.RECORDING.CHECK_QUESTION_TRUE
1776603.990 DISPLAY_BLANK BLOCK.TRIAL.RECORDING.DISPLAY_BLANK (BEGIN) 
1776613.678 DISPLAY_BLANK BLOCK.TRIAL.RECORDING.DISPLAY_BLANK
1776614.272 ADD_TO_RESULTS_FILE BLOCK.TRIAL.RECORDING.ADD_TO_RESULTS_FILE
1776699.098 SetValueAction 
1776699.131 SetValueAction 
1776699.157 SetValueAction 
1776699.183 SetValueAction 
1776699.208 SetValueAction 
1776699.233 SetValueAction 
1776699.653 CHECK_NEW_BLOCK BLOCK.TRIAL.CHECK_NEW_BLOCK_TRUE
1776700.029 RESET_VARS BLOCK.TRIAL.RESET_VARS
1777128.311 PREPARE_SEQUENCE BLOCK.TRIAL.PREPARE_SEQUENCE
1782508.479 DRIFT_CORRECT BLOCK.TRIAL.DRIFT_CORRECT
1782625.147 DISPLAY_TEXT BLOCK.TRIAL.RECORDING.DISPLAY_TEXT (BEGIN) 
1782656.081 DISPLAY_TEXT BLOCK.TRIAL.RECORDING.DISPLAY_TEXT
1805311.229 KEYBOARD_TEXT BLOCK.TRIAL.RECORDING.KEYBOARD_TEXT
1805311.807 SET_SENTENCE_RT BLOCK.TRIAL.RECORDING.SET_SENTENCE_RT
1805311.912 CHECK_QUESTION BLOCK.TRIAL.RECORDING.CHECK_QUESTION_TRUE
1805313.833 DISPLAY_BLANK BLOCK.TRIAL.RECORDING.DISPLAY_BLANK (BEGIN) 
1805321.966 DISPLAY_BLANK BLOCK.TRIAL.RECORDING.DISPLAY_BLANK
1805322.628 ADD_TO_RESULTS_FILE BLOCK.TRIAL.RECORDING.ADD_TO_RESULTS_FILE
1805409.100 SetValueAction 
1805409.132 SetValueAction 
1805409.160 SetValueAction 
1805409.185 SetValueAction 
1805409.210 SetValueAction 
1805409.235 SetValueAction 
1805409.686 CHECK_NEW_BLOCK BLOCK.TRIAL.CHECK_NEW_BLOCK_TRUE
1805410.030 RESET_VARS BLOCK.TRIAL.RESET_VARS
1805826.095 PREPARE_SEQUENCE BLOCK.TRIAL.PREPARE_SEQUENCE
1808310.562 DRIFT_CORRECT BLOCK.TRIAL.DRIFT_CORRECT
1808426.124 DISPLAY_TEXT BLOCK.TRIAL.RECORDING.DISPLAY_TEXT (BEGIN) 
1808456.831 DISPLAY_TEXT BLOCK.TRIAL.RECORDING.DISPLAY_TEXT
1836800.259 TRACKER_TIME 22 4274677.625
1836800.373 KEYBOARD_TEXT BLOCK.TRIAL.RECORDING.KEYBOARD_TEXT
1836800.833 SET_SENTENCE_RT BLOCK.TRIAL.RECORDING.SET_SENTENCE_RT
1836800.897 CHECK_QUESTION BLOCK.TRIAL.RECORDING.CHECK_QUESTION_TRUE
1836802.698 DISPLAY_BLANK BLOCK.TRIAL.RECORDING.DISPLAY_BLANK (BEGIN) 
1836812.930 DISPLAY_BLANK BLOCK.TRIAL.RECORDING.DISPLAY_BLANK
1836813.562 ADD_TO_RESULTS_FILE BLOCK.TRIAL.RECORDING.ADD_TO_RESULTS_FILE
1836898.098 SetValueAction 
1836898.132 SetValueAction 
1836898.163 SetValueAction 
1836898.193 SetValueAction 
1836898.218 SetValueAction 
1836898.243 SetValueAction 
1836898.641 CHECK_NEW_BLOCK BLOCK.TRIAL.CHECK_NEW_BLOCK_TRUE
1836898.923 RESET_VARS BLOCK.TRIAL.RESET_VARS
1837312.374 PREPARE_SEQUENCE BLOCK.TRIAL.PREPARE_SEQUENCE
1839178.097 DRIFT_CORRECT BLOCK.TRIAL.DRIFT_CORRECT
1839296.643 DISPLAY_TEXT BLOCK.TRIAL.RECORDING.DISPLAY_TEXT (BEGIN) 
1839312.419 DISPLAY_TEXT BLOCK.TRIAL.RECORDING.DISPLAY_TEXT
1850202.135 KEYBOARD_TEXT BLOCK.TRIAL.RECORDING.KEYBOARD_TEXT
1850202.723 SET_SENTENCE_RT BLOCK.TRIAL.RECORDING.SET_SENTENCE_RT
1850202.852 CHECK_QUESTION BLOCK.TRIAL.RECORDING.CHECK_QUESTION_TRUE
1850204.788 DISPLAY_BLANK BLOCK.TRIAL.RECORDING.DISPLAY_BLANK (BEGIN) 
1850208.792 DISPLAY_BLANK BLOCK.TRIAL.RECORDING.DISPLAY_BLANK
1850209.366 ADD_TO_RESULTS_FILE BLOCK.TRIAL.RECORDING.ADD_TO_RESULTS_FILE
1850294.103 SetValueAction 
1850294.137 SetValueAction 
1850294.165 SetValueAction 
1850294.189 SetValueAction 
1850294.215 SetValueAction 
1850294.240 SetValueAction 
1850294.721 CHECK_NEW_BLOCK BLOCK.TRIAL.CHECK_NEW_BLOCK_TRUE
1850295.097 RESET_VARS BLOCK.TRIAL.RESET_VARS
1850669.340 PREPARE_SEQUENCE BLOCK.TRIAL.PREPARE_SEQUENCE
1851550.650 DRIFT_CORRECT BLOCK.TRIAL.DRIFT_CORRECT
1851665.359 DISPLAY_TEXT BLOCK.TRIAL.RECORDING.DISPLAY_TEXT (BEGIN) 
1851683.495 DISPLAY_TEXT BLOCK.TRIAL.RECORDING.DISPLAY_TEXT
1866713.237 KEYBOARD_TEXT BLOCK.TRIAL.RECORDING.KEYBOARD_TEXT
1866713.789 SET_SENTENCE_RT BLOCK.TRIAL.RECORDING.SET_SENTENCE_RT
1866713.913 CHECK_QUESTION BLOCK.TRIAL.RECORDING.CHECK_QUESTION_TRUE
1866715.854 DISPLAY_BLANK BLOCK.TRIAL.RECORDING.DISPLAY_BLANK (BEGIN) 
1866720.746 DISPLAY_BLANK BLOCK.TRIAL.RECORDING.DISPLAY_BLANK
1866721.421 ADD_TO_RESULTS_FILE BLOCK.TRIAL.RECORDING.ADD_TO_RESULTS_FILE
1866808.096 SetValueAction 
1866808.129 SetValueAction 
1866808.157 SetValueAction 
1866808.182 SetValueAction 
1866808.208 SetValueAction 
1866808.233 SetValueAction 
1866808.644 CHECK_NEW_BLOCK BLOCK.TRIAL.CHECK_NEW_BLOCK_TRUE
1866809.022 RESET_VARS BLOCK.TRIAL.RESET_VARS
1867188.346 PREPARE_SEQUENCE BLOCK.TRIAL.PREPARE_SEQUENCE
1868243.019 DRIFT_CORRECT BLOCK.TRIAL.DRIFT_CORRECT
1868362.899 DISPLAY_TEXT BLOCK.TRIAL.RECORDING.DISPLAY_TEXT (BEGIN) 
1868385.696 DISPLAY_TEXT BLOCK.TRIAL.RECORDING.DISPLAY_TEXT
1885100.386 KEYBOARD_TEXT BLOCK.TRIAL.RECORDING.KEYBOARD_TEXT
1885100.986 SET_SENTENCE_RT BLOCK.TRIAL.RECORDING.SET_SENTENCE_RT
1885101.050 CHECK_QUESTION BLOCK.TRIAL.RECORDING.CHECK_QUESTION_TRUE
1885102.939 DISPLAY_BLANK BLOCK.TRIAL.RECORDING.DISPLAY_BLANK (BEGIN) 
1885115.729 DISPLAY_BLANK BLOCK.TRIAL.RECORDING.DISPLAY_BLANK
1885116.297 ADD_TO_RESULTS_FILE BLOCK.TRIAL.RECORDING.ADD_TO_RESULTS_FILE
1885201.100 SetValueAction 
1885201.133 SetValueAction 
1885201.160 SetValueAction 
1885201.185 SetValueAction 
1885201.210 SetValueAction 
1885201.235 SetValueAction 
1885201.648 CHECK_NEW_BLOCK BLOCK.TRIAL.CHECK_NEW_BLOCK_TRUE
1885202.003 RESET_VARS BLOCK.TRIAL.RESET_VARS
1885615.578 PREPARE_SEQUENCE BLOCK.TRIAL.PREPARE_SEQUENCE
1886601.227 DRIFT_CORRECT BLOCK.TRIAL.DRIFT_CORRECT
1886717.844 DISPLAY_TEXT BLOCK.TRIAL.RECORDING.DISPLAY_TEXT (BEGIN) 
1886751.764 DISPLAY_TEXT BLOCK.TRIAL.RECORDING.DISPLAY_TEXT
1914514.622 TRACKER_TIME 23 4352390.291
1914514.734 KEYBOARD_TEXT BLOCK.TRIAL.RECORDING.KEYBOARD_TEXT
1914515.291 SET_SENTENCE_RT BLOCK.TRIAL.RECORDING.SET_SENTENCE_RT
1914515.433 CHECK_QUESTION BLOCK.TRIAL.RECORDING.CHECK_QUESTION_TRUE
1914517.328 DISPLAY_BLANK BLOCK.TRIAL.RECORDING.DISPLAY_BLANK (BEGIN) 
1914523.613 DISPLAY_BLANK BLOCK.TRIAL.RECORDING.DISPLAY_BLANK
1914524.180 ADD_TO_RESULTS_FILE BLOCK.TRIAL.RECORDING.ADD_TO_RESULTS_FILE
1914611.099 SetValueAction 
1914611.133 SetValueAction 
1914611.160 SetValueAction 
1914611.186 SetValueAction 
1914611.212 SetValueAction 
1914611.237 SetValueAction 
1914611.645 CHECK_NEW_BLOCK BLOCK.TRIAL.CHECK_NEW_BLOCK_TRUE
1914611.997 RESET_VARS BLOCK.TRIAL.RESET_VARS
1915026.114 PREPARE_SEQUENCE BLOCK.TRIAL.PREPARE_SEQUENCE
1916277.292 DRIFT_CORRECT BLOCK.TRIAL.DRIFT_CORRECT
1916397.899 DISPLAY_TEXT BLOCK.TRIAL.RECORDING.DISPLAY_TEXT (BEGIN) 
1916419.076 DISPLAY_TEXT BLOCK.TRIAL.RECORDING.DISPLAY_TEXT
1938436.058 KEYBOARD_TEXT BLOCK.TRIAL.RECORDING.KEYBOARD_TEXT
1938436.733 SET_SENTENCE_RT BLOCK.TRIAL.RECORDING.SET_SENTENCE_RT
1938436.878 CHECK_QUESTION BLOCK.TRIAL.RECORDING.CHECK_QUESTION_TRUE
1938438.780 DISPLAY_BLANK BLOCK.TRIAL.RECORDING.DISPLAY_BLANK (BEGIN) 
1938450.239 DISPLAY_BLANK BLOCK.TRIAL.RECORDING.DISPLAY_BLANK
1938450.887 ADD_TO_RESULTS_FILE BLOCK.TRIAL.RECORDING.ADD_TO_RESULTS_FILE
1938536.100 SetValueAction 
1938536.133 SetValueAction 
1938536.160 SetValueAction 
1938536.186 SetValueAction 
1938536.212 SetValueAction 
1938536.258 SetValueAction 
1938536.696 CHECK_NEW_BLOCK BLOCK.TRIAL.CHECK_NEW_BLOCK_TRUE
1938536.996 RESET_VARS BLOCK.TRIAL.RESET_VARS
1938951.839 PREPARE_SEQUENCE BLOCK.TRIAL.PREPARE_SEQUENCE
1939983.084 DRIFT_CORRECT BLOCK.TRIAL.DRIFT_CORRECT
1940101.639 DISPLAY_TEXT BLOCK.TRIAL.RECORDING.DISPLAY_TEXT (BEGIN) 
1940131.909 DISPLAY_TEXT BLOCK.TRIAL.RECORDING.DISPLAY_TEXT
1972945.107 KEYBOARD_TEXT BLOCK.TRIAL.RECORDING.KEYBOARD_TEXT
1972945.844 SET_SENTENCE_RT BLOCK.TRIAL.RECORDING.SET_SENTENCE_RT
1972946.088 CHECK_QUESTION BLOCK.TRIAL.RECORDING.CHECK_QUESTION_FALSE
1972949.255 DISPLAY_QUESTION BLOCK.TRIAL.RECORDING.DISPLAY_QUESTION (BEGIN) 
1972956.729 DISPLAY_QUESTION BLOCK.TRIAL.RECORDING.DISPLAY_QUESTION
1978896.032 TRACKER_TIME 24 4416770.332
1978896.131 KEYBOARD_QUESTION BLOCK.TRIAL.RECORDING.KEYBOARD_QUESTION
1978896.472 CHECK_RESPONSE_BUTTON BLOCK.TRIAL.RECORDING.CHECK_RESPONSE_BUTTON_TRUE
1978897.080 SET_VARS_CORRECT BLOCK.TRIAL.RECORDING.SET_VARS_CORRECT
1978898.898 DISPLAY_BLANK BLOCK.TRIAL.RECORDING.DISPLAY_BLANK (BEGIN) 
1978905.453 DISPLAY_BLANK BLOCK.TRIAL.RECORDING.DISPLAY_BLANK
1978906.010 ADD_TO_RESULTS_FILE BLOCK.TRIAL.RECORDING.ADD_TO_RESULTS_FILE
1978991.110 SetValueAction 
1978991.145 SetValueAction 
1978991.177 SetValueAction 
1978991.205 SetValueAction 
1978991.231 SetValueAction 
1978991.257 SetValueAction 
1978991.629 CHECK_NEW_BLOCK BLOCK.TRIAL.CHECK_NEW_BLOCK_TRUE
1978991.947 RESET_VARS BLOCK.TRIAL.RESET_VARS
1979398.072 PREPARE_SEQUENCE BLOCK.TRIAL.PREPARE_SEQUENCE
1980715.143 DRIFT_CORRECT BLOCK.TRIAL.DRIFT_CORRECT
1980829.883 DISPLAY_TEXT BLOCK.TRIAL.RECORDING.DISPLAY_TEXT (BEGIN) 
1980858.924 DISPLAY_TEXT BLOCK.TRIAL.RECORDING.DISPLAY_TEXT
2009866.429 KEYBOARD_TEXT BLOCK.TRIAL.RECORDING.KEYBOARD_TEXT
2009867.051 SET_SENTENCE_RT BLOCK.TRIAL.RECORDING.SET_SENTENCE_RT
2009867.223 CHECK_QUESTION BLOCK.TRIAL.RECORDING.CHECK_QUESTION_FALSE
2009870.133 DISPLAY_QUESTION BLOCK.TRIAL.RECORDING.DISPLAY_QUESTION (BEGIN) 
2009879.449 DISPLAY_QUESTION BLOCK.TRIAL.RECORDING.DISPLAY_QUESTION
2013015.294 KEYBOARD_QUESTION BLOCK.TRIAL.RECORDING.KEYBOARD_QUESTION
2013015.600 CHECK_RESPONSE_BUTTON BLOCK.TRIAL.RECORDING.CHECK_RESPONSE_BUTTON_TRUE
2013016.074 SET_VARS_CORRECT BLOCK.TRIAL.RECORDING.SET_VARS_CORRECT
2013017.976 DISPLAY_BLANK BLOCK.TRIAL.RECORDING.DISPLAY_BLANK (BEGIN) 
2013028.592 DISPLAY_BLANK BLOCK.TRIAL.RECORDING.DISPLAY_BLANK
2013029.229 ADD_TO_RESULTS_FILE BLOCK.TRIAL.RECORDING.ADD_TO_RESULTS_FILE
2013114.101 SetValueAction 
2013114.134 SetValueAction 
2013114.162 SetValueAction 
2013114.188 SetValueAction 
2013114.213 SetValueAction 
2013114.237 SetValueAction 
2013114.660 CHECK_NEW_BLOCK BLOCK.TRIAL.CHECK_NEW_BLOCK_TRUE
2013115.004 RESET_VARS BLOCK.TRIAL.RESET_VARS
2013523.238 PREPARE_SEQUENCE BLOCK.TRIAL.PREPARE_SEQUENCE
2014521.968 DRIFT_CORRECT BLOCK.TRIAL.DRIFT_CORRECT
2014636.900 DISPLAY_TEXT BLOCK.TRIAL.RECORDING.DISPLAY_TEXT (BEGIN) 
2014648.746 DISPLAY_TEXT BLOCK.TRIAL.RECORDING.DISPLAY_TEXT
2025259.478 KEYBOARD_TEXT BLOCK.TRIAL.RECORDING.KEYBOARD_TEXT
2025260.034 SET_SENTENCE_RT BLOCK.TRIAL.RECORDING.SET_SENTENCE_RT
2025260.134 CHECK_QUESTION BLOCK.TRIAL.RECORDING.CHECK_QUESTION_TRUE
2025261.990 DISPLAY_BLANK BLOCK.TRIAL.RECORDING.DISPLAY_BLANK (BEGIN) 
2025275.175 DISPLAY_BLANK BLOCK.TRIAL.RECORDING.DISPLAY_BLANK
2025275.771 ADD_TO_RESULTS_FILE BLOCK.TRIAL.RECORDING.ADD_TO_RESULTS_FILE
2025360.099 SetValueAction 
2025360.133 SetValueAction 
2025360.159 SetValueAction 
2025360.185 SetValueAction 
2025360.209 SetValueAction 
2025360.234 SetValueAction 
2025360.659 CHECK_NEW_BLOCK BLOCK.TRIAL.CHECK_NEW_BLOCK_TRUE
2025361.039 RESET_VARS BLOCK.TRIAL.RESET_VARS
2025754.330 PREPARE_SEQUENCE BLOCK.TRIAL.PREPARE_SEQUENCE
2027129.036 DRIFT_CORRECT BLOCK.TRIAL.DRIFT_CORRECT
2027244.961 DISPLAY_TEXT BLOCK.TRIAL.RECORDING.DISPLAY_TEXT (BEGIN) 
2027273.355 DISPLAY_TEXT BLOCK.TRIAL.RECORDING.DISPLAY_TEXT
2061717.163 TRACKER_TIME 25 4499589.569
2061717.334 KEYBOARD_TEXT BLOCK.TRIAL.RECORDING.KEYBOARD_TEXT
2061717.856 SET_SENTENCE_RT BLOCK.TRIAL.RECORDING.SET_SENTENCE_RT
2061718.042 CHECK_QUESTION BLOCK.TRIAL.RECORDING.CHECK_QUESTION_FALSE
2061720.812 DISPLAY_QUESTION BLOCK.TRIAL.RECORDING.DISPLAY_QUESTION (BEGIN) 
2061731.150 DISPLAY_QUESTION BLOCK.TRIAL.RECORDING.DISPLAY_QUESTION
2064044.145 KEYBOARD_QUESTION BLOCK.TRIAL.RECORDING.KEYBOARD_QUESTION
2064044.425 CHECK_RESPONSE_BUTTON BLOCK.TRIAL.RECORDING.CHECK_RESPONSE_BUTTON_TRUE
2064044.929 SET_VARS_CORRECT BLOCK.TRIAL.RECORDING.SET_VARS_CORRECT
2064048.649 DISPLAY_BLANK BLOCK.TRIAL.RECORDING.DISPLAY_BLANK (BEGIN) 
2064064.046 DISPLAY_BLANK BLOCK.TRIAL.RECORDING.DISPLAY_BLANK
2064064.586 ADD_TO_RESULTS_FILE BLOCK.TRIAL.RECORDING.ADD_TO_RESULTS_FILE
2064150.102 SetValueAction 
2064150.136 SetValueAction 
2064150.163 SetValueAction 
2064150.189 SetValueAction 
2064150.214 SetValueAction 
2064150.240 SetValueAction 
2064150.661 CHECK_NEW_BLOCK BLOCK.TRIAL.CHECK_NEW_BLOCK_TRUE
2064151.029 RESET_VARS BLOCK.TRIAL.RESET_VARS
2064562.133 PREPARE_SEQUENCE BLOCK.TRIAL.PREPARE_SEQUENCE
2065625.464 DRIFT_CORRECT BLOCK.TRIAL.DRIFT_CORRECT
2065743.239 DISPLAY_TEXT BLOCK.TRIAL.RECORDING.DISPLAY_TEXT (BEGIN) 
2065768.742 DISPLAY_TEXT BLOCK.TRIAL.RECORDING.DISPLAY_TEXT
2090792.551 KEYBOARD_TEXT BLOCK.TRIAL.RECORDING.KEYBOARD_TEXT
2090793.179 SET_SENTENCE_RT BLOCK.TRIAL.RECORDING.SET_SENTENCE_RT
2090793.296 CHECK_QUESTION BLOCK.TRIAL.RECORDING.CHECK_QUESTION_TRUE
2090795.225 DISPLAY_BLANK BLOCK.TRIAL.RECORDING.DISPLAY_BLANK (BEGIN) 
2090806.081 DISPLAY_BLANK BLOCK.TRIAL.RECORDING.DISPLAY_BLANK
2090806.706 ADD_TO_RESULTS_FILE BLOCK.TRIAL.RECORDING.ADD_TO_RESULTS_FILE
2090893.105 SetValueAction 
2090893.139 SetValueAction 
2090893.168 SetValueAction 
2090893.194 SetValueAction 
2090893.220 SetValueAction 
2090893.245 SetValueAction 
2090893.593 CHECK_NEW_BLOCK BLOCK.TRIAL.CHECK_NEW_BLOCK_TRUE
2090893.930 RESET_VARS BLOCK.TRIAL.RESET_VARS
2091320.010 PREPARE_SEQUENCE BLOCK.TRIAL.PREPARE_SEQUENCE
2093833.042 DRIFT_CORRECT BLOCK.TRIAL.DRIFT_CORRECT
2093947.238 DISPLAY_TEXT BLOCK.TRIAL.RECORDING.DISPLAY_TEXT (BEGIN) 
2093966.277 DISPLAY_TEXT BLOCK.TRIAL.RECORDING.DISPLAY_TEXT
2116137.535 KEYBOARD_TEXT BLOCK.TRIAL.RECORDING.KEYBOARD_TEXT
2116138.101 SET_SENTENCE_RT BLOCK.TRIAL.RECORDING.SET_SENTENCE_RT
2116138.249 CHECK_QUESTION BLOCK.TRIAL.RECORDING.CHECK_QUESTION_TRUE
2116140.104 DISPLAY_BLANK BLOCK.TRIAL.RECORDING.DISPLAY_BLANK (BEGIN) 
2116148.660 DISPLAY_BLANK BLOCK.TRIAL.RECORDING.DISPLAY_BLANK
2116149.254 ADD_TO_RESULTS_FILE BLOCK.TRIAL.RECORDING.ADD_TO_RESULTS_FILE
2116234.126 SetValueAction 
2116234.159 SetValueAction 
2116234.186 SetValueAction 
2116234.211 SetValueAction 
2116234.237 SetValueAction 
2116234.262 SetValueAction 
2116234.646 CHECK_NEW_BLOCK BLOCK.TRIAL.CHECK_NEW_BLOCK_TRUE
2116235.003 RESET_VARS BLOCK.TRIAL.RESET_VARS
2116678.229 PREPARE_SEQUENCE BLOCK.TRIAL.PREPARE_SEQUENCE
2120086.294 DRIFT_CORRECT BLOCK.TRIAL.DRIFT_CORRECT
2120200.916 DISPLAY_TEXT BLOCK.TRIAL.RECORDING.DISPLAY_TEXT (BEGIN) 
2120228.544 DISPLAY_TEXT BLOCK.TRIAL.RECORDING.DISPLAY_TEXT
2149244.653 TRACKER_TIME 26 4587115.179
2149244.764 KEYBOARD_TEXT BLOCK.TRIAL.RECORDING.KEYBOARD_TEXT
2149245.485 SET_SENTENCE_RT BLOCK.TRIAL.RECORDING.SET_SENTENCE_RT
2149245.611 CHECK_QUESTION BLOCK.TRIAL.RECORDING.CHECK_QUESTION_TRUE
2149247.718 DISPLAY_BLANK BLOCK.TRIAL.RECORDING.DISPLAY_BLANK (BEGIN) 
2149255.724 DISPLAY_BLANK BLOCK.TRIAL.RECORDING.DISPLAY_BLANK
2149256.345 ADD_TO_RESULTS_FILE BLOCK.TRIAL.RECORDING.ADD_TO_RESULTS_FILE
2149341.132 SetValueAction 
2149341.165 SetValueAction 
2149341.193 SetValueAction 
2149341.222 SetValueAction 
2149341.248 SetValueAction 
2149341.273 SetValueAction 
2149341.715 CHECK_NEW_BLOCK BLOCK.TRIAL.CHECK_NEW_BLOCK_TRUE
2149342.068 RESET_VARS BLOCK.TRIAL.RESET_VARS
2149750.988 PREPARE_SEQUENCE BLOCK.TRIAL.PREPARE_SEQUENCE
2150963.496 DRIFT_CORRECT BLOCK.TRIAL.DRIFT_CORRECT
2151079.835 DISPLAY_TEXT BLOCK.TRIAL.RECORDING.DISPLAY_TEXT (BEGIN) 
2151088.546 DISPLAY_TEXT BLOCK.TRIAL.RECORDING.DISPLAY_TEXT
2153779.821 KEYBOARD_TEXT BLOCK.TRIAL.RECORDING.KEYBOARD_TEXT
2153780.438 SET_SENTENCE_RT BLOCK.TRIAL.RECORDING.SET_SENTENCE_RT
2153780.633 CHECK_QUESTION BLOCK.TRIAL.RECORDING.CHECK_QUESTION_TRUE
2153782.452 DISPLAY_BLANK BLOCK.TRIAL.RECORDING.DISPLAY_BLANK (BEGIN) 
2153787.615 DISPLAY_BLANK BLOCK.TRIAL.RECORDING.DISPLAY_BLANK
2153788.180 ADD_TO_RESULTS_FILE BLOCK.TRIAL.RECORDING.ADD_TO_RESULTS_FILE
2153873.136 SetValueAction 
2153873.170 SetValueAction 
2153873.197 SetValueAction 
2153873.224 SetValueAction 
2153873.250 SetValueAction 
2153873.275 SetValueAction 
2153873.688 CHECK_NEW_BLOCK BLOCK.TRIAL.CHECK_NEW_BLOCK_TRUE
2153873.995 RESET_VARS BLOCK.TRIAL.RESET_VARS
2154259.384 PREPARE_SEQUENCE BLOCK.TRIAL.PREPARE_SEQUENCE
2155221.151 DRIFT_CORRECT BLOCK.TRIAL.DRIFT_CORRECT
2155344.958 DISPLAY_TEXT BLOCK.TRIAL.RECORDING.DISPLAY_TEXT (BEGIN) 
2155353.989 DISPLAY_TEXT BLOCK.TRIAL.RECORDING.DISPLAY_TEXT
2156714.884 KEYBOARD_TEXT BLOCK.TRIAL.RECORDING.KEYBOARD_TEXT
2156715.448 SET_SENTENCE_RT BLOCK.TRIAL.RECORDING.SET_SENTENCE_RT
2156715.540 CHECK_QUESTION BLOCK.TRIAL.RECORDING.CHECK_QUESTION_TRUE
2156717.501 DISPLAY_BLANK BLOCK.TRIAL.RECORDING.DISPLAY_BLANK (BEGIN) 
2156719.989 DISPLAY_BLANK BLOCK.TRIAL.RECORDING.DISPLAY_BLANK
2156720.586 ADD_TO_RESULTS_FILE BLOCK.TRIAL.RECORDING.ADD_TO_RESULTS_FILE
2156805.105 SetValueAction 
2156805.138 SetValueAction 
2156805.166 SetValueAction 
2156805.192 SetValueAction 
2156805.217 SetValueAction 
2156805.242 SetValueAction 
2156805.679 CHECK_NEW_BLOCK BLOCK.TRIAL.CHECK_NEW_BLOCK_TRUE
2156805.997 RESET_VARS BLOCK.TRIAL.RESET_VARS
2157224.982 PREPARE_SEQUENCE BLOCK.TRIAL.PREPARE_SEQUENCE
2159554.426 DRIFT_CORRECT BLOCK.TRIAL.DRIFT_CORRECT
2159670.629 DISPLAY_TEXT BLOCK.TRIAL.RECORDING.DISPLAY_TEXT (BEGIN) 
2159689.573 DISPLAY_TEXT BLOCK.TRIAL.RECORDING.DISPLAY_TEXT
2180080.488 KEYBOARD_TEXT BLOCK.TRIAL.RECORDING.KEYBOARD_TEXT
2180081.036 SET_SENTENCE_RT BLOCK.TRIAL.RECORDING.SET_SENTENCE_RT
2180081.161 CHECK_QUESTION BLOCK.TRIAL.RECORDING.CHECK_QUESTION_TRUE
2180082.948 DISPLAY_BLANK BLOCK.TRIAL.RECORDING.DISPLAY_BLANK (BEGIN) 
2180097.068 DISPLAY_BLANK BLOCK.TRIAL.RECORDING.DISPLAY_BLANK
2180097.635 ADD_TO_RESULTS_FILE BLOCK.TRIAL.RECORDING.ADD_TO_RESULTS_FILE
2180184.094 SetValueAction 
2180184.127 SetValueAction 
2180184.155 SetValueAction 
2180184.180 SetValueAction 
2180184.206 SetValueAction 
2180184.231 SetValueAction 
2180184.631 CHECK_NEW_BLOCK BLOCK.TRIAL.CHECK_NEW_BLOCK_TRUE
2180184.926 RESET_VARS BLOCK.TRIAL.RESET_VARS
2180628.001 PREPARE_SEQUENCE BLOCK.TRIAL.PREPARE_SEQUENCE
2181531.186 DRIFT_CORRECT BLOCK.TRIAL.DRIFT_CORRECT
2181649.029 DISPLAY_TEXT BLOCK.TRIAL.RECORDING.DISPLAY_TEXT (BEGIN) 
2181665.410 DISPLAY_TEXT BLOCK.TRIAL.RECORDING.DISPLAY_TEXT
2194151.874 KEYBOARD_TEXT BLOCK.TRIAL.RECORDING.KEYBOARD_TEXT
2194152.489 SET_SENTENCE_RT BLOCK.TRIAL.RECORDING.SET_SENTENCE_RT
2194152.634 CHECK_QUESTION BLOCK.TRIAL.RECORDING.CHECK_QUESTION_TRUE
2194154.486 DISPLAY_BLANK BLOCK.TRIAL.RECORDING.DISPLAY_BLANK (BEGIN) 
2194159.264 DISPLAY_BLANK BLOCK.TRIAL.RECORDING.DISPLAY_BLANK
2194159.866 ADD_TO_RESULTS_FILE BLOCK.TRIAL.RECORDING.ADD_TO_RESULTS_FILE
2194244.097 SetValueAction 
2194244.129 SetValueAction 
2194244.156 SetValueAction 
2194244.181 SetValueAction 
2194244.207 SetValueAction 
2194244.232 SetValueAction 
2194244.647 CHECK_NEW_BLOCK BLOCK.TRIAL.CHECK_NEW_BLOCK_TRUE
2194244.980 RESET_VARS BLOCK.TRIAL.RESET_VARS
2194625.704 PREPARE_SEQUENCE BLOCK.TRIAL.PREPARE_SEQUENCE
2195494.171 DRIFT_CORRECT BLOCK.TRIAL.DRIFT_CORRECT
2195610.264 DISPLAY_TEXT BLOCK.TRIAL.RECORDING.DISPLAY_TEXT (BEGIN) 
2195625.954 DISPLAY_TEXT BLOCK.TRIAL.RECORDING.DISPLAY_TEXT
2205591.722 KEYBOARD_TEXT BLOCK.TRIAL.RECORDING.KEYBOARD_TEXT
2205592.338 SET_SENTENCE_RT BLOCK.TRIAL.RECORDING.SET_SENTENCE_RT
2205592.432 CHECK_QUESTION BLOCK.TRIAL.RECORDING.CHECK_QUESTION_TRUE
2205594.478 DISPLAY_BLANK BLOCK.TRIAL.RECORDING.DISPLAY_BLANK (BEGIN) 
2205606.271 DISPLAY_BLANK BLOCK.TRIAL.RECORDING.DISPLAY_BLANK
2205606.822 ADD_TO_RESULTS_FILE BLOCK.TRIAL.RECORDING.ADD_TO_RESULTS_FILE
2205691.141 SetValueAction 
2205691.174 SetValueAction 
2205691.202 SetValueAction 
2205691.227 SetValueAction 
2205691.253 SetValueAction 
2205691.278 SetValueAction 
2205691.730 CHECK_NEW_BLOCK BLOCK.TRIAL.CHECK_NEW_BLOCK_TRUE
2205692.084 RESET_VARS BLOCK.TRIAL.RESET_VARS
2206098.891 PREPARE_SEQUENCE BLOCK.TRIAL.PREPARE_SEQUENCE
2207262.505 DRIFT_CORRECT BLOCK.TRIAL.DRIFT_CORRECT
2207377.108 DISPLAY_TEXT BLOCK.TRIAL.RECORDING.DISPLAY_TEXT (BEGIN) 
2207394.097 DISPLAY_TEXT BLOCK.TRIAL.RECORDING.DISPLAY_TEXT
2224196.147 TRACKER_TIME 27 4662064.991
2224196.308 KEYBOARD_TEXT BLOCK.TRIAL.RECORDING.KEYBOARD_TEXT
2224196.808 SET_SENTENCE_RT BLOCK.TRIAL.RECORDING.SET_SENTENCE_RT
2224196.995 CHECK_QUESTION BLOCK.TRIAL.RECORDING.CHECK_QUESTION_FALSE
2224202.646 DISPLAY_QUESTION BLOCK.TRIAL.RECORDING.DISPLAY_QUESTION (BEGIN) 
2224217.632 DISPLAY_QUESTION BLOCK.TRIAL.RECORDING.DISPLAY_QUESTION
2227688.284 KEYBOARD_QUESTION BLOCK.TRIAL.RECORDING.KEYBOARD_QUESTION
2227688.613 CHECK_RESPONSE_BUTTON BLOCK.TRIAL.RECORDING.CHECK_RESPONSE_BUTTON_TRUE
2227689.211 SET_VARS_CORRECT BLOCK.TRIAL.RECORDING.SET_VARS_CORRECT
2227691.034 DISPLAY_BLANK BLOCK.TRIAL.RECORDING.DISPLAY_BLANK (BEGIN) 
2227699.701 DISPLAY_BLANK BLOCK.TRIAL.RECORDING.DISPLAY_BLANK
2227700.302 ADD_TO_RESULTS_FILE BLOCK.TRIAL.RECORDING.ADD_TO_RESULTS_FILE
2227787.099 SetValueAction 
2227787.132 SetValueAction 
2227787.160 SetValueAction 
2227787.185 SetValueAction 
2227787.211 SetValueAction 
2227787.236 SetValueAction 
2227787.662 CHECK_NEW_BLOCK BLOCK.TRIAL.CHECK_NEW_BLOCK_TRUE
2227788.004 RESET_VARS BLOCK.TRIAL.RESET_VARS
2228184.245 PREPARE_SEQUENCE BLOCK.TRIAL.PREPARE_SEQUENCE
2229142.094 DRIFT_CORRECT BLOCK.TRIAL.DRIFT_CORRECT
2229256.864 DISPLAY_TEXT BLOCK.TRIAL.RECORDING.DISPLAY_TEXT (BEGIN) 
2229275.205 DISPLAY_TEXT BLOCK.TRIAL.RECORDING.DISPLAY_TEXT
2245478.674 KEYBOARD_TEXT BLOCK.TRIAL.RECORDING.KEYBOARD_TEXT
2245479.260 SET_SENTENCE_RT BLOCK.TRIAL.RECORDING.SET_SENTENCE_RT
2245479.389 CHECK_QUESTION BLOCK.TRIAL.RECORDING.CHECK_QUESTION_TRUE
2245481.250 DISPLAY_BLANK BLOCK.TRIAL.RECORDING.DISPLAY_BLANK (BEGIN) 
2245494.784 DISPLAY_BLANK BLOCK.TRIAL.RECORDING.DISPLAY_BLANK
2245495.352 ADD_TO_RESULTS_FILE BLOCK.TRIAL.RECORDING.ADD_TO_RESULTS_FILE
2245580.097 SetValueAction 
2245580.130 SetValueAction 
2245580.157 SetValueAction 
2245580.183 SetValueAction 
2245580.208 SetValueAction 
2245580.234 SetValueAction 
2245580.636 CHECK_NEW_BLOCK BLOCK.TRIAL.CHECK_NEW_BLOCK_TRUE
2245580.966 RESET_VARS BLOCK.TRIAL.RESET_VARS
2245956.143 PREPARE_SEQUENCE BLOCK.TRIAL.PREPARE_SEQUENCE
2247035.796 DRIFT_CORRECT BLOCK.TRIAL.DRIFT_CORRECT
2247152.819 DISPLAY_TEXT BLOCK.TRIAL.RECORDING.DISPLAY_TEXT (BEGIN) 
2247176.238 DISPLAY_TEXT BLOCK.TRIAL.RECORDING.DISPLAY_TEXT
2270079.824 KEYBOARD_TEXT BLOCK.TRIAL.RECORDING.KEYBOARD_TEXT
2270080.282 SET_SENTENCE_RT BLOCK.TRIAL.RECORDING.SET_SENTENCE_RT
2270080.365 CHECK_QUESTION BLOCK.TRIAL.RECORDING.CHECK_QUESTION_TRUE
2270082.222 DISPLAY_BLANK BLOCK.TRIAL.RECORDING.DISPLAY_BLANK (BEGIN) 
2270087.362 DISPLAY_BLANK BLOCK.TRIAL.RECORDING.DISPLAY_BLANK
2270087.949 ADD_TO_RESULTS_FILE BLOCK.TRIAL.RECORDING.ADD_TO_RESULTS_FILE
2270175.097 SetValueAction 
2270175.130 SetValueAction 
2270175.157 SetValueAction 
2270175.182 SetValueAction 
2270175.207 SetValueAction 
2270175.233 SetValueAction 
2270175.659 CHECK_NEW_BLOCK BLOCK.TRIAL.CHECK_NEW_BLOCK_TRUE
2270176.000 RESET_VARS BLOCK.TRIAL.RESET_VARS
2270553.927 PREPARE_SEQUENCE BLOCK.TRIAL.PREPARE_SEQUENCE
2271410.503 DRIFT_CORRECT BLOCK.TRIAL.DRIFT_CORRECT
2271532.086 DISPLAY_TEXT BLOCK.TRIAL.RECORDING.DISPLAY_TEXT (BEGIN) 
2271557.475 DISPLAY_TEXT BLOCK.TRIAL.RECORDING.DISPLAY_TEXT
2297461.383 TRACKER_TIME 28 4735328.525
2297461.506 KEYBOARD_TEXT BLOCK.TRIAL.RECORDING.KEYBOARD_TEXT
2297462.046 SET_SENTENCE_RT BLOCK.TRIAL.RECORDING.SET_SENTENCE_RT
2297462.150 CHECK_QUESTION BLOCK.TRIAL.RECORDING.CHECK_QUESTION_TRUE
2297464.396 DISPLAY_BLANK BLOCK.TRIAL.RECORDING.DISPLAY_BLANK (BEGIN) 
2297479.811 DISPLAY_BLANK BLOCK.TRIAL.RECORDING.DISPLAY_BLANK
2297480.337 ADD_TO_RESULTS_FILE BLOCK.TRIAL.RECORDING.ADD_TO_RESULTS_FILE
2297566.100 SetValueAction 
2297566.133 SetValueAction 
2297566.160 SetValueAction 
2297566.186 SetValueAction 
2297566.212 SetValueAction 
2297566.237 SetValueAction 
2297566.694 CHECK_NEW_BLOCK BLOCK.TRIAL.CHECK_NEW_BLOCK_TRUE
2297567.018 RESET_VARS BLOCK.TRIAL.RESET_VARS
2297999.303 PREPARE_SEQUENCE BLOCK.TRIAL.PREPARE_SEQUENCE
2298994.011 DRIFT_CORRECT BLOCK.TRIAL.DRIFT_CORRECT
2299116.979 DISPLAY_TEXT BLOCK.TRIAL.RECORDING.DISPLAY_TEXT (BEGIN) 
2299146.272 DISPLAY_TEXT BLOCK.TRIAL.RECORDING.DISPLAY_TEXT
2318495.828 KEYBOARD_TEXT BLOCK.TRIAL.RECORDING.KEYBOARD_TEXT
2318496.442 SET_SENTENCE_RT BLOCK.TRIAL.RECORDING.SET_SENTENCE_RT
2318496.569 CHECK_QUESTION BLOCK.TRIAL.RECORDING.CHECK_QUESTION_TRUE
2318498.425 DISPLAY_BLANK BLOCK.TRIAL.RECORDING.DISPLAY_BLANK (BEGIN) 
2318506.749 DISPLAY_BLANK BLOCK.TRIAL.RECORDING.DISPLAY_BLANK
2318507.332 ADD_TO_RESULTS_FILE BLOCK.TRIAL.RECORDING.ADD_TO_RESULTS_FILE
2318594.100 SetValueAction 
2318594.133 SetValueAction 
2318594.161 SetValueAction 
2318594.186 SetValueAction 
2318594.211 SetValueAction 
2318594.236 SetValueAction 
2318594.664 CHECK_NEW_BLOCK BLOCK.TRIAL.CHECK_NEW_BLOCK_TRUE
2318595.035 RESET_VARS BLOCK.TRIAL.RESET_VARS
2319033.523 PREPARE_SEQUENCE BLOCK.TRIAL.PREPARE_SEQUENCE
2319789.519 DRIFT_CORRECT BLOCK.TRIAL.DRIFT_CORRECT
2319907.629 DISPLAY_TEXT BLOCK.TRIAL.RECORDING.DISPLAY_TEXT (BEGIN) 
2319923.294 DISPLAY_TEXT BLOCK.TRIAL.RECORDING.DISPLAY_TEXT
2330714.450 KEYBOARD_TEXT BLOCK.TRIAL.RECORDING.KEYBOARD_TEXT
2330714.978 SET_SENTENCE_RT BLOCK.TRIAL.RECORDING.SET_SENTENCE_RT
2330715.058 CHECK_QUESTION BLOCK.TRIAL.RECORDING.CHECK_QUESTION_TRUE
2330717.003 DISPLAY_BLANK BLOCK.TRIAL.RECORDING.DISPLAY_BLANK (BEGIN) 
2330719.631 DISPLAY_BLANK BLOCK.TRIAL.RECORDING.DISPLAY_BLANK
2330720.233 ADD_TO_RESULTS_FILE BLOCK.TRIAL.RECORDING.ADD_TO_RESULTS_FILE
2330805.101 SetValueAction 
2330805.134 SetValueAction 
2330805.165 SetValueAction 
2330805.213 SetValueAction 
2330805.255 SetValueAction 
2330805.281 SetValueAction 
2330805.739 CHECK_NEW_BLOCK BLOCK.TRIAL.CHECK_NEW_BLOCK_TRUE
2330806.100 RESET_VARS BLOCK.TRIAL.RESET_VARS
2331225.269 PREPARE_SEQUENCE BLOCK.TRIAL.PREPARE_SEQUENCE
2338345.305 DRIFT_CORRECT BLOCK.TRIAL.DRIFT_CORRECT
2338460.890 DISPLAY_TEXT BLOCK.TRIAL.RECORDING.DISPLAY_TEXT (BEGIN) 
2338480.395 DISPLAY_TEXT BLOCK.TRIAL.RECORDING.DISPLAY_TEXT
2356698.576 KEYBOARD_TEXT BLOCK.TRIAL.RECORDING.KEYBOARD_TEXT
2356699.248 SET_SENTENCE_RT BLOCK.TRIAL.RECORDING.SET_SENTENCE_RT
2356699.381 CHECK_QUESTION BLOCK.TRIAL.RECORDING.CHECK_QUESTION_TRUE
2356701.317 DISPLAY_BLANK BLOCK.TRIAL.RECORDING.DISPLAY_BLANK (BEGIN) 
2356712.501 DISPLAY_BLANK BLOCK.TRIAL.RECORDING.DISPLAY_BLANK
2356713.154 ADD_TO_RESULTS_FILE BLOCK.TRIAL.RECORDING.ADD_TO_RESULTS_FILE
2356800.096 SetValueAction 
2356800.129 SetValueAction 
2356800.161 SetValueAction 
2356800.188 SetValueAction 
2356800.213 SetValueAction 
2356800.238 SetValueAction 
2356800.629 CHECK_NEW_BLOCK BLOCK.TRIAL.CHECK_NEW_BLOCK_TRUE
2356800.889 RESET_VARS BLOCK.TRIAL.RESET_VARS
2357195.997 PREPARE_SEQUENCE BLOCK.TRIAL.PREPARE_SEQUENCE
2358564.948 TRACKER_TIME 29 4796430.716
2358565.168 DRIFT_CORRECT BLOCK.TRIAL.DRIFT_CORRECT
2358686.903 DISPLAY_TEXT BLOCK.TRIAL.RECORDING.DISPLAY_TEXT (BEGIN) 
2358707.522 DISPLAY_TEXT BLOCK.TRIAL.RECORDING.DISPLAY_TEXT
2378452.692 KEYBOARD_TEXT BLOCK.TRIAL.RECORDING.KEYBOARD_TEXT
2378453.480 SET_SENTENCE_RT BLOCK.TRIAL.RECORDING.SET_SENTENCE_RT
2378453.558 CHECK_QUESTION BLOCK.TRIAL.RECORDING.CHECK_QUESTION_TRUE
2378457.641 DISPLAY_BLANK BLOCK.TRIAL.RECORDING.DISPLAY_BLANK (BEGIN) 
2378473.038 DISPLAY_BLANK BLOCK.TRIAL.RECORDING.DISPLAY_BLANK
2378473.628 ADD_TO_RESULTS_FILE BLOCK.TRIAL.RECORDING.ADD_TO_RESULTS_FILE
2378558.150 SetValueAction 
2378558.200 SetValueAction 
2378558.245 SetValueAction 
2378558.287 SetValueAction 
2378558.329 SetValueAction 
2378558.371 SetValueAction 
2378558.933 CHECK_NEW_BLOCK BLOCK.TRIAL.CHECK_NEW_BLOCK_TRUE
2378559.403 RESET_VARS BLOCK.TRIAL.RESET_VARS
2378994.051 PREPARE_SEQUENCE BLOCK.TRIAL.PREPARE_SEQUENCE
2380264.616 DRIFT_CORRECT BLOCK.TRIAL.DRIFT_CORRECT
2380381.752 DISPLAY_TEXT BLOCK.TRIAL.RECORDING.DISPLAY_TEXT (BEGIN) 
2380398.615 DISPLAY_TEXT BLOCK.TRIAL.RECORDING.DISPLAY_TEXT
2391595.600 KEYBOARD_TEXT BLOCK.TRIAL.RECORDING.KEYBOARD_TEXT
2391596.259 SET_SENTENCE_RT BLOCK.TRIAL.RECORDING.SET_SENTENCE_RT
2391596.367 CHECK_QUESTION BLOCK.TRIAL.RECORDING.CHECK_QUESTION_TRUE
2391598.256 DISPLAY_BLANK BLOCK.TRIAL.RECORDING.DISPLAY_BLANK (BEGIN) 
2391602.056 DISPLAY_BLANK BLOCK.TRIAL.RECORDING.DISPLAY_BLANK
2391602.636 ADD_TO_RESULTS_FILE BLOCK.TRIAL.RECORDING.ADD_TO_RESULTS_FILE
2391687.103 SetValueAction 
2391687.136 SetValueAction 
2391687.163 SetValueAction 
2391687.188 SetValueAction 
2391687.214 SetValueAction 
2391687.240 SetValueAction 
2391687.644 CHECK_NEW_BLOCK BLOCK.TRIAL.CHECK_NEW_BLOCK_TRUE
2391688.008 RESET_VARS BLOCK.TRIAL.RESET_VARS
2392118.001 PREPARE_SEQUENCE BLOCK.TRIAL.PREPARE_SEQUENCE
2392971.371 DRIFT_CORRECT BLOCK.TRIAL.DRIFT_CORRECT
2393093.740 DISPLAY_TEXT BLOCK.TRIAL.RECORDING.DISPLAY_TEXT (BEGIN) 
2393112.554 DISPLAY_TEXT BLOCK.TRIAL.RECORDING.DISPLAY_TEXT
2408892.620 KEYBOARD_TEXT BLOCK.TRIAL.RECORDING.KEYBOARD_TEXT
2408893.244 SET_SENTENCE_RT BLOCK.TRIAL.RECORDING.SET_SENTENCE_RT
2408893.341 CHECK_QUESTION BLOCK.TRIAL.RECORDING.CHECK_QUESTION_TRUE
2408898.633 DISPLAY_BLANK BLOCK.TRIAL.RECORDING.DISPLAY_BLANK (BEGIN) 
2408914.197 DISPLAY_BLANK BLOCK.TRIAL.RECORDING.DISPLAY_BLANK
2408914.713 ADD_TO_RESULTS_FILE BLOCK.TRIAL.RECORDING.ADD_TO_RESULTS_FILE
2409001.101 SetValueAction 
2409001.134 SetValueAction 
2409001.162 SetValueAction 
2409001.188 SetValueAction 
2409001.213 SetValueAction 
2409001.238 SetValueAction 
2409001.673 CHECK_NEW_BLOCK BLOCK.TRIAL.CHECK_NEW_BLOCK_FALSE
2409004.455 NEW_COUNTERBALANCE_BREAK BLOCK.TRIAL.NEW_COUNTERBALANCE_BREAK (BEGIN) 
2409013.943 NEW_COUNTERBALANCE_BREAK BLOCK.TRIAL.NEW_COUNTERBALANCE_BREAK
2524114.206 TRACKER_TIME 30 4961976.440
2524114.320 KEYBOARD[1] BLOCK.TRIAL.KEYBOARD[1]
el_logger: Quit logger.
******** END OF THE LOG FILE ********
