18907.173 ********************************************************
18907.292 ** Session beginning Tuesday November 23, 2021 01:57:18 AM **
18907.303 ** ExperimentBuilder Project : P04 **
18907.309 ** ExperimentBuilder Version : 2.3.38 **
18907.332 ** ExperimentBuilder Build   : Jul 30 2020 **
18907.340 ********************************************************
18907.349 TRACKER_TIME 0 668721.840
19337.915 SETUP_INSTRUCTIONS SETUP_INSTRUCTIONS (BEGIN) 
19348.022 SETUP_INSTRUCTIONS SETUP_INSTRUCTIONS
108458.481 TRACKER_TIME 1 758271.125
108458.594 KEYBOARD KEYBOARD
287374.959 TRACKER_TIME 2 937183.432
287375.003 EL_CAMERA_SETUP EL_CAMERA_SETUP
287412.157 EXPERIMENTAL__FIRST_BLOCK_INSTRUCTIONS BLOCK.EXPERIMENTAL__FIRST_BLOCK_INSTRUCTIONS (BEGIN) 
287420.478 EXPERIMENTAL__FIRST_BLOCK_INSTRUCTIONS BLOCK.EXPERIMENTAL__FIRST_BLOCK_INSTRUCTIONS
316666.265 KEYBOARD BLOCK.KEYBOARD
316666.429 SetValueAction 
316666.456 SetValueAction 
316666.484 SetValueAction 
316666.509 SetValueAction 
316666.534 SetValueAction 
316666.559 SetValueAction 
316667.012 CHECK_NEW_BLOCK BLOCK.TRIAL.CHECK_NEW_BLOCK_TRUE
316667.343 RESET_VARS BLOCK.TRIAL.RESET_VARS
317070.520 PREPARE_SEQUENCE BLOCK.TRIAL.PREPARE_SEQUENCE
333127.290 DRIFT_CORRECT BLOCK.TRIAL.DRIFT_CORRECT
333245.799 DISPLAY_TEXT BLOCK.TRIAL.RECORDING.DISPLAY_TEXT (BEGIN) 
333257.389 DISPLAY_TEXT BLOCK.TRIAL.RECORDING.DISPLAY_TEXT
337152.212 KEYBOARD_TEXT BLOCK.TRIAL.RECORDING.KEYBOARD_TEXT
337152.832 SET_SENTENCE_RT BLOCK.TRIAL.RECORDING.SET_SENTENCE_RT
337152.932 CHECK_QUESTION BLOCK.TRIAL.RECORDING.CHECK_QUESTION_TRUE
337157.629 DISPLAY_BLANK BLOCK.TRIAL.RECORDING.DISPLAY_BLANK (BEGIN) 
337173.088 DISPLAY_BLANK BLOCK.TRIAL.RECORDING.DISPLAY_BLANK
337173.658 ADD_TO_RESULTS_FILE BLOCK.TRIAL.RECORDING.ADD_TO_RESULTS_FILE
337258.133 SetValueAction 
337258.165 SetValueAction 
337258.192 SetValueAction 
337258.217 SetValueAction 
337258.242 SetValueAction 
337258.267 SetValueAction 
337258.678 CHECK_NEW_BLOCK BLOCK.TRIAL.CHECK_NEW_BLOCK_TRUE
337259.027 RESET_VARS BLOCK.TRIAL.RESET_VARS
337628.729 PREPARE_SEQUENCE BLOCK.TRIAL.PREPARE_SEQUENCE
340123.593 DRIFT_CORRECT BLOCK.TRIAL.DRIFT_CORRECT
340244.967 DISPLAY_TEXT BLOCK.TRIAL.RECORDING.DISPLAY_TEXT (BEGIN) 
340255.314 DISPLAY_TEXT BLOCK.TRIAL.RECORDING.DISPLAY_TEXT
341794.394 KEYBOARD_TEXT BLOCK.TRIAL.RECORDING.KEYBOARD_TEXT
341794.897 SET_SENTENCE_RT BLOCK.TRIAL.RECORDING.SET_SENTENCE_RT
341794.971 CHECK_QUESTION BLOCK.TRIAL.RECORDING.CHECK_QUESTION_TRUE
341796.809 DISPLAY_BLANK BLOCK.TRIAL.RECORDING.DISPLAY_BLANK (BEGIN) 
341804.752 DISPLAY_BLANK BLOCK.TRIAL.RECORDING.DISPLAY_BLANK
341805.352 ADD_TO_RESULTS_FILE BLOCK.TRIAL.RECORDING.ADD_TO_RESULTS_FILE
341890.137 SetValueAction 
341890.170 SetValueAction 
341890.197 SetValueAction 
341890.222 SetValueAction 
341890.248 SetValueAction 
341890.273 SetValueAction 
341890.700 CHECK_NEW_BLOCK BLOCK.TRIAL.CHECK_NEW_BLOCK_TRUE
341890.987 RESET_VARS BLOCK.TRIAL.RESET_VARS
342280.151 PREPARE_SEQUENCE BLOCK.TRIAL.PREPARE_SEQUENCE
344481.532 DRIFT_CORRECT BLOCK.TRIAL.DRIFT_CORRECT
344605.145 DISPLAY_TEXT BLOCK.TRIAL.RECORDING.DISPLAY_TEXT (BEGIN) 
344620.945 DISPLAY_TEXT BLOCK.TRIAL.RECORDING.DISPLAY_TEXT
354120.390 TRACKER_TIME 3 1003927.242
354120.476 KEYBOARD_TEXT BLOCK.TRIAL.RECORDING.KEYBOARD_TEXT
354121.152 SET_SENTENCE_RT BLOCK.TRIAL.RECORDING.SET_SENTENCE_RT
354121.328 CHECK_QUESTION BLOCK.TRIAL.RECORDING.CHECK_QUESTION_TRUE
354123.438 DISPLAY_BLANK BLOCK.TRIAL.RECORDING.DISPLAY_BLANK (BEGIN) 
354134.686 DISPLAY_BLANK BLOCK.TRIAL.RECORDING.DISPLAY_BLANK
354135.217 ADD_TO_RESULTS_FILE BLOCK.TRIAL.RECORDING.ADD_TO_RESULTS_FILE
354222.092 SetValueAction 
354222.124 SetValueAction 
354222.151 SetValueAction 
354222.175 SetValueAction 
354222.201 SetValueAction 
354222.226 SetValueAction 
354222.641 CHECK_NEW_BLOCK BLOCK.TRIAL.CHECK_NEW_BLOCK_TRUE
354222.952 RESET_VARS BLOCK.TRIAL.RESET_VARS
354631.043 PREPARE_SEQUENCE BLOCK.TRIAL.PREPARE_SEQUENCE
356519.738 DRIFT_CORRECT BLOCK.TRIAL.DRIFT_CORRECT
356635.033 DISPLAY_TEXT BLOCK.TRIAL.RECORDING.DISPLAY_TEXT (BEGIN) 
356650.810 DISPLAY_TEXT BLOCK.TRIAL.RECORDING.DISPLAY_TEXT
370492.400 KEYBOARD_TEXT BLOCK.TRIAL.RECORDING.KEYBOARD_TEXT
370493.053 SET_SENTENCE_RT BLOCK.TRIAL.RECORDING.SET_SENTENCE_RT
370493.319 CHECK_QUESTION BLOCK.TRIAL.RECORDING.CHECK_QUESTION_TRUE
370497.676 DISPLAY_BLANK BLOCK.TRIAL.RECORDING.DISPLAY_BLANK (BEGIN) 
370513.465 DISPLAY_BLANK BLOCK.TRIAL.RECORDING.DISPLAY_BLANK
370513.989 ADD_TO_RESULTS_FILE BLOCK.TRIAL.RECORDING.ADD_TO_RESULTS_FILE
370599.110 SetValueAction 
370599.145 SetValueAction 
370599.173 SetValueAction 
370599.199 SetValueAction 
370599.226 SetValueAction 
370599.251 SetValueAction 
370599.635 CHECK_NEW_BLOCK BLOCK.TRIAL.CHECK_NEW_BLOCK_TRUE
370599.954 RESET_VARS BLOCK.TRIAL.RESET_VARS
371007.869 PREPARE_SEQUENCE BLOCK.TRIAL.PREPARE_SEQUENCE
372004.853 DRIFT_CORRECT BLOCK.TRIAL.DRIFT_CORRECT
372123.904 DISPLAY_TEXT BLOCK.TRIAL.RECORDING.DISPLAY_TEXT (BEGIN) 
372143.986 DISPLAY_TEXT BLOCK.TRIAL.RECORDING.DISPLAY_TEXT
389069.890 KEYBOARD_TEXT BLOCK.TRIAL.RECORDING.KEYBOARD_TEXT
389070.607 SET_SENTENCE_RT BLOCK.TRIAL.RECORDING.SET_SENTENCE_RT
389070.824 CHECK_QUESTION BLOCK.TRIAL.RECORDING.CHECK_QUESTION_FALSE
389075.666 DISPLAY_QUESTION BLOCK.TRIAL.RECORDING.DISPLAY_QUESTION (BEGIN) 
389091.444 DISPLAY_QUESTION BLOCK.TRIAL.RECORDING.DISPLAY_QUESTION
394531.629 KEYBOARD_QUESTION BLOCK.TRIAL.RECORDING.KEYBOARD_QUESTION
394531.935 CHECK_RESPONSE_BUTTON BLOCK.TRIAL.RECORDING.CHECK_RESPONSE_BUTTON_TRUE
394532.454 SET_VARS_CORRECT BLOCK.TRIAL.RECORDING.SET_VARS_CORRECT
394534.410 DISPLAY_BLANK BLOCK.TRIAL.RECORDING.DISPLAY_BLANK (BEGIN) 
394539.402 DISPLAY_BLANK BLOCK.TRIAL.RECORDING.DISPLAY_BLANK
394539.994 ADD_TO_RESULTS_FILE BLOCK.TRIAL.RECORDING.ADD_TO_RESULTS_FILE
394627.136 SetValueAction 
394627.169 SetValueAction 
394627.196 SetValueAction 
394627.221 SetValueAction 
394627.247 SetValueAction 
394627.271 SetValueAction 
394627.704 CHECK_NEW_BLOCK BLOCK.TRIAL.CHECK_NEW_BLOCK_TRUE
394628.002 RESET_VARS BLOCK.TRIAL.RESET_VARS
395033.819 PREPARE_SEQUENCE BLOCK.TRIAL.PREPARE_SEQUENCE
396925.777 DRIFT_CORRECT BLOCK.TRIAL.DRIFT_CORRECT
397048.959 DISPLAY_TEXT BLOCK.TRIAL.RECORDING.DISPLAY_TEXT (BEGIN) 
397059.653 DISPLAY_TEXT BLOCK.TRIAL.RECORDING.DISPLAY_TEXT
409760.921 KEYBOARD_TEXT BLOCK.TRIAL.RECORDING.KEYBOARD_TEXT
409761.533 SET_SENTENCE_RT BLOCK.TRIAL.RECORDING.SET_SENTENCE_RT
409761.631 CHECK_QUESTION BLOCK.TRIAL.RECORDING.CHECK_QUESTION_TRUE
409763.439 DISPLAY_BLANK BLOCK.TRIAL.RECORDING.DISPLAY_BLANK (BEGIN) 
409768.337 DISPLAY_BLANK BLOCK.TRIAL.RECORDING.DISPLAY_BLANK
409768.911 ADD_TO_RESULTS_FILE BLOCK.TRIAL.RECORDING.ADD_TO_RESULTS_FILE
409854.098 SetValueAction 
409854.132 SetValueAction 
409854.159 SetValueAction 
409854.184 SetValueAction 
409854.210 SetValueAction 
409854.235 SetValueAction 
409854.659 CHECK_NEW_BLOCK BLOCK.TRIAL.CHECK_NEW_BLOCK_TRUE
409854.981 RESET_VARS BLOCK.TRIAL.RESET_VARS
410289.448 PREPARE_SEQUENCE BLOCK.TRIAL.PREPARE_SEQUENCE
411434.419 DRIFT_CORRECT BLOCK.TRIAL.DRIFT_CORRECT
411553.141 DISPLAY_TEXT BLOCK.TRIAL.RECORDING.DISPLAY_TEXT (BEGIN) 
411568.249 DISPLAY_TEXT BLOCK.TRIAL.RECORDING.DISPLAY_TEXT
424610.035 TRACKER_TIME 4 1074415.219
424610.163 KEYBOARD_TEXT BLOCK.TRIAL.RECORDING.KEYBOARD_TEXT
424610.767 SET_SENTENCE_RT BLOCK.TRIAL.RECORDING.SET_SENTENCE_RT
424610.841 CHECK_QUESTION BLOCK.TRIAL.RECORDING.CHECK_QUESTION_TRUE
424615.645 DISPLAY_BLANK BLOCK.TRIAL.RECORDING.DISPLAY_BLANK (BEGIN) 
424631.169 DISPLAY_BLANK BLOCK.TRIAL.RECORDING.DISPLAY_BLANK
424631.920 ADD_TO_RESULTS_FILE BLOCK.TRIAL.RECORDING.ADD_TO_RESULTS_FILE
424718.111 SetValueAction 
424718.146 SetValueAction 
424718.174 SetValueAction 
424718.200 SetValueAction 
424718.226 SetValueAction 
424718.252 SetValueAction 
424718.624 CHECK_NEW_BLOCK BLOCK.TRIAL.CHECK_NEW_BLOCK_TRUE
424718.991 RESET_VARS BLOCK.TRIAL.RESET_VARS
425149.210 PREPARE_SEQUENCE BLOCK.TRIAL.PREPARE_SEQUENCE
426550.526 DRIFT_CORRECT BLOCK.TRIAL.DRIFT_CORRECT
426664.892 DISPLAY_TEXT BLOCK.TRIAL.RECORDING.DISPLAY_TEXT (BEGIN) 
426680.565 DISPLAY_TEXT BLOCK.TRIAL.RECORDING.DISPLAY_TEXT
443146.481 KEYBOARD_TEXT BLOCK.TRIAL.RECORDING.KEYBOARD_TEXT
443147.199 SET_SENTENCE_RT BLOCK.TRIAL.RECORDING.SET_SENTENCE_RT
443147.503 CHECK_QUESTION BLOCK.TRIAL.RECORDING.CHECK_QUESTION_FALSE
443150.422 DISPLAY_QUESTION BLOCK.TRIAL.RECORDING.DISPLAY_QUESTION (BEGIN) 
443158.833 DISPLAY_QUESTION BLOCK.TRIAL.RECORDING.DISPLAY_QUESTION
448965.717 KEYBOARD_QUESTION BLOCK.TRIAL.RECORDING.KEYBOARD_QUESTION
448966.005 CHECK_RESPONSE_BUTTON BLOCK.TRIAL.RECORDING.CHECK_RESPONSE_BUTTON_TRUE
448966.548 SET_VARS_CORRECT BLOCK.TRIAL.RECORDING.SET_VARS_CORRECT
448968.240 DISPLAY_BLANK BLOCK.TRIAL.RECORDING.DISPLAY_BLANK (BEGIN) 
448973.738 DISPLAY_BLANK BLOCK.TRIAL.RECORDING.DISPLAY_BLANK
448974.343 ADD_TO_RESULTS_FILE BLOCK.TRIAL.RECORDING.ADD_TO_RESULTS_FILE
449061.108 SetValueAction 
449061.144 SetValueAction 
449061.172 SetValueAction 
449061.198 SetValueAction 
449061.225 SetValueAction 
449061.303 SetValueAction 
449061.627 CHECK_NEW_BLOCK BLOCK.TRIAL.CHECK_NEW_BLOCK_TRUE
449061.928 RESET_VARS BLOCK.TRIAL.RESET_VARS
449441.724 PREPARE_SEQUENCE BLOCK.TRIAL.PREPARE_SEQUENCE
451184.359 DRIFT_CORRECT BLOCK.TRIAL.DRIFT_CORRECT
451303.854 DISPLAY_TEXT BLOCK.TRIAL.RECORDING.DISPLAY_TEXT (BEGIN) 
451309.697 DISPLAY_TEXT BLOCK.TRIAL.RECORDING.DISPLAY_TEXT
456246.922 KEYBOARD_TEXT BLOCK.TRIAL.RECORDING.KEYBOARD_TEXT
456247.644 SET_SENTENCE_RT BLOCK.TRIAL.RECORDING.SET_SENTENCE_RT
456247.797 CHECK_QUESTION BLOCK.TRIAL.RECORDING.CHECK_QUESTION_TRUE
456249.580 DISPLAY_BLANK BLOCK.TRIAL.RECORDING.DISPLAY_BLANK (BEGIN) 
456254.976 DISPLAY_BLANK BLOCK.TRIAL.RECORDING.DISPLAY_BLANK
456255.576 ADD_TO_RESULTS_FILE BLOCK.TRIAL.RECORDING.ADD_TO_RESULTS_FILE
456341.118 SetValueAction 
456341.156 SetValueAction 
456341.183 SetValueAction 
456341.209 SetValueAction 
456341.235 SetValueAction 
456341.261 SetValueAction 
456341.651 CHECK_NEW_BLOCK BLOCK.TRIAL.CHECK_NEW_BLOCK_FALSE
456382.076 NEW_COUNTERBALANCE_BREAK BLOCK.TRIAL.NEW_COUNTERBALANCE_BREAK (BEGIN) 
456388.294 NEW_COUNTERBALANCE_BREAK BLOCK.TRIAL.NEW_COUNTERBALANCE_BREAK
468224.497 KEYBOARD[1] BLOCK.TRIAL.KEYBOARD[1]
679844.051 TRACKER_TIME 5 1329643.467
679844.121 EL_CAMERA_SETUP BLOCK.TRIAL.EL_CAMERA_SETUP
679881.441 EXPERIMENT_CONTINUE BLOCK.TRIAL.EXPERIMENT_CONTINUE (BEGIN) 
679890.485 EXPERIMENT_CONTINUE BLOCK.TRIAL.EXPERIMENT_CONTINUE
686066.459 KEYBOARD BLOCK.TRIAL.KEYBOARD
686066.986 RESET_VARS BLOCK.TRIAL.RESET_VARS
686454.539 PREPARE_SEQUENCE BLOCK.TRIAL.PREPARE_SEQUENCE
689019.672 DRIFT_CORRECT BLOCK.TRIAL.DRIFT_CORRECT
689133.861 DISPLAY_TEXT BLOCK.TRIAL.RECORDING.DISPLAY_TEXT (BEGIN) 
689137.568 DISPLAY_TEXT BLOCK.TRIAL.RECORDING.DISPLAY_TEXT
690917.119 KEYBOARD_TEXT BLOCK.TRIAL.RECORDING.KEYBOARD_TEXT
690917.659 SET_SENTENCE_RT BLOCK.TRIAL.RECORDING.SET_SENTENCE_RT
690917.724 CHECK_QUESTION BLOCK.TRIAL.RECORDING.CHECK_QUESTION_TRUE
690921.633 DISPLAY_BLANK BLOCK.TRIAL.RECORDING.DISPLAY_BLANK (BEGIN) 
690937.574 DISPLAY_BLANK BLOCK.TRIAL.RECORDING.DISPLAY_BLANK
690938.104 ADD_TO_RESULTS_FILE BLOCK.TRIAL.RECORDING.ADD_TO_RESULTS_FILE
691023.131 SetValueAction 
691023.165 SetValueAction 
691023.192 SetValueAction 
691023.216 SetValueAction 
691023.241 SetValueAction 
691023.266 SetValueAction 
691023.684 CHECK_NEW_BLOCK BLOCK.TRIAL.CHECK_NEW_BLOCK_TRUE
691023.954 RESET_VARS BLOCK.TRIAL.RESET_VARS
691405.292 PREPARE_SEQUENCE BLOCK.TRIAL.PREPARE_SEQUENCE
693050.264 DRIFT_CORRECT BLOCK.TRIAL.DRIFT_CORRECT
693171.677 DISPLAY_TEXT BLOCK.TRIAL.RECORDING.DISPLAY_TEXT (BEGIN) 
693213.103 DISPLAY_TEXT BLOCK.TRIAL.RECORDING.DISPLAY_TEXT
725955.025 KEYBOARD_TEXT BLOCK.TRIAL.RECORDING.KEYBOARD_TEXT
725955.754 SET_SENTENCE_RT BLOCK.TRIAL.RECORDING.SET_SENTENCE_RT
725955.846 CHECK_QUESTION BLOCK.TRIAL.RECORDING.CHECK_QUESTION_TRUE
725957.997 DISPLAY_BLANK BLOCK.TRIAL.RECORDING.DISPLAY_BLANK (BEGIN) 
725960.216 DISPLAY_BLANK BLOCK.TRIAL.RECORDING.DISPLAY_BLANK
725960.821 ADD_TO_RESULTS_FILE BLOCK.TRIAL.RECORDING.ADD_TO_RESULTS_FILE
726046.101 SetValueAction 
726046.133 SetValueAction 
726046.161 SetValueAction 
726046.185 SetValueAction 
726046.210 SetValueAction 
726046.235 SetValueAction 
726046.692 CHECK_NEW_BLOCK BLOCK.TRIAL.CHECK_NEW_BLOCK_TRUE
726047.041 RESET_VARS BLOCK.TRIAL.RESET_VARS
726411.285 PREPARE_SEQUENCE BLOCK.TRIAL.PREPARE_SEQUENCE
727532.263 DRIFT_CORRECT BLOCK.TRIAL.DRIFT_CORRECT
727647.130 DISPLAY_TEXT BLOCK.TRIAL.RECORDING.DISPLAY_TEXT (BEGIN) 
727675.706 DISPLAY_TEXT BLOCK.TRIAL.RECORDING.DISPLAY_TEXT
762562.875 TRACKER_TIME 6 1412360.340
762563.006 KEYBOARD_TEXT BLOCK.TRIAL.RECORDING.KEYBOARD_TEXT
762563.809 SET_SENTENCE_RT BLOCK.TRIAL.RECORDING.SET_SENTENCE_RT
762564.013 CHECK_QUESTION BLOCK.TRIAL.RECORDING.CHECK_QUESTION_TRUE
762567.652 DISPLAY_BLANK BLOCK.TRIAL.RECORDING.DISPLAY_BLANK (BEGIN) 
762583.539 DISPLAY_BLANK BLOCK.TRIAL.RECORDING.DISPLAY_BLANK
762584.077 ADD_TO_RESULTS_FILE BLOCK.TRIAL.RECORDING.ADD_TO_RESULTS_FILE
762669.095 SetValueAction 
762669.127 SetValueAction 
762669.154 SetValueAction 
762669.178 SetValueAction 
762669.203 SetValueAction 
762669.228 SetValueAction 
762669.677 CHECK_NEW_BLOCK BLOCK.TRIAL.CHECK_NEW_BLOCK_TRUE
762669.946 RESET_VARS BLOCK.TRIAL.RESET_VARS
763042.721 PREPARE_SEQUENCE BLOCK.TRIAL.PREPARE_SEQUENCE
764639.779 DRIFT_CORRECT BLOCK.TRIAL.DRIFT_CORRECT
764757.912 DISPLAY_TEXT BLOCK.TRIAL.RECORDING.DISPLAY_TEXT (BEGIN) 
764784.829 DISPLAY_TEXT BLOCK.TRIAL.RECORDING.DISPLAY_TEXT
796339.750 KEYBOARD_TEXT BLOCK.TRIAL.RECORDING.KEYBOARD_TEXT
796340.569 SET_SENTENCE_RT BLOCK.TRIAL.RECORDING.SET_SENTENCE_RT
796340.662 CHECK_QUESTION BLOCK.TRIAL.RECORDING.CHECK_QUESTION_TRUE
796342.688 DISPLAY_BLANK BLOCK.TRIAL.RECORDING.DISPLAY_BLANK (BEGIN) 
796357.068 DISPLAY_BLANK BLOCK.TRIAL.RECORDING.DISPLAY_BLANK
796357.621 ADD_TO_RESULTS_FILE BLOCK.TRIAL.RECORDING.ADD_TO_RESULTS_FILE
796442.129 SetValueAction 
796442.162 SetValueAction 
796442.210 SetValueAction 
796442.251 SetValueAction 
796442.276 SetValueAction 
796442.301 SetValueAction 
796442.689 CHECK_NEW_BLOCK BLOCK.TRIAL.CHECK_NEW_BLOCK_TRUE
796442.990 RESET_VARS BLOCK.TRIAL.RESET_VARS
796810.185 PREPARE_SEQUENCE BLOCK.TRIAL.PREPARE_SEQUENCE
798924.831 DRIFT_CORRECT BLOCK.TRIAL.DRIFT_CORRECT
799041.054 DISPLAY_TEXT BLOCK.TRIAL.RECORDING.DISPLAY_TEXT (BEGIN) 
799056.675 DISPLAY_TEXT BLOCK.TRIAL.RECORDING.DISPLAY_TEXT
815021.664 KEYBOARD_TEXT BLOCK.TRIAL.RECORDING.KEYBOARD_TEXT
815022.214 SET_SENTENCE_RT BLOCK.TRIAL.RECORDING.SET_SENTENCE_RT
815022.306 CHECK_QUESTION BLOCK.TRIAL.RECORDING.CHECK_QUESTION_TRUE
815024.174 DISPLAY_BLANK BLOCK.TRIAL.RECORDING.DISPLAY_BLANK (BEGIN) 
815034.854 DISPLAY_BLANK BLOCK.TRIAL.RECORDING.DISPLAY_BLANK
815035.439 ADD_TO_RESULTS_FILE BLOCK.TRIAL.RECORDING.ADD_TO_RESULTS_FILE
815120.132 SetValueAction 
815120.165 SetValueAction 
815120.192 SetValueAction 
815120.217 SetValueAction 
815120.242 SetValueAction 
815120.267 SetValueAction 
815120.673 CHECK_NEW_BLOCK BLOCK.TRIAL.CHECK_NEW_BLOCK_TRUE
815120.977 RESET_VARS BLOCK.TRIAL.RESET_VARS
815505.747 PREPARE_SEQUENCE BLOCK.TRIAL.PREPARE_SEQUENCE
817129.119 DRIFT_CORRECT BLOCK.TRIAL.DRIFT_CORRECT
817244.904 DISPLAY_TEXT BLOCK.TRIAL.RECORDING.DISPLAY_TEXT (BEGIN) 
817261.412 DISPLAY_TEXT BLOCK.TRIAL.RECORDING.DISPLAY_TEXT
839478.037 TRACKER_TIME 7 1489273.648
839478.147 KEYBOARD_TEXT BLOCK.TRIAL.RECORDING.KEYBOARD_TEXT
839478.603 SET_SENTENCE_RT BLOCK.TRIAL.RECORDING.SET_SENTENCE_RT
839478.686 CHECK_QUESTION BLOCK.TRIAL.RECORDING.CHECK_QUESTION_TRUE
839480.734 DISPLAY_BLANK BLOCK.TRIAL.RECORDING.DISPLAY_BLANK (BEGIN) 
839494.595 DISPLAY_BLANK BLOCK.TRIAL.RECORDING.DISPLAY_BLANK
839495.195 ADD_TO_RESULTS_FILE BLOCK.TRIAL.RECORDING.ADD_TO_RESULTS_FILE
839582.097 SetValueAction 
839582.130 SetValueAction 
839582.160 SetValueAction 
839582.185 SetValueAction 
839582.229 SetValueAction 
839582.272 SetValueAction 
839582.677 CHECK_NEW_BLOCK BLOCK.TRIAL.CHECK_NEW_BLOCK_TRUE
839583.038 RESET_VARS BLOCK.TRIAL.RESET_VARS
839983.614 PREPARE_SEQUENCE BLOCK.TRIAL.PREPARE_SEQUENCE
841448.574 DRIFT_CORRECT BLOCK.TRIAL.DRIFT_CORRECT
841572.991 DISPLAY_TEXT BLOCK.TRIAL.RECORDING.DISPLAY_TEXT (BEGIN) 
841613.675 DISPLAY_TEXT BLOCK.TRIAL.RECORDING.DISPLAY_TEXT
880399.728 KEYBOARD_TEXT BLOCK.TRIAL.RECORDING.KEYBOARD_TEXT
880400.540 SET_SENTENCE_RT BLOCK.TRIAL.RECORDING.SET_SENTENCE_RT
880400.679 CHECK_QUESTION BLOCK.TRIAL.RECORDING.CHECK_QUESTION_TRUE
880402.525 DISPLAY_BLANK BLOCK.TRIAL.RECORDING.DISPLAY_BLANK (BEGIN) 
880416.100 DISPLAY_BLANK BLOCK.TRIAL.RECORDING.DISPLAY_BLANK
880416.673 ADD_TO_RESULTS_FILE BLOCK.TRIAL.RECORDING.ADD_TO_RESULTS_FILE
880503.129 SetValueAction 
880503.161 SetValueAction 
880503.188 SetValueAction 
880503.213 SetValueAction 
880503.239 SetValueAction 
880503.264 SetValueAction 
880503.613 CHECK_NEW_BLOCK BLOCK.TRIAL.CHECK_NEW_BLOCK_TRUE
880503.909 RESET_VARS BLOCK.TRIAL.RESET_VARS
880901.891 PREPARE_SEQUENCE BLOCK.TRIAL.PREPARE_SEQUENCE
882539.614 DRIFT_CORRECT BLOCK.TRIAL.DRIFT_CORRECT
882655.915 DISPLAY_TEXT BLOCK.TRIAL.RECORDING.DISPLAY_TEXT (BEGIN) 
882671.396 DISPLAY_TEXT BLOCK.TRIAL.RECORDING.DISPLAY_TEXT
901729.787 TRACKER_TIME 8 1551524.001
901729.932 KEYBOARD_TEXT BLOCK.TRIAL.RECORDING.KEYBOARD_TEXT
901730.658 SET_SENTENCE_RT BLOCK.TRIAL.RECORDING.SET_SENTENCE_RT
901730.731 CHECK_QUESTION BLOCK.TRIAL.RECORDING.CHECK_QUESTION_TRUE
901732.729 DISPLAY_BLANK BLOCK.TRIAL.RECORDING.DISPLAY_BLANK (BEGIN) 
901743.126 DISPLAY_BLANK BLOCK.TRIAL.RECORDING.DISPLAY_BLANK
901743.698 ADD_TO_RESULTS_FILE BLOCK.TRIAL.RECORDING.ADD_TO_RESULTS_FILE
901829.113 SetValueAction 
901829.165 SetValueAction 
901829.194 SetValueAction 
901829.219 SetValueAction 
901829.244 SetValueAction 
901829.269 SetValueAction 
901829.654 CHECK_NEW_BLOCK BLOCK.TRIAL.CHECK_NEW_BLOCK_TRUE
901829.947 RESET_VARS BLOCK.TRIAL.RESET_VARS
902198.534 PREPARE_SEQUENCE BLOCK.TRIAL.PREPARE_SEQUENCE
903808.420 DRIFT_CORRECT BLOCK.TRIAL.DRIFT_CORRECT
903922.792 DISPLAY_TEXT BLOCK.TRIAL.RECORDING.DISPLAY_TEXT (BEGIN) 
903943.087 DISPLAY_TEXT BLOCK.TRIAL.RECORDING.DISPLAY_TEXT
924856.897 KEYBOARD_TEXT BLOCK.TRIAL.RECORDING.KEYBOARD_TEXT
924857.523 SET_SENTENCE_RT BLOCK.TRIAL.RECORDING.SET_SENTENCE_RT
924857.743 CHECK_QUESTION BLOCK.TRIAL.RECORDING.CHECK_QUESTION_TRUE
924859.851 DISPLAY_BLANK BLOCK.TRIAL.RECORDING.DISPLAY_BLANK (BEGIN) 
924869.762 DISPLAY_BLANK BLOCK.TRIAL.RECORDING.DISPLAY_BLANK
924870.361 ADD_TO_RESULTS_FILE BLOCK.TRIAL.RECORDING.ADD_TO_RESULTS_FILE
924957.097 SetValueAction 
924957.130 SetValueAction 
924957.157 SetValueAction 
924957.182 SetValueAction 
924957.209 SetValueAction 
924957.234 SetValueAction 
924957.707 CHECK_NEW_BLOCK BLOCK.TRIAL.CHECK_NEW_BLOCK_TRUE
924958.024 RESET_VARS BLOCK.TRIAL.RESET_VARS
925328.175 PREPARE_SEQUENCE BLOCK.TRIAL.PREPARE_SEQUENCE
926609.667 DRIFT_CORRECT BLOCK.TRIAL.DRIFT_CORRECT
926724.555 DISPLAY_TEXT BLOCK.TRIAL.RECORDING.DISPLAY_TEXT (BEGIN) 
926749.635 DISPLAY_TEXT BLOCK.TRIAL.RECORDING.DISPLAY_TEXT
962536.680 TRACKER_TIME 9 1612329.492
962536.839 KEYBOARD_TEXT BLOCK.TRIAL.RECORDING.KEYBOARD_TEXT
962537.234 SET_SENTENCE_RT BLOCK.TRIAL.RECORDING.SET_SENTENCE_RT
962537.307 CHECK_QUESTION BLOCK.TRIAL.RECORDING.CHECK_QUESTION_TRUE
962539.205 DISPLAY_BLANK BLOCK.TRIAL.RECORDING.DISPLAY_BLANK (BEGIN) 
962541.906 DISPLAY_BLANK BLOCK.TRIAL.RECORDING.DISPLAY_BLANK
962542.615 ADD_TO_RESULTS_FILE BLOCK.TRIAL.RECORDING.ADD_TO_RESULTS_FILE
962629.103 SetValueAction 
962629.153 SetValueAction 
962629.180 SetValueAction 
962629.205 SetValueAction 
962629.230 SetValueAction 
962629.254 SetValueAction 
962629.648 CHECK_NEW_BLOCK BLOCK.TRIAL.CHECK_NEW_BLOCK_TRUE
962629.955 RESET_VARS BLOCK.TRIAL.RESET_VARS
962999.629 PREPARE_SEQUENCE BLOCK.TRIAL.PREPARE_SEQUENCE
964326.894 DRIFT_CORRECT BLOCK.TRIAL.DRIFT_CORRECT
964446.962 DISPLAY_TEXT BLOCK.TRIAL.RECORDING.DISPLAY_TEXT (BEGIN) 
964475.780 DISPLAY_TEXT BLOCK.TRIAL.RECORDING.DISPLAY_TEXT
998921.382 KEYBOARD_TEXT BLOCK.TRIAL.RECORDING.KEYBOARD_TEXT
998922.076 SET_SENTENCE_RT BLOCK.TRIAL.RECORDING.SET_SENTENCE_RT
998922.173 CHECK_QUESTION BLOCK.TRIAL.RECORDING.CHECK_QUESTION_TRUE
998924.198 DISPLAY_BLANK BLOCK.TRIAL.RECORDING.DISPLAY_BLANK (BEGIN) 
998931.584 DISPLAY_BLANK BLOCK.TRIAL.RECORDING.DISPLAY_BLANK
998932.386 ADD_TO_RESULTS_FILE BLOCK.TRIAL.RECORDING.ADD_TO_RESULTS_FILE
999019.093 SetValueAction 
999019.125 SetValueAction 
999019.152 SetValueAction 
999019.176 SetValueAction 
999019.201 SetValueAction 
999019.226 SetValueAction 
999019.624 CHECK_NEW_BLOCK BLOCK.TRIAL.CHECK_NEW_BLOCK_TRUE
999019.948 RESET_VARS BLOCK.TRIAL.RESET_VARS
999391.612 PREPARE_SEQUENCE BLOCK.TRIAL.PREPARE_SEQUENCE
1000337.954 DRIFT_CORRECT BLOCK.TRIAL.DRIFT_CORRECT
1000454.956 DISPLAY_TEXT BLOCK.TRIAL.RECORDING.DISPLAY_TEXT (BEGIN) 
1000467.557 DISPLAY_TEXT BLOCK.TRIAL.RECORDING.DISPLAY_TEXT
1015233.646 KEYBOARD_TEXT BLOCK.TRIAL.RECORDING.KEYBOARD_TEXT
1015234.308 SET_SENTENCE_RT BLOCK.TRIAL.RECORDING.SET_SENTENCE_RT
1015234.506 CHECK_QUESTION BLOCK.TRIAL.RECORDING.CHECK_QUESTION_TRUE
1015236.386 DISPLAY_BLANK BLOCK.TRIAL.RECORDING.DISPLAY_BLANK (BEGIN) 
1015243.527 DISPLAY_BLANK BLOCK.TRIAL.RECORDING.DISPLAY_BLANK
1015244.188 ADD_TO_RESULTS_FILE BLOCK.TRIAL.RECORDING.ADD_TO_RESULTS_FILE
1015329.113 SetValueAction 
1015329.148 SetValueAction 
1015329.178 SetValueAction 
1015329.203 SetValueAction 
1015329.230 SetValueAction 
1015329.260 SetValueAction 
1015329.745 CHECK_NEW_BLOCK BLOCK.TRIAL.CHECK_NEW_BLOCK_TRUE
1015330.186 RESET_VARS BLOCK.TRIAL.RESET_VARS
1016702.549 PREPARE_SEQUENCE BLOCK.TRIAL.PREPARE_SEQUENCE
1018264.128 DRIFT_CORRECT BLOCK.TRIAL.DRIFT_CORRECT
1018381.838 DISPLAY_TEXT BLOCK.TRIAL.RECORDING.DISPLAY_TEXT (BEGIN) 
1018402.360 DISPLAY_TEXT BLOCK.TRIAL.RECORDING.DISPLAY_TEXT
1045997.876 TRACKER_TIME 10 1695788.723
1045998.024 KEYBOARD_TEXT BLOCK.TRIAL.RECORDING.KEYBOARD_TEXT
1045998.473 SET_SENTENCE_RT BLOCK.TRIAL.RECORDING.SET_SENTENCE_RT
1045998.617 CHECK_QUESTION BLOCK.TRIAL.RECORDING.CHECK_QUESTION_TRUE
1046002.632 DISPLAY_BLANK BLOCK.TRIAL.RECORDING.DISPLAY_BLANK (BEGIN) 
1046018.325 DISPLAY_BLANK BLOCK.TRIAL.RECORDING.DISPLAY_BLANK
1046018.894 ADD_TO_RESULTS_FILE BLOCK.TRIAL.RECORDING.ADD_TO_RESULTS_FILE
1046104.144 SetValueAction 
1046104.195 SetValueAction 
1046104.222 SetValueAction 
1046104.247 SetValueAction 
1046104.272 SetValueAction 
1046104.299 SetValueAction 
1046104.713 CHECK_NEW_BLOCK BLOCK.TRIAL.CHECK_NEW_BLOCK_TRUE
1046105.069 RESET_VARS BLOCK.TRIAL.RESET_VARS
1046449.572 PREPARE_SEQUENCE BLOCK.TRIAL.PREPARE_SEQUENCE
1047680.194 DRIFT_CORRECT BLOCK.TRIAL.DRIFT_CORRECT
1047802.102 DISPLAY_TEXT BLOCK.TRIAL.RECORDING.DISPLAY_TEXT (BEGIN) 
1047827.083 DISPLAY_TEXT BLOCK.TRIAL.RECORDING.DISPLAY_TEXT
1073032.930 KEYBOARD_TEXT BLOCK.TRIAL.RECORDING.KEYBOARD_TEXT
1073033.531 SET_SENTENCE_RT BLOCK.TRIAL.RECORDING.SET_SENTENCE_RT
1073033.692 CHECK_QUESTION BLOCK.TRIAL.RECORDING.CHECK_QUESTION_TRUE
1073035.501 DISPLAY_BLANK BLOCK.TRIAL.RECORDING.DISPLAY_BLANK (BEGIN) 
1073043.538 DISPLAY_BLANK BLOCK.TRIAL.RECORDING.DISPLAY_BLANK
1073044.167 ADD_TO_RESULTS_FILE BLOCK.TRIAL.RECORDING.ADD_TO_RESULTS_FILE
1073129.135 SetValueAction 
1073129.169 SetValueAction 
1073129.196 SetValueAction 
1073129.221 SetValueAction 
1073129.247 SetValueAction 
1073129.271 SetValueAction 
1073129.700 CHECK_NEW_BLOCK BLOCK.TRIAL.CHECK_NEW_BLOCK_TRUE
1073130.029 RESET_VARS BLOCK.TRIAL.RESET_VARS
1073493.905 PREPARE_SEQUENCE BLOCK.TRIAL.PREPARE_SEQUENCE
1075244.032 DRIFT_CORRECT BLOCK.TRIAL.DRIFT_CORRECT
1075367.165 DISPLAY_TEXT BLOCK.TRIAL.RECORDING.DISPLAY_TEXT (BEGIN) 
1075391.505 DISPLAY_TEXT BLOCK.TRIAL.RECORDING.DISPLAY_TEXT
1098396.441 KEYBOARD_TEXT BLOCK.TRIAL.RECORDING.KEYBOARD_TEXT
1098397.136 SET_SENTENCE_RT BLOCK.TRIAL.RECORDING.SET_SENTENCE_RT
1098397.230 CHECK_QUESTION BLOCK.TRIAL.RECORDING.CHECK_QUESTION_TRUE
1098399.192 DISPLAY_BLANK BLOCK.TRIAL.RECORDING.DISPLAY_BLANK (BEGIN) 
1098402.704 DISPLAY_BLANK BLOCK.TRIAL.RECORDING.DISPLAY_BLANK
1098403.321 ADD_TO_RESULTS_FILE BLOCK.TRIAL.RECORDING.ADD_TO_RESULTS_FILE
1098490.098 SetValueAction 
1098490.131 SetValueAction 
1098490.159 SetValueAction 
1098490.184 SetValueAction 
1098490.209 SetValueAction 
1098490.234 SetValueAction 
1098490.645 CHECK_NEW_BLOCK BLOCK.TRIAL.CHECK_NEW_BLOCK_TRUE
1098490.991 RESET_VARS BLOCK.TRIAL.RESET_VARS
1098855.821 PREPARE_SEQUENCE BLOCK.TRIAL.PREPARE_SEQUENCE
1101561.722 DRIFT_CORRECT BLOCK.TRIAL.DRIFT_CORRECT
1101676.057 DISPLAY_TEXT BLOCK.TRIAL.RECORDING.DISPLAY_TEXT (BEGIN) 
1101710.371 DISPLAY_TEXT BLOCK.TRIAL.RECORDING.DISPLAY_TEXT
1137184.821 TRACKER_TIME 11 1786973.540
1137184.952 KEYBOARD_TEXT BLOCK.TRIAL.RECORDING.KEYBOARD_TEXT
1137185.438 SET_SENTENCE_RT BLOCK.TRIAL.RECORDING.SET_SENTENCE_RT
1137185.521 CHECK_QUESTION BLOCK.TRIAL.RECORDING.CHECK_QUESTION_TRUE
1137187.370 DISPLAY_BLANK BLOCK.TRIAL.RECORDING.DISPLAY_BLANK (BEGIN) 
1137191.501 DISPLAY_BLANK BLOCK.TRIAL.RECORDING.DISPLAY_BLANK
1137192.086 ADD_TO_RESULTS_FILE BLOCK.TRIAL.RECORDING.ADD_TO_RESULTS_FILE
1137279.098 SetValueAction 
1137279.130 SetValueAction 
1137279.157 SetValueAction 
1137279.182 SetValueAction 
1137279.207 SetValueAction 
1137279.232 SetValueAction 
1137279.639 CHECK_NEW_BLOCK BLOCK.TRIAL.CHECK_NEW_BLOCK_TRUE
1137279.932 RESET_VARS BLOCK.TRIAL.RESET_VARS
1137648.804 PREPARE_SEQUENCE BLOCK.TRIAL.PREPARE_SEQUENCE
1140111.994 DRIFT_CORRECT BLOCK.TRIAL.DRIFT_CORRECT
1140230.184 DISPLAY_TEXT BLOCK.TRIAL.RECORDING.DISPLAY_TEXT (BEGIN) 
1140261.823 DISPLAY_TEXT BLOCK.TRIAL.RECORDING.DISPLAY_TEXT
1180498.570 KEYBOARD_TEXT BLOCK.TRIAL.RECORDING.KEYBOARD_TEXT
1180499.263 SET_SENTENCE_RT BLOCK.TRIAL.RECORDING.SET_SENTENCE_RT
1180499.330 CHECK_QUESTION BLOCK.TRIAL.RECORDING.CHECK_QUESTION_TRUE
1180501.294 DISPLAY_BLANK BLOCK.TRIAL.RECORDING.DISPLAY_BLANK (BEGIN) 
1180512.656 DISPLAY_BLANK BLOCK.TRIAL.RECORDING.DISPLAY_BLANK
1180513.297 ADD_TO_RESULTS_FILE BLOCK.TRIAL.RECORDING.ADD_TO_RESULTS_FILE
1180600.096 SetValueAction 
1180600.128 SetValueAction 
1180600.155 SetValueAction 
1180600.179 SetValueAction 
1180600.204 SetValueAction 
1180600.229 SetValueAction 
1180600.642 CHECK_NEW_BLOCK BLOCK.TRIAL.CHECK_NEW_BLOCK_TRUE
1180600.992 RESET_VARS BLOCK.TRIAL.RESET_VARS
1180982.669 PREPARE_SEQUENCE BLOCK.TRIAL.PREPARE_SEQUENCE
1183445.550 DRIFT_CORRECT BLOCK.TRIAL.DRIFT_CORRECT
1183564.948 DISPLAY_TEXT BLOCK.TRIAL.RECORDING.DISPLAY_TEXT (BEGIN) 
1183586.862 DISPLAY_TEXT BLOCK.TRIAL.RECORDING.DISPLAY_TEXT
1209639.190 TRACKER_TIME 12 1859426.274
1209639.335 KEYBOARD_TEXT BLOCK.TRIAL.RECORDING.KEYBOARD_TEXT
1209639.935 SET_SENTENCE_RT BLOCK.TRIAL.RECORDING.SET_SENTENCE_RT
1209640.042 CHECK_QUESTION BLOCK.TRIAL.RECORDING.CHECK_QUESTION_FALSE
1209642.880 DISPLAY_QUESTION BLOCK.TRIAL.RECORDING.DISPLAY_QUESTION (BEGIN) 
1209654.241 DISPLAY_QUESTION BLOCK.TRIAL.RECORDING.DISPLAY_QUESTION
1215265.821 KEYBOARD_QUESTION BLOCK.TRIAL.RECORDING.KEYBOARD_QUESTION
1215266.119 CHECK_RESPONSE_BUTTON BLOCK.TRIAL.RECORDING.CHECK_RESPONSE_BUTTON_TRUE
1215266.650 SET_VARS_CORRECT BLOCK.TRIAL.RECORDING.SET_VARS_CORRECT
1215270.630 DISPLAY_BLANK BLOCK.TRIAL.RECORDING.DISPLAY_BLANK (BEGIN) 
1215286.086 DISPLAY_BLANK BLOCK.TRIAL.RECORDING.DISPLAY_BLANK
1215286.695 ADD_TO_RESULTS_FILE BLOCK.TRIAL.RECORDING.ADD_TO_RESULTS_FILE
1215373.127 SetValueAction 
1215373.160 SetValueAction 
1215373.187 SetValueAction 
1215373.212 SetValueAction 
1215373.238 SetValueAction 
1215373.263 SetValueAction 
1215373.685 CHECK_NEW_BLOCK BLOCK.TRIAL.CHECK_NEW_BLOCK_TRUE
1215374.016 RESET_VARS BLOCK.TRIAL.RESET_VARS
1215767.548 PREPARE_SEQUENCE BLOCK.TRIAL.PREPARE_SEQUENCE
1218404.169 DRIFT_CORRECT BLOCK.TRIAL.DRIFT_CORRECT
1218529.027 DISPLAY_TEXT BLOCK.TRIAL.RECORDING.DISPLAY_TEXT (BEGIN) 
1218534.776 DISPLAY_TEXT BLOCK.TRIAL.RECORDING.DISPLAY_TEXT
1221542.640 KEYBOARD_TEXT BLOCK.TRIAL.RECORDING.KEYBOARD_TEXT
1221543.177 SET_SENTENCE_RT BLOCK.TRIAL.RECORDING.SET_SENTENCE_RT
1221543.243 CHECK_QUESTION BLOCK.TRIAL.RECORDING.CHECK_QUESTION_TRUE
1221545.170 DISPLAY_BLANK BLOCK.TRIAL.RECORDING.DISPLAY_BLANK (BEGIN) 
1221550.558 DISPLAY_BLANK BLOCK.TRIAL.RECORDING.DISPLAY_BLANK
1221551.103 ADD_TO_RESULTS_FILE BLOCK.TRIAL.RECORDING.ADD_TO_RESULTS_FILE
1221638.098 SetValueAction 
1221638.132 SetValueAction 
1221638.160 SetValueAction 
1221638.184 SetValueAction 
1221638.209 SetValueAction 
1221638.234 SetValueAction 
1221638.691 CHECK_NEW_BLOCK BLOCK.TRIAL.CHECK_NEW_BLOCK_TRUE
1221639.054 RESET_VARS BLOCK.TRIAL.RESET_VARS
1221993.504 PREPARE_SEQUENCE BLOCK.TRIAL.PREPARE_SEQUENCE
1224499.865 DRIFT_CORRECT BLOCK.TRIAL.DRIFT_CORRECT
1224617.675 DISPLAY_TEXT BLOCK.TRIAL.RECORDING.DISPLAY_TEXT (BEGIN) 
1224634.292 DISPLAY_TEXT BLOCK.TRIAL.RECORDING.DISPLAY_TEXT
1247511.008 KEYBOARD_TEXT BLOCK.TRIAL.RECORDING.KEYBOARD_TEXT
1247511.723 SET_SENTENCE_RT BLOCK.TRIAL.RECORDING.SET_SENTENCE_RT
1247511.894 CHECK_QUESTION BLOCK.TRIAL.RECORDING.CHECK_QUESTION_TRUE
1247513.881 DISPLAY_BLANK BLOCK.TRIAL.RECORDING.DISPLAY_BLANK (BEGIN) 
1247526.688 DISPLAY_BLANK BLOCK.TRIAL.RECORDING.DISPLAY_BLANK
1247527.240 ADD_TO_RESULTS_FILE BLOCK.TRIAL.RECORDING.ADD_TO_RESULTS_FILE
1247613.096 SetValueAction 
1247613.130 SetValueAction 
1247613.158 SetValueAction 
1247613.183 SetValueAction 
1247613.208 SetValueAction 
1247613.232 SetValueAction 
1247613.750 CHECK_NEW_BLOCK BLOCK.TRIAL.CHECK_NEW_BLOCK_TRUE
1247614.082 RESET_VARS BLOCK.TRIAL.RESET_VARS
1247988.607 PREPARE_SEQUENCE BLOCK.TRIAL.PREPARE_SEQUENCE
1250593.284 DRIFT_CORRECT BLOCK.TRIAL.DRIFT_CORRECT
1250714.875 DISPLAY_TEXT BLOCK.TRIAL.RECORDING.DISPLAY_TEXT (BEGIN) 
1250728.229 DISPLAY_TEXT BLOCK.TRIAL.RECORDING.DISPLAY_TEXT
1267210.951 KEYBOARD_TEXT BLOCK.TRIAL.RECORDING.KEYBOARD_TEXT
1267211.467 SET_SENTENCE_RT BLOCK.TRIAL.RECORDING.SET_SENTENCE_RT
1267211.569 CHECK_QUESTION BLOCK.TRIAL.RECORDING.CHECK_QUESTION_FALSE
1267214.423 DISPLAY_QUESTION BLOCK.TRIAL.RECORDING.DISPLAY_QUESTION (BEGIN) 
1267220.723 DISPLAY_QUESTION BLOCK.TRIAL.RECORDING.DISPLAY_QUESTION
1273807.958 TRACKER_TIME 13 1923593.543
1273808.067 KEYBOARD_QUESTION BLOCK.TRIAL.RECORDING.KEYBOARD_QUESTION
1273808.253 CHECK_RESPONSE_BUTTON BLOCK.TRIAL.RECORDING.CHECK_RESPONSE_BUTTON_TRUE
1273808.757 SET_VARS_CORRECT BLOCK.TRIAL.RECORDING.SET_VARS_CORRECT
1273810.646 DISPLAY_BLANK BLOCK.TRIAL.RECORDING.DISPLAY_BLANK (BEGIN) 
1273818.880 DISPLAY_BLANK BLOCK.TRIAL.RECORDING.DISPLAY_BLANK
1273819.521 ADD_TO_RESULTS_FILE BLOCK.TRIAL.RECORDING.ADD_TO_RESULTS_FILE
1273904.099 SetValueAction 
1273904.132 SetValueAction 
1273904.163 SetValueAction 
1273904.189 SetValueAction 
1273904.215 SetValueAction 
1273904.240 SetValueAction 
1273904.655 CHECK_NEW_BLOCK BLOCK.TRIAL.CHECK_NEW_BLOCK_TRUE
1273905.000 RESET_VARS BLOCK.TRIAL.RESET_VARS
1274302.174 PREPARE_SEQUENCE BLOCK.TRIAL.PREPARE_SEQUENCE
1277358.462 DRIFT_CORRECT BLOCK.TRIAL.DRIFT_CORRECT
1277474.865 DISPLAY_TEXT BLOCK.TRIAL.RECORDING.DISPLAY_TEXT (BEGIN) 
1277488.355 DISPLAY_TEXT BLOCK.TRIAL.RECORDING.DISPLAY_TEXT
1289836.246 KEYBOARD_TEXT BLOCK.TRIAL.RECORDING.KEYBOARD_TEXT
1289836.869 SET_SENTENCE_RT BLOCK.TRIAL.RECORDING.SET_SENTENCE_RT
1289836.987 CHECK_QUESTION BLOCK.TRIAL.RECORDING.CHECK_QUESTION_TRUE
1289838.767 DISPLAY_BLANK BLOCK.TRIAL.RECORDING.DISPLAY_BLANK (BEGIN) 
1289847.599 DISPLAY_BLANK BLOCK.TRIAL.RECORDING.DISPLAY_BLANK
1289848.299 ADD_TO_RESULTS_FILE BLOCK.TRIAL.RECORDING.ADD_TO_RESULTS_FILE
1289933.102 SetValueAction 
1289933.136 SetValueAction 
1289933.163 SetValueAction 
1289933.188 SetValueAction 
1289933.213 SetValueAction 
1289933.238 SetValueAction 
1289933.652 CHECK_NEW_BLOCK BLOCK.TRIAL.CHECK_NEW_BLOCK_TRUE
1289934.017 RESET_VARS BLOCK.TRIAL.RESET_VARS
1290317.129 PREPARE_SEQUENCE BLOCK.TRIAL.PREPARE_SEQUENCE
1292585.894 DRIFT_CORRECT BLOCK.TRIAL.DRIFT_CORRECT
1292709.931 DISPLAY_TEXT BLOCK.TRIAL.RECORDING.DISPLAY_TEXT (BEGIN) 
1292726.459 DISPLAY_TEXT BLOCK.TRIAL.RECORDING.DISPLAY_TEXT
1311233.081 KEYBOARD_TEXT BLOCK.TRIAL.RECORDING.KEYBOARD_TEXT
1311233.629 SET_SENTENCE_RT BLOCK.TRIAL.RECORDING.SET_SENTENCE_RT
1311233.710 CHECK_QUESTION BLOCK.TRIAL.RECORDING.CHECK_QUESTION_TRUE
1311235.729 DISPLAY_BLANK BLOCK.TRIAL.RECORDING.DISPLAY_BLANK (BEGIN) 
1311241.332 DISPLAY_BLANK BLOCK.TRIAL.RECORDING.DISPLAY_BLANK
1311241.929 ADD_TO_RESULTS_FILE BLOCK.TRIAL.RECORDING.ADD_TO_RESULTS_FILE
1311328.099 SetValueAction 
1311328.133 SetValueAction 
1311328.161 SetValueAction 
1311328.186 SetValueAction 
1311328.211 SetValueAction 
1311328.236 SetValueAction 
1311328.662 CHECK_NEW_BLOCK BLOCK.TRIAL.CHECK_NEW_BLOCK_TRUE
1311329.028 RESET_VARS BLOCK.TRIAL.RESET_VARS
1311702.943 PREPARE_SEQUENCE BLOCK.TRIAL.PREPARE_SEQUENCE
1313817.526 DRIFT_CORRECT BLOCK.TRIAL.DRIFT_CORRECT
1313934.927 DISPLAY_TEXT BLOCK.TRIAL.RECORDING.DISPLAY_TEXT (BEGIN) 
1313949.305 DISPLAY_TEXT BLOCK.TRIAL.RECORDING.DISPLAY_TEXT
1333082.278 KEYBOARD_TEXT BLOCK.TRIAL.RECORDING.KEYBOARD_TEXT
1333082.850 SET_SENTENCE_RT BLOCK.TRIAL.RECORDING.SET_SENTENCE_RT
1333083.060 CHECK_QUESTION BLOCK.TRIAL.RECORDING.CHECK_QUESTION_TRUE
1333086.632 DISPLAY_BLANK BLOCK.TRIAL.RECORDING.DISPLAY_BLANK (BEGIN) 
1333102.044 DISPLAY_BLANK BLOCK.TRIAL.RECORDING.DISPLAY_BLANK
1333102.575 ADD_TO_RESULTS_FILE BLOCK.TRIAL.RECORDING.ADD_TO_RESULTS_FILE
1333188.095 SetValueAction 
1333188.127 SetValueAction 
1333188.154 SetValueAction 
1333188.178 SetValueAction 
1333188.204 SetValueAction 
1333188.228 SetValueAction 
1333188.618 CHECK_NEW_BLOCK BLOCK.TRIAL.CHECK_NEW_BLOCK_TRUE
1333188.868 RESET_VARS BLOCK.TRIAL.RESET_VARS
1333550.023 PREPARE_SEQUENCE BLOCK.TRIAL.PREPARE_SEQUENCE
1335713.170 TRACKER_TIME 14 1985497.036
1335713.332 DRIFT_CORRECT BLOCK.TRIAL.DRIFT_CORRECT
1335830.686 DISPLAY_TEXT BLOCK.TRIAL.RECORDING.DISPLAY_TEXT (BEGIN) 
1335847.531 DISPLAY_TEXT BLOCK.TRIAL.RECORDING.DISPLAY_TEXT
1361051.544 KEYBOARD_TEXT BLOCK.TRIAL.RECORDING.KEYBOARD_TEXT
1361052.307 SET_SENTENCE_RT BLOCK.TRIAL.RECORDING.SET_SENTENCE_RT
1361052.502 CHECK_QUESTION BLOCK.TRIAL.RECORDING.CHECK_QUESTION_TRUE
1361054.288 DISPLAY_BLANK BLOCK.TRIAL.RECORDING.DISPLAY_BLANK (BEGIN) 
1361060.303 DISPLAY_BLANK BLOCK.TRIAL.RECORDING.DISPLAY_BLANK
1361060.929 ADD_TO_RESULTS_FILE BLOCK.TRIAL.RECORDING.ADD_TO_RESULTS_FILE
1361148.110 SetValueAction 
1361148.144 SetValueAction 
1361148.177 SetValueAction 
1361148.203 SetValueAction 
1361148.230 SetValueAction 
1361148.255 SetValueAction 
1361148.632 CHECK_NEW_BLOCK BLOCK.TRIAL.CHECK_NEW_BLOCK_TRUE
1361149.039 RESET_VARS BLOCK.TRIAL.RESET_VARS
1361514.587 PREPARE_SEQUENCE BLOCK.TRIAL.PREPARE_SEQUENCE
1363650.166 DRIFT_CORRECT BLOCK.TRIAL.DRIFT_CORRECT
1363767.165 DISPLAY_TEXT BLOCK.TRIAL.RECORDING.DISPLAY_TEXT (BEGIN) 
1363781.928 DISPLAY_TEXT BLOCK.TRIAL.RECORDING.DISPLAY_TEXT
1376772.846 KEYBOARD_TEXT BLOCK.TRIAL.RECORDING.KEYBOARD_TEXT
1376773.359 SET_SENTENCE_RT BLOCK.TRIAL.RECORDING.SET_SENTENCE_RT
1376773.425 CHECK_QUESTION BLOCK.TRIAL.RECORDING.CHECK_QUESTION_TRUE
1376775.288 DISPLAY_BLANK BLOCK.TRIAL.RECORDING.DISPLAY_BLANK (BEGIN) 
1376789.401 DISPLAY_BLANK BLOCK.TRIAL.RECORDING.DISPLAY_BLANK
1376789.952 ADD_TO_RESULTS_FILE BLOCK.TRIAL.RECORDING.ADD_TO_RESULTS_FILE
1376876.104 SetValueAction 
1376876.156 SetValueAction 
1376876.183 SetValueAction 
1376876.208 SetValueAction 
1376876.233 SetValueAction 
1376876.257 SetValueAction 
1376876.664 CHECK_NEW_BLOCK BLOCK.TRIAL.CHECK_NEW_BLOCK_TRUE
1376876.998 RESET_VARS BLOCK.TRIAL.RESET_VARS
1377250.061 PREPARE_SEQUENCE BLOCK.TRIAL.PREPARE_SEQUENCE
1379449.517 DRIFT_CORRECT BLOCK.TRIAL.DRIFT_CORRECT
1379573.642 DISPLAY_TEXT BLOCK.TRIAL.RECORDING.DISPLAY_TEXT (BEGIN) 
1379597.572 DISPLAY_TEXT BLOCK.TRIAL.RECORDING.DISPLAY_TEXT
1400789.401 TRACKER_TIME 15 2050572.096
1400789.515 KEYBOARD_TEXT BLOCK.TRIAL.RECORDING.KEYBOARD_TEXT
1400789.909 SET_SENTENCE_RT BLOCK.TRIAL.RECORDING.SET_SENTENCE_RT
1400790.008 CHECK_QUESTION BLOCK.TRIAL.RECORDING.CHECK_QUESTION_FALSE
1400792.456 DISPLAY_QUESTION BLOCK.TRIAL.RECORDING.DISPLAY_QUESTION (BEGIN) 
1400798.800 DISPLAY_QUESTION BLOCK.TRIAL.RECORDING.DISPLAY_QUESTION
1413873.855 KEYBOARD_QUESTION BLOCK.TRIAL.RECORDING.KEYBOARD_QUESTION
1413874.110 CHECK_RESPONSE_BUTTON BLOCK.TRIAL.RECORDING.CHECK_RESPONSE_BUTTON_TRUE
1413874.678 SET_VARS_CORRECT BLOCK.TRIAL.RECORDING.SET_VARS_CORRECT
1413879.634 DISPLAY_BLANK BLOCK.TRIAL.RECORDING.DISPLAY_BLANK (BEGIN) 
1413895.402 DISPLAY_BLANK BLOCK.TRIAL.RECORDING.DISPLAY_BLANK
1413895.977 ADD_TO_RESULTS_FILE BLOCK.TRIAL.RECORDING.ADD_TO_RESULTS_FILE
1413981.101 SetValueAction 
1413981.133 SetValueAction 
1413981.160 SetValueAction 
1413981.184 SetValueAction 
1413981.212 SetValueAction 
1413981.237 SetValueAction 
1413981.651 CHECK_NEW_BLOCK BLOCK.TRIAL.CHECK_NEW_BLOCK_TRUE
1413981.975 RESET_VARS BLOCK.TRIAL.RESET_VARS
1414369.894 PREPARE_SEQUENCE BLOCK.TRIAL.PREPARE_SEQUENCE
1417613.516 DRIFT_CORRECT BLOCK.TRIAL.DRIFT_CORRECT
1417731.938 DISPLAY_TEXT BLOCK.TRIAL.RECORDING.DISPLAY_TEXT (BEGIN) 
1417744.124 DISPLAY_TEXT BLOCK.TRIAL.RECORDING.DISPLAY_TEXT
1426187.305 KEYBOARD_TEXT BLOCK.TRIAL.RECORDING.KEYBOARD_TEXT
1426187.922 SET_SENTENCE_RT BLOCK.TRIAL.RECORDING.SET_SENTENCE_RT
1426188.011 CHECK_QUESTION BLOCK.TRIAL.RECORDING.CHECK_QUESTION_TRUE
1426192.632 DISPLAY_BLANK BLOCK.TRIAL.RECORDING.DISPLAY_BLANK (BEGIN) 
1426208.525 DISPLAY_BLANK BLOCK.TRIAL.RECORDING.DISPLAY_BLANK
1426209.082 ADD_TO_RESULTS_FILE BLOCK.TRIAL.RECORDING.ADD_TO_RESULTS_FILE
1426294.092 SetValueAction 
1426294.124 SetValueAction 
1426294.152 SetValueAction 
1426294.176 SetValueAction 
1426294.202 SetValueAction 
1426294.227 SetValueAction 
1426294.646 CHECK_NEW_BLOCK BLOCK.TRIAL.CHECK_NEW_BLOCK_TRUE
1426294.947 RESET_VARS BLOCK.TRIAL.RESET_VARS
1426685.517 PREPARE_SEQUENCE BLOCK.TRIAL.PREPARE_SEQUENCE
1428668.195 DRIFT_CORRECT BLOCK.TRIAL.DRIFT_CORRECT
1428787.882 DISPLAY_TEXT BLOCK.TRIAL.RECORDING.DISPLAY_TEXT (BEGIN) 
1428800.831 DISPLAY_TEXT BLOCK.TRIAL.RECORDING.DISPLAY_TEXT
1445463.029 KEYBOARD_TEXT BLOCK.TRIAL.RECORDING.KEYBOARD_TEXT
1445463.707 SET_SENTENCE_RT BLOCK.TRIAL.RECORDING.SET_SENTENCE_RT
1445463.964 CHECK_QUESTION BLOCK.TRIAL.RECORDING.CHECK_QUESTION_FALSE
1445470.630 DISPLAY_QUESTION BLOCK.TRIAL.RECORDING.DISPLAY_QUESTION (BEGIN) 
1445486.266 DISPLAY_QUESTION BLOCK.TRIAL.RECORDING.DISPLAY_QUESTION
1450037.271 KEYBOARD_QUESTION BLOCK.TRIAL.RECORDING.KEYBOARD_QUESTION
1450037.575 CHECK_RESPONSE_BUTTON BLOCK.TRIAL.RECORDING.CHECK_RESPONSE_BUTTON_TRUE
1450038.239 SET_VARS_CORRECT BLOCK.TRIAL.RECORDING.SET_VARS_CORRECT
1450040.349 DISPLAY_BLANK BLOCK.TRIAL.RECORDING.DISPLAY_BLANK (BEGIN) 
1450051.450 DISPLAY_BLANK BLOCK.TRIAL.RECORDING.DISPLAY_BLANK
1450051.988 ADD_TO_RESULTS_FILE BLOCK.TRIAL.RECORDING.ADD_TO_RESULTS_FILE
1450137.099 SetValueAction 
1450137.132 SetValueAction 
1450137.159 SetValueAction 
1450137.184 SetValueAction 
1450137.208 SetValueAction 
1450137.233 SetValueAction 
1450137.655 CHECK_NEW_BLOCK BLOCK.TRIAL.CHECK_NEW_BLOCK_TRUE
1450137.945 RESET_VARS BLOCK.TRIAL.RESET_VARS
1450536.795 PREPARE_SEQUENCE BLOCK.TRIAL.PREPARE_SEQUENCE
1454091.659 DRIFT_CORRECT BLOCK.TRIAL.DRIFT_CORRECT
1454209.906 DISPLAY_TEXT BLOCK.TRIAL.RECORDING.DISPLAY_TEXT (BEGIN) 
1454228.330 DISPLAY_TEXT BLOCK.TRIAL.RECORDING.DISPLAY_TEXT
1475493.641 TRACKER_TIME 16 2125274.642
1475493.746 KEYBOARD_TEXT BLOCK.TRIAL.RECORDING.KEYBOARD_TEXT
1475494.405 SET_SENTENCE_RT BLOCK.TRIAL.RECORDING.SET_SENTENCE_RT
1475494.637 CHECK_QUESTION BLOCK.TRIAL.RECORDING.CHECK_QUESTION_FALSE
1475497.584 DISPLAY_QUESTION BLOCK.TRIAL.RECORDING.DISPLAY_QUESTION (BEGIN) 
1475510.826 DISPLAY_QUESTION BLOCK.TRIAL.RECORDING.DISPLAY_QUESTION
1480144.949 KEYBOARD_QUESTION BLOCK.TRIAL.RECORDING.KEYBOARD_QUESTION
1480145.185 CHECK_RESPONSE_BUTTON BLOCK.TRIAL.RECORDING.CHECK_RESPONSE_BUTTON_TRUE
1480145.630 SET_VARS_CORRECT BLOCK.TRIAL.RECORDING.SET_VARS_CORRECT
1480147.388 DISPLAY_BLANK BLOCK.TRIAL.RECORDING.DISPLAY_BLANK (BEGIN) 
1480159.473 DISPLAY_BLANK BLOCK.TRIAL.RECORDING.DISPLAY_BLANK
1480160.028 ADD_TO_RESULTS_FILE BLOCK.TRIAL.RECORDING.ADD_TO_RESULTS_FILE
1480247.140 SetValueAction 
1480247.173 SetValueAction 
1480247.200 SetValueAction 
1480247.224 SetValueAction 
1480247.250 SetValueAction 
1480247.275 SetValueAction 
1480247.636 CHECK_NEW_BLOCK BLOCK.TRIAL.CHECK_NEW_BLOCK_TRUE
1480247.927 RESET_VARS BLOCK.TRIAL.RESET_VARS
1480632.049 PREPARE_SEQUENCE BLOCK.TRIAL.PREPARE_SEQUENCE
1482805.203 DRIFT_CORRECT BLOCK.TRIAL.DRIFT_CORRECT
1482922.049 DISPLAY_TEXT BLOCK.TRIAL.RECORDING.DISPLAY_TEXT (BEGIN) 
1482934.358 DISPLAY_TEXT BLOCK.TRIAL.RECORDING.DISPLAY_TEXT
1498543.698 KEYBOARD_TEXT BLOCK.TRIAL.RECORDING.KEYBOARD_TEXT
1498544.282 SET_SENTENCE_RT BLOCK.TRIAL.RECORDING.SET_SENTENCE_RT
1498544.365 CHECK_QUESTION BLOCK.TRIAL.RECORDING.CHECK_QUESTION_TRUE
1498546.345 DISPLAY_BLANK BLOCK.TRIAL.RECORDING.DISPLAY_BLANK (BEGIN) 
1498553.946 DISPLAY_BLANK BLOCK.TRIAL.RECORDING.DISPLAY_BLANK
1498554.609 ADD_TO_RESULTS_FILE BLOCK.TRIAL.RECORDING.ADD_TO_RESULTS_FILE
1498639.100 SetValueAction 
1498639.132 SetValueAction 
1498639.160 SetValueAction 
1498639.185 SetValueAction 
1498639.210 SetValueAction 
1498639.236 SetValueAction 
1498639.651 CHECK_NEW_BLOCK BLOCK.TRIAL.CHECK_NEW_BLOCK_TRUE
1498640.002 RESET_VARS BLOCK.TRIAL.RESET_VARS
1499004.639 PREPARE_SEQUENCE BLOCK.TRIAL.PREPARE_SEQUENCE
1500481.371 DRIFT_CORRECT BLOCK.TRIAL.DRIFT_CORRECT
1500595.765 DISPLAY_TEXT BLOCK.TRIAL.RECORDING.DISPLAY_TEXT (BEGIN) 
1500621.021 DISPLAY_TEXT BLOCK.TRIAL.RECORDING.DISPLAY_TEXT
1519117.583 KEYBOARD_TEXT BLOCK.TRIAL.RECORDING.KEYBOARD_TEXT
1519118.197 SET_SENTENCE_RT BLOCK.TRIAL.RECORDING.SET_SENTENCE_RT
1519118.411 CHECK_QUESTION BLOCK.TRIAL.RECORDING.CHECK_QUESTION_TRUE
1519120.332 DISPLAY_BLANK BLOCK.TRIAL.RECORDING.DISPLAY_BLANK (BEGIN) 
1519131.506 DISPLAY_BLANK BLOCK.TRIAL.RECORDING.DISPLAY_BLANK
1519132.081 ADD_TO_RESULTS_FILE BLOCK.TRIAL.RECORDING.ADD_TO_RESULTS_FILE
1519219.092 SetValueAction 
1519219.125 SetValueAction 
1519219.155 SetValueAction 
1519219.180 SetValueAction 
1519219.206 SetValueAction 
1519219.231 SetValueAction 
1519219.619 CHECK_NEW_BLOCK BLOCK.TRIAL.CHECK_NEW_BLOCK_TRUE
1519219.912 RESET_VARS BLOCK.TRIAL.RESET_VARS
1519616.497 PREPARE_SEQUENCE BLOCK.TRIAL.PREPARE_SEQUENCE
1521767.372 DRIFT_CORRECT BLOCK.TRIAL.DRIFT_CORRECT
1521886.930 DISPLAY_TEXT BLOCK.TRIAL.RECORDING.DISPLAY_TEXT (BEGIN) 
1521901.102 DISPLAY_TEXT BLOCK.TRIAL.RECORDING.DISPLAY_TEXT
1541965.992 TRACKER_TIME 17 2191745.420
1541966.092 KEYBOARD_TEXT BLOCK.TRIAL.RECORDING.KEYBOARD_TEXT
1541966.792 SET_SENTENCE_RT BLOCK.TRIAL.RECORDING.SET_SENTENCE_RT
1541967.003 CHECK_QUESTION BLOCK.TRIAL.RECORDING.CHECK_QUESTION_TRUE
1541968.981 DISPLAY_BLANK BLOCK.TRIAL.RECORDING.DISPLAY_BLANK (BEGIN) 
1541974.716 DISPLAY_BLANK BLOCK.TRIAL.RECORDING.DISPLAY_BLANK
1541975.483 ADD_TO_RESULTS_FILE BLOCK.TRIAL.RECORDING.ADD_TO_RESULTS_FILE
1542061.142 SetValueAction 
1542061.184 SetValueAction 
1542061.214 SetValueAction 
1542061.244 SetValueAction 
1542061.273 SetValueAction 
1542061.299 SetValueAction 
1542061.768 CHECK_NEW_BLOCK BLOCK.TRIAL.CHECK_NEW_BLOCK_TRUE
1542062.403 RESET_VARS BLOCK.TRIAL.RESET_VARS
1542477.473 PREPARE_SEQUENCE BLOCK.TRIAL.PREPARE_SEQUENCE
1544273.666 DRIFT_CORRECT BLOCK.TRIAL.DRIFT_CORRECT
1544392.941 DISPLAY_TEXT BLOCK.TRIAL.RECORDING.DISPLAY_TEXT (BEGIN) 
1544407.657 DISPLAY_TEXT BLOCK.TRIAL.RECORDING.DISPLAY_TEXT
1551471.730 KEYBOARD_TEXT BLOCK.TRIAL.RECORDING.KEYBOARD_TEXT
1551472.360 SET_SENTENCE_RT BLOCK.TRIAL.RECORDING.SET_SENTENCE_RT
1551472.589 CHECK_QUESTION BLOCK.TRIAL.RECORDING.CHECK_QUESTION_TRUE
1551474.581 DISPLAY_BLANK BLOCK.TRIAL.RECORDING.DISPLAY_BLANK (BEGIN) 
1551488.944 DISPLAY_BLANK BLOCK.TRIAL.RECORDING.DISPLAY_BLANK
1551489.487 ADD_TO_RESULTS_FILE BLOCK.TRIAL.RECORDING.ADD_TO_RESULTS_FILE
1551575.136 SetValueAction 
1551575.168 SetValueAction 
1551575.195 SetValueAction 
1551575.221 SetValueAction 
1551575.246 SetValueAction 
1551575.270 SetValueAction 
1551575.685 CHECK_NEW_BLOCK BLOCK.TRIAL.CHECK_NEW_BLOCK_TRUE
1551576.044 RESET_VARS BLOCK.TRIAL.RESET_VARS
1551966.551 PREPARE_SEQUENCE BLOCK.TRIAL.PREPARE_SEQUENCE
1553541.450 DRIFT_CORRECT BLOCK.TRIAL.DRIFT_CORRECT
1553655.980 DISPLAY_TEXT BLOCK.TRIAL.RECORDING.DISPLAY_TEXT (BEGIN) 
1553671.690 DISPLAY_TEXT BLOCK.TRIAL.RECORDING.DISPLAY_TEXT
1564054.876 KEYBOARD_TEXT BLOCK.TRIAL.RECORDING.KEYBOARD_TEXT
1564055.531 SET_SENTENCE_RT BLOCK.TRIAL.RECORDING.SET_SENTENCE_RT
1564055.694 CHECK_QUESTION BLOCK.TRIAL.RECORDING.CHECK_QUESTION_TRUE
1564057.838 DISPLAY_BLANK BLOCK.TRIAL.RECORDING.DISPLAY_BLANK (BEGIN) 
1564068.472 DISPLAY_BLANK BLOCK.TRIAL.RECORDING.DISPLAY_BLANK
1564069.025 ADD_TO_RESULTS_FILE BLOCK.TRIAL.RECORDING.ADD_TO_RESULTS_FILE
1564156.092 SetValueAction 
1564156.125 SetValueAction 
1564156.152 SetValueAction 
1564156.177 SetValueAction 
1564156.204 SetValueAction 
1564156.228 SetValueAction 
1564156.673 CHECK_NEW_BLOCK BLOCK.TRIAL.CHECK_NEW_BLOCK_TRUE
1564156.919 RESET_VARS BLOCK.TRIAL.RESET_VARS
1564529.676 PREPARE_SEQUENCE BLOCK.TRIAL.PREPARE_SEQUENCE
1566403.687 DRIFT_CORRECT BLOCK.TRIAL.DRIFT_CORRECT
1566519.082 DISPLAY_TEXT BLOCK.TRIAL.RECORDING.DISPLAY_TEXT (BEGIN) 
1566534.631 DISPLAY_TEXT BLOCK.TRIAL.RECORDING.DISPLAY_TEXT
1586304.023 KEYBOARD_TEXT BLOCK.TRIAL.RECORDING.KEYBOARD_TEXT
1586304.493 SET_SENTENCE_RT BLOCK.TRIAL.RECORDING.SET_SENTENCE_RT
1586304.553 CHECK_QUESTION BLOCK.TRIAL.RECORDING.CHECK_QUESTION_TRUE
1586306.398 DISPLAY_BLANK BLOCK.TRIAL.RECORDING.DISPLAY_BLANK (BEGIN) 
1586311.866 DISPLAY_BLANK BLOCK.TRIAL.RECORDING.DISPLAY_BLANK
1586312.463 ADD_TO_RESULTS_FILE BLOCK.TRIAL.RECORDING.ADD_TO_RESULTS_FILE
1586397.100 SetValueAction 
1586397.133 SetValueAction 
1586397.159 SetValueAction 
1586397.184 SetValueAction 
1586397.209 SetValueAction 
1586397.235 SetValueAction 
1586397.632 CHECK_NEW_BLOCK BLOCK.TRIAL.CHECK_NEW_BLOCK_TRUE
1586397.959 RESET_VARS BLOCK.TRIAL.RESET_VARS
1586759.972 PREPARE_SEQUENCE BLOCK.TRIAL.PREPARE_SEQUENCE
1587737.014 DRIFT_CORRECT BLOCK.TRIAL.DRIFT_CORRECT
1587851.897 DISPLAY_TEXT BLOCK.TRIAL.RECORDING.DISPLAY_TEXT (BEGIN) 
1587866.983 DISPLAY_TEXT BLOCK.TRIAL.RECORDING.DISPLAY_TEXT
1600956.625 KEYBOARD_TEXT BLOCK.TRIAL.RECORDING.KEYBOARD_TEXT
1600957.134 SET_SENTENCE_RT BLOCK.TRIAL.RECORDING.SET_SENTENCE_RT
1600957.323 CHECK_QUESTION BLOCK.TRIAL.RECORDING.CHECK_QUESTION_TRUE
1600959.448 DISPLAY_BLANK BLOCK.TRIAL.RECORDING.DISPLAY_BLANK (BEGIN) 
1600974.671 DISPLAY_BLANK BLOCK.TRIAL.RECORDING.DISPLAY_BLANK
1600975.208 ADD_TO_RESULTS_FILE BLOCK.TRIAL.RECORDING.ADD_TO_RESULTS_FILE
1601062.094 SetValueAction 
1601062.125 SetValueAction 
1601062.151 SetValueAction 
1601062.177 SetValueAction 
1601062.203 SetValueAction 
1601062.228 SetValueAction 
1601062.607 CHECK_NEW_BLOCK BLOCK.TRIAL.CHECK_NEW_BLOCK_TRUE
1601062.865 RESET_VARS BLOCK.TRIAL.RESET_VARS
1601436.765 PREPARE_SEQUENCE BLOCK.TRIAL.PREPARE_SEQUENCE
1602776.767 TRACKER_TIME 18 2252554.911
1602776.887 DRIFT_CORRECT BLOCK.TRIAL.DRIFT_CORRECT
1602892.030 DISPLAY_TEXT BLOCK.TRIAL.RECORDING.DISPLAY_TEXT (BEGIN) 
1602907.471 DISPLAY_TEXT BLOCK.TRIAL.RECORDING.DISPLAY_TEXT
1616454.343 KEYBOARD_TEXT BLOCK.TRIAL.RECORDING.KEYBOARD_TEXT
1616454.908 SET_SENTENCE_RT BLOCK.TRIAL.RECORDING.SET_SENTENCE_RT
1616455.036 CHECK_QUESTION BLOCK.TRIAL.RECORDING.CHECK_QUESTION_FALSE
1616457.723 DISPLAY_QUESTION BLOCK.TRIAL.RECORDING.DISPLAY_QUESTION (BEGIN) 
1616470.087 DISPLAY_QUESTION BLOCK.TRIAL.RECORDING.DISPLAY_QUESTION
1630843.461 KEYBOARD_QUESTION BLOCK.TRIAL.RECORDING.KEYBOARD_QUESTION
1630843.824 CHECK_RESPONSE_BUTTON BLOCK.TRIAL.RECORDING.CHECK_RESPONSE_BUTTON_TRUE
1630844.463 SET_VARS_CORRECT BLOCK.TRIAL.RECORDING.SET_VARS_CORRECT
1630846.233 DISPLAY_BLANK BLOCK.TRIAL.RECORDING.DISPLAY_BLANK (BEGIN) 
1630848.850 DISPLAY_BLANK BLOCK.TRIAL.RECORDING.DISPLAY_BLANK
1630849.462 ADD_TO_RESULTS_FILE BLOCK.TRIAL.RECORDING.ADD_TO_RESULTS_FILE
1630934.097 SetValueAction 
1630934.130 SetValueAction 
1630934.157 SetValueAction 
1630934.182 SetValueAction 
1630934.207 SetValueAction 
1630934.232 SetValueAction 
1630934.634 CHECK_NEW_BLOCK BLOCK.TRIAL.CHECK_NEW_BLOCK_TRUE
1630934.945 RESET_VARS BLOCK.TRIAL.RESET_VARS
1631324.084 PREPARE_SEQUENCE BLOCK.TRIAL.PREPARE_SEQUENCE
1633431.151 DRIFT_CORRECT BLOCK.TRIAL.DRIFT_CORRECT
1633549.630 DISPLAY_TEXT BLOCK.TRIAL.RECORDING.DISPLAY_TEXT (BEGIN) 
1633565.266 DISPLAY_TEXT BLOCK.TRIAL.RECORDING.DISPLAY_TEXT
1649939.692 KEYBOARD_TEXT BLOCK.TRIAL.RECORDING.KEYBOARD_TEXT
1649940.245 SET_SENTENCE_RT BLOCK.TRIAL.RECORDING.SET_SENTENCE_RT
1649940.310 CHECK_QUESTION BLOCK.TRIAL.RECORDING.CHECK_QUESTION_TRUE
1649944.642 DISPLAY_BLANK BLOCK.TRIAL.RECORDING.DISPLAY_BLANK (BEGIN) 
1649960.559 DISPLAY_BLANK BLOCK.TRIAL.RECORDING.DISPLAY_BLANK
1649961.354 ADD_TO_RESULTS_FILE BLOCK.TRIAL.RECORDING.ADD_TO_RESULTS_FILE
1650048.107 SetValueAction 
1650048.141 SetValueAction 
1650048.170 SetValueAction 
1650048.196 SetValueAction 
1650048.222 SetValueAction 
1650048.247 SetValueAction 
1650048.643 CHECK_NEW_BLOCK BLOCK.TRIAL.CHECK_NEW_BLOCK_TRUE
1650048.986 RESET_VARS BLOCK.TRIAL.RESET_VARS
1650479.881 PREPARE_SEQUENCE BLOCK.TRIAL.PREPARE_SEQUENCE
1652265.001 DRIFT_CORRECT BLOCK.TRIAL.DRIFT_CORRECT
1652386.794 DISPLAY_TEXT BLOCK.TRIAL.RECORDING.DISPLAY_TEXT (BEGIN) 
1652395.288 DISPLAY_TEXT BLOCK.TRIAL.RECORDING.DISPLAY_TEXT
1659284.386 KEYBOARD_TEXT BLOCK.TRIAL.RECORDING.KEYBOARD_TEXT
1659285.083 SET_SENTENCE_RT BLOCK.TRIAL.RECORDING.SET_SENTENCE_RT
1659285.180 CHECK_QUESTION BLOCK.TRIAL.RECORDING.CHECK_QUESTION_TRUE
1659287.077 DISPLAY_BLANK BLOCK.TRIAL.RECORDING.DISPLAY_BLANK (BEGIN) 
1659290.673 DISPLAY_BLANK BLOCK.TRIAL.RECORDING.DISPLAY_BLANK
1659291.270 ADD_TO_RESULTS_FILE BLOCK.TRIAL.RECORDING.ADD_TO_RESULTS_FILE
1659378.093 SetValueAction 
1659378.124 SetValueAction 
1659378.151 SetValueAction 
1659378.175 SetValueAction 
1659378.201 SetValueAction 
1659378.225 SetValueAction 
1659378.612 CHECK_NEW_BLOCK BLOCK.TRIAL.CHECK_NEW_BLOCK_TRUE
1659378.920 RESET_VARS BLOCK.TRIAL.RESET_VARS
1659771.404 PREPARE_SEQUENCE BLOCK.TRIAL.PREPARE_SEQUENCE
1661397.619 DRIFT_CORRECT BLOCK.TRIAL.DRIFT_CORRECT
1661515.131 DISPLAY_TEXT BLOCK.TRIAL.RECORDING.DISPLAY_TEXT (BEGIN) 
1661531.158 DISPLAY_TEXT BLOCK.TRIAL.RECORDING.DISPLAY_TEXT
1681053.400 TRACKER_TIME 19 2330829.668
1681053.511 KEYBOARD_TEXT BLOCK.TRIAL.RECORDING.KEYBOARD_TEXT
1681054.120 SET_SENTENCE_RT BLOCK.TRIAL.RECORDING.SET_SENTENCE_RT
1681054.258 CHECK_QUESTION BLOCK.TRIAL.RECORDING.CHECK_QUESTION_TRUE
1681056.218 DISPLAY_BLANK BLOCK.TRIAL.RECORDING.DISPLAY_BLANK (BEGIN) 
1681068.084 DISPLAY_BLANK BLOCK.TRIAL.RECORDING.DISPLAY_BLANK
1681068.640 ADD_TO_RESULTS_FILE BLOCK.TRIAL.RECORDING.ADD_TO_RESULTS_FILE
1681153.100 SetValueAction 
1681153.133 SetValueAction 
1681153.159 SetValueAction 
1681153.184 SetValueAction 
1681153.210 SetValueAction 
1681153.237 SetValueAction 
1681153.654 CHECK_NEW_BLOCK BLOCK.TRIAL.CHECK_NEW_BLOCK_TRUE
1681154.004 RESET_VARS BLOCK.TRIAL.RESET_VARS
1681518.221 PREPARE_SEQUENCE BLOCK.TRIAL.PREPARE_SEQUENCE
1683275.962 DRIFT_CORRECT BLOCK.TRIAL.DRIFT_CORRECT
1683392.823 DISPLAY_TEXT BLOCK.TRIAL.RECORDING.DISPLAY_TEXT (BEGIN) 
1683406.534 DISPLAY_TEXT BLOCK.TRIAL.RECORDING.DISPLAY_TEXT
1694135.433 KEYBOARD_TEXT BLOCK.TRIAL.RECORDING.KEYBOARD_TEXT
1694136.008 SET_SENTENCE_RT BLOCK.TRIAL.RECORDING.SET_SENTENCE_RT
1694136.088 CHECK_QUESTION BLOCK.TRIAL.RECORDING.CHECK_QUESTION_TRUE
1694137.727 DISPLAY_BLANK BLOCK.TRIAL.RECORDING.DISPLAY_BLANK (BEGIN) 
1694147.562 DISPLAY_BLANK BLOCK.TRIAL.RECORDING.DISPLAY_BLANK
1694148.136 ADD_TO_RESULTS_FILE BLOCK.TRIAL.RECORDING.ADD_TO_RESULTS_FILE
1694234.098 SetValueAction 
1694234.131 SetValueAction 
1694234.158 SetValueAction 
1694234.183 SetValueAction 
1694234.208 SetValueAction 
1694234.232 SetValueAction 
1694234.690 CHECK_NEW_BLOCK BLOCK.TRIAL.CHECK_NEW_BLOCK_TRUE
1694235.056 RESET_VARS BLOCK.TRIAL.RESET_VARS
1694613.912 PREPARE_SEQUENCE BLOCK.TRIAL.PREPARE_SEQUENCE
1696150.121 DRIFT_CORRECT BLOCK.TRIAL.DRIFT_CORRECT
1696267.803 DISPLAY_TEXT BLOCK.TRIAL.RECORDING.DISPLAY_TEXT (BEGIN) 
1696280.386 DISPLAY_TEXT BLOCK.TRIAL.RECORDING.DISPLAY_TEXT
1706221.415 KEYBOARD_TEXT BLOCK.TRIAL.RECORDING.KEYBOARD_TEXT
1706222.136 SET_SENTENCE_RT BLOCK.TRIAL.RECORDING.SET_SENTENCE_RT
1706222.356 CHECK_QUESTION BLOCK.TRIAL.RECORDING.CHECK_QUESTION_FALSE
1706228.629 DISPLAY_QUESTION BLOCK.TRIAL.RECORDING.DISPLAY_QUESTION (BEGIN) 
1706244.269 DISPLAY_QUESTION BLOCK.TRIAL.RECORDING.DISPLAY_QUESTION
1720042.606 KEYBOARD_QUESTION BLOCK.TRIAL.RECORDING.KEYBOARD_QUESTION
1720042.900 CHECK_RESPONSE_BUTTON BLOCK.TRIAL.RECORDING.CHECK_RESPONSE_BUTTON_TRUE
1720043.587 SET_VARS_CORRECT BLOCK.TRIAL.RECORDING.SET_VARS_CORRECT
1720045.430 DISPLAY_BLANK BLOCK.TRIAL.RECORDING.DISPLAY_BLANK (BEGIN) 
1720056.793 DISPLAY_BLANK BLOCK.TRIAL.RECORDING.DISPLAY_BLANK
1720057.396 ADD_TO_RESULTS_FILE BLOCK.TRIAL.RECORDING.ADD_TO_RESULTS_FILE
1720143.099 SetValueAction 
1720143.131 SetValueAction 
1720143.157 SetValueAction 
1720143.181 SetValueAction 
1720143.206 SetValueAction 
1720143.231 SetValueAction 
1720143.608 CHECK_NEW_BLOCK BLOCK.TRIAL.CHECK_NEW_BLOCK_TRUE
1720143.918 RESET_VARS BLOCK.TRIAL.RESET_VARS
1720524.985 PREPARE_SEQUENCE BLOCK.TRIAL.PREPARE_SEQUENCE
1722244.558 DRIFT_CORRECT BLOCK.TRIAL.DRIFT_CORRECT
1722361.840 DISPLAY_TEXT BLOCK.TRIAL.RECORDING.DISPLAY_TEXT (BEGIN) 
1722375.853 DISPLAY_TEXT BLOCK.TRIAL.RECORDING.DISPLAY_TEXT
1738450.880 KEYBOARD_TEXT BLOCK.TRIAL.RECORDING.KEYBOARD_TEXT
1738451.613 SET_SENTENCE_RT BLOCK.TRIAL.RECORDING.SET_SENTENCE_RT
1738451.936 CHECK_QUESTION BLOCK.TRIAL.RECORDING.CHECK_QUESTION_FALSE
1738454.897 DISPLAY_QUESTION BLOCK.TRIAL.RECORDING.DISPLAY_QUESTION (BEGIN) 
1738468.240 DISPLAY_QUESTION BLOCK.TRIAL.RECORDING.DISPLAY_QUESTION
1760738.386 TRACKER_TIME 20 2410512.805
1760738.496 KEYBOARD_QUESTION BLOCK.TRIAL.RECORDING.KEYBOARD_QUESTION
1760738.840 CHECK_RESPONSE_BUTTON BLOCK.TRIAL.RECORDING.CHECK_RESPONSE_BUTTON_FALSE
1760739.403 SET_VARS_INCORRECT BLOCK.TRIAL.RECORDING.SET_VARS_INCORRECT
1760740.997 DISPLAY_BLANK BLOCK.TRIAL.RECORDING.DISPLAY_BLANK (BEGIN) 
1760744.710 DISPLAY_BLANK BLOCK.TRIAL.RECORDING.DISPLAY_BLANK
1760745.298 ADD_TO_RESULTS_FILE BLOCK.TRIAL.RECORDING.ADD_TO_RESULTS_FILE
1760831.135 SetValueAction 
1760831.168 SetValueAction 
1760831.195 SetValueAction 
1760831.220 SetValueAction 
1760831.245 SetValueAction 
1760831.269 SetValueAction 
1760831.652 CHECK_NEW_BLOCK BLOCK.TRIAL.CHECK_NEW_BLOCK_TRUE
1760831.997 RESET_VARS BLOCK.TRIAL.RESET_VARS
1761233.504 PREPARE_SEQUENCE BLOCK.TRIAL.PREPARE_SEQUENCE
1765070.835 DRIFT_CORRECT BLOCK.TRIAL.DRIFT_CORRECT
1765194.971 DISPLAY_TEXT BLOCK.TRIAL.RECORDING.DISPLAY_TEXT (BEGIN) 
1765210.568 DISPLAY_TEXT BLOCK.TRIAL.RECORDING.DISPLAY_TEXT
1769307.239 KEYBOARD_TEXT BLOCK.TRIAL.RECORDING.KEYBOARD_TEXT
1769307.851 SET_SENTENCE_RT BLOCK.TRIAL.RECORDING.SET_SENTENCE_RT
1769307.950 CHECK_QUESTION BLOCK.TRIAL.RECORDING.CHECK_QUESTION_TRUE
1769309.783 DISPLAY_BLANK BLOCK.TRIAL.RECORDING.DISPLAY_BLANK (BEGIN) 
1769326.103 DISPLAY_BLANK BLOCK.TRIAL.RECORDING.DISPLAY_BLANK
1769326.660 ADD_TO_RESULTS_FILE BLOCK.TRIAL.RECORDING.ADD_TO_RESULTS_FILE
1769411.136 SetValueAction 
1769411.170 SetValueAction 
1769411.197 SetValueAction 
1769411.221 SetValueAction 
1769411.247 SetValueAction 
1769411.271 SetValueAction 
1769411.730 CHECK_NEW_BLOCK BLOCK.TRIAL.CHECK_NEW_BLOCK_FALSE
1769414.526 NEW_COUNTERBALANCE_BREAK BLOCK.TRIAL.NEW_COUNTERBALANCE_BREAK (BEGIN) 
1769425.889 NEW_COUNTERBALANCE_BREAK BLOCK.TRIAL.NEW_COUNTERBALANCE_BREAK
1772995.589 KEYBOARD[1] BLOCK.TRIAL.KEYBOARD[1]
el_logger: Quit logger.
******** END OF THE LOG FILE ********
