13688.797 ********************************************************
13688.914 ** Session beginning Thursday February 24, 2022 12:24:20 AM **
13688.924 ** ExperimentBuilder Project : P23 **
13688.930 ** ExperimentBuilder Version : 2.3.38 **
13688.936 ** ExperimentBuilder Build   : Jul 30 2020 **
13688.942 ********************************************************
13688.951 TRACKER_TIME 0 866391.009
14138.889 SETUP_INSTRUCTIONS SETUP_INSTRUCTIONS (BEGIN) 
14143.052 SETUP_INSTRUCTIONS SETUP_INSTRUCTIONS
134142.919 TRACKER_TIME 1 986842.608
134142.992 TIMER TIMER
970668.194 TRACKER_TIME 2 1823350.382
970668.227 EL_CAMERA_SETUP EL_CAMERA_SETUP
970706.486 EXPERIMENTAL__FIRST_BLOCK_INSTRUCTIONS BLOCK.EXPERIMENTAL__FIRST_BLOCK_INSTRUCTIONS (BEGIN) 
970715.158 EXPERIMENTAL__FIRST_BLOCK_INSTRUCTIONS BLOCK.EXPERIMENTAL__FIRST_BLOCK_INSTRUCTIONS
1029639.047 KEYBOARD BLOCK.KEYBOARD
1029639.234 SetValueAction 
1029639.263 SetValueAction 
1029639.290 SetValueAction 
1029639.315 SetValueAction 
1029639.340 SetValueAction 
1029639.365 SetValueAction 
1029639.665 CHECK_NEW_BLOCK BLOCK.TRIAL.CHECK_NEW_BLOCK_TRUE
1029640.176 RESET_VARS BLOCK.TRIAL.RESET_VARS
1030094.632 PREPARE_SEQUENCE BLOCK.TRIAL.PREPARE_SEQUENCE
1060016.509 TRACKER_TIME 3 1912696.489
1060016.812 DRIFT_CORRECT BLOCK.TRIAL.DRIFT_CORRECT
1060131.387 DISPLAY_TEXT BLOCK.TRIAL.RECORDING.DISPLAY_TEXT (BEGIN) 
1060139.099 DISPLAY_TEXT BLOCK.TRIAL.RECORDING.DISPLAY_TEXT
1063698.508 KEYBOARD_TEXT BLOCK.TRIAL.RECORDING.KEYBOARD_TEXT
1063699.168 SET_SENTENCE_RT BLOCK.TRIAL.RECORDING.SET_SENTENCE_RT
1063699.382 CHECK_QUESTION BLOCK.TRIAL.RECORDING.CHECK_QUESTION_TRUE
1063701.393 DISPLAY_BLANK BLOCK.TRIAL.RECORDING.DISPLAY_BLANK (BEGIN) 
1063704.555 DISPLAY_BLANK BLOCK.TRIAL.RECORDING.DISPLAY_BLANK
1063705.387 ADD_TO_RESULTS_FILE BLOCK.TRIAL.RECORDING.ADD_TO_RESULTS_FILE
1063790.128 SetValueAction 
1063790.160 SetValueAction 
1063790.187 SetValueAction 
1063790.213 SetValueAction 
1063790.239 SetValueAction 
1063790.263 SetValueAction 
1063790.613 CHECK_NEW_BLOCK BLOCK.TRIAL.CHECK_NEW_BLOCK_TRUE
1063790.921 RESET_VARS BLOCK.TRIAL.RESET_VARS
1064202.631 PREPARE_SEQUENCE BLOCK.TRIAL.PREPARE_SEQUENCE
1071594.158 DRIFT_CORRECT BLOCK.TRIAL.DRIFT_CORRECT
1071711.230 DISPLAY_TEXT BLOCK.TRIAL.RECORDING.DISPLAY_TEXT (BEGIN) 
1071719.063 DISPLAY_TEXT BLOCK.TRIAL.RECORDING.DISPLAY_TEXT
1073219.796 KEYBOARD_TEXT BLOCK.TRIAL.RECORDING.KEYBOARD_TEXT
1073220.355 SET_SENTENCE_RT BLOCK.TRIAL.RECORDING.SET_SENTENCE_RT
1073220.456 CHECK_QUESTION BLOCK.TRIAL.RECORDING.CHECK_QUESTION_TRUE
1073222.215 DISPLAY_BLANK BLOCK.TRIAL.RECORDING.DISPLAY_BLANK (BEGIN) 
1073235.559 DISPLAY_BLANK BLOCK.TRIAL.RECORDING.DISPLAY_BLANK
1073236.356 ADD_TO_RESULTS_FILE BLOCK.TRIAL.RECORDING.ADD_TO_RESULTS_FILE
1073321.109 SetValueAction 
1073321.143 SetValueAction 
1073321.172 SetValueAction 
1073321.198 SetValueAction 
1073321.225 SetValueAction 
1073321.251 SetValueAction 
1073321.676 CHECK_NEW_BLOCK BLOCK.TRIAL.CHECK_NEW_BLOCK_TRUE
1073322.049 RESET_VARS BLOCK.TRIAL.RESET_VARS
1073768.965 PREPARE_SEQUENCE BLOCK.TRIAL.PREPARE_SEQUENCE
1077190.989 DRIFT_CORRECT BLOCK.TRIAL.DRIFT_CORRECT
1077308.449 DISPLAY_TEXT BLOCK.TRIAL.RECORDING.DISPLAY_TEXT (BEGIN) 
1077320.302 DISPLAY_TEXT BLOCK.TRIAL.RECORDING.DISPLAY_TEXT
1092858.052 KEYBOARD_TEXT BLOCK.TRIAL.RECORDING.KEYBOARD_TEXT
1092858.767 SET_SENTENCE_RT BLOCK.TRIAL.RECORDING.SET_SENTENCE_RT
1092858.956 CHECK_QUESTION BLOCK.TRIAL.RECORDING.CHECK_QUESTION_TRUE
1092864.651 DISPLAY_BLANK BLOCK.TRIAL.RECORDING.DISPLAY_BLANK (BEGIN) 
1092879.904 DISPLAY_BLANK BLOCK.TRIAL.RECORDING.DISPLAY_BLANK
1092880.511 ADD_TO_RESULTS_FILE BLOCK.TRIAL.RECORDING.ADD_TO_RESULTS_FILE
1092967.094 SetValueAction 
1092967.128 SetValueAction 
1092967.155 SetValueAction 
1092967.180 SetValueAction 
1092967.206 SetValueAction 
1092967.230 SetValueAction 
1092967.724 CHECK_NEW_BLOCK BLOCK.TRIAL.CHECK_NEW_BLOCK_TRUE
1092968.112 RESET_VARS BLOCK.TRIAL.RESET_VARS
1093382.694 PREPARE_SEQUENCE BLOCK.TRIAL.PREPARE_SEQUENCE
1096596.619 DRIFT_CORRECT BLOCK.TRIAL.DRIFT_CORRECT
1096717.709 DISPLAY_TEXT BLOCK.TRIAL.RECORDING.DISPLAY_TEXT (BEGIN) 
1096732.567 DISPLAY_TEXT BLOCK.TRIAL.RECORDING.DISPLAY_TEXT
1111853.194 KEYBOARD_TEXT BLOCK.TRIAL.RECORDING.KEYBOARD_TEXT
1111853.861 SET_SENTENCE_RT BLOCK.TRIAL.RECORDING.SET_SENTENCE_RT
1111853.945 CHECK_QUESTION BLOCK.TRIAL.RECORDING.CHECK_QUESTION_TRUE
1111858.631 DISPLAY_BLANK BLOCK.TRIAL.RECORDING.DISPLAY_BLANK (BEGIN) 
1111874.409 DISPLAY_BLANK BLOCK.TRIAL.RECORDING.DISPLAY_BLANK
1111875.075 ADD_TO_RESULTS_FILE BLOCK.TRIAL.RECORDING.ADD_TO_RESULTS_FILE
1111961.121 SetValueAction 
1111961.154 SetValueAction 
1111961.181 SetValueAction 
1111961.207 SetValueAction 
1111961.232 SetValueAction 
1111961.257 SetValueAction 
1111961.616 CHECK_NEW_BLOCK BLOCK.TRIAL.CHECK_NEW_BLOCK_TRUE
1111961.912 RESET_VARS BLOCK.TRIAL.RESET_VARS
1112439.078 PREPARE_SEQUENCE BLOCK.TRIAL.PREPARE_SEQUENCE
1116440.815 DRIFT_CORRECT BLOCK.TRIAL.DRIFT_CORRECT
1116557.638 DISPLAY_TEXT BLOCK.TRIAL.RECORDING.DISPLAY_TEXT (BEGIN) 
1116580.054 DISPLAY_TEXT BLOCK.TRIAL.RECORDING.DISPLAY_TEXT
1136599.234 TRACKER_TIME 4 1989278.063
1136599.312 KEYBOARD_TEXT BLOCK.TRIAL.RECORDING.KEYBOARD_TEXT
1136599.815 SET_SENTENCE_RT BLOCK.TRIAL.RECORDING.SET_SENTENCE_RT
1136599.943 CHECK_QUESTION BLOCK.TRIAL.RECORDING.CHECK_QUESTION_FALSE
1136602.953 DISPLAY_QUESTION BLOCK.TRIAL.RECORDING.DISPLAY_QUESTION (BEGIN) 
1136617.146 DISPLAY_QUESTION BLOCK.TRIAL.RECORDING.DISPLAY_QUESTION
1142661.787 KEYBOARD_QUESTION BLOCK.TRIAL.RECORDING.KEYBOARD_QUESTION
1142661.971 CHECK_RESPONSE_BUTTON BLOCK.TRIAL.RECORDING.CHECK_RESPONSE_BUTTON_TRUE
1142662.470 SET_VARS_CORRECT BLOCK.TRIAL.RECORDING.SET_VARS_CORRECT
1142666.630 DISPLAY_BLANK BLOCK.TRIAL.RECORDING.DISPLAY_BLANK (BEGIN) 
1142682.107 DISPLAY_BLANK BLOCK.TRIAL.RECORDING.DISPLAY_BLANK
1142682.753 ADD_TO_RESULTS_FILE BLOCK.TRIAL.RECORDING.ADD_TO_RESULTS_FILE
1142769.091 SetValueAction 
1142769.123 SetValueAction 
1142769.150 SetValueAction 
1142769.175 SetValueAction 
1142769.201 SetValueAction 
1142769.226 SetValueAction 
1142769.599 CHECK_NEW_BLOCK BLOCK.TRIAL.CHECK_NEW_BLOCK_TRUE
1142769.860 RESET_VARS BLOCK.TRIAL.RESET_VARS
1143212.691 PREPARE_SEQUENCE BLOCK.TRIAL.PREPARE_SEQUENCE
1187689.635 DRIFT_CORRECT BLOCK.TRIAL.DRIFT_CORRECT
1187805.957 DISPLAY_TEXT BLOCK.TRIAL.RECORDING.DISPLAY_TEXT (BEGIN) 
1187818.872 DISPLAY_TEXT BLOCK.TRIAL.RECORDING.DISPLAY_TEXT
1201630.472 TRACKER_TIME 5 2054307.930
1201630.548 KEYBOARD_TEXT BLOCK.TRIAL.RECORDING.KEYBOARD_TEXT
1201631.154 SET_SENTENCE_RT BLOCK.TRIAL.RECORDING.SET_SENTENCE_RT
1201631.378 CHECK_QUESTION BLOCK.TRIAL.RECORDING.CHECK_QUESTION_TRUE
1201633.336 DISPLAY_BLANK BLOCK.TRIAL.RECORDING.DISPLAY_BLANK (BEGIN) 
1201648.293 DISPLAY_BLANK BLOCK.TRIAL.RECORDING.DISPLAY_BLANK
1201648.890 ADD_TO_RESULTS_FILE BLOCK.TRIAL.RECORDING.ADD_TO_RESULTS_FILE
1201733.098 SetValueAction 
1201733.131 SetValueAction 
1201733.159 SetValueAction 
1201733.189 SetValueAction 
1201733.215 SetValueAction 
1201733.240 SetValueAction 
1201733.632 CHECK_NEW_BLOCK BLOCK.TRIAL.CHECK_NEW_BLOCK_TRUE
1201733.984 RESET_VARS BLOCK.TRIAL.RESET_VARS
1202176.109 PREPARE_SEQUENCE BLOCK.TRIAL.PREPARE_SEQUENCE
1203483.824 DRIFT_CORRECT BLOCK.TRIAL.DRIFT_CORRECT
1203599.862 DISPLAY_TEXT BLOCK.TRIAL.RECORDING.DISPLAY_TEXT (BEGIN) 
1203614.897 DISPLAY_TEXT BLOCK.TRIAL.RECORDING.DISPLAY_TEXT
1219611.313 KEYBOARD_TEXT BLOCK.TRIAL.RECORDING.KEYBOARD_TEXT
1219611.987 SET_SENTENCE_RT BLOCK.TRIAL.RECORDING.SET_SENTENCE_RT
1219612.084 CHECK_QUESTION BLOCK.TRIAL.RECORDING.CHECK_QUESTION_TRUE
1219614.180 DISPLAY_BLANK BLOCK.TRIAL.RECORDING.DISPLAY_BLANK (BEGIN) 
1219626.272 DISPLAY_BLANK BLOCK.TRIAL.RECORDING.DISPLAY_BLANK
1219626.907 ADD_TO_RESULTS_FILE BLOCK.TRIAL.RECORDING.ADD_TO_RESULTS_FILE
1219713.123 SetValueAction 
1219713.156 SetValueAction 
1219713.183 SetValueAction 
1219713.208 SetValueAction 
1219713.234 SetValueAction 
1219713.259 SetValueAction 
1219713.624 CHECK_NEW_BLOCK BLOCK.TRIAL.CHECK_NEW_BLOCK_TRUE
1219713.946 RESET_VARS BLOCK.TRIAL.RESET_VARS
1220147.870 PREPARE_SEQUENCE BLOCK.TRIAL.PREPARE_SEQUENCE
1221218.925 DRIFT_CORRECT BLOCK.TRIAL.DRIFT_CORRECT
1221336.880 DISPLAY_TEXT BLOCK.TRIAL.RECORDING.DISPLAY_TEXT (BEGIN) 
1221352.554 DISPLAY_TEXT BLOCK.TRIAL.RECORDING.DISPLAY_TEXT
1236642.564 KEYBOARD_TEXT BLOCK.TRIAL.RECORDING.KEYBOARD_TEXT
1236643.157 SET_SENTENCE_RT BLOCK.TRIAL.RECORDING.SET_SENTENCE_RT
1236643.333 CHECK_QUESTION BLOCK.TRIAL.RECORDING.CHECK_QUESTION_FALSE
1236646.185 DISPLAY_QUESTION BLOCK.TRIAL.RECORDING.DISPLAY_QUESTION (BEGIN) 
1236654.478 DISPLAY_QUESTION BLOCK.TRIAL.RECORDING.DISPLAY_QUESTION
1241138.635 KEYBOARD_QUESTION BLOCK.TRIAL.RECORDING.KEYBOARD_QUESTION
1241138.866 CHECK_RESPONSE_BUTTON BLOCK.TRIAL.RECORDING.CHECK_RESPONSE_BUTTON_TRUE
1241139.590 SET_VARS_CORRECT BLOCK.TRIAL.RECORDING.SET_VARS_CORRECT
1241141.436 DISPLAY_BLANK BLOCK.TRIAL.RECORDING.DISPLAY_BLANK (BEGIN) 
1241153.341 DISPLAY_BLANK BLOCK.TRIAL.RECORDING.DISPLAY_BLANK
1241153.953 ADD_TO_RESULTS_FILE BLOCK.TRIAL.RECORDING.ADD_TO_RESULTS_FILE
1241240.094 SetValueAction 
1241240.127 SetValueAction 
1241240.165 SetValueAction 
1241240.190 SetValueAction 
1241240.215 SetValueAction 
1241240.240 SetValueAction 
1241240.598 CHECK_NEW_BLOCK BLOCK.TRIAL.CHECK_NEW_BLOCK_TRUE
1241241.033 RESET_VARS BLOCK.TRIAL.RESET_VARS
1241694.547 PREPARE_SEQUENCE BLOCK.TRIAL.PREPARE_SEQUENCE
1245722.903 DRIFT_CORRECT BLOCK.TRIAL.DRIFT_CORRECT
1245838.907 DISPLAY_TEXT BLOCK.TRIAL.RECORDING.DISPLAY_TEXT (BEGIN) 
1245852.000 DISPLAY_TEXT BLOCK.TRIAL.RECORDING.DISPLAY_TEXT
1251332.404 KEYBOARD_TEXT BLOCK.TRIAL.RECORDING.KEYBOARD_TEXT
1251332.985 SET_SENTENCE_RT BLOCK.TRIAL.RECORDING.SET_SENTENCE_RT
1251333.101 CHECK_QUESTION BLOCK.TRIAL.RECORDING.CHECK_QUESTION_TRUE
1251335.122 DISPLAY_BLANK BLOCK.TRIAL.RECORDING.DISPLAY_BLANK (BEGIN) 
1251350.520 DISPLAY_BLANK BLOCK.TRIAL.RECORDING.DISPLAY_BLANK
1251351.228 ADD_TO_RESULTS_FILE BLOCK.TRIAL.RECORDING.ADD_TO_RESULTS_FILE
1251436.096 SetValueAction 
1251436.129 SetValueAction 
1251436.157 SetValueAction 
1251436.182 SetValueAction 
1251436.207 SetValueAction 
1251436.231 SetValueAction 
1251436.680 CHECK_NEW_BLOCK BLOCK.TRIAL.CHECK_NEW_BLOCK_FALSE
1251472.317 NEW_COUNTERBALANCE_BREAK BLOCK.TRIAL.NEW_COUNTERBALANCE_BREAK (BEGIN) 
1251483.647 NEW_COUNTERBALANCE_BREAK BLOCK.TRIAL.NEW_COUNTERBALANCE_BREAK
1339580.278 TRACKER_TIME 6 2192254.855
1339580.356 KEYBOARD[1] BLOCK.TRIAL.KEYBOARD[1]
1385283.458 EL_CAMERA_SETUP BLOCK.TRIAL.EL_CAMERA_SETUP
1385325.051 EXPERIMENT_CONTINUE BLOCK.TRIAL.EXPERIMENT_CONTINUE (BEGIN) 
1385327.748 EXPERIMENT_CONTINUE BLOCK.TRIAL.EXPERIMENT_CONTINUE
1390580.983 KEYBOARD BLOCK.TRIAL.KEYBOARD
1390581.450 RESET_VARS BLOCK.TRIAL.RESET_VARS
1391040.123 PREPARE_SEQUENCE BLOCK.TRIAL.PREPARE_SEQUENCE
1392758.007 DRIFT_CORRECT BLOCK.TRIAL.DRIFT_CORRECT
1392873.107 DISPLAY_TEXT BLOCK.TRIAL.RECORDING.DISPLAY_TEXT (BEGIN) 
1392876.794 DISPLAY_TEXT BLOCK.TRIAL.RECORDING.DISPLAY_TEXT
1394310.187 KEYBOARD_TEXT BLOCK.TRIAL.RECORDING.KEYBOARD_TEXT
1394310.693 SET_SENTENCE_RT BLOCK.TRIAL.RECORDING.SET_SENTENCE_RT
1394310.824 CHECK_QUESTION BLOCK.TRIAL.RECORDING.CHECK_QUESTION_TRUE
1394312.717 DISPLAY_BLANK BLOCK.TRIAL.RECORDING.DISPLAY_BLANK (BEGIN) 
1394325.539 DISPLAY_BLANK BLOCK.TRIAL.RECORDING.DISPLAY_BLANK
1394326.181 ADD_TO_RESULTS_FILE BLOCK.TRIAL.RECORDING.ADD_TO_RESULTS_FILE
1394411.097 SetValueAction 
1394411.130 SetValueAction 
1394411.158 SetValueAction 
1394411.183 SetValueAction 
1394411.227 SetValueAction 
1394411.269 SetValueAction 
1394411.653 CHECK_NEW_BLOCK BLOCK.TRIAL.CHECK_NEW_BLOCK_TRUE
1394412.031 RESET_VARS BLOCK.TRIAL.RESET_VARS
1394860.438 PREPARE_SEQUENCE BLOCK.TRIAL.PREPARE_SEQUENCE
1397387.508 DRIFT_CORRECT BLOCK.TRIAL.DRIFT_CORRECT
1397502.732 DISPLAY_TEXT BLOCK.TRIAL.RECORDING.DISPLAY_TEXT (BEGIN) 
1397513.989 DISPLAY_TEXT BLOCK.TRIAL.RECORDING.DISPLAY_TEXT
1407413.948 TRACKER_TIME 7 2260087.115
1407414.022 KEYBOARD_TEXT BLOCK.TRIAL.RECORDING.KEYBOARD_TEXT
1407414.602 SET_SENTENCE_RT BLOCK.TRIAL.RECORDING.SET_SENTENCE_RT
1407414.710 CHECK_QUESTION BLOCK.TRIAL.RECORDING.CHECK_QUESTION_TRUE
1407416.744 DISPLAY_BLANK BLOCK.TRIAL.RECORDING.DISPLAY_BLANK (BEGIN) 
1407421.409 DISPLAY_BLANK BLOCK.TRIAL.RECORDING.DISPLAY_BLANK
1407422.009 ADD_TO_RESULTS_FILE BLOCK.TRIAL.RECORDING.ADD_TO_RESULTS_FILE
1407508.094 SetValueAction 
1407508.126 SetValueAction 
1407508.153 SetValueAction 
1407508.178 SetValueAction 
1407508.203 SetValueAction 
1407508.227 SetValueAction 
1407508.601 CHECK_NEW_BLOCK BLOCK.TRIAL.CHECK_NEW_BLOCK_TRUE
1407508.951 RESET_VARS BLOCK.TRIAL.RESET_VARS
1407909.525 PREPARE_SEQUENCE BLOCK.TRIAL.PREPARE_SEQUENCE
1412067.073 DRIFT_CORRECT BLOCK.TRIAL.DRIFT_CORRECT
1412188.633 DISPLAY_TEXT BLOCK.TRIAL.RECORDING.DISPLAY_TEXT (BEGIN) 
1412208.302 DISPLAY_TEXT BLOCK.TRIAL.RECORDING.DISPLAY_TEXT
1430846.246 KEYBOARD_TEXT BLOCK.TRIAL.RECORDING.KEYBOARD_TEXT
1430846.714 SET_SENTENCE_RT BLOCK.TRIAL.RECORDING.SET_SENTENCE_RT
1430846.833 CHECK_QUESTION BLOCK.TRIAL.RECORDING.CHECK_QUESTION_TRUE
1430848.771 DISPLAY_BLANK BLOCK.TRIAL.RECORDING.DISPLAY_BLANK (BEGIN) 
1430865.056 DISPLAY_BLANK BLOCK.TRIAL.RECORDING.DISPLAY_BLANK
1430865.677 ADD_TO_RESULTS_FILE BLOCK.TRIAL.RECORDING.ADD_TO_RESULTS_FILE
1430952.088 SetValueAction 
1430952.119 SetValueAction 
1430952.145 SetValueAction 
1430952.171 SetValueAction 
1430952.197 SetValueAction 
1430952.221 SetValueAction 
1430952.778 CHECK_NEW_BLOCK BLOCK.TRIAL.CHECK_NEW_BLOCK_TRUE
1430953.119 RESET_VARS BLOCK.TRIAL.RESET_VARS
1431413.262 PREPARE_SEQUENCE BLOCK.TRIAL.PREPARE_SEQUENCE
1437477.280 DRIFT_CORRECT BLOCK.TRIAL.DRIFT_CORRECT
1437591.711 DISPLAY_TEXT BLOCK.TRIAL.RECORDING.DISPLAY_TEXT (BEGIN) 
1437602.983 DISPLAY_TEXT BLOCK.TRIAL.RECORDING.DISPLAY_TEXT
1444680.401 KEYBOARD_TEXT BLOCK.TRIAL.RECORDING.KEYBOARD_TEXT
1444680.997 SET_SENTENCE_RT BLOCK.TRIAL.RECORDING.SET_SENTENCE_RT
1444681.141 CHECK_QUESTION BLOCK.TRIAL.RECORDING.CHECK_QUESTION_TRUE
1444683.232 DISPLAY_BLANK BLOCK.TRIAL.RECORDING.DISPLAY_BLANK (BEGIN) 
1444694.157 DISPLAY_BLANK BLOCK.TRIAL.RECORDING.DISPLAY_BLANK
1444694.776 ADD_TO_RESULTS_FILE BLOCK.TRIAL.RECORDING.ADD_TO_RESULTS_FILE
1444779.095 SetValueAction 
1444779.129 SetValueAction 
1444779.156 SetValueAction 
1444779.182 SetValueAction 
1444779.208 SetValueAction 
1444779.233 SetValueAction 
1444779.597 CHECK_NEW_BLOCK BLOCK.TRIAL.CHECK_NEW_BLOCK_TRUE
1444780.028 RESET_VARS BLOCK.TRIAL.RESET_VARS
1445261.061 PREPARE_SEQUENCE BLOCK.TRIAL.PREPARE_SEQUENCE
1446385.937 DRIFT_CORRECT BLOCK.TRIAL.DRIFT_CORRECT
1446499.745 DISPLAY_TEXT BLOCK.TRIAL.RECORDING.DISPLAY_TEXT (BEGIN) 
1446513.291 DISPLAY_TEXT BLOCK.TRIAL.RECORDING.DISPLAY_TEXT
1456776.471 KEYBOARD_TEXT BLOCK.TRIAL.RECORDING.KEYBOARD_TEXT
1456777.091 SET_SENTENCE_RT BLOCK.TRIAL.RECORDING.SET_SENTENCE_RT
1456777.222 CHECK_QUESTION BLOCK.TRIAL.RECORDING.CHECK_QUESTION_TRUE
1456779.216 DISPLAY_BLANK BLOCK.TRIAL.RECORDING.DISPLAY_BLANK (BEGIN) 
1456790.669 DISPLAY_BLANK BLOCK.TRIAL.RECORDING.DISPLAY_BLANK
1456791.362 ADD_TO_RESULTS_FILE BLOCK.TRIAL.RECORDING.ADD_TO_RESULTS_FILE
1456877.096 SetValueAction 
1456877.129 SetValueAction 
1456877.157 SetValueAction 
1456877.182 SetValueAction 
1456877.208 SetValueAction 
1456877.232 SetValueAction 
1456877.669 CHECK_NEW_BLOCK BLOCK.TRIAL.CHECK_NEW_BLOCK_TRUE
1456878.065 RESET_VARS BLOCK.TRIAL.RESET_VARS
1457312.393 PREPARE_SEQUENCE BLOCK.TRIAL.PREPARE_SEQUENCE
1462338.333 DRIFT_CORRECT BLOCK.TRIAL.DRIFT_CORRECT
1462455.769 DISPLAY_TEXT BLOCK.TRIAL.RECORDING.DISPLAY_TEXT (BEGIN) 
1462476.175 DISPLAY_TEXT BLOCK.TRIAL.RECORDING.DISPLAY_TEXT
1484342.137 TRACKER_TIME 8 2337013.677
1484342.231 KEYBOARD_TEXT BLOCK.TRIAL.RECORDING.KEYBOARD_TEXT
1484342.795 SET_SENTENCE_RT BLOCK.TRIAL.RECORDING.SET_SENTENCE_RT
1484342.958 CHECK_QUESTION BLOCK.TRIAL.RECORDING.CHECK_QUESTION_TRUE
1484344.869 DISPLAY_BLANK BLOCK.TRIAL.RECORDING.DISPLAY_BLANK (BEGIN) 
1484349.002 DISPLAY_BLANK BLOCK.TRIAL.RECORDING.DISPLAY_BLANK
1484349.625 ADD_TO_RESULTS_FILE BLOCK.TRIAL.RECORDING.ADD_TO_RESULTS_FILE
1484434.094 SetValueAction 
1484434.125 SetValueAction 
1484434.152 SetValueAction 
1484434.178 SetValueAction 
1484434.203 SetValueAction 
1484434.228 SetValueAction 
1484434.721 CHECK_NEW_BLOCK BLOCK.TRIAL.CHECK_NEW_BLOCK_TRUE
1484435.023 RESET_VARS BLOCK.TRIAL.RESET_VARS
1484869.819 PREPARE_SEQUENCE BLOCK.TRIAL.PREPARE_SEQUENCE
1485906.221 DRIFT_CORRECT BLOCK.TRIAL.DRIFT_CORRECT
1486019.738 DISPLAY_TEXT BLOCK.TRIAL.RECORDING.DISPLAY_TEXT (BEGIN) 
1486038.074 DISPLAY_TEXT BLOCK.TRIAL.RECORDING.DISPLAY_TEXT
1503019.123 KEYBOARD_TEXT BLOCK.TRIAL.RECORDING.KEYBOARD_TEXT
1503019.715 SET_SENTENCE_RT BLOCK.TRIAL.RECORDING.SET_SENTENCE_RT
1503019.918 CHECK_QUESTION BLOCK.TRIAL.RECORDING.CHECK_QUESTION_TRUE
1503021.838 DISPLAY_BLANK BLOCK.TRIAL.RECORDING.DISPLAY_BLANK (BEGIN) 
1503027.015 DISPLAY_BLANK BLOCK.TRIAL.RECORDING.DISPLAY_BLANK
1503027.651 ADD_TO_RESULTS_FILE BLOCK.TRIAL.RECORDING.ADD_TO_RESULTS_FILE
1503113.097 SetValueAction 
1503113.130 SetValueAction 
1503113.158 SetValueAction 
1503113.186 SetValueAction 
1503113.216 SetValueAction 
1503113.241 SetValueAction 
1503113.640 CHECK_NEW_BLOCK BLOCK.TRIAL.CHECK_NEW_BLOCK_TRUE
1503114.005 RESET_VARS BLOCK.TRIAL.RESET_VARS
1503568.834 PREPARE_SEQUENCE BLOCK.TRIAL.PREPARE_SEQUENCE
1509718.456 DRIFT_CORRECT BLOCK.TRIAL.DRIFT_CORRECT
1509838.824 DISPLAY_TEXT BLOCK.TRIAL.RECORDING.DISPLAY_TEXT (BEGIN) 
1509861.594 DISPLAY_TEXT BLOCK.TRIAL.RECORDING.DISPLAY_TEXT
1534237.952 KEYBOARD_TEXT BLOCK.TRIAL.RECORDING.KEYBOARD_TEXT
1534238.851 SET_SENTENCE_RT BLOCK.TRIAL.RECORDING.SET_SENTENCE_RT
1534239.026 CHECK_QUESTION BLOCK.TRIAL.RECORDING.CHECK_QUESTION_TRUE
1534241.206 DISPLAY_BLANK BLOCK.TRIAL.RECORDING.DISPLAY_BLANK (BEGIN) 
1534251.437 DISPLAY_BLANK BLOCK.TRIAL.RECORDING.DISPLAY_BLANK
1534252.286 ADD_TO_RESULTS_FILE BLOCK.TRIAL.RECORDING.ADD_TO_RESULTS_FILE
1534337.098 SetValueAction 
1534337.131 SetValueAction 
1534337.159 SetValueAction 
1534337.184 SetValueAction 
1534337.210 SetValueAction 
1534337.235 SetValueAction 
1534337.633 CHECK_NEW_BLOCK BLOCK.TRIAL.CHECK_NEW_BLOCK_TRUE
1534338.011 RESET_VARS BLOCK.TRIAL.RESET_VARS
1534792.129 PREPARE_SEQUENCE BLOCK.TRIAL.PREPARE_SEQUENCE
1537611.208 DRIFT_CORRECT BLOCK.TRIAL.DRIFT_CORRECT
1537726.770 DISPLAY_TEXT BLOCK.TRIAL.RECORDING.DISPLAY_TEXT (BEGIN) 
1537741.544 DISPLAY_TEXT BLOCK.TRIAL.RECORDING.DISPLAY_TEXT
1561107.776 TRACKER_TIME 9 2413777.739
1561107.853 KEYBOARD_TEXT BLOCK.TRIAL.RECORDING.KEYBOARD_TEXT
1561108.472 SET_SENTENCE_RT BLOCK.TRIAL.RECORDING.SET_SENTENCE_RT
1561108.664 CHECK_QUESTION BLOCK.TRIAL.RECORDING.CHECK_QUESTION_TRUE
1561110.688 DISPLAY_BLANK BLOCK.TRIAL.RECORDING.DISPLAY_BLANK (BEGIN) 
1561127.206 DISPLAY_BLANK BLOCK.TRIAL.RECORDING.DISPLAY_BLANK
1561127.846 ADD_TO_RESULTS_FILE BLOCK.TRIAL.RECORDING.ADD_TO_RESULTS_FILE
1561215.093 SetValueAction 
1561215.126 SetValueAction 
1561215.154 SetValueAction 
1561215.179 SetValueAction 
1561215.205 SetValueAction 
1561215.230 SetValueAction 
1561215.625 CHECK_NEW_BLOCK BLOCK.TRIAL.CHECK_NEW_BLOCK_TRUE
1561215.959 RESET_VARS BLOCK.TRIAL.RESET_VARS
1561629.816 PREPARE_SEQUENCE BLOCK.TRIAL.PREPARE_SEQUENCE
1562889.915 DRIFT_CORRECT BLOCK.TRIAL.DRIFT_CORRECT
1563004.937 DISPLAY_TEXT BLOCK.TRIAL.RECORDING.DISPLAY_TEXT (BEGIN) 
1563052.224 DISPLAY_TEXT BLOCK.TRIAL.RECORDING.DISPLAY_TEXT
1596102.288 KEYBOARD_TEXT BLOCK.TRIAL.RECORDING.KEYBOARD_TEXT
1596102.971 SET_SENTENCE_RT BLOCK.TRIAL.RECORDING.SET_SENTENCE_RT
1596103.174 CHECK_QUESTION BLOCK.TRIAL.RECORDING.CHECK_QUESTION_TRUE
1596105.167 DISPLAY_BLANK BLOCK.TRIAL.RECORDING.DISPLAY_BLANK (BEGIN) 
1596116.837 DISPLAY_BLANK BLOCK.TRIAL.RECORDING.DISPLAY_BLANK
1596117.473 ADD_TO_RESULTS_FILE BLOCK.TRIAL.RECORDING.ADD_TO_RESULTS_FILE
1596202.095 SetValueAction 
1596202.127 SetValueAction 
1596202.155 SetValueAction 
1596202.180 SetValueAction 
1596202.206 SetValueAction 
1596202.230 SetValueAction 
1596202.576 CHECK_NEW_BLOCK BLOCK.TRIAL.CHECK_NEW_BLOCK_TRUE
1596202.914 RESET_VARS BLOCK.TRIAL.RESET_VARS
1596637.968 PREPARE_SEQUENCE BLOCK.TRIAL.PREPARE_SEQUENCE
1603489.971 DRIFT_CORRECT BLOCK.TRIAL.DRIFT_CORRECT
1603610.772 DISPLAY_TEXT BLOCK.TRIAL.RECORDING.DISPLAY_TEXT (BEGIN) 
1603625.765 DISPLAY_TEXT BLOCK.TRIAL.RECORDING.DISPLAY_TEXT
1615645.583 KEYBOARD_TEXT BLOCK.TRIAL.RECORDING.KEYBOARD_TEXT
1615646.321 SET_SENTENCE_RT BLOCK.TRIAL.RECORDING.SET_SENTENCE_RT
1615646.559 CHECK_QUESTION BLOCK.TRIAL.RECORDING.CHECK_QUESTION_FALSE
1615649.702 DISPLAY_QUESTION BLOCK.TRIAL.RECORDING.DISPLAY_QUESTION (BEGIN) 
1615661.130 DISPLAY_QUESTION BLOCK.TRIAL.RECORDING.DISPLAY_QUESTION
1618954.294 KEYBOARD_QUESTION BLOCK.TRIAL.RECORDING.KEYBOARD_QUESTION
1618954.477 CHECK_RESPONSE_BUTTON BLOCK.TRIAL.RECORDING.CHECK_RESPONSE_BUTTON_TRUE
1618954.860 SET_VARS_CORRECT BLOCK.TRIAL.RECORDING.SET_VARS_CORRECT
1618956.648 DISPLAY_BLANK BLOCK.TRIAL.RECORDING.DISPLAY_BLANK (BEGIN) 
1618959.847 DISPLAY_BLANK BLOCK.TRIAL.RECORDING.DISPLAY_BLANK
1618960.528 ADD_TO_RESULTS_FILE BLOCK.TRIAL.RECORDING.ADD_TO_RESULTS_FILE
1619047.112 SetValueAction 
1619047.144 SetValueAction 
1619047.172 SetValueAction 
1619047.197 SetValueAction 
1619047.223 SetValueAction 
1619047.248 SetValueAction 
1619047.876 CHECK_NEW_BLOCK BLOCK.TRIAL.CHECK_NEW_BLOCK_TRUE
1619048.276 RESET_VARS BLOCK.TRIAL.RESET_VARS
1619508.381 PREPARE_SEQUENCE BLOCK.TRIAL.PREPARE_SEQUENCE
1627867.540 TRACKER_TIME 10 2480535.637
1627867.616 DRIFT_CORRECT BLOCK.TRIAL.DRIFT_CORRECT
1627990.903 DISPLAY_TEXT BLOCK.TRIAL.RECORDING.DISPLAY_TEXT (BEGIN) 
1628013.652 DISPLAY_TEXT BLOCK.TRIAL.RECORDING.DISPLAY_TEXT
1651554.686 KEYBOARD_TEXT BLOCK.TRIAL.RECORDING.KEYBOARD_TEXT
1651555.238 SET_SENTENCE_RT BLOCK.TRIAL.RECORDING.SET_SENTENCE_RT
1651555.362 CHECK_QUESTION BLOCK.TRIAL.RECORDING.CHECK_QUESTION_FALSE
1651558.130 DISPLAY_QUESTION BLOCK.TRIAL.RECORDING.DISPLAY_QUESTION (BEGIN) 
1651567.282 DISPLAY_QUESTION BLOCK.TRIAL.RECORDING.DISPLAY_QUESTION
1656757.894 KEYBOARD_QUESTION BLOCK.TRIAL.RECORDING.KEYBOARD_QUESTION
1656758.133 CHECK_RESPONSE_BUTTON BLOCK.TRIAL.RECORDING.CHECK_RESPONSE_BUTTON_TRUE
1656758.918 SET_VARS_CORRECT BLOCK.TRIAL.RECORDING.SET_VARS_CORRECT
1656760.980 DISPLAY_BLANK BLOCK.TRIAL.RECORDING.DISPLAY_BLANK (BEGIN) 
1656765.566 DISPLAY_BLANK BLOCK.TRIAL.RECORDING.DISPLAY_BLANK
1656766.214 ADD_TO_RESULTS_FILE BLOCK.TRIAL.RECORDING.ADD_TO_RESULTS_FILE
1656853.090 SetValueAction 
1656853.122 SetValueAction 
1656853.149 SetValueAction 
1656853.174 SetValueAction 
1656853.199 SetValueAction 
1656853.225 SetValueAction 
1656853.595 CHECK_NEW_BLOCK BLOCK.TRIAL.CHECK_NEW_BLOCK_TRUE
1656853.841 RESET_VARS BLOCK.TRIAL.RESET_VARS
1657283.126 PREPARE_SEQUENCE BLOCK.TRIAL.PREPARE_SEQUENCE
1670149.897 DRIFT_CORRECT BLOCK.TRIAL.DRIFT_CORRECT
1670271.846 DISPLAY_TEXT BLOCK.TRIAL.RECORDING.DISPLAY_TEXT (BEGIN) 
1670291.783 DISPLAY_TEXT BLOCK.TRIAL.RECORDING.DISPLAY_TEXT
1723392.458 TRACKER_TIME 11 2576059.045
1723392.535 KEYBOARD_TEXT BLOCK.TRIAL.RECORDING.KEYBOARD_TEXT
1723393.284 SET_SENTENCE_RT BLOCK.TRIAL.RECORDING.SET_SENTENCE_RT
1723393.346 CHECK_QUESTION BLOCK.TRIAL.RECORDING.CHECK_QUESTION_TRUE
1723397.632 DISPLAY_BLANK BLOCK.TRIAL.RECORDING.DISPLAY_BLANK (BEGIN) 
1723413.340 DISPLAY_BLANK BLOCK.TRIAL.RECORDING.DISPLAY_BLANK
1723413.946 ADD_TO_RESULTS_FILE BLOCK.TRIAL.RECORDING.ADD_TO_RESULTS_FILE
1723501.093 SetValueAction 
1723501.126 SetValueAction 
1723501.154 SetValueAction 
1723501.179 SetValueAction 
1723501.204 SetValueAction 
1723501.229 SetValueAction 
1723501.695 CHECK_NEW_BLOCK BLOCK.TRIAL.CHECK_NEW_BLOCK_TRUE
1723502.099 RESET_VARS BLOCK.TRIAL.RESET_VARS
1723916.877 PREPARE_SEQUENCE BLOCK.TRIAL.PREPARE_SEQUENCE
1728411.052 DRIFT_CORRECT BLOCK.TRIAL.DRIFT_CORRECT
1728525.849 DISPLAY_TEXT BLOCK.TRIAL.RECORDING.DISPLAY_TEXT (BEGIN) 
1728545.471 DISPLAY_TEXT BLOCK.TRIAL.RECORDING.DISPLAY_TEXT
1750217.600 KEYBOARD_TEXT BLOCK.TRIAL.RECORDING.KEYBOARD_TEXT
1750218.056 SET_SENTENCE_RT BLOCK.TRIAL.RECORDING.SET_SENTENCE_RT
1750218.149 CHECK_QUESTION BLOCK.TRIAL.RECORDING.CHECK_QUESTION_TRUE
1750223.633 DISPLAY_BLANK BLOCK.TRIAL.RECORDING.DISPLAY_BLANK (BEGIN) 
1750238.837 DISPLAY_BLANK BLOCK.TRIAL.RECORDING.DISPLAY_BLANK
1750239.488 ADD_TO_RESULTS_FILE BLOCK.TRIAL.RECORDING.ADD_TO_RESULTS_FILE
1750324.091 SetValueAction 
1750324.124 SetValueAction 
1750324.151 SetValueAction 
1750324.176 SetValueAction 
1750324.201 SetValueAction 
1750324.232 SetValueAction 
1750324.621 CHECK_NEW_BLOCK BLOCK.TRIAL.CHECK_NEW_BLOCK_TRUE
1750324.988 RESET_VARS BLOCK.TRIAL.RESET_VARS
1750780.280 PREPARE_SEQUENCE BLOCK.TRIAL.PREPARE_SEQUENCE
1752100.956 DRIFT_CORRECT BLOCK.TRIAL.DRIFT_CORRECT
1752214.782 DISPLAY_TEXT BLOCK.TRIAL.RECORDING.DISPLAY_TEXT (BEGIN) 
1752249.478 DISPLAY_TEXT BLOCK.TRIAL.RECORDING.DISPLAY_TEXT
1770461.320 KEYBOARD_TEXT BLOCK.TRIAL.RECORDING.KEYBOARD_TEXT
1770461.940 SET_SENTENCE_RT BLOCK.TRIAL.RECORDING.SET_SENTENCE_RT
1770462.021 CHECK_QUESTION BLOCK.TRIAL.RECORDING.CHECK_QUESTION_TRUE
1770467.632 DISPLAY_BLANK BLOCK.TRIAL.RECORDING.DISPLAY_BLANK (BEGIN) 
1770482.966 DISPLAY_BLANK BLOCK.TRIAL.RECORDING.DISPLAY_BLANK
1770483.589 ADD_TO_RESULTS_FILE BLOCK.TRIAL.RECORDING.ADD_TO_RESULTS_FILE
1770570.093 SetValueAction 
1770570.126 SetValueAction 
1770570.154 SetValueAction 
1770570.179 SetValueAction 
1770570.204 SetValueAction 
1770570.229 SetValueAction 
1770570.608 CHECK_NEW_BLOCK BLOCK.TRIAL.CHECK_NEW_BLOCK_TRUE
1770570.925 RESET_VARS BLOCK.TRIAL.RESET_VARS
1771011.588 PREPARE_SEQUENCE BLOCK.TRIAL.PREPARE_SEQUENCE
1774458.157 DRIFT_CORRECT BLOCK.TRIAL.DRIFT_CORRECT
1774574.742 DISPLAY_TEXT BLOCK.TRIAL.RECORDING.DISPLAY_TEXT (BEGIN) 
1774591.932 DISPLAY_TEXT BLOCK.TRIAL.RECORDING.DISPLAY_TEXT
1787635.081 TRACKER_TIME 12 2640300.320
1787635.159 KEYBOARD_TEXT BLOCK.TRIAL.RECORDING.KEYBOARD_TEXT
1787635.719 SET_SENTENCE_RT BLOCK.TRIAL.RECORDING.SET_SENTENCE_RT
1787635.791 CHECK_QUESTION BLOCK.TRIAL.RECORDING.CHECK_QUESTION_TRUE
1787637.861 DISPLAY_BLANK BLOCK.TRIAL.RECORDING.DISPLAY_BLANK (BEGIN) 
1787644.312 DISPLAY_BLANK BLOCK.TRIAL.RECORDING.DISPLAY_BLANK
1787644.940 ADD_TO_RESULTS_FILE BLOCK.TRIAL.RECORDING.ADD_TO_RESULTS_FILE
1787730.096 SetValueAction 
1787730.129 SetValueAction 
1787730.156 SetValueAction 
1787730.182 SetValueAction 
1787730.207 SetValueAction 
1787730.232 SetValueAction 
1787730.659 CHECK_NEW_BLOCK BLOCK.TRIAL.CHECK_NEW_BLOCK_TRUE
1787730.996 RESET_VARS BLOCK.TRIAL.RESET_VARS
1788147.357 PREPARE_SEQUENCE BLOCK.TRIAL.PREPARE_SEQUENCE
1790739.831 DRIFT_CORRECT BLOCK.TRIAL.DRIFT_CORRECT
1790860.992 DISPLAY_TEXT BLOCK.TRIAL.RECORDING.DISPLAY_TEXT (BEGIN) 
1790885.216 DISPLAY_TEXT BLOCK.TRIAL.RECORDING.DISPLAY_TEXT
1823934.335 KEYBOARD_TEXT BLOCK.TRIAL.RECORDING.KEYBOARD_TEXT
1823934.886 SET_SENTENCE_RT BLOCK.TRIAL.RECORDING.SET_SENTENCE_RT
1823934.991 CHECK_QUESTION BLOCK.TRIAL.RECORDING.CHECK_QUESTION_TRUE
1823936.848 DISPLAY_BLANK BLOCK.TRIAL.RECORDING.DISPLAY_BLANK (BEGIN) 
1823950.707 DISPLAY_BLANK BLOCK.TRIAL.RECORDING.DISPLAY_BLANK
1823951.333 ADD_TO_RESULTS_FILE BLOCK.TRIAL.RECORDING.ADD_TO_RESULTS_FILE
1824037.097 SetValueAction 
1824037.130 SetValueAction 
1824037.158 SetValueAction 
1824037.184 SetValueAction 
1824037.209 SetValueAction 
1824037.234 SetValueAction 
1824037.640 CHECK_NEW_BLOCK BLOCK.TRIAL.CHECK_NEW_BLOCK_TRUE
1824038.029 RESET_VARS BLOCK.TRIAL.RESET_VARS
1824486.777 PREPARE_SEQUENCE BLOCK.TRIAL.PREPARE_SEQUENCE
1828961.685 DRIFT_CORRECT BLOCK.TRIAL.DRIFT_CORRECT
1829075.784 DISPLAY_TEXT BLOCK.TRIAL.RECORDING.DISPLAY_TEXT (BEGIN) 
1829088.356 DISPLAY_TEXT BLOCK.TRIAL.RECORDING.DISPLAY_TEXT
1838288.766 KEYBOARD_TEXT BLOCK.TRIAL.RECORDING.KEYBOARD_TEXT
1838289.307 SET_SENTENCE_RT BLOCK.TRIAL.RECORDING.SET_SENTENCE_RT
1838289.365 CHECK_QUESTION BLOCK.TRIAL.RECORDING.CHECK_QUESTION_TRUE
1838291.443 DISPLAY_BLANK BLOCK.TRIAL.RECORDING.DISPLAY_BLANK (BEGIN) 
1838296.208 DISPLAY_BLANK BLOCK.TRIAL.RECORDING.DISPLAY_BLANK
1838296.830 ADD_TO_RESULTS_FILE BLOCK.TRIAL.RECORDING.ADD_TO_RESULTS_FILE
1838382.110 SetValueAction 
1838382.143 SetValueAction 
1838382.170 SetValueAction 
1838382.195 SetValueAction 
1838382.221 SetValueAction 
1838382.245 SetValueAction 
1838382.620 CHECK_NEW_BLOCK BLOCK.TRIAL.CHECK_NEW_BLOCK_TRUE
1838382.933 RESET_VARS BLOCK.TRIAL.RESET_VARS
1838792.323 PREPARE_SEQUENCE BLOCK.TRIAL.PREPARE_SEQUENCE
1839700.404 DRIFT_CORRECT BLOCK.TRIAL.DRIFT_CORRECT
1839814.733 DISPLAY_TEXT BLOCK.TRIAL.RECORDING.DISPLAY_TEXT (BEGIN) 
1839829.437 DISPLAY_TEXT BLOCK.TRIAL.RECORDING.DISPLAY_TEXT
1847007.620 KEYBOARD_TEXT BLOCK.TRIAL.RECORDING.KEYBOARD_TEXT
1847008.363 SET_SENTENCE_RT BLOCK.TRIAL.RECORDING.SET_SENTENCE_RT
1847008.518 CHECK_QUESTION BLOCK.TRIAL.RECORDING.CHECK_QUESTION_TRUE
1847010.566 DISPLAY_BLANK BLOCK.TRIAL.RECORDING.DISPLAY_BLANK (BEGIN) 
1847027.448 DISPLAY_BLANK BLOCK.TRIAL.RECORDING.DISPLAY_BLANK
1847028.019 ADD_TO_RESULTS_FILE BLOCK.TRIAL.RECORDING.ADD_TO_RESULTS_FILE
1847115.095 SetValueAction 
1847115.128 SetValueAction 
1847115.155 SetValueAction 
1847115.180 SetValueAction 
1847115.206 SetValueAction 
1847115.231 SetValueAction 
1847115.672 CHECK_NEW_BLOCK BLOCK.TRIAL.CHECK_NEW_BLOCK_TRUE
1847116.064 RESET_VARS BLOCK.TRIAL.RESET_VARS
1847555.597 PREPARE_SEQUENCE BLOCK.TRIAL.PREPARE_SEQUENCE
1848589.082 TRACKER_TIME 13 2701252.903
1848589.435 DRIFT_CORRECT BLOCK.TRIAL.DRIFT_CORRECT
1848703.847 DISPLAY_TEXT BLOCK.TRIAL.RECORDING.DISPLAY_TEXT (BEGIN) 
1848724.276 DISPLAY_TEXT BLOCK.TRIAL.RECORDING.DISPLAY_TEXT
1865925.894 KEYBOARD_TEXT BLOCK.TRIAL.RECORDING.KEYBOARD_TEXT
1865926.515 SET_SENTENCE_RT BLOCK.TRIAL.RECORDING.SET_SENTENCE_RT
1865926.710 CHECK_QUESTION BLOCK.TRIAL.RECORDING.CHECK_QUESTION_FALSE
1865929.594 DISPLAY_QUESTION BLOCK.TRIAL.RECORDING.DISPLAY_QUESTION (BEGIN) 
1865938.265 DISPLAY_QUESTION BLOCK.TRIAL.RECORDING.DISPLAY_QUESTION
1871549.174 KEYBOARD_QUESTION BLOCK.TRIAL.RECORDING.KEYBOARD_QUESTION
1871549.358 CHECK_RESPONSE_BUTTON BLOCK.TRIAL.RECORDING.CHECK_RESPONSE_BUTTON_TRUE
1871549.815 SET_VARS_CORRECT BLOCK.TRIAL.RECORDING.SET_VARS_CORRECT
1871554.632 DISPLAY_BLANK BLOCK.TRIAL.RECORDING.DISPLAY_BLANK (BEGIN) 
1871570.266 DISPLAY_BLANK BLOCK.TRIAL.RECORDING.DISPLAY_BLANK
1871570.938 ADD_TO_RESULTS_FILE BLOCK.TRIAL.RECORDING.ADD_TO_RESULTS_FILE
1871656.168 SetValueAction 
1871656.203 SetValueAction 
1871656.232 SetValueAction 
1871656.259 SetValueAction 
1871656.286 SetValueAction 
1871656.312 SetValueAction 
1871656.727 CHECK_NEW_BLOCK BLOCK.TRIAL.CHECK_NEW_BLOCK_TRUE
1871657.122 RESET_VARS BLOCK.TRIAL.RESET_VARS
1872136.267 PREPARE_SEQUENCE BLOCK.TRIAL.PREPARE_SEQUENCE
1883135.683 DRIFT_CORRECT BLOCK.TRIAL.DRIFT_CORRECT
1883251.976 DISPLAY_TEXT BLOCK.TRIAL.RECORDING.DISPLAY_TEXT (BEGIN) 
1883270.647 DISPLAY_TEXT BLOCK.TRIAL.RECORDING.DISPLAY_TEXT
1896732.590 KEYBOARD_TEXT BLOCK.TRIAL.RECORDING.KEYBOARD_TEXT
1896733.166 SET_SENTENCE_RT BLOCK.TRIAL.RECORDING.SET_SENTENCE_RT
1896733.297 CHECK_QUESTION BLOCK.TRIAL.RECORDING.CHECK_QUESTION_TRUE
1896735.332 DISPLAY_BLANK BLOCK.TRIAL.RECORDING.DISPLAY_BLANK (BEGIN) 
1896746.091 DISPLAY_BLANK BLOCK.TRIAL.RECORDING.DISPLAY_BLANK
1896746.729 ADD_TO_RESULTS_FILE BLOCK.TRIAL.RECORDING.ADD_TO_RESULTS_FILE
1896831.098 SetValueAction 
1896831.131 SetValueAction 
1896831.158 SetValueAction 
1896831.183 SetValueAction 
1896831.209 SetValueAction 
1896831.236 SetValueAction 
1896831.609 CHECK_NEW_BLOCK BLOCK.TRIAL.CHECK_NEW_BLOCK_TRUE
1896831.984 RESET_VARS BLOCK.TRIAL.RESET_VARS
1897292.692 PREPARE_SEQUENCE BLOCK.TRIAL.PREPARE_SEQUENCE
1901424.473 DRIFT_CORRECT BLOCK.TRIAL.DRIFT_CORRECT
1901539.901 DISPLAY_TEXT BLOCK.TRIAL.RECORDING.DISPLAY_TEXT (BEGIN) 
1901574.611 DISPLAY_TEXT BLOCK.TRIAL.RECORDING.DISPLAY_TEXT
1922605.511 TRACKER_TIME 14 2775267.878
1922605.576 KEYBOARD_TEXT BLOCK.TRIAL.RECORDING.KEYBOARD_TEXT
1922606.172 SET_SENTENCE_RT BLOCK.TRIAL.RECORDING.SET_SENTENCE_RT
1922606.301 CHECK_QUESTION BLOCK.TRIAL.RECORDING.CHECK_QUESTION_TRUE
1922608.117 DISPLAY_BLANK BLOCK.TRIAL.RECORDING.DISPLAY_BLANK (BEGIN) 
1922622.046 DISPLAY_BLANK BLOCK.TRIAL.RECORDING.DISPLAY_BLANK
1922623.215 ADD_TO_RESULTS_FILE BLOCK.TRIAL.RECORDING.ADD_TO_RESULTS_FILE
1922709.117 SetValueAction 
1922709.151 SetValueAction 
1922709.180 SetValueAction 
1922709.206 SetValueAction 
1922709.233 SetValueAction 
1922709.259 SetValueAction 
1922709.706 CHECK_NEW_BLOCK BLOCK.TRIAL.CHECK_NEW_BLOCK_TRUE
1922710.067 RESET_VARS BLOCK.TRIAL.RESET_VARS
1923351.429 PREPARE_SEQUENCE BLOCK.TRIAL.PREPARE_SEQUENCE
1926558.174 DRIFT_CORRECT BLOCK.TRIAL.DRIFT_CORRECT
1926671.785 DISPLAY_TEXT BLOCK.TRIAL.RECORDING.DISPLAY_TEXT (BEGIN) 
1926700.084 DISPLAY_TEXT BLOCK.TRIAL.RECORDING.DISPLAY_TEXT
1952836.718 KEYBOARD_TEXT BLOCK.TRIAL.RECORDING.KEYBOARD_TEXT
1952837.137 SET_SENTENCE_RT BLOCK.TRIAL.RECORDING.SET_SENTENCE_RT
1952837.251 CHECK_QUESTION BLOCK.TRIAL.RECORDING.CHECK_QUESTION_TRUE
1952839.166 DISPLAY_BLANK BLOCK.TRIAL.RECORDING.DISPLAY_BLANK (BEGIN) 
1952846.311 DISPLAY_BLANK BLOCK.TRIAL.RECORDING.DISPLAY_BLANK
1952846.911 ADD_TO_RESULTS_FILE BLOCK.TRIAL.RECORDING.ADD_TO_RESULTS_FILE
1952933.094 SetValueAction 
1952933.127 SetValueAction 
1952933.154 SetValueAction 
1952933.180 SetValueAction 
1952933.205 SetValueAction 
1952933.230 SetValueAction 
1952933.594 CHECK_NEW_BLOCK BLOCK.TRIAL.CHECK_NEW_BLOCK_TRUE
1952933.950 RESET_VARS BLOCK.TRIAL.RESET_VARS
1953419.310 PREPARE_SEQUENCE BLOCK.TRIAL.PREPARE_SEQUENCE
1960940.888 DRIFT_CORRECT BLOCK.TRIAL.DRIFT_CORRECT
1961053.838 DISPLAY_TEXT BLOCK.TRIAL.RECORDING.DISPLAY_TEXT (BEGIN) 
1961074.428 DISPLAY_TEXT BLOCK.TRIAL.RECORDING.DISPLAY_TEXT
1976481.748 KEYBOARD_TEXT BLOCK.TRIAL.RECORDING.KEYBOARD_TEXT
1976482.414 SET_SENTENCE_RT BLOCK.TRIAL.RECORDING.SET_SENTENCE_RT
1976482.582 CHECK_QUESTION BLOCK.TRIAL.RECORDING.CHECK_QUESTION_TRUE
1976484.526 DISPLAY_BLANK BLOCK.TRIAL.RECORDING.DISPLAY_BLANK (BEGIN) 
1976489.391 DISPLAY_BLANK BLOCK.TRIAL.RECORDING.DISPLAY_BLANK
1976489.968 ADD_TO_RESULTS_FILE BLOCK.TRIAL.RECORDING.ADD_TO_RESULTS_FILE
1976576.097 SetValueAction 
1976576.130 SetValueAction 
1976576.157 SetValueAction 
1976576.182 SetValueAction 
1976576.208 SetValueAction 
1976576.233 SetValueAction 
1976576.714 CHECK_NEW_BLOCK BLOCK.TRIAL.CHECK_NEW_BLOCK_TRUE
1976577.120 RESET_VARS BLOCK.TRIAL.RESET_VARS
1977030.614 PREPARE_SEQUENCE BLOCK.TRIAL.PREPARE_SEQUENCE
1991160.871 TRACKER_TIME 15 2843821.758
1991160.968 DRIFT_CORRECT BLOCK.TRIAL.DRIFT_CORRECT
1991275.740 DISPLAY_TEXT BLOCK.TRIAL.RECORDING.DISPLAY_TEXT (BEGIN) 
1991295.568 DISPLAY_TEXT BLOCK.TRIAL.RECORDING.DISPLAY_TEXT
2009882.800 KEYBOARD_TEXT BLOCK.TRIAL.RECORDING.KEYBOARD_TEXT
2009883.423 SET_SENTENCE_RT BLOCK.TRIAL.RECORDING.SET_SENTENCE_RT
2009883.532 CHECK_QUESTION BLOCK.TRIAL.RECORDING.CHECK_QUESTION_TRUE
2009885.510 DISPLAY_BLANK BLOCK.TRIAL.RECORDING.DISPLAY_BLANK (BEGIN) 
2009896.544 DISPLAY_BLANK BLOCK.TRIAL.RECORDING.DISPLAY_BLANK
2009897.180 ADD_TO_RESULTS_FILE BLOCK.TRIAL.RECORDING.ADD_TO_RESULTS_FILE
2009984.094 SetValueAction 
2009984.127 SetValueAction 
2009984.155 SetValueAction 
2009984.180 SetValueAction 
2009984.209 SetValueAction 
2009984.237 SetValueAction 
2009984.619 CHECK_NEW_BLOCK BLOCK.TRIAL.CHECK_NEW_BLOCK_TRUE
2009984.995 RESET_VARS BLOCK.TRIAL.RESET_VARS
2010420.760 PREPARE_SEQUENCE BLOCK.TRIAL.PREPARE_SEQUENCE
2015863.426 DRIFT_CORRECT BLOCK.TRIAL.DRIFT_CORRECT
2015979.803 DISPLAY_TEXT BLOCK.TRIAL.RECORDING.DISPLAY_TEXT (BEGIN) 
2015994.923 DISPLAY_TEXT BLOCK.TRIAL.RECORDING.DISPLAY_TEXT
2034573.026 KEYBOARD_TEXT BLOCK.TRIAL.RECORDING.KEYBOARD_TEXT
2034573.571 SET_SENTENCE_RT BLOCK.TRIAL.RECORDING.SET_SENTENCE_RT
2034573.717 CHECK_QUESTION BLOCK.TRIAL.RECORDING.CHECK_QUESTION_FALSE
2034576.333 DISPLAY_QUESTION BLOCK.TRIAL.RECORDING.DISPLAY_QUESTION (BEGIN) 
2034589.441 DISPLAY_QUESTION BLOCK.TRIAL.RECORDING.DISPLAY_QUESTION
2040113.121 KEYBOARD_QUESTION BLOCK.TRIAL.RECORDING.KEYBOARD_QUESTION
2040113.298 CHECK_RESPONSE_BUTTON BLOCK.TRIAL.RECORDING.CHECK_RESPONSE_BUTTON_TRUE
2040113.804 SET_VARS_CORRECT BLOCK.TRIAL.RECORDING.SET_VARS_CORRECT
2040115.478 DISPLAY_BLANK BLOCK.TRIAL.RECORDING.DISPLAY_BLANK (BEGIN) 
2040120.938 DISPLAY_BLANK BLOCK.TRIAL.RECORDING.DISPLAY_BLANK
2040121.533 ADD_TO_RESULTS_FILE BLOCK.TRIAL.RECORDING.ADD_TO_RESULTS_FILE
2040208.112 SetValueAction 
2040208.146 SetValueAction 
2040208.174 SetValueAction 
2040208.200 SetValueAction 
2040208.227 SetValueAction 
2040208.252 SetValueAction 
2040208.592 CHECK_NEW_BLOCK BLOCK.TRIAL.CHECK_NEW_BLOCK_TRUE
2040208.995 RESET_VARS BLOCK.TRIAL.RESET_VARS
2040655.611 PREPARE_SEQUENCE BLOCK.TRIAL.PREPARE_SEQUENCE
2045334.589 DRIFT_CORRECT BLOCK.TRIAL.DRIFT_CORRECT
2045448.794 DISPLAY_TEXT BLOCK.TRIAL.RECORDING.DISPLAY_TEXT (BEGIN) 
2045468.746 DISPLAY_TEXT BLOCK.TRIAL.RECORDING.DISPLAY_TEXT
2067683.431 TRACKER_TIME 16 2920342.797
2067683.508 KEYBOARD_TEXT BLOCK.TRIAL.RECORDING.KEYBOARD_TEXT
2067683.919 SET_SENTENCE_RT BLOCK.TRIAL.RECORDING.SET_SENTENCE_RT
2067684.011 CHECK_QUESTION BLOCK.TRIAL.RECORDING.CHECK_QUESTION_TRUE
2067686.057 DISPLAY_BLANK BLOCK.TRIAL.RECORDING.DISPLAY_BLANK (BEGIN) 
2067696.374 DISPLAY_BLANK BLOCK.TRIAL.RECORDING.DISPLAY_BLANK
2067696.964 ADD_TO_RESULTS_FILE BLOCK.TRIAL.RECORDING.ADD_TO_RESULTS_FILE
2067782.090 SetValueAction 
2067782.123 SetValueAction 
2067782.150 SetValueAction 
2067782.175 SetValueAction 
2067782.200 SetValueAction 
2067782.225 SetValueAction 
2067782.605 CHECK_NEW_BLOCK BLOCK.TRIAL.CHECK_NEW_BLOCK_TRUE
2067782.936 RESET_VARS BLOCK.TRIAL.RESET_VARS
2068214.106 PREPARE_SEQUENCE BLOCK.TRIAL.PREPARE_SEQUENCE
2069691.498 DRIFT_CORRECT BLOCK.TRIAL.DRIFT_CORRECT
2069805.794 DISPLAY_TEXT BLOCK.TRIAL.RECORDING.DISPLAY_TEXT (BEGIN) 
2069819.987 DISPLAY_TEXT BLOCK.TRIAL.RECORDING.DISPLAY_TEXT
2084042.860 KEYBOARD_TEXT BLOCK.TRIAL.RECORDING.KEYBOARD_TEXT
2084043.613 SET_SENTENCE_RT BLOCK.TRIAL.RECORDING.SET_SENTENCE_RT
2084043.853 CHECK_QUESTION BLOCK.TRIAL.RECORDING.CHECK_QUESTION_TRUE
2084045.809 DISPLAY_BLANK BLOCK.TRIAL.RECORDING.DISPLAY_BLANK (BEGIN) 
2084058.390 DISPLAY_BLANK BLOCK.TRIAL.RECORDING.DISPLAY_BLANK
2084059.051 ADD_TO_RESULTS_FILE BLOCK.TRIAL.RECORDING.ADD_TO_RESULTS_FILE
2084146.092 SetValueAction 
2084146.125 SetValueAction 
2084146.152 SetValueAction 
2084146.178 SetValueAction 
2084146.203 SetValueAction 
2084146.228 SetValueAction 
2084146.586 CHECK_NEW_BLOCK BLOCK.TRIAL.CHECK_NEW_BLOCK_TRUE
2084146.917 RESET_VARS BLOCK.TRIAL.RESET_VARS
2084584.162 PREPARE_SEQUENCE BLOCK.TRIAL.PREPARE_SEQUENCE
2088196.302 DRIFT_CORRECT BLOCK.TRIAL.DRIFT_CORRECT
2088310.834 DISPLAY_TEXT BLOCK.TRIAL.RECORDING.DISPLAY_TEXT (BEGIN) 
2088323.882 DISPLAY_TEXT BLOCK.TRIAL.RECORDING.DISPLAY_TEXT
2106026.047 KEYBOARD_TEXT BLOCK.TRIAL.RECORDING.KEYBOARD_TEXT
2106026.513 SET_SENTENCE_RT BLOCK.TRIAL.RECORDING.SET_SENTENCE_RT
2106026.568 CHECK_QUESTION BLOCK.TRIAL.RECORDING.CHECK_QUESTION_TRUE
2106028.531 DISPLAY_BLANK BLOCK.TRIAL.RECORDING.DISPLAY_BLANK (BEGIN) 
2106035.116 DISPLAY_BLANK BLOCK.TRIAL.RECORDING.DISPLAY_BLANK
2106035.683 ADD_TO_RESULTS_FILE BLOCK.TRIAL.RECORDING.ADD_TO_RESULTS_FILE
2106121.130 SetValueAction 
2106121.162 SetValueAction 
2106121.189 SetValueAction 
2106121.214 SetValueAction 
2106121.239 SetValueAction 
2106121.266 SetValueAction 
2106121.728 CHECK_NEW_BLOCK BLOCK.TRIAL.CHECK_NEW_BLOCK_TRUE
2106122.100 RESET_VARS BLOCK.TRIAL.RESET_VARS
2106601.406 PREPARE_SEQUENCE BLOCK.TRIAL.PREPARE_SEQUENCE
2118473.271 DRIFT_CORRECT BLOCK.TRIAL.DRIFT_CORRECT
2118590.874 DISPLAY_TEXT BLOCK.TRIAL.RECORDING.DISPLAY_TEXT (BEGIN) 
2118604.154 DISPLAY_TEXT BLOCK.TRIAL.RECORDING.DISPLAY_TEXT
2128733.591 TRACKER_TIME 17 2981391.680
2128733.672 KEYBOARD_TEXT BLOCK.TRIAL.RECORDING.KEYBOARD_TEXT
2128734.302 SET_SENTENCE_RT BLOCK.TRIAL.RECORDING.SET_SENTENCE_RT
2128734.448 CHECK_QUESTION BLOCK.TRIAL.RECORDING.CHECK_QUESTION_FALSE
2128737.452 DISPLAY_QUESTION BLOCK.TRIAL.RECORDING.DISPLAY_QUESTION (BEGIN) 
2128745.168 DISPLAY_QUESTION BLOCK.TRIAL.RECORDING.DISPLAY_QUESTION
2132555.603 KEYBOARD_QUESTION BLOCK.TRIAL.RECORDING.KEYBOARD_QUESTION
2132555.827 CHECK_RESPONSE_BUTTON BLOCK.TRIAL.RECORDING.CHECK_RESPONSE_BUTTON_TRUE
2132556.435 SET_VARS_CORRECT BLOCK.TRIAL.RECORDING.SET_VARS_CORRECT
2132558.167 DISPLAY_BLANK BLOCK.TRIAL.RECORDING.DISPLAY_BLANK (BEGIN) 
2132560.605 DISPLAY_BLANK BLOCK.TRIAL.RECORDING.DISPLAY_BLANK
2132561.624 ADD_TO_RESULTS_FILE BLOCK.TRIAL.RECORDING.ADD_TO_RESULTS_FILE
2132647.093 SetValueAction 
2132647.127 SetValueAction 
2132647.154 SetValueAction 
2132647.180 SetValueAction 
2132647.205 SetValueAction 
2132647.230 SetValueAction 
2132647.577 CHECK_NEW_BLOCK BLOCK.TRIAL.CHECK_NEW_BLOCK_TRUE
2132647.962 RESET_VARS BLOCK.TRIAL.RESET_VARS
2133117.421 PREPARE_SEQUENCE BLOCK.TRIAL.PREPARE_SEQUENCE
2149005.781 DRIFT_CORRECT BLOCK.TRIAL.DRIFT_CORRECT
2149124.632 DISPLAY_TEXT BLOCK.TRIAL.RECORDING.DISPLAY_TEXT (BEGIN) 
2149143.415 DISPLAY_TEXT BLOCK.TRIAL.RECORDING.DISPLAY_TEXT
2163782.858 KEYBOARD_TEXT BLOCK.TRIAL.RECORDING.KEYBOARD_TEXT
2163783.472 SET_SENTENCE_RT BLOCK.TRIAL.RECORDING.SET_SENTENCE_RT
2163783.549 CHECK_QUESTION BLOCK.TRIAL.RECORDING.CHECK_QUESTION_TRUE
2163785.468 DISPLAY_BLANK BLOCK.TRIAL.RECORDING.DISPLAY_BLANK (BEGIN) 
2163802.030 DISPLAY_BLANK BLOCK.TRIAL.RECORDING.DISPLAY_BLANK
2163802.660 ADD_TO_RESULTS_FILE BLOCK.TRIAL.RECORDING.ADD_TO_RESULTS_FILE
2163888.094 SetValueAction 
2163888.125 SetValueAction 
2163888.152 SetValueAction 
2163888.177 SetValueAction 
2163888.202 SetValueAction 
2163888.229 SetValueAction 
2163888.584 CHECK_NEW_BLOCK BLOCK.TRIAL.CHECK_NEW_BLOCK_TRUE
2163888.943 RESET_VARS BLOCK.TRIAL.RESET_VARS
2164307.587 PREPARE_SEQUENCE BLOCK.TRIAL.PREPARE_SEQUENCE
2179591.129 DRIFT_CORRECT BLOCK.TRIAL.DRIFT_CORRECT
2179705.980 DISPLAY_TEXT BLOCK.TRIAL.RECORDING.DISPLAY_TEXT (BEGIN) 
2179724.961 DISPLAY_TEXT BLOCK.TRIAL.RECORDING.DISPLAY_TEXT
2196534.898 TRACKER_TIME 18 3049191.551
2196534.976 KEYBOARD_TEXT BLOCK.TRIAL.RECORDING.KEYBOARD_TEXT
2196535.618 SET_SENTENCE_RT BLOCK.TRIAL.RECORDING.SET_SENTENCE_RT
2196535.689 CHECK_QUESTION BLOCK.TRIAL.RECORDING.CHECK_QUESTION_TRUE
2196537.767 DISPLAY_BLANK BLOCK.TRIAL.RECORDING.DISPLAY_BLANK (BEGIN) 
2196542.010 DISPLAY_BLANK BLOCK.TRIAL.RECORDING.DISPLAY_BLANK
2196542.665 ADD_TO_RESULTS_FILE BLOCK.TRIAL.RECORDING.ADD_TO_RESULTS_FILE
2196629.097 SetValueAction 
2196629.134 SetValueAction 
2196629.164 SetValueAction 
2196629.190 SetValueAction 
2196629.215 SetValueAction 
2196629.265 SetValueAction 
2196629.827 CHECK_NEW_BLOCK BLOCK.TRIAL.CHECK_NEW_BLOCK_TRUE
2196630.132 RESET_VARS BLOCK.TRIAL.RESET_VARS
2197072.480 PREPARE_SEQUENCE BLOCK.TRIAL.PREPARE_SEQUENCE
2202047.819 DRIFT_CORRECT BLOCK.TRIAL.DRIFT_CORRECT
2202162.946 DISPLAY_TEXT BLOCK.TRIAL.RECORDING.DISPLAY_TEXT (BEGIN) 
2202173.973 DISPLAY_TEXT BLOCK.TRIAL.RECORDING.DISPLAY_TEXT
2204622.764 KEYBOARD_TEXT BLOCK.TRIAL.RECORDING.KEYBOARD_TEXT
2204623.392 SET_SENTENCE_RT BLOCK.TRIAL.RECORDING.SET_SENTENCE_RT
2204623.499 CHECK_QUESTION BLOCK.TRIAL.RECORDING.CHECK_QUESTION_TRUE
2204625.770 DISPLAY_BLANK BLOCK.TRIAL.RECORDING.DISPLAY_BLANK (BEGIN) 
2204640.086 DISPLAY_BLANK BLOCK.TRIAL.RECORDING.DISPLAY_BLANK
2204640.721 ADD_TO_RESULTS_FILE BLOCK.TRIAL.RECORDING.ADD_TO_RESULTS_FILE
2204726.095 SetValueAction 
2204726.128 SetValueAction 
2204726.156 SetValueAction 
2204726.181 SetValueAction 
2204726.207 SetValueAction 
2204726.235 SetValueAction 
2204726.594 CHECK_NEW_BLOCK BLOCK.TRIAL.CHECK_NEW_BLOCK_TRUE
2204726.923 RESET_VARS BLOCK.TRIAL.RESET_VARS
2205168.145 PREPARE_SEQUENCE BLOCK.TRIAL.PREPARE_SEQUENCE
2209927.956 DRIFT_CORRECT BLOCK.TRIAL.DRIFT_CORRECT
2210043.796 DISPLAY_TEXT BLOCK.TRIAL.RECORDING.DISPLAY_TEXT (BEGIN) 
2210065.025 DISPLAY_TEXT BLOCK.TRIAL.RECORDING.DISPLAY_TEXT
2232456.759 KEYBOARD_TEXT BLOCK.TRIAL.RECORDING.KEYBOARD_TEXT
2232457.192 SET_SENTENCE_RT BLOCK.TRIAL.RECORDING.SET_SENTENCE_RT
2232457.356 CHECK_QUESTION BLOCK.TRIAL.RECORDING.CHECK_QUESTION_TRUE
2232458.890 DISPLAY_BLANK BLOCK.TRIAL.RECORDING.DISPLAY_BLANK (BEGIN) 
2232465.009 DISPLAY_BLANK BLOCK.TRIAL.RECORDING.DISPLAY_BLANK
2232465.587 ADD_TO_RESULTS_FILE BLOCK.TRIAL.RECORDING.ADD_TO_RESULTS_FILE
2232551.096 SetValueAction 
2232551.129 SetValueAction 
2232551.157 SetValueAction 
2232551.187 SetValueAction 
2232551.213 SetValueAction 
2232551.238 SetValueAction 
2232551.710 CHECK_NEW_BLOCK BLOCK.TRIAL.CHECK_NEW_BLOCK_TRUE
2232552.129 RESET_VARS BLOCK.TRIAL.RESET_VARS
2232971.775 PREPARE_SEQUENCE BLOCK.TRIAL.PREPARE_SEQUENCE
2241139.314 DRIFT_CORRECT BLOCK.TRIAL.DRIFT_CORRECT
2241255.342 DISPLAY_TEXT BLOCK.TRIAL.RECORDING.DISPLAY_TEXT (BEGIN) 
2241284.852 DISPLAY_TEXT BLOCK.TRIAL.RECORDING.DISPLAY_TEXT
2283378.822 TRACKER_TIME 19 3136033.701
2283378.898 KEYBOARD_TEXT BLOCK.TRIAL.RECORDING.KEYBOARD_TEXT
2283379.671 SET_SENTENCE_RT BLOCK.TRIAL.RECORDING.SET_SENTENCE_RT
2283379.846 CHECK_QUESTION BLOCK.TRIAL.RECORDING.CHECK_QUESTION_TRUE
2283384.633 DISPLAY_BLANK BLOCK.TRIAL.RECORDING.DISPLAY_BLANK (BEGIN) 
2283400.573 DISPLAY_BLANK BLOCK.TRIAL.RECORDING.DISPLAY_BLANK
2283401.460 ADD_TO_RESULTS_FILE BLOCK.TRIAL.RECORDING.ADD_TO_RESULTS_FILE
2283488.120 SetValueAction 
2283488.172 SetValueAction 
2283488.216 SetValueAction 
2283488.241 SetValueAction 
2283488.266 SetValueAction 
2283488.293 SetValueAction 
2283488.644 CHECK_NEW_BLOCK BLOCK.TRIAL.CHECK_NEW_BLOCK_TRUE
2283488.870 RESET_VARS BLOCK.TRIAL.RESET_VARS
2283933.425 PREPARE_SEQUENCE BLOCK.TRIAL.PREPARE_SEQUENCE
2286450.941 DRIFT_CORRECT BLOCK.TRIAL.DRIFT_CORRECT
2286567.634 DISPLAY_TEXT BLOCK.TRIAL.RECORDING.DISPLAY_TEXT (BEGIN) 
2286582.948 DISPLAY_TEXT BLOCK.TRIAL.RECORDING.DISPLAY_TEXT
2297844.743 KEYBOARD_TEXT BLOCK.TRIAL.RECORDING.KEYBOARD_TEXT
2297845.249 SET_SENTENCE_RT BLOCK.TRIAL.RECORDING.SET_SENTENCE_RT
2297845.317 CHECK_QUESTION BLOCK.TRIAL.RECORDING.CHECK_QUESTION_TRUE
2297847.239 DISPLAY_BLANK BLOCK.TRIAL.RECORDING.DISPLAY_BLANK (BEGIN) 
2297863.052 DISPLAY_BLANK BLOCK.TRIAL.RECORDING.DISPLAY_BLANK
2297863.667 ADD_TO_RESULTS_FILE BLOCK.TRIAL.RECORDING.ADD_TO_RESULTS_FILE
2297950.096 SetValueAction 
2297950.127 SetValueAction 
2297950.154 SetValueAction 
2297950.180 SetValueAction 
2297950.206 SetValueAction 
2297950.231 SetValueAction 
2297950.593 CHECK_NEW_BLOCK BLOCK.TRIAL.CHECK_NEW_BLOCK_TRUE
2297950.934 RESET_VARS BLOCK.TRIAL.RESET_VARS
2298409.406 PREPARE_SEQUENCE BLOCK.TRIAL.PREPARE_SEQUENCE
2301765.169 DRIFT_CORRECT BLOCK.TRIAL.DRIFT_CORRECT
2301879.660 DISPLAY_TEXT BLOCK.TRIAL.RECORDING.DISPLAY_TEXT (BEGIN) 
2301908.004 DISPLAY_TEXT BLOCK.TRIAL.RECORDING.DISPLAY_TEXT
2326855.576 KEYBOARD_TEXT BLOCK.TRIAL.RECORDING.KEYBOARD_TEXT
2326856.102 SET_SENTENCE_RT BLOCK.TRIAL.RECORDING.SET_SENTENCE_RT
2326856.192 CHECK_QUESTION BLOCK.TRIAL.RECORDING.CHECK_QUESTION_TRUE
2326858.338 DISPLAY_BLANK BLOCK.TRIAL.RECORDING.DISPLAY_BLANK (BEGIN) 
2326871.150 DISPLAY_BLANK BLOCK.TRIAL.RECORDING.DISPLAY_BLANK
2326871.759 ADD_TO_RESULTS_FILE BLOCK.TRIAL.RECORDING.ADD_TO_RESULTS_FILE
2326957.128 SetValueAction 
2326957.162 SetValueAction 
2326957.189 SetValueAction 
2326957.215 SetValueAction 
2326957.241 SetValueAction 
2326957.265 SetValueAction 
2326957.620 CHECK_NEW_BLOCK BLOCK.TRIAL.CHECK_NEW_BLOCK_TRUE
2326958.028 RESET_VARS BLOCK.TRIAL.RESET_VARS
2327404.127 PREPARE_SEQUENCE BLOCK.TRIAL.PREPARE_SEQUENCE
2330622.750 DRIFT_CORRECT BLOCK.TRIAL.DRIFT_CORRECT
2330738.034 DISPLAY_TEXT BLOCK.TRIAL.RECORDING.DISPLAY_TEXT (BEGIN) 
2330760.868 DISPLAY_TEXT BLOCK.TRIAL.RECORDING.DISPLAY_TEXT
2354563.621 TRACKER_TIME 20 3207217.001
2354563.696 KEYBOARD_TEXT BLOCK.TRIAL.RECORDING.KEYBOARD_TEXT
2354564.431 SET_SENTENCE_RT BLOCK.TRIAL.RECORDING.SET_SENTENCE_RT
2354564.651 CHECK_QUESTION BLOCK.TRIAL.RECORDING.CHECK_QUESTION_FALSE
2354567.539 DISPLAY_QUESTION BLOCK.TRIAL.RECORDING.DISPLAY_QUESTION (BEGIN) 
2354579.725 DISPLAY_QUESTION BLOCK.TRIAL.RECORDING.DISPLAY_QUESTION
2360484.122 KEYBOARD_QUESTION BLOCK.TRIAL.RECORDING.KEYBOARD_QUESTION
2360484.299 CHECK_RESPONSE_BUTTON BLOCK.TRIAL.RECORDING.CHECK_RESPONSE_BUTTON_TRUE
2360484.936 SET_VARS_CORRECT BLOCK.TRIAL.RECORDING.SET_VARS_CORRECT
2360486.812 DISPLAY_BLANK BLOCK.TRIAL.RECORDING.DISPLAY_BLANK (BEGIN) 
2360494.516 DISPLAY_BLANK BLOCK.TRIAL.RECORDING.DISPLAY_BLANK
2360495.110 ADD_TO_RESULTS_FILE BLOCK.TRIAL.RECORDING.ADD_TO_RESULTS_FILE
2360581.093 SetValueAction 
2360581.126 SetValueAction 
2360581.154 SetValueAction 
2360581.179 SetValueAction 
2360581.204 SetValueAction 
2360581.229 SetValueAction 
2360581.624 CHECK_NEW_BLOCK BLOCK.TRIAL.CHECK_NEW_BLOCK_TRUE
2360581.971 RESET_VARS BLOCK.TRIAL.RESET_VARS
2361021.296 PREPARE_SEQUENCE BLOCK.TRIAL.PREPARE_SEQUENCE
2363910.564 DRIFT_CORRECT BLOCK.TRIAL.DRIFT_CORRECT
2364028.631 DISPLAY_TEXT BLOCK.TRIAL.RECORDING.DISPLAY_TEXT (BEGIN) 
2364053.081 DISPLAY_TEXT BLOCK.TRIAL.RECORDING.DISPLAY_TEXT
2391370.529 KEYBOARD_TEXT BLOCK.TRIAL.RECORDING.KEYBOARD_TEXT
2391371.009 SET_SENTENCE_RT BLOCK.TRIAL.RECORDING.SET_SENTENCE_RT
2391371.100 CHECK_QUESTION BLOCK.TRIAL.RECORDING.CHECK_QUESTION_TRUE
2391373.021 DISPLAY_BLANK BLOCK.TRIAL.RECORDING.DISPLAY_BLANK (BEGIN) 
2391385.745 DISPLAY_BLANK BLOCK.TRIAL.RECORDING.DISPLAY_BLANK
2391386.416 ADD_TO_RESULTS_FILE BLOCK.TRIAL.RECORDING.ADD_TO_RESULTS_FILE
2391473.091 SetValueAction 
2391473.123 SetValueAction 
2391473.150 SetValueAction 
2391473.176 SetValueAction 
2391473.201 SetValueAction 
2391473.226 SetValueAction 
2391473.613 CHECK_NEW_BLOCK BLOCK.TRIAL.CHECK_NEW_BLOCK_TRUE
2391473.863 RESET_VARS BLOCK.TRIAL.RESET_VARS
2391915.992 PREPARE_SEQUENCE BLOCK.TRIAL.PREPARE_SEQUENCE
2401807.035 DRIFT_CORRECT BLOCK.TRIAL.DRIFT_CORRECT
2401922.723 DISPLAY_TEXT BLOCK.TRIAL.RECORDING.DISPLAY_TEXT (BEGIN) 
2401939.887 DISPLAY_TEXT BLOCK.TRIAL.RECORDING.DISPLAY_TEXT
2419193.753 TRACKER_TIME 21 3271845.796
2419193.829 KEYBOARD_TEXT BLOCK.TRIAL.RECORDING.KEYBOARD_TEXT
2419194.418 SET_SENTENCE_RT BLOCK.TRIAL.RECORDING.SET_SENTENCE_RT
2419194.517 CHECK_QUESTION BLOCK.TRIAL.RECORDING.CHECK_QUESTION_TRUE
2419196.629 DISPLAY_BLANK BLOCK.TRIAL.RECORDING.DISPLAY_BLANK (BEGIN) 
2419211.041 DISPLAY_BLANK BLOCK.TRIAL.RECORDING.DISPLAY_BLANK
2419211.742 ADD_TO_RESULTS_FILE BLOCK.TRIAL.RECORDING.ADD_TO_RESULTS_FILE
2419296.129 SetValueAction 
2419296.161 SetValueAction 
2419296.188 SetValueAction 
2419296.214 SetValueAction 
2419296.239 SetValueAction 
2419296.264 SetValueAction 
2419296.625 CHECK_NEW_BLOCK BLOCK.TRIAL.CHECK_NEW_BLOCK_TRUE
2419296.973 RESET_VARS BLOCK.TRIAL.RESET_VARS
2419733.981 PREPARE_SEQUENCE BLOCK.TRIAL.PREPARE_SEQUENCE
2422006.384 DRIFT_CORRECT BLOCK.TRIAL.DRIFT_CORRECT
2422123.799 DISPLAY_TEXT BLOCK.TRIAL.RECORDING.DISPLAY_TEXT (BEGIN) 
2422141.211 DISPLAY_TEXT BLOCK.TRIAL.RECORDING.DISPLAY_TEXT
2440870.991 KEYBOARD_TEXT BLOCK.TRIAL.RECORDING.KEYBOARD_TEXT
2440871.643 SET_SENTENCE_RT BLOCK.TRIAL.RECORDING.SET_SENTENCE_RT
2440871.716 CHECK_QUESTION BLOCK.TRIAL.RECORDING.CHECK_QUESTION_TRUE
2440873.617 DISPLAY_BLANK BLOCK.TRIAL.RECORDING.DISPLAY_BLANK (BEGIN) 
2440888.089 DISPLAY_BLANK BLOCK.TRIAL.RECORDING.DISPLAY_BLANK
2440888.813 ADD_TO_RESULTS_FILE BLOCK.TRIAL.RECORDING.ADD_TO_RESULTS_FILE
2440975.091 SetValueAction 
2440975.122 SetValueAction 
2440975.149 SetValueAction 
2440975.175 SetValueAction 
2440975.200 SetValueAction 
2440975.225 SetValueAction 
2440975.580 CHECK_NEW_BLOCK BLOCK.TRIAL.CHECK_NEW_BLOCK_TRUE
2440975.860 RESET_VARS BLOCK.TRIAL.RESET_VARS
2441420.277 PREPARE_SEQUENCE BLOCK.TRIAL.PREPARE_SEQUENCE
2445409.382 DRIFT_CORRECT BLOCK.TRIAL.DRIFT_CORRECT
2445523.837 DISPLAY_TEXT BLOCK.TRIAL.RECORDING.DISPLAY_TEXT (BEGIN) 
2445551.307 DISPLAY_TEXT BLOCK.TRIAL.RECORDING.DISPLAY_TEXT
2482281.836 TRACKER_TIME 22 3334932.562
2482281.917 KEYBOARD_TEXT BLOCK.TRIAL.RECORDING.KEYBOARD_TEXT
2482282.364 SET_SENTENCE_RT BLOCK.TRIAL.RECORDING.SET_SENTENCE_RT
2482282.467 CHECK_QUESTION BLOCK.TRIAL.RECORDING.CHECK_QUESTION_TRUE
2482284.385 DISPLAY_BLANK BLOCK.TRIAL.RECORDING.DISPLAY_BLANK (BEGIN) 
2482292.450 DISPLAY_BLANK BLOCK.TRIAL.RECORDING.DISPLAY_BLANK
2482293.022 ADD_TO_RESULTS_FILE BLOCK.TRIAL.RECORDING.ADD_TO_RESULTS_FILE
2482380.091 SetValueAction 
2482380.124 SetValueAction 
2482380.152 SetValueAction 
2482380.176 SetValueAction 
2482380.202 SetValueAction 
2482380.228 SetValueAction 
2482380.661 CHECK_NEW_BLOCK BLOCK.TRIAL.CHECK_NEW_BLOCK_TRUE
2482381.036 RESET_VARS BLOCK.TRIAL.RESET_VARS
2482805.007 PREPARE_SEQUENCE BLOCK.TRIAL.PREPARE_SEQUENCE
2485397.315 DRIFT_CORRECT BLOCK.TRIAL.DRIFT_CORRECT
2485512.992 DISPLAY_TEXT BLOCK.TRIAL.RECORDING.DISPLAY_TEXT (BEGIN) 
2485525.014 DISPLAY_TEXT BLOCK.TRIAL.RECORDING.DISPLAY_TEXT
2496703.084 KEYBOARD_TEXT BLOCK.TRIAL.RECORDING.KEYBOARD_TEXT
2496703.658 SET_SENTENCE_RT BLOCK.TRIAL.RECORDING.SET_SENTENCE_RT
2496703.792 CHECK_QUESTION BLOCK.TRIAL.RECORDING.CHECK_QUESTION_TRUE
2496705.864 DISPLAY_BLANK BLOCK.TRIAL.RECORDING.DISPLAY_BLANK (BEGIN) 
2496721.939 DISPLAY_BLANK BLOCK.TRIAL.RECORDING.DISPLAY_BLANK
2496722.603 ADD_TO_RESULTS_FILE BLOCK.TRIAL.RECORDING.ADD_TO_RESULTS_FILE
2496808.094 SetValueAction 
2496808.127 SetValueAction 
2496808.154 SetValueAction 
2496808.180 SetValueAction 
2496808.205 SetValueAction 
2496808.230 SetValueAction 
2496808.601 CHECK_NEW_BLOCK BLOCK.TRIAL.CHECK_NEW_BLOCK_TRUE
2496808.947 RESET_VARS BLOCK.TRIAL.RESET_VARS
2497219.634 PREPARE_SEQUENCE BLOCK.TRIAL.PREPARE_SEQUENCE
2500596.693 DRIFT_CORRECT BLOCK.TRIAL.DRIFT_CORRECT
2500714.798 DISPLAY_TEXT BLOCK.TRIAL.RECORDING.DISPLAY_TEXT (BEGIN) 
2500730.684 DISPLAY_TEXT BLOCK.TRIAL.RECORDING.DISPLAY_TEXT
2516925.544 KEYBOARD_TEXT BLOCK.TRIAL.RECORDING.KEYBOARD_TEXT
2516926.016 SET_SENTENCE_RT BLOCK.TRIAL.RECORDING.SET_SENTENCE_RT
2516926.210 CHECK_QUESTION BLOCK.TRIAL.RECORDING.CHECK_QUESTION_TRUE
2516928.265 DISPLAY_BLANK BLOCK.TRIAL.RECORDING.DISPLAY_BLANK (BEGIN) 
2516932.210 DISPLAY_BLANK BLOCK.TRIAL.RECORDING.DISPLAY_BLANK
2516932.862 ADD_TO_RESULTS_FILE BLOCK.TRIAL.RECORDING.ADD_TO_RESULTS_FILE
2517019.096 SetValueAction 
2517019.129 SetValueAction 
2517019.156 SetValueAction 
2517019.181 SetValueAction 
2517019.207 SetValueAction 
2517019.232 SetValueAction 
2517019.626 CHECK_NEW_BLOCK BLOCK.TRIAL.CHECK_NEW_BLOCK_TRUE
2517020.012 RESET_VARS BLOCK.TRIAL.RESET_VARS
2517478.833 PREPARE_SEQUENCE BLOCK.TRIAL.PREPARE_SEQUENCE
2518608.348 DRIFT_CORRECT BLOCK.TRIAL.DRIFT_CORRECT
2518723.659 DISPLAY_TEXT BLOCK.TRIAL.RECORDING.DISPLAY_TEXT (BEGIN) 
2518753.093 DISPLAY_TEXT BLOCK.TRIAL.RECORDING.DISPLAY_TEXT
2550848.204 TRACKER_TIME 23 3403497.371
2550848.267 KEYBOARD_TEXT BLOCK.TRIAL.RECORDING.KEYBOARD_TEXT
2550848.893 SET_SENTENCE_RT BLOCK.TRIAL.RECORDING.SET_SENTENCE_RT
2550849.012 CHECK_QUESTION BLOCK.TRIAL.RECORDING.CHECK_QUESTION_TRUE
2550850.728 DISPLAY_BLANK BLOCK.TRIAL.RECORDING.DISPLAY_BLANK (BEGIN) 
2550855.780 DISPLAY_BLANK BLOCK.TRIAL.RECORDING.DISPLAY_BLANK
2550856.396 ADD_TO_RESULTS_FILE BLOCK.TRIAL.RECORDING.ADD_TO_RESULTS_FILE
2550942.128 SetValueAction 
2550942.178 SetValueAction 
2550942.221 SetValueAction 
2550942.260 SetValueAction 
2550942.337 SetValueAction 
2550942.377 SetValueAction 
2550942.851 CHECK_NEW_BLOCK BLOCK.TRIAL.CHECK_NEW_BLOCK_TRUE
2550943.229 RESET_VARS BLOCK.TRIAL.RESET_VARS
2551853.288 PREPARE_SEQUENCE BLOCK.TRIAL.PREPARE_SEQUENCE
2557488.203 DRIFT_CORRECT BLOCK.TRIAL.DRIFT_CORRECT
2557605.577 DISPLAY_TEXT BLOCK.TRIAL.RECORDING.DISPLAY_TEXT (BEGIN) 
2557635.691 DISPLAY_TEXT BLOCK.TRIAL.RECORDING.DISPLAY_TEXT
2590953.978 KEYBOARD_TEXT BLOCK.TRIAL.RECORDING.KEYBOARD_TEXT
2590954.660 SET_SENTENCE_RT BLOCK.TRIAL.RECORDING.SET_SENTENCE_RT
2590954.750 CHECK_QUESTION BLOCK.TRIAL.RECORDING.CHECK_QUESTION_TRUE
2590956.453 DISPLAY_BLANK BLOCK.TRIAL.RECORDING.DISPLAY_BLANK (BEGIN) 
2590960.692 DISPLAY_BLANK BLOCK.TRIAL.RECORDING.DISPLAY_BLANK
2590961.334 ADD_TO_RESULTS_FILE BLOCK.TRIAL.RECORDING.ADD_TO_RESULTS_FILE
2591047.095 SetValueAction 
2591047.127 SetValueAction 
2591047.154 SetValueAction 
2591047.179 SetValueAction 
2591047.204 SetValueAction 
2591047.229 SetValueAction 
2591047.758 CHECK_NEW_BLOCK BLOCK.TRIAL.CHECK_NEW_BLOCK_TRUE
2591048.155 RESET_VARS BLOCK.TRIAL.RESET_VARS
2591488.867 PREPARE_SEQUENCE BLOCK.TRIAL.PREPARE_SEQUENCE
2601745.061 DRIFT_CORRECT BLOCK.TRIAL.DRIFT_CORRECT
2601859.284 DISPLAY_TEXT BLOCK.TRIAL.RECORDING.DISPLAY_TEXT (BEGIN) 
2601888.338 DISPLAY_TEXT BLOCK.TRIAL.RECORDING.DISPLAY_TEXT
2641327.502 TRACKER_TIME 24 3493974.852
2641327.577 KEYBOARD_TEXT BLOCK.TRIAL.RECORDING.KEYBOARD_TEXT
2641328.206 SET_SENTENCE_RT BLOCK.TRIAL.RECORDING.SET_SENTENCE_RT
2641328.295 CHECK_QUESTION BLOCK.TRIAL.RECORDING.CHECK_QUESTION_TRUE
2641330.045 DISPLAY_BLANK BLOCK.TRIAL.RECORDING.DISPLAY_BLANK (BEGIN) 
2641346.566 DISPLAY_BLANK BLOCK.TRIAL.RECORDING.DISPLAY_BLANK
2641347.209 ADD_TO_RESULTS_FILE BLOCK.TRIAL.RECORDING.ADD_TO_RESULTS_FILE
2641433.149 SetValueAction 
2641433.220 SetValueAction 
2641433.253 SetValueAction 
2641433.309 SetValueAction 
2641433.351 SetValueAction 
2641433.392 SetValueAction 
2641433.895 CHECK_NEW_BLOCK BLOCK.TRIAL.CHECK_NEW_BLOCK_TRUE
2641434.333 RESET_VARS BLOCK.TRIAL.RESET_VARS
2641880.987 PREPARE_SEQUENCE BLOCK.TRIAL.PREPARE_SEQUENCE
2647747.591 DRIFT_CORRECT BLOCK.TRIAL.DRIFT_CORRECT
2647864.565 DISPLAY_TEXT BLOCK.TRIAL.RECORDING.DISPLAY_TEXT (BEGIN) 
2647893.399 DISPLAY_TEXT BLOCK.TRIAL.RECORDING.DISPLAY_TEXT
2681914.877 KEYBOARD_TEXT BLOCK.TRIAL.RECORDING.KEYBOARD_TEXT
2681915.440 SET_SENTENCE_RT BLOCK.TRIAL.RECORDING.SET_SENTENCE_RT
2681915.636 CHECK_QUESTION BLOCK.TRIAL.RECORDING.CHECK_QUESTION_FALSE
2681918.358 DISPLAY_QUESTION BLOCK.TRIAL.RECORDING.DISPLAY_QUESTION (BEGIN) 
2681934.760 DISPLAY_QUESTION BLOCK.TRIAL.RECORDING.DISPLAY_QUESTION
2688102.133 KEYBOARD_QUESTION BLOCK.TRIAL.RECORDING.KEYBOARD_QUESTION
2688102.324 CHECK_RESPONSE_BUTTON BLOCK.TRIAL.RECORDING.CHECK_RESPONSE_BUTTON_TRUE
2688102.810 SET_VARS_CORRECT BLOCK.TRIAL.RECORDING.SET_VARS_CORRECT
2688104.777 DISPLAY_BLANK BLOCK.TRIAL.RECORDING.DISPLAY_BLANK (BEGIN) 
2688116.100 DISPLAY_BLANK BLOCK.TRIAL.RECORDING.DISPLAY_BLANK
2688116.789 ADD_TO_RESULTS_FILE BLOCK.TRIAL.RECORDING.ADD_TO_RESULTS_FILE
2688201.096 SetValueAction 
2688201.130 SetValueAction 
2688201.157 SetValueAction 
2688201.183 SetValueAction 
2688201.209 SetValueAction 
2688201.236 SetValueAction 
2688201.654 CHECK_NEW_BLOCK BLOCK.TRIAL.CHECK_NEW_BLOCK_TRUE
2688202.016 RESET_VARS BLOCK.TRIAL.RESET_VARS
2688650.295 PREPARE_SEQUENCE BLOCK.TRIAL.PREPARE_SEQUENCE
2703441.307 TRACKER_TIME 25 3556087.277
2703441.602 DRIFT_CORRECT BLOCK.TRIAL.DRIFT_CORRECT
2703562.653 DISPLAY_TEXT BLOCK.TRIAL.RECORDING.DISPLAY_TEXT (BEGIN) 
2703593.715 DISPLAY_TEXT BLOCK.TRIAL.RECORDING.DISPLAY_TEXT
2734037.762 KEYBOARD_TEXT BLOCK.TRIAL.RECORDING.KEYBOARD_TEXT
2734038.346 SET_SENTENCE_RT BLOCK.TRIAL.RECORDING.SET_SENTENCE_RT
2734038.447 CHECK_QUESTION BLOCK.TRIAL.RECORDING.CHECK_QUESTION_TRUE
2734040.436 DISPLAY_BLANK BLOCK.TRIAL.RECORDING.DISPLAY_BLANK (BEGIN) 
2734052.795 DISPLAY_BLANK BLOCK.TRIAL.RECORDING.DISPLAY_BLANK
2734053.439 ADD_TO_RESULTS_FILE BLOCK.TRIAL.RECORDING.ADD_TO_RESULTS_FILE
2734139.098 SetValueAction 
2734139.130 SetValueAction 
2734139.158 SetValueAction 
2734139.183 SetValueAction 
2734139.209 SetValueAction 
2734139.234 SetValueAction 
2734139.658 CHECK_NEW_BLOCK BLOCK.TRIAL.CHECK_NEW_BLOCK_FALSE
2734142.309 NEW_COUNTERBALANCE_BREAK BLOCK.TRIAL.NEW_COUNTERBALANCE_BREAK (BEGIN) 
2734152.669 NEW_COUNTERBALANCE_BREAK BLOCK.TRIAL.NEW_COUNTERBALANCE_BREAK
2775615.469 TRACKER_TIME 26 3628259.984
2775615.548 KEYBOARD[1] BLOCK.TRIAL.KEYBOARD[1]
el_logger: Quit logger.
******** END OF THE LOG FILE ********
