22002.200 ********************************************************
22005.109 ** Session beginning Wednesday December 08, 2021 12:59:11 AM **
22005.113 ** ExperimentBuilder Project : P09 **
22005.115 ** ExperimentBuilder Version : 2.3.38 **
22005.117 ** ExperimentBuilder Build   : Jul 30 2020 **
22005.118 ********************************************************
22005.121 TRACKER_TIME 0 474622.224
22451.594 SETUP_INSTRUCTIONS SETUP_INSTRUCTIONS (BEGIN) 
22456.676 SETUP_INSTRUCTIONS SETUP_INSTRUCTIONS
142456.775 TRACKER_TIME 1 595071.259
142456.902 TIMER TIMER
541876.178 TRACKER_TIME 2 994482.083
541876.282 EL_CAMERA_SETUP EL_CAMERA_SETUP
541923.280 EXPERIMENTAL__FIRST_BLOCK_INSTRUCTIONS BLOCK.EXPERIMENTAL__FIRST_BLOCK_INSTRUCTIONS (BEGIN) 
541938.855 EXPERIMENTAL__FIRST_BLOCK_INSTRUCTIONS BLOCK.EXPERIMENTAL__FIRST_BLOCK_INSTRUCTIONS
580095.208 KEYBOARD BLOCK.KEYBOARD
580095.397 SetValueAction 
580095.426 SetValueAction 
580095.470 SetValueAction 
580095.496 SetValueAction 
580095.523 SetValueAction 
580095.548 SetValueAction 
580095.933 CHECK_NEW_BLOCK BLOCK.TRIAL.CHECK_NEW_BLOCK_TRUE
580096.318 RESET_VARS BLOCK.TRIAL.RESET_VARS
580522.223 PREPARE_SEQUENCE BLOCK.TRIAL.PREPARE_SEQUENCE
628095.460 TRACKER_TIME 3 1080699.484
628095.525 DRIFT_CORRECT BLOCK.TRIAL.DRIFT_CORRECT
628211.619 DISPLAY_TEXT BLOCK.TRIAL.RECORDING.DISPLAY_TEXT (BEGIN) 
628215.091 DISPLAY_TEXT BLOCK.TRIAL.RECORDING.DISPLAY_TEXT
652090.839 KEYBOARD_TEXT BLOCK.TRIAL.RECORDING.KEYBOARD_TEXT
652091.462 SET_SENTENCE_RT BLOCK.TRIAL.RECORDING.SET_SENTENCE_RT
652091.563 CHECK_QUESTION BLOCK.TRIAL.RECORDING.CHECK_QUESTION_TRUE
652093.244 DISPLAY_BLANK BLOCK.TRIAL.RECORDING.DISPLAY_BLANK (BEGIN) 
652106.775 DISPLAY_BLANK BLOCK.TRIAL.RECORDING.DISPLAY_BLANK
652107.356 ADD_TO_RESULTS_FILE BLOCK.TRIAL.RECORDING.ADD_TO_RESULTS_FILE
652193.102 SetValueAction 
652193.136 SetValueAction 
652193.164 SetValueAction 
652193.190 SetValueAction 
652193.231 SetValueAction 
652193.257 SetValueAction 
652193.647 CHECK_NEW_BLOCK BLOCK.TRIAL.CHECK_NEW_BLOCK_TRUE
652193.945 RESET_VARS BLOCK.TRIAL.RESET_VARS
652636.294 PREPARE_SEQUENCE BLOCK.TRIAL.PREPARE_SEQUENCE
671425.175 DRIFT_CORRECT BLOCK.TRIAL.DRIFT_CORRECT
671538.800 DISPLAY_TEXT BLOCK.TRIAL.RECORDING.DISPLAY_TEXT (BEGIN) 
671551.106 DISPLAY_TEXT BLOCK.TRIAL.RECORDING.DISPLAY_TEXT
679850.456 KEYBOARD_TEXT BLOCK.TRIAL.RECORDING.KEYBOARD_TEXT
679851.200 SET_SENTENCE_RT BLOCK.TRIAL.RECORDING.SET_SENTENCE_RT
679851.348 CHECK_QUESTION BLOCK.TRIAL.RECORDING.CHECK_QUESTION_TRUE
679853.372 DISPLAY_BLANK BLOCK.TRIAL.RECORDING.DISPLAY_BLANK (BEGIN) 
679865.355 DISPLAY_BLANK BLOCK.TRIAL.RECORDING.DISPLAY_BLANK
679865.877 ADD_TO_RESULTS_FILE BLOCK.TRIAL.RECORDING.ADD_TO_RESULTS_FILE
679952.125 SetValueAction 
679952.158 SetValueAction 
679952.187 SetValueAction 
679952.228 SetValueAction 
679952.254 SetValueAction 
679952.280 SetValueAction 
679952.651 CHECK_NEW_BLOCK BLOCK.TRIAL.CHECK_NEW_BLOCK_TRUE
679952.964 RESET_VARS BLOCK.TRIAL.RESET_VARS
680388.326 PREPARE_SEQUENCE BLOCK.TRIAL.PREPARE_SEQUENCE
681700.970 DRIFT_CORRECT BLOCK.TRIAL.DRIFT_CORRECT
681823.638 DISPLAY_TEXT BLOCK.TRIAL.RECORDING.DISPLAY_TEXT (BEGIN) 
681835.094 DISPLAY_TEXT BLOCK.TRIAL.RECORDING.DISPLAY_TEXT
690297.592 TRACKER_TIME 4 1142900.167
690297.720 KEYBOARD_TEXT BLOCK.TRIAL.RECORDING.KEYBOARD_TEXT
690298.356 SET_SENTENCE_RT BLOCK.TRIAL.RECORDING.SET_SENTENCE_RT
690298.454 CHECK_QUESTION BLOCK.TRIAL.RECORDING.CHECK_QUESTION_TRUE
690300.412 DISPLAY_BLANK BLOCK.TRIAL.RECORDING.DISPLAY_BLANK (BEGIN) 
690312.334 DISPLAY_BLANK BLOCK.TRIAL.RECORDING.DISPLAY_BLANK
690312.871 ADD_TO_RESULTS_FILE BLOCK.TRIAL.RECORDING.ADD_TO_RESULTS_FILE
690397.129 SetValueAction 
690397.168 SetValueAction 
690397.197 SetValueAction 
690397.233 SetValueAction 
690397.261 SetValueAction 
690397.292 SetValueAction 
690397.664 CHECK_NEW_BLOCK BLOCK.TRIAL.CHECK_NEW_BLOCK_TRUE
690398.006 RESET_VARS BLOCK.TRIAL.RESET_VARS
690818.939 PREPARE_SEQUENCE BLOCK.TRIAL.PREPARE_SEQUENCE
693465.154 DRIFT_CORRECT BLOCK.TRIAL.DRIFT_CORRECT
693578.775 DISPLAY_TEXT BLOCK.TRIAL.RECORDING.DISPLAY_TEXT (BEGIN) 
693594.727 DISPLAY_TEXT BLOCK.TRIAL.RECORDING.DISPLAY_TEXT
703488.152 KEYBOARD_TEXT BLOCK.TRIAL.RECORDING.KEYBOARD_TEXT
703488.901 SET_SENTENCE_RT BLOCK.TRIAL.RECORDING.SET_SENTENCE_RT
703489.066 CHECK_QUESTION BLOCK.TRIAL.RECORDING.CHECK_QUESTION_TRUE
703493.663 DISPLAY_BLANK BLOCK.TRIAL.RECORDING.DISPLAY_BLANK (BEGIN) 
703508.468 DISPLAY_BLANK BLOCK.TRIAL.RECORDING.DISPLAY_BLANK
703509.031 ADD_TO_RESULTS_FILE BLOCK.TRIAL.RECORDING.ADD_TO_RESULTS_FILE
703595.201 SetValueAction 
703595.258 SetValueAction 
703595.288 SetValueAction 
703595.335 SetValueAction 
703595.362 SetValueAction 
703595.404 SetValueAction 
703595.811 CHECK_NEW_BLOCK BLOCK.TRIAL.CHECK_NEW_BLOCK_TRUE
703596.159 RESET_VARS BLOCK.TRIAL.RESET_VARS
704051.788 PREPARE_SEQUENCE BLOCK.TRIAL.PREPARE_SEQUENCE
708216.664 DRIFT_CORRECT BLOCK.TRIAL.DRIFT_CORRECT
708330.866 DISPLAY_TEXT BLOCK.TRIAL.RECORDING.DISPLAY_TEXT (BEGIN) 
708353.859 DISPLAY_TEXT BLOCK.TRIAL.RECORDING.DISPLAY_TEXT
726558.626 KEYBOARD_TEXT BLOCK.TRIAL.RECORDING.KEYBOARD_TEXT
726559.182 SET_SENTENCE_RT BLOCK.TRIAL.RECORDING.SET_SENTENCE_RT
726559.337 CHECK_QUESTION BLOCK.TRIAL.RECORDING.CHECK_QUESTION_FALSE
726562.124 DISPLAY_QUESTION BLOCK.TRIAL.RECORDING.DISPLAY_QUESTION (BEGIN) 
726568.427 DISPLAY_QUESTION BLOCK.TRIAL.RECORDING.DISPLAY_QUESTION
731355.694 KEYBOARD_QUESTION BLOCK.TRIAL.RECORDING.KEYBOARD_QUESTION
731355.926 CHECK_RESPONSE_BUTTON BLOCK.TRIAL.RECORDING.CHECK_RESPONSE_BUTTON_TRUE
731356.401 SET_VARS_CORRECT BLOCK.TRIAL.RECORDING.SET_VARS_CORRECT
731357.971 DISPLAY_BLANK BLOCK.TRIAL.RECORDING.DISPLAY_BLANK (BEGIN) 
731367.035 DISPLAY_BLANK BLOCK.TRIAL.RECORDING.DISPLAY_BLANK
731367.629 ADD_TO_RESULTS_FILE BLOCK.TRIAL.RECORDING.ADD_TO_RESULTS_FILE
731455.126 SetValueAction 
731455.181 SetValueAction 
731455.263 SetValueAction 
731455.307 SetValueAction 
731455.365 SetValueAction 
731455.406 SetValueAction 
731456.090 CHECK_NEW_BLOCK BLOCK.TRIAL.CHECK_NEW_BLOCK_TRUE
731456.549 RESET_VARS BLOCK.TRIAL.RESET_VARS
731919.260 PREPARE_SEQUENCE BLOCK.TRIAL.PREPARE_SEQUENCE
735585.482 DRIFT_CORRECT BLOCK.TRIAL.DRIFT_CORRECT
735702.257 DISPLAY_TEXT BLOCK.TRIAL.RECORDING.DISPLAY_TEXT (BEGIN) 
735715.764 DISPLAY_TEXT BLOCK.TRIAL.RECORDING.DISPLAY_TEXT
744349.396 KEYBOARD_TEXT BLOCK.TRIAL.RECORDING.KEYBOARD_TEXT
744350.079 SET_SENTENCE_RT BLOCK.TRIAL.RECORDING.SET_SENTENCE_RT
744350.169 CHECK_QUESTION BLOCK.TRIAL.RECORDING.CHECK_QUESTION_TRUE
744352.004 DISPLAY_BLANK BLOCK.TRIAL.RECORDING.DISPLAY_BLANK (BEGIN) 
744363.270 DISPLAY_BLANK BLOCK.TRIAL.RECORDING.DISPLAY_BLANK
744363.968 ADD_TO_RESULTS_FILE BLOCK.TRIAL.RECORDING.ADD_TO_RESULTS_FILE
744450.185 SetValueAction 
744450.257 SetValueAction 
744450.331 SetValueAction 
744450.406 SetValueAction 
744450.483 SetValueAction 
744450.554 SetValueAction 
744453.153 CHECK_NEW_BLOCK BLOCK.TRIAL.CHECK_NEW_BLOCK_TRUE
744454.081 RESET_VARS BLOCK.TRIAL.RESET_VARS
744918.838 PREPARE_SEQUENCE BLOCK.TRIAL.PREPARE_SEQUENCE
747883.400 DRIFT_CORRECT BLOCK.TRIAL.DRIFT_CORRECT
747997.732 DISPLAY_TEXT BLOCK.TRIAL.RECORDING.DISPLAY_TEXT (BEGIN) 
748014.590 DISPLAY_TEXT BLOCK.TRIAL.RECORDING.DISPLAY_TEXT
760039.886 TRACKER_TIME 5 1212640.993
760039.980 KEYBOARD_TEXT BLOCK.TRIAL.RECORDING.KEYBOARD_TEXT
760040.513 SET_SENTENCE_RT BLOCK.TRIAL.RECORDING.SET_SENTENCE_RT
760040.572 CHECK_QUESTION BLOCK.TRIAL.RECORDING.CHECK_QUESTION_TRUE
760042.229 DISPLAY_BLANK BLOCK.TRIAL.RECORDING.DISPLAY_BLANK (BEGIN) 
760058.700 DISPLAY_BLANK BLOCK.TRIAL.RECORDING.DISPLAY_BLANK
760059.221 ADD_TO_RESULTS_FILE BLOCK.TRIAL.RECORDING.ADD_TO_RESULTS_FILE
760144.123 SetValueAction 
760144.160 SetValueAction 
760144.196 SetValueAction 
760144.241 SetValueAction 
760144.273 SetValueAction 
760144.305 SetValueAction 
760144.761 CHECK_NEW_BLOCK BLOCK.TRIAL.CHECK_NEW_BLOCK_TRUE
760145.141 RESET_VARS BLOCK.TRIAL.RESET_VARS
760582.556 PREPARE_SEQUENCE BLOCK.TRIAL.PREPARE_SEQUENCE
763534.527 DRIFT_CORRECT BLOCK.TRIAL.DRIFT_CORRECT
763651.007 DISPLAY_TEXT BLOCK.TRIAL.RECORDING.DISPLAY_TEXT (BEGIN) 
763666.948 DISPLAY_TEXT BLOCK.TRIAL.RECORDING.DISPLAY_TEXT
774227.900 KEYBOARD_TEXT BLOCK.TRIAL.RECORDING.KEYBOARD_TEXT
774228.444 SET_SENTENCE_RT BLOCK.TRIAL.RECORDING.SET_SENTENCE_RT
774228.542 CHECK_QUESTION BLOCK.TRIAL.RECORDING.CHECK_QUESTION_FALSE
774230.886 DISPLAY_QUESTION BLOCK.TRIAL.RECORDING.DISPLAY_QUESTION (BEGIN) 
774237.886 DISPLAY_QUESTION BLOCK.TRIAL.RECORDING.DISPLAY_QUESTION
777720.350 KEYBOARD_QUESTION BLOCK.TRIAL.RECORDING.KEYBOARD_QUESTION
777720.642 CHECK_RESPONSE_BUTTON BLOCK.TRIAL.RECORDING.CHECK_RESPONSE_BUTTON_TRUE
777721.374 SET_VARS_CORRECT BLOCK.TRIAL.RECORDING.SET_VARS_CORRECT
777723.083 DISPLAY_BLANK BLOCK.TRIAL.RECORDING.DISPLAY_BLANK (BEGIN) 
777736.909 DISPLAY_BLANK BLOCK.TRIAL.RECORDING.DISPLAY_BLANK
777737.441 ADD_TO_RESULTS_FILE BLOCK.TRIAL.RECORDING.ADD_TO_RESULTS_FILE
777824.125 SetValueAction 
777824.177 SetValueAction 
777824.206 SetValueAction 
777824.233 SetValueAction 
777824.275 SetValueAction 
777824.301 SetValueAction 
777824.736 CHECK_NEW_BLOCK BLOCK.TRIAL.CHECK_NEW_BLOCK_TRUE
777825.127 RESET_VARS BLOCK.TRIAL.RESET_VARS
778258.182 PREPARE_SEQUENCE BLOCK.TRIAL.PREPARE_SEQUENCE
780843.038 DRIFT_CORRECT BLOCK.TRIAL.DRIFT_CORRECT
780962.750 DISPLAY_TEXT BLOCK.TRIAL.RECORDING.DISPLAY_TEXT (BEGIN) 
780969.981 DISPLAY_TEXT BLOCK.TRIAL.RECORDING.DISPLAY_TEXT
784827.895 KEYBOARD_TEXT BLOCK.TRIAL.RECORDING.KEYBOARD_TEXT
784828.471 SET_SENTENCE_RT BLOCK.TRIAL.RECORDING.SET_SENTENCE_RT
784828.539 CHECK_QUESTION BLOCK.TRIAL.RECORDING.CHECK_QUESTION_TRUE
784830.137 DISPLAY_BLANK BLOCK.TRIAL.RECORDING.DISPLAY_BLANK (BEGIN) 
784834.811 DISPLAY_BLANK BLOCK.TRIAL.RECORDING.DISPLAY_BLANK
784835.403 ADD_TO_RESULTS_FILE BLOCK.TRIAL.RECORDING.ADD_TO_RESULTS_FILE
784920.102 SetValueAction 
784920.136 SetValueAction 
784920.165 SetValueAction 
784920.191 SetValueAction 
784920.217 SetValueAction 
784920.243 SetValueAction 
784920.677 CHECK_NEW_BLOCK BLOCK.TRIAL.CHECK_NEW_BLOCK_FALSE
784962.603 NEW_COUNTERBALANCE_BREAK BLOCK.TRIAL.NEW_COUNTERBALANCE_BREAK (BEGIN) 
784968.102 NEW_COUNTERBALANCE_BREAK BLOCK.TRIAL.NEW_COUNTERBALANCE_BREAK
792833.747 KEYBOARD[1] BLOCK.TRIAL.KEYBOARD[1]
987059.390 TRACKER_TIME 6 1439655.644
987059.464 EL_CAMERA_SETUP BLOCK.TRIAL.EL_CAMERA_SETUP
987097.660 EXPERIMENT_CONTINUE BLOCK.TRIAL.EXPERIMENT_CONTINUE (BEGIN) 
987109.295 EXPERIMENT_CONTINUE BLOCK.TRIAL.EXPERIMENT_CONTINUE
990583.003 KEYBOARD BLOCK.TRIAL.KEYBOARD
990583.522 RESET_VARS BLOCK.TRIAL.RESET_VARS
990956.370 PREPARE_SEQUENCE BLOCK.TRIAL.PREPARE_SEQUENCE
995276.090 DRIFT_CORRECT BLOCK.TRIAL.DRIFT_CORRECT
995396.565 DISPLAY_TEXT BLOCK.TRIAL.RECORDING.DISPLAY_TEXT (BEGIN) 
995406.876 DISPLAY_TEXT BLOCK.TRIAL.RECORDING.DISPLAY_TEXT
997273.850 KEYBOARD_TEXT BLOCK.TRIAL.RECORDING.KEYBOARD_TEXT
997274.532 SET_SENTENCE_RT BLOCK.TRIAL.RECORDING.SET_SENTENCE_RT
997274.882 CHECK_QUESTION BLOCK.TRIAL.RECORDING.CHECK_QUESTION_TRUE
997276.596 DISPLAY_BLANK BLOCK.TRIAL.RECORDING.DISPLAY_BLANK (BEGIN) 
997289.663 DISPLAY_BLANK BLOCK.TRIAL.RECORDING.DISPLAY_BLANK
997290.205 ADD_TO_RESULTS_FILE BLOCK.TRIAL.RECORDING.ADD_TO_RESULTS_FILE
997376.104 SetValueAction 
997376.139 SetValueAction 
997376.168 SetValueAction 
997376.209 SetValueAction 
997376.235 SetValueAction 
997376.260 SetValueAction 
997376.654 CHECK_NEW_BLOCK BLOCK.TRIAL.CHECK_NEW_BLOCK_TRUE
997376.969 RESET_VARS BLOCK.TRIAL.RESET_VARS
997798.415 PREPARE_SEQUENCE BLOCK.TRIAL.PREPARE_SEQUENCE
999263.866 DRIFT_CORRECT BLOCK.TRIAL.DRIFT_CORRECT
999384.691 DISPLAY_TEXT BLOCK.TRIAL.RECORDING.DISPLAY_TEXT (BEGIN) 
999417.219 DISPLAY_TEXT BLOCK.TRIAL.RECORDING.DISPLAY_TEXT
1021518.444 KEYBOARD_TEXT BLOCK.TRIAL.RECORDING.KEYBOARD_TEXT
1021518.991 SET_SENTENCE_RT BLOCK.TRIAL.RECORDING.SET_SENTENCE_RT
1021519.072 CHECK_QUESTION BLOCK.TRIAL.RECORDING.CHECK_QUESTION_TRUE
1021520.868 DISPLAY_BLANK BLOCK.TRIAL.RECORDING.DISPLAY_BLANK (BEGIN) 
1021532.622 DISPLAY_BLANK BLOCK.TRIAL.RECORDING.DISPLAY_BLANK
1021533.235 ADD_TO_RESULTS_FILE BLOCK.TRIAL.RECORDING.ADD_TO_RESULTS_FILE
1021619.133 SetValueAction 
1021619.167 SetValueAction 
1021619.214 SetValueAction 
1021619.242 SetValueAction 
1021619.286 SetValueAction 
1021619.316 SetValueAction 
1021619.782 CHECK_NEW_BLOCK BLOCK.TRIAL.CHECK_NEW_BLOCK_TRUE
1021620.174 RESET_VARS BLOCK.TRIAL.RESET_VARS
1022059.038 PREPARE_SEQUENCE BLOCK.TRIAL.PREPARE_SEQUENCE
1023293.237 DRIFT_CORRECT BLOCK.TRIAL.DRIFT_CORRECT
1023406.653 DISPLAY_TEXT BLOCK.TRIAL.RECORDING.DISPLAY_TEXT (BEGIN) 
1023440.986 DISPLAY_TEXT BLOCK.TRIAL.RECORDING.DISPLAY_TEXT
1048237.390 TRACKER_TIME 7 1500832.357
1048237.580 KEYBOARD_TEXT BLOCK.TRIAL.RECORDING.KEYBOARD_TEXT
1048238.379 SET_SENTENCE_RT BLOCK.TRIAL.RECORDING.SET_SENTENCE_RT
1048238.540 CHECK_QUESTION BLOCK.TRIAL.RECORDING.CHECK_QUESTION_TRUE
1048243.637 DISPLAY_BLANK BLOCK.TRIAL.RECORDING.DISPLAY_BLANK (BEGIN) 
1048258.154 DISPLAY_BLANK BLOCK.TRIAL.RECORDING.DISPLAY_BLANK
1048258.729 ADD_TO_RESULTS_FILE BLOCK.TRIAL.RECORDING.ADD_TO_RESULTS_FILE
1048344.144 SetValueAction 
1048344.187 SetValueAction 
1048344.216 SetValueAction 
1048344.243 SetValueAction 
1048344.269 SetValueAction 
1048344.305 SetValueAction 
1048344.698 CHECK_NEW_BLOCK BLOCK.TRIAL.CHECK_NEW_BLOCK_TRUE
1048345.064 RESET_VARS BLOCK.TRIAL.RESET_VARS
1048806.146 PREPARE_SEQUENCE BLOCK.TRIAL.PREPARE_SEQUENCE
1050826.926 DRIFT_CORRECT BLOCK.TRIAL.DRIFT_CORRECT
1050943.981 DISPLAY_TEXT BLOCK.TRIAL.RECORDING.DISPLAY_TEXT (BEGIN) 
1050999.308 DISPLAY_TEXT BLOCK.TRIAL.RECORDING.DISPLAY_TEXT
1073926.997 KEYBOARD_TEXT BLOCK.TRIAL.RECORDING.KEYBOARD_TEXT
1073927.861 SET_SENTENCE_RT BLOCK.TRIAL.RECORDING.SET_SENTENCE_RT
1073928.020 CHECK_QUESTION BLOCK.TRIAL.RECORDING.CHECK_QUESTION_TRUE
1073929.996 DISPLAY_BLANK BLOCK.TRIAL.RECORDING.DISPLAY_BLANK (BEGIN) 
1073934.046 DISPLAY_BLANK BLOCK.TRIAL.RECORDING.DISPLAY_BLANK
1073934.650 ADD_TO_RESULTS_FILE BLOCK.TRIAL.RECORDING.ADD_TO_RESULTS_FILE
1074019.157 SetValueAction 
1074019.191 SetValueAction 
1074019.236 SetValueAction 
1074019.263 SetValueAction 
1074019.290 SetValueAction 
1074019.316 SetValueAction 
1074019.742 CHECK_NEW_BLOCK BLOCK.TRIAL.CHECK_NEW_BLOCK_TRUE
1074020.148 RESET_VARS BLOCK.TRIAL.RESET_VARS
1074463.583 PREPARE_SEQUENCE BLOCK.TRIAL.PREPARE_SEQUENCE
1079967.450 DRIFT_CORRECT BLOCK.TRIAL.DRIFT_CORRECT
1080083.648 DISPLAY_TEXT BLOCK.TRIAL.RECORDING.DISPLAY_TEXT (BEGIN) 
1080101.691 DISPLAY_TEXT BLOCK.TRIAL.RECORDING.DISPLAY_TEXT
1096758.086 KEYBOARD_TEXT BLOCK.TRIAL.RECORDING.KEYBOARD_TEXT
1096758.616 SET_SENTENCE_RT BLOCK.TRIAL.RECORDING.SET_SENTENCE_RT
1096758.696 CHECK_QUESTION BLOCK.TRIAL.RECORDING.CHECK_QUESTION_TRUE
1096762.631 DISPLAY_BLANK BLOCK.TRIAL.RECORDING.DISPLAY_BLANK (BEGIN) 
1096777.379 DISPLAY_BLANK BLOCK.TRIAL.RECORDING.DISPLAY_BLANK
1096777.921 ADD_TO_RESULTS_FILE BLOCK.TRIAL.RECORDING.ADD_TO_RESULTS_FILE
1096864.129 SetValueAction 
1096864.165 SetValueAction 
1096864.193 SetValueAction 
1096864.218 SetValueAction 
1096864.244 SetValueAction 
1096864.271 SetValueAction 
1096864.685 CHECK_NEW_BLOCK BLOCK.TRIAL.CHECK_NEW_BLOCK_TRUE
1096865.217 RESET_VARS BLOCK.TRIAL.RESET_VARS
1097302.688 PREPARE_SEQUENCE BLOCK.TRIAL.PREPARE_SEQUENCE
1099041.534 DRIFT_CORRECT BLOCK.TRIAL.DRIFT_CORRECT
1099156.072 DISPLAY_TEXT BLOCK.TRIAL.RECORDING.DISPLAY_TEXT (BEGIN) 
1099175.310 DISPLAY_TEXT BLOCK.TRIAL.RECORDING.DISPLAY_TEXT
1112461.155 TRACKER_TIME 8 1565054.803
1112461.328 KEYBOARD_TEXT BLOCK.TRIAL.RECORDING.KEYBOARD_TEXT
1112461.832 SET_SENTENCE_RT BLOCK.TRIAL.RECORDING.SET_SENTENCE_RT
1112461.914 CHECK_QUESTION BLOCK.TRIAL.RECORDING.CHECK_QUESTION_TRUE
1112463.706 DISPLAY_BLANK BLOCK.TRIAL.RECORDING.DISPLAY_BLANK (BEGIN) 
1112472.846 DISPLAY_BLANK BLOCK.TRIAL.RECORDING.DISPLAY_BLANK
1112473.434 ADD_TO_RESULTS_FILE BLOCK.TRIAL.RECORDING.ADD_TO_RESULTS_FILE
1112558.104 SetValueAction 
1112558.141 SetValueAction 
1112558.169 SetValueAction 
1112558.196 SetValueAction 
1112558.222 SetValueAction 
1112558.269 SetValueAction 
1112558.670 CHECK_NEW_BLOCK BLOCK.TRIAL.CHECK_NEW_BLOCK_TRUE
1112559.025 RESET_VARS BLOCK.TRIAL.RESET_VARS
1113030.164 PREPARE_SEQUENCE BLOCK.TRIAL.PREPARE_SEQUENCE
1115892.696 DRIFT_CORRECT BLOCK.TRIAL.DRIFT_CORRECT
1116009.433 DISPLAY_TEXT BLOCK.TRIAL.RECORDING.DISPLAY_TEXT (BEGIN) 
1116047.591 DISPLAY_TEXT BLOCK.TRIAL.RECORDING.DISPLAY_TEXT
1149744.547 KEYBOARD_TEXT BLOCK.TRIAL.RECORDING.KEYBOARD_TEXT
1149745.356 SET_SENTENCE_RT BLOCK.TRIAL.RECORDING.SET_SENTENCE_RT
1149745.460 CHECK_QUESTION BLOCK.TRIAL.RECORDING.CHECK_QUESTION_TRUE
1149747.464 DISPLAY_BLANK BLOCK.TRIAL.RECORDING.DISPLAY_BLANK (BEGIN) 
1149762.005 DISPLAY_BLANK BLOCK.TRIAL.RECORDING.DISPLAY_BLANK
1149762.574 ADD_TO_RESULTS_FILE BLOCK.TRIAL.RECORDING.ADD_TO_RESULTS_FILE
1149848.118 SetValueAction 
1149848.152 SetValueAction 
1149848.181 SetValueAction 
1149848.221 SetValueAction 
1149848.247 SetValueAction 
1149848.273 SetValueAction 
1149848.625 CHECK_NEW_BLOCK BLOCK.TRIAL.CHECK_NEW_BLOCK_TRUE
1149849.002 RESET_VARS BLOCK.TRIAL.RESET_VARS
1150301.917 PREPARE_SEQUENCE BLOCK.TRIAL.PREPARE_SEQUENCE
1153117.271 DRIFT_CORRECT BLOCK.TRIAL.DRIFT_CORRECT
1153232.105 DISPLAY_TEXT BLOCK.TRIAL.RECORDING.DISPLAY_TEXT (BEGIN) 
1153250.842 DISPLAY_TEXT BLOCK.TRIAL.RECORDING.DISPLAY_TEXT
1169272.640 KEYBOARD_TEXT BLOCK.TRIAL.RECORDING.KEYBOARD_TEXT
1169273.172 SET_SENTENCE_RT BLOCK.TRIAL.RECORDING.SET_SENTENCE_RT
1169273.284 CHECK_QUESTION BLOCK.TRIAL.RECORDING.CHECK_QUESTION_TRUE
1169275.001 DISPLAY_BLANK BLOCK.TRIAL.RECORDING.DISPLAY_BLANK (BEGIN) 
1169289.641 DISPLAY_BLANK BLOCK.TRIAL.RECORDING.DISPLAY_BLANK
1169290.160 ADD_TO_RESULTS_FILE BLOCK.TRIAL.RECORDING.ADD_TO_RESULTS_FILE
1169375.105 SetValueAction 
1169375.154 SetValueAction 
1169375.183 SetValueAction 
1169375.210 SetValueAction 
1169375.236 SetValueAction 
1169375.262 SetValueAction 
1169375.819 CHECK_NEW_BLOCK BLOCK.TRIAL.CHECK_NEW_BLOCK_TRUE
1169376.160 RESET_VARS BLOCK.TRIAL.RESET_VARS
1169806.313 PREPARE_SEQUENCE BLOCK.TRIAL.PREPARE_SEQUENCE
1171816.244 DRIFT_CORRECT BLOCK.TRIAL.DRIFT_CORRECT
1171940.632 DISPLAY_TEXT BLOCK.TRIAL.RECORDING.DISPLAY_TEXT (BEGIN) 
1171963.913 DISPLAY_TEXT BLOCK.TRIAL.RECORDING.DISPLAY_TEXT
1185781.074 TRACKER_TIME 9 1638373.140
1185781.225 KEYBOARD_TEXT BLOCK.TRIAL.RECORDING.KEYBOARD_TEXT
1185782.026 SET_SENTENCE_RT BLOCK.TRIAL.RECORDING.SET_SENTENCE_RT
1185782.127 CHECK_QUESTION BLOCK.TRIAL.RECORDING.CHECK_QUESTION_TRUE
1185786.649 DISPLAY_BLANK BLOCK.TRIAL.RECORDING.DISPLAY_BLANK (BEGIN) 
1185801.472 DISPLAY_BLANK BLOCK.TRIAL.RECORDING.DISPLAY_BLANK
1185802.006 ADD_TO_RESULTS_FILE BLOCK.TRIAL.RECORDING.ADD_TO_RESULTS_FILE
1185889.115 SetValueAction 
1185889.151 SetValueAction 
1185889.189 SetValueAction 
1185889.216 SetValueAction 
1185889.243 SetValueAction 
1185889.276 SetValueAction 
1185889.707 CHECK_NEW_BLOCK BLOCK.TRIAL.CHECK_NEW_BLOCK_TRUE
1185890.058 RESET_VARS BLOCK.TRIAL.RESET_VARS
1186319.964 PREPARE_SEQUENCE BLOCK.TRIAL.PREPARE_SEQUENCE
1188492.513 DRIFT_CORRECT BLOCK.TRIAL.DRIFT_CORRECT
1188606.670 DISPLAY_TEXT BLOCK.TRIAL.RECORDING.DISPLAY_TEXT (BEGIN) 
1188640.109 DISPLAY_TEXT BLOCK.TRIAL.RECORDING.DISPLAY_TEXT
1211790.897 KEYBOARD_TEXT BLOCK.TRIAL.RECORDING.KEYBOARD_TEXT
1211791.629 SET_SENTENCE_RT BLOCK.TRIAL.RECORDING.SET_SENTENCE_RT
1211791.827 CHECK_QUESTION BLOCK.TRIAL.RECORDING.CHECK_QUESTION_TRUE
1211795.658 DISPLAY_BLANK BLOCK.TRIAL.RECORDING.DISPLAY_BLANK (BEGIN) 
1211810.570 DISPLAY_BLANK BLOCK.TRIAL.RECORDING.DISPLAY_BLANK
1211811.137 ADD_TO_RESULTS_FILE BLOCK.TRIAL.RECORDING.ADD_TO_RESULTS_FILE
1211897.118 SetValueAction 
1211897.186 SetValueAction 
1211897.241 SetValueAction 
1211897.268 SetValueAction 
1211897.332 SetValueAction 
1211897.359 SetValueAction 
1211897.779 CHECK_NEW_BLOCK BLOCK.TRIAL.CHECK_NEW_BLOCK_TRUE
1211898.180 RESET_VARS BLOCK.TRIAL.RESET_VARS
1212332.337 PREPARE_SEQUENCE BLOCK.TRIAL.PREPARE_SEQUENCE
1214145.142 DRIFT_CORRECT BLOCK.TRIAL.DRIFT_CORRECT
1214264.774 DISPLAY_TEXT BLOCK.TRIAL.RECORDING.DISPLAY_TEXT (BEGIN) 
1214298.017 DISPLAY_TEXT BLOCK.TRIAL.RECORDING.DISPLAY_TEXT
1246685.240 TRACKER_TIME 10 1699275.989
1246685.343 KEYBOARD_TEXT BLOCK.TRIAL.RECORDING.KEYBOARD_TEXT
1246685.938 SET_SENTENCE_RT BLOCK.TRIAL.RECORDING.SET_SENTENCE_RT
1246686.258 CHECK_QUESTION BLOCK.TRIAL.RECORDING.CHECK_QUESTION_TRUE
1246688.075 DISPLAY_BLANK BLOCK.TRIAL.RECORDING.DISPLAY_BLANK (BEGIN) 
1246700.418 DISPLAY_BLANK BLOCK.TRIAL.RECORDING.DISPLAY_BLANK
1246701.048 ADD_TO_RESULTS_FILE BLOCK.TRIAL.RECORDING.ADD_TO_RESULTS_FILE
1246788.121 SetValueAction 
1246788.173 SetValueAction 
1246788.202 SetValueAction 
1246788.244 SetValueAction 
1246788.271 SetValueAction 
1246788.297 SetValueAction 
1246788.714 CHECK_NEW_BLOCK BLOCK.TRIAL.CHECK_NEW_BLOCK_TRUE
1246789.230 RESET_VARS BLOCK.TRIAL.RESET_VARS
1247229.253 PREPARE_SEQUENCE BLOCK.TRIAL.PREPARE_SEQUENCE
1250177.717 DRIFT_CORRECT BLOCK.TRIAL.DRIFT_CORRECT
1250296.778 DISPLAY_TEXT BLOCK.TRIAL.RECORDING.DISPLAY_TEXT (BEGIN) 
1250311.742 DISPLAY_TEXT BLOCK.TRIAL.RECORDING.DISPLAY_TEXT
1261598.944 KEYBOARD_TEXT BLOCK.TRIAL.RECORDING.KEYBOARD_TEXT
1261599.707 SET_SENTENCE_RT BLOCK.TRIAL.RECORDING.SET_SENTENCE_RT
1261599.868 CHECK_QUESTION BLOCK.TRIAL.RECORDING.CHECK_QUESTION_TRUE
1261602.113 DISPLAY_BLANK BLOCK.TRIAL.RECORDING.DISPLAY_BLANK (BEGIN) 
1261612.734 DISPLAY_BLANK BLOCK.TRIAL.RECORDING.DISPLAY_BLANK
1261613.368 ADD_TO_RESULTS_FILE BLOCK.TRIAL.RECORDING.ADD_TO_RESULTS_FILE
1261698.119 SetValueAction 
1261698.154 SetValueAction 
1261698.183 SetValueAction 
1261698.225 SetValueAction 
1261698.251 SetValueAction 
1261698.277 SetValueAction 
1261698.645 CHECK_NEW_BLOCK BLOCK.TRIAL.CHECK_NEW_BLOCK_TRUE
1261699.083 RESET_VARS BLOCK.TRIAL.RESET_VARS
1262104.696 PREPARE_SEQUENCE BLOCK.TRIAL.PREPARE_SEQUENCE
1263011.426 DRIFT_CORRECT BLOCK.TRIAL.DRIFT_CORRECT
1263130.668 DISPLAY_TEXT BLOCK.TRIAL.RECORDING.DISPLAY_TEXT (BEGIN) 
1263154.191 DISPLAY_TEXT BLOCK.TRIAL.RECORDING.DISPLAY_TEXT
1276595.332 KEYBOARD_TEXT BLOCK.TRIAL.RECORDING.KEYBOARD_TEXT
1276595.867 SET_SENTENCE_RT BLOCK.TRIAL.RECORDING.SET_SENTENCE_RT
1276595.996 CHECK_QUESTION BLOCK.TRIAL.RECORDING.CHECK_QUESTION_TRUE
1276597.733 DISPLAY_BLANK BLOCK.TRIAL.RECORDING.DISPLAY_BLANK (BEGIN) 
1276608.392 DISPLAY_BLANK BLOCK.TRIAL.RECORDING.DISPLAY_BLANK
1276608.997 ADD_TO_RESULTS_FILE BLOCK.TRIAL.RECORDING.ADD_TO_RESULTS_FILE
1276696.119 SetValueAction 
1276696.153 SetValueAction 
1276696.181 SetValueAction 
1276696.208 SetValueAction 
1276696.235 SetValueAction 
1276696.275 SetValueAction 
1276696.694 CHECK_NEW_BLOCK BLOCK.TRIAL.CHECK_NEW_BLOCK_TRUE
1276697.036 RESET_VARS BLOCK.TRIAL.RESET_VARS
1277094.942 PREPARE_SEQUENCE BLOCK.TRIAL.PREPARE_SEQUENCE
1278804.660 DRIFT_CORRECT BLOCK.TRIAL.DRIFT_CORRECT
1278919.165 DISPLAY_TEXT BLOCK.TRIAL.RECORDING.DISPLAY_TEXT (BEGIN) 
1278947.559 DISPLAY_TEXT BLOCK.TRIAL.RECORDING.DISPLAY_TEXT
1297367.166 KEYBOARD_TEXT BLOCK.TRIAL.RECORDING.KEYBOARD_TEXT
1297367.745 SET_SENTENCE_RT BLOCK.TRIAL.RECORDING.SET_SENTENCE_RT
1297367.823 CHECK_QUESTION BLOCK.TRIAL.RECORDING.CHECK_QUESTION_TRUE
1297370.067 DISPLAY_BLANK BLOCK.TRIAL.RECORDING.DISPLAY_BLANK (BEGIN) 
1297385.686 DISPLAY_BLANK BLOCK.TRIAL.RECORDING.DISPLAY_BLANK
1297386.245 ADD_TO_RESULTS_FILE BLOCK.TRIAL.RECORDING.ADD_TO_RESULTS_FILE
1297472.106 SetValueAction 
1297472.154 SetValueAction 
1297472.182 SetValueAction 
1297472.208 SetValueAction 
1297472.234 SetValueAction 
1297472.275 SetValueAction 
1297472.656 CHECK_NEW_BLOCK BLOCK.TRIAL.CHECK_NEW_BLOCK_TRUE
1297473.064 RESET_VARS BLOCK.TRIAL.RESET_VARS
1297906.683 PREPARE_SEQUENCE BLOCK.TRIAL.PREPARE_SEQUENCE
1300535.956 DRIFT_CORRECT BLOCK.TRIAL.DRIFT_CORRECT
1300652.643 DISPLAY_TEXT BLOCK.TRIAL.RECORDING.DISPLAY_TEXT (BEGIN) 
1300681.689 DISPLAY_TEXT BLOCK.TRIAL.RECORDING.DISPLAY_TEXT
1325582.012 TRACKER_TIME 11 1778171.013
1325582.132 KEYBOARD_TEXT BLOCK.TRIAL.RECORDING.KEYBOARD_TEXT
1325582.679 SET_SENTENCE_RT BLOCK.TRIAL.RECORDING.SET_SENTENCE_RT
1325582.741 CHECK_QUESTION BLOCK.TRIAL.RECORDING.CHECK_QUESTION_TRUE
1325584.407 DISPLAY_BLANK BLOCK.TRIAL.RECORDING.DISPLAY_BLANK (BEGIN) 
1325594.136 DISPLAY_BLANK BLOCK.TRIAL.RECORDING.DISPLAY_BLANK
1325594.707 ADD_TO_RESULTS_FILE BLOCK.TRIAL.RECORDING.ADD_TO_RESULTS_FILE
1325680.113 SetValueAction 
1325680.163 SetValueAction 
1325680.191 SetValueAction 
1325680.217 SetValueAction 
1325680.244 SetValueAction 
1325680.285 SetValueAction 
1325680.669 CHECK_NEW_BLOCK BLOCK.TRIAL.CHECK_NEW_BLOCK_TRUE
1325681.092 RESET_VARS BLOCK.TRIAL.RESET_VARS
1326134.243 PREPARE_SEQUENCE BLOCK.TRIAL.PREPARE_SEQUENCE
1328211.957 DRIFT_CORRECT BLOCK.TRIAL.DRIFT_CORRECT
1328328.645 DISPLAY_TEXT BLOCK.TRIAL.RECORDING.DISPLAY_TEXT (BEGIN) 
1328371.548 DISPLAY_TEXT BLOCK.TRIAL.RECORDING.DISPLAY_TEXT
1359711.848 KEYBOARD_TEXT BLOCK.TRIAL.RECORDING.KEYBOARD_TEXT
1359712.676 SET_SENTENCE_RT BLOCK.TRIAL.RECORDING.SET_SENTENCE_RT
1359712.758 CHECK_QUESTION BLOCK.TRIAL.RECORDING.CHECK_QUESTION_TRUE
1359714.733 DISPLAY_BLANK BLOCK.TRIAL.RECORDING.DISPLAY_BLANK (BEGIN) 
1359717.532 DISPLAY_BLANK BLOCK.TRIAL.RECORDING.DISPLAY_BLANK
1359718.096 ADD_TO_RESULTS_FILE BLOCK.TRIAL.RECORDING.ADD_TO_RESULTS_FILE
1359803.122 SetValueAction 
1359803.159 SetValueAction 
1359803.187 SetValueAction 
1359803.213 SetValueAction 
1359803.239 SetValueAction 
1359803.266 SetValueAction 
1359803.688 CHECK_NEW_BLOCK BLOCK.TRIAL.CHECK_NEW_BLOCK_TRUE
1359804.122 RESET_VARS BLOCK.TRIAL.RESET_VARS
1360219.390 PREPARE_SEQUENCE BLOCK.TRIAL.PREPARE_SEQUENCE
1362963.908 DRIFT_CORRECT BLOCK.TRIAL.DRIFT_CORRECT
1363077.766 DISPLAY_TEXT BLOCK.TRIAL.RECORDING.DISPLAY_TEXT (BEGIN) 
1363113.948 DISPLAY_TEXT BLOCK.TRIAL.RECORDING.DISPLAY_TEXT
1387972.605 TRACKER_TIME 12 1840560.376
1387972.784 KEYBOARD_TEXT BLOCK.TRIAL.RECORDING.KEYBOARD_TEXT
1387973.391 SET_SENTENCE_RT BLOCK.TRIAL.RECORDING.SET_SENTENCE_RT
1387973.577 CHECK_QUESTION BLOCK.TRIAL.RECORDING.CHECK_QUESTION_TRUE
1387977.681 DISPLAY_BLANK BLOCK.TRIAL.RECORDING.DISPLAY_BLANK (BEGIN) 
1387992.637 DISPLAY_BLANK BLOCK.TRIAL.RECORDING.DISPLAY_BLANK
1387993.219 ADD_TO_RESULTS_FILE BLOCK.TRIAL.RECORDING.ADD_TO_RESULTS_FILE
1388080.135 SetValueAction 
1388080.173 SetValueAction 
1388080.207 SetValueAction 
1388080.233 SetValueAction 
1388080.268 SetValueAction 
1388080.310 SetValueAction 
1388080.694 CHECK_NEW_BLOCK BLOCK.TRIAL.CHECK_NEW_BLOCK_TRUE
1388081.065 RESET_VARS BLOCK.TRIAL.RESET_VARS
1388590.264 PREPARE_SEQUENCE BLOCK.TRIAL.PREPARE_SEQUENCE
1390465.415 DRIFT_CORRECT BLOCK.TRIAL.DRIFT_CORRECT
1390582.865 DISPLAY_TEXT BLOCK.TRIAL.RECORDING.DISPLAY_TEXT (BEGIN) 
1390620.326 DISPLAY_TEXT BLOCK.TRIAL.RECORDING.DISPLAY_TEXT
1408436.604 KEYBOARD_TEXT BLOCK.TRIAL.RECORDING.KEYBOARD_TEXT
1408437.999 SET_SENTENCE_RT BLOCK.TRIAL.RECORDING.SET_SENTENCE_RT
1408438.573 CHECK_QUESTION BLOCK.TRIAL.RECORDING.CHECK_QUESTION_FALSE
1408442.045 DISPLAY_QUESTION BLOCK.TRIAL.RECORDING.DISPLAY_QUESTION (BEGIN) 
1408453.352 DISPLAY_QUESTION BLOCK.TRIAL.RECORDING.DISPLAY_QUESTION
1413434.494 KEYBOARD_QUESTION BLOCK.TRIAL.RECORDING.KEYBOARD_QUESTION
1413434.786 CHECK_RESPONSE_BUTTON BLOCK.TRIAL.RECORDING.CHECK_RESPONSE_BUTTON_FALSE
1413435.509 SET_VARS_INCORRECT BLOCK.TRIAL.RECORDING.SET_VARS_INCORRECT
1413437.239 DISPLAY_BLANK BLOCK.TRIAL.RECORDING.DISPLAY_BLANK (BEGIN) 
1413451.940 DISPLAY_BLANK BLOCK.TRIAL.RECORDING.DISPLAY_BLANK
1413453.281 ADD_TO_RESULTS_FILE BLOCK.TRIAL.RECORDING.ADD_TO_RESULTS_FILE
1413539.117 SetValueAction 
1413539.152 SetValueAction 
1413539.181 SetValueAction 
1413539.206 SetValueAction 
1413539.232 SetValueAction 
1413539.258 SetValueAction 
1413539.666 CHECK_NEW_BLOCK BLOCK.TRIAL.CHECK_NEW_BLOCK_TRUE
1413539.987 RESET_VARS BLOCK.TRIAL.RESET_VARS
1413983.152 PREPARE_SEQUENCE BLOCK.TRIAL.PREPARE_SEQUENCE
1426996.375 DRIFT_CORRECT BLOCK.TRIAL.DRIFT_CORRECT
1427111.035 DISPLAY_TEXT BLOCK.TRIAL.RECORDING.DISPLAY_TEXT (BEGIN) 
1427114.593 DISPLAY_TEXT BLOCK.TRIAL.RECORDING.DISPLAY_TEXT
1428346.517 KEYBOARD_TEXT BLOCK.TRIAL.RECORDING.KEYBOARD_TEXT
1428347.004 SET_SENTENCE_RT BLOCK.TRIAL.RECORDING.SET_SENTENCE_RT
1428347.066 CHECK_QUESTION BLOCK.TRIAL.RECORDING.CHECK_QUESTION_TRUE
1428348.746 DISPLAY_BLANK BLOCK.TRIAL.RECORDING.DISPLAY_BLANK (BEGIN) 
1428364.236 DISPLAY_BLANK BLOCK.TRIAL.RECORDING.DISPLAY_BLANK
1428364.877 ADD_TO_RESULTS_FILE BLOCK.TRIAL.RECORDING.ADD_TO_RESULTS_FILE
1428450.144 SetValueAction 
1428450.179 SetValueAction 
1428450.223 SetValueAction 
1428450.251 SetValueAction 
1428450.278 SetValueAction 
1428450.312 SetValueAction 
1428450.694 CHECK_NEW_BLOCK BLOCK.TRIAL.CHECK_NEW_BLOCK_TRUE
1428451.093 RESET_VARS BLOCK.TRIAL.RESET_VARS
1428890.717 PREPARE_SEQUENCE BLOCK.TRIAL.PREPARE_SEQUENCE
1431047.930 DRIFT_CORRECT BLOCK.TRIAL.DRIFT_CORRECT
1431165.633 DISPLAY_TEXT BLOCK.TRIAL.RECORDING.DISPLAY_TEXT (BEGIN) 
1431185.411 DISPLAY_TEXT BLOCK.TRIAL.RECORDING.DISPLAY_TEXT
1446487.205 KEYBOARD_TEXT BLOCK.TRIAL.RECORDING.KEYBOARD_TEXT
1446487.783 SET_SENTENCE_RT BLOCK.TRIAL.RECORDING.SET_SENTENCE_RT
1446487.866 CHECK_QUESTION BLOCK.TRIAL.RECORDING.CHECK_QUESTION_TRUE
1446489.495 DISPLAY_BLANK BLOCK.TRIAL.RECORDING.DISPLAY_BLANK (BEGIN) 
1446492.306 DISPLAY_BLANK BLOCK.TRIAL.RECORDING.DISPLAY_BLANK
1446492.982 ADD_TO_RESULTS_FILE BLOCK.TRIAL.RECORDING.ADD_TO_RESULTS_FILE
1446578.142 SetValueAction 
1446578.194 SetValueAction 
1446578.238 SetValueAction 
1446578.264 SetValueAction 
1446578.291 SetValueAction 
1446578.317 SetValueAction 
1446578.655 CHECK_NEW_BLOCK BLOCK.TRIAL.CHECK_NEW_BLOCK_TRUE
1446578.968 RESET_VARS BLOCK.TRIAL.RESET_VARS
1447017.851 PREPARE_SEQUENCE BLOCK.TRIAL.PREPARE_SEQUENCE
1448794.690 TRACKER_TIME 13 1901381.089
1448794.777 DRIFT_CORRECT BLOCK.TRIAL.DRIFT_CORRECT
1448909.089 DISPLAY_TEXT BLOCK.TRIAL.RECORDING.DISPLAY_TEXT (BEGIN) 
1448927.145 DISPLAY_TEXT BLOCK.TRIAL.RECORDING.DISPLAY_TEXT
1458752.472 KEYBOARD_TEXT BLOCK.TRIAL.RECORDING.KEYBOARD_TEXT
1458753.120 SET_SENTENCE_RT BLOCK.TRIAL.RECORDING.SET_SENTENCE_RT
1458753.385 CHECK_QUESTION BLOCK.TRIAL.RECORDING.CHECK_QUESTION_FALSE
1458756.579 DISPLAY_QUESTION BLOCK.TRIAL.RECORDING.DISPLAY_QUESTION (BEGIN) 
1458772.067 DISPLAY_QUESTION BLOCK.TRIAL.RECORDING.DISPLAY_QUESTION
1461646.872 KEYBOARD_QUESTION BLOCK.TRIAL.RECORDING.KEYBOARD_QUESTION
1461647.272 CHECK_RESPONSE_BUTTON BLOCK.TRIAL.RECORDING.CHECK_RESPONSE_BUTTON_TRUE
1461648.000 SET_VARS_CORRECT BLOCK.TRIAL.RECORDING.SET_VARS_CORRECT
1461649.684 DISPLAY_BLANK BLOCK.TRIAL.RECORDING.DISPLAY_BLANK (BEGIN) 
1461654.539 DISPLAY_BLANK BLOCK.TRIAL.RECORDING.DISPLAY_BLANK
1461655.100 ADD_TO_RESULTS_FILE BLOCK.TRIAL.RECORDING.ADD_TO_RESULTS_FILE
1461740.102 SetValueAction 
1461740.136 SetValueAction 
1461740.165 SetValueAction 
1461740.190 SetValueAction 
1461740.218 SetValueAction 
1461740.244 SetValueAction 
1461740.638 CHECK_NEW_BLOCK BLOCK.TRIAL.CHECK_NEW_BLOCK_TRUE
1461740.945 RESET_VARS BLOCK.TRIAL.RESET_VARS
1462167.810 PREPARE_SEQUENCE BLOCK.TRIAL.PREPARE_SEQUENCE
1463245.275 DRIFT_CORRECT BLOCK.TRIAL.DRIFT_CORRECT
1463360.676 DISPLAY_TEXT BLOCK.TRIAL.RECORDING.DISPLAY_TEXT (BEGIN) 
1463377.105 DISPLAY_TEXT BLOCK.TRIAL.RECORDING.DISPLAY_TEXT
1471965.996 KEYBOARD_TEXT BLOCK.TRIAL.RECORDING.KEYBOARD_TEXT
1471966.496 SET_SENTENCE_RT BLOCK.TRIAL.RECORDING.SET_SENTENCE_RT
1471966.581 CHECK_QUESTION BLOCK.TRIAL.RECORDING.CHECK_QUESTION_TRUE
1471968.284 DISPLAY_BLANK BLOCK.TRIAL.RECORDING.DISPLAY_BLANK (BEGIN) 
1471984.867 DISPLAY_BLANK BLOCK.TRIAL.RECORDING.DISPLAY_BLANK
1471985.410 ADD_TO_RESULTS_FILE BLOCK.TRIAL.RECORDING.ADD_TO_RESULTS_FILE
1472071.108 SetValueAction 
1472071.142 SetValueAction 
1472071.177 SetValueAction 
1472071.207 SetValueAction 
1472071.233 SetValueAction 
1472071.270 SetValueAction 
1472071.935 CHECK_NEW_BLOCK BLOCK.TRIAL.CHECK_NEW_BLOCK_TRUE
1472072.395 RESET_VARS BLOCK.TRIAL.RESET_VARS
1472481.296 PREPARE_SEQUENCE BLOCK.TRIAL.PREPARE_SEQUENCE
1507812.398 DRIFT_CORRECT BLOCK.TRIAL.DRIFT_CORRECT
1507935.807 DISPLAY_TEXT BLOCK.TRIAL.RECORDING.DISPLAY_TEXT (BEGIN) 
1507952.712 DISPLAY_TEXT BLOCK.TRIAL.RECORDING.DISPLAY_TEXT
1520516.138 TRACKER_TIME 14 1973100.984
1520516.248 KEYBOARD_TEXT BLOCK.TRIAL.RECORDING.KEYBOARD_TEXT
1520517.027 SET_SENTENCE_RT BLOCK.TRIAL.RECORDING.SET_SENTENCE_RT
1520517.089 CHECK_QUESTION BLOCK.TRIAL.RECORDING.CHECK_QUESTION_TRUE
1520522.632 DISPLAY_BLANK BLOCK.TRIAL.RECORDING.DISPLAY_BLANK (BEGIN) 
1520537.411 DISPLAY_BLANK BLOCK.TRIAL.RECORDING.DISPLAY_BLANK
1520537.946 ADD_TO_RESULTS_FILE BLOCK.TRIAL.RECORDING.ADD_TO_RESULTS_FILE
1520625.099 SetValueAction 
1520625.133 SetValueAction 
1520625.160 SetValueAction 
1520625.186 SetValueAction 
1520625.211 SetValueAction 
1520625.236 SetValueAction 
1520625.631 CHECK_NEW_BLOCK BLOCK.TRIAL.CHECK_NEW_BLOCK_TRUE
1520625.947 RESET_VARS BLOCK.TRIAL.RESET_VARS
1521010.629 PREPARE_SEQUENCE BLOCK.TRIAL.PREPARE_SEQUENCE
1585508.029 TRACKER_TIME 15 2038091.448
1585508.153 DRIFT_CORRECT BLOCK.TRIAL.DRIFT_CORRECT
1585627.826 DISPLAY_TEXT BLOCK.TRIAL.RECORDING.DISPLAY_TEXT (BEGIN) 
1585642.843 DISPLAY_TEXT BLOCK.TRIAL.RECORDING.DISPLAY_TEXT
1597877.124 KEYBOARD_TEXT BLOCK.TRIAL.RECORDING.KEYBOARD_TEXT
1597877.748 SET_SENTENCE_RT BLOCK.TRIAL.RECORDING.SET_SENTENCE_RT
1597877.834 CHECK_QUESTION BLOCK.TRIAL.RECORDING.CHECK_QUESTION_TRUE
1597883.635 DISPLAY_BLANK BLOCK.TRIAL.RECORDING.DISPLAY_BLANK (BEGIN) 
1597898.236 DISPLAY_BLANK BLOCK.TRIAL.RECORDING.DISPLAY_BLANK
1597899.153 ADD_TO_RESULTS_FILE BLOCK.TRIAL.RECORDING.ADD_TO_RESULTS_FILE
1597985.100 SetValueAction 
1597985.133 SetValueAction 
1597985.199 SetValueAction 
1597985.224 SetValueAction 
1597985.250 SetValueAction 
1597985.275 SetValueAction 
1597985.694 CHECK_NEW_BLOCK BLOCK.TRIAL.CHECK_NEW_BLOCK_TRUE
1597986.050 RESET_VARS BLOCK.TRIAL.RESET_VARS
1598371.629 PREPARE_SEQUENCE BLOCK.TRIAL.PREPARE_SEQUENCE
1678606.703 TRACKER_TIME 16 2131188.056
1678606.830 DRIFT_CORRECT BLOCK.TRIAL.DRIFT_CORRECT
1678727.982 DISPLAY_TEXT BLOCK.TRIAL.RECORDING.DISPLAY_TEXT (BEGIN) 
1678741.948 DISPLAY_TEXT BLOCK.TRIAL.RECORDING.DISPLAY_TEXT
1698071.405 KEYBOARD_TEXT BLOCK.TRIAL.RECORDING.KEYBOARD_TEXT
1698072.226 SET_SENTENCE_RT BLOCK.TRIAL.RECORDING.SET_SENTENCE_RT
1698072.342 CHECK_QUESTION BLOCK.TRIAL.RECORDING.CHECK_QUESTION_TRUE
1698074.459 DISPLAY_BLANK BLOCK.TRIAL.RECORDING.DISPLAY_BLANK (BEGIN) 
1698085.742 DISPLAY_BLANK BLOCK.TRIAL.RECORDING.DISPLAY_BLANK
1698086.312 ADD_TO_RESULTS_FILE BLOCK.TRIAL.RECORDING.ADD_TO_RESULTS_FILE
1698173.099 SetValueAction 
1698173.132 SetValueAction 
1698173.160 SetValueAction 
1698173.185 SetValueAction 
1698173.211 SetValueAction 
1698173.236 SetValueAction 
1698173.652 CHECK_NEW_BLOCK BLOCK.TRIAL.CHECK_NEW_BLOCK_TRUE
1698174.025 RESET_VARS BLOCK.TRIAL.RESET_VARS
1698555.558 PREPARE_SEQUENCE BLOCK.TRIAL.PREPARE_SEQUENCE
1767003.561 TRACKER_TIME 17 2219583.062
1767003.700 DRIFT_CORRECT BLOCK.TRIAL.DRIFT_CORRECT
1767126.200 DISPLAY_TEXT BLOCK.TRIAL.RECORDING.DISPLAY_TEXT (BEGIN) 
1767141.334 DISPLAY_TEXT BLOCK.TRIAL.RECORDING.DISPLAY_TEXT
1775969.373 KEYBOARD_TEXT BLOCK.TRIAL.RECORDING.KEYBOARD_TEXT
1775969.993 SET_SENTENCE_RT BLOCK.TRIAL.RECORDING.SET_SENTENCE_RT
1775970.234 CHECK_QUESTION BLOCK.TRIAL.RECORDING.CHECK_QUESTION_TRUE
1775972.238 DISPLAY_BLANK BLOCK.TRIAL.RECORDING.DISPLAY_BLANK (BEGIN) 
1775979.725 DISPLAY_BLANK BLOCK.TRIAL.RECORDING.DISPLAY_BLANK
1775980.285 ADD_TO_RESULTS_FILE BLOCK.TRIAL.RECORDING.ADD_TO_RESULTS_FILE
1776066.098 SetValueAction 
1776066.132 SetValueAction 
1776066.159 SetValueAction 
1776066.185 SetValueAction 
1776066.211 SetValueAction 
1776066.235 SetValueAction 
1776066.624 CHECK_NEW_BLOCK BLOCK.TRIAL.CHECK_NEW_BLOCK_TRUE
1776066.919 RESET_VARS BLOCK.TRIAL.RESET_VARS
1776460.019 PREPARE_SEQUENCE BLOCK.TRIAL.PREPARE_SEQUENCE
1807843.299 DRIFT_CORRECT BLOCK.TRIAL.DRIFT_CORRECT
el_logger: Quit logger.
******** END OF THE LOG FILE ********
