14869.102 ********************************************************
14869.143 ** Session beginning Thursday February 24, 2022 02:24:20 AM **
14869.148 ** ExperimentBuilder Project : P24 **
14869.151 ** ExperimentBuilder Version : 2.3.38 **
14869.154 ** ExperimentBuilder Build   : Jul 30 2020 **
14869.157 ********************************************************
14869.162 TRACKER_TIME 0 8065963.614
15308.614 SETUP_INSTRUCTIONS SETUP_INSTRUCTIONS (BEGIN) 
15327.201 SETUP_INSTRUCTIONS SETUP_INSTRUCTIONS
135327.272 TRACKER_TIME 1 8186419.536
135327.366 TIMER TIMER
950192.053 TRACKER_TIME 2 9001267.695
950192.148 EL_CAMERA_SETUP EL_CAMERA_SETUP
950230.163 EXPERIMENTAL__FIRST_BLOCK_INSTRUCTIONS BLOCK.EXPERIMENTAL__FIRST_BLOCK_INSTRUCTIONS (BEGIN) 
950238.747 EXPERIMENTAL__FIRST_BLOCK_INSTRUCTIONS BLOCK.EXPERIMENTAL__FIRST_BLOCK_INSTRUCTIONS
994552.577 KEYBOARD BLOCK.KEYBOARD
994552.750 SetValueAction 
994552.779 SetValueAction 
994552.806 SetValueAction 
994552.831 SetValueAction 
994552.856 SetValueAction 
994552.881 SetValueAction 
994553.161 CHECK_NEW_BLOCK BLOCK.TRIAL.CHECK_NEW_BLOCK_TRUE
994553.578 RESET_VARS BLOCK.TRIAL.RESET_VARS
995029.173 PREPARE_SEQUENCE BLOCK.TRIAL.PREPARE_SEQUENCE
999874.674 DRIFT_CORRECT BLOCK.TRIAL.DRIFT_CORRECT
999988.730 DISPLAY_TEXT BLOCK.TRIAL.RECORDING.DISPLAY_TEXT (BEGIN) 
999991.708 DISPLAY_TEXT BLOCK.TRIAL.RECORDING.DISPLAY_TEXT
1005093.634 KEYBOARD_TEXT BLOCK.TRIAL.RECORDING.KEYBOARD_TEXT
1005094.169 SET_SENTENCE_RT BLOCK.TRIAL.RECORDING.SET_SENTENCE_RT
1005094.244 CHECK_QUESTION BLOCK.TRIAL.RECORDING.CHECK_QUESTION_TRUE
1005096.237 DISPLAY_BLANK BLOCK.TRIAL.RECORDING.DISPLAY_BLANK (BEGIN) 
1005106.129 DISPLAY_BLANK BLOCK.TRIAL.RECORDING.DISPLAY_BLANK
1005106.631 ADD_TO_RESULTS_FILE BLOCK.TRIAL.RECORDING.ADD_TO_RESULTS_FILE
1005192.093 SetValueAction 
1005192.127 SetValueAction 
1005192.154 SetValueAction 
1005192.179 SetValueAction 
1005192.204 SetValueAction 
1005192.229 SetValueAction 
1005192.589 CHECK_NEW_BLOCK BLOCK.TRIAL.CHECK_NEW_BLOCK_TRUE
1005192.917 RESET_VARS BLOCK.TRIAL.RESET_VARS
1005594.389 PREPARE_SEQUENCE BLOCK.TRIAL.PREPARE_SEQUENCE
1009102.110 DRIFT_CORRECT BLOCK.TRIAL.DRIFT_CORRECT
1009216.644 DISPLAY_TEXT BLOCK.TRIAL.RECORDING.DISPLAY_TEXT (BEGIN) 
1009221.577 DISPLAY_TEXT BLOCK.TRIAL.RECORDING.DISPLAY_TEXT
1011910.386 TRACKER_TIME 3 9062984.748
1011910.457 KEYBOARD_TEXT BLOCK.TRIAL.RECORDING.KEYBOARD_TEXT
1011910.927 SET_SENTENCE_RT BLOCK.TRIAL.RECORDING.SET_SENTENCE_RT
1011911.020 CHECK_QUESTION BLOCK.TRIAL.RECORDING.CHECK_QUESTION_TRUE
1011913.015 DISPLAY_BLANK BLOCK.TRIAL.RECORDING.DISPLAY_BLANK (BEGIN) 
1011920.838 DISPLAY_BLANK BLOCK.TRIAL.RECORDING.DISPLAY_BLANK
1011921.315 ADD_TO_RESULTS_FILE BLOCK.TRIAL.RECORDING.ADD_TO_RESULTS_FILE
1012006.093 SetValueAction 
1012006.125 SetValueAction 
1012006.152 SetValueAction 
1012006.176 SetValueAction 
1012006.202 SetValueAction 
1012006.226 SetValueAction 
1012006.598 CHECK_NEW_BLOCK BLOCK.TRIAL.CHECK_NEW_BLOCK_TRUE
1012006.960 RESET_VARS BLOCK.TRIAL.RESET_VARS
1012415.470 PREPARE_SEQUENCE BLOCK.TRIAL.PREPARE_SEQUENCE
1016344.018 DRIFT_CORRECT BLOCK.TRIAL.DRIFT_CORRECT
1016471.629 DISPLAY_TEXT BLOCK.TRIAL.RECORDING.DISPLAY_TEXT (BEGIN) 
1016486.156 DISPLAY_TEXT BLOCK.TRIAL.RECORDING.DISPLAY_TEXT
1029566.634 KEYBOARD_TEXT BLOCK.TRIAL.RECORDING.KEYBOARD_TEXT
1029567.166 SET_SENTENCE_RT BLOCK.TRIAL.RECORDING.SET_SENTENCE_RT
1029567.253 CHECK_QUESTION BLOCK.TRIAL.RECORDING.CHECK_QUESTION_TRUE
1029569.084 DISPLAY_BLANK BLOCK.TRIAL.RECORDING.DISPLAY_BLANK (BEGIN) 
1029582.343 DISPLAY_BLANK BLOCK.TRIAL.RECORDING.DISPLAY_BLANK
1029582.844 ADD_TO_RESULTS_FILE BLOCK.TRIAL.RECORDING.ADD_TO_RESULTS_FILE
1029669.092 SetValueAction 
1029669.124 SetValueAction 
1029669.151 SetValueAction 
1029669.175 SetValueAction 
1029669.200 SetValueAction 
1029669.225 SetValueAction 
1029669.579 CHECK_NEW_BLOCK BLOCK.TRIAL.CHECK_NEW_BLOCK_TRUE
1029669.948 RESET_VARS BLOCK.TRIAL.RESET_VARS
1030089.567 PREPARE_SEQUENCE BLOCK.TRIAL.PREPARE_SEQUENCE
1031184.403 DRIFT_CORRECT BLOCK.TRIAL.DRIFT_CORRECT
1031299.597 DISPLAY_TEXT BLOCK.TRIAL.RECORDING.DISPLAY_TEXT (BEGIN) 
1031315.159 DISPLAY_TEXT BLOCK.TRIAL.RECORDING.DISPLAY_TEXT
1046334.464 KEYBOARD_TEXT BLOCK.TRIAL.RECORDING.KEYBOARD_TEXT
1046335.075 SET_SENTENCE_RT BLOCK.TRIAL.RECORDING.SET_SENTENCE_RT
1046335.156 CHECK_QUESTION BLOCK.TRIAL.RECORDING.CHECK_QUESTION_TRUE
1046337.090 DISPLAY_BLANK BLOCK.TRIAL.RECORDING.DISPLAY_BLANK (BEGIN) 
1046344.130 DISPLAY_BLANK BLOCK.TRIAL.RECORDING.DISPLAY_BLANK
1046344.599 ADD_TO_RESULTS_FILE BLOCK.TRIAL.RECORDING.ADD_TO_RESULTS_FILE
1046431.095 SetValueAction 
1046431.128 SetValueAction 
1046431.155 SetValueAction 
1046431.181 SetValueAction 
1046431.206 SetValueAction 
1046431.230 SetValueAction 
1046431.560 CHECK_NEW_BLOCK BLOCK.TRIAL.CHECK_NEW_BLOCK_TRUE
1046431.891 RESET_VARS BLOCK.TRIAL.RESET_VARS
1046861.824 PREPARE_SEQUENCE BLOCK.TRIAL.PREPARE_SEQUENCE
1048041.807 DRIFT_CORRECT BLOCK.TRIAL.DRIFT_CORRECT
1048155.646 DISPLAY_TEXT BLOCK.TRIAL.RECORDING.DISPLAY_TEXT (BEGIN) 
1048176.027 DISPLAY_TEXT BLOCK.TRIAL.RECORDING.DISPLAY_TEXT
1074951.494 TRACKER_TIME 4 9126024.565
1074951.566 KEYBOARD_TEXT BLOCK.TRIAL.RECORDING.KEYBOARD_TEXT
1074952.283 SET_SENTENCE_RT BLOCK.TRIAL.RECORDING.SET_SENTENCE_RT
1074952.525 CHECK_QUESTION BLOCK.TRIAL.RECORDING.CHECK_QUESTION_FALSE
1074955.164 DISPLAY_QUESTION BLOCK.TRIAL.RECORDING.DISPLAY_QUESTION (BEGIN) 
1074969.162 DISPLAY_QUESTION BLOCK.TRIAL.RECORDING.DISPLAY_QUESTION
1085631.433 KEYBOARD_QUESTION BLOCK.TRIAL.RECORDING.KEYBOARD_QUESTION
1085631.654 CHECK_RESPONSE_BUTTON BLOCK.TRIAL.RECORDING.CHECK_RESPONSE_BUTTON_TRUE
1085632.423 SET_VARS_CORRECT BLOCK.TRIAL.RECORDING.SET_VARS_CORRECT
1085634.115 DISPLAY_BLANK BLOCK.TRIAL.RECORDING.DISPLAY_BLANK (BEGIN) 
1085649.405 DISPLAY_BLANK BLOCK.TRIAL.RECORDING.DISPLAY_BLANK
1085649.887 ADD_TO_RESULTS_FILE BLOCK.TRIAL.RECORDING.ADD_TO_RESULTS_FILE
1085736.107 SetValueAction 
1085736.138 SetValueAction 
1085736.165 SetValueAction 
1085736.190 SetValueAction 
1085736.215 SetValueAction 
1085736.240 SetValueAction 
1085736.591 CHECK_NEW_BLOCK BLOCK.TRIAL.CHECK_NEW_BLOCK_TRUE
1085736.954 RESET_VARS BLOCK.TRIAL.RESET_VARS
1086168.509 PREPARE_SEQUENCE BLOCK.TRIAL.PREPARE_SEQUENCE
1361740.966 TRACKER_TIME 5 9412808.006
1361741.225 DRIFT_CORRECT BLOCK.TRIAL.DRIFT_CORRECT
1361864.733 DISPLAY_TEXT BLOCK.TRIAL.RECORDING.DISPLAY_TEXT (BEGIN) 
1361875.314 DISPLAY_TEXT BLOCK.TRIAL.RECORDING.DISPLAY_TEXT
1382688.775 KEYBOARD_TEXT BLOCK.TRIAL.RECORDING.KEYBOARD_TEXT
1382689.277 SET_SENTENCE_RT BLOCK.TRIAL.RECORDING.SET_SENTENCE_RT
1382689.349 CHECK_QUESTION BLOCK.TRIAL.RECORDING.CHECK_QUESTION_TRUE
1382691.212 DISPLAY_BLANK BLOCK.TRIAL.RECORDING.DISPLAY_BLANK (BEGIN) 
1382696.370 DISPLAY_BLANK BLOCK.TRIAL.RECORDING.DISPLAY_BLANK
1382696.851 ADD_TO_RESULTS_FILE BLOCK.TRIAL.RECORDING.ADD_TO_RESULTS_FILE
1382783.110 SetValueAction 
1382783.142 SetValueAction 
1382783.169 SetValueAction 
1382783.200 SetValueAction 
1382783.226 SetValueAction 
1382783.251 SetValueAction 
1382783.711 CHECK_NEW_BLOCK BLOCK.TRIAL.CHECK_NEW_BLOCK_TRUE
1382784.044 RESET_VARS BLOCK.TRIAL.RESET_VARS
1383199.053 PREPARE_SEQUENCE BLOCK.TRIAL.PREPARE_SEQUENCE
1388290.718 DRIFT_CORRECT BLOCK.TRIAL.DRIFT_CORRECT
1388406.657 DISPLAY_TEXT BLOCK.TRIAL.RECORDING.DISPLAY_TEXT (BEGIN) 
1388421.036 DISPLAY_TEXT BLOCK.TRIAL.RECORDING.DISPLAY_TEXT
1405538.173 KEYBOARD_TEXT BLOCK.TRIAL.RECORDING.KEYBOARD_TEXT
1405538.556 SET_SENTENCE_RT BLOCK.TRIAL.RECORDING.SET_SENTENCE_RT
1405538.655 CHECK_QUESTION BLOCK.TRIAL.RECORDING.CHECK_QUESTION_TRUE
1405540.646 DISPLAY_BLANK BLOCK.TRIAL.RECORDING.DISPLAY_BLANK (BEGIN) 
1405556.408 DISPLAY_BLANK BLOCK.TRIAL.RECORDING.DISPLAY_BLANK
1405556.974 ADD_TO_RESULTS_FILE BLOCK.TRIAL.RECORDING.ADD_TO_RESULTS_FILE
1405642.093 SetValueAction 
1405642.125 SetValueAction 
1405642.152 SetValueAction 
1405642.180 SetValueAction 
1405642.208 SetValueAction 
1405642.233 SetValueAction 
1405642.588 CHECK_NEW_BLOCK BLOCK.TRIAL.CHECK_NEW_BLOCK_TRUE
1405642.921 RESET_VARS BLOCK.TRIAL.RESET_VARS
1406080.362 PREPARE_SEQUENCE BLOCK.TRIAL.PREPARE_SEQUENCE
1419466.729 DRIFT_CORRECT BLOCK.TRIAL.DRIFT_CORRECT
1419580.656 DISPLAY_TEXT BLOCK.TRIAL.RECORDING.DISPLAY_TEXT (BEGIN) 
1419595.058 DISPLAY_TEXT BLOCK.TRIAL.RECORDING.DISPLAY_TEXT
1437754.491 TRACKER_TIME 6 9488820.012
1437754.601 KEYBOARD_TEXT BLOCK.TRIAL.RECORDING.KEYBOARD_TEXT
1437755.165 SET_SENTENCE_RT BLOCK.TRIAL.RECORDING.SET_SENTENCE_RT
1437755.489 CHECK_QUESTION BLOCK.TRIAL.RECORDING.CHECK_QUESTION_FALSE
1437758.411 DISPLAY_QUESTION BLOCK.TRIAL.RECORDING.DISPLAY_QUESTION (BEGIN) 
1437763.689 DISPLAY_QUESTION BLOCK.TRIAL.RECORDING.DISPLAY_QUESTION
1444914.258 KEYBOARD_QUESTION BLOCK.TRIAL.RECORDING.KEYBOARD_QUESTION
1444914.476 CHECK_RESPONSE_BUTTON BLOCK.TRIAL.RECORDING.CHECK_RESPONSE_BUTTON_TRUE
1444915.161 SET_VARS_CORRECT BLOCK.TRIAL.RECORDING.SET_VARS_CORRECT
1444917.058 DISPLAY_BLANK BLOCK.TRIAL.RECORDING.DISPLAY_BLANK (BEGIN) 
1444928.290 DISPLAY_BLANK BLOCK.TRIAL.RECORDING.DISPLAY_BLANK
1444928.878 ADD_TO_RESULTS_FILE BLOCK.TRIAL.RECORDING.ADD_TO_RESULTS_FILE
1445014.119 SetValueAction 
1445014.152 SetValueAction 
1445014.178 SetValueAction 
1445014.203 SetValueAction 
1445014.228 SetValueAction 
1445014.253 SetValueAction 
1445014.714 CHECK_NEW_BLOCK BLOCK.TRIAL.CHECK_NEW_BLOCK_TRUE
1445015.094 RESET_VARS BLOCK.TRIAL.RESET_VARS
1445477.247 PREPARE_SEQUENCE BLOCK.TRIAL.PREPARE_SEQUENCE
1450884.893 DRIFT_CORRECT BLOCK.TRIAL.DRIFT_CORRECT
1450999.742 DISPLAY_TEXT BLOCK.TRIAL.RECORDING.DISPLAY_TEXT (BEGIN) 
1451009.858 DISPLAY_TEXT BLOCK.TRIAL.RECORDING.DISPLAY_TEXT
1457466.892 KEYBOARD_TEXT BLOCK.TRIAL.RECORDING.KEYBOARD_TEXT
1457467.361 SET_SENTENCE_RT BLOCK.TRIAL.RECORDING.SET_SENTENCE_RT
1457467.453 CHECK_QUESTION BLOCK.TRIAL.RECORDING.CHECK_QUESTION_TRUE
1457469.418 DISPLAY_BLANK BLOCK.TRIAL.RECORDING.DISPLAY_BLANK (BEGIN) 
1457474.638 DISPLAY_BLANK BLOCK.TRIAL.RECORDING.DISPLAY_BLANK
1457475.232 ADD_TO_RESULTS_FILE BLOCK.TRIAL.RECORDING.ADD_TO_RESULTS_FILE
1457560.108 SetValueAction 
1457560.140 SetValueAction 
1457560.168 SetValueAction 
1457560.192 SetValueAction 
1457560.217 SetValueAction 
1457560.242 SetValueAction 
1457560.739 CHECK_NEW_BLOCK BLOCK.TRIAL.CHECK_NEW_BLOCK_FALSE
1457597.505 NEW_COUNTERBALANCE_BREAK BLOCK.TRIAL.NEW_COUNTERBALANCE_BREAK (BEGIN) 
1457607.918 NEW_COUNTERBALANCE_BREAK BLOCK.TRIAL.NEW_COUNTERBALANCE_BREAK
1593724.617 TRACKER_TIME 7 9644786.900
1593724.696 KEYBOARD[1] BLOCK.TRIAL.KEYBOARD[1]
1723000.962 TRACKER_TIME 8 9774060.588
1723001.007 EL_CAMERA_SETUP BLOCK.TRIAL.EL_CAMERA_SETUP
1723037.617 EXPERIMENT_CONTINUE BLOCK.TRIAL.EXPERIMENT_CONTINUE (BEGIN) 
1723047.451 EXPERIMENT_CONTINUE BLOCK.TRIAL.EXPERIMENT_CONTINUE
1727675.044 KEYBOARD BLOCK.TRIAL.KEYBOARD
1727675.574 RESET_VARS BLOCK.TRIAL.RESET_VARS
1728122.318 PREPARE_SEQUENCE BLOCK.TRIAL.PREPARE_SEQUENCE
1730429.090 DRIFT_CORRECT BLOCK.TRIAL.DRIFT_CORRECT
1730542.655 DISPLAY_TEXT BLOCK.TRIAL.RECORDING.DISPLAY_TEXT (BEGIN) 
1730545.597 DISPLAY_TEXT BLOCK.TRIAL.RECORDING.DISPLAY_TEXT
1733654.664 KEYBOARD_TEXT BLOCK.TRIAL.RECORDING.KEYBOARD_TEXT
1733655.354 SET_SENTENCE_RT BLOCK.TRIAL.RECORDING.SET_SENTENCE_RT
1733655.475 CHECK_QUESTION BLOCK.TRIAL.RECORDING.CHECK_QUESTION_TRUE
1733657.430 DISPLAY_BLANK BLOCK.TRIAL.RECORDING.DISPLAY_BLANK (BEGIN) 
1733661.033 DISPLAY_BLANK BLOCK.TRIAL.RECORDING.DISPLAY_BLANK
1733661.582 ADD_TO_RESULTS_FILE BLOCK.TRIAL.RECORDING.ADD_TO_RESULTS_FILE
1733746.096 SetValueAction 
1733746.129 SetValueAction 
1733746.157 SetValueAction 
1733746.182 SetValueAction 
1733746.206 SetValueAction 
1733746.231 SetValueAction 
1733746.589 CHECK_NEW_BLOCK BLOCK.TRIAL.CHECK_NEW_BLOCK_TRUE
1733746.954 RESET_VARS BLOCK.TRIAL.RESET_VARS
1734163.541 PREPARE_SEQUENCE BLOCK.TRIAL.PREPARE_SEQUENCE
1736570.621 DRIFT_CORRECT BLOCK.TRIAL.DRIFT_CORRECT
1736685.704 DISPLAY_TEXT BLOCK.TRIAL.RECORDING.DISPLAY_TEXT (BEGIN) 
1736700.786 DISPLAY_TEXT BLOCK.TRIAL.RECORDING.DISPLAY_TEXT
1750609.897 KEYBOARD_TEXT BLOCK.TRIAL.RECORDING.KEYBOARD_TEXT
1750610.412 SET_SENTENCE_RT BLOCK.TRIAL.RECORDING.SET_SENTENCE_RT
1750610.468 CHECK_QUESTION BLOCK.TRIAL.RECORDING.CHECK_QUESTION_TRUE
1750612.444 DISPLAY_BLANK BLOCK.TRIAL.RECORDING.DISPLAY_BLANK (BEGIN) 
1750622.763 DISPLAY_BLANK BLOCK.TRIAL.RECORDING.DISPLAY_BLANK
1750623.365 ADD_TO_RESULTS_FILE BLOCK.TRIAL.RECORDING.ADD_TO_RESULTS_FILE
1750708.097 SetValueAction 
1750708.130 SetValueAction 
1750708.157 SetValueAction 
1750708.182 SetValueAction 
1750708.207 SetValueAction 
1750708.232 SetValueAction 
1750708.618 CHECK_NEW_BLOCK BLOCK.TRIAL.CHECK_NEW_BLOCK_TRUE
1750708.867 RESET_VARS BLOCK.TRIAL.RESET_VARS
1751149.721 PREPARE_SEQUENCE BLOCK.TRIAL.PREPARE_SEQUENCE
1752444.172 DRIFT_CORRECT BLOCK.TRIAL.DRIFT_CORRECT
1752561.008 DISPLAY_TEXT BLOCK.TRIAL.RECORDING.DISPLAY_TEXT (BEGIN) 
1752590.151 DISPLAY_TEXT BLOCK.TRIAL.RECORDING.DISPLAY_TEXT
1795825.606 TRACKER_TIME 9 9846883.739
1795825.680 KEYBOARD_TEXT BLOCK.TRIAL.RECORDING.KEYBOARD_TEXT
1795826.303 SET_SENTENCE_RT BLOCK.TRIAL.RECORDING.SET_SENTENCE_RT
1795826.363 CHECK_QUESTION BLOCK.TRIAL.RECORDING.CHECK_QUESTION_TRUE
1795828.552 DISPLAY_BLANK BLOCK.TRIAL.RECORDING.DISPLAY_BLANK (BEGIN) 
1795842.973 DISPLAY_BLANK BLOCK.TRIAL.RECORDING.DISPLAY_BLANK
1795843.575 ADD_TO_RESULTS_FILE BLOCK.TRIAL.RECORDING.ADD_TO_RESULTS_FILE
1795929.129 SetValueAction 
1795929.161 SetValueAction 
1795929.188 SetValueAction 
1795929.213 SetValueAction 
1795929.238 SetValueAction 
1795929.263 SetValueAction 
1795929.723 CHECK_NEW_BLOCK BLOCK.TRIAL.CHECK_NEW_BLOCK_TRUE
1795930.033 RESET_VARS BLOCK.TRIAL.RESET_VARS
1796389.088 PREPARE_SEQUENCE BLOCK.TRIAL.PREPARE_SEQUENCE
1799144.779 DRIFT_CORRECT BLOCK.TRIAL.DRIFT_CORRECT
1799267.669 DISPLAY_TEXT BLOCK.TRIAL.RECORDING.DISPLAY_TEXT (BEGIN) 
1799285.278 DISPLAY_TEXT BLOCK.TRIAL.RECORDING.DISPLAY_TEXT
1819225.301 KEYBOARD_TEXT BLOCK.TRIAL.RECORDING.KEYBOARD_TEXT
1819225.893 SET_SENTENCE_RT BLOCK.TRIAL.RECORDING.SET_SENTENCE_RT
1819226.016 CHECK_QUESTION BLOCK.TRIAL.RECORDING.CHECK_QUESTION_FALSE
1819228.934 DISPLAY_QUESTION BLOCK.TRIAL.RECORDING.DISPLAY_QUESTION (BEGIN) 
1819236.149 DISPLAY_QUESTION BLOCK.TRIAL.RECORDING.DISPLAY_QUESTION
1830418.948 KEYBOARD_QUESTION BLOCK.TRIAL.RECORDING.KEYBOARD_QUESTION
1830419.115 CHECK_RESPONSE_BUTTON BLOCK.TRIAL.RECORDING.CHECK_RESPONSE_BUTTON_TRUE
1830419.642 SET_VARS_CORRECT BLOCK.TRIAL.RECORDING.SET_VARS_CORRECT
1830421.436 DISPLAY_BLANK BLOCK.TRIAL.RECORDING.DISPLAY_BLANK (BEGIN) 
1830432.916 DISPLAY_BLANK BLOCK.TRIAL.RECORDING.DISPLAY_BLANK
1830433.487 ADD_TO_RESULTS_FILE BLOCK.TRIAL.RECORDING.ADD_TO_RESULTS_FILE
1830518.094 SetValueAction 
1830518.127 SetValueAction 
1830518.154 SetValueAction 
1830518.179 SetValueAction 
1830518.204 SetValueAction 
1830518.229 SetValueAction 
1830518.661 CHECK_NEW_BLOCK BLOCK.TRIAL.CHECK_NEW_BLOCK_TRUE
1830519.044 RESET_VARS BLOCK.TRIAL.RESET_VARS
1830956.998 PREPARE_SEQUENCE BLOCK.TRIAL.PREPARE_SEQUENCE
1832818.833 DRIFT_CORRECT BLOCK.TRIAL.DRIFT_CORRECT
1832936.742 DISPLAY_TEXT BLOCK.TRIAL.RECORDING.DISPLAY_TEXT (BEGIN) 
1832956.379 DISPLAY_TEXT BLOCK.TRIAL.RECORDING.DISPLAY_TEXT
1855254.455 KEYBOARD_TEXT BLOCK.TRIAL.RECORDING.KEYBOARD_TEXT
1855254.933 SET_SENTENCE_RT BLOCK.TRIAL.RECORDING.SET_SENTENCE_RT
1855254.999 CHECK_QUESTION BLOCK.TRIAL.RECORDING.CHECK_QUESTION_TRUE
1855256.979 DISPLAY_BLANK BLOCK.TRIAL.RECORDING.DISPLAY_BLANK (BEGIN) 
1855275.700 DISPLAY_BLANK BLOCK.TRIAL.RECORDING.DISPLAY_BLANK
1855276.285 ADD_TO_RESULTS_FILE BLOCK.TRIAL.RECORDING.ADD_TO_RESULTS_FILE
1855363.093 SetValueAction 
1855363.124 SetValueAction 
1855363.161 SetValueAction 
1855363.186 SetValueAction 
1855363.211 SetValueAction 
1855363.237 SetValueAction 
1855363.698 CHECK_NEW_BLOCK BLOCK.TRIAL.CHECK_NEW_BLOCK_TRUE
1855364.122 RESET_VARS BLOCK.TRIAL.RESET_VARS
1855807.918 PREPARE_SEQUENCE BLOCK.TRIAL.PREPARE_SEQUENCE
1858581.385 TRACKER_TIME 10 9909637.733
1858581.588 DRIFT_CORRECT BLOCK.TRIAL.DRIFT_CORRECT
1858695.869 DISPLAY_TEXT BLOCK.TRIAL.RECORDING.DISPLAY_TEXT (BEGIN) 
1858721.690 DISPLAY_TEXT BLOCK.TRIAL.RECORDING.DISPLAY_TEXT
1886880.799 KEYBOARD_TEXT BLOCK.TRIAL.RECORDING.KEYBOARD_TEXT
1886881.244 SET_SENTENCE_RT BLOCK.TRIAL.RECORDING.SET_SENTENCE_RT
1886881.359 CHECK_QUESTION BLOCK.TRIAL.RECORDING.CHECK_QUESTION_FALSE
1886884.274 DISPLAY_QUESTION BLOCK.TRIAL.RECORDING.DISPLAY_QUESTION (BEGIN) 
1886899.837 DISPLAY_QUESTION BLOCK.TRIAL.RECORDING.DISPLAY_QUESTION
1893158.581 KEYBOARD_QUESTION BLOCK.TRIAL.RECORDING.KEYBOARD_QUESTION
1893158.759 CHECK_RESPONSE_BUTTON BLOCK.TRIAL.RECORDING.CHECK_RESPONSE_BUTTON_TRUE
1893159.233 SET_VARS_CORRECT BLOCK.TRIAL.RECORDING.SET_VARS_CORRECT
1893160.869 DISPLAY_BLANK BLOCK.TRIAL.RECORDING.DISPLAY_BLANK (BEGIN) 
1893164.664 DISPLAY_BLANK BLOCK.TRIAL.RECORDING.DISPLAY_BLANK
1893165.246 ADD_TO_RESULTS_FILE BLOCK.TRIAL.RECORDING.ADD_TO_RESULTS_FILE
1893250.099 SetValueAction 
1893250.131 SetValueAction 
1893250.159 SetValueAction 
1893250.183 SetValueAction 
1893250.208 SetValueAction 
1893250.233 SetValueAction 
1893250.627 CHECK_NEW_BLOCK BLOCK.TRIAL.CHECK_NEW_BLOCK_TRUE
1893250.983 RESET_VARS BLOCK.TRIAL.RESET_VARS
1893684.948 PREPARE_SEQUENCE BLOCK.TRIAL.PREPARE_SEQUENCE
1895100.810 DRIFT_CORRECT BLOCK.TRIAL.DRIFT_CORRECT
1895222.609 DISPLAY_TEXT BLOCK.TRIAL.RECORDING.DISPLAY_TEXT (BEGIN) 
1895248.244 DISPLAY_TEXT BLOCK.TRIAL.RECORDING.DISPLAY_TEXT
1929689.342 TRACKER_TIME 11 9980744.690
1929689.442 KEYBOARD_TEXT BLOCK.TRIAL.RECORDING.KEYBOARD_TEXT
1929689.947 SET_SENTENCE_RT BLOCK.TRIAL.RECORDING.SET_SENTENCE_RT
1929690.022 CHECK_QUESTION BLOCK.TRIAL.RECORDING.CHECK_QUESTION_TRUE
1929691.687 DISPLAY_BLANK BLOCK.TRIAL.RECORDING.DISPLAY_BLANK (BEGIN) 
1929704.072 DISPLAY_BLANK BLOCK.TRIAL.RECORDING.DISPLAY_BLANK
1929704.601 ADD_TO_RESULTS_FILE BLOCK.TRIAL.RECORDING.ADD_TO_RESULTS_FILE
1929789.105 SetValueAction 
1929789.174 SetValueAction 
1929789.201 SetValueAction 
1929789.226 SetValueAction 
1929789.252 SetValueAction 
1929789.276 SetValueAction 
1929789.731 CHECK_NEW_BLOCK BLOCK.TRIAL.CHECK_NEW_BLOCK_TRUE
1929790.141 RESET_VARS BLOCK.TRIAL.RESET_VARS
1930231.405 PREPARE_SEQUENCE BLOCK.TRIAL.PREPARE_SEQUENCE
1931422.115 DRIFT_CORRECT BLOCK.TRIAL.DRIFT_CORRECT
1931536.886 DISPLAY_TEXT BLOCK.TRIAL.RECORDING.DISPLAY_TEXT (BEGIN) 
1931553.562 DISPLAY_TEXT BLOCK.TRIAL.RECORDING.DISPLAY_TEXT
1949275.364 KEYBOARD_TEXT BLOCK.TRIAL.RECORDING.KEYBOARD_TEXT
1949275.983 SET_SENTENCE_RT BLOCK.TRIAL.RECORDING.SET_SENTENCE_RT
1949276.044 CHECK_QUESTION BLOCK.TRIAL.RECORDING.CHECK_QUESTION_TRUE
1949277.922 DISPLAY_BLANK BLOCK.TRIAL.RECORDING.DISPLAY_BLANK (BEGIN) 
1949281.698 DISPLAY_BLANK BLOCK.TRIAL.RECORDING.DISPLAY_BLANK
1949282.235 ADD_TO_RESULTS_FILE BLOCK.TRIAL.RECORDING.ADD_TO_RESULTS_FILE
1949367.097 SetValueAction 
1949367.130 SetValueAction 
1949367.157 SetValueAction 
1949367.182 SetValueAction 
1949367.207 SetValueAction 
1949367.232 SetValueAction 
1949367.707 CHECK_NEW_BLOCK BLOCK.TRIAL.CHECK_NEW_BLOCK_TRUE
1949368.095 RESET_VARS BLOCK.TRIAL.RESET_VARS
1949787.275 PREPARE_SEQUENCE BLOCK.TRIAL.PREPARE_SEQUENCE
1951020.313 DRIFT_CORRECT BLOCK.TRIAL.DRIFT_CORRECT
1951139.820 DISPLAY_TEXT BLOCK.TRIAL.RECORDING.DISPLAY_TEXT (BEGIN) 
1951156.186 DISPLAY_TEXT BLOCK.TRIAL.RECORDING.DISPLAY_TEXT
1970076.167 KEYBOARD_TEXT BLOCK.TRIAL.RECORDING.KEYBOARD_TEXT
1970076.650 SET_SENTENCE_RT BLOCK.TRIAL.RECORDING.SET_SENTENCE_RT
1970076.729 CHECK_QUESTION BLOCK.TRIAL.RECORDING.CHECK_QUESTION_TRUE
1970078.577 DISPLAY_BLANK BLOCK.TRIAL.RECORDING.DISPLAY_BLANK (BEGIN) 
1970092.338 DISPLAY_BLANK BLOCK.TRIAL.RECORDING.DISPLAY_BLANK
1970092.952 ADD_TO_RESULTS_FILE BLOCK.TRIAL.RECORDING.ADD_TO_RESULTS_FILE
1970179.096 SetValueAction 
1970179.129 SetValueAction 
1970179.156 SetValueAction 
1970179.181 SetValueAction 
1970179.206 SetValueAction 
1970179.230 SetValueAction 
1970179.584 CHECK_NEW_BLOCK BLOCK.TRIAL.CHECK_NEW_BLOCK_TRUE
1970179.946 RESET_VARS BLOCK.TRIAL.RESET_VARS
1970607.552 PREPARE_SEQUENCE BLOCK.TRIAL.PREPARE_SEQUENCE
1975849.097 DRIFT_CORRECT BLOCK.TRIAL.DRIFT_CORRECT
1975965.847 DISPLAY_TEXT BLOCK.TRIAL.RECORDING.DISPLAY_TEXT (BEGIN) 
1975984.032 DISPLAY_TEXT BLOCK.TRIAL.RECORDING.DISPLAY_TEXT
1999377.710 TRACKER_TIME 12 10050431.616
1999377.779 KEYBOARD_TEXT BLOCK.TRIAL.RECORDING.KEYBOARD_TEXT
1999378.300 SET_SENTENCE_RT BLOCK.TRIAL.RECORDING.SET_SENTENCE_RT
1999378.367 CHECK_QUESTION BLOCK.TRIAL.RECORDING.CHECK_QUESTION_TRUE
1999380.170 DISPLAY_BLANK BLOCK.TRIAL.RECORDING.DISPLAY_BLANK (BEGIN) 
1999383.800 DISPLAY_BLANK BLOCK.TRIAL.RECORDING.DISPLAY_BLANK
1999384.433 ADD_TO_RESULTS_FILE BLOCK.TRIAL.RECORDING.ADD_TO_RESULTS_FILE
1999471.090 SetValueAction 
1999471.122 SetValueAction 
1999471.149 SetValueAction 
1999471.174 SetValueAction 
1999471.199 SetValueAction 
1999471.223 SetValueAction 
1999471.596 CHECK_NEW_BLOCK BLOCK.TRIAL.CHECK_NEW_BLOCK_TRUE
1999471.917 RESET_VARS BLOCK.TRIAL.RESET_VARS
1999919.583 PREPARE_SEQUENCE BLOCK.TRIAL.PREPARE_SEQUENCE
2001670.850 DRIFT_CORRECT BLOCK.TRIAL.DRIFT_CORRECT
2001785.873 DISPLAY_TEXT BLOCK.TRIAL.RECORDING.DISPLAY_TEXT (BEGIN) 
2001803.196 DISPLAY_TEXT BLOCK.TRIAL.RECORDING.DISPLAY_TEXT
2022527.366 KEYBOARD_TEXT BLOCK.TRIAL.RECORDING.KEYBOARD_TEXT
2022527.982 SET_SENTENCE_RT BLOCK.TRIAL.RECORDING.SET_SENTENCE_RT
2022528.187 CHECK_QUESTION BLOCK.TRIAL.RECORDING.CHECK_QUESTION_FALSE
2022530.959 DISPLAY_QUESTION BLOCK.TRIAL.RECORDING.DISPLAY_QUESTION (BEGIN) 
2022543.739 DISPLAY_QUESTION BLOCK.TRIAL.RECORDING.DISPLAY_QUESTION
2034123.505 KEYBOARD_QUESTION BLOCK.TRIAL.RECORDING.KEYBOARD_QUESTION
2034123.775 CHECK_RESPONSE_BUTTON BLOCK.TRIAL.RECORDING.CHECK_RESPONSE_BUTTON_FALSE
2034124.202 SET_VARS_INCORRECT BLOCK.TRIAL.RECORDING.SET_VARS_INCORRECT
2034125.987 DISPLAY_BLANK BLOCK.TRIAL.RECORDING.DISPLAY_BLANK (BEGIN) 
2034140.381 DISPLAY_BLANK BLOCK.TRIAL.RECORDING.DISPLAY_BLANK
2034140.961 ADD_TO_RESULTS_FILE BLOCK.TRIAL.RECORDING.ADD_TO_RESULTS_FILE
2034227.102 SetValueAction 
2034227.134 SetValueAction 
2034227.162 SetValueAction 
2034227.188 SetValueAction 
2034227.213 SetValueAction 
2034227.237 SetValueAction 
2034227.653 CHECK_NEW_BLOCK BLOCK.TRIAL.CHECK_NEW_BLOCK_TRUE
2034228.035 RESET_VARS BLOCK.TRIAL.RESET_VARS
2034654.095 PREPARE_SEQUENCE BLOCK.TRIAL.PREPARE_SEQUENCE
2036152.367 DRIFT_CORRECT BLOCK.TRIAL.DRIFT_CORRECT
2036266.702 DISPLAY_TEXT BLOCK.TRIAL.RECORDING.DISPLAY_TEXT (BEGIN) 
2036288.014 DISPLAY_TEXT BLOCK.TRIAL.RECORDING.DISPLAY_TEXT
2062366.482 TRACKER_TIME 13 10113419.039
2062366.560 KEYBOARD_TEXT BLOCK.TRIAL.RECORDING.KEYBOARD_TEXT
2062367.040 SET_SENTENCE_RT BLOCK.TRIAL.RECORDING.SET_SENTENCE_RT
2062367.106 CHECK_QUESTION BLOCK.TRIAL.RECORDING.CHECK_QUESTION_TRUE
2062368.911 DISPLAY_BLANK BLOCK.TRIAL.RECORDING.DISPLAY_BLANK (BEGIN) 
2062382.166 DISPLAY_BLANK BLOCK.TRIAL.RECORDING.DISPLAY_BLANK
2062382.690 ADD_TO_RESULTS_FILE BLOCK.TRIAL.RECORDING.ADD_TO_RESULTS_FILE
2062468.101 SetValueAction 
2062468.133 SetValueAction 
2062468.160 SetValueAction 
2062468.185 SetValueAction 
2062468.210 SetValueAction 
2062468.235 SetValueAction 
2062468.670 CHECK_NEW_BLOCK BLOCK.TRIAL.CHECK_NEW_BLOCK_TRUE
2062469.111 RESET_VARS BLOCK.TRIAL.RESET_VARS
2062905.455 PREPARE_SEQUENCE BLOCK.TRIAL.PREPARE_SEQUENCE
2065376.789 DRIFT_CORRECT BLOCK.TRIAL.DRIFT_CORRECT
2065490.662 DISPLAY_TEXT BLOCK.TRIAL.RECORDING.DISPLAY_TEXT (BEGIN) 
2065504.751 DISPLAY_TEXT BLOCK.TRIAL.RECORDING.DISPLAY_TEXT
2083584.610 KEYBOARD_TEXT BLOCK.TRIAL.RECORDING.KEYBOARD_TEXT
2083585.051 SET_SENTENCE_RT BLOCK.TRIAL.RECORDING.SET_SENTENCE_RT
2083585.122 CHECK_QUESTION BLOCK.TRIAL.RECORDING.CHECK_QUESTION_TRUE
2083587.069 DISPLAY_BLANK BLOCK.TRIAL.RECORDING.DISPLAY_BLANK (BEGIN) 
2083592.664 DISPLAY_BLANK BLOCK.TRIAL.RECORDING.DISPLAY_BLANK
2083593.274 ADD_TO_RESULTS_FILE BLOCK.TRIAL.RECORDING.ADD_TO_RESULTS_FILE
2083679.092 SetValueAction 
2083679.125 SetValueAction 
2083679.153 SetValueAction 
2083679.178 SetValueAction 
2083679.203 SetValueAction 
2083679.228 SetValueAction 
2083679.596 CHECK_NEW_BLOCK BLOCK.TRIAL.CHECK_NEW_BLOCK_TRUE
2083679.959 RESET_VARS BLOCK.TRIAL.RESET_VARS
2084090.552 PREPARE_SEQUENCE BLOCK.TRIAL.PREPARE_SEQUENCE
2085411.736 DRIFT_CORRECT BLOCK.TRIAL.DRIFT_CORRECT
2085526.801 DISPLAY_TEXT BLOCK.TRIAL.RECORDING.DISPLAY_TEXT (BEGIN) 
2085547.631 DISPLAY_TEXT BLOCK.TRIAL.RECORDING.DISPLAY_TEXT
2106688.130 KEYBOARD_TEXT BLOCK.TRIAL.RECORDING.KEYBOARD_TEXT
2106688.746 SET_SENTENCE_RT BLOCK.TRIAL.RECORDING.SET_SENTENCE_RT
2106688.821 CHECK_QUESTION BLOCK.TRIAL.RECORDING.CHECK_QUESTION_TRUE
2106690.964 DISPLAY_BLANK BLOCK.TRIAL.RECORDING.DISPLAY_BLANK (BEGIN) 
2106702.631 DISPLAY_BLANK BLOCK.TRIAL.RECORDING.DISPLAY_BLANK
2106703.235 ADD_TO_RESULTS_FILE BLOCK.TRIAL.RECORDING.ADD_TO_RESULTS_FILE
2106789.092 SetValueAction 
2106789.125 SetValueAction 
2106789.152 SetValueAction 
2106789.176 SetValueAction 
2106789.201 SetValueAction 
2106789.227 SetValueAction 
2106789.681 CHECK_NEW_BLOCK BLOCK.TRIAL.CHECK_NEW_BLOCK_TRUE
2106790.039 RESET_VARS BLOCK.TRIAL.RESET_VARS
2107200.452 PREPARE_SEQUENCE BLOCK.TRIAL.PREPARE_SEQUENCE
2110114.764 DRIFT_CORRECT BLOCK.TRIAL.DRIFT_CORRECT
2110228.789 DISPLAY_TEXT BLOCK.TRIAL.RECORDING.DISPLAY_TEXT (BEGIN) 
2110244.350 DISPLAY_TEXT BLOCK.TRIAL.RECORDING.DISPLAY_TEXT
2124153.278 TRACKER_TIME 14 10175204.519
2124153.356 KEYBOARD_TEXT BLOCK.TRIAL.RECORDING.KEYBOARD_TEXT
2124153.934 SET_SENTENCE_RT BLOCK.TRIAL.RECORDING.SET_SENTENCE_RT
2124153.995 CHECK_QUESTION BLOCK.TRIAL.RECORDING.CHECK_QUESTION_TRUE
2124155.925 DISPLAY_BLANK BLOCK.TRIAL.RECORDING.DISPLAY_BLANK (BEGIN) 
2124164.208 DISPLAY_BLANK BLOCK.TRIAL.RECORDING.DISPLAY_BLANK
2124164.713 ADD_TO_RESULTS_FILE BLOCK.TRIAL.RECORDING.ADD_TO_RESULTS_FILE
2124249.096 SetValueAction 
2124249.130 SetValueAction 
2124249.167 SetValueAction 
2124249.193 SetValueAction 
2124249.217 SetValueAction 
2124249.242 SetValueAction 
2124249.612 CHECK_NEW_BLOCK BLOCK.TRIAL.CHECK_NEW_BLOCK_TRUE
2124249.987 RESET_VARS BLOCK.TRIAL.RESET_VARS
2124684.401 PREPARE_SEQUENCE BLOCK.TRIAL.PREPARE_SEQUENCE
2126032.006 DRIFT_CORRECT BLOCK.TRIAL.DRIFT_CORRECT
2126148.682 DISPLAY_TEXT BLOCK.TRIAL.RECORDING.DISPLAY_TEXT (BEGIN) 
2126163.621 DISPLAY_TEXT BLOCK.TRIAL.RECORDING.DISPLAY_TEXT
2128291.771 KEYBOARD_TEXT BLOCK.TRIAL.RECORDING.KEYBOARD_TEXT
2128292.403 SET_SENTENCE_RT BLOCK.TRIAL.RECORDING.SET_SENTENCE_RT
2128292.474 CHECK_QUESTION BLOCK.TRIAL.RECORDING.CHECK_QUESTION_TRUE
2128297.635 DISPLAY_BLANK BLOCK.TRIAL.RECORDING.DISPLAY_BLANK (BEGIN) 
2128313.005 DISPLAY_BLANK BLOCK.TRIAL.RECORDING.DISPLAY_BLANK
2128313.566 ADD_TO_RESULTS_FILE BLOCK.TRIAL.RECORDING.ADD_TO_RESULTS_FILE
2128398.130 SetValueAction 
2128398.162 SetValueAction 
2128398.189 SetValueAction 
2128398.214 SetValueAction 
2128398.239 SetValueAction 
2128398.263 SetValueAction 
2128398.654 CHECK_NEW_BLOCK BLOCK.TRIAL.CHECK_NEW_BLOCK_TRUE
2128398.996 RESET_VARS BLOCK.TRIAL.RESET_VARS
2128803.151 PREPARE_SEQUENCE BLOCK.TRIAL.PREPARE_SEQUENCE
2134978.914 DRIFT_CORRECT BLOCK.TRIAL.DRIFT_CORRECT
2135095.631 DISPLAY_TEXT BLOCK.TRIAL.RECORDING.DISPLAY_TEXT (BEGIN) 
2135121.240 DISPLAY_TEXT BLOCK.TRIAL.RECORDING.DISPLAY_TEXT
2169122.548 KEYBOARD_TEXT BLOCK.TRIAL.RECORDING.KEYBOARD_TEXT
2169123.042 SET_SENTENCE_RT BLOCK.TRIAL.RECORDING.SET_SENTENCE_RT
2169123.097 CHECK_QUESTION BLOCK.TRIAL.RECORDING.CHECK_QUESTION_TRUE
2169124.885 DISPLAY_BLANK BLOCK.TRIAL.RECORDING.DISPLAY_BLANK (BEGIN) 
2169134.460 DISPLAY_BLANK BLOCK.TRIAL.RECORDING.DISPLAY_BLANK
2169135.070 ADD_TO_RESULTS_FILE BLOCK.TRIAL.RECORDING.ADD_TO_RESULTS_FILE
2169220.093 SetValueAction 
2169220.126 SetValueAction 
2169220.152 SetValueAction 
2169220.177 SetValueAction 
2169220.201 SetValueAction 
2169220.227 SetValueAction 
2169220.710 CHECK_NEW_BLOCK BLOCK.TRIAL.CHECK_NEW_BLOCK_TRUE
2169221.114 RESET_VARS BLOCK.TRIAL.RESET_VARS
2169661.584 PREPARE_SEQUENCE BLOCK.TRIAL.PREPARE_SEQUENCE
2170826.141 DRIFT_CORRECT BLOCK.TRIAL.DRIFT_CORRECT
2170945.687 DISPLAY_TEXT BLOCK.TRIAL.RECORDING.DISPLAY_TEXT (BEGIN) 
2170966.750 DISPLAY_TEXT BLOCK.TRIAL.RECORDING.DISPLAY_TEXT
2202074.901 TRACKER_TIME 15 10253124.543
2202074.978 KEYBOARD_TEXT BLOCK.TRIAL.RECORDING.KEYBOARD_TEXT
2202075.496 SET_SENTENCE_RT BLOCK.TRIAL.RECORDING.SET_SENTENCE_RT
2202075.639 CHECK_QUESTION BLOCK.TRIAL.RECORDING.CHECK_QUESTION_TRUE
2202077.555 DISPLAY_BLANK BLOCK.TRIAL.RECORDING.DISPLAY_BLANK (BEGIN) 
2202091.559 DISPLAY_BLANK BLOCK.TRIAL.RECORDING.DISPLAY_BLANK
2202092.046 ADD_TO_RESULTS_FILE BLOCK.TRIAL.RECORDING.ADD_TO_RESULTS_FILE
2202179.116 SetValueAction 
2202179.148 SetValueAction 
2202179.176 SetValueAction 
2202179.201 SetValueAction 
2202179.225 SetValueAction 
2202179.250 SetValueAction 
2202179.607 CHECK_NEW_BLOCK BLOCK.TRIAL.CHECK_NEW_BLOCK_TRUE
2202179.971 RESET_VARS BLOCK.TRIAL.RESET_VARS
2202624.341 PREPARE_SEQUENCE BLOCK.TRIAL.PREPARE_SEQUENCE
2205517.905 DRIFT_CORRECT BLOCK.TRIAL.DRIFT_CORRECT
2205631.891 DISPLAY_TEXT BLOCK.TRIAL.RECORDING.DISPLAY_TEXT (BEGIN) 
2205652.276 DISPLAY_TEXT BLOCK.TRIAL.RECORDING.DISPLAY_TEXT
2231057.498 KEYBOARD_TEXT BLOCK.TRIAL.RECORDING.KEYBOARD_TEXT
2231058.201 SET_SENTENCE_RT BLOCK.TRIAL.RECORDING.SET_SENTENCE_RT
2231058.323 CHECK_QUESTION BLOCK.TRIAL.RECORDING.CHECK_QUESTION_TRUE
2231060.096 DISPLAY_BLANK BLOCK.TRIAL.RECORDING.DISPLAY_BLANK (BEGIN) 
2231066.460 DISPLAY_BLANK BLOCK.TRIAL.RECORDING.DISPLAY_BLANK
2231067.037 ADD_TO_RESULTS_FILE BLOCK.TRIAL.RECORDING.ADD_TO_RESULTS_FILE
2231153.116 SetValueAction 
2231153.147 SetValueAction 
2231153.174 SetValueAction 
2231153.199 SetValueAction 
2231153.224 SetValueAction 
2231153.248 SetValueAction 
2231153.604 CHECK_NEW_BLOCK BLOCK.TRIAL.CHECK_NEW_BLOCK_TRUE
2231153.951 RESET_VARS BLOCK.TRIAL.RESET_VARS
2231599.149 PREPARE_SEQUENCE BLOCK.TRIAL.PREPARE_SEQUENCE
2234718.826 DRIFT_CORRECT BLOCK.TRIAL.DRIFT_CORRECT
2234836.943 DISPLAY_TEXT BLOCK.TRIAL.RECORDING.DISPLAY_TEXT (BEGIN) 
2234864.770 DISPLAY_TEXT BLOCK.TRIAL.RECORDING.DISPLAY_TEXT
2277664.818 TRACKER_TIME 16 10328712.844
2277664.870 KEYBOARD_TEXT BLOCK.TRIAL.RECORDING.KEYBOARD_TEXT
2277665.559 SET_SENTENCE_RT BLOCK.TRIAL.RECORDING.SET_SENTENCE_RT
2277665.924 CHECK_QUESTION BLOCK.TRIAL.RECORDING.CHECK_QUESTION_FALSE
2277671.629 DISPLAY_QUESTION BLOCK.TRIAL.RECORDING.DISPLAY_QUESTION (BEGIN) 
2277686.252 DISPLAY_QUESTION BLOCK.TRIAL.RECORDING.DISPLAY_QUESTION
2284004.077 KEYBOARD_QUESTION BLOCK.TRIAL.RECORDING.KEYBOARD_QUESTION
2284004.280 CHECK_RESPONSE_BUTTON BLOCK.TRIAL.RECORDING.CHECK_RESPONSE_BUTTON_TRUE
2284005.060 SET_VARS_CORRECT BLOCK.TRIAL.RECORDING.SET_VARS_CORRECT
2284007.031 DISPLAY_BLANK BLOCK.TRIAL.RECORDING.DISPLAY_BLANK (BEGIN) 
2284017.753 DISPLAY_BLANK BLOCK.TRIAL.RECORDING.DISPLAY_BLANK
2284018.328 ADD_TO_RESULTS_FILE BLOCK.TRIAL.RECORDING.ADD_TO_RESULTS_FILE
2284104.093 SetValueAction 
2284104.126 SetValueAction 
2284104.153 SetValueAction 
2284104.178 SetValueAction 
2284104.205 SetValueAction 
2284104.230 SetValueAction 
2284104.677 CHECK_NEW_BLOCK BLOCK.TRIAL.CHECK_NEW_BLOCK_TRUE
2284105.050 RESET_VARS BLOCK.TRIAL.RESET_VARS
2284536.965 PREPARE_SEQUENCE BLOCK.TRIAL.PREPARE_SEQUENCE
2288751.399 DRIFT_CORRECT BLOCK.TRIAL.DRIFT_CORRECT
2288869.757 DISPLAY_TEXT BLOCK.TRIAL.RECORDING.DISPLAY_TEXT (BEGIN) 
2288894.279 DISPLAY_TEXT BLOCK.TRIAL.RECORDING.DISPLAY_TEXT
2323791.046 KEYBOARD_TEXT BLOCK.TRIAL.RECORDING.KEYBOARD_TEXT
2323791.719 SET_SENTENCE_RT BLOCK.TRIAL.RECORDING.SET_SENTENCE_RT
2323791.785 CHECK_QUESTION BLOCK.TRIAL.RECORDING.CHECK_QUESTION_TRUE
2323793.822 DISPLAY_BLANK BLOCK.TRIAL.RECORDING.DISPLAY_BLANK (BEGIN) 
2323806.190 DISPLAY_BLANK BLOCK.TRIAL.RECORDING.DISPLAY_BLANK
2323806.715 ADD_TO_RESULTS_FILE BLOCK.TRIAL.RECORDING.ADD_TO_RESULTS_FILE
2323891.111 SetValueAction 
2323891.160 SetValueAction 
2323891.188 SetValueAction 
2323891.213 SetValueAction 
2323891.238 SetValueAction 
2323891.265 SetValueAction 
2323891.621 CHECK_NEW_BLOCK BLOCK.TRIAL.CHECK_NEW_BLOCK_TRUE
2323892.001 RESET_VARS BLOCK.TRIAL.RESET_VARS
2324317.167 PREPARE_SEQUENCE BLOCK.TRIAL.PREPARE_SEQUENCE
2326251.578 DRIFT_CORRECT BLOCK.TRIAL.DRIFT_CORRECT
2326373.779 DISPLAY_TEXT BLOCK.TRIAL.RECORDING.DISPLAY_TEXT (BEGIN) 
2326393.538 DISPLAY_TEXT BLOCK.TRIAL.RECORDING.DISPLAY_TEXT
2354252.265 TRACKER_TIME 17 10405298.704
2354252.371 KEYBOARD_TEXT BLOCK.TRIAL.RECORDING.KEYBOARD_TEXT
2354252.895 SET_SENTENCE_RT BLOCK.TRIAL.RECORDING.SET_SENTENCE_RT
2354252.993 CHECK_QUESTION BLOCK.TRIAL.RECORDING.CHECK_QUESTION_TRUE
2354254.921 DISPLAY_BLANK BLOCK.TRIAL.RECORDING.DISPLAY_BLANK (BEGIN) 
2354264.023 DISPLAY_BLANK BLOCK.TRIAL.RECORDING.DISPLAY_BLANK
2354264.541 ADD_TO_RESULTS_FILE BLOCK.TRIAL.RECORDING.ADD_TO_RESULTS_FILE
2354349.098 SetValueAction 
2354349.130 SetValueAction 
2354349.158 SetValueAction 
2354349.182 SetValueAction 
2354349.207 SetValueAction 
2354349.235 SetValueAction 
2354349.595 CHECK_NEW_BLOCK BLOCK.TRIAL.CHECK_NEW_BLOCK_TRUE
2354349.921 RESET_VARS BLOCK.TRIAL.RESET_VARS
2354807.508 PREPARE_SEQUENCE BLOCK.TRIAL.PREPARE_SEQUENCE
2358734.484 DRIFT_CORRECT BLOCK.TRIAL.DRIFT_CORRECT
2358849.665 DISPLAY_TEXT BLOCK.TRIAL.RECORDING.DISPLAY_TEXT (BEGIN) 
2358879.149 DISPLAY_TEXT BLOCK.TRIAL.RECORDING.DISPLAY_TEXT
2407693.542 KEYBOARD_TEXT BLOCK.TRIAL.RECORDING.KEYBOARD_TEXT
2407694.161 SET_SENTENCE_RT BLOCK.TRIAL.RECORDING.SET_SENTENCE_RT
2407694.308 CHECK_QUESTION BLOCK.TRIAL.RECORDING.CHECK_QUESTION_FALSE
2407700.632 DISPLAY_QUESTION BLOCK.TRIAL.RECORDING.DISPLAY_QUESTION (BEGIN) 
2407715.123 DISPLAY_QUESTION BLOCK.TRIAL.RECORDING.DISPLAY_QUESTION
2412133.642 KEYBOARD_QUESTION BLOCK.TRIAL.RECORDING.KEYBOARD_QUESTION
2412133.882 CHECK_RESPONSE_BUTTON BLOCK.TRIAL.RECORDING.CHECK_RESPONSE_BUTTON_TRUE
2412134.504 SET_VARS_CORRECT BLOCK.TRIAL.RECORDING.SET_VARS_CORRECT
2412136.437 DISPLAY_BLANK BLOCK.TRIAL.RECORDING.DISPLAY_BLANK (BEGIN) 
2412147.179 DISPLAY_BLANK BLOCK.TRIAL.RECORDING.DISPLAY_BLANK
2412147.720 ADD_TO_RESULTS_FILE BLOCK.TRIAL.RECORDING.ADD_TO_RESULTS_FILE
2412233.141 SetValueAction 
2412233.174 SetValueAction 
2412233.201 SetValueAction 
2412233.225 SetValueAction 
2412233.251 SetValueAction 
2412233.276 SetValueAction 
2412233.633 CHECK_NEW_BLOCK BLOCK.TRIAL.CHECK_NEW_BLOCK_TRUE
2412234.028 RESET_VARS BLOCK.TRIAL.RESET_VARS
2412686.424 PREPARE_SEQUENCE BLOCK.TRIAL.PREPARE_SEQUENCE
2443980.582 TRACKER_TIME 18 10495024.993
2443980.784 DRIFT_CORRECT BLOCK.TRIAL.DRIFT_CORRECT
2444093.964 DISPLAY_TEXT BLOCK.TRIAL.RECORDING.DISPLAY_TEXT (BEGIN) 
2444124.619 DISPLAY_TEXT BLOCK.TRIAL.RECORDING.DISPLAY_TEXT
2495662.209 KEYBOARD_TEXT BLOCK.TRIAL.RECORDING.KEYBOARD_TEXT
2495662.640 SET_SENTENCE_RT BLOCK.TRIAL.RECORDING.SET_SENTENCE_RT
2495662.709 CHECK_QUESTION BLOCK.TRIAL.RECORDING.CHECK_QUESTION_TRUE
2495664.711 DISPLAY_BLANK BLOCK.TRIAL.RECORDING.DISPLAY_BLANK (BEGIN) 
2495672.904 DISPLAY_BLANK BLOCK.TRIAL.RECORDING.DISPLAY_BLANK
2495673.480 ADD_TO_RESULTS_FILE BLOCK.TRIAL.RECORDING.ADD_TO_RESULTS_FILE
2495758.094 SetValueAction 
2495758.127 SetValueAction 
2495758.156 SetValueAction 
2495758.185 SetValueAction 
2495758.210 SetValueAction 
2495758.234 SetValueAction 
2495758.591 CHECK_NEW_BLOCK BLOCK.TRIAL.CHECK_NEW_BLOCK_TRUE
2495758.945 RESET_VARS BLOCK.TRIAL.RESET_VARS
2496201.253 PREPARE_SEQUENCE BLOCK.TRIAL.PREPARE_SEQUENCE
2513809.539 TRACKER_TIME 19 10564852.317
2513809.578 DRIFT_CORRECT BLOCK.TRIAL.DRIFT_CORRECT
2513927.769 DISPLAY_TEXT BLOCK.TRIAL.RECORDING.DISPLAY_TEXT (BEGIN) 
2513947.121 DISPLAY_TEXT BLOCK.TRIAL.RECORDING.DISPLAY_TEXT
2535315.870 KEYBOARD_TEXT BLOCK.TRIAL.RECORDING.KEYBOARD_TEXT
2535316.388 SET_SENTENCE_RT BLOCK.TRIAL.RECORDING.SET_SENTENCE_RT
2535316.458 CHECK_QUESTION BLOCK.TRIAL.RECORDING.CHECK_QUESTION_TRUE
2535318.309 DISPLAY_BLANK BLOCK.TRIAL.RECORDING.DISPLAY_BLANK (BEGIN) 
2535328.043 DISPLAY_BLANK BLOCK.TRIAL.RECORDING.DISPLAY_BLANK
2535328.557 ADD_TO_RESULTS_FILE BLOCK.TRIAL.RECORDING.ADD_TO_RESULTS_FILE
2535415.097 SetValueAction 
2535415.129 SetValueAction 
2535415.156 SetValueAction 
2535415.182 SetValueAction 
2535415.207 SetValueAction 
2535415.232 SetValueAction 
2535415.712 CHECK_NEW_BLOCK BLOCK.TRIAL.CHECK_NEW_BLOCK_TRUE
2535416.139 RESET_VARS BLOCK.TRIAL.RESET_VARS
2535887.138 PREPARE_SEQUENCE BLOCK.TRIAL.PREPARE_SEQUENCE
2540904.648 DRIFT_CORRECT BLOCK.TRIAL.DRIFT_CORRECT
2541018.767 DISPLAY_TEXT BLOCK.TRIAL.RECORDING.DISPLAY_TEXT (BEGIN) 
2541038.056 DISPLAY_TEXT BLOCK.TRIAL.RECORDING.DISPLAY_TEXT
2565208.939 KEYBOARD_TEXT BLOCK.TRIAL.RECORDING.KEYBOARD_TEXT
2565209.409 SET_SENTENCE_RT BLOCK.TRIAL.RECORDING.SET_SENTENCE_RT
2565209.517 CHECK_QUESTION BLOCK.TRIAL.RECORDING.CHECK_QUESTION_TRUE
2565211.490 DISPLAY_BLANK BLOCK.TRIAL.RECORDING.DISPLAY_BLANK (BEGIN) 
2565219.337 DISPLAY_BLANK BLOCK.TRIAL.RECORDING.DISPLAY_BLANK
2565219.899 ADD_TO_RESULTS_FILE BLOCK.TRIAL.RECORDING.ADD_TO_RESULTS_FILE
2565304.098 SetValueAction 
2565304.131 SetValueAction 
2565304.157 SetValueAction 
2565304.183 SetValueAction 
2565304.208 SetValueAction 
2565304.234 SetValueAction 
2565304.617 CHECK_NEW_BLOCK BLOCK.TRIAL.CHECK_NEW_BLOCK_TRUE
2565304.953 RESET_VARS BLOCK.TRIAL.RESET_VARS
2565772.879 PREPARE_SEQUENCE BLOCK.TRIAL.PREPARE_SEQUENCE
2567796.566 DRIFT_CORRECT BLOCK.TRIAL.DRIFT_CORRECT
2567911.619 DISPLAY_TEXT BLOCK.TRIAL.RECORDING.DISPLAY_TEXT (BEGIN) 
2567927.457 DISPLAY_TEXT BLOCK.TRIAL.RECORDING.DISPLAY_TEXT
2587569.373 TRACKER_TIME 20 10638610.900
2587569.452 KEYBOARD_TEXT BLOCK.TRIAL.RECORDING.KEYBOARD_TEXT
2587570.089 SET_SENTENCE_RT BLOCK.TRIAL.RECORDING.SET_SENTENCE_RT
2587570.170 CHECK_QUESTION BLOCK.TRIAL.RECORDING.CHECK_QUESTION_TRUE
2587572.301 DISPLAY_BLANK BLOCK.TRIAL.RECORDING.DISPLAY_BLANK (BEGIN) 
2587579.520 DISPLAY_BLANK BLOCK.TRIAL.RECORDING.DISPLAY_BLANK
2587580.065 ADD_TO_RESULTS_FILE BLOCK.TRIAL.RECORDING.ADD_TO_RESULTS_FILE
2587665.093 SetValueAction 
2587665.126 SetValueAction 
2587665.153 SetValueAction 
2587665.178 SetValueAction 
2587665.203 SetValueAction 
2587665.228 SetValueAction 
2587665.601 CHECK_NEW_BLOCK BLOCK.TRIAL.CHECK_NEW_BLOCK_TRUE
2587665.924 RESET_VARS BLOCK.TRIAL.RESET_VARS
2588084.621 PREPARE_SEQUENCE BLOCK.TRIAL.PREPARE_SEQUENCE
2590377.337 DRIFT_CORRECT BLOCK.TRIAL.DRIFT_CORRECT
2590491.829 DISPLAY_TEXT BLOCK.TRIAL.RECORDING.DISPLAY_TEXT (BEGIN) 
2590512.483 DISPLAY_TEXT BLOCK.TRIAL.RECORDING.DISPLAY_TEXT
2613390.835 KEYBOARD_TEXT BLOCK.TRIAL.RECORDING.KEYBOARD_TEXT
2613391.599 SET_SENTENCE_RT BLOCK.TRIAL.RECORDING.SET_SENTENCE_RT
2613391.654 CHECK_QUESTION BLOCK.TRIAL.RECORDING.CHECK_QUESTION_TRUE
2613393.399 DISPLAY_BLANK BLOCK.TRIAL.RECORDING.DISPLAY_BLANK (BEGIN) 
2613405.344 DISPLAY_BLANK BLOCK.TRIAL.RECORDING.DISPLAY_BLANK
2613405.829 ADD_TO_RESULTS_FILE BLOCK.TRIAL.RECORDING.ADD_TO_RESULTS_FILE
2613490.093 SetValueAction 
2613490.125 SetValueAction 
2613490.152 SetValueAction 
2613490.176 SetValueAction 
2613490.201 SetValueAction 
2613490.226 SetValueAction 
2613490.611 CHECK_NEW_BLOCK BLOCK.TRIAL.CHECK_NEW_BLOCK_TRUE
2613490.944 RESET_VARS BLOCK.TRIAL.RESET_VARS
2613905.147 PREPARE_SEQUENCE BLOCK.TRIAL.PREPARE_SEQUENCE
2615233.054 DRIFT_CORRECT BLOCK.TRIAL.DRIFT_CORRECT
2615348.756 DISPLAY_TEXT BLOCK.TRIAL.RECORDING.DISPLAY_TEXT (BEGIN) 
2615370.796 DISPLAY_TEXT BLOCK.TRIAL.RECORDING.DISPLAY_TEXT
2640265.397 KEYBOARD_TEXT BLOCK.TRIAL.RECORDING.KEYBOARD_TEXT
2640265.841 SET_SENTENCE_RT BLOCK.TRIAL.RECORDING.SET_SENTENCE_RT
2640265.904 CHECK_QUESTION BLOCK.TRIAL.RECORDING.CHECK_QUESTION_TRUE
2640267.980 DISPLAY_BLANK BLOCK.TRIAL.RECORDING.DISPLAY_BLANK (BEGIN) 
2640280.871 DISPLAY_BLANK BLOCK.TRIAL.RECORDING.DISPLAY_BLANK
2640281.450 ADD_TO_RESULTS_FILE BLOCK.TRIAL.RECORDING.ADD_TO_RESULTS_FILE
2640367.091 SetValueAction 
2640367.124 SetValueAction 
2640367.150 SetValueAction 
2640367.175 SetValueAction 
2640367.200 SetValueAction 
2640367.225 SetValueAction 
2640367.590 CHECK_NEW_BLOCK BLOCK.TRIAL.CHECK_NEW_BLOCK_TRUE
2640367.943 RESET_VARS BLOCK.TRIAL.RESET_VARS
2640794.732 PREPARE_SEQUENCE BLOCK.TRIAL.PREPARE_SEQUENCE
2642639.149 DRIFT_CORRECT BLOCK.TRIAL.DRIFT_CORRECT
2642752.934 DISPLAY_TEXT BLOCK.TRIAL.RECORDING.DISPLAY_TEXT (BEGIN) 
2642772.788 DISPLAY_TEXT BLOCK.TRIAL.RECORDING.DISPLAY_TEXT
2660460.958 TRACKER_TIME 21 10711500.968
2660461.041 KEYBOARD_TEXT BLOCK.TRIAL.RECORDING.KEYBOARD_TEXT
2660461.772 SET_SENTENCE_RT BLOCK.TRIAL.RECORDING.SET_SENTENCE_RT
2660461.924 CHECK_QUESTION BLOCK.TRIAL.RECORDING.CHECK_QUESTION_TRUE
2660463.907 DISPLAY_BLANK BLOCK.TRIAL.RECORDING.DISPLAY_BLANK (BEGIN) 
2660474.999 DISPLAY_BLANK BLOCK.TRIAL.RECORDING.DISPLAY_BLANK
2660475.479 ADD_TO_RESULTS_FILE BLOCK.TRIAL.RECORDING.ADD_TO_RESULTS_FILE
2660561.096 SetValueAction 
2660561.128 SetValueAction 
2660561.156 SetValueAction 
2660561.181 SetValueAction 
2660561.206 SetValueAction 
2660561.230 SetValueAction 
2660561.704 CHECK_NEW_BLOCK BLOCK.TRIAL.CHECK_NEW_BLOCK_TRUE
2660562.094 RESET_VARS BLOCK.TRIAL.RESET_VARS
2660990.296 PREPARE_SEQUENCE BLOCK.TRIAL.PREPARE_SEQUENCE
2662227.125 DRIFT_CORRECT BLOCK.TRIAL.DRIFT_CORRECT
2662343.025 DISPLAY_TEXT BLOCK.TRIAL.RECORDING.DISPLAY_TEXT (BEGIN) 
2662364.759 DISPLAY_TEXT BLOCK.TRIAL.RECORDING.DISPLAY_TEXT
2684510.204 KEYBOARD_TEXT BLOCK.TRIAL.RECORDING.KEYBOARD_TEXT
2684510.710 SET_SENTENCE_RT BLOCK.TRIAL.RECORDING.SET_SENTENCE_RT
2684510.781 CHECK_QUESTION BLOCK.TRIAL.RECORDING.CHECK_QUESTION_TRUE
2684512.732 DISPLAY_BLANK BLOCK.TRIAL.RECORDING.DISPLAY_BLANK (BEGIN) 
2684518.036 DISPLAY_BLANK BLOCK.TRIAL.RECORDING.DISPLAY_BLANK
2684518.731 ADD_TO_RESULTS_FILE BLOCK.TRIAL.RECORDING.ADD_TO_RESULTS_FILE
2684604.095 SetValueAction 
2684604.126 SetValueAction 
2684604.153 SetValueAction 
2684604.179 SetValueAction 
2684604.204 SetValueAction 
2684604.228 SetValueAction 
2684604.580 CHECK_NEW_BLOCK BLOCK.TRIAL.CHECK_NEW_BLOCK_TRUE
2684604.928 RESET_VARS BLOCK.TRIAL.RESET_VARS
2685014.831 PREPARE_SEQUENCE BLOCK.TRIAL.PREPARE_SEQUENCE
2687010.511 DRIFT_CORRECT BLOCK.TRIAL.DRIFT_CORRECT
2687126.697 DISPLAY_TEXT BLOCK.TRIAL.RECORDING.DISPLAY_TEXT (BEGIN) 
2687133.917 DISPLAY_TEXT BLOCK.TRIAL.RECORDING.DISPLAY_TEXT
2689838.259 KEYBOARD_TEXT BLOCK.TRIAL.RECORDING.KEYBOARD_TEXT
2689838.896 SET_SENTENCE_RT BLOCK.TRIAL.RECORDING.SET_SENTENCE_RT
2689839.050 CHECK_QUESTION BLOCK.TRIAL.RECORDING.CHECK_QUESTION_TRUE
2689841.082 DISPLAY_BLANK BLOCK.TRIAL.RECORDING.DISPLAY_BLANK (BEGIN) 
2689849.785 DISPLAY_BLANK BLOCK.TRIAL.RECORDING.DISPLAY_BLANK
2689850.375 ADD_TO_RESULTS_FILE BLOCK.TRIAL.RECORDING.ADD_TO_RESULTS_FILE
2689936.093 SetValueAction 
2689936.125 SetValueAction 
2689936.153 SetValueAction 
2689936.177 SetValueAction 
2689936.202 SetValueAction 
2689936.227 SetValueAction 
2689936.717 CHECK_NEW_BLOCK BLOCK.TRIAL.CHECK_NEW_BLOCK_FALSE
2689939.295 NEW_COUNTERBALANCE_BREAK BLOCK.TRIAL.NEW_COUNTERBALANCE_BREAK (BEGIN) 
2689949.776 NEW_COUNTERBALANCE_BREAK BLOCK.TRIAL.NEW_COUNTERBALANCE_BREAK
2896984.527 TRACKER_TIME 22 10948019.586
2896984.606 KEYBOARD[1] BLOCK.TRIAL.KEYBOARD[1]
el_logger: Quit logger.
******** END OF THE LOG FILE ********
