19151.075 ********************************************************
19151.131 ** Session beginning Friday December 10, 2021 03:05:18 AM **
19151.139 ** ExperimentBuilder Project : P12 **
19151.144 ** ExperimentBuilder Version : 2.3.38 **
19151.149 ** ExperimentBuilder Build   : Jul 30 2020 **
19151.154 ********************************************************
19151.162 TRACKER_TIME 0 4006689.113
19586.972 SETUP_INSTRUCTIONS SETUP_INSTRUCTIONS (BEGIN) 
19598.179 SETUP_INSTRUCTIONS SETUP_INSTRUCTIONS
96259.556 TRACKER_TIME 1 4083795.917
96259.652 KEYBOARD KEYBOARD
154752.542 EL_CAMERA_SETUP EL_CAMERA_SETUP
154790.665 EXPERIMENTAL__FIRST_BLOCK_INSTRUCTIONS BLOCK.EXPERIMENTAL__FIRST_BLOCK_INSTRUCTIONS (BEGIN) 
154808.874 EXPERIMENTAL__FIRST_BLOCK_INSTRUCTIONS BLOCK.EXPERIMENTAL__FIRST_BLOCK_INSTRUCTIONS
200957.700 TRACKER_TIME 2 4188491.886
200957.813 KEYBOARD BLOCK.KEYBOARD
200958.158 SetValueAction 
200958.192 SetValueAction 
200958.225 SetValueAction 
200958.264 SetValueAction 
200958.289 SetValueAction 
200958.314 SetValueAction 
200958.614 CHECK_NEW_BLOCK BLOCK.TRIAL.CHECK_NEW_BLOCK_TRUE
200958.995 RESET_VARS BLOCK.TRIAL.RESET_VARS
201337.707 PREPARE_SEQUENCE BLOCK.TRIAL.PREPARE_SEQUENCE
209607.977 DRIFT_CORRECT BLOCK.TRIAL.DRIFT_CORRECT
209727.653 DISPLAY_TEXT BLOCK.TRIAL.RECORDING.DISPLAY_TEXT (BEGIN) 
209742.919 DISPLAY_TEXT BLOCK.TRIAL.RECORDING.DISPLAY_TEXT
213973.291 KEYBOARD_TEXT BLOCK.TRIAL.RECORDING.KEYBOARD_TEXT
213973.989 SET_SENTENCE_RT BLOCK.TRIAL.RECORDING.SET_SENTENCE_RT
213974.070 CHECK_QUESTION BLOCK.TRIAL.RECORDING.CHECK_QUESTION_TRUE
213975.869 DISPLAY_BLANK BLOCK.TRIAL.RECORDING.DISPLAY_BLANK (BEGIN) 
213991.670 DISPLAY_BLANK BLOCK.TRIAL.RECORDING.DISPLAY_BLANK
213992.251 ADD_TO_RESULTS_FILE BLOCK.TRIAL.RECORDING.ADD_TO_RESULTS_FILE
214079.108 SetValueAction 
214079.158 SetValueAction 
214079.185 SetValueAction 
214079.210 SetValueAction 
214079.235 SetValueAction 
214079.259 SetValueAction 
214079.673 CHECK_NEW_BLOCK BLOCK.TRIAL.CHECK_NEW_BLOCK_TRUE
214080.028 RESET_VARS BLOCK.TRIAL.RESET_VARS
214470.943 PREPARE_SEQUENCE BLOCK.TRIAL.PREPARE_SEQUENCE
218431.724 DRIFT_CORRECT BLOCK.TRIAL.DRIFT_CORRECT
218547.263 DISPLAY_TEXT BLOCK.TRIAL.RECORDING.DISPLAY_TEXT (BEGIN) 
218557.016 DISPLAY_TEXT BLOCK.TRIAL.RECORDING.DISPLAY_TEXT
223254.672 KEYBOARD_TEXT BLOCK.TRIAL.RECORDING.KEYBOARD_TEXT
223255.372 SET_SENTENCE_RT BLOCK.TRIAL.RECORDING.SET_SENTENCE_RT
223255.454 CHECK_QUESTION BLOCK.TRIAL.RECORDING.CHECK_QUESTION_TRUE
223257.402 DISPLAY_BLANK BLOCK.TRIAL.RECORDING.DISPLAY_BLANK (BEGIN) 
223272.293 DISPLAY_BLANK BLOCK.TRIAL.RECORDING.DISPLAY_BLANK
223272.840 ADD_TO_RESULTS_FILE BLOCK.TRIAL.RECORDING.ADD_TO_RESULTS_FILE
223359.114 SetValueAction 
223359.146 SetValueAction 
223359.173 SetValueAction 
223359.197 SetValueAction 
223359.222 SetValueAction 
223359.246 SetValueAction 
223359.637 CHECK_NEW_BLOCK BLOCK.TRIAL.CHECK_NEW_BLOCK_TRUE
223359.935 RESET_VARS BLOCK.TRIAL.RESET_VARS
223735.355 PREPARE_SEQUENCE BLOCK.TRIAL.PREPARE_SEQUENCE
226449.074 DRIFT_CORRECT BLOCK.TRIAL.DRIFT_CORRECT
226563.793 DISPLAY_TEXT BLOCK.TRIAL.RECORDING.DISPLAY_TEXT (BEGIN) 
226573.304 DISPLAY_TEXT BLOCK.TRIAL.RECORDING.DISPLAY_TEXT
240404.507 KEYBOARD_TEXT BLOCK.TRIAL.RECORDING.KEYBOARD_TEXT
240405.137 SET_SENTENCE_RT BLOCK.TRIAL.RECORDING.SET_SENTENCE_RT
240405.236 CHECK_QUESTION BLOCK.TRIAL.RECORDING.CHECK_QUESTION_TRUE
240407.140 DISPLAY_BLANK BLOCK.TRIAL.RECORDING.DISPLAY_BLANK (BEGIN) 
240417.316 DISPLAY_BLANK BLOCK.TRIAL.RECORDING.DISPLAY_BLANK
240417.805 ADD_TO_RESULTS_FILE BLOCK.TRIAL.RECORDING.ADD_TO_RESULTS_FILE
240503.134 SetValueAction 
240503.167 SetValueAction 
240503.195 SetValueAction 
240503.220 SetValueAction 
240503.246 SetValueAction 
240503.270 SetValueAction 
240503.688 CHECK_NEW_BLOCK BLOCK.TRIAL.CHECK_NEW_BLOCK_TRUE
240504.026 RESET_VARS BLOCK.TRIAL.RESET_VARS
240873.474 PREPARE_SEQUENCE BLOCK.TRIAL.PREPARE_SEQUENCE
242864.792 DRIFT_CORRECT BLOCK.TRIAL.DRIFT_CORRECT
242979.693 DISPLAY_TEXT BLOCK.TRIAL.RECORDING.DISPLAY_TEXT (BEGIN) 
242993.238 DISPLAY_TEXT BLOCK.TRIAL.RECORDING.DISPLAY_TEXT
257572.063 KEYBOARD_TEXT BLOCK.TRIAL.RECORDING.KEYBOARD_TEXT
257572.607 SET_SENTENCE_RT BLOCK.TRIAL.RECORDING.SET_SENTENCE_RT
257572.805 CHECK_QUESTION BLOCK.TRIAL.RECORDING.CHECK_QUESTION_TRUE
257574.432 DISPLAY_BLANK BLOCK.TRIAL.RECORDING.DISPLAY_BLANK (BEGIN) 
257578.994 DISPLAY_BLANK BLOCK.TRIAL.RECORDING.DISPLAY_BLANK
257579.515 ADD_TO_RESULTS_FILE BLOCK.TRIAL.RECORDING.ADD_TO_RESULTS_FILE
257664.109 SetValueAction 
257664.143 SetValueAction 
257664.170 SetValueAction 
257664.195 SetValueAction 
257664.220 SetValueAction 
257664.245 SetValueAction 
257664.649 CHECK_NEW_BLOCK BLOCK.TRIAL.CHECK_NEW_BLOCK_TRUE
257664.973 RESET_VARS BLOCK.TRIAL.RESET_VARS
258057.277 PREPARE_SEQUENCE BLOCK.TRIAL.PREPARE_SEQUENCE
259335.508 DRIFT_CORRECT BLOCK.TRIAL.DRIFT_CORRECT
259452.944 DISPLAY_TEXT BLOCK.TRIAL.RECORDING.DISPLAY_TEXT (BEGIN) 
259472.896 DISPLAY_TEXT BLOCK.TRIAL.RECORDING.DISPLAY_TEXT
283393.792 TRACKER_TIME 3 4270926.187
283393.940 KEYBOARD_TEXT BLOCK.TRIAL.RECORDING.KEYBOARD_TEXT
283394.499 SET_SENTENCE_RT BLOCK.TRIAL.RECORDING.SET_SENTENCE_RT
283394.719 CHECK_QUESTION BLOCK.TRIAL.RECORDING.CHECK_QUESTION_FALSE
283397.386 DISPLAY_QUESTION BLOCK.TRIAL.RECORDING.DISPLAY_QUESTION (BEGIN) 
283404.793 DISPLAY_QUESTION BLOCK.TRIAL.RECORDING.DISPLAY_QUESTION
288860.590 KEYBOARD_QUESTION BLOCK.TRIAL.RECORDING.KEYBOARD_QUESTION
288860.865 CHECK_RESPONSE_BUTTON BLOCK.TRIAL.RECORDING.CHECK_RESPONSE_BUTTON_TRUE
288861.290 SET_VARS_CORRECT BLOCK.TRIAL.RECORDING.SET_VARS_CORRECT
288863.083 DISPLAY_BLANK BLOCK.TRIAL.RECORDING.DISPLAY_BLANK (BEGIN) 
288869.885 DISPLAY_BLANK BLOCK.TRIAL.RECORDING.DISPLAY_BLANK
288870.483 ADD_TO_RESULTS_FILE BLOCK.TRIAL.RECORDING.ADD_TO_RESULTS_FILE
288955.098 SetValueAction 
288955.129 SetValueAction 
288955.156 SetValueAction 
288955.181 SetValueAction 
288955.206 SetValueAction 
288955.231 SetValueAction 
288955.642 CHECK_NEW_BLOCK BLOCK.TRIAL.CHECK_NEW_BLOCK_TRUE
288956.011 RESET_VARS BLOCK.TRIAL.RESET_VARS
289347.391 PREPARE_SEQUENCE BLOCK.TRIAL.PREPARE_SEQUENCE
291197.895 DRIFT_CORRECT BLOCK.TRIAL.DRIFT_CORRECT
291319.917 DISPLAY_TEXT BLOCK.TRIAL.RECORDING.DISPLAY_TEXT (BEGIN) 
291335.843 DISPLAY_TEXT BLOCK.TRIAL.RECORDING.DISPLAY_TEXT
301904.390 KEYBOARD_TEXT BLOCK.TRIAL.RECORDING.KEYBOARD_TEXT
301905.015 SET_SENTENCE_RT BLOCK.TRIAL.RECORDING.SET_SENTENCE_RT
301905.114 CHECK_QUESTION BLOCK.TRIAL.RECORDING.CHECK_QUESTION_TRUE
301906.934 DISPLAY_BLANK BLOCK.TRIAL.RECORDING.DISPLAY_BLANK (BEGIN) 
301916.088 DISPLAY_BLANK BLOCK.TRIAL.RECORDING.DISPLAY_BLANK
301916.578 ADD_TO_RESULTS_FILE BLOCK.TRIAL.RECORDING.ADD_TO_RESULTS_FILE
302001.138 SetValueAction 
302001.171 SetValueAction 
302001.198 SetValueAction 
302001.243 SetValueAction 
302001.285 SetValueAction 
302001.310 SetValueAction 
302001.718 CHECK_NEW_BLOCK BLOCK.TRIAL.CHECK_NEW_BLOCK_TRUE
302002.016 RESET_VARS BLOCK.TRIAL.RESET_VARS
302365.493 PREPARE_SEQUENCE BLOCK.TRIAL.PREPARE_SEQUENCE
303709.523 DRIFT_CORRECT BLOCK.TRIAL.DRIFT_CORRECT
303825.725 DISPLAY_TEXT BLOCK.TRIAL.RECORDING.DISPLAY_TEXT (BEGIN) 
303839.999 DISPLAY_TEXT BLOCK.TRIAL.RECORDING.DISPLAY_TEXT
320491.099 KEYBOARD_TEXT BLOCK.TRIAL.RECORDING.KEYBOARD_TEXT
320491.580 SET_SENTENCE_RT BLOCK.TRIAL.RECORDING.SET_SENTENCE_RT
320491.801 CHECK_QUESTION BLOCK.TRIAL.RECORDING.CHECK_QUESTION_TRUE
320495.643 DISPLAY_BLANK BLOCK.TRIAL.RECORDING.DISPLAY_BLANK (BEGIN) 
320510.699 DISPLAY_BLANK BLOCK.TRIAL.RECORDING.DISPLAY_BLANK
320511.236 ADD_TO_RESULTS_FILE BLOCK.TRIAL.RECORDING.ADD_TO_RESULTS_FILE
320598.096 SetValueAction 
320598.129 SetValueAction 
320598.181 SetValueAction 
320598.223 SetValueAction 
320598.248 SetValueAction 
320598.273 SetValueAction 
320598.681 CHECK_NEW_BLOCK BLOCK.TRIAL.CHECK_NEW_BLOCK_TRUE
320599.003 RESET_VARS BLOCK.TRIAL.RESET_VARS
320995.781 PREPARE_SEQUENCE BLOCK.TRIAL.PREPARE_SEQUENCE
322390.630 DRIFT_CORRECT BLOCK.TRIAL.DRIFT_CORRECT
322505.840 DISPLAY_TEXT BLOCK.TRIAL.RECORDING.DISPLAY_TEXT (BEGIN) 
322519.854 DISPLAY_TEXT BLOCK.TRIAL.RECORDING.DISPLAY_TEXT
339418.926 KEYBOARD_TEXT BLOCK.TRIAL.RECORDING.KEYBOARD_TEXT
339419.482 SET_SENTENCE_RT BLOCK.TRIAL.RECORDING.SET_SENTENCE_RT
339419.665 CHECK_QUESTION BLOCK.TRIAL.RECORDING.CHECK_QUESTION_FALSE
339422.424 DISPLAY_QUESTION BLOCK.TRIAL.RECORDING.DISPLAY_QUESTION (BEGIN) 
339438.516 DISPLAY_QUESTION BLOCK.TRIAL.RECORDING.DISPLAY_QUESTION
347071.471 TRACKER_TIME 4 4334602.534
347071.578 KEYBOARD_QUESTION BLOCK.TRIAL.RECORDING.KEYBOARD_QUESTION
347071.806 CHECK_RESPONSE_BUTTON BLOCK.TRIAL.RECORDING.CHECK_RESPONSE_BUTTON_TRUE
347072.306 SET_VARS_CORRECT BLOCK.TRIAL.RECORDING.SET_VARS_CORRECT
347074.126 DISPLAY_BLANK BLOCK.TRIAL.RECORDING.DISPLAY_BLANK (BEGIN) 
347086.295 DISPLAY_BLANK BLOCK.TRIAL.RECORDING.DISPLAY_BLANK
347086.905 ADD_TO_RESULTS_FILE BLOCK.TRIAL.RECORDING.ADD_TO_RESULTS_FILE
347171.100 SetValueAction 
347171.131 SetValueAction 
347171.159 SetValueAction 
347171.184 SetValueAction 
347171.208 SetValueAction 
347171.233 SetValueAction 
347171.663 CHECK_NEW_BLOCK BLOCK.TRIAL.CHECK_NEW_BLOCK_TRUE
347172.014 RESET_VARS BLOCK.TRIAL.RESET_VARS
347608.137 PREPARE_SEQUENCE BLOCK.TRIAL.PREPARE_SEQUENCE
349072.169 DRIFT_CORRECT BLOCK.TRIAL.DRIFT_CORRECT
349192.573 DISPLAY_TEXT BLOCK.TRIAL.RECORDING.DISPLAY_TEXT (BEGIN) 
349202.352 DISPLAY_TEXT BLOCK.TRIAL.RECORDING.DISPLAY_TEXT
354820.424 KEYBOARD_TEXT BLOCK.TRIAL.RECORDING.KEYBOARD_TEXT
354821.061 SET_SENTENCE_RT BLOCK.TRIAL.RECORDING.SET_SENTENCE_RT
354821.175 CHECK_QUESTION BLOCK.TRIAL.RECORDING.CHECK_QUESTION_TRUE
354823.178 DISPLAY_BLANK BLOCK.TRIAL.RECORDING.DISPLAY_BLANK (BEGIN) 
354834.041 DISPLAY_BLANK BLOCK.TRIAL.RECORDING.DISPLAY_BLANK
354834.572 ADD_TO_RESULTS_FILE BLOCK.TRIAL.RECORDING.ADD_TO_RESULTS_FILE
354921.095 SetValueAction 
354921.128 SetValueAction 
354921.155 SetValueAction 
354921.179 SetValueAction 
354921.205 SetValueAction 
354921.229 SetValueAction 
354921.657 CHECK_NEW_BLOCK BLOCK.TRIAL.CHECK_NEW_BLOCK_FALSE
354960.926 NEW_COUNTERBALANCE_BREAK BLOCK.TRIAL.NEW_COUNTERBALANCE_BREAK (BEGIN) 
354967.318 NEW_COUNTERBALANCE_BREAK BLOCK.TRIAL.NEW_COUNTERBALANCE_BREAK
360539.664 KEYBOARD[1] BLOCK.TRIAL.KEYBOARD[1]
435123.594 TRACKER_TIME 5 4422652.976
435123.680 EL_CAMERA_SETUP BLOCK.TRIAL.EL_CAMERA_SETUP
435159.683 EXPERIMENT_CONTINUE BLOCK.TRIAL.EXPERIMENT_CONTINUE (BEGIN) 
435177.368 EXPERIMENT_CONTINUE BLOCK.TRIAL.EXPERIMENT_CONTINUE
442251.140 KEYBOARD BLOCK.TRIAL.KEYBOARD
442251.620 RESET_VARS BLOCK.TRIAL.RESET_VARS
442612.843 PREPARE_SEQUENCE BLOCK.TRIAL.PREPARE_SEQUENCE
444680.301 DRIFT_CORRECT BLOCK.TRIAL.DRIFT_CORRECT
444794.874 DISPLAY_TEXT BLOCK.TRIAL.RECORDING.DISPLAY_TEXT (BEGIN) 
444807.879 DISPLAY_TEXT BLOCK.TRIAL.RECORDING.DISPLAY_TEXT
446587.978 KEYBOARD_TEXT BLOCK.TRIAL.RECORDING.KEYBOARD_TEXT
446588.571 SET_SENTENCE_RT BLOCK.TRIAL.RECORDING.SET_SENTENCE_RT
446588.695 CHECK_QUESTION BLOCK.TRIAL.RECORDING.CHECK_QUESTION_TRUE
446592.630 DISPLAY_BLANK BLOCK.TRIAL.RECORDING.DISPLAY_BLANK (BEGIN) 
446607.373 DISPLAY_BLANK BLOCK.TRIAL.RECORDING.DISPLAY_BLANK
446607.899 ADD_TO_RESULTS_FILE BLOCK.TRIAL.RECORDING.ADD_TO_RESULTS_FILE
446693.164 SetValueAction 
446693.202 SetValueAction 
446693.230 SetValueAction 
446693.255 SetValueAction 
446693.280 SetValueAction 
446693.304 SetValueAction 
446693.750 CHECK_NEW_BLOCK BLOCK.TRIAL.CHECK_NEW_BLOCK_TRUE
446694.079 RESET_VARS BLOCK.TRIAL.RESET_VARS
447052.156 PREPARE_SEQUENCE BLOCK.TRIAL.PREPARE_SEQUENCE
448341.084 DRIFT_CORRECT BLOCK.TRIAL.DRIFT_CORRECT
448458.093 DISPLAY_TEXT BLOCK.TRIAL.RECORDING.DISPLAY_TEXT (BEGIN) 
448473.480 DISPLAY_TEXT BLOCK.TRIAL.RECORDING.DISPLAY_TEXT
459720.267 KEYBOARD_TEXT BLOCK.TRIAL.RECORDING.KEYBOARD_TEXT
459720.796 SET_SENTENCE_RT BLOCK.TRIAL.RECORDING.SET_SENTENCE_RT
459720.878 CHECK_QUESTION BLOCK.TRIAL.RECORDING.CHECK_QUESTION_TRUE
459722.934 DISPLAY_BLANK BLOCK.TRIAL.RECORDING.DISPLAY_BLANK (BEGIN) 
459736.873 DISPLAY_BLANK BLOCK.TRIAL.RECORDING.DISPLAY_BLANK
459737.452 ADD_TO_RESULTS_FILE BLOCK.TRIAL.RECORDING.ADD_TO_RESULTS_FILE
459824.097 SetValueAction 
459824.130 SetValueAction 
459824.158 SetValueAction 
459824.182 SetValueAction 
459824.208 SetValueAction 
459824.232 SetValueAction 
459824.672 CHECK_NEW_BLOCK BLOCK.TRIAL.CHECK_NEW_BLOCK_TRUE
459824.999 RESET_VARS BLOCK.TRIAL.RESET_VARS
460186.714 PREPARE_SEQUENCE BLOCK.TRIAL.PREPARE_SEQUENCE
461501.609 DRIFT_CORRECT BLOCK.TRIAL.DRIFT_CORRECT
461616.742 DISPLAY_TEXT BLOCK.TRIAL.RECORDING.DISPLAY_TEXT (BEGIN) 
461620.826 DISPLAY_TEXT BLOCK.TRIAL.RECORDING.DISPLAY_TEXT
464452.466 KEYBOARD_TEXT BLOCK.TRIAL.RECORDING.KEYBOARD_TEXT
464453.149 SET_SENTENCE_RT BLOCK.TRIAL.RECORDING.SET_SENTENCE_RT
464453.207 CHECK_QUESTION BLOCK.TRIAL.RECORDING.CHECK_QUESTION_TRUE
464455.006 DISPLAY_BLANK BLOCK.TRIAL.RECORDING.DISPLAY_BLANK (BEGIN) 
464468.827 DISPLAY_BLANK BLOCK.TRIAL.RECORDING.DISPLAY_BLANK
464469.407 ADD_TO_RESULTS_FILE BLOCK.TRIAL.RECORDING.ADD_TO_RESULTS_FILE
464554.099 SetValueAction 
464554.133 SetValueAction 
464554.161 SetValueAction 
464554.187 SetValueAction 
464554.213 SetValueAction 
464554.238 SetValueAction 
464554.555 CHECK_NEW_BLOCK BLOCK.TRIAL.CHECK_NEW_BLOCK_TRUE
464554.888 RESET_VARS BLOCK.TRIAL.RESET_VARS
464973.008 PREPARE_SEQUENCE BLOCK.TRIAL.PREPARE_SEQUENCE
466477.666 DRIFT_CORRECT BLOCK.TRIAL.DRIFT_CORRECT
466591.878 DISPLAY_TEXT BLOCK.TRIAL.RECORDING.DISPLAY_TEXT (BEGIN) 
466601.529 DISPLAY_TEXT BLOCK.TRIAL.RECORDING.DISPLAY_TEXT
474579.717 KEYBOARD_TEXT BLOCK.TRIAL.RECORDING.KEYBOARD_TEXT
474580.345 SET_SENTENCE_RT BLOCK.TRIAL.RECORDING.SET_SENTENCE_RT
474580.408 CHECK_QUESTION BLOCK.TRIAL.RECORDING.CHECK_QUESTION_TRUE
474584.632 DISPLAY_BLANK BLOCK.TRIAL.RECORDING.DISPLAY_BLANK (BEGIN) 
474599.216 DISPLAY_BLANK BLOCK.TRIAL.RECORDING.DISPLAY_BLANK
474599.765 ADD_TO_RESULTS_FILE BLOCK.TRIAL.RECORDING.ADD_TO_RESULTS_FILE
474684.100 SetValueAction 
474684.133 SetValueAction 
474684.187 SetValueAction 
474684.212 SetValueAction 
474684.237 SetValueAction 
474684.261 SetValueAction 
474684.659 CHECK_NEW_BLOCK BLOCK.TRIAL.CHECK_NEW_BLOCK_TRUE
474685.031 RESET_VARS BLOCK.TRIAL.RESET_VARS
475095.616 PREPARE_SEQUENCE BLOCK.TRIAL.PREPARE_SEQUENCE
476668.421 DRIFT_CORRECT BLOCK.TRIAL.DRIFT_CORRECT
476783.148 DISPLAY_TEXT BLOCK.TRIAL.RECORDING.DISPLAY_TEXT (BEGIN) 
476798.588 DISPLAY_TEXT BLOCK.TRIAL.RECORDING.DISPLAY_TEXT
492870.394 KEYBOARD_TEXT BLOCK.TRIAL.RECORDING.KEYBOARD_TEXT
492871.027 SET_SENTENCE_RT BLOCK.TRIAL.RECORDING.SET_SENTENCE_RT
492871.208 CHECK_QUESTION BLOCK.TRIAL.RECORDING.CHECK_QUESTION_TRUE
492873.170 DISPLAY_BLANK BLOCK.TRIAL.RECORDING.DISPLAY_BLANK (BEGIN) 
492877.219 DISPLAY_BLANK BLOCK.TRIAL.RECORDING.DISPLAY_BLANK
492877.686 ADD_TO_RESULTS_FILE BLOCK.TRIAL.RECORDING.ADD_TO_RESULTS_FILE
492964.100 SetValueAction 
492964.132 SetValueAction 
492964.159 SetValueAction 
492964.184 SetValueAction 
492964.209 SetValueAction 
492964.234 SetValueAction 
492964.711 CHECK_NEW_BLOCK BLOCK.TRIAL.CHECK_NEW_BLOCK_TRUE
492965.072 RESET_VARS BLOCK.TRIAL.RESET_VARS
493374.134 PREPARE_SEQUENCE BLOCK.TRIAL.PREPARE_SEQUENCE
494692.205 DRIFT_CORRECT BLOCK.TRIAL.DRIFT_CORRECT
494810.910 DISPLAY_TEXT BLOCK.TRIAL.RECORDING.DISPLAY_TEXT (BEGIN) 
494826.667 DISPLAY_TEXT BLOCK.TRIAL.RECORDING.DISPLAY_TEXT
501427.777 TRACKER_TIME 6 4488955.627
501427.872 KEYBOARD_TEXT BLOCK.TRIAL.RECORDING.KEYBOARD_TEXT
501428.379 SET_SENTENCE_RT BLOCK.TRIAL.RECORDING.SET_SENTENCE_RT
501428.532 CHECK_QUESTION BLOCK.TRIAL.RECORDING.CHECK_QUESTION_TRUE
501430.350 DISPLAY_BLANK BLOCK.TRIAL.RECORDING.DISPLAY_BLANK (BEGIN) 
501441.405 DISPLAY_BLANK BLOCK.TRIAL.RECORDING.DISPLAY_BLANK
501441.938 ADD_TO_RESULTS_FILE BLOCK.TRIAL.RECORDING.ADD_TO_RESULTS_FILE
501529.095 SetValueAction 
501529.127 SetValueAction 
501529.154 SetValueAction 
501529.179 SetValueAction 
501529.203 SetValueAction 
501529.228 SetValueAction 
501529.620 CHECK_NEW_BLOCK BLOCK.TRIAL.CHECK_NEW_BLOCK_TRUE
501530.043 RESET_VARS BLOCK.TRIAL.RESET_VARS
501893.272 PREPARE_SEQUENCE BLOCK.TRIAL.PREPARE_SEQUENCE
502750.661 DRIFT_CORRECT BLOCK.TRIAL.DRIFT_CORRECT
502868.859 DISPLAY_TEXT BLOCK.TRIAL.RECORDING.DISPLAY_TEXT (BEGIN) 
502883.238 DISPLAY_TEXT BLOCK.TRIAL.RECORDING.DISPLAY_TEXT
517662.683 KEYBOARD_TEXT BLOCK.TRIAL.RECORDING.KEYBOARD_TEXT
517663.266 SET_SENTENCE_RT BLOCK.TRIAL.RECORDING.SET_SENTENCE_RT
517663.326 CHECK_QUESTION BLOCK.TRIAL.RECORDING.CHECK_QUESTION_TRUE
517665.349 DISPLAY_BLANK BLOCK.TRIAL.RECORDING.DISPLAY_BLANK (BEGIN) 
517670.017 DISPLAY_BLANK BLOCK.TRIAL.RECORDING.DISPLAY_BLANK
517670.540 ADD_TO_RESULTS_FILE BLOCK.TRIAL.RECORDING.ADD_TO_RESULTS_FILE
517755.103 SetValueAction 
517755.136 SetValueAction 
517755.164 SetValueAction 
517755.188 SetValueAction 
517755.213 SetValueAction 
517755.238 SetValueAction 
517755.633 CHECK_NEW_BLOCK BLOCK.TRIAL.CHECK_NEW_BLOCK_TRUE
517756.007 RESET_VARS BLOCK.TRIAL.RESET_VARS
518186.608 PREPARE_SEQUENCE BLOCK.TRIAL.PREPARE_SEQUENCE
521224.264 DRIFT_CORRECT BLOCK.TRIAL.DRIFT_CORRECT
521339.859 DISPLAY_TEXT BLOCK.TRIAL.RECORDING.DISPLAY_TEXT (BEGIN) 
521352.751 DISPLAY_TEXT BLOCK.TRIAL.RECORDING.DISPLAY_TEXT
534893.617 KEYBOARD_TEXT BLOCK.TRIAL.RECORDING.KEYBOARD_TEXT
534894.137 SET_SENTENCE_RT BLOCK.TRIAL.RECORDING.SET_SENTENCE_RT
534894.331 CHECK_QUESTION BLOCK.TRIAL.RECORDING.CHECK_QUESTION_FALSE
534899.632 DISPLAY_QUESTION BLOCK.TRIAL.RECORDING.DISPLAY_QUESTION (BEGIN) 
534915.018 DISPLAY_QUESTION BLOCK.TRIAL.RECORDING.DISPLAY_QUESTION
539977.179 KEYBOARD_QUESTION BLOCK.TRIAL.RECORDING.KEYBOARD_QUESTION
539977.477 CHECK_RESPONSE_BUTTON BLOCK.TRIAL.RECORDING.CHECK_RESPONSE_BUTTON_TRUE
539978.333 SET_VARS_CORRECT BLOCK.TRIAL.RECORDING.SET_VARS_CORRECT
539980.241 DISPLAY_BLANK BLOCK.TRIAL.RECORDING.DISPLAY_BLANK (BEGIN) 
539996.885 DISPLAY_BLANK BLOCK.TRIAL.RECORDING.DISPLAY_BLANK
539997.408 ADD_TO_RESULTS_FILE BLOCK.TRIAL.RECORDING.ADD_TO_RESULTS_FILE
540082.100 SetValueAction 
540082.133 SetValueAction 
540082.160 SetValueAction 
540082.185 SetValueAction 
540082.209 SetValueAction 
540082.234 SetValueAction 
540082.633 CHECK_NEW_BLOCK BLOCK.TRIAL.CHECK_NEW_BLOCK_TRUE
540082.939 RESET_VARS BLOCK.TRIAL.RESET_VARS
540507.689 PREPARE_SEQUENCE BLOCK.TRIAL.PREPARE_SEQUENCE
542283.003 DRIFT_CORRECT BLOCK.TRIAL.DRIFT_CORRECT
542404.142 DISPLAY_TEXT BLOCK.TRIAL.RECORDING.DISPLAY_TEXT (BEGIN) 
542414.498 DISPLAY_TEXT BLOCK.TRIAL.RECORDING.DISPLAY_TEXT
553528.215 KEYBOARD_TEXT BLOCK.TRIAL.RECORDING.KEYBOARD_TEXT
553528.955 SET_SENTENCE_RT BLOCK.TRIAL.RECORDING.SET_SENTENCE_RT
553529.100 CHECK_QUESTION BLOCK.TRIAL.RECORDING.CHECK_QUESTION_FALSE
553531.763 DISPLAY_QUESTION BLOCK.TRIAL.RECORDING.DISPLAY_QUESTION (BEGIN) 
553542.917 DISPLAY_QUESTION BLOCK.TRIAL.RECORDING.DISPLAY_QUESTION
557581.233 KEYBOARD_QUESTION BLOCK.TRIAL.RECORDING.KEYBOARD_QUESTION
557581.507 CHECK_RESPONSE_BUTTON BLOCK.TRIAL.RECORDING.CHECK_RESPONSE_BUTTON_FALSE
557582.082 SET_VARS_INCORRECT BLOCK.TRIAL.RECORDING.SET_VARS_INCORRECT
557584.026 DISPLAY_BLANK BLOCK.TRIAL.RECORDING.DISPLAY_BLANK (BEGIN) 
557591.746 DISPLAY_BLANK BLOCK.TRIAL.RECORDING.DISPLAY_BLANK
557592.259 ADD_TO_RESULTS_FILE BLOCK.TRIAL.RECORDING.ADD_TO_RESULTS_FILE
557679.097 SetValueAction 
557679.129 SetValueAction 
557679.156 SetValueAction 
557679.181 SetValueAction 
557679.208 SetValueAction 
557679.234 SetValueAction 
557679.640 CHECK_NEW_BLOCK BLOCK.TRIAL.CHECK_NEW_BLOCK_TRUE
557679.984 RESET_VARS BLOCK.TRIAL.RESET_VARS
558079.639 PREPARE_SEQUENCE BLOCK.TRIAL.PREPARE_SEQUENCE
561044.613 DRIFT_CORRECT BLOCK.TRIAL.DRIFT_CORRECT
561160.355 DISPLAY_TEXT BLOCK.TRIAL.RECORDING.DISPLAY_TEXT (BEGIN) 
561181.473 DISPLAY_TEXT BLOCK.TRIAL.RECORDING.DISPLAY_TEXT
594633.762 TRACKER_TIME 7 4582159.663
594633.874 KEYBOARD_TEXT BLOCK.TRIAL.RECORDING.KEYBOARD_TEXT
594634.540 SET_SENTENCE_RT BLOCK.TRIAL.RECORDING.SET_SENTENCE_RT
594634.704 CHECK_QUESTION BLOCK.TRIAL.RECORDING.CHECK_QUESTION_TRUE
594636.589 DISPLAY_BLANK BLOCK.TRIAL.RECORDING.DISPLAY_BLANK (BEGIN) 
594647.629 DISPLAY_BLANK BLOCK.TRIAL.RECORDING.DISPLAY_BLANK
594648.140 ADD_TO_RESULTS_FILE BLOCK.TRIAL.RECORDING.ADD_TO_RESULTS_FILE
594735.112 SetValueAction 
594735.156 SetValueAction 
594735.184 SetValueAction 
594735.209 SetValueAction 
594735.235 SetValueAction 
594735.259 SetValueAction 
594735.622 CHECK_NEW_BLOCK BLOCK.TRIAL.CHECK_NEW_BLOCK_TRUE
594735.922 RESET_VARS BLOCK.TRIAL.RESET_VARS
595141.544 PREPARE_SEQUENCE BLOCK.TRIAL.PREPARE_SEQUENCE
596393.739 DRIFT_CORRECT BLOCK.TRIAL.DRIFT_CORRECT
596517.912 DISPLAY_TEXT BLOCK.TRIAL.RECORDING.DISPLAY_TEXT (BEGIN) 
596532.157 DISPLAY_TEXT BLOCK.TRIAL.RECORDING.DISPLAY_TEXT
613420.133 KEYBOARD_TEXT BLOCK.TRIAL.RECORDING.KEYBOARD_TEXT
613420.652 SET_SENTENCE_RT BLOCK.TRIAL.RECORDING.SET_SENTENCE_RT
613420.716 CHECK_QUESTION BLOCK.TRIAL.RECORDING.CHECK_QUESTION_TRUE
613422.490 DISPLAY_BLANK BLOCK.TRIAL.RECORDING.DISPLAY_BLANK (BEGIN) 
613425.507 DISPLAY_BLANK BLOCK.TRIAL.RECORDING.DISPLAY_BLANK
613426.060 ADD_TO_RESULTS_FILE BLOCK.TRIAL.RECORDING.ADD_TO_RESULTS_FILE
613512.098 SetValueAction 
613512.135 SetValueAction 
613512.168 SetValueAction 
613512.192 SetValueAction 
613512.218 SetValueAction 
613512.244 SetValueAction 
613512.680 CHECK_NEW_BLOCK BLOCK.TRIAL.CHECK_NEW_BLOCK_TRUE
613513.200 RESET_VARS BLOCK.TRIAL.RESET_VARS
613878.818 PREPARE_SEQUENCE BLOCK.TRIAL.PREPARE_SEQUENCE
614732.385 DRIFT_CORRECT BLOCK.TRIAL.DRIFT_CORRECT
614855.948 DISPLAY_TEXT BLOCK.TRIAL.RECORDING.DISPLAY_TEXT (BEGIN) 
614876.362 DISPLAY_TEXT BLOCK.TRIAL.RECORDING.DISPLAY_TEXT
639397.021 KEYBOARD_TEXT BLOCK.TRIAL.RECORDING.KEYBOARD_TEXT
639397.566 SET_SENTENCE_RT BLOCK.TRIAL.RECORDING.SET_SENTENCE_RT
639397.701 CHECK_QUESTION BLOCK.TRIAL.RECORDING.CHECK_QUESTION_TRUE
639402.635 DISPLAY_BLANK BLOCK.TRIAL.RECORDING.DISPLAY_BLANK (BEGIN) 
639417.948 DISPLAY_BLANK BLOCK.TRIAL.RECORDING.DISPLAY_BLANK
639418.499 ADD_TO_RESULTS_FILE BLOCK.TRIAL.RECORDING.ADD_TO_RESULTS_FILE
639505.095 SetValueAction 
639505.128 SetValueAction 
639505.155 SetValueAction 
639505.181 SetValueAction 
639505.205 SetValueAction 
639505.231 SetValueAction 
639505.643 CHECK_NEW_BLOCK BLOCK.TRIAL.CHECK_NEW_BLOCK_TRUE
639505.935 RESET_VARS BLOCK.TRIAL.RESET_VARS
639903.720 PREPARE_SEQUENCE BLOCK.TRIAL.PREPARE_SEQUENCE
640976.850 DRIFT_CORRECT BLOCK.TRIAL.DRIFT_CORRECT
641091.836 DISPLAY_TEXT BLOCK.TRIAL.RECORDING.DISPLAY_TEXT (BEGIN) 
641101.215 DISPLAY_TEXT BLOCK.TRIAL.RECORDING.DISPLAY_TEXT
649875.481 KEYBOARD_TEXT BLOCK.TRIAL.RECORDING.KEYBOARD_TEXT
649876.051 SET_SENTENCE_RT BLOCK.TRIAL.RECORDING.SET_SENTENCE_RT
649876.118 CHECK_QUESTION BLOCK.TRIAL.RECORDING.CHECK_QUESTION_TRUE
649878.188 DISPLAY_BLANK BLOCK.TRIAL.RECORDING.DISPLAY_BLANK (BEGIN) 
649881.561 DISPLAY_BLANK BLOCK.TRIAL.RECORDING.DISPLAY_BLANK
649882.109 ADD_TO_RESULTS_FILE BLOCK.TRIAL.RECORDING.ADD_TO_RESULTS_FILE
649969.126 SetValueAction 
649969.159 SetValueAction 
649969.187 SetValueAction 
649969.213 SetValueAction 
649969.238 SetValueAction 
649969.262 SetValueAction 
649969.662 CHECK_NEW_BLOCK BLOCK.TRIAL.CHECK_NEW_BLOCK_TRUE
649969.970 RESET_VARS BLOCK.TRIAL.RESET_VARS
650327.978 PREPARE_SEQUENCE BLOCK.TRIAL.PREPARE_SEQUENCE
651222.976 DRIFT_CORRECT BLOCK.TRIAL.DRIFT_CORRECT
651339.923 DISPLAY_TEXT BLOCK.TRIAL.RECORDING.DISPLAY_TEXT (BEGIN) 
651354.078 DISPLAY_TEXT BLOCK.TRIAL.RECORDING.DISPLAY_TEXT
666665.535 TRACKER_TIME 8 4654189.938
666665.634 KEYBOARD_TEXT BLOCK.TRIAL.RECORDING.KEYBOARD_TEXT
666666.172 SET_SENTENCE_RT BLOCK.TRIAL.RECORDING.SET_SENTENCE_RT
666666.245 CHECK_QUESTION BLOCK.TRIAL.RECORDING.CHECK_QUESTION_TRUE
666668.512 DISPLAY_BLANK BLOCK.TRIAL.RECORDING.DISPLAY_BLANK (BEGIN) 
666676.709 DISPLAY_BLANK BLOCK.TRIAL.RECORDING.DISPLAY_BLANK
666677.237 ADD_TO_RESULTS_FILE BLOCK.TRIAL.RECORDING.ADD_TO_RESULTS_FILE
666763.132 SetValueAction 
666763.169 SetValueAction 
666763.200 SetValueAction 
666763.226 SetValueAction 
666763.252 SetValueAction 
666763.278 SetValueAction 
666763.685 CHECK_NEW_BLOCK BLOCK.TRIAL.CHECK_NEW_BLOCK_TRUE
666764.048 RESET_VARS BLOCK.TRIAL.RESET_VARS
667200.239 PREPARE_SEQUENCE BLOCK.TRIAL.PREPARE_SEQUENCE
671595.417 DRIFT_CORRECT BLOCK.TRIAL.DRIFT_CORRECT
671714.082 DISPLAY_TEXT BLOCK.TRIAL.RECORDING.DISPLAY_TEXT (BEGIN) 
671725.235 DISPLAY_TEXT BLOCK.TRIAL.RECORDING.DISPLAY_TEXT
679028.490 KEYBOARD_TEXT BLOCK.TRIAL.RECORDING.KEYBOARD_TEXT
679029.124 SET_SENTENCE_RT BLOCK.TRIAL.RECORDING.SET_SENTENCE_RT
679029.210 CHECK_QUESTION BLOCK.TRIAL.RECORDING.CHECK_QUESTION_TRUE
679031.020 DISPLAY_BLANK BLOCK.TRIAL.RECORDING.DISPLAY_BLANK (BEGIN) 
679039.764 DISPLAY_BLANK BLOCK.TRIAL.RECORDING.DISPLAY_BLANK
679040.427 ADD_TO_RESULTS_FILE BLOCK.TRIAL.RECORDING.ADD_TO_RESULTS_FILE
679125.097 SetValueAction 
679125.130 SetValueAction 
679125.157 SetValueAction 
679125.182 SetValueAction 
679125.207 SetValueAction 
679125.232 SetValueAction 
679125.667 CHECK_NEW_BLOCK BLOCK.TRIAL.CHECK_NEW_BLOCK_TRUE
679126.026 RESET_VARS BLOCK.TRIAL.RESET_VARS
679510.164 PREPARE_SEQUENCE BLOCK.TRIAL.PREPARE_SEQUENCE
680558.934 DRIFT_CORRECT BLOCK.TRIAL.DRIFT_CORRECT
680675.997 DISPLAY_TEXT BLOCK.TRIAL.RECORDING.DISPLAY_TEXT (BEGIN) 
680689.283 DISPLAY_TEXT BLOCK.TRIAL.RECORDING.DISPLAY_TEXT
686993.565 KEYBOARD_TEXT BLOCK.TRIAL.RECORDING.KEYBOARD_TEXT
686994.193 SET_SENTENCE_RT BLOCK.TRIAL.RECORDING.SET_SENTENCE_RT
686994.263 CHECK_QUESTION BLOCK.TRIAL.RECORDING.CHECK_QUESTION_TRUE
686996.184 DISPLAY_BLANK BLOCK.TRIAL.RECORDING.DISPLAY_BLANK (BEGIN) 
687004.106 DISPLAY_BLANK BLOCK.TRIAL.RECORDING.DISPLAY_BLANK
687004.643 ADD_TO_RESULTS_FILE BLOCK.TRIAL.RECORDING.ADD_TO_RESULTS_FILE
687091.096 SetValueAction 
687091.129 SetValueAction 
687091.157 SetValueAction 
687091.182 SetValueAction 
687091.207 SetValueAction 
687091.232 SetValueAction 
687091.650 CHECK_NEW_BLOCK BLOCK.TRIAL.CHECK_NEW_BLOCK_TRUE
687091.930 RESET_VARS BLOCK.TRIAL.RESET_VARS
687490.050 PREPARE_SEQUENCE BLOCK.TRIAL.PREPARE_SEQUENCE
688513.513 DRIFT_CORRECT BLOCK.TRIAL.DRIFT_CORRECT
688627.931 DISPLAY_TEXT BLOCK.TRIAL.RECORDING.DISPLAY_TEXT (BEGIN) 
688640.578 DISPLAY_TEXT BLOCK.TRIAL.RECORDING.DISPLAY_TEXT
702940.408 KEYBOARD_TEXT BLOCK.TRIAL.RECORDING.KEYBOARD_TEXT
702940.932 SET_SENTENCE_RT BLOCK.TRIAL.RECORDING.SET_SENTENCE_RT
702941.165 CHECK_QUESTION BLOCK.TRIAL.RECORDING.CHECK_QUESTION_FALSE
702943.901 DISPLAY_QUESTION BLOCK.TRIAL.RECORDING.DISPLAY_QUESTION (BEGIN) 
702949.454 DISPLAY_QUESTION BLOCK.TRIAL.RECORDING.DISPLAY_QUESTION
705319.962 KEYBOARD_QUESTION BLOCK.TRIAL.RECORDING.KEYBOARD_QUESTION
705320.222 CHECK_RESPONSE_BUTTON BLOCK.TRIAL.RECORDING.CHECK_RESPONSE_BUTTON_TRUE
705320.774 SET_VARS_CORRECT BLOCK.TRIAL.RECORDING.SET_VARS_CORRECT
705322.468 DISPLAY_BLANK BLOCK.TRIAL.RECORDING.DISPLAY_BLANK (BEGIN) 
705332.122 DISPLAY_BLANK BLOCK.TRIAL.RECORDING.DISPLAY_BLANK
705332.656 ADD_TO_RESULTS_FILE BLOCK.TRIAL.RECORDING.ADD_TO_RESULTS_FILE
705417.139 SetValueAction 
705417.172 SetValueAction 
705417.199 SetValueAction 
705417.224 SetValueAction 
705417.249 SetValueAction 
705417.273 SetValueAction 
705417.686 CHECK_NEW_BLOCK BLOCK.TRIAL.CHECK_NEW_BLOCK_TRUE
705418.022 RESET_VARS BLOCK.TRIAL.RESET_VARS
705816.359 PREPARE_SEQUENCE BLOCK.TRIAL.PREPARE_SEQUENCE
706848.315 DRIFT_CORRECT BLOCK.TRIAL.DRIFT_CORRECT
706971.931 DISPLAY_TEXT BLOCK.TRIAL.RECORDING.DISPLAY_TEXT (BEGIN) 
706981.629 DISPLAY_TEXT BLOCK.TRIAL.RECORDING.DISPLAY_TEXT
710472.519 KEYBOARD_TEXT BLOCK.TRIAL.RECORDING.KEYBOARD_TEXT
710473.150 SET_SENTENCE_RT BLOCK.TRIAL.RECORDING.SET_SENTENCE_RT
710473.221 CHECK_QUESTION BLOCK.TRIAL.RECORDING.CHECK_QUESTION_TRUE
710475.252 DISPLAY_BLANK BLOCK.TRIAL.RECORDING.DISPLAY_BLANK (BEGIN) 
710480.608 DISPLAY_BLANK BLOCK.TRIAL.RECORDING.DISPLAY_BLANK
710481.134 ADD_TO_RESULTS_FILE BLOCK.TRIAL.RECORDING.ADD_TO_RESULTS_FILE
710567.099 SetValueAction 
710567.131 SetValueAction 
710567.159 SetValueAction 
710567.183 SetValueAction 
710567.208 SetValueAction 
710567.233 SetValueAction 
710567.658 CHECK_NEW_BLOCK BLOCK.TRIAL.CHECK_NEW_BLOCK_TRUE
710568.020 RESET_VARS BLOCK.TRIAL.RESET_VARS
710940.773 PREPARE_SEQUENCE BLOCK.TRIAL.PREPARE_SEQUENCE
712012.202 DRIFT_CORRECT BLOCK.TRIAL.DRIFT_CORRECT
712128.073 DISPLAY_TEXT BLOCK.TRIAL.RECORDING.DISPLAY_TEXT (BEGIN) 
712146.799 DISPLAY_TEXT BLOCK.TRIAL.RECORDING.DISPLAY_TEXT
725636.393 KEYBOARD_TEXT BLOCK.TRIAL.RECORDING.KEYBOARD_TEXT
725636.978 SET_SENTENCE_RT BLOCK.TRIAL.RECORDING.SET_SENTENCE_RT
725637.220 CHECK_QUESTION BLOCK.TRIAL.RECORDING.CHECK_QUESTION_TRUE
725639.272 DISPLAY_BLANK BLOCK.TRIAL.RECORDING.DISPLAY_BLANK (BEGIN) 
725642.871 DISPLAY_BLANK BLOCK.TRIAL.RECORDING.DISPLAY_BLANK
725643.392 ADD_TO_RESULTS_FILE BLOCK.TRIAL.RECORDING.ADD_TO_RESULTS_FILE
725729.094 SetValueAction 
725729.127 SetValueAction 
725729.154 SetValueAction 
725729.178 SetValueAction 
725729.203 SetValueAction 
725729.228 SetValueAction 
725729.632 CHECK_NEW_BLOCK BLOCK.TRIAL.CHECK_NEW_BLOCK_TRUE
725729.909 RESET_VARS BLOCK.TRIAL.RESET_VARS
726148.682 PREPARE_SEQUENCE BLOCK.TRIAL.PREPARE_SEQUENCE
727082.402 TRACKER_TIME 9 4714605.540
727082.515 DRIFT_CORRECT BLOCK.TRIAL.DRIFT_CORRECT
727205.820 DISPLAY_TEXT BLOCK.TRIAL.RECORDING.DISPLAY_TEXT (BEGIN) 
727218.873 DISPLAY_TEXT BLOCK.TRIAL.RECORDING.DISPLAY_TEXT
741193.082 KEYBOARD_TEXT BLOCK.TRIAL.RECORDING.KEYBOARD_TEXT
741193.617 SET_SENTENCE_RT BLOCK.TRIAL.RECORDING.SET_SENTENCE_RT
741193.703 CHECK_QUESTION BLOCK.TRIAL.RECORDING.CHECK_QUESTION_TRUE
741195.825 DISPLAY_BLANK BLOCK.TRIAL.RECORDING.DISPLAY_BLANK (BEGIN) 
741205.023 DISPLAY_BLANK BLOCK.TRIAL.RECORDING.DISPLAY_BLANK
741205.516 ADD_TO_RESULTS_FILE BLOCK.TRIAL.RECORDING.ADD_TO_RESULTS_FILE
741292.096 SetValueAction 
741292.129 SetValueAction 
741292.157 SetValueAction 
741292.182 SetValueAction 
741292.207 SetValueAction 
741292.232 SetValueAction 
741292.655 CHECK_NEW_BLOCK BLOCK.TRIAL.CHECK_NEW_BLOCK_TRUE
741292.935 RESET_VARS BLOCK.TRIAL.RESET_VARS
741663.758 PREPARE_SEQUENCE BLOCK.TRIAL.PREPARE_SEQUENCE
742691.985 DRIFT_CORRECT BLOCK.TRIAL.DRIFT_CORRECT
742805.937 DISPLAY_TEXT BLOCK.TRIAL.RECORDING.DISPLAY_TEXT (BEGIN) 
742821.221 DISPLAY_TEXT BLOCK.TRIAL.RECORDING.DISPLAY_TEXT
756687.871 KEYBOARD_TEXT BLOCK.TRIAL.RECORDING.KEYBOARD_TEXT
756688.591 SET_SENTENCE_RT BLOCK.TRIAL.RECORDING.SET_SENTENCE_RT
756688.749 CHECK_QUESTION BLOCK.TRIAL.RECORDING.CHECK_QUESTION_TRUE
756690.650 DISPLAY_BLANK BLOCK.TRIAL.RECORDING.DISPLAY_BLANK (BEGIN) 
756700.507 DISPLAY_BLANK BLOCK.TRIAL.RECORDING.DISPLAY_BLANK
756701.015 ADD_TO_RESULTS_FILE BLOCK.TRIAL.RECORDING.ADD_TO_RESULTS_FILE
756787.103 SetValueAction 
756787.139 SetValueAction 
756787.187 SetValueAction 
756787.230 SetValueAction 
756787.256 SetValueAction 
756787.281 SetValueAction 
756787.729 CHECK_NEW_BLOCK BLOCK.TRIAL.CHECK_NEW_BLOCK_TRUE
756788.050 RESET_VARS BLOCK.TRIAL.RESET_VARS
757152.434 PREPARE_SEQUENCE BLOCK.TRIAL.PREPARE_SEQUENCE
758047.217 DRIFT_CORRECT BLOCK.TRIAL.DRIFT_CORRECT
758161.979 DISPLAY_TEXT BLOCK.TRIAL.RECORDING.DISPLAY_TEXT (BEGIN) 
758182.245 DISPLAY_TEXT BLOCK.TRIAL.RECORDING.DISPLAY_TEXT
781346.421 KEYBOARD_TEXT BLOCK.TRIAL.RECORDING.KEYBOARD_TEXT
781347.172 SET_SENTENCE_RT BLOCK.TRIAL.RECORDING.SET_SENTENCE_RT
781347.374 CHECK_QUESTION BLOCK.TRIAL.RECORDING.CHECK_QUESTION_TRUE
781349.268 DISPLAY_BLANK BLOCK.TRIAL.RECORDING.DISPLAY_BLANK (BEGIN) 
781359.995 DISPLAY_BLANK BLOCK.TRIAL.RECORDING.DISPLAY_BLANK
781360.497 ADD_TO_RESULTS_FILE BLOCK.TRIAL.RECORDING.ADD_TO_RESULTS_FILE
781445.146 SetValueAction 
781445.188 SetValueAction 
781445.217 SetValueAction 
781445.243 SetValueAction 
781445.269 SetValueAction 
781445.295 SetValueAction 
781445.671 CHECK_NEW_BLOCK BLOCK.TRIAL.CHECK_NEW_BLOCK_TRUE
781446.001 RESET_VARS BLOCK.TRIAL.RESET_VARS
781966.647 PREPARE_SEQUENCE BLOCK.TRIAL.PREPARE_SEQUENCE
783021.702 DRIFT_CORRECT BLOCK.TRIAL.DRIFT_CORRECT
783140.097 DISPLAY_TEXT BLOCK.TRIAL.RECORDING.DISPLAY_TEXT (BEGIN) 
783146.679 DISPLAY_TEXT BLOCK.TRIAL.RECORDING.DISPLAY_TEXT
788765.589 TRACKER_TIME 10 4776287.423
788765.715 KEYBOARD_TEXT BLOCK.TRIAL.RECORDING.KEYBOARD_TEXT
788766.386 SET_SENTENCE_RT BLOCK.TRIAL.RECORDING.SET_SENTENCE_RT
788766.608 CHECK_QUESTION BLOCK.TRIAL.RECORDING.CHECK_QUESTION_TRUE
788768.646 DISPLAY_BLANK BLOCK.TRIAL.RECORDING.DISPLAY_BLANK (BEGIN) 
788774.503 DISPLAY_BLANK BLOCK.TRIAL.RECORDING.DISPLAY_BLANK
788775.019 ADD_TO_RESULTS_FILE BLOCK.TRIAL.RECORDING.ADD_TO_RESULTS_FILE
788862.098 SetValueAction 
788862.131 SetValueAction 
788862.158 SetValueAction 
788862.183 SetValueAction 
788862.209 SetValueAction 
788862.233 SetValueAction 
788862.617 CHECK_NEW_BLOCK BLOCK.TRIAL.CHECK_NEW_BLOCK_TRUE
788862.881 RESET_VARS BLOCK.TRIAL.RESET_VARS
789244.099 PREPARE_SEQUENCE BLOCK.TRIAL.PREPARE_SEQUENCE
790322.853 DRIFT_CORRECT BLOCK.TRIAL.DRIFT_CORRECT
790437.893 DISPLAY_TEXT BLOCK.TRIAL.RECORDING.DISPLAY_TEXT (BEGIN) 
790440.740 DISPLAY_TEXT BLOCK.TRIAL.RECORDING.DISPLAY_TEXT
791746.688 KEYBOARD_TEXT BLOCK.TRIAL.RECORDING.KEYBOARD_TEXT
791747.386 SET_SENTENCE_RT BLOCK.TRIAL.RECORDING.SET_SENTENCE_RT
791747.463 CHECK_QUESTION BLOCK.TRIAL.RECORDING.CHECK_QUESTION_TRUE
791749.298 DISPLAY_BLANK BLOCK.TRIAL.RECORDING.DISPLAY_BLANK (BEGIN) 
791756.971 DISPLAY_BLANK BLOCK.TRIAL.RECORDING.DISPLAY_BLANK
791757.515 ADD_TO_RESULTS_FILE BLOCK.TRIAL.RECORDING.ADD_TO_RESULTS_FILE
791844.096 SetValueAction 
791844.129 SetValueAction 
791844.156 SetValueAction 
791844.181 SetValueAction 
791844.206 SetValueAction 
791844.231 SetValueAction 
791844.630 CHECK_NEW_BLOCK BLOCK.TRIAL.CHECK_NEW_BLOCK_TRUE
791844.900 RESET_VARS BLOCK.TRIAL.RESET_VARS
792226.412 PREPARE_SEQUENCE BLOCK.TRIAL.PREPARE_SEQUENCE
793476.352 DRIFT_CORRECT BLOCK.TRIAL.DRIFT_CORRECT
793592.847 DISPLAY_TEXT BLOCK.TRIAL.RECORDING.DISPLAY_TEXT (BEGIN) 
793611.477 DISPLAY_TEXT BLOCK.TRIAL.RECORDING.DISPLAY_TEXT
815685.639 KEYBOARD_TEXT BLOCK.TRIAL.RECORDING.KEYBOARD_TEXT
815686.133 SET_SENTENCE_RT BLOCK.TRIAL.RECORDING.SET_SENTENCE_RT
815686.199 CHECK_QUESTION BLOCK.TRIAL.RECORDING.CHECK_QUESTION_TRUE
815688.219 DISPLAY_BLANK BLOCK.TRIAL.RECORDING.DISPLAY_BLANK (BEGIN) 
815700.028 DISPLAY_BLANK BLOCK.TRIAL.RECORDING.DISPLAY_BLANK
815700.560 ADD_TO_RESULTS_FILE BLOCK.TRIAL.RECORDING.ADD_TO_RESULTS_FILE
815785.099 SetValueAction 
815785.132 SetValueAction 
815785.159 SetValueAction 
815785.184 SetValueAction 
815785.209 SetValueAction 
815785.235 SetValueAction 
815785.648 CHECK_NEW_BLOCK BLOCK.TRIAL.CHECK_NEW_BLOCK_TRUE
815786.021 RESET_VARS BLOCK.TRIAL.RESET_VARS
816158.477 PREPARE_SEQUENCE BLOCK.TRIAL.PREPARE_SEQUENCE
818339.920 DRIFT_CORRECT BLOCK.TRIAL.DRIFT_CORRECT
818458.003 DISPLAY_TEXT BLOCK.TRIAL.RECORDING.DISPLAY_TEXT (BEGIN) 
818470.789 DISPLAY_TEXT BLOCK.TRIAL.RECORDING.DISPLAY_TEXT
832938.096 KEYBOARD_TEXT BLOCK.TRIAL.RECORDING.KEYBOARD_TEXT
832938.644 SET_SENTENCE_RT BLOCK.TRIAL.RECORDING.SET_SENTENCE_RT
832938.709 CHECK_QUESTION BLOCK.TRIAL.RECORDING.CHECK_QUESTION_TRUE
832940.713 DISPLAY_BLANK BLOCK.TRIAL.RECORDING.DISPLAY_BLANK (BEGIN) 
832944.992 DISPLAY_BLANK BLOCK.TRIAL.RECORDING.DISPLAY_BLANK
832945.502 ADD_TO_RESULTS_FILE BLOCK.TRIAL.RECORDING.ADD_TO_RESULTS_FILE
833032.097 SetValueAction 
833032.129 SetValueAction 
833032.157 SetValueAction 
833032.182 SetValueAction 
833032.207 SetValueAction 
833032.232 SetValueAction 
833032.647 CHECK_NEW_BLOCK BLOCK.TRIAL.CHECK_NEW_BLOCK_TRUE
833032.996 RESET_VARS BLOCK.TRIAL.RESET_VARS
833442.979 PREPARE_SEQUENCE BLOCK.TRIAL.PREPARE_SEQUENCE
835807.602 DRIFT_CORRECT BLOCK.TRIAL.DRIFT_CORRECT
835930.159 DISPLAY_TEXT BLOCK.TRIAL.RECORDING.DISPLAY_TEXT (BEGIN) 
835944.133 DISPLAY_TEXT BLOCK.TRIAL.RECORDING.DISPLAY_TEXT
846803.985 KEYBOARD_TEXT BLOCK.TRIAL.RECORDING.KEYBOARD_TEXT
846804.618 SET_SENTENCE_RT BLOCK.TRIAL.RECORDING.SET_SENTENCE_RT
846804.848 CHECK_QUESTION BLOCK.TRIAL.RECORDING.CHECK_QUESTION_FALSE
846807.836 DISPLAY_QUESTION BLOCK.TRIAL.RECORDING.DISPLAY_QUESTION (BEGIN) 
846824.323 DISPLAY_QUESTION BLOCK.TRIAL.RECORDING.DISPLAY_QUESTION
849326.342 TRACKER_TIME 11 4836846.890
849326.453 KEYBOARD_QUESTION BLOCK.TRIAL.RECORDING.KEYBOARD_QUESTION
849326.748 CHECK_RESPONSE_BUTTON BLOCK.TRIAL.RECORDING.CHECK_RESPONSE_BUTTON_TRUE
849327.277 SET_VARS_CORRECT BLOCK.TRIAL.RECORDING.SET_VARS_CORRECT
849329.159 DISPLAY_BLANK BLOCK.TRIAL.RECORDING.DISPLAY_BLANK (BEGIN) 
849340.236 DISPLAY_BLANK BLOCK.TRIAL.RECORDING.DISPLAY_BLANK
849340.778 ADD_TO_RESULTS_FILE BLOCK.TRIAL.RECORDING.ADD_TO_RESULTS_FILE
849425.100 SetValueAction 
849425.133 SetValueAction 
849425.160 SetValueAction 
849425.186 SetValueAction 
849425.211 SetValueAction 
849425.236 SetValueAction 
849425.619 CHECK_NEW_BLOCK BLOCK.TRIAL.CHECK_NEW_BLOCK_TRUE
849425.940 RESET_VARS BLOCK.TRIAL.RESET_VARS
849844.593 PREPARE_SEQUENCE BLOCK.TRIAL.PREPARE_SEQUENCE
850957.061 DRIFT_CORRECT BLOCK.TRIAL.DRIFT_CORRECT
851071.014 DISPLAY_TEXT BLOCK.TRIAL.RECORDING.DISPLAY_TEXT (BEGIN) 
851089.759 DISPLAY_TEXT BLOCK.TRIAL.RECORDING.DISPLAY_TEXT
869854.966 KEYBOARD_TEXT BLOCK.TRIAL.RECORDING.KEYBOARD_TEXT
869855.586 SET_SENTENCE_RT BLOCK.TRIAL.RECORDING.SET_SENTENCE_RT
869855.693 CHECK_QUESTION BLOCK.TRIAL.RECORDING.CHECK_QUESTION_FALSE
869858.534 DISPLAY_QUESTION BLOCK.TRIAL.RECORDING.DISPLAY_QUESTION (BEGIN) 
869867.596 DISPLAY_QUESTION BLOCK.TRIAL.RECORDING.DISPLAY_QUESTION
873356.799 KEYBOARD_QUESTION BLOCK.TRIAL.RECORDING.KEYBOARD_QUESTION
873357.051 CHECK_RESPONSE_BUTTON BLOCK.TRIAL.RECORDING.CHECK_RESPONSE_BUTTON_TRUE
873357.505 SET_VARS_CORRECT BLOCK.TRIAL.RECORDING.SET_VARS_CORRECT
873359.232 DISPLAY_BLANK BLOCK.TRIAL.RECORDING.DISPLAY_BLANK (BEGIN) 
873366.591 DISPLAY_BLANK BLOCK.TRIAL.RECORDING.DISPLAY_BLANK
873367.226 ADD_TO_RESULTS_FILE BLOCK.TRIAL.RECORDING.ADD_TO_RESULTS_FILE
873452.102 SetValueAction 
873452.135 SetValueAction 
873452.162 SetValueAction 
873452.187 SetValueAction 
873452.211 SetValueAction 
873452.236 SetValueAction 
873452.658 CHECK_NEW_BLOCK BLOCK.TRIAL.CHECK_NEW_BLOCK_TRUE
873452.995 RESET_VARS BLOCK.TRIAL.RESET_VARS
873868.236 PREPARE_SEQUENCE BLOCK.TRIAL.PREPARE_SEQUENCE
875008.602 DRIFT_CORRECT BLOCK.TRIAL.DRIFT_CORRECT
875127.142 DISPLAY_TEXT BLOCK.TRIAL.RECORDING.DISPLAY_TEXT (BEGIN) 
875138.683 DISPLAY_TEXT BLOCK.TRIAL.RECORDING.DISPLAY_TEXT
888121.301 KEYBOARD_TEXT BLOCK.TRIAL.RECORDING.KEYBOARD_TEXT
888121.833 SET_SENTENCE_RT BLOCK.TRIAL.RECORDING.SET_SENTENCE_RT
888121.898 CHECK_QUESTION BLOCK.TRIAL.RECORDING.CHECK_QUESTION_TRUE
888123.938 DISPLAY_BLANK BLOCK.TRIAL.RECORDING.DISPLAY_BLANK (BEGIN) 
888128.951 DISPLAY_BLANK BLOCK.TRIAL.RECORDING.DISPLAY_BLANK
888129.495 ADD_TO_RESULTS_FILE BLOCK.TRIAL.RECORDING.ADD_TO_RESULTS_FILE
888216.095 SetValueAction 
888216.128 SetValueAction 
888216.155 SetValueAction 
888216.181 SetValueAction 
888216.206 SetValueAction 
888216.231 SetValueAction 
888216.695 CHECK_NEW_BLOCK BLOCK.TRIAL.CHECK_NEW_BLOCK_TRUE
888217.024 RESET_VARS BLOCK.TRIAL.RESET_VARS
888601.774 PREPARE_SEQUENCE BLOCK.TRIAL.PREPARE_SEQUENCE
889721.709 DRIFT_CORRECT BLOCK.TRIAL.DRIFT_CORRECT
889836.799 DISPLAY_TEXT BLOCK.TRIAL.RECORDING.DISPLAY_TEXT (BEGIN) 
889851.083 DISPLAY_TEXT BLOCK.TRIAL.RECORDING.DISPLAY_TEXT
905911.210 KEYBOARD_TEXT BLOCK.TRIAL.RECORDING.KEYBOARD_TEXT
905911.769 SET_SENTENCE_RT BLOCK.TRIAL.RECORDING.SET_SENTENCE_RT
905911.886 CHECK_QUESTION BLOCK.TRIAL.RECORDING.CHECK_QUESTION_FALSE
905914.679 DISPLAY_QUESTION BLOCK.TRIAL.RECORDING.DISPLAY_QUESTION (BEGIN) 
905923.786 DISPLAY_QUESTION BLOCK.TRIAL.RECORDING.DISPLAY_QUESTION
909743.255 TRACKER_TIME 12 4897262.565
909743.386 KEYBOARD_QUESTION BLOCK.TRIAL.RECORDING.KEYBOARD_QUESTION
909743.635 CHECK_RESPONSE_BUTTON BLOCK.TRIAL.RECORDING.CHECK_RESPONSE_BUTTON_TRUE
909744.218 SET_VARS_CORRECT BLOCK.TRIAL.RECORDING.SET_VARS_CORRECT
909745.839 DISPLAY_BLANK BLOCK.TRIAL.RECORDING.DISPLAY_BLANK (BEGIN) 
909756.001 DISPLAY_BLANK BLOCK.TRIAL.RECORDING.DISPLAY_BLANK
909756.569 ADD_TO_RESULTS_FILE BLOCK.TRIAL.RECORDING.ADD_TO_RESULTS_FILE
909841.135 SetValueAction 
909841.168 SetValueAction 
909841.197 SetValueAction 
909841.222 SetValueAction 
909841.247 SetValueAction 
909841.272 SetValueAction 
909841.668 CHECK_NEW_BLOCK BLOCK.TRIAL.CHECK_NEW_BLOCK_TRUE
909842.010 RESET_VARS BLOCK.TRIAL.RESET_VARS
910230.076 PREPARE_SEQUENCE BLOCK.TRIAL.PREPARE_SEQUENCE
911394.080 DRIFT_CORRECT BLOCK.TRIAL.DRIFT_CORRECT
911509.213 DISPLAY_TEXT BLOCK.TRIAL.RECORDING.DISPLAY_TEXT (BEGIN) 
911524.695 DISPLAY_TEXT BLOCK.TRIAL.RECORDING.DISPLAY_TEXT
928288.509 KEYBOARD_TEXT BLOCK.TRIAL.RECORDING.KEYBOARD_TEXT
928288.987 SET_SENTENCE_RT BLOCK.TRIAL.RECORDING.SET_SENTENCE_RT
928289.086 CHECK_QUESTION BLOCK.TRIAL.RECORDING.CHECK_QUESTION_TRUE
928291.010 DISPLAY_BLANK BLOCK.TRIAL.RECORDING.DISPLAY_BLANK (BEGIN) 
928300.608 DISPLAY_BLANK BLOCK.TRIAL.RECORDING.DISPLAY_BLANK
928301.207 ADD_TO_RESULTS_FILE BLOCK.TRIAL.RECORDING.ADD_TO_RESULTS_FILE
928388.126 SetValueAction 
928388.158 SetValueAction 
928388.185 SetValueAction 
928388.210 SetValueAction 
928388.235 SetValueAction 
928388.259 SetValueAction 
928388.670 CHECK_NEW_BLOCK BLOCK.TRIAL.CHECK_NEW_BLOCK_TRUE
928389.021 RESET_VARS BLOCK.TRIAL.RESET_VARS
928756.218 PREPARE_SEQUENCE BLOCK.TRIAL.PREPARE_SEQUENCE
929695.532 DRIFT_CORRECT BLOCK.TRIAL.DRIFT_CORRECT
929812.821 DISPLAY_TEXT BLOCK.TRIAL.RECORDING.DISPLAY_TEXT (BEGIN) 
929836.128 DISPLAY_TEXT BLOCK.TRIAL.RECORDING.DISPLAY_TEXT
952145.597 KEYBOARD_TEXT BLOCK.TRIAL.RECORDING.KEYBOARD_TEXT
952146.104 SET_SENTENCE_RT BLOCK.TRIAL.RECORDING.SET_SENTENCE_RT
952146.363 CHECK_QUESTION BLOCK.TRIAL.RECORDING.CHECK_QUESTION_TRUE
952148.210 DISPLAY_BLANK BLOCK.TRIAL.RECORDING.DISPLAY_BLANK (BEGIN) 
952160.347 DISPLAY_BLANK BLOCK.TRIAL.RECORDING.DISPLAY_BLANK
952160.948 ADD_TO_RESULTS_FILE BLOCK.TRIAL.RECORDING.ADD_TO_RESULTS_FILE
952246.102 SetValueAction 
952246.148 SetValueAction 
952246.180 SetValueAction 
952246.205 SetValueAction 
952246.230 SetValueAction 
952246.255 SetValueAction 
952246.670 CHECK_NEW_BLOCK BLOCK.TRIAL.CHECK_NEW_BLOCK_TRUE
952247.002 RESET_VARS BLOCK.TRIAL.RESET_VARS
952625.567 PREPARE_SEQUENCE BLOCK.TRIAL.PREPARE_SEQUENCE
953527.378 DRIFT_CORRECT BLOCK.TRIAL.DRIFT_CORRECT
953646.877 DISPLAY_TEXT BLOCK.TRIAL.RECORDING.DISPLAY_TEXT (BEGIN) 
953667.206 DISPLAY_TEXT BLOCK.TRIAL.RECORDING.DISPLAY_TEXT
975280.981 TRACKER_TIME 13 4962799.043
975281.101 KEYBOARD_TEXT BLOCK.TRIAL.RECORDING.KEYBOARD_TEXT
975281.584 SET_SENTENCE_RT BLOCK.TRIAL.RECORDING.SET_SENTENCE_RT
975281.647 CHECK_QUESTION BLOCK.TRIAL.RECORDING.CHECK_QUESTION_TRUE
975283.491 DISPLAY_BLANK BLOCK.TRIAL.RECORDING.DISPLAY_BLANK (BEGIN) 
975286.941 DISPLAY_BLANK BLOCK.TRIAL.RECORDING.DISPLAY_BLANK
975287.465 ADD_TO_RESULTS_FILE BLOCK.TRIAL.RECORDING.ADD_TO_RESULTS_FILE
975374.094 SetValueAction 
975374.126 SetValueAction 
975374.154 SetValueAction 
975374.179 SetValueAction 
975374.204 SetValueAction 
975374.229 SetValueAction 
975374.636 CHECK_NEW_BLOCK BLOCK.TRIAL.CHECK_NEW_BLOCK_TRUE
975374.885 RESET_VARS BLOCK.TRIAL.RESET_VARS
975773.623 PREPARE_SEQUENCE BLOCK.TRIAL.PREPARE_SEQUENCE
976700.011 DRIFT_CORRECT BLOCK.TRIAL.DRIFT_CORRECT
976814.890 DISPLAY_TEXT BLOCK.TRIAL.RECORDING.DISPLAY_TEXT (BEGIN) 
976830.151 DISPLAY_TEXT BLOCK.TRIAL.RECORDING.DISPLAY_TEXT
991990.072 KEYBOARD_TEXT BLOCK.TRIAL.RECORDING.KEYBOARD_TEXT
991990.588 SET_SENTENCE_RT BLOCK.TRIAL.RECORDING.SET_SENTENCE_RT
991990.652 CHECK_QUESTION BLOCK.TRIAL.RECORDING.CHECK_QUESTION_TRUE
991992.409 DISPLAY_BLANK BLOCK.TRIAL.RECORDING.DISPLAY_BLANK (BEGIN) 
991998.763 DISPLAY_BLANK BLOCK.TRIAL.RECORDING.DISPLAY_BLANK
991999.316 ADD_TO_RESULTS_FILE BLOCK.TRIAL.RECORDING.ADD_TO_RESULTS_FILE
992084.101 SetValueAction 
992084.133 SetValueAction 
992084.161 SetValueAction 
992084.186 SetValueAction 
992084.211 SetValueAction 
992084.235 SetValueAction 
992084.657 CHECK_NEW_BLOCK BLOCK.TRIAL.CHECK_NEW_BLOCK_TRUE
992085.003 RESET_VARS BLOCK.TRIAL.RESET_VARS
992458.629 PREPARE_SEQUENCE BLOCK.TRIAL.PREPARE_SEQUENCE
995460.910 DRIFT_CORRECT BLOCK.TRIAL.DRIFT_CORRECT
995582.630 DISPLAY_TEXT BLOCK.TRIAL.RECORDING.DISPLAY_TEXT (BEGIN) 
995603.999 DISPLAY_TEXT BLOCK.TRIAL.RECORDING.DISPLAY_TEXT
1021861.754 KEYBOARD_TEXT BLOCK.TRIAL.RECORDING.KEYBOARD_TEXT
1021862.270 SET_SENTENCE_RT BLOCK.TRIAL.RECORDING.SET_SENTENCE_RT
1021862.336 CHECK_QUESTION BLOCK.TRIAL.RECORDING.CHECK_QUESTION_TRUE
1021864.338 DISPLAY_BLANK BLOCK.TRIAL.RECORDING.DISPLAY_BLANK (BEGIN) 
1021873.386 DISPLAY_BLANK BLOCK.TRIAL.RECORDING.DISPLAY_BLANK
1021873.936 ADD_TO_RESULTS_FILE BLOCK.TRIAL.RECORDING.ADD_TO_RESULTS_FILE
1021960.139 SetValueAction 
1021960.172 SetValueAction 
1021960.199 SetValueAction 
1021960.225 SetValueAction 
1021960.249 SetValueAction 
1021960.274 SetValueAction 
1021960.679 CHECK_NEW_BLOCK BLOCK.TRIAL.CHECK_NEW_BLOCK_TRUE
1021961.048 RESET_VARS BLOCK.TRIAL.RESET_VARS
1022327.579 PREPARE_SEQUENCE BLOCK.TRIAL.PREPARE_SEQUENCE
1064873.679 TRACKER_TIME 14 5052389.493
1064873.850 DRIFT_CORRECT BLOCK.TRIAL.DRIFT_CORRECT
1064987.957 DISPLAY_TEXT BLOCK.TRIAL.RECORDING.DISPLAY_TEXT (BEGIN) 
1065002.893 DISPLAY_TEXT BLOCK.TRIAL.RECORDING.DISPLAY_TEXT
1082354.963 KEYBOARD_TEXT BLOCK.TRIAL.RECORDING.KEYBOARD_TEXT
1082355.605 SET_SENTENCE_RT BLOCK.TRIAL.RECORDING.SET_SENTENCE_RT
1082355.829 CHECK_QUESTION BLOCK.TRIAL.RECORDING.CHECK_QUESTION_TRUE
1082357.413 DISPLAY_BLANK BLOCK.TRIAL.RECORDING.DISPLAY_BLANK (BEGIN) 
1082372.502 DISPLAY_BLANK BLOCK.TRIAL.RECORDING.DISPLAY_BLANK
1082373.065 ADD_TO_RESULTS_FILE BLOCK.TRIAL.RECORDING.ADD_TO_RESULTS_FILE
1082460.096 SetValueAction 
1082460.135 SetValueAction 
1082460.163 SetValueAction 
1082460.188 SetValueAction 
1082460.216 SetValueAction 
1082460.241 SetValueAction 
1082460.653 CHECK_NEW_BLOCK BLOCK.TRIAL.CHECK_NEW_BLOCK_TRUE
1082460.995 RESET_VARS BLOCK.TRIAL.RESET_VARS
1082895.457 PREPARE_SEQUENCE BLOCK.TRIAL.PREPARE_SEQUENCE
1084205.867 DRIFT_CORRECT BLOCK.TRIAL.DRIFT_CORRECT
1084319.045 DISPLAY_TEXT BLOCK.TRIAL.RECORDING.DISPLAY_TEXT (BEGIN) 
1084363.077 DISPLAY_TEXT BLOCK.TRIAL.RECORDING.DISPLAY_TEXT
1109714.369 KEYBOARD_TEXT BLOCK.TRIAL.RECORDING.KEYBOARD_TEXT
1109715.022 SET_SENTENCE_RT BLOCK.TRIAL.RECORDING.SET_SENTENCE_RT
1109715.195 CHECK_QUESTION BLOCK.TRIAL.RECORDING.CHECK_QUESTION_FALSE
1109717.668 DISPLAY_QUESTION BLOCK.TRIAL.RECORDING.DISPLAY_QUESTION (BEGIN) 
1109731.205 DISPLAY_QUESTION BLOCK.TRIAL.RECORDING.DISPLAY_QUESTION
1113312.000 KEYBOARD_QUESTION BLOCK.TRIAL.RECORDING.KEYBOARD_QUESTION
1113312.273 CHECK_RESPONSE_BUTTON BLOCK.TRIAL.RECORDING.CHECK_RESPONSE_BUTTON_TRUE
1113312.787 SET_VARS_CORRECT BLOCK.TRIAL.RECORDING.SET_VARS_CORRECT
1113314.568 DISPLAY_BLANK BLOCK.TRIAL.RECORDING.DISPLAY_BLANK (BEGIN) 
1113330.139 DISPLAY_BLANK BLOCK.TRIAL.RECORDING.DISPLAY_BLANK
1113330.708 ADD_TO_RESULTS_FILE BLOCK.TRIAL.RECORDING.ADD_TO_RESULTS_FILE
1113416.104 SetValueAction 
1113416.136 SetValueAction 
1113416.167 SetValueAction 
1113416.192 SetValueAction 
1113416.217 SetValueAction 
1113416.242 SetValueAction 
1113416.647 CHECK_NEW_BLOCK BLOCK.TRIAL.CHECK_NEW_BLOCK_TRUE
1113416.963 RESET_VARS BLOCK.TRIAL.RESET_VARS
1113795.599 PREPARE_SEQUENCE BLOCK.TRIAL.PREPARE_SEQUENCE
1115221.384 DRIFT_CORRECT BLOCK.TRIAL.DRIFT_CORRECT
1115347.628 DISPLAY_TEXT BLOCK.TRIAL.RECORDING.DISPLAY_TEXT (BEGIN) 
1115362.898 DISPLAY_TEXT BLOCK.TRIAL.RECORDING.DISPLAY_TEXT
1121313.901 KEYBOARD_TEXT BLOCK.TRIAL.RECORDING.KEYBOARD_TEXT
1121314.427 SET_SENTENCE_RT BLOCK.TRIAL.RECORDING.SET_SENTENCE_RT
1121314.653 CHECK_QUESTION BLOCK.TRIAL.RECORDING.CHECK_QUESTION_TRUE
1121316.604 DISPLAY_BLANK BLOCK.TRIAL.RECORDING.DISPLAY_BLANK (BEGIN) 
1121327.819 DISPLAY_BLANK BLOCK.TRIAL.RECORDING.DISPLAY_BLANK
1121328.418 ADD_TO_RESULTS_FILE BLOCK.TRIAL.RECORDING.ADD_TO_RESULTS_FILE
1121415.100 SetValueAction 
1121415.134 SetValueAction 
1121415.162 SetValueAction 
1121415.187 SetValueAction 
1121415.212 SetValueAction 
1121415.236 SetValueAction 
1121415.654 CHECK_NEW_BLOCK BLOCK.TRIAL.CHECK_NEW_BLOCK_TRUE
1121415.999 RESET_VARS BLOCK.TRIAL.RESET_VARS
1121801.327 PREPARE_SEQUENCE BLOCK.TRIAL.PREPARE_SEQUENCE
1123173.938 DRIFT_CORRECT BLOCK.TRIAL.DRIFT_CORRECT
1123289.989 DISPLAY_TEXT BLOCK.TRIAL.RECORDING.DISPLAY_TEXT (BEGIN) 
1123306.886 DISPLAY_TEXT BLOCK.TRIAL.RECORDING.DISPLAY_TEXT
1141757.868 TRACKER_TIME 15 5129272.297
1141757.975 KEYBOARD_TEXT BLOCK.TRIAL.RECORDING.KEYBOARD_TEXT
1141758.548 SET_SENTENCE_RT BLOCK.TRIAL.RECORDING.SET_SENTENCE_RT
1141758.724 CHECK_QUESTION BLOCK.TRIAL.RECORDING.CHECK_QUESTION_TRUE
1141760.450 DISPLAY_BLANK BLOCK.TRIAL.RECORDING.DISPLAY_BLANK (BEGIN) 
1141771.867 DISPLAY_BLANK BLOCK.TRIAL.RECORDING.DISPLAY_BLANK
1141772.369 ADD_TO_RESULTS_FILE BLOCK.TRIAL.RECORDING.ADD_TO_RESULTS_FILE
1141857.099 SetValueAction 
1141857.133 SetValueAction 
1141857.161 SetValueAction 
1141857.186 SetValueAction 
1141857.211 SetValueAction 
1141857.236 SetValueAction 
1141857.655 CHECK_NEW_BLOCK BLOCK.TRIAL.CHECK_NEW_BLOCK_TRUE
1141857.995 RESET_VARS BLOCK.TRIAL.RESET_VARS
1142222.608 PREPARE_SEQUENCE BLOCK.TRIAL.PREPARE_SEQUENCE
1143424.811 DRIFT_CORRECT BLOCK.TRIAL.DRIFT_CORRECT
1143539.261 DISPLAY_TEXT BLOCK.TRIAL.RECORDING.DISPLAY_TEXT (BEGIN) 
1143557.358 DISPLAY_TEXT BLOCK.TRIAL.RECORDING.DISPLAY_TEXT
1162061.038 KEYBOARD_TEXT BLOCK.TRIAL.RECORDING.KEYBOARD_TEXT
1162061.550 SET_SENTENCE_RT BLOCK.TRIAL.RECORDING.SET_SENTENCE_RT
1162061.634 CHECK_QUESTION BLOCK.TRIAL.RECORDING.CHECK_QUESTION_TRUE
1162063.761 DISPLAY_BLANK BLOCK.TRIAL.RECORDING.DISPLAY_BLANK (BEGIN) 
1162065.959 DISPLAY_BLANK BLOCK.TRIAL.RECORDING.DISPLAY_BLANK
1162066.486 ADD_TO_RESULTS_FILE BLOCK.TRIAL.RECORDING.ADD_TO_RESULTS_FILE
1162153.098 SetValueAction 
1162153.131 SetValueAction 
1162153.159 SetValueAction 
1162153.204 SetValueAction 
1162153.246 SetValueAction 
1162153.271 SetValueAction 
1162153.717 CHECK_NEW_BLOCK BLOCK.TRIAL.CHECK_NEW_BLOCK_TRUE
1162154.068 RESET_VARS BLOCK.TRIAL.RESET_VARS
1162540.831 PREPARE_SEQUENCE BLOCK.TRIAL.PREPARE_SEQUENCE
1163589.169 DRIFT_CORRECT BLOCK.TRIAL.DRIFT_CORRECT
1163705.150 DISPLAY_TEXT BLOCK.TRIAL.RECORDING.DISPLAY_TEXT (BEGIN) 
1163723.473 DISPLAY_TEXT BLOCK.TRIAL.RECORDING.DISPLAY_TEXT
1182544.734 KEYBOARD_TEXT BLOCK.TRIAL.RECORDING.KEYBOARD_TEXT
1182545.242 SET_SENTENCE_RT BLOCK.TRIAL.RECORDING.SET_SENTENCE_RT
1182545.323 CHECK_QUESTION BLOCK.TRIAL.RECORDING.CHECK_QUESTION_TRUE
1182547.151 DISPLAY_BLANK BLOCK.TRIAL.RECORDING.DISPLAY_BLANK (BEGIN) 
1182560.012 DISPLAY_BLANK BLOCK.TRIAL.RECORDING.DISPLAY_BLANK
1182560.526 ADD_TO_RESULTS_FILE BLOCK.TRIAL.RECORDING.ADD_TO_RESULTS_FILE
1182646.092 SetValueAction 
1182646.125 SetValueAction 
1182646.153 SetValueAction 
1182646.178 SetValueAction 
1182646.203 SetValueAction 
1182646.228 SetValueAction 
1182646.608 CHECK_NEW_BLOCK BLOCK.TRIAL.CHECK_NEW_BLOCK_TRUE
1182646.922 RESET_VARS BLOCK.TRIAL.RESET_VARS
1183041.246 PREPARE_SEQUENCE BLOCK.TRIAL.PREPARE_SEQUENCE
1184047.504 DRIFT_CORRECT BLOCK.TRIAL.DRIFT_CORRECT
1184162.240 DISPLAY_TEXT BLOCK.TRIAL.RECORDING.DISPLAY_TEXT (BEGIN) 
1184176.204 DISPLAY_TEXT BLOCK.TRIAL.RECORDING.DISPLAY_TEXT
1191936.141 KEYBOARD_TEXT BLOCK.TRIAL.RECORDING.KEYBOARD_TEXT
1191936.813 SET_SENTENCE_RT BLOCK.TRIAL.RECORDING.SET_SENTENCE_RT
1191937.019 CHECK_QUESTION BLOCK.TRIAL.RECORDING.CHECK_QUESTION_TRUE
1191942.667 DISPLAY_BLANK BLOCK.TRIAL.RECORDING.DISPLAY_BLANK (BEGIN) 
1191957.275 DISPLAY_BLANK BLOCK.TRIAL.RECORDING.DISPLAY_BLANK
1191957.798 ADD_TO_RESULTS_FILE BLOCK.TRIAL.RECORDING.ADD_TO_RESULTS_FILE
1192042.101 SetValueAction 
1192042.133 SetValueAction 
1192042.160 SetValueAction 
1192042.185 SetValueAction 
1192042.210 SetValueAction 
1192042.236 SetValueAction 
1192042.638 CHECK_NEW_BLOCK BLOCK.TRIAL.CHECK_NEW_BLOCK_TRUE
1192042.935 RESET_VARS BLOCK.TRIAL.RESET_VARS
1192399.630 PREPARE_SEQUENCE BLOCK.TRIAL.PREPARE_SEQUENCE
1193618.552 DRIFT_CORRECT BLOCK.TRIAL.DRIFT_CORRECT
1193735.042 DISPLAY_TEXT BLOCK.TRIAL.RECORDING.DISPLAY_TEXT (BEGIN) 
1193755.814 DISPLAY_TEXT BLOCK.TRIAL.RECORDING.DISPLAY_TEXT
1219135.272 TRACKER_TIME 16 5206648.082
1219135.398 KEYBOARD_TEXT BLOCK.TRIAL.RECORDING.KEYBOARD_TEXT
1219135.946 SET_SENTENCE_RT BLOCK.TRIAL.RECORDING.SET_SENTENCE_RT
1219136.015 CHECK_QUESTION BLOCK.TRIAL.RECORDING.CHECK_QUESTION_TRUE
1219138.072 DISPLAY_BLANK BLOCK.TRIAL.RECORDING.DISPLAY_BLANK (BEGIN) 
1219149.375 DISPLAY_BLANK BLOCK.TRIAL.RECORDING.DISPLAY_BLANK
1219149.968 ADD_TO_RESULTS_FILE BLOCK.TRIAL.RECORDING.ADD_TO_RESULTS_FILE
1219237.098 SetValueAction 
1219237.129 SetValueAction 
1219237.156 SetValueAction 
1219237.182 SetValueAction 
1219237.207 SetValueAction 
1219237.239 SetValueAction 
1219237.677 CHECK_NEW_BLOCK BLOCK.TRIAL.CHECK_NEW_BLOCK_TRUE
1219238.032 RESET_VARS BLOCK.TRIAL.RESET_VARS
1219638.925 PREPARE_SEQUENCE BLOCK.TRIAL.PREPARE_SEQUENCE
1220641.314 DRIFT_CORRECT BLOCK.TRIAL.DRIFT_CORRECT
1220756.051 DISPLAY_TEXT BLOCK.TRIAL.RECORDING.DISPLAY_TEXT (BEGIN) 
1220775.996 DISPLAY_TEXT BLOCK.TRIAL.RECORDING.DISPLAY_TEXT
1246794.387 KEYBOARD_TEXT BLOCK.TRIAL.RECORDING.KEYBOARD_TEXT
1246794.958 SET_SENTENCE_RT BLOCK.TRIAL.RECORDING.SET_SENTENCE_RT
1246795.138 CHECK_QUESTION BLOCK.TRIAL.RECORDING.CHECK_QUESTION_TRUE
1246797.126 DISPLAY_BLANK BLOCK.TRIAL.RECORDING.DISPLAY_BLANK (BEGIN) 
1246807.989 DISPLAY_BLANK BLOCK.TRIAL.RECORDING.DISPLAY_BLANK
1246808.479 ADD_TO_RESULTS_FILE BLOCK.TRIAL.RECORDING.ADD_TO_RESULTS_FILE
1246893.118 SetValueAction 
1246893.150 SetValueAction 
1246893.177 SetValueAction 
1246893.202 SetValueAction 
1246893.227 SetValueAction 
1246893.252 SetValueAction 
1246893.637 CHECK_NEW_BLOCK BLOCK.TRIAL.CHECK_NEW_BLOCK_TRUE
1246893.974 RESET_VARS BLOCK.TRIAL.RESET_VARS
1247294.286 PREPARE_SEQUENCE BLOCK.TRIAL.PREPARE_SEQUENCE
1248276.355 DRIFT_CORRECT BLOCK.TRIAL.DRIFT_CORRECT
1248495.049 DISPLAY_TEXT BLOCK.TRIAL.RECORDING.DISPLAY_TEXT (BEGIN) 
1248518.915 DISPLAY_TEXT BLOCK.TRIAL.RECORDING.DISPLAY_TEXT
1275058.657 KEYBOARD_TEXT BLOCK.TRIAL.RECORDING.KEYBOARD_TEXT
1275059.313 SET_SENTENCE_RT BLOCK.TRIAL.RECORDING.SET_SENTENCE_RT
1275059.435 CHECK_QUESTION BLOCK.TRIAL.RECORDING.CHECK_QUESTION_TRUE
1275061.255 DISPLAY_BLANK BLOCK.TRIAL.RECORDING.DISPLAY_BLANK (BEGIN) 
1275066.490 DISPLAY_BLANK BLOCK.TRIAL.RECORDING.DISPLAY_BLANK
1275067.158 ADD_TO_RESULTS_FILE BLOCK.TRIAL.RECORDING.ADD_TO_RESULTS_FILE
1275153.136 SetValueAction 
1275153.168 SetValueAction 
1275153.195 SetValueAction 
1275153.219 SetValueAction 
1275153.245 SetValueAction 
1275153.269 SetValueAction 
1275153.684 CHECK_NEW_BLOCK BLOCK.TRIAL.CHECK_NEW_BLOCK_TRUE
1275154.043 RESET_VARS BLOCK.TRIAL.RESET_VARS
1275519.438 PREPARE_SEQUENCE BLOCK.TRIAL.PREPARE_SEQUENCE
1279854.282 TRACKER_TIME 17 5267365.827
1279854.437 DRIFT_CORRECT BLOCK.TRIAL.DRIFT_CORRECT
1279968.089 DISPLAY_TEXT BLOCK.TRIAL.RECORDING.DISPLAY_TEXT (BEGIN) 
1279982.625 DISPLAY_TEXT BLOCK.TRIAL.RECORDING.DISPLAY_TEXT
1293409.006 KEYBOARD_TEXT BLOCK.TRIAL.RECORDING.KEYBOARD_TEXT
1293409.682 SET_SENTENCE_RT BLOCK.TRIAL.RECORDING.SET_SENTENCE_RT
1293409.795 CHECK_QUESTION BLOCK.TRIAL.RECORDING.CHECK_QUESTION_TRUE
1293411.815 DISPLAY_BLANK BLOCK.TRIAL.RECORDING.DISPLAY_BLANK (BEGIN) 
1293427.777 DISPLAY_BLANK BLOCK.TRIAL.RECORDING.DISPLAY_BLANK
1293428.313 ADD_TO_RESULTS_FILE BLOCK.TRIAL.RECORDING.ADD_TO_RESULTS_FILE
1293514.093 SetValueAction 
1293514.125 SetValueAction 
1293514.153 SetValueAction 
1293514.177 SetValueAction 
1293514.202 SetValueAction 
1293514.227 SetValueAction 
1293514.638 CHECK_NEW_BLOCK BLOCK.TRIAL.CHECK_NEW_BLOCK_TRUE
1293514.941 RESET_VARS BLOCK.TRIAL.RESET_VARS
1293891.288 PREPARE_SEQUENCE BLOCK.TRIAL.PREPARE_SEQUENCE
1295048.057 DRIFT_CORRECT BLOCK.TRIAL.DRIFT_CORRECT
1295164.723 DISPLAY_TEXT BLOCK.TRIAL.RECORDING.DISPLAY_TEXT (BEGIN) 
1295187.893 DISPLAY_TEXT BLOCK.TRIAL.RECORDING.DISPLAY_TEXT
1316962.907 KEYBOARD_TEXT BLOCK.TRIAL.RECORDING.KEYBOARD_TEXT
1316963.622 SET_SENTENCE_RT BLOCK.TRIAL.RECORDING.SET_SENTENCE_RT
1316963.911 CHECK_QUESTION BLOCK.TRIAL.RECORDING.CHECK_QUESTION_TRUE
1316965.657 DISPLAY_BLANK BLOCK.TRIAL.RECORDING.DISPLAY_BLANK (BEGIN) 
1316970.943 DISPLAY_BLANK BLOCK.TRIAL.RECORDING.DISPLAY_BLANK
1316971.428 ADD_TO_RESULTS_FILE BLOCK.TRIAL.RECORDING.ADD_TO_RESULTS_FILE
1317058.094 SetValueAction 
1317058.127 SetValueAction 
1317058.154 SetValueAction 
1317058.179 SetValueAction 
1317058.204 SetValueAction 
1317058.229 SetValueAction 
1317058.646 CHECK_NEW_BLOCK BLOCK.TRIAL.CHECK_NEW_BLOCK_TRUE
1317058.941 RESET_VARS BLOCK.TRIAL.RESET_VARS
1317422.923 PREPARE_SEQUENCE BLOCK.TRIAL.PREPARE_SEQUENCE
1318338.277 DRIFT_CORRECT BLOCK.TRIAL.DRIFT_CORRECT
1318455.635 DISPLAY_TEXT BLOCK.TRIAL.RECORDING.DISPLAY_TEXT (BEGIN) 
1318472.177 DISPLAY_TEXT BLOCK.TRIAL.RECORDING.DISPLAY_TEXT
1334163.095 KEYBOARD_TEXT BLOCK.TRIAL.RECORDING.KEYBOARD_TEXT
1334163.570 SET_SENTENCE_RT BLOCK.TRIAL.RECORDING.SET_SENTENCE_RT
1334163.635 CHECK_QUESTION BLOCK.TRIAL.RECORDING.CHECK_QUESTION_TRUE
1334167.631 DISPLAY_BLANK BLOCK.TRIAL.RECORDING.DISPLAY_BLANK (BEGIN) 
1334182.601 DISPLAY_BLANK BLOCK.TRIAL.RECORDING.DISPLAY_BLANK
1334183.117 ADD_TO_RESULTS_FILE BLOCK.TRIAL.RECORDING.ADD_TO_RESULTS_FILE
1334268.135 SetValueAction 
1334268.167 SetValueAction 
1334268.194 SetValueAction 
1334268.219 SetValueAction 
1334268.244 SetValueAction 
1334268.269 SetValueAction 
1334268.710 CHECK_NEW_BLOCK BLOCK.TRIAL.CHECK_NEW_BLOCK_TRUE
1334269.039 RESET_VARS BLOCK.TRIAL.RESET_VARS
1334644.545 PREPARE_SEQUENCE BLOCK.TRIAL.PREPARE_SEQUENCE
1335531.764 DRIFT_CORRECT BLOCK.TRIAL.DRIFT_CORRECT
1335653.106 DISPLAY_TEXT BLOCK.TRIAL.RECORDING.DISPLAY_TEXT (BEGIN) 
1335671.629 DISPLAY_TEXT BLOCK.TRIAL.RECORDING.DISPLAY_TEXT
1359145.739 TRACKER_TIME 18 5346655.600
1359145.847 KEYBOARD_TEXT BLOCK.TRIAL.RECORDING.KEYBOARD_TEXT
1359146.412 SET_SENTENCE_RT BLOCK.TRIAL.RECORDING.SET_SENTENCE_RT
1359146.680 CHECK_QUESTION BLOCK.TRIAL.RECORDING.CHECK_QUESTION_FALSE
1359149.617 DISPLAY_QUESTION BLOCK.TRIAL.RECORDING.DISPLAY_QUESTION (BEGIN) 
1359158.637 DISPLAY_QUESTION BLOCK.TRIAL.RECORDING.DISPLAY_QUESTION
1364256.329 KEYBOARD_QUESTION BLOCK.TRIAL.RECORDING.KEYBOARD_QUESTION
1364256.625 CHECK_RESPONSE_BUTTON BLOCK.TRIAL.RECORDING.CHECK_RESPONSE_BUTTON_TRUE
1364257.320 SET_VARS_CORRECT BLOCK.TRIAL.RECORDING.SET_VARS_CORRECT
1364259.320 DISPLAY_BLANK BLOCK.TRIAL.RECORDING.DISPLAY_BLANK (BEGIN) 
1364273.859 DISPLAY_BLANK BLOCK.TRIAL.RECORDING.DISPLAY_BLANK
1364274.441 ADD_TO_RESULTS_FILE BLOCK.TRIAL.RECORDING.ADD_TO_RESULTS_FILE
1364361.093 SetValueAction 
1364361.125 SetValueAction 
1364361.152 SetValueAction 
1364361.177 SetValueAction 
1364361.202 SetValueAction 
1364361.227 SetValueAction 
1364361.625 CHECK_NEW_BLOCK BLOCK.TRIAL.CHECK_NEW_BLOCK_TRUE
1364361.916 RESET_VARS BLOCK.TRIAL.RESET_VARS
1364754.521 PREPARE_SEQUENCE BLOCK.TRIAL.PREPARE_SEQUENCE
1365915.966 DRIFT_CORRECT BLOCK.TRIAL.DRIFT_CORRECT
1366035.002 DISPLAY_TEXT BLOCK.TRIAL.RECORDING.DISPLAY_TEXT (BEGIN) 
1366054.669 DISPLAY_TEXT BLOCK.TRIAL.RECORDING.DISPLAY_TEXT
1387154.110 KEYBOARD_TEXT BLOCK.TRIAL.RECORDING.KEYBOARD_TEXT
1387155.002 SET_SENTENCE_RT BLOCK.TRIAL.RECORDING.SET_SENTENCE_RT
1387155.207 CHECK_QUESTION BLOCK.TRIAL.RECORDING.CHECK_QUESTION_TRUE
1387156.983 DISPLAY_BLANK BLOCK.TRIAL.RECORDING.DISPLAY_BLANK (BEGIN) 
1387167.204 DISPLAY_BLANK BLOCK.TRIAL.RECORDING.DISPLAY_BLANK
1387167.987 ADD_TO_RESULTS_FILE BLOCK.TRIAL.RECORDING.ADD_TO_RESULTS_FILE
1387254.178 SetValueAction 
1387254.231 SetValueAction 
1387254.276 SetValueAction 
1387254.317 SetValueAction 
1387254.357 SetValueAction 
1387254.398 SetValueAction 
1387255.000 CHECK_NEW_BLOCK BLOCK.TRIAL.CHECK_NEW_BLOCK_TRUE
1387255.622 RESET_VARS BLOCK.TRIAL.RESET_VARS
1387700.779 PREPARE_SEQUENCE BLOCK.TRIAL.PREPARE_SEQUENCE
1388606.079 DRIFT_CORRECT BLOCK.TRIAL.DRIFT_CORRECT
1388722.001 DISPLAY_TEXT BLOCK.TRIAL.RECORDING.DISPLAY_TEXT (BEGIN) 
1388733.594 DISPLAY_TEXT BLOCK.TRIAL.RECORDING.DISPLAY_TEXT
1400096.696 KEYBOARD_TEXT BLOCK.TRIAL.RECORDING.KEYBOARD_TEXT
1400097.365 SET_SENTENCE_RT BLOCK.TRIAL.RECORDING.SET_SENTENCE_RT
1400097.659 CHECK_QUESTION BLOCK.TRIAL.RECORDING.CHECK_QUESTION_TRUE
1400099.711 DISPLAY_BLANK BLOCK.TRIAL.RECORDING.DISPLAY_BLANK (BEGIN) 
1400113.433 DISPLAY_BLANK BLOCK.TRIAL.RECORDING.DISPLAY_BLANK
1400113.961 ADD_TO_RESULTS_FILE BLOCK.TRIAL.RECORDING.ADD_TO_RESULTS_FILE
1400200.128 SetValueAction 
1400200.161 SetValueAction 
1400200.209 SetValueAction 
1400200.251 SetValueAction 
1400200.276 SetValueAction 
1400200.300 SetValueAction 
1400200.684 CHECK_NEW_BLOCK BLOCK.TRIAL.CHECK_NEW_BLOCK_TRUE
1400200.983 RESET_VARS BLOCK.TRIAL.RESET_VARS
1400591.503 PREPARE_SEQUENCE BLOCK.TRIAL.PREPARE_SEQUENCE
1401830.370 DRIFT_CORRECT BLOCK.TRIAL.DRIFT_CORRECT
1401947.136 DISPLAY_TEXT BLOCK.TRIAL.RECORDING.DISPLAY_TEXT (BEGIN) 
1401962.889 DISPLAY_TEXT BLOCK.TRIAL.RECORDING.DISPLAY_TEXT
1412909.154 KEYBOARD_TEXT BLOCK.TRIAL.RECORDING.KEYBOARD_TEXT
1412909.977 SET_SENTENCE_RT BLOCK.TRIAL.RECORDING.SET_SENTENCE_RT
1412910.141 CHECK_QUESTION BLOCK.TRIAL.RECORDING.CHECK_QUESTION_FALSE
1412912.843 DISPLAY_QUESTION BLOCK.TRIAL.RECORDING.DISPLAY_QUESTION (BEGIN) 
1412926.349 DISPLAY_QUESTION BLOCK.TRIAL.RECORDING.DISPLAY_QUESTION
1417085.711 KEYBOARD_QUESTION BLOCK.TRIAL.RECORDING.KEYBOARD_QUESTION
1417085.977 CHECK_RESPONSE_BUTTON BLOCK.TRIAL.RECORDING.CHECK_RESPONSE_BUTTON_FALSE
1417086.552 SET_VARS_INCORRECT BLOCK.TRIAL.RECORDING.SET_VARS_INCORRECT
1417088.484 DISPLAY_BLANK BLOCK.TRIAL.RECORDING.DISPLAY_BLANK (BEGIN) 
1417091.803 DISPLAY_BLANK BLOCK.TRIAL.RECORDING.DISPLAY_BLANK
1417092.342 ADD_TO_RESULTS_FILE BLOCK.TRIAL.RECORDING.ADD_TO_RESULTS_FILE
1417179.100 SetValueAction 
1417179.132 SetValueAction 
1417179.160 SetValueAction 
1417179.185 SetValueAction 
1417179.209 SetValueAction 
1417179.234 SetValueAction 
1417179.651 CHECK_NEW_BLOCK BLOCK.TRIAL.CHECK_NEW_BLOCK_TRUE
1417179.980 RESET_VARS BLOCK.TRIAL.RESET_VARS
1417583.369 PREPARE_SEQUENCE BLOCK.TRIAL.PREPARE_SEQUENCE
1419063.781 DRIFT_CORRECT BLOCK.TRIAL.DRIFT_CORRECT
1419177.098 TRACKER_TIME 19 5406685.753
1419177.196 DISPLAY_TEXT BLOCK.TRIAL.RECORDING.DISPLAY_TEXT (BEGIN) 
1419191.211 DISPLAY_TEXT BLOCK.TRIAL.RECORDING.DISPLAY_TEXT
1424216.221 KEYBOARD_TEXT BLOCK.TRIAL.RECORDING.KEYBOARD_TEXT
1424216.726 SET_SENTENCE_RT BLOCK.TRIAL.RECORDING.SET_SENTENCE_RT
1424216.880 CHECK_QUESTION BLOCK.TRIAL.RECORDING.CHECK_QUESTION_TRUE
1424218.907 DISPLAY_BLANK BLOCK.TRIAL.RECORDING.DISPLAY_BLANK (BEGIN) 
1424223.061 DISPLAY_BLANK BLOCK.TRIAL.RECORDING.DISPLAY_BLANK
1424223.619 ADD_TO_RESULTS_FILE BLOCK.TRIAL.RECORDING.ADD_TO_RESULTS_FILE
1424308.126 SetValueAction 
1424308.157 SetValueAction 
1424308.185 SetValueAction 
1424308.210 SetValueAction 
1424308.235 SetValueAction 
1424308.259 SetValueAction 
1424308.712 CHECK_NEW_BLOCK BLOCK.TRIAL.CHECK_NEW_BLOCK_FALSE
1424311.389 NEW_COUNTERBALANCE_BREAK BLOCK.TRIAL.NEW_COUNTERBALANCE_BREAK (BEGIN) 
1424323.078 NEW_COUNTERBALANCE_BREAK BLOCK.TRIAL.NEW_COUNTERBALANCE_BREAK
1655919.976 TRACKER_TIME 20 5643423.694
1655920.078 KEYBOARD[1] BLOCK.TRIAL.KEYBOARD[1]
1713550.374 EL_CAMERA_SETUP BLOCK.TRIAL.EL_CAMERA_SETUP
1713553.144 EXPERIMENT_CONTINUE BLOCK.TRIAL.EXPERIMENT_CONTINUE (BEGIN) 
1713555.580 EXPERIMENT_CONTINUE BLOCK.TRIAL.EXPERIMENT_CONTINUE
1717494.928 TRACKER_TIME 21 5704997.432
1717495.010 KEYBOARD BLOCK.TRIAL.KEYBOARD
1717495.499 RESET_VARS BLOCK.TRIAL.RESET_VARS
1717871.588 PREPARE_SEQUENCE BLOCK.TRIAL.PREPARE_SEQUENCE
1719307.407 DRIFT_CORRECT BLOCK.TRIAL.DRIFT_CORRECT
1719428.139 DISPLAY_TEXT BLOCK.TRIAL.RECORDING.DISPLAY_TEXT (BEGIN) 
1719437.205 DISPLAY_TEXT BLOCK.TRIAL.RECORDING.DISPLAY_TEXT
1720847.598 KEYBOARD_TEXT BLOCK.TRIAL.RECORDING.KEYBOARD_TEXT
1720848.196 SET_SENTENCE_RT BLOCK.TRIAL.RECORDING.SET_SENTENCE_RT
1720848.294 CHECK_QUESTION BLOCK.TRIAL.RECORDING.CHECK_QUESTION_TRUE
1720849.976 DISPLAY_BLANK BLOCK.TRIAL.RECORDING.DISPLAY_BLANK (BEGIN) 
1720853.486 DISPLAY_BLANK BLOCK.TRIAL.RECORDING.DISPLAY_BLANK
1720854.060 ADD_TO_RESULTS_FILE BLOCK.TRIAL.RECORDING.ADD_TO_RESULTS_FILE
1720939.098 SetValueAction 
1720939.130 SetValueAction 
1720939.158 SetValueAction 
1720939.183 SetValueAction 
1720939.208 SetValueAction 
1720939.233 SetValueAction 
1720939.753 CHECK_NEW_BLOCK BLOCK.TRIAL.CHECK_NEW_BLOCK_TRUE
1720940.249 RESET_VARS BLOCK.TRIAL.RESET_VARS
1721358.415 PREPARE_SEQUENCE BLOCK.TRIAL.PREPARE_SEQUENCE
1722804.288 DRIFT_CORRECT BLOCK.TRIAL.DRIFT_CORRECT
1722926.034 DISPLAY_TEXT BLOCK.TRIAL.RECORDING.DISPLAY_TEXT (BEGIN) 
1722950.276 DISPLAY_TEXT BLOCK.TRIAL.RECORDING.DISPLAY_TEXT
1752841.262 KEYBOARD_TEXT BLOCK.TRIAL.RECORDING.KEYBOARD_TEXT
1752841.875 SET_SENTENCE_RT BLOCK.TRIAL.RECORDING.SET_SENTENCE_RT
1752841.997 CHECK_QUESTION BLOCK.TRIAL.RECORDING.CHECK_QUESTION_TRUE
1752845.631 DISPLAY_BLANK BLOCK.TRIAL.RECORDING.DISPLAY_BLANK (BEGIN) 
1752860.839 DISPLAY_BLANK BLOCK.TRIAL.RECORDING.DISPLAY_BLANK
1752861.354 ADD_TO_RESULTS_FILE BLOCK.TRIAL.RECORDING.ADD_TO_RESULTS_FILE
1752948.135 SetValueAction 
1752948.169 SetValueAction 
1752948.197 SetValueAction 
1752948.222 SetValueAction 
1752948.247 SetValueAction 
1752948.272 SetValueAction 
1752948.692 CHECK_NEW_BLOCK BLOCK.TRIAL.CHECK_NEW_BLOCK_TRUE
1752949.051 RESET_VARS BLOCK.TRIAL.RESET_VARS
1753315.351 PREPARE_SEQUENCE BLOCK.TRIAL.PREPARE_SEQUENCE
1754233.064 DRIFT_CORRECT BLOCK.TRIAL.DRIFT_CORRECT
1754349.179 DISPLAY_TEXT BLOCK.TRIAL.RECORDING.DISPLAY_TEXT (BEGIN) 
1754369.955 DISPLAY_TEXT BLOCK.TRIAL.RECORDING.DISPLAY_TEXT
1777351.010 KEYBOARD_TEXT BLOCK.TRIAL.RECORDING.KEYBOARD_TEXT
1777351.724 SET_SENTENCE_RT BLOCK.TRIAL.RECORDING.SET_SENTENCE_RT
1777351.827 CHECK_QUESTION BLOCK.TRIAL.RECORDING.CHECK_QUESTION_TRUE
1777353.801 DISPLAY_BLANK BLOCK.TRIAL.RECORDING.DISPLAY_BLANK (BEGIN) 
1777370.379 DISPLAY_BLANK BLOCK.TRIAL.RECORDING.DISPLAY_BLANK
1777370.956 ADD_TO_RESULTS_FILE BLOCK.TRIAL.RECORDING.ADD_TO_RESULTS_FILE
1777457.122 SetValueAction 
1777457.155 SetValueAction 
1777457.182 SetValueAction 
1777457.207 SetValueAction 
1777457.235 SetValueAction 
1777457.260 SetValueAction 
1777457.645 CHECK_NEW_BLOCK BLOCK.TRIAL.CHECK_NEW_BLOCK_TRUE
1777457.922 RESET_VARS BLOCK.TRIAL.RESET_VARS
1777864.883 TRACKER_TIME 22 5765366.156
1777864.933 PREPARE_SEQUENCE BLOCK.TRIAL.PREPARE_SEQUENCE
1778699.214 DRIFT_CORRECT BLOCK.TRIAL.DRIFT_CORRECT
1778814.121 DISPLAY_TEXT BLOCK.TRIAL.RECORDING.DISPLAY_TEXT (BEGIN) 
1778833.950 DISPLAY_TEXT BLOCK.TRIAL.RECORDING.DISPLAY_TEXT
1800534.114 KEYBOARD_TEXT BLOCK.TRIAL.RECORDING.KEYBOARD_TEXT
1800534.706 SET_SENTENCE_RT BLOCK.TRIAL.RECORDING.SET_SENTENCE_RT
1800534.774 CHECK_QUESTION BLOCK.TRIAL.RECORDING.CHECK_QUESTION_TRUE
1800536.638 DISPLAY_BLANK BLOCK.TRIAL.RECORDING.DISPLAY_BLANK (BEGIN) 
1800546.965 DISPLAY_BLANK BLOCK.TRIAL.RECORDING.DISPLAY_BLANK
1800547.473 ADD_TO_RESULTS_FILE BLOCK.TRIAL.RECORDING.ADD_TO_RESULTS_FILE
1800634.100 SetValueAction 
1800634.151 SetValueAction 
1800634.197 SetValueAction 
1800634.222 SetValueAction 
1800634.248 SetValueAction 
1800634.273 SetValueAction 
1800634.711 CHECK_NEW_BLOCK BLOCK.TRIAL.CHECK_NEW_BLOCK_TRUE
1800635.060 RESET_VARS BLOCK.TRIAL.RESET_VARS
1801065.848 PREPARE_SEQUENCE BLOCK.TRIAL.PREPARE_SEQUENCE
1804151.617 DRIFT_CORRECT BLOCK.TRIAL.DRIFT_CORRECT
1804273.242 DISPLAY_TEXT BLOCK.TRIAL.RECORDING.DISPLAY_TEXT (BEGIN) 
1804301.205 DISPLAY_TEXT BLOCK.TRIAL.RECORDING.DISPLAY_TEXT
1838138.393 TRACKER_TIME 23 5825638.286
1838138.558 KEYBOARD_TEXT BLOCK.TRIAL.RECORDING.KEYBOARD_TEXT
1838139.248 SET_SENTENCE_RT BLOCK.TRIAL.RECORDING.SET_SENTENCE_RT
1838139.468 CHECK_QUESTION BLOCK.TRIAL.RECORDING.CHECK_QUESTION_FALSE
1838142.310 DISPLAY_QUESTION BLOCK.TRIAL.RECORDING.DISPLAY_QUESTION (BEGIN) 
1838152.694 DISPLAY_QUESTION BLOCK.TRIAL.RECORDING.DISPLAY_QUESTION
1842614.465 KEYBOARD_QUESTION BLOCK.TRIAL.RECORDING.KEYBOARD_QUESTION
1842614.744 CHECK_RESPONSE_BUTTON BLOCK.TRIAL.RECORDING.CHECK_RESPONSE_BUTTON_TRUE
1842615.357 SET_VARS_CORRECT BLOCK.TRIAL.RECORDING.SET_VARS_CORRECT
1842619.632 DISPLAY_BLANK BLOCK.TRIAL.RECORDING.DISPLAY_BLANK (BEGIN) 
1842634.749 DISPLAY_BLANK BLOCK.TRIAL.RECORDING.DISPLAY_BLANK
1842635.270 ADD_TO_RESULTS_FILE BLOCK.TRIAL.RECORDING.ADD_TO_RESULTS_FILE
1842722.095 SetValueAction 
1842722.128 SetValueAction 
1842722.155 SetValueAction 
1842722.180 SetValueAction 
1842722.205 SetValueAction 
1842722.232 SetValueAction 
1842722.621 CHECK_NEW_BLOCK BLOCK.TRIAL.CHECK_NEW_BLOCK_TRUE
1842722.898 RESET_VARS BLOCK.TRIAL.RESET_VARS
1843105.032 PREPARE_SEQUENCE BLOCK.TRIAL.PREPARE_SEQUENCE
1844105.572 DRIFT_CORRECT BLOCK.TRIAL.DRIFT_CORRECT
1844220.119 DISPLAY_TEXT BLOCK.TRIAL.RECORDING.DISPLAY_TEXT (BEGIN) 
1844243.759 DISPLAY_TEXT BLOCK.TRIAL.RECORDING.DISPLAY_TEXT
1867794.327 KEYBOARD_TEXT BLOCK.TRIAL.RECORDING.KEYBOARD_TEXT
1867794.811 SET_SENTENCE_RT BLOCK.TRIAL.RECORDING.SET_SENTENCE_RT
1867794.909 CHECK_QUESTION BLOCK.TRIAL.RECORDING.CHECK_QUESTION_TRUE
1867796.910 DISPLAY_BLANK BLOCK.TRIAL.RECORDING.DISPLAY_BLANK (BEGIN) 
1867810.744 DISPLAY_BLANK BLOCK.TRIAL.RECORDING.DISPLAY_BLANK
1867811.341 ADD_TO_RESULTS_FILE BLOCK.TRIAL.RECORDING.ADD_TO_RESULTS_FILE
1867896.099 SetValueAction 
1867896.132 SetValueAction 
1867896.160 SetValueAction 
1867896.184 SetValueAction 
1867896.209 SetValueAction 
1867896.234 SetValueAction 
1867896.646 CHECK_NEW_BLOCK BLOCK.TRIAL.CHECK_NEW_BLOCK_TRUE
1867896.901 RESET_VARS BLOCK.TRIAL.RESET_VARS
1868262.943 PREPARE_SEQUENCE BLOCK.TRIAL.PREPARE_SEQUENCE
1869067.605 DRIFT_CORRECT BLOCK.TRIAL.DRIFT_CORRECT
1869181.886 DISPLAY_TEXT BLOCK.TRIAL.RECORDING.DISPLAY_TEXT (BEGIN) 
1869201.481 DISPLAY_TEXT BLOCK.TRIAL.RECORDING.DISPLAY_TEXT
1888627.714 KEYBOARD_TEXT BLOCK.TRIAL.RECORDING.KEYBOARD_TEXT
1888628.208 SET_SENTENCE_RT BLOCK.TRIAL.RECORDING.SET_SENTENCE_RT
1888628.268 CHECK_QUESTION BLOCK.TRIAL.RECORDING.CHECK_QUESTION_TRUE
1888629.995 DISPLAY_BLANK BLOCK.TRIAL.RECORDING.DISPLAY_BLANK (BEGIN) 
1888638.025 DISPLAY_BLANK BLOCK.TRIAL.RECORDING.DISPLAY_BLANK
1888638.513 ADD_TO_RESULTS_FILE BLOCK.TRIAL.RECORDING.ADD_TO_RESULTS_FILE
1888724.094 SetValueAction 
1888724.124 SetValueAction 
1888724.151 SetValueAction 
1888724.176 SetValueAction 
1888724.201 SetValueAction 
1888724.226 SetValueAction 
1888724.583 CHECK_NEW_BLOCK BLOCK.TRIAL.CHECK_NEW_BLOCK_TRUE
1888724.886 RESET_VARS BLOCK.TRIAL.RESET_VARS
1889150.188 PREPARE_SEQUENCE BLOCK.TRIAL.PREPARE_SEQUENCE
1890142.049 DRIFT_CORRECT BLOCK.TRIAL.DRIFT_CORRECT
1890260.979 DISPLAY_TEXT BLOCK.TRIAL.RECORDING.DISPLAY_TEXT (BEGIN) 
1890289.472 DISPLAY_TEXT BLOCK.TRIAL.RECORDING.DISPLAY_TEXT
1925743.948 TRACKER_TIME 24 5913242.005
1925744.089 KEYBOARD_TEXT BLOCK.TRIAL.RECORDING.KEYBOARD_TEXT
1925744.828 SET_SENTENCE_RT BLOCK.TRIAL.RECORDING.SET_SENTENCE_RT
1925745.117 CHECK_QUESTION BLOCK.TRIAL.RECORDING.CHECK_QUESTION_FALSE
1925748.052 DISPLAY_QUESTION BLOCK.TRIAL.RECORDING.DISPLAY_QUESTION (BEGIN) 
1925760.553 DISPLAY_QUESTION BLOCK.TRIAL.RECORDING.DISPLAY_QUESTION
1930178.946 KEYBOARD_QUESTION BLOCK.TRIAL.RECORDING.KEYBOARD_QUESTION
1930179.315 CHECK_RESPONSE_BUTTON BLOCK.TRIAL.RECORDING.CHECK_RESPONSE_BUTTON_TRUE
1930179.841 SET_VARS_CORRECT BLOCK.TRIAL.RECORDING.SET_VARS_CORRECT
1930181.665 DISPLAY_BLANK BLOCK.TRIAL.RECORDING.DISPLAY_BLANK (BEGIN) 
1930192.618 DISPLAY_BLANK BLOCK.TRIAL.RECORDING.DISPLAY_BLANK
1930193.162 ADD_TO_RESULTS_FILE BLOCK.TRIAL.RECORDING.ADD_TO_RESULTS_FILE
1930280.132 SetValueAction 
1930280.165 SetValueAction 
1930280.192 SetValueAction 
1930280.250 SetValueAction 
1930280.305 SetValueAction 
1930280.331 SetValueAction 
1930280.763 CHECK_NEW_BLOCK BLOCK.TRIAL.CHECK_NEW_BLOCK_TRUE
1930281.107 RESET_VARS BLOCK.TRIAL.RESET_VARS
1930667.917 PREPARE_SEQUENCE BLOCK.TRIAL.PREPARE_SEQUENCE
1931571.246 DRIFT_CORRECT BLOCK.TRIAL.DRIFT_CORRECT
1931686.865 DISPLAY_TEXT BLOCK.TRIAL.RECORDING.DISPLAY_TEXT (BEGIN) 
1931745.965 DISPLAY_TEXT BLOCK.TRIAL.RECORDING.DISPLAY_TEXT
1968781.759 KEYBOARD_TEXT BLOCK.TRIAL.RECORDING.KEYBOARD_TEXT
1968782.310 SET_SENTENCE_RT BLOCK.TRIAL.RECORDING.SET_SENTENCE_RT
1968782.394 CHECK_QUESTION BLOCK.TRIAL.RECORDING.CHECK_QUESTION_TRUE
1968784.329 DISPLAY_BLANK BLOCK.TRIAL.RECORDING.DISPLAY_BLANK (BEGIN) 
1968798.051 DISPLAY_BLANK BLOCK.TRIAL.RECORDING.DISPLAY_BLANK
1968798.618 ADD_TO_RESULTS_FILE BLOCK.TRIAL.RECORDING.ADD_TO_RESULTS_FILE
1968884.098 SetValueAction 
1968884.131 SetValueAction 
1968884.158 SetValueAction 
1968884.183 SetValueAction 
1968884.208 SetValueAction 
1968884.253 SetValueAction 
1968884.676 CHECK_NEW_BLOCK BLOCK.TRIAL.CHECK_NEW_BLOCK_TRUE
1968885.036 RESET_VARS BLOCK.TRIAL.RESET_VARS
1969271.264 PREPARE_SEQUENCE BLOCK.TRIAL.PREPARE_SEQUENCE
1972144.304 DRIFT_CORRECT BLOCK.TRIAL.DRIFT_CORRECT
1972259.054 DISPLAY_TEXT BLOCK.TRIAL.RECORDING.DISPLAY_TEXT (BEGIN) 
1972277.722 DISPLAY_TEXT BLOCK.TRIAL.RECORDING.DISPLAY_TEXT
2000275.883 TRACKER_TIME 25 5987772.401
2000276.007 KEYBOARD_TEXT BLOCK.TRIAL.RECORDING.KEYBOARD_TEXT
2000276.513 SET_SENTENCE_RT BLOCK.TRIAL.RECORDING.SET_SENTENCE_RT
2000276.618 CHECK_QUESTION BLOCK.TRIAL.RECORDING.CHECK_QUESTION_TRUE
2000278.569 DISPLAY_BLANK BLOCK.TRIAL.RECORDING.DISPLAY_BLANK (BEGIN) 
2000288.889 DISPLAY_BLANK BLOCK.TRIAL.RECORDING.DISPLAY_BLANK
2000289.411 ADD_TO_RESULTS_FILE BLOCK.TRIAL.RECORDING.ADD_TO_RESULTS_FILE
2000374.138 SetValueAction 
2000374.171 SetValueAction 
2000374.198 SetValueAction 
2000374.223 SetValueAction 
2000374.248 SetValueAction 
2000374.273 SetValueAction 
2000374.677 CHECK_NEW_BLOCK BLOCK.TRIAL.CHECK_NEW_BLOCK_TRUE
2000375.008 RESET_VARS BLOCK.TRIAL.RESET_VARS
2000737.146 PREPARE_SEQUENCE BLOCK.TRIAL.PREPARE_SEQUENCE
2005324.326 DRIFT_CORRECT BLOCK.TRIAL.DRIFT_CORRECT
2005438.987 DISPLAY_TEXT BLOCK.TRIAL.RECORDING.DISPLAY_TEXT (BEGIN) 
2005457.285 DISPLAY_TEXT BLOCK.TRIAL.RECORDING.DISPLAY_TEXT
2031947.433 KEYBOARD_TEXT BLOCK.TRIAL.RECORDING.KEYBOARD_TEXT
2031948.167 SET_SENTENCE_RT BLOCK.TRIAL.RECORDING.SET_SENTENCE_RT
2031948.303 CHECK_QUESTION BLOCK.TRIAL.RECORDING.CHECK_QUESTION_TRUE
2031950.322 DISPLAY_BLANK BLOCK.TRIAL.RECORDING.DISPLAY_BLANK (BEGIN) 
2031963.014 DISPLAY_BLANK BLOCK.TRIAL.RECORDING.DISPLAY_BLANK
2031963.552 ADD_TO_RESULTS_FILE BLOCK.TRIAL.RECORDING.ADD_TO_RESULTS_FILE
2032050.093 SetValueAction 
2032050.126 SetValueAction 
2032050.153 SetValueAction 
2032050.179 SetValueAction 
2032050.203 SetValueAction 
2032050.228 SetValueAction 
2032050.613 CHECK_NEW_BLOCK BLOCK.TRIAL.CHECK_NEW_BLOCK_TRUE
2032050.910 RESET_VARS BLOCK.TRIAL.RESET_VARS
2032439.064 PREPARE_SEQUENCE BLOCK.TRIAL.PREPARE_SEQUENCE
2033520.583 DRIFT_CORRECT BLOCK.TRIAL.DRIFT_CORRECT
2033635.115 DISPLAY_TEXT BLOCK.TRIAL.RECORDING.DISPLAY_TEXT (BEGIN) 
2033650.546 DISPLAY_TEXT BLOCK.TRIAL.RECORDING.DISPLAY_TEXT
2054370.168 KEYBOARD_TEXT BLOCK.TRIAL.RECORDING.KEYBOARD_TEXT
2054370.683 SET_SENTENCE_RT BLOCK.TRIAL.RECORDING.SET_SENTENCE_RT
2054370.991 CHECK_QUESTION BLOCK.TRIAL.RECORDING.CHECK_QUESTION_TRUE
2054374.631 DISPLAY_BLANK BLOCK.TRIAL.RECORDING.DISPLAY_BLANK (BEGIN) 
2054389.848 DISPLAY_BLANK BLOCK.TRIAL.RECORDING.DISPLAY_BLANK
2054390.351 ADD_TO_RESULTS_FILE BLOCK.TRIAL.RECORDING.ADD_TO_RESULTS_FILE
2054475.095 SetValueAction 
2054475.128 SetValueAction 
2054475.155 SetValueAction 
2054475.180 SetValueAction 
2054475.205 SetValueAction 
2054475.230 SetValueAction 
2054475.614 CHECK_NEW_BLOCK BLOCK.TRIAL.CHECK_NEW_BLOCK_TRUE
2054475.901 RESET_VARS BLOCK.TRIAL.RESET_VARS
2054857.144 PREPARE_SEQUENCE BLOCK.TRIAL.PREPARE_SEQUENCE
2056249.247 DRIFT_CORRECT BLOCK.TRIAL.DRIFT_CORRECT
2056369.930 DISPLAY_TEXT BLOCK.TRIAL.RECORDING.DISPLAY_TEXT (BEGIN) 
2056390.583 DISPLAY_TEXT BLOCK.TRIAL.RECORDING.DISPLAY_TEXT
2082934.141 TRACKER_TIME 26 6070428.907
2082934.265 KEYBOARD_TEXT BLOCK.TRIAL.RECORDING.KEYBOARD_TEXT
2082934.746 SET_SENTENCE_RT BLOCK.TRIAL.RECORDING.SET_SENTENCE_RT
2082935.057 CHECK_QUESTION BLOCK.TRIAL.RECORDING.CHECK_QUESTION_TRUE
2082936.820 DISPLAY_BLANK BLOCK.TRIAL.RECORDING.DISPLAY_BLANK (BEGIN) 
2082948.196 DISPLAY_BLANK BLOCK.TRIAL.RECORDING.DISPLAY_BLANK
2082948.704 ADD_TO_RESULTS_FILE BLOCK.TRIAL.RECORDING.ADD_TO_RESULTS_FILE
2083035.101 SetValueAction 
2083035.135 SetValueAction 
2083035.164 SetValueAction 
2083035.190 SetValueAction 
2083035.215 SetValueAction 
2083035.241 SetValueAction 
2083035.566 CHECK_NEW_BLOCK BLOCK.TRIAL.CHECK_NEW_BLOCK_TRUE
2083035.899 RESET_VARS BLOCK.TRIAL.RESET_VARS
2083479.477 PREPARE_SEQUENCE BLOCK.TRIAL.PREPARE_SEQUENCE
2086943.614 DRIFT_CORRECT BLOCK.TRIAL.DRIFT_CORRECT
2087058.148 DISPLAY_TEXT BLOCK.TRIAL.RECORDING.DISPLAY_TEXT (BEGIN) 
2087080.443 DISPLAY_TEXT BLOCK.TRIAL.RECORDING.DISPLAY_TEXT
2114240.267 KEYBOARD_TEXT BLOCK.TRIAL.RECORDING.KEYBOARD_TEXT
2114240.885 SET_SENTENCE_RT BLOCK.TRIAL.RECORDING.SET_SENTENCE_RT
2114240.951 CHECK_QUESTION BLOCK.TRIAL.RECORDING.CHECK_QUESTION_TRUE
2114242.795 DISPLAY_BLANK BLOCK.TRIAL.RECORDING.DISPLAY_BLANK (BEGIN) 
2114255.764 DISPLAY_BLANK BLOCK.TRIAL.RECORDING.DISPLAY_BLANK
2114256.357 ADD_TO_RESULTS_FILE BLOCK.TRIAL.RECORDING.ADD_TO_RESULTS_FILE
2114341.097 SetValueAction 
2114341.129 SetValueAction 
2114341.157 SetValueAction 
2114341.182 SetValueAction 
2114341.207 SetValueAction 
2114341.234 SetValueAction 
2114341.699 CHECK_NEW_BLOCK BLOCK.TRIAL.CHECK_NEW_BLOCK_TRUE
2114342.047 RESET_VARS BLOCK.TRIAL.RESET_VARS
2114733.271 PREPARE_SEQUENCE BLOCK.TRIAL.PREPARE_SEQUENCE
2116020.146 DRIFT_CORRECT BLOCK.TRIAL.DRIFT_CORRECT
2116135.340 DISPLAY_TEXT BLOCK.TRIAL.RECORDING.DISPLAY_TEXT (BEGIN) 
2116154.872 DISPLAY_TEXT BLOCK.TRIAL.RECORDING.DISPLAY_TEXT
2143763.938 TRACKER_TIME 27 6131257.453
2143764.047 KEYBOARD_TEXT BLOCK.TRIAL.RECORDING.KEYBOARD_TEXT
2143764.708 SET_SENTENCE_RT BLOCK.TRIAL.RECORDING.SET_SENTENCE_RT
2143764.894 CHECK_QUESTION BLOCK.TRIAL.RECORDING.CHECK_QUESTION_TRUE
2143766.820 DISPLAY_BLANK BLOCK.TRIAL.RECORDING.DISPLAY_BLANK (BEGIN) 
2143780.504 DISPLAY_BLANK BLOCK.TRIAL.RECORDING.DISPLAY_BLANK
2143781.033 ADD_TO_RESULTS_FILE BLOCK.TRIAL.RECORDING.ADD_TO_RESULTS_FILE
2143866.095 SetValueAction 
2143866.127 SetValueAction 
2143866.154 SetValueAction 
2143866.179 SetValueAction 
2143866.204 SetValueAction 
2143866.229 SetValueAction 
2143866.652 CHECK_NEW_BLOCK BLOCK.TRIAL.CHECK_NEW_BLOCK_TRUE
2143866.896 RESET_VARS BLOCK.TRIAL.RESET_VARS
2144269.219 PREPARE_SEQUENCE BLOCK.TRIAL.PREPARE_SEQUENCE
2145524.967 DRIFT_CORRECT BLOCK.TRIAL.DRIFT_CORRECT
2145642.051 DISPLAY_TEXT BLOCK.TRIAL.RECORDING.DISPLAY_TEXT (BEGIN) 
2145664.336 DISPLAY_TEXT BLOCK.TRIAL.RECORDING.DISPLAY_TEXT
2173015.651 KEYBOARD_TEXT BLOCK.TRIAL.RECORDING.KEYBOARD_TEXT
2173016.229 SET_SENTENCE_RT BLOCK.TRIAL.RECORDING.SET_SENTENCE_RT
2173016.332 CHECK_QUESTION BLOCK.TRIAL.RECORDING.CHECK_QUESTION_TRUE
2173018.107 DISPLAY_BLANK BLOCK.TRIAL.RECORDING.DISPLAY_BLANK (BEGIN) 
2173021.980 DISPLAY_BLANK BLOCK.TRIAL.RECORDING.DISPLAY_BLANK
2173022.506 ADD_TO_RESULTS_FILE BLOCK.TRIAL.RECORDING.ADD_TO_RESULTS_FILE
2173108.129 SetValueAction 
2173108.166 SetValueAction 
2173108.196 SetValueAction 
2173108.222 SetValueAction 
2173108.249 SetValueAction 
2173108.276 SetValueAction 
2173108.704 CHECK_NEW_BLOCK BLOCK.TRIAL.CHECK_NEW_BLOCK_TRUE
2173109.070 RESET_VARS BLOCK.TRIAL.RESET_VARS
2173622.982 PREPARE_SEQUENCE BLOCK.TRIAL.PREPARE_SEQUENCE
2174694.439 DRIFT_CORRECT BLOCK.TRIAL.DRIFT_CORRECT
2174811.120 DISPLAY_TEXT BLOCK.TRIAL.RECORDING.DISPLAY_TEXT (BEGIN) 
2174821.463 DISPLAY_TEXT BLOCK.TRIAL.RECORDING.DISPLAY_TEXT
2176132.484 KEYBOARD_TEXT BLOCK.TRIAL.RECORDING.KEYBOARD_TEXT
2176133.072 SET_SENTENCE_RT BLOCK.TRIAL.RECORDING.SET_SENTENCE_RT
2176133.141 CHECK_QUESTION BLOCK.TRIAL.RECORDING.CHECK_QUESTION_TRUE
2176134.900 DISPLAY_BLANK BLOCK.TRIAL.RECORDING.DISPLAY_BLANK (BEGIN) 
2176137.743 DISPLAY_BLANK BLOCK.TRIAL.RECORDING.DISPLAY_BLANK
2176138.282 ADD_TO_RESULTS_FILE BLOCK.TRIAL.RECORDING.ADD_TO_RESULTS_FILE
2176225.185 SetValueAction 
2176225.264 SetValueAction 
2176225.334 SetValueAction 
2176225.405 SetValueAction 
2176225.475 SetValueAction 
2176225.544 SetValueAction 
2176226.245 CHECK_NEW_BLOCK BLOCK.TRIAL.CHECK_NEW_BLOCK_TRUE
2176226.837 RESET_VARS BLOCK.TRIAL.RESET_VARS
2176580.985 PREPARE_SEQUENCE BLOCK.TRIAL.PREPARE_SEQUENCE
2177872.160 DRIFT_CORRECT BLOCK.TRIAL.DRIFT_CORRECT
2177993.833 DISPLAY_TEXT BLOCK.TRIAL.RECORDING.DISPLAY_TEXT (BEGIN) 
2178003.875 DISPLAY_TEXT BLOCK.TRIAL.RECORDING.DISPLAY_TEXT
2179162.732 KEYBOARD_TEXT BLOCK.TRIAL.RECORDING.KEYBOARD_TEXT
2179163.326 SET_SENTENCE_RT BLOCK.TRIAL.RECORDING.SET_SENTENCE_RT
2179163.410 CHECK_QUESTION BLOCK.TRIAL.RECORDING.CHECK_QUESTION_TRUE
2179165.178 DISPLAY_BLANK BLOCK.TRIAL.RECORDING.DISPLAY_BLANK (BEGIN) 
2179170.181 DISPLAY_BLANK BLOCK.TRIAL.RECORDING.DISPLAY_BLANK
2179170.663 ADD_TO_RESULTS_FILE BLOCK.TRIAL.RECORDING.ADD_TO_RESULTS_FILE
2179257.098 SetValueAction 
2179257.131 SetValueAction 
2179257.158 SetValueAction 
2179257.184 SetValueAction 
2179257.208 SetValueAction 
2179257.233 SetValueAction 
2179257.640 CHECK_NEW_BLOCK BLOCK.TRIAL.CHECK_NEW_BLOCK_TRUE
2179257.963 RESET_VARS BLOCK.TRIAL.RESET_VARS
2179626.698 PREPARE_SEQUENCE BLOCK.TRIAL.PREPARE_SEQUENCE
2180883.246 DRIFT_CORRECT BLOCK.TRIAL.DRIFT_CORRECT
2180997.983 DISPLAY_TEXT BLOCK.TRIAL.RECORDING.DISPLAY_TEXT (BEGIN) 
2181012.967 DISPLAY_TEXT BLOCK.TRIAL.RECORDING.DISPLAY_TEXT
2195278.144 KEYBOARD_TEXT BLOCK.TRIAL.RECORDING.KEYBOARD_TEXT
2195278.644 SET_SENTENCE_RT BLOCK.TRIAL.RECORDING.SET_SENTENCE_RT
2195278.848 CHECK_QUESTION BLOCK.TRIAL.RECORDING.CHECK_QUESTION_TRUE
2195283.632 DISPLAY_BLANK BLOCK.TRIAL.RECORDING.DISPLAY_BLANK (BEGIN) 
2195298.870 DISPLAY_BLANK BLOCK.TRIAL.RECORDING.DISPLAY_BLANK
2195299.410 ADD_TO_RESULTS_FILE BLOCK.TRIAL.RECORDING.ADD_TO_RESULTS_FILE
2195384.138 SetValueAction 
2195384.171 SetValueAction 
2195384.199 SetValueAction 
2195384.224 SetValueAction 
2195384.250 SetValueAction 
2195384.275 SetValueAction 
2195384.704 CHECK_NEW_BLOCK BLOCK.TRIAL.CHECK_NEW_BLOCK_TRUE
2195385.020 RESET_VARS BLOCK.TRIAL.RESET_VARS
2195797.664 PREPARE_SEQUENCE BLOCK.TRIAL.PREPARE_SEQUENCE
2196740.894 DRIFT_CORRECT BLOCK.TRIAL.DRIFT_CORRECT
2196855.060 DISPLAY_TEXT BLOCK.TRIAL.RECORDING.DISPLAY_TEXT (BEGIN) 
2196884.450 DISPLAY_TEXT BLOCK.TRIAL.RECORDING.DISPLAY_TEXT
2231193.398 TRACKER_TIME 28 6218685.027
2231193.548 KEYBOARD_TEXT BLOCK.TRIAL.RECORDING.KEYBOARD_TEXT
2231194.094 SET_SENTENCE_RT BLOCK.TRIAL.RECORDING.SET_SENTENCE_RT
2231194.152 CHECK_QUESTION BLOCK.TRIAL.RECORDING.CHECK_QUESTION_TRUE
2231196.188 DISPLAY_BLANK BLOCK.TRIAL.RECORDING.DISPLAY_BLANK (BEGIN) 
2231205.062 DISPLAY_BLANK BLOCK.TRIAL.RECORDING.DISPLAY_BLANK
2231205.601 ADD_TO_RESULTS_FILE BLOCK.TRIAL.RECORDING.ADD_TO_RESULTS_FILE
2231292.098 SetValueAction 
2231292.129 SetValueAction 
2231292.156 SetValueAction 
2231292.181 SetValueAction 
2231292.206 SetValueAction 
2231292.231 SetValueAction 
2231292.664 CHECK_NEW_BLOCK BLOCK.TRIAL.CHECK_NEW_BLOCK_TRUE
2231292.996 RESET_VARS BLOCK.TRIAL.RESET_VARS
2231703.646 PREPARE_SEQUENCE BLOCK.TRIAL.PREPARE_SEQUENCE
2232568.902 DRIFT_CORRECT BLOCK.TRIAL.DRIFT_CORRECT
2232689.644 DISPLAY_TEXT BLOCK.TRIAL.RECORDING.DISPLAY_TEXT (BEGIN) 
2232707.016 DISPLAY_TEXT BLOCK.TRIAL.RECORDING.DISPLAY_TEXT
2251056.859 KEYBOARD_TEXT BLOCK.TRIAL.RECORDING.KEYBOARD_TEXT
2251057.386 SET_SENTENCE_RT BLOCK.TRIAL.RECORDING.SET_SENTENCE_RT
2251057.581 CHECK_QUESTION BLOCK.TRIAL.RECORDING.CHECK_QUESTION_FALSE
2251060.358 DISPLAY_QUESTION BLOCK.TRIAL.RECORDING.DISPLAY_QUESTION (BEGIN) 
2251065.953 DISPLAY_QUESTION BLOCK.TRIAL.RECORDING.DISPLAY_QUESTION
2256371.314 KEYBOARD_QUESTION BLOCK.TRIAL.RECORDING.KEYBOARD_QUESTION
2256371.605 CHECK_RESPONSE_BUTTON BLOCK.TRIAL.RECORDING.CHECK_RESPONSE_BUTTON_TRUE
2256372.117 SET_VARS_CORRECT BLOCK.TRIAL.RECORDING.SET_VARS_CORRECT
2256373.825 DISPLAY_BLANK BLOCK.TRIAL.RECORDING.DISPLAY_BLANK (BEGIN) 
2256381.075 DISPLAY_BLANK BLOCK.TRIAL.RECORDING.DISPLAY_BLANK
2256381.626 ADD_TO_RESULTS_FILE BLOCK.TRIAL.RECORDING.ADD_TO_RESULTS_FILE
2256466.133 SetValueAction 
2256466.165 SetValueAction 
2256466.192 SetValueAction 
2256466.217 SetValueAction 
2256466.242 SetValueAction 
2256466.267 SetValueAction 
2256466.679 CHECK_NEW_BLOCK BLOCK.TRIAL.CHECK_NEW_BLOCK_TRUE
2256467.030 RESET_VARS BLOCK.TRIAL.RESET_VARS
2256862.028 PREPARE_SEQUENCE BLOCK.TRIAL.PREPARE_SEQUENCE
2258178.630 DRIFT_CORRECT BLOCK.TRIAL.DRIFT_CORRECT
2258294.865 DISPLAY_TEXT BLOCK.TRIAL.RECORDING.DISPLAY_TEXT (BEGIN) 
2258314.610 DISPLAY_TEXT BLOCK.TRIAL.RECORDING.DISPLAY_TEXT
2280028.743 KEYBOARD_TEXT BLOCK.TRIAL.RECORDING.KEYBOARD_TEXT
2280029.424 SET_SENTENCE_RT BLOCK.TRIAL.RECORDING.SET_SENTENCE_RT
2280029.521 CHECK_QUESTION BLOCK.TRIAL.RECORDING.CHECK_QUESTION_TRUE
2280031.530 DISPLAY_BLANK BLOCK.TRIAL.RECORDING.DISPLAY_BLANK (BEGIN) 
2280040.861 DISPLAY_BLANK BLOCK.TRIAL.RECORDING.DISPLAY_BLANK
2280041.378 ADD_TO_RESULTS_FILE BLOCK.TRIAL.RECORDING.ADD_TO_RESULTS_FILE
2280128.111 SetValueAction 
2280128.142 SetValueAction 
2280128.170 SetValueAction 
2280128.195 SetValueAction 
2280128.220 SetValueAction 
2280128.244 SetValueAction 
2280128.652 CHECK_NEW_BLOCK BLOCK.TRIAL.CHECK_NEW_BLOCK_TRUE
2280128.909 RESET_VARS BLOCK.TRIAL.RESET_VARS
2280530.603 PREPARE_SEQUENCE BLOCK.TRIAL.PREPARE_SEQUENCE
2281378.832 DRIFT_CORRECT BLOCK.TRIAL.DRIFT_CORRECT
2281494.017 DISPLAY_TEXT BLOCK.TRIAL.RECORDING.DISPLAY_TEXT (BEGIN) 
2281519.629 DISPLAY_TEXT BLOCK.TRIAL.RECORDING.DISPLAY_TEXT
2310966.316 TRACKER_TIME 29 6298456.319
2310966.412 KEYBOARD_TEXT BLOCK.TRIAL.RECORDING.KEYBOARD_TEXT
2310966.977 SET_SENTENCE_RT BLOCK.TRIAL.RECORDING.SET_SENTENCE_RT
2310967.186 CHECK_QUESTION BLOCK.TRIAL.RECORDING.CHECK_QUESTION_FALSE
2310969.876 DISPLAY_QUESTION BLOCK.TRIAL.RECORDING.DISPLAY_QUESTION (BEGIN) 
2310981.882 DISPLAY_QUESTION BLOCK.TRIAL.RECORDING.DISPLAY_QUESTION
2314000.430 KEYBOARD_QUESTION BLOCK.TRIAL.RECORDING.KEYBOARD_QUESTION
2314000.698 CHECK_RESPONSE_BUTTON BLOCK.TRIAL.RECORDING.CHECK_RESPONSE_BUTTON_TRUE
2314001.263 SET_VARS_CORRECT BLOCK.TRIAL.RECORDING.SET_VARS_CORRECT
2314003.220 DISPLAY_BLANK BLOCK.TRIAL.RECORDING.DISPLAY_BLANK (BEGIN) 
2314014.343 DISPLAY_BLANK BLOCK.TRIAL.RECORDING.DISPLAY_BLANK
2314014.881 ADD_TO_RESULTS_FILE BLOCK.TRIAL.RECORDING.ADD_TO_RESULTS_FILE
2314099.103 SetValueAction 
2314099.137 SetValueAction 
2314099.163 SetValueAction 
2314099.189 SetValueAction 
2314099.213 SetValueAction 
2314099.238 SetValueAction 
2314099.653 CHECK_NEW_BLOCK BLOCK.TRIAL.CHECK_NEW_BLOCK_TRUE
2314099.929 RESET_VARS BLOCK.TRIAL.RESET_VARS
2314483.666 PREPARE_SEQUENCE BLOCK.TRIAL.PREPARE_SEQUENCE
2316877.977 DRIFT_CORRECT BLOCK.TRIAL.DRIFT_CORRECT
2316998.635 DISPLAY_TEXT BLOCK.TRIAL.RECORDING.DISPLAY_TEXT (BEGIN) 
2317023.371 DISPLAY_TEXT BLOCK.TRIAL.RECORDING.DISPLAY_TEXT
2346423.509 KEYBOARD_TEXT BLOCK.TRIAL.RECORDING.KEYBOARD_TEXT
2346424.120 SET_SENTENCE_RT BLOCK.TRIAL.RECORDING.SET_SENTENCE_RT
2346424.338 CHECK_QUESTION BLOCK.TRIAL.RECORDING.CHECK_QUESTION_TRUE
2346426.335 DISPLAY_BLANK BLOCK.TRIAL.RECORDING.DISPLAY_BLANK (BEGIN) 
2346438.234 DISPLAY_BLANK BLOCK.TRIAL.RECORDING.DISPLAY_BLANK
2346438.749 ADD_TO_RESULTS_FILE BLOCK.TRIAL.RECORDING.ADD_TO_RESULTS_FILE
2346523.096 SetValueAction 
2346523.128 SetValueAction 
2346523.156 SetValueAction 
2346523.181 SetValueAction 
2346523.207 SetValueAction 
2346523.231 SetValueAction 
2346523.614 CHECK_NEW_BLOCK BLOCK.TRIAL.CHECK_NEW_BLOCK_TRUE
2346523.861 RESET_VARS BLOCK.TRIAL.RESET_VARS
2346898.311 PREPARE_SEQUENCE BLOCK.TRIAL.PREPARE_SEQUENCE
2347956.011 DRIFT_CORRECT BLOCK.TRIAL.DRIFT_CORRECT
2348398.094 DISPLAY_TEXT BLOCK.TRIAL.RECORDING.DISPLAY_TEXT (BEGIN) 
2348414.105 DISPLAY_TEXT BLOCK.TRIAL.RECORDING.DISPLAY_TEXT
2363643.506 KEYBOARD_TEXT BLOCK.TRIAL.RECORDING.KEYBOARD_TEXT
2363644.236 SET_SENTENCE_RT BLOCK.TRIAL.RECORDING.SET_SENTENCE_RT
2363644.366 CHECK_QUESTION BLOCK.TRIAL.RECORDING.CHECK_QUESTION_TRUE
2363646.534 DISPLAY_BLANK BLOCK.TRIAL.RECORDING.DISPLAY_BLANK (BEGIN) 
2363649.884 DISPLAY_BLANK BLOCK.TRIAL.RECORDING.DISPLAY_BLANK
2363650.364 ADD_TO_RESULTS_FILE BLOCK.TRIAL.RECORDING.ADD_TO_RESULTS_FILE
2363737.093 SetValueAction 
2363737.125 SetValueAction 
2363737.152 SetValueAction 
2363737.177 SetValueAction 
2363737.202 SetValueAction 
2363737.227 SetValueAction 
2363737.634 CHECK_NEW_BLOCK BLOCK.TRIAL.CHECK_NEW_BLOCK_TRUE
2363737.944 RESET_VARS BLOCK.TRIAL.RESET_VARS
2364136.720 PREPARE_SEQUENCE BLOCK.TRIAL.PREPARE_SEQUENCE
2365163.135 DRIFT_CORRECT BLOCK.TRIAL.DRIFT_CORRECT
2365284.629 DISPLAY_TEXT BLOCK.TRIAL.RECORDING.DISPLAY_TEXT (BEGIN) 
2365300.368 DISPLAY_TEXT BLOCK.TRIAL.RECORDING.DISPLAY_TEXT
2383056.238 TRACKER_TIME 30 6370544.711
2383056.351 KEYBOARD_TEXT BLOCK.TRIAL.RECORDING.KEYBOARD_TEXT
2383056.785 SET_SENTENCE_RT BLOCK.TRIAL.RECORDING.SET_SENTENCE_RT
2383056.884 CHECK_QUESTION BLOCK.TRIAL.RECORDING.CHECK_QUESTION_TRUE
2383058.709 DISPLAY_BLANK BLOCK.TRIAL.RECORDING.DISPLAY_BLANK (BEGIN) 
2383060.912 DISPLAY_BLANK BLOCK.TRIAL.RECORDING.DISPLAY_BLANK
2383061.387 ADD_TO_RESULTS_FILE BLOCK.TRIAL.RECORDING.ADD_TO_RESULTS_FILE
2383146.099 SetValueAction 
2383146.132 SetValueAction 
2383146.160 SetValueAction 
2383146.184 SetValueAction 
2383146.210 SetValueAction 
2383146.254 SetValueAction 
2383146.640 CHECK_NEW_BLOCK BLOCK.TRIAL.CHECK_NEW_BLOCK_TRUE
2383146.964 RESET_VARS BLOCK.TRIAL.RESET_VARS
2383516.040 PREPARE_SEQUENCE BLOCK.TRIAL.PREPARE_SEQUENCE
2384778.009 DRIFT_CORRECT BLOCK.TRIAL.DRIFT_CORRECT
2384899.741 DISPLAY_TEXT BLOCK.TRIAL.RECORDING.DISPLAY_TEXT (BEGIN) 
2384917.289 DISPLAY_TEXT BLOCK.TRIAL.RECORDING.DISPLAY_TEXT
2405765.816 KEYBOARD_TEXT BLOCK.TRIAL.RECORDING.KEYBOARD_TEXT
2405766.354 SET_SENTENCE_RT BLOCK.TRIAL.RECORDING.SET_SENTENCE_RT
2405766.420 CHECK_QUESTION BLOCK.TRIAL.RECORDING.CHECK_QUESTION_TRUE
2405768.479 DISPLAY_BLANK BLOCK.TRIAL.RECORDING.DISPLAY_BLANK (BEGIN) 
2405770.965 DISPLAY_BLANK BLOCK.TRIAL.RECORDING.DISPLAY_BLANK
2405771.468 ADD_TO_RESULTS_FILE BLOCK.TRIAL.RECORDING.ADD_TO_RESULTS_FILE
2405857.131 SetValueAction 
2405857.163 SetValueAction 
2405857.190 SetValueAction 
2405857.215 SetValueAction 
2405857.240 SetValueAction 
2405857.264 SetValueAction 
2405857.698 CHECK_NEW_BLOCK BLOCK.TRIAL.CHECK_NEW_BLOCK_TRUE
2405858.030 RESET_VARS BLOCK.TRIAL.RESET_VARS
2406248.421 PREPARE_SEQUENCE BLOCK.TRIAL.PREPARE_SEQUENCE
2407064.792 DRIFT_CORRECT BLOCK.TRIAL.DRIFT_CORRECT
2407179.084 DISPLAY_TEXT BLOCK.TRIAL.RECORDING.DISPLAY_TEXT (BEGIN) 
2407196.473 DISPLAY_TEXT BLOCK.TRIAL.RECORDING.DISPLAY_TEXT
2425564.339 KEYBOARD_TEXT BLOCK.TRIAL.RECORDING.KEYBOARD_TEXT
2425564.944 SET_SENTENCE_RT BLOCK.TRIAL.RECORDING.SET_SENTENCE_RT
2425565.194 CHECK_QUESTION BLOCK.TRIAL.RECORDING.CHECK_QUESTION_FALSE
2425567.893 DISPLAY_QUESTION BLOCK.TRIAL.RECORDING.DISPLAY_QUESTION (BEGIN) 
2425581.880 DISPLAY_QUESTION BLOCK.TRIAL.RECORDING.DISPLAY_QUESTION
2428710.253 KEYBOARD_QUESTION BLOCK.TRIAL.RECORDING.KEYBOARD_QUESTION
2428710.531 CHECK_RESPONSE_BUTTON BLOCK.TRIAL.RECORDING.CHECK_RESPONSE_BUTTON_TRUE
2428711.101 SET_VARS_CORRECT BLOCK.TRIAL.RECORDING.SET_VARS_CORRECT
2428715.634 DISPLAY_BLANK BLOCK.TRIAL.RECORDING.DISPLAY_BLANK (BEGIN) 
2428730.978 DISPLAY_BLANK BLOCK.TRIAL.RECORDING.DISPLAY_BLANK
2428731.540 ADD_TO_RESULTS_FILE BLOCK.TRIAL.RECORDING.ADD_TO_RESULTS_FILE
2428816.103 SetValueAction 
2428816.136 SetValueAction 
2428816.163 SetValueAction 
2428816.195 SetValueAction 
2428816.220 SetValueAction 
2428816.244 SetValueAction 
2428816.663 CHECK_NEW_BLOCK BLOCK.TRIAL.CHECK_NEW_BLOCK_TRUE
2428817.001 RESET_VARS BLOCK.TRIAL.RESET_VARS
2429193.919 PREPARE_SEQUENCE BLOCK.TRIAL.PREPARE_SEQUENCE
2431326.776 DRIFT_CORRECT BLOCK.TRIAL.DRIFT_CORRECT
2431440.998 DISPLAY_TEXT BLOCK.TRIAL.RECORDING.DISPLAY_TEXT (BEGIN) 
2431461.757 DISPLAY_TEXT BLOCK.TRIAL.RECORDING.DISPLAY_TEXT
2449148.625 TRACKER_TIME 31 6436635.741
2449148.734 KEYBOARD_TEXT BLOCK.TRIAL.RECORDING.KEYBOARD_TEXT
2449149.423 SET_SENTENCE_RT BLOCK.TRIAL.RECORDING.SET_SENTENCE_RT
2449149.693 CHECK_QUESTION BLOCK.TRIAL.RECORDING.CHECK_QUESTION_TRUE
2449151.823 DISPLAY_BLANK BLOCK.TRIAL.RECORDING.DISPLAY_BLANK (BEGIN) 
2449158.357 DISPLAY_BLANK BLOCK.TRIAL.RECORDING.DISPLAY_BLANK
2449158.831 ADD_TO_RESULTS_FILE BLOCK.TRIAL.RECORDING.ADD_TO_RESULTS_FILE
2449244.121 SetValueAction 
2449244.155 SetValueAction 
2449244.185 SetValueAction 
2449244.210 SetValueAction 
2449244.235 SetValueAction 
2449244.299 SetValueAction 
2449244.761 CHECK_NEW_BLOCK BLOCK.TRIAL.CHECK_NEW_BLOCK_TRUE
2449245.078 RESET_VARS BLOCK.TRIAL.RESET_VARS
2449620.648 PREPARE_SEQUENCE BLOCK.TRIAL.PREPARE_SEQUENCE
2450639.144 DRIFT_CORRECT BLOCK.TRIAL.DRIFT_CORRECT
2450754.864 DISPLAY_TEXT BLOCK.TRIAL.RECORDING.DISPLAY_TEXT (BEGIN) 
2450768.532 DISPLAY_TEXT BLOCK.TRIAL.RECORDING.DISPLAY_TEXT
2461008.013 KEYBOARD_TEXT BLOCK.TRIAL.RECORDING.KEYBOARD_TEXT
2461008.633 SET_SENTENCE_RT BLOCK.TRIAL.RECORDING.SET_SENTENCE_RT
2461008.859 CHECK_QUESTION BLOCK.TRIAL.RECORDING.CHECK_QUESTION_TRUE
2461010.662 DISPLAY_BLANK BLOCK.TRIAL.RECORDING.DISPLAY_BLANK (BEGIN) 
2461021.602 DISPLAY_BLANK BLOCK.TRIAL.RECORDING.DISPLAY_BLANK
2461022.131 ADD_TO_RESULTS_FILE BLOCK.TRIAL.RECORDING.ADD_TO_RESULTS_FILE
2461109.157 SetValueAction 
2461109.190 SetValueAction 
2461109.217 SetValueAction 
2461109.242 SetValueAction 
2461109.267 SetValueAction 
2461109.291 SetValueAction 
2461109.676 CHECK_NEW_BLOCK BLOCK.TRIAL.CHECK_NEW_BLOCK_TRUE
2461109.970 RESET_VARS BLOCK.TRIAL.RESET_VARS
2461495.047 PREPARE_SEQUENCE BLOCK.TRIAL.PREPARE_SEQUENCE
2462445.646 DRIFT_CORRECT BLOCK.TRIAL.DRIFT_CORRECT
2462568.868 DISPLAY_TEXT BLOCK.TRIAL.RECORDING.DISPLAY_TEXT (BEGIN) 
2462589.187 DISPLAY_TEXT BLOCK.TRIAL.RECORDING.DISPLAY_TEXT
2479543.157 KEYBOARD_TEXT BLOCK.TRIAL.RECORDING.KEYBOARD_TEXT
2479543.732 SET_SENTENCE_RT BLOCK.TRIAL.RECORDING.SET_SENTENCE_RT
2479543.816 CHECK_QUESTION BLOCK.TRIAL.RECORDING.CHECK_QUESTION_TRUE
2479545.705 DISPLAY_BLANK BLOCK.TRIAL.RECORDING.DISPLAY_BLANK (BEGIN) 
2479549.519 DISPLAY_BLANK BLOCK.TRIAL.RECORDING.DISPLAY_BLANK
2479550.071 ADD_TO_RESULTS_FILE BLOCK.TRIAL.RECORDING.ADD_TO_RESULTS_FILE
2479635.096 SetValueAction 
2479635.128 SetValueAction 
2479635.156 SetValueAction 
2479635.184 SetValueAction 
2479635.208 SetValueAction 
2479635.233 SetValueAction 
2479635.650 CHECK_NEW_BLOCK BLOCK.TRIAL.CHECK_NEW_BLOCK_TRUE
2479635.943 RESET_VARS BLOCK.TRIAL.RESET_VARS
2480023.114 PREPARE_SEQUENCE BLOCK.TRIAL.PREPARE_SEQUENCE
2480977.664 DRIFT_CORRECT BLOCK.TRIAL.DRIFT_CORRECT
2481092.010 DISPLAY_TEXT BLOCK.TRIAL.RECORDING.DISPLAY_TEXT (BEGIN) 
2481107.219 DISPLAY_TEXT BLOCK.TRIAL.RECORDING.DISPLAY_TEXT
2492174.508 KEYBOARD_TEXT BLOCK.TRIAL.RECORDING.KEYBOARD_TEXT
2492175.002 SET_SENTENCE_RT BLOCK.TRIAL.RECORDING.SET_SENTENCE_RT
2492175.085 CHECK_QUESTION BLOCK.TRIAL.RECORDING.CHECK_QUESTION_TRUE
2492176.900 DISPLAY_BLANK BLOCK.TRIAL.RECORDING.DISPLAY_BLANK (BEGIN) 
2492179.179 DISPLAY_BLANK BLOCK.TRIAL.RECORDING.DISPLAY_BLANK
2492179.677 ADD_TO_RESULTS_FILE BLOCK.TRIAL.RECORDING.ADD_TO_RESULTS_FILE
2492264.104 SetValueAction 
2492264.160 SetValueAction 
2492264.187 SetValueAction 
2492264.212 SetValueAction 
2492264.237 SetValueAction 
2492264.261 SetValueAction 
2492264.687 CHECK_NEW_BLOCK BLOCK.TRIAL.CHECK_NEW_BLOCK_FALSE
2492267.212 NEW_COUNTERBALANCE_BREAK BLOCK.TRIAL.NEW_COUNTERBALANCE_BREAK (BEGIN) 
2492279.170 NEW_COUNTERBALANCE_BREAK BLOCK.TRIAL.NEW_COUNTERBALANCE_BREAK
2506197.016 KEYBOARD[1] BLOCK.TRIAL.KEYBOARD[1]
el_logger: Quit logger.
******** END OF THE LOG FILE ********
