44658.866 ********************************************************
44659.051 ** Session beginning Monday December 13, 2021 11:20:55 AM **
44659.082 ** ExperimentBuilder Project : P13 **
44659.102 ** ExperimentBuilder Version : 2.3.38 **
44659.119 ** ExperimentBuilder Build   : Jul 30 2020 **
44659.136 ********************************************************
44659.163 TRACKER_TIME 0 2092818.064
46147.262 SETUP_INSTRUCTIONS SETUP_INSTRUCTIONS (BEGIN) 
46160.397 SETUP_INSTRUCTIONS SETUP_INSTRUCTIONS
48159.271 KEYBOARD KEYBOARD
108698.612 TRACKER_TIME 1 2156856.061
108698.823 EL_CAMERA_SETUP EL_CAMERA_SETUP
108944.590 EXPERIMENTAL__FIRST_BLOCK_INSTRUCTIONS BLOCK.EXPERIMENTAL__FIRST_BLOCK_INSTRUCTIONS (BEGIN) 
108958.477 EXPERIMENTAL__FIRST_BLOCK_INSTRUCTIONS BLOCK.EXPERIMENTAL__FIRST_BLOCK_INSTRUCTIONS
220851.102 TRACKER_TIME 2 2269006.243
220851.539 KEYBOARD BLOCK.KEYBOARD
220853.849 SetValueAction 
220854.205 SetValueAction 
220854.519 SetValueAction 
220854.818 SetValueAction 
220855.134 SetValueAction 
220855.432 SetValueAction 
220858.219 CHECK_NEW_BLOCK BLOCK.TRIAL.CHECK_NEW_BLOCK_TRUE
220865.101 RESET_VARS BLOCK.TRIAL.RESET_VARS
223451.955 PREPARE_SEQUENCE BLOCK.TRIAL.PREPARE_SEQUENCE
260421.267 DRIFT_CORRECT BLOCK.TRIAL.DRIFT_CORRECT
260541.788 DISPLAY_TEXT BLOCK.TRIAL.RECORDING.DISPLAY_TEXT (BEGIN) 
260556.208 DISPLAY_TEXT BLOCK.TRIAL.RECORDING.DISPLAY_TEXT
264608.948 KEYBOARD_TEXT BLOCK.TRIAL.RECORDING.KEYBOARD_TEXT
264613.480 SET_SENTENCE_RT BLOCK.TRIAL.RECORDING.SET_SENTENCE_RT
264614.843 CHECK_QUESTION BLOCK.TRIAL.RECORDING.CHECK_QUESTION_TRUE
264622.188 DISPLAY_BLANK BLOCK.TRIAL.RECORDING.DISPLAY_BLANK (BEGIN) 
264629.600 DISPLAY_BLANK BLOCK.TRIAL.RECORDING.DISPLAY_BLANK
264635.299 ADD_TO_RESULTS_FILE BLOCK.TRIAL.RECORDING.ADD_TO_RESULTS_FILE
264724.815 SetValueAction 
264725.181 SetValueAction 
264725.526 SetValueAction 
264725.863 SetValueAction 
264726.183 SetValueAction 
264726.683 SetValueAction 
264744.760 CHECK_NEW_BLOCK BLOCK.TRIAL.CHECK_NEW_BLOCK_TRUE
264750.740 RESET_VARS BLOCK.TRIAL.RESET_VARS
266790.100 PREPARE_SEQUENCE BLOCK.TRIAL.PREPARE_SEQUENCE
270580.749 DRIFT_CORRECT BLOCK.TRIAL.DRIFT_CORRECT
270708.083 DISPLAY_TEXT BLOCK.TRIAL.RECORDING.DISPLAY_TEXT (BEGIN) 
270731.588 DISPLAY_TEXT BLOCK.TRIAL.RECORDING.DISPLAY_TEXT
272380.652 KEYBOARD_TEXT BLOCK.TRIAL.RECORDING.KEYBOARD_TEXT
272383.287 SET_SENTENCE_RT BLOCK.TRIAL.RECORDING.SET_SENTENCE_RT
272383.665 CHECK_QUESTION BLOCK.TRIAL.RECORDING.CHECK_QUESTION_TRUE
272388.614 DISPLAY_BLANK BLOCK.TRIAL.RECORDING.DISPLAY_BLANK (BEGIN) 
272393.985 DISPLAY_BLANK BLOCK.TRIAL.RECORDING.DISPLAY_BLANK
272398.764 ADD_TO_RESULTS_FILE BLOCK.TRIAL.RECORDING.ADD_TO_RESULTS_FILE
272486.536 SetValueAction 
272486.767 SetValueAction 
272486.963 SetValueAction 
272487.147 SetValueAction 
272487.333 SetValueAction 
272487.518 SetValueAction 
272489.405 CHECK_NEW_BLOCK BLOCK.TRIAL.CHECK_NEW_BLOCK_TRUE
272491.015 RESET_VARS BLOCK.TRIAL.RESET_VARS
273776.185 PREPARE_SEQUENCE BLOCK.TRIAL.PREPARE_SEQUENCE
275621.158 DRIFT_CORRECT BLOCK.TRIAL.DRIFT_CORRECT
275751.480 DISPLAY_TEXT BLOCK.TRIAL.RECORDING.DISPLAY_TEXT (BEGIN) 
275873.441 DISPLAY_TEXT BLOCK.TRIAL.RECORDING.DISPLAY_TEXT
283636.619 TRACKER_TIME 3 2331790.344
283636.948 KEYBOARD_TEXT BLOCK.TRIAL.RECORDING.KEYBOARD_TEXT
283639.398 SET_SENTENCE_RT BLOCK.TRIAL.RECORDING.SET_SENTENCE_RT
283639.898 CHECK_QUESTION BLOCK.TRIAL.RECORDING.CHECK_QUESTION_TRUE
283644.920 DISPLAY_BLANK BLOCK.TRIAL.RECORDING.DISPLAY_BLANK (BEGIN) 
283657.437 DISPLAY_BLANK BLOCK.TRIAL.RECORDING.DISPLAY_BLANK
283660.920 ADD_TO_RESULTS_FILE BLOCK.TRIAL.RECORDING.ADD_TO_RESULTS_FILE
283747.530 SetValueAction 
283747.751 SetValueAction 
283747.951 SetValueAction 
283748.139 SetValueAction 
283748.323 SetValueAction 
283748.506 SetValueAction 
283751.849 CHECK_NEW_BLOCK BLOCK.TRIAL.CHECK_NEW_BLOCK_TRUE
283755.306 RESET_VARS BLOCK.TRIAL.RESET_VARS
285123.666 PREPARE_SEQUENCE BLOCK.TRIAL.PREPARE_SEQUENCE
286458.584 DRIFT_CORRECT BLOCK.TRIAL.DRIFT_CORRECT
286579.615 DISPLAY_TEXT BLOCK.TRIAL.RECORDING.DISPLAY_TEXT (BEGIN) 
286685.148 DISPLAY_TEXT BLOCK.TRIAL.RECORDING.DISPLAY_TEXT
297686.612 KEYBOARD_TEXT BLOCK.TRIAL.RECORDING.KEYBOARD_TEXT
297689.703 SET_SENTENCE_RT BLOCK.TRIAL.RECORDING.SET_SENTENCE_RT
297690.161 CHECK_QUESTION BLOCK.TRIAL.RECORDING.CHECK_QUESTION_TRUE
297695.089 DISPLAY_BLANK BLOCK.TRIAL.RECORDING.DISPLAY_BLANK (BEGIN) 
297703.257 DISPLAY_BLANK BLOCK.TRIAL.RECORDING.DISPLAY_BLANK
297706.534 ADD_TO_RESULTS_FILE BLOCK.TRIAL.RECORDING.ADD_TO_RESULTS_FILE
297794.540 SetValueAction 
297794.764 SetValueAction 
297794.964 SetValueAction 
297795.207 SetValueAction 
297795.405 SetValueAction 
297795.589 SetValueAction 
297797.801 CHECK_NEW_BLOCK BLOCK.TRIAL.CHECK_NEW_BLOCK_TRUE
297800.173 RESET_VARS BLOCK.TRIAL.RESET_VARS
299289.824 PREPARE_SEQUENCE BLOCK.TRIAL.PREPARE_SEQUENCE
301663.485 DRIFT_CORRECT BLOCK.TRIAL.DRIFT_CORRECT
301795.906 DISPLAY_TEXT BLOCK.TRIAL.RECORDING.DISPLAY_TEXT (BEGIN) 
301984.199 DISPLAY_TEXT BLOCK.TRIAL.RECORDING.DISPLAY_TEXT
322360.354 KEYBOARD_TEXT BLOCK.TRIAL.RECORDING.KEYBOARD_TEXT
322362.993 SET_SENTENCE_RT BLOCK.TRIAL.RECORDING.SET_SENTENCE_RT
322363.731 CHECK_QUESTION BLOCK.TRIAL.RECORDING.CHECK_QUESTION_FALSE
322370.845 DISPLAY_QUESTION BLOCK.TRIAL.RECORDING.DISPLAY_QUESTION (BEGIN) 
322402.773 DISPLAY_QUESTION BLOCK.TRIAL.RECORDING.DISPLAY_QUESTION
328501.563 KEYBOARD_QUESTION BLOCK.TRIAL.RECORDING.KEYBOARD_QUESTION
328503.043 CHECK_RESPONSE_BUTTON BLOCK.TRIAL.RECORDING.CHECK_RESPONSE_BUTTON_TRUE
328507.022 SET_VARS_CORRECT BLOCK.TRIAL.RECORDING.SET_VARS_CORRECT
328513.153 DISPLAY_BLANK BLOCK.TRIAL.RECORDING.DISPLAY_BLANK (BEGIN) 
328527.782 DISPLAY_BLANK BLOCK.TRIAL.RECORDING.DISPLAY_BLANK
328532.320 ADD_TO_RESULTS_FILE BLOCK.TRIAL.RECORDING.ADD_TO_RESULTS_FILE
328621.104 SetValueAction 
328621.641 SetValueAction 
328622.019 SetValueAction 
328622.370 SetValueAction 
328622.736 SetValueAction 
328623.061 SetValueAction 
328625.986 CHECK_NEW_BLOCK BLOCK.TRIAL.CHECK_NEW_BLOCK_TRUE
328629.582 RESET_VARS BLOCK.TRIAL.RESET_VARS
331162.406 PREPARE_SEQUENCE BLOCK.TRIAL.PREPARE_SEQUENCE
332667.356 DRIFT_CORRECT BLOCK.TRIAL.DRIFT_CORRECT
332927.902 DISPLAY_TEXT BLOCK.TRIAL.RECORDING.DISPLAY_TEXT (BEGIN) 
333000.012 DISPLAY_TEXT BLOCK.TRIAL.RECORDING.DISPLAY_TEXT
344682.124 TRACKER_TIME 4 2392834.626
344682.456 KEYBOARD_TEXT BLOCK.TRIAL.RECORDING.KEYBOARD_TEXT
344685.075 SET_SENTENCE_RT BLOCK.TRIAL.RECORDING.SET_SENTENCE_RT
344685.629 CHECK_QUESTION BLOCK.TRIAL.RECORDING.CHECK_QUESTION_TRUE
344691.179 DISPLAY_BLANK BLOCK.TRIAL.RECORDING.DISPLAY_BLANK (BEGIN) 
344706.287 DISPLAY_BLANK BLOCK.TRIAL.RECORDING.DISPLAY_BLANK
344709.159 ADD_TO_RESULTS_FILE BLOCK.TRIAL.RECORDING.ADD_TO_RESULTS_FILE
344799.516 SetValueAction 
344799.740 SetValueAction 
344799.943 SetValueAction 
344800.129 SetValueAction 
344800.313 SetValueAction 
344800.494 SetValueAction 
344802.850 CHECK_NEW_BLOCK BLOCK.TRIAL.CHECK_NEW_BLOCK_TRUE
344805.357 RESET_VARS BLOCK.TRIAL.RESET_VARS
346391.432 PREPARE_SEQUENCE BLOCK.TRIAL.PREPARE_SEQUENCE
348579.249 DRIFT_CORRECT BLOCK.TRIAL.DRIFT_CORRECT
348699.424 DISPLAY_TEXT BLOCK.TRIAL.RECORDING.DISPLAY_TEXT (BEGIN) 
348827.686 DISPLAY_TEXT BLOCK.TRIAL.RECORDING.DISPLAY_TEXT
366798.369 KEYBOARD_TEXT BLOCK.TRIAL.RECORDING.KEYBOARD_TEXT
366802.921 SET_SENTENCE_RT BLOCK.TRIAL.RECORDING.SET_SENTENCE_RT
366803.784 CHECK_QUESTION BLOCK.TRIAL.RECORDING.CHECK_QUESTION_TRUE
366811.051 DISPLAY_BLANK BLOCK.TRIAL.RECORDING.DISPLAY_BLANK (BEGIN) 
366816.508 DISPLAY_BLANK BLOCK.TRIAL.RECORDING.DISPLAY_BLANK
366823.176 ADD_TO_RESULTS_FILE BLOCK.TRIAL.RECORDING.ADD_TO_RESULTS_FILE
366910.548 SetValueAction 
366910.794 SetValueAction 
366910.991 SetValueAction 
366911.177 SetValueAction 
366911.362 SetValueAction 
366911.542 SetValueAction 
366913.395 CHECK_NEW_BLOCK BLOCK.TRIAL.CHECK_NEW_BLOCK_TRUE
366915.248 RESET_VARS BLOCK.TRIAL.RESET_VARS
368928.130 PREPARE_SEQUENCE BLOCK.TRIAL.PREPARE_SEQUENCE
392348.791 DRIFT_CORRECT BLOCK.TRIAL.DRIFT_CORRECT
392477.705 DISPLAY_TEXT BLOCK.TRIAL.RECORDING.DISPLAY_TEXT (BEGIN) 
392643.544 DISPLAY_TEXT BLOCK.TRIAL.RECORDING.DISPLAY_TEXT
411346.905 TRACKER_TIME 5 2459498.010
411347.231 KEYBOARD_TEXT BLOCK.TRIAL.RECORDING.KEYBOARD_TEXT
411349.983 SET_SENTENCE_RT BLOCK.TRIAL.RECORDING.SET_SENTENCE_RT
411350.920 CHECK_QUESTION BLOCK.TRIAL.RECORDING.CHECK_QUESTION_FALSE
411358.065 DISPLAY_QUESTION BLOCK.TRIAL.RECORDING.DISPLAY_QUESTION (BEGIN) 
411387.056 DISPLAY_QUESTION BLOCK.TRIAL.RECORDING.DISPLAY_QUESTION
415846.125 KEYBOARD_QUESTION BLOCK.TRIAL.RECORDING.KEYBOARD_QUESTION
415847.653 CHECK_RESPONSE_BUTTON BLOCK.TRIAL.RECORDING.CHECK_RESPONSE_BUTTON_TRUE
415852.367 SET_VARS_CORRECT BLOCK.TRIAL.RECORDING.SET_VARS_CORRECT
415858.891 DISPLAY_BLANK BLOCK.TRIAL.RECORDING.DISPLAY_BLANK (BEGIN) 
415868.933 DISPLAY_BLANK BLOCK.TRIAL.RECORDING.DISPLAY_BLANK
415874.221 ADD_TO_RESULTS_FILE BLOCK.TRIAL.RECORDING.ADD_TO_RESULTS_FILE
415961.549 SetValueAction 
415961.772 SetValueAction 
415961.968 SetValueAction 
415962.192 SetValueAction 
415962.382 SetValueAction 
415962.562 SetValueAction 
415964.444 CHECK_NEW_BLOCK BLOCK.TRIAL.CHECK_NEW_BLOCK_TRUE
415966.149 RESET_VARS BLOCK.TRIAL.RESET_VARS
417491.907 PREPARE_SEQUENCE BLOCK.TRIAL.PREPARE_SEQUENCE
419648.849 DRIFT_CORRECT BLOCK.TRIAL.DRIFT_CORRECT
419771.217 DISPLAY_TEXT BLOCK.TRIAL.RECORDING.DISPLAY_TEXT (BEGIN) 
419846.612 DISPLAY_TEXT BLOCK.TRIAL.RECORDING.DISPLAY_TEXT
425379.152 KEYBOARD_TEXT BLOCK.TRIAL.RECORDING.KEYBOARD_TEXT
425381.736 SET_SENTENCE_RT BLOCK.TRIAL.RECORDING.SET_SENTENCE_RT
425382.101 CHECK_QUESTION BLOCK.TRIAL.RECORDING.CHECK_QUESTION_TRUE
425387.451 DISPLAY_BLANK BLOCK.TRIAL.RECORDING.DISPLAY_BLANK (BEGIN) 
425399.455 DISPLAY_BLANK BLOCK.TRIAL.RECORDING.DISPLAY_BLANK
425402.559 ADD_TO_RESULTS_FILE BLOCK.TRIAL.RECORDING.ADD_TO_RESULTS_FILE
425490.555 SetValueAction 
425490.768 SetValueAction 
425490.969 SetValueAction 
425491.154 SetValueAction 
425491.336 SetValueAction 
425491.541 SetValueAction 
425493.676 CHECK_NEW_BLOCK BLOCK.TRIAL.CHECK_NEW_BLOCK_FALSE
425702.866 NEW_COUNTERBALANCE_BREAK BLOCK.TRIAL.NEW_COUNTERBALANCE_BREAK (BEGIN) 
425716.012 NEW_COUNTERBALANCE_BREAK BLOCK.TRIAL.NEW_COUNTERBALANCE_BREAK
448700.384 KEYBOARD[1] BLOCK.TRIAL.KEYBOARD[1]
490555.785 TRACKER_TIME 6 2538705.205
490556.067 EL_CAMERA_SETUP BLOCK.TRIAL.EL_CAMERA_SETUP
490756.257 EXPERIMENT_CONTINUE BLOCK.TRIAL.EXPERIMENT_CONTINUE (BEGIN) 
490763.909 EXPERIMENT_CONTINUE BLOCK.TRIAL.EXPERIMENT_CONTINUE
502705.876 KEYBOARD BLOCK.TRIAL.KEYBOARD
502708.143 RESET_VARS BLOCK.TRIAL.RESET_VARS
504074.650 PREPARE_SEQUENCE BLOCK.TRIAL.PREPARE_SEQUENCE
506429.619 DRIFT_CORRECT BLOCK.TRIAL.DRIFT_CORRECT
506554.303 DISPLAY_TEXT BLOCK.TRIAL.RECORDING.DISPLAY_TEXT (BEGIN) 
506570.694 DISPLAY_TEXT BLOCK.TRIAL.RECORDING.DISPLAY_TEXT
508049.967 KEYBOARD_TEXT BLOCK.TRIAL.RECORDING.KEYBOARD_TEXT
508052.566 SET_SENTENCE_RT BLOCK.TRIAL.RECORDING.SET_SENTENCE_RT
508052.948 CHECK_QUESTION BLOCK.TRIAL.RECORDING.CHECK_QUESTION_TRUE
508126.793 DISPLAY_BLANK BLOCK.TRIAL.RECORDING.DISPLAY_BLANK (BEGIN) 
508142.053 DISPLAY_BLANK BLOCK.TRIAL.RECORDING.DISPLAY_BLANK
508144.817 ADD_TO_RESULTS_FILE BLOCK.TRIAL.RECORDING.ADD_TO_RESULTS_FILE
508231.541 SetValueAction 
508231.765 SetValueAction 
508231.961 SetValueAction 
508232.298 SetValueAction 
508232.501 SetValueAction 
508232.685 SetValueAction 
508234.617 CHECK_NEW_BLOCK BLOCK.TRIAL.CHECK_NEW_BLOCK_TRUE
508236.304 RESET_VARS BLOCK.TRIAL.RESET_VARS
509524.447 PREPARE_SEQUENCE BLOCK.TRIAL.PREPARE_SEQUENCE
511762.975 DRIFT_CORRECT BLOCK.TRIAL.DRIFT_CORRECT
511894.963 DISPLAY_TEXT BLOCK.TRIAL.RECORDING.DISPLAY_TEXT (BEGIN) 
512006.105 DISPLAY_TEXT BLOCK.TRIAL.RECORDING.DISPLAY_TEXT
529024.035 KEYBOARD_TEXT BLOCK.TRIAL.RECORDING.KEYBOARD_TEXT
529026.678 SET_SENTENCE_RT BLOCK.TRIAL.RECORDING.SET_SENTENCE_RT
529027.112 CHECK_QUESTION BLOCK.TRIAL.RECORDING.CHECK_QUESTION_TRUE
529031.893 DISPLAY_BLANK BLOCK.TRIAL.RECORDING.DISPLAY_BLANK (BEGIN) 
529035.913 DISPLAY_BLANK BLOCK.TRIAL.RECORDING.DISPLAY_BLANK
529039.927 ADD_TO_RESULTS_FILE BLOCK.TRIAL.RECORDING.ADD_TO_RESULTS_FILE
529127.538 SetValueAction 
529127.764 SetValueAction 
529127.956 SetValueAction 
529128.143 SetValueAction 
529128.417 SetValueAction 
529128.605 SetValueAction 
529130.541 CHECK_NEW_BLOCK BLOCK.TRIAL.CHECK_NEW_BLOCK_TRUE
529132.419 RESET_VARS BLOCK.TRIAL.RESET_VARS
530992.863 PREPARE_SEQUENCE BLOCK.TRIAL.PREPARE_SEQUENCE
532582.483 DRIFT_CORRECT BLOCK.TRIAL.DRIFT_CORRECT
532712.394 DISPLAY_TEXT BLOCK.TRIAL.RECORDING.DISPLAY_TEXT (BEGIN) 
532845.603 DISPLAY_TEXT BLOCK.TRIAL.RECORDING.DISPLAY_TEXT
546659.907 KEYBOARD_TEXT BLOCK.TRIAL.RECORDING.KEYBOARD_TEXT
546662.829 SET_SENTENCE_RT BLOCK.TRIAL.RECORDING.SET_SENTENCE_RT
546663.351 CHECK_QUESTION BLOCK.TRIAL.RECORDING.CHECK_QUESTION_TRUE
546669.320 DISPLAY_BLANK BLOCK.TRIAL.RECORDING.DISPLAY_BLANK (BEGIN) 
546680.852 DISPLAY_BLANK BLOCK.TRIAL.RECORDING.DISPLAY_BLANK
546685.796 ADD_TO_RESULTS_FILE BLOCK.TRIAL.RECORDING.ADD_TO_RESULTS_FILE
546774.968 SetValueAction 
546775.404 SetValueAction 
546775.796 SetValueAction 
546776.190 SetValueAction 
546776.599 SetValueAction 
546776.991 SetValueAction 
546783.479 CHECK_NEW_BLOCK BLOCK.TRIAL.CHECK_NEW_BLOCK_TRUE
546786.869 RESET_VARS BLOCK.TRIAL.RESET_VARS
548524.545 PREPARE_SEQUENCE BLOCK.TRIAL.PREPARE_SEQUENCE
552451.866 TRACKER_TIME 7 2600599.985
552452.101 DRIFT_CORRECT BLOCK.TRIAL.DRIFT_CORRECT
552581.762 DISPLAY_TEXT BLOCK.TRIAL.RECORDING.DISPLAY_TEXT (BEGIN) 
552699.074 DISPLAY_TEXT BLOCK.TRIAL.RECORDING.DISPLAY_TEXT
566561.908 KEYBOARD_TEXT BLOCK.TRIAL.RECORDING.KEYBOARD_TEXT
566564.646 SET_SENTENCE_RT BLOCK.TRIAL.RECORDING.SET_SENTENCE_RT
566565.222 CHECK_QUESTION BLOCK.TRIAL.RECORDING.CHECK_QUESTION_TRUE
566570.494 DISPLAY_BLANK BLOCK.TRIAL.RECORDING.DISPLAY_BLANK (BEGIN) 
566575.050 DISPLAY_BLANK BLOCK.TRIAL.RECORDING.DISPLAY_BLANK
566578.438 ADD_TO_RESULTS_FILE BLOCK.TRIAL.RECORDING.ADD_TO_RESULTS_FILE
566665.742 SetValueAction 
566666.083 SetValueAction 
566666.416 SetValueAction 
566666.722 SetValueAction 
566667.023 SetValueAction 
566667.342 SetValueAction 
566670.286 CHECK_NEW_BLOCK BLOCK.TRIAL.CHECK_NEW_BLOCK_TRUE
566673.033 RESET_VARS BLOCK.TRIAL.RESET_VARS
568265.625 PREPARE_SEQUENCE BLOCK.TRIAL.PREPARE_SEQUENCE
570178.043 DRIFT_CORRECT BLOCK.TRIAL.DRIFT_CORRECT
570304.062 DISPLAY_TEXT BLOCK.TRIAL.RECORDING.DISPLAY_TEXT (BEGIN) 
570532.342 DISPLAY_TEXT BLOCK.TRIAL.RECORDING.DISPLAY_TEXT
595223.546 KEYBOARD_TEXT BLOCK.TRIAL.RECORDING.KEYBOARD_TEXT
595226.150 SET_SENTENCE_RT BLOCK.TRIAL.RECORDING.SET_SENTENCE_RT
595226.673 CHECK_QUESTION BLOCK.TRIAL.RECORDING.CHECK_QUESTION_TRUE
595301.807 DISPLAY_BLANK BLOCK.TRIAL.RECORDING.DISPLAY_BLANK (BEGIN) 
595316.660 DISPLAY_BLANK BLOCK.TRIAL.RECORDING.DISPLAY_BLANK
595322.109 ADD_TO_RESULTS_FILE BLOCK.TRIAL.RECORDING.ADD_TO_RESULTS_FILE
595410.520 SetValueAction 
595410.747 SetValueAction 
595410.938 SetValueAction 
595411.134 SetValueAction 
595411.320 SetValueAction 
595411.504 SetValueAction 
595413.407 CHECK_NEW_BLOCK BLOCK.TRIAL.CHECK_NEW_BLOCK_TRUE
595415.033 RESET_VARS BLOCK.TRIAL.RESET_VARS
596822.590 PREPARE_SEQUENCE BLOCK.TRIAL.PREPARE_SEQUENCE
598387.158 DRIFT_CORRECT BLOCK.TRIAL.DRIFT_CORRECT
598508.202 DISPLAY_TEXT BLOCK.TRIAL.RECORDING.DISPLAY_TEXT (BEGIN) 
598640.769 DISPLAY_TEXT BLOCK.TRIAL.RECORDING.DISPLAY_TEXT
613847.733 TRACKER_TIME 8 2661994.536
613848.068 KEYBOARD_TEXT BLOCK.TRIAL.RECORDING.KEYBOARD_TEXT
613850.553 SET_SENTENCE_RT BLOCK.TRIAL.RECORDING.SET_SENTENCE_RT
613850.936 CHECK_QUESTION BLOCK.TRIAL.RECORDING.CHECK_QUESTION_TRUE
613855.815 DISPLAY_BLANK BLOCK.TRIAL.RECORDING.DISPLAY_BLANK (BEGIN) 
613861.164 DISPLAY_BLANK BLOCK.TRIAL.RECORDING.DISPLAY_BLANK
613864.560 ADD_TO_RESULTS_FILE BLOCK.TRIAL.RECORDING.ADD_TO_RESULTS_FILE
613951.802 SetValueAction 
613952.181 SetValueAction 
613952.525 SetValueAction 
613952.855 SetValueAction 
613953.190 SetValueAction 
613953.514 SetValueAction 
613956.445 CHECK_NEW_BLOCK BLOCK.TRIAL.CHECK_NEW_BLOCK_TRUE
613959.863 RESET_VARS BLOCK.TRIAL.RESET_VARS
615320.547 PREPARE_SEQUENCE BLOCK.TRIAL.PREPARE_SEQUENCE
617252.492 DRIFT_CORRECT BLOCK.TRIAL.DRIFT_CORRECT
617511.822 DISPLAY_TEXT BLOCK.TRIAL.RECORDING.DISPLAY_TEXT (BEGIN) 
617639.606 DISPLAY_TEXT BLOCK.TRIAL.RECORDING.DISPLAY_TEXT
632008.490 KEYBOARD_TEXT BLOCK.TRIAL.RECORDING.KEYBOARD_TEXT
632011.270 SET_SENTENCE_RT BLOCK.TRIAL.RECORDING.SET_SENTENCE_RT
632011.651 CHECK_QUESTION BLOCK.TRIAL.RECORDING.CHECK_QUESTION_TRUE
632016.559 DISPLAY_BLANK BLOCK.TRIAL.RECORDING.DISPLAY_BLANK (BEGIN) 
632022.540 DISPLAY_BLANK BLOCK.TRIAL.RECORDING.DISPLAY_BLANK
632025.309 ADD_TO_RESULTS_FILE BLOCK.TRIAL.RECORDING.ADD_TO_RESULTS_FILE
632111.615 SetValueAction 
632111.856 SetValueAction 
632112.051 SetValueAction 
632112.264 SetValueAction 
632112.455 SetValueAction 
632112.645 SetValueAction 
632115.189 CHECK_NEW_BLOCK BLOCK.TRIAL.CHECK_NEW_BLOCK_TRUE
632117.191 RESET_VARS BLOCK.TRIAL.RESET_VARS
633414.292 PREPARE_SEQUENCE BLOCK.TRIAL.PREPARE_SEQUENCE
635220.932 DRIFT_CORRECT BLOCK.TRIAL.DRIFT_CORRECT
635349.769 DISPLAY_TEXT BLOCK.TRIAL.RECORDING.DISPLAY_TEXT (BEGIN) 
635532.119 DISPLAY_TEXT BLOCK.TRIAL.RECORDING.DISPLAY_TEXT
661948.907 KEYBOARD_TEXT BLOCK.TRIAL.RECORDING.KEYBOARD_TEXT
661955.016 SET_SENTENCE_RT BLOCK.TRIAL.RECORDING.SET_SENTENCE_RT
661955.798 CHECK_QUESTION BLOCK.TRIAL.RECORDING.CHECK_QUESTION_TRUE
661964.271 DISPLAY_BLANK BLOCK.TRIAL.RECORDING.DISPLAY_BLANK (BEGIN) 
661980.735 DISPLAY_BLANK BLOCK.TRIAL.RECORDING.DISPLAY_BLANK
661986.735 ADD_TO_RESULTS_FILE BLOCK.TRIAL.RECORDING.ADD_TO_RESULTS_FILE
662072.561 SetValueAction 
662072.797 SetValueAction 
662072.994 SetValueAction 
662073.177 SetValueAction 
662073.361 SetValueAction 
662073.552 SetValueAction 
662075.441 CHECK_NEW_BLOCK BLOCK.TRIAL.CHECK_NEW_BLOCK_TRUE
662077.155 RESET_VARS BLOCK.TRIAL.RESET_VARS
664353.556 PREPARE_SEQUENCE BLOCK.TRIAL.PREPARE_SEQUENCE
665956.595 DRIFT_CORRECT BLOCK.TRIAL.DRIFT_CORRECT
666081.123 DISPLAY_TEXT BLOCK.TRIAL.RECORDING.DISPLAY_TEXT (BEGIN) 
666314.777 DISPLAY_TEXT BLOCK.TRIAL.RECORDING.DISPLAY_TEXT
682113.299 TRACKER_TIME 9 2730258.809
682113.635 KEYBOARD_TEXT BLOCK.TRIAL.RECORDING.KEYBOARD_TEXT
682116.624 SET_SENTENCE_RT BLOCK.TRIAL.RECORDING.SET_SENTENCE_RT
682117.071 CHECK_QUESTION BLOCK.TRIAL.RECORDING.CHECK_QUESTION_TRUE
682122.015 DISPLAY_BLANK BLOCK.TRIAL.RECORDING.DISPLAY_BLANK (BEGIN) 
682141.408 DISPLAY_BLANK BLOCK.TRIAL.RECORDING.DISPLAY_BLANK
682144.209 ADD_TO_RESULTS_FILE BLOCK.TRIAL.RECORDING.ADD_TO_RESULTS_FILE
682232.540 SetValueAction 
682232.781 SetValueAction 
682232.977 SetValueAction 
682233.163 SetValueAction 
682233.348 SetValueAction 
682233.529 SetValueAction 
682235.390 CHECK_NEW_BLOCK BLOCK.TRIAL.CHECK_NEW_BLOCK_TRUE
682237.127 RESET_VARS BLOCK.TRIAL.RESET_VARS
683713.275 PREPARE_SEQUENCE BLOCK.TRIAL.PREPARE_SEQUENCE
685173.999 DRIFT_CORRECT BLOCK.TRIAL.DRIFT_CORRECT
685441.951 DISPLAY_TEXT BLOCK.TRIAL.RECORDING.DISPLAY_TEXT (BEGIN) 
685669.706 DISPLAY_TEXT BLOCK.TRIAL.RECORDING.DISPLAY_TEXT
705671.330 KEYBOARD_TEXT BLOCK.TRIAL.RECORDING.KEYBOARD_TEXT
705673.946 SET_SENTENCE_RT BLOCK.TRIAL.RECORDING.SET_SENTENCE_RT
705674.340 CHECK_QUESTION BLOCK.TRIAL.RECORDING.CHECK_QUESTION_TRUE
705679.541 DISPLAY_BLANK BLOCK.TRIAL.RECORDING.DISPLAY_BLANK (BEGIN) 
705684.425 DISPLAY_BLANK BLOCK.TRIAL.RECORDING.DISPLAY_BLANK
705687.160 ADD_TO_RESULTS_FILE BLOCK.TRIAL.RECORDING.ADD_TO_RESULTS_FILE
705774.553 SetValueAction 
705774.778 SetValueAction 
705774.975 SetValueAction 
705775.160 SetValueAction 
705775.349 SetValueAction 
705775.550 SetValueAction 
705777.510 CHECK_NEW_BLOCK BLOCK.TRIAL.CHECK_NEW_BLOCK_TRUE
705779.219 RESET_VARS BLOCK.TRIAL.RESET_VARS
707131.209 PREPARE_SEQUENCE BLOCK.TRIAL.PREPARE_SEQUENCE
708718.793 DRIFT_CORRECT BLOCK.TRIAL.DRIFT_CORRECT
709162.496 DISPLAY_TEXT BLOCK.TRIAL.RECORDING.DISPLAY_TEXT (BEGIN) 
709283.391 DISPLAY_TEXT BLOCK.TRIAL.RECORDING.DISPLAY_TEXT
721098.990 KEYBOARD_TEXT BLOCK.TRIAL.RECORDING.KEYBOARD_TEXT
721101.440 SET_SENTENCE_RT BLOCK.TRIAL.RECORDING.SET_SENTENCE_RT
721101.923 CHECK_QUESTION BLOCK.TRIAL.RECORDING.CHECK_QUESTION_TRUE
721106.896 DISPLAY_BLANK BLOCK.TRIAL.RECORDING.DISPLAY_BLANK (BEGIN) 
721113.353 DISPLAY_BLANK BLOCK.TRIAL.RECORDING.DISPLAY_BLANK
721115.978 ADD_TO_RESULTS_FILE BLOCK.TRIAL.RECORDING.ADD_TO_RESULTS_FILE
721203.537 SetValueAction 
721203.767 SetValueAction 
721203.962 SetValueAction 
721204.148 SetValueAction 
721204.332 SetValueAction 
721204.513 SetValueAction 
721206.392 CHECK_NEW_BLOCK BLOCK.TRIAL.CHECK_NEW_BLOCK_TRUE
721208.024 RESET_VARS BLOCK.TRIAL.RESET_VARS
722551.396 PREPARE_SEQUENCE BLOCK.TRIAL.PREPARE_SEQUENCE
723866.991 DRIFT_CORRECT BLOCK.TRIAL.DRIFT_CORRECT
724130.831 DISPLAY_TEXT BLOCK.TRIAL.RECORDING.DISPLAY_TEXT (BEGIN) 
724245.780 DISPLAY_TEXT BLOCK.TRIAL.RECORDING.DISPLAY_TEXT
735171.411 KEYBOARD_TEXT BLOCK.TRIAL.RECORDING.KEYBOARD_TEXT
735174.008 SET_SENTENCE_RT BLOCK.TRIAL.RECORDING.SET_SENTENCE_RT
735174.414 CHECK_QUESTION BLOCK.TRIAL.RECORDING.CHECK_QUESTION_TRUE
735179.713 DISPLAY_BLANK BLOCK.TRIAL.RECORDING.DISPLAY_BLANK (BEGIN) 
735192.601 DISPLAY_BLANK BLOCK.TRIAL.RECORDING.DISPLAY_BLANK
735195.632 ADD_TO_RESULTS_FILE BLOCK.TRIAL.RECORDING.ADD_TO_RESULTS_FILE
735284.538 SetValueAction 
735284.758 SetValueAction 
735284.951 SetValueAction 
735285.146 SetValueAction 
735285.330 SetValueAction 
735285.514 SetValueAction 
735287.420 CHECK_NEW_BLOCK BLOCK.TRIAL.CHECK_NEW_BLOCK_TRUE
735289.352 RESET_VARS BLOCK.TRIAL.RESET_VARS
736844.958 PREPARE_SEQUENCE BLOCK.TRIAL.PREPARE_SEQUENCE
741309.491 DRIFT_CORRECT BLOCK.TRIAL.DRIFT_CORRECT
741429.584 DISPLAY_TEXT BLOCK.TRIAL.RECORDING.DISPLAY_TEXT (BEGIN) 
741668.550 DISPLAY_TEXT BLOCK.TRIAL.RECORDING.DISPLAY_TEXT
767303.448 TRACKER_TIME 10 2815447.075
767303.784 KEYBOARD_TEXT BLOCK.TRIAL.RECORDING.KEYBOARD_TEXT
767306.400 SET_SENTENCE_RT BLOCK.TRIAL.RECORDING.SET_SENTENCE_RT
767307.123 CHECK_QUESTION BLOCK.TRIAL.RECORDING.CHECK_QUESTION_TRUE
767311.913 DISPLAY_BLANK BLOCK.TRIAL.RECORDING.DISPLAY_BLANK (BEGIN) 
767316.526 DISPLAY_BLANK BLOCK.TRIAL.RECORDING.DISPLAY_BLANK
767322.209 ADD_TO_RESULTS_FILE BLOCK.TRIAL.RECORDING.ADD_TO_RESULTS_FILE
767408.548 SetValueAction 
767408.772 SetValueAction 
767408.967 SetValueAction 
767409.178 SetValueAction 
767409.362 SetValueAction 
767409.542 SetValueAction 
767411.444 CHECK_NEW_BLOCK BLOCK.TRIAL.CHECK_NEW_BLOCK_TRUE
767413.156 RESET_VARS BLOCK.TRIAL.RESET_VARS
768829.358 PREPARE_SEQUENCE BLOCK.TRIAL.PREPARE_SEQUENCE
770320.053 DRIFT_CORRECT BLOCK.TRIAL.DRIFT_CORRECT
770444.514 DISPLAY_TEXT BLOCK.TRIAL.RECORDING.DISPLAY_TEXT (BEGIN) 
770642.100 DISPLAY_TEXT BLOCK.TRIAL.RECORDING.DISPLAY_TEXT
787976.461 KEYBOARD_TEXT BLOCK.TRIAL.RECORDING.KEYBOARD_TEXT
787979.481 SET_SENTENCE_RT BLOCK.TRIAL.RECORDING.SET_SENTENCE_RT
787980.674 CHECK_QUESTION BLOCK.TRIAL.RECORDING.CHECK_QUESTION_TRUE
787988.103 DISPLAY_BLANK BLOCK.TRIAL.RECORDING.DISPLAY_BLANK (BEGIN) 
787993.867 DISPLAY_BLANK BLOCK.TRIAL.RECORDING.DISPLAY_BLANK
787998.730 ADD_TO_RESULTS_FILE BLOCK.TRIAL.RECORDING.ADD_TO_RESULTS_FILE
788088.104 SetValueAction 
788088.529 SetValueAction 
788089.032 SetValueAction 
788089.546 SetValueAction 
788090.051 SetValueAction 
788090.451 SetValueAction 
788093.948 CHECK_NEW_BLOCK BLOCK.TRIAL.CHECK_NEW_BLOCK_TRUE
788097.730 RESET_VARS BLOCK.TRIAL.RESET_VARS
789853.773 PREPARE_SEQUENCE BLOCK.TRIAL.PREPARE_SEQUENCE
791226.669 DRIFT_CORRECT BLOCK.TRIAL.DRIFT_CORRECT
791351.205 DISPLAY_TEXT BLOCK.TRIAL.RECORDING.DISPLAY_TEXT (BEGIN) 
791604.465 DISPLAY_TEXT BLOCK.TRIAL.RECORDING.DISPLAY_TEXT
822024.457 KEYBOARD_TEXT BLOCK.TRIAL.RECORDING.KEYBOARD_TEXT
822027.032 SET_SENTENCE_RT BLOCK.TRIAL.RECORDING.SET_SENTENCE_RT
822027.419 CHECK_QUESTION BLOCK.TRIAL.RECORDING.CHECK_QUESTION_TRUE
822101.805 DISPLAY_BLANK BLOCK.TRIAL.RECORDING.DISPLAY_BLANK (BEGIN) 
822117.305 DISPLAY_BLANK BLOCK.TRIAL.RECORDING.DISPLAY_BLANK
822120.028 ADD_TO_RESULTS_FILE BLOCK.TRIAL.RECORDING.ADD_TO_RESULTS_FILE
822207.533 SetValueAction 
822207.770 SetValueAction 
822207.968 SetValueAction 
822208.154 SetValueAction 
822208.338 SetValueAction 
822208.520 SetValueAction 
822210.643 CHECK_NEW_BLOCK BLOCK.TRIAL.CHECK_NEW_BLOCK_TRUE
822212.342 RESET_VARS BLOCK.TRIAL.RESET_VARS
823533.208 PREPARE_SEQUENCE BLOCK.TRIAL.PREPARE_SEQUENCE
824975.149 DRIFT_CORRECT BLOCK.TRIAL.DRIFT_CORRECT
825234.809 DISPLAY_TEXT BLOCK.TRIAL.RECORDING.DISPLAY_TEXT (BEGIN) 
825356.418 DISPLAY_TEXT BLOCK.TRIAL.RECORDING.DISPLAY_TEXT
843737.461 TRACKER_TIME 11 2891879.527
843737.885 KEYBOARD_TEXT BLOCK.TRIAL.RECORDING.KEYBOARD_TEXT
843741.569 SET_SENTENCE_RT BLOCK.TRIAL.RECORDING.SET_SENTENCE_RT
843742.256 CHECK_QUESTION BLOCK.TRIAL.RECORDING.CHECK_QUESTION_TRUE
843748.638 DISPLAY_BLANK BLOCK.TRIAL.RECORDING.DISPLAY_BLANK (BEGIN) 
843761.117 DISPLAY_BLANK BLOCK.TRIAL.RECORDING.DISPLAY_BLANK
843766.164 ADD_TO_RESULTS_FILE BLOCK.TRIAL.RECORDING.ADD_TO_RESULTS_FILE
843853.649 SetValueAction 
843853.992 SetValueAction 
843854.372 SetValueAction 
843854.847 SetValueAction 
843855.325 SetValueAction 
843855.783 SetValueAction 
843859.506 CHECK_NEW_BLOCK BLOCK.TRIAL.CHECK_NEW_BLOCK_TRUE
843863.149 RESET_VARS BLOCK.TRIAL.RESET_VARS
845735.001 PREPARE_SEQUENCE BLOCK.TRIAL.PREPARE_SEQUENCE
850228.076 DRIFT_CORRECT BLOCK.TRIAL.DRIFT_CORRECT
850353.043 DISPLAY_TEXT BLOCK.TRIAL.RECORDING.DISPLAY_TEXT (BEGIN) 
850540.108 DISPLAY_TEXT BLOCK.TRIAL.RECORDING.DISPLAY_TEXT
876807.027 KEYBOARD_TEXT BLOCK.TRIAL.RECORDING.KEYBOARD_TEXT
876809.723 SET_SENTENCE_RT BLOCK.TRIAL.RECORDING.SET_SENTENCE_RT
876810.436 CHECK_QUESTION BLOCK.TRIAL.RECORDING.CHECK_QUESTION_FALSE
876952.952 DISPLAY_QUESTION BLOCK.TRIAL.RECORDING.DISPLAY_QUESTION (BEGIN) 
876988.280 DISPLAY_QUESTION BLOCK.TRIAL.RECORDING.DISPLAY_QUESTION
879989.976 KEYBOARD_QUESTION BLOCK.TRIAL.RECORDING.KEYBOARD_QUESTION
879991.008 CHECK_RESPONSE_BUTTON BLOCK.TRIAL.RECORDING.CHECK_RESPONSE_BUTTON_TRUE
879993.536 SET_VARS_CORRECT BLOCK.TRIAL.RECORDING.SET_VARS_CORRECT
879997.818 DISPLAY_BLANK BLOCK.TRIAL.RECORDING.DISPLAY_BLANK (BEGIN) 
880000.762 DISPLAY_BLANK BLOCK.TRIAL.RECORDING.DISPLAY_BLANK
880005.173 ADD_TO_RESULTS_FILE BLOCK.TRIAL.RECORDING.ADD_TO_RESULTS_FILE
880093.801 SetValueAction 
880094.195 SetValueAction 
880094.539 SetValueAction 
880094.876 SetValueAction 
880095.208 SetValueAction 
880095.534 SetValueAction 
880098.617 CHECK_NEW_BLOCK BLOCK.TRIAL.CHECK_NEW_BLOCK_TRUE
880101.994 RESET_VARS BLOCK.TRIAL.RESET_VARS
881622.921 PREPARE_SEQUENCE BLOCK.TRIAL.PREPARE_SEQUENCE
887631.956 DRIFT_CORRECT BLOCK.TRIAL.DRIFT_CORRECT
887760.270 DISPLAY_TEXT BLOCK.TRIAL.RECORDING.DISPLAY_TEXT (BEGIN) 
887931.327 DISPLAY_TEXT BLOCK.TRIAL.RECORDING.DISPLAY_TEXT
905604.346 TRACKER_TIME 12 2953744.924
905604.777 KEYBOARD_TEXT BLOCK.TRIAL.RECORDING.KEYBOARD_TEXT
905609.661 SET_SENTENCE_RT BLOCK.TRIAL.RECORDING.SET_SENTENCE_RT
905610.258 CHECK_QUESTION BLOCK.TRIAL.RECORDING.CHECK_QUESTION_TRUE
905617.282 DISPLAY_BLANK BLOCK.TRIAL.RECORDING.DISPLAY_BLANK (BEGIN) 
905626.383 DISPLAY_BLANK BLOCK.TRIAL.RECORDING.DISPLAY_BLANK
905632.760 ADD_TO_RESULTS_FILE BLOCK.TRIAL.RECORDING.ADD_TO_RESULTS_FILE
906003.900 SetValueAction 
906004.275 SetValueAction 
906004.635 SetValueAction 
906004.978 SetValueAction 
906005.434 SetValueAction 
906005.827 SetValueAction 
906129.670 CHECK_NEW_BLOCK BLOCK.TRIAL.CHECK_NEW_BLOCK_TRUE
906134.121 RESET_VARS BLOCK.TRIAL.RESET_VARS
910303.670 PREPARE_SEQUENCE BLOCK.TRIAL.PREPARE_SEQUENCE
911859.835 DRIFT_CORRECT BLOCK.TRIAL.DRIFT_CORRECT
912109.931 DISPLAY_TEXT BLOCK.TRIAL.RECORDING.DISPLAY_TEXT (BEGIN) 
912260.948 DISPLAY_TEXT BLOCK.TRIAL.RECORDING.DISPLAY_TEXT
935116.643 KEYBOARD_TEXT BLOCK.TRIAL.RECORDING.KEYBOARD_TEXT
935119.850 SET_SENTENCE_RT BLOCK.TRIAL.RECORDING.SET_SENTENCE_RT
935120.768 CHECK_QUESTION BLOCK.TRIAL.RECORDING.CHECK_QUESTION_FALSE
935128.822 DISPLAY_QUESTION BLOCK.TRIAL.RECORDING.DISPLAY_QUESTION (BEGIN) 
935165.825 DISPLAY_QUESTION BLOCK.TRIAL.RECORDING.DISPLAY_QUESTION
938912.869 KEYBOARD_QUESTION BLOCK.TRIAL.RECORDING.KEYBOARD_QUESTION
938914.781 CHECK_RESPONSE_BUTTON BLOCK.TRIAL.RECORDING.CHECK_RESPONSE_BUTTON_TRUE
938919.782 SET_VARS_CORRECT BLOCK.TRIAL.RECORDING.SET_VARS_CORRECT
938925.703 DISPLAY_BLANK BLOCK.TRIAL.RECORDING.DISPLAY_BLANK (BEGIN) 
938933.331 DISPLAY_BLANK BLOCK.TRIAL.RECORDING.DISPLAY_BLANK
938939.062 ADD_TO_RESULTS_FILE BLOCK.TRIAL.RECORDING.ADD_TO_RESULTS_FILE
939026.529 SetValueAction 
939026.755 SetValueAction 
939026.956 SetValueAction 
939027.140 SetValueAction 
939027.325 SetValueAction 
939027.518 SetValueAction 
939029.428 CHECK_NEW_BLOCK BLOCK.TRIAL.CHECK_NEW_BLOCK_TRUE
939031.140 RESET_VARS BLOCK.TRIAL.RESET_VARS
940471.607 PREPARE_SEQUENCE BLOCK.TRIAL.PREPARE_SEQUENCE
941886.921 DRIFT_CORRECT BLOCK.TRIAL.DRIFT_CORRECT
942011.022 DISPLAY_TEXT BLOCK.TRIAL.RECORDING.DISPLAY_TEXT (BEGIN) 
942124.420 DISPLAY_TEXT BLOCK.TRIAL.RECORDING.DISPLAY_TEXT
955285.465 KEYBOARD_TEXT BLOCK.TRIAL.RECORDING.KEYBOARD_TEXT
955287.962 SET_SENTENCE_RT BLOCK.TRIAL.RECORDING.SET_SENTENCE_RT
955288.427 CHECK_QUESTION BLOCK.TRIAL.RECORDING.CHECK_QUESTION_TRUE
955363.799 DISPLAY_BLANK BLOCK.TRIAL.RECORDING.DISPLAY_BLANK (BEGIN) 
955378.491 DISPLAY_BLANK BLOCK.TRIAL.RECORDING.DISPLAY_BLANK
955381.338 ADD_TO_RESULTS_FILE BLOCK.TRIAL.RECORDING.ADD_TO_RESULTS_FILE
955467.537 SetValueAction 
955467.771 SetValueAction 
955467.965 SetValueAction 
955468.160 SetValueAction 
955468.344 SetValueAction 
955468.526 SetValueAction 
955470.425 CHECK_NEW_BLOCK BLOCK.TRIAL.CHECK_NEW_BLOCK_TRUE
955472.119 RESET_VARS BLOCK.TRIAL.RESET_VARS
956808.800 PREPARE_SEQUENCE BLOCK.TRIAL.PREPARE_SEQUENCE
958269.411 DRIFT_CORRECT BLOCK.TRIAL.DRIFT_CORRECT
958390.584 DISPLAY_TEXT BLOCK.TRIAL.RECORDING.DISPLAY_TEXT (BEGIN) 
958497.291 DISPLAY_TEXT BLOCK.TRIAL.RECORDING.DISPLAY_TEXT
967290.782 TRACKER_TIME 13 3015430.240
967291.108 KEYBOARD_TEXT BLOCK.TRIAL.RECORDING.KEYBOARD_TEXT
967294.002 SET_SENTENCE_RT BLOCK.TRIAL.RECORDING.SET_SENTENCE_RT
967294.665 CHECK_QUESTION BLOCK.TRIAL.RECORDING.CHECK_QUESTION_TRUE
967299.610 DISPLAY_BLANK BLOCK.TRIAL.RECORDING.DISPLAY_BLANK (BEGIN) 
967308.339 DISPLAY_BLANK BLOCK.TRIAL.RECORDING.DISPLAY_BLANK
967311.023 ADD_TO_RESULTS_FILE BLOCK.TRIAL.RECORDING.ADD_TO_RESULTS_FILE
967399.527 SetValueAction 
967399.749 SetValueAction 
967399.945 SetValueAction 
967400.139 SetValueAction 
967400.324 SetValueAction 
967400.506 SetValueAction 
967402.421 CHECK_NEW_BLOCK BLOCK.TRIAL.CHECK_NEW_BLOCK_TRUE
967404.067 RESET_VARS BLOCK.TRIAL.RESET_VARS
968683.749 PREPARE_SEQUENCE BLOCK.TRIAL.PREPARE_SEQUENCE
970855.365 DRIFT_CORRECT BLOCK.TRIAL.DRIFT_CORRECT
970984.722 DISPLAY_TEXT BLOCK.TRIAL.RECORDING.DISPLAY_TEXT (BEGIN) 
971257.420 DISPLAY_TEXT BLOCK.TRIAL.RECORDING.DISPLAY_TEXT
991611.116 KEYBOARD_TEXT BLOCK.TRIAL.RECORDING.KEYBOARD_TEXT
991613.554 SET_SENTENCE_RT BLOCK.TRIAL.RECORDING.SET_SENTENCE_RT
991613.950 CHECK_QUESTION BLOCK.TRIAL.RECORDING.CHECK_QUESTION_TRUE
991619.020 DISPLAY_BLANK BLOCK.TRIAL.RECORDING.DISPLAY_BLANK (BEGIN) 
991634.605 DISPLAY_BLANK BLOCK.TRIAL.RECORDING.DISPLAY_BLANK
991637.456 ADD_TO_RESULTS_FILE BLOCK.TRIAL.RECORDING.ADD_TO_RESULTS_FILE
991723.522 SetValueAction 
991723.747 SetValueAction 
991723.941 SetValueAction 
991724.126 SetValueAction 
991724.309 SetValueAction 
991724.500 SetValueAction 
991726.413 CHECK_NEW_BLOCK BLOCK.TRIAL.CHECK_NEW_BLOCK_TRUE
991728.005 RESET_VARS BLOCK.TRIAL.RESET_VARS
993030.527 PREPARE_SEQUENCE BLOCK.TRIAL.PREPARE_SEQUENCE
1011731.651 DRIFT_CORRECT BLOCK.TRIAL.DRIFT_CORRECT
1011904.777 DISPLAY_TEXT BLOCK.TRIAL.RECORDING.DISPLAY_TEXT (BEGIN) 
1012025.284 DISPLAY_TEXT BLOCK.TRIAL.RECORDING.DISPLAY_TEXT
1024913.910 KEYBOARD_TEXT BLOCK.TRIAL.RECORDING.KEYBOARD_TEXT
1024916.434 SET_SENTENCE_RT BLOCK.TRIAL.RECORDING.SET_SENTENCE_RT
1024916.857 CHECK_QUESTION BLOCK.TRIAL.RECORDING.CHECK_QUESTION_TRUE
1024922.520 DISPLAY_BLANK BLOCK.TRIAL.RECORDING.DISPLAY_BLANK (BEGIN) 
1024941.698 DISPLAY_BLANK BLOCK.TRIAL.RECORDING.DISPLAY_BLANK
1024947.253 ADD_TO_RESULTS_FILE BLOCK.TRIAL.RECORDING.ADD_TO_RESULTS_FILE
1025033.533 SetValueAction 
1025033.754 SetValueAction 
1025033.946 SetValueAction 
1025034.135 SetValueAction 
1025034.322 SetValueAction 
1025034.512 SetValueAction 
1025036.608 CHECK_NEW_BLOCK BLOCK.TRIAL.CHECK_NEW_BLOCK_TRUE
1025038.221 RESET_VARS BLOCK.TRIAL.RESET_VARS
1026407.880 PREPARE_SEQUENCE BLOCK.TRIAL.PREPARE_SEQUENCE
1027614.847 TRACKER_TIME 14 3075752.655
1027615.065 DRIFT_CORRECT BLOCK.TRIAL.DRIFT_CORRECT
1027735.568 DISPLAY_TEXT BLOCK.TRIAL.RECORDING.DISPLAY_TEXT (BEGIN) 
1027828.260 DISPLAY_TEXT BLOCK.TRIAL.RECORDING.DISPLAY_TEXT
1036097.997 KEYBOARD_TEXT BLOCK.TRIAL.RECORDING.KEYBOARD_TEXT
1036102.662 SET_SENTENCE_RT BLOCK.TRIAL.RECORDING.SET_SENTENCE_RT
1036103.270 CHECK_QUESTION BLOCK.TRIAL.RECORDING.CHECK_QUESTION_TRUE
1036110.946 DISPLAY_BLANK BLOCK.TRIAL.RECORDING.DISPLAY_BLANK (BEGIN) 
1036121.725 DISPLAY_BLANK BLOCK.TRIAL.RECORDING.DISPLAY_BLANK
1036126.854 ADD_TO_RESULTS_FILE BLOCK.TRIAL.RECORDING.ADD_TO_RESULTS_FILE
1036214.827 SetValueAction 
1036215.211 SetValueAction 
1036215.704 SetValueAction 
1036216.190 SetValueAction 
1036216.606 SetValueAction 
1036217.135 SetValueAction 
1036224.645 CHECK_NEW_BLOCK BLOCK.TRIAL.CHECK_NEW_BLOCK_TRUE
1036229.333 RESET_VARS BLOCK.TRIAL.RESET_VARS
1038406.198 PREPARE_SEQUENCE BLOCK.TRIAL.PREPARE_SEQUENCE
1039602.066 DRIFT_CORRECT BLOCK.TRIAL.DRIFT_CORRECT
1039724.672 DISPLAY_TEXT BLOCK.TRIAL.RECORDING.DISPLAY_TEXT (BEGIN) 
1039864.767 DISPLAY_TEXT BLOCK.TRIAL.RECORDING.DISPLAY_TEXT
1068454.881 KEYBOARD_TEXT BLOCK.TRIAL.RECORDING.KEYBOARD_TEXT
1068458.914 SET_SENTENCE_RT BLOCK.TRIAL.RECORDING.SET_SENTENCE_RT
1068459.904 CHECK_QUESTION BLOCK.TRIAL.RECORDING.CHECK_QUESTION_FALSE
1068468.167 DISPLAY_QUESTION BLOCK.TRIAL.RECORDING.DISPLAY_QUESTION (BEGIN) 
1068506.123 DISPLAY_QUESTION BLOCK.TRIAL.RECORDING.DISPLAY_QUESTION
1074252.559 KEYBOARD_QUESTION BLOCK.TRIAL.RECORDING.KEYBOARD_QUESTION
1074253.829 CHECK_RESPONSE_BUTTON BLOCK.TRIAL.RECORDING.CHECK_RESPONSE_BUTTON_TRUE
1074256.311 SET_VARS_CORRECT BLOCK.TRIAL.RECORDING.SET_VARS_CORRECT
1074261.246 DISPLAY_BLANK BLOCK.TRIAL.RECORDING.DISPLAY_BLANK (BEGIN) 
1074277.262 DISPLAY_BLANK BLOCK.TRIAL.RECORDING.DISPLAY_BLANK
1074280.093 ADD_TO_RESULTS_FILE BLOCK.TRIAL.RECORDING.ADD_TO_RESULTS_FILE
1074367.528 SetValueAction 
1074367.759 SetValueAction 
1074367.953 SetValueAction 
1074368.148 SetValueAction 
1074368.332 SetValueAction 
1074368.534 SetValueAction 
1074370.578 CHECK_NEW_BLOCK BLOCK.TRIAL.CHECK_NEW_BLOCK_TRUE
1074372.655 RESET_VARS BLOCK.TRIAL.RESET_VARS
1075871.413 PREPARE_SEQUENCE BLOCK.TRIAL.PREPARE_SEQUENCE
1083639.598 DRIFT_CORRECT BLOCK.TRIAL.DRIFT_CORRECT
1083763.502 DISPLAY_TEXT BLOCK.TRIAL.RECORDING.DISPLAY_TEXT (BEGIN) 
1084018.019 DISPLAY_TEXT BLOCK.TRIAL.RECORDING.DISPLAY_TEXT
1110399.531 TRACKER_TIME 15 3158535.886
1110399.860 KEYBOARD_TEXT BLOCK.TRIAL.RECORDING.KEYBOARD_TEXT
1110402.964 SET_SENTENCE_RT BLOCK.TRIAL.RECORDING.SET_SENTENCE_RT
1110403.854 CHECK_QUESTION BLOCK.TRIAL.RECORDING.CHECK_QUESTION_FALSE
1110410.617 DISPLAY_QUESTION BLOCK.TRIAL.RECORDING.DISPLAY_QUESTION (BEGIN) 
1110436.876 DISPLAY_QUESTION BLOCK.TRIAL.RECORDING.DISPLAY_QUESTION
1114133.478 KEYBOARD_QUESTION BLOCK.TRIAL.RECORDING.KEYBOARD_QUESTION
1114134.716 CHECK_RESPONSE_BUTTON BLOCK.TRIAL.RECORDING.CHECK_RESPONSE_BUTTON_TRUE
1114137.553 SET_VARS_CORRECT BLOCK.TRIAL.RECORDING.SET_VARS_CORRECT
1114142.054 DISPLAY_BLANK BLOCK.TRIAL.RECORDING.DISPLAY_BLANK (BEGIN) 
1114148.836 DISPLAY_BLANK BLOCK.TRIAL.RECORDING.DISPLAY_BLANK
1114151.596 ADD_TO_RESULTS_FILE BLOCK.TRIAL.RECORDING.ADD_TO_RESULTS_FILE
1114239.557 SetValueAction 
1114239.786 SetValueAction 
1114239.982 SetValueAction 
1114240.167 SetValueAction 
1114240.362 SetValueAction 
1114240.546 SetValueAction 
1114242.423 CHECK_NEW_BLOCK BLOCK.TRIAL.CHECK_NEW_BLOCK_TRUE
1114244.031 RESET_VARS BLOCK.TRIAL.RESET_VARS
1115756.048 PREPARE_SEQUENCE BLOCK.TRIAL.PREPARE_SEQUENCE
1118111.018 DRIFT_CORRECT BLOCK.TRIAL.DRIFT_CORRECT
1118235.922 DISPLAY_TEXT BLOCK.TRIAL.RECORDING.DISPLAY_TEXT (BEGIN) 
1118373.117 DISPLAY_TEXT BLOCK.TRIAL.RECORDING.DISPLAY_TEXT
1133406.040 KEYBOARD_TEXT BLOCK.TRIAL.RECORDING.KEYBOARD_TEXT
1133408.624 SET_SENTENCE_RT BLOCK.TRIAL.RECORDING.SET_SENTENCE_RT
1133408.992 CHECK_QUESTION BLOCK.TRIAL.RECORDING.CHECK_QUESTION_TRUE
1133414.474 DISPLAY_BLANK BLOCK.TRIAL.RECORDING.DISPLAY_BLANK (BEGIN) 
1133426.730 DISPLAY_BLANK BLOCK.TRIAL.RECORDING.DISPLAY_BLANK
1133429.670 ADD_TO_RESULTS_FILE BLOCK.TRIAL.RECORDING.ADD_TO_RESULTS_FILE
1133516.512 SetValueAction 
1133516.748 SetValueAction 
1133516.940 SetValueAction 
1133517.124 SetValueAction 
1133517.304 SetValueAction 
1133517.495 SetValueAction 
1133519.334 CHECK_NEW_BLOCK BLOCK.TRIAL.CHECK_NEW_BLOCK_TRUE
1133520.987 RESET_VARS BLOCK.TRIAL.RESET_VARS
1134804.523 PREPARE_SEQUENCE BLOCK.TRIAL.PREPARE_SEQUENCE
1136696.220 DRIFT_CORRECT BLOCK.TRIAL.DRIFT_CORRECT
1136817.472 DISPLAY_TEXT BLOCK.TRIAL.RECORDING.DISPLAY_TEXT (BEGIN) 
1136881.142 DISPLAY_TEXT BLOCK.TRIAL.RECORDING.DISPLAY_TEXT
1144996.257 KEYBOARD_TEXT BLOCK.TRIAL.RECORDING.KEYBOARD_TEXT
1145000.129 SET_SENTENCE_RT BLOCK.TRIAL.RECORDING.SET_SENTENCE_RT
1145000.681 CHECK_QUESTION BLOCK.TRIAL.RECORDING.CHECK_QUESTION_TRUE
1145006.714 DISPLAY_BLANK BLOCK.TRIAL.RECORDING.DISPLAY_BLANK (BEGIN) 
1145023.393 DISPLAY_BLANK BLOCK.TRIAL.RECORDING.DISPLAY_BLANK
1145028.655 ADD_TO_RESULTS_FILE BLOCK.TRIAL.RECORDING.ADD_TO_RESULTS_FILE
1145115.506 SetValueAction 
1145115.726 SetValueAction 
1145115.920 SetValueAction 
1145116.107 SetValueAction 
1145116.303 SetValueAction 
1145116.484 SetValueAction 
1145118.440 CHECK_NEW_BLOCK BLOCK.TRIAL.CHECK_NEW_BLOCK_TRUE
1145120.050 RESET_VARS BLOCK.TRIAL.RESET_VARS
1146427.727 PREPARE_SEQUENCE BLOCK.TRIAL.PREPARE_SEQUENCE
1148223.779 DRIFT_CORRECT BLOCK.TRIAL.DRIFT_CORRECT
1148351.291 DISPLAY_TEXT BLOCK.TRIAL.RECORDING.DISPLAY_TEXT (BEGIN) 
1148477.816 DISPLAY_TEXT BLOCK.TRIAL.RECORDING.DISPLAY_TEXT
1164559.218 KEYBOARD_TEXT BLOCK.TRIAL.RECORDING.KEYBOARD_TEXT
1164563.530 SET_SENTENCE_RT BLOCK.TRIAL.RECORDING.SET_SENTENCE_RT
1164564.809 CHECK_QUESTION BLOCK.TRIAL.RECORDING.CHECK_QUESTION_TRUE
1164572.212 DISPLAY_BLANK BLOCK.TRIAL.RECORDING.DISPLAY_BLANK (BEGIN) 
1164584.386 DISPLAY_BLANK BLOCK.TRIAL.RECORDING.DISPLAY_BLANK
1164591.033 ADD_TO_RESULTS_FILE BLOCK.TRIAL.RECORDING.ADD_TO_RESULTS_FILE
1164679.944 SetValueAction 
1164680.426 SetValueAction 
1164680.854 SetValueAction 
1164681.252 SetValueAction 
1164681.643 SetValueAction 
1164682.085 SetValueAction 
1164686.745 CHECK_NEW_BLOCK BLOCK.TRIAL.CHECK_NEW_BLOCK_TRUE
1164690.400 RESET_VARS BLOCK.TRIAL.RESET_VARS
1167305.930 PREPARE_SEQUENCE BLOCK.TRIAL.PREPARE_SEQUENCE
1168715.407 DRIFT_CORRECT BLOCK.TRIAL.DRIFT_CORRECT
1168840.822 DISPLAY_TEXT BLOCK.TRIAL.RECORDING.DISPLAY_TEXT (BEGIN) 
1168896.481 DISPLAY_TEXT BLOCK.TRIAL.RECORDING.DISPLAY_TEXT
1170960.594 TRACKER_TIME 16 3219095.697
1170961.003 KEYBOARD_TEXT BLOCK.TRIAL.RECORDING.KEYBOARD_TEXT
1170964.729 SET_SENTENCE_RT BLOCK.TRIAL.RECORDING.SET_SENTENCE_RT
1170965.597 CHECK_QUESTION BLOCK.TRIAL.RECORDING.CHECK_QUESTION_TRUE
1170972.529 DISPLAY_BLANK BLOCK.TRIAL.RECORDING.DISPLAY_BLANK (BEGIN) 
1170982.458 DISPLAY_BLANK BLOCK.TRIAL.RECORDING.DISPLAY_BLANK
1170988.678 ADD_TO_RESULTS_FILE BLOCK.TRIAL.RECORDING.ADD_TO_RESULTS_FILE
1171076.795 SetValueAction 
1171077.149 SetValueAction 
1171077.470 SetValueAction 
1171077.774 SetValueAction 
1171078.067 SetValueAction 
1171078.356 SetValueAction 
1171081.180 CHECK_NEW_BLOCK BLOCK.TRIAL.CHECK_NEW_BLOCK_TRUE
1171085.323 RESET_VARS BLOCK.TRIAL.RESET_VARS
1173676.105 PREPARE_SEQUENCE BLOCK.TRIAL.PREPARE_SEQUENCE
1175204.729 DRIFT_CORRECT BLOCK.TRIAL.DRIFT_CORRECT
1175327.589 DISPLAY_TEXT BLOCK.TRIAL.RECORDING.DISPLAY_TEXT (BEGIN) 
1175340.615 DISPLAY_TEXT BLOCK.TRIAL.RECORDING.DISPLAY_TEXT
1180506.304 KEYBOARD_TEXT BLOCK.TRIAL.RECORDING.KEYBOARD_TEXT
1180508.805 SET_SENTENCE_RT BLOCK.TRIAL.RECORDING.SET_SENTENCE_RT
1180509.168 CHECK_QUESTION BLOCK.TRIAL.RECORDING.CHECK_QUESTION_TRUE
1180514.222 DISPLAY_BLANK BLOCK.TRIAL.RECORDING.DISPLAY_BLANK (BEGIN) 
1180529.624 DISPLAY_BLANK BLOCK.TRIAL.RECORDING.DISPLAY_BLANK
1180534.254 ADD_TO_RESULTS_FILE BLOCK.TRIAL.RECORDING.ADD_TO_RESULTS_FILE
1180620.521 SetValueAction 
1180620.753 SetValueAction 
1180620.948 SetValueAction 
1180621.131 SetValueAction 
1180621.313 SetValueAction 
1180621.494 SetValueAction 
1180623.395 CHECK_NEW_BLOCK BLOCK.TRIAL.CHECK_NEW_BLOCK_TRUE
1180625.131 RESET_VARS BLOCK.TRIAL.RESET_VARS
1181879.623 PREPARE_SEQUENCE BLOCK.TRIAL.PREPARE_SEQUENCE
1185317.030 DRIFT_CORRECT BLOCK.TRIAL.DRIFT_CORRECT
1185437.331 DISPLAY_TEXT BLOCK.TRIAL.RECORDING.DISPLAY_TEXT (BEGIN) 
1185548.954 DISPLAY_TEXT BLOCK.TRIAL.RECORDING.DISPLAY_TEXT
1198252.600 KEYBOARD_TEXT BLOCK.TRIAL.RECORDING.KEYBOARD_TEXT
1198255.035 SET_SENTENCE_RT BLOCK.TRIAL.RECORDING.SET_SENTENCE_RT
1198255.462 CHECK_QUESTION BLOCK.TRIAL.RECORDING.CHECK_QUESTION_TRUE
1198260.691 DISPLAY_BLANK BLOCK.TRIAL.RECORDING.DISPLAY_BLANK (BEGIN) 
1198274.438 DISPLAY_BLANK BLOCK.TRIAL.RECORDING.DISPLAY_BLANK
1198277.669 ADD_TO_RESULTS_FILE BLOCK.TRIAL.RECORDING.ADD_TO_RESULTS_FILE
1198365.526 SetValueAction 
1198365.774 SetValueAction 
1198365.969 SetValueAction 
1198366.157 SetValueAction 
1198366.341 SetValueAction 
1198366.521 SetValueAction 
1198368.495 CHECK_NEW_BLOCK BLOCK.TRIAL.CHECK_NEW_BLOCK_TRUE
1198370.370 RESET_VARS BLOCK.TRIAL.RESET_VARS
1199689.755 PREPARE_SEQUENCE BLOCK.TRIAL.PREPARE_SEQUENCE
1204959.659 DRIFT_CORRECT BLOCK.TRIAL.DRIFT_CORRECT
1205080.683 DISPLAY_TEXT BLOCK.TRIAL.RECORDING.DISPLAY_TEXT (BEGIN) 
1205222.345 DISPLAY_TEXT BLOCK.TRIAL.RECORDING.DISPLAY_TEXT
1222956.345 KEYBOARD_TEXT BLOCK.TRIAL.RECORDING.KEYBOARD_TEXT
1222959.893 SET_SENTENCE_RT BLOCK.TRIAL.RECORDING.SET_SENTENCE_RT
1222960.432 CHECK_QUESTION BLOCK.TRIAL.RECORDING.CHECK_QUESTION_TRUE
1222967.621 DISPLAY_BLANK BLOCK.TRIAL.RECORDING.DISPLAY_BLANK (BEGIN) 
1222984.038 DISPLAY_BLANK BLOCK.TRIAL.RECORDING.DISPLAY_BLANK
1222989.371 ADD_TO_RESULTS_FILE BLOCK.TRIAL.RECORDING.ADD_TO_RESULTS_FILE
1223080.165 SetValueAction 
1223080.802 SetValueAction 
1223081.284 SetValueAction 
1223081.640 SetValueAction 
1223081.981 SetValueAction 
1223082.298 SetValueAction 
1223087.535 CHECK_NEW_BLOCK BLOCK.TRIAL.CHECK_NEW_BLOCK_TRUE
1223091.854 RESET_VARS BLOCK.TRIAL.RESET_VARS
1224457.462 PREPARE_SEQUENCE BLOCK.TRIAL.PREPARE_SEQUENCE
1225853.548 DRIFT_CORRECT BLOCK.TRIAL.DRIFT_CORRECT
1225986.361 DISPLAY_TEXT BLOCK.TRIAL.RECORDING.DISPLAY_TEXT (BEGIN) 
1226152.771 DISPLAY_TEXT BLOCK.TRIAL.RECORDING.DISPLAY_TEXT
1233780.129 TRACKER_TIME 17 3281913.941
1233780.578 KEYBOARD_TEXT BLOCK.TRIAL.RECORDING.KEYBOARD_TEXT
1233783.463 SET_SENTENCE_RT BLOCK.TRIAL.RECORDING.SET_SENTENCE_RT
1233783.840 CHECK_QUESTION BLOCK.TRIAL.RECORDING.CHECK_QUESTION_TRUE
1233788.665 DISPLAY_BLANK BLOCK.TRIAL.RECORDING.DISPLAY_BLANK (BEGIN) 
1233797.364 DISPLAY_BLANK BLOCK.TRIAL.RECORDING.DISPLAY_BLANK
1233800.115 ADD_TO_RESULTS_FILE BLOCK.TRIAL.RECORDING.ADD_TO_RESULTS_FILE
1233886.519 SetValueAction 
1233886.752 SetValueAction 
1233886.947 SetValueAction 
1233887.132 SetValueAction 
1233887.313 SetValueAction 
1233887.494 SetValueAction 
1233889.452 CHECK_NEW_BLOCK BLOCK.TRIAL.CHECK_NEW_BLOCK_TRUE
1233891.173 RESET_VARS BLOCK.TRIAL.RESET_VARS
1235376.987 PREPARE_SEQUENCE BLOCK.TRIAL.PREPARE_SEQUENCE
1240845.098 DRIFT_CORRECT BLOCK.TRIAL.DRIFT_CORRECT
1240972.503 DISPLAY_TEXT BLOCK.TRIAL.RECORDING.DISPLAY_TEXT (BEGIN) 
1241132.836 DISPLAY_TEXT BLOCK.TRIAL.RECORDING.DISPLAY_TEXT
1257845.567 KEYBOARD_TEXT BLOCK.TRIAL.RECORDING.KEYBOARD_TEXT
1257848.411 SET_SENTENCE_RT BLOCK.TRIAL.RECORDING.SET_SENTENCE_RT
1257849.060 CHECK_QUESTION BLOCK.TRIAL.RECORDING.CHECK_QUESTION_FALSE
1257857.333 DISPLAY_QUESTION BLOCK.TRIAL.RECORDING.DISPLAY_QUESTION (BEGIN) 
1257897.767 DISPLAY_QUESTION BLOCK.TRIAL.RECORDING.DISPLAY_QUESTION
1261522.801 KEYBOARD_QUESTION BLOCK.TRIAL.RECORDING.KEYBOARD_QUESTION
1261524.646 CHECK_RESPONSE_BUTTON BLOCK.TRIAL.RECORDING.CHECK_RESPONSE_BUTTON_TRUE
1261527.761 SET_VARS_CORRECT BLOCK.TRIAL.RECORDING.SET_VARS_CORRECT
1261532.914 DISPLAY_BLANK BLOCK.TRIAL.RECORDING.DISPLAY_BLANK (BEGIN) 
1261539.389 DISPLAY_BLANK BLOCK.TRIAL.RECORDING.DISPLAY_BLANK
1261543.450 ADD_TO_RESULTS_FILE BLOCK.TRIAL.RECORDING.ADD_TO_RESULTS_FILE
1261632.567 SetValueAction 
1261632.858 SetValueAction 
1261633.074 SetValueAction 
1261633.266 SetValueAction 
1261633.449 SetValueAction 
1261633.631 SetValueAction 
1261635.575 CHECK_NEW_BLOCK BLOCK.TRIAL.CHECK_NEW_BLOCK_TRUE
1261637.434 RESET_VARS BLOCK.TRIAL.RESET_VARS
1264061.078 PREPARE_SEQUENCE BLOCK.TRIAL.PREPARE_SEQUENCE
1271090.836 DRIFT_CORRECT BLOCK.TRIAL.DRIFT_CORRECT
1271220.094 DISPLAY_TEXT BLOCK.TRIAL.RECORDING.DISPLAY_TEXT (BEGIN) 
1271373.856 DISPLAY_TEXT BLOCK.TRIAL.RECORDING.DISPLAY_TEXT
1281284.956 KEYBOARD_TEXT BLOCK.TRIAL.RECORDING.KEYBOARD_TEXT
1281289.910 SET_SENTENCE_RT BLOCK.TRIAL.RECORDING.SET_SENTENCE_RT
1281290.621 CHECK_QUESTION BLOCK.TRIAL.RECORDING.CHECK_QUESTION_TRUE
1281368.882 DISPLAY_BLANK BLOCK.TRIAL.RECORDING.DISPLAY_BLANK (BEGIN) 
1281383.780 DISPLAY_BLANK BLOCK.TRIAL.RECORDING.DISPLAY_BLANK
1281389.908 ADD_TO_RESULTS_FILE BLOCK.TRIAL.RECORDING.ADD_TO_RESULTS_FILE
1281478.015 SetValueAction 
1281478.493 SetValueAction 
1281479.039 SetValueAction 
1281479.570 SetValueAction 
1281480.050 SetValueAction 
1281480.535 SetValueAction 
1281485.039 CHECK_NEW_BLOCK BLOCK.TRIAL.CHECK_NEW_BLOCK_TRUE
1281489.217 RESET_VARS BLOCK.TRIAL.RESET_VARS
1283350.465 PREPARE_SEQUENCE BLOCK.TRIAL.PREPARE_SEQUENCE
1285847.423 DRIFT_CORRECT BLOCK.TRIAL.DRIFT_CORRECT
1285985.507 DISPLAY_TEXT BLOCK.TRIAL.RECORDING.DISPLAY_TEXT (BEGIN) 
1286124.806 DISPLAY_TEXT BLOCK.TRIAL.RECORDING.DISPLAY_TEXT
1296763.923 TRACKER_TIME 18 3344896.317
1296764.275 KEYBOARD_TEXT BLOCK.TRIAL.RECORDING.KEYBOARD_TEXT
1296766.627 SET_SENTENCE_RT BLOCK.TRIAL.RECORDING.SET_SENTENCE_RT
1296767.009 CHECK_QUESTION BLOCK.TRIAL.RECORDING.CHECK_QUESTION_TRUE
1296772.006 DISPLAY_BLANK BLOCK.TRIAL.RECORDING.DISPLAY_BLANK (BEGIN) 
1296779.015 DISPLAY_BLANK BLOCK.TRIAL.RECORDING.DISPLAY_BLANK
1296781.662 ADD_TO_RESULTS_FILE BLOCK.TRIAL.RECORDING.ADD_TO_RESULTS_FILE
1296868.523 SetValueAction 
1296868.741 SetValueAction 
1296868.934 SetValueAction 
1296869.130 SetValueAction 
1296869.311 SetValueAction 
1296869.495 SetValueAction 
1296871.340 CHECK_NEW_BLOCK BLOCK.TRIAL.CHECK_NEW_BLOCK_TRUE
1296872.941 RESET_VARS BLOCK.TRIAL.RESET_VARS
1298445.255 PREPARE_SEQUENCE BLOCK.TRIAL.PREPARE_SEQUENCE
1300604.074 DRIFT_CORRECT BLOCK.TRIAL.DRIFT_CORRECT
1300862.818 DISPLAY_TEXT BLOCK.TRIAL.RECORDING.DISPLAY_TEXT (BEGIN) 
1301080.578 DISPLAY_TEXT BLOCK.TRIAL.RECORDING.DISPLAY_TEXT
1334965.230 KEYBOARD_TEXT BLOCK.TRIAL.RECORDING.KEYBOARD_TEXT
1334967.797 SET_SENTENCE_RT BLOCK.TRIAL.RECORDING.SET_SENTENCE_RT
1334968.215 CHECK_QUESTION BLOCK.TRIAL.RECORDING.CHECK_QUESTION_TRUE
1334974.245 DISPLAY_BLANK BLOCK.TRIAL.RECORDING.DISPLAY_BLANK (BEGIN) 
1334984.747 DISPLAY_BLANK BLOCK.TRIAL.RECORDING.DISPLAY_BLANK
1334990.992 ADD_TO_RESULTS_FILE BLOCK.TRIAL.RECORDING.ADD_TO_RESULTS_FILE
1335077.524 SetValueAction 
1335077.748 SetValueAction 
1335078.022 SetValueAction 
1335078.208 SetValueAction 
1335078.392 SetValueAction 
1335078.575 SetValueAction 
1335080.485 CHECK_NEW_BLOCK BLOCK.TRIAL.CHECK_NEW_BLOCK_TRUE
1335082.202 RESET_VARS BLOCK.TRIAL.RESET_VARS
1336438.766 PREPARE_SEQUENCE BLOCK.TRIAL.PREPARE_SEQUENCE
1340721.371 DRIFT_CORRECT BLOCK.TRIAL.DRIFT_CORRECT
1340984.927 DISPLAY_TEXT BLOCK.TRIAL.RECORDING.DISPLAY_TEXT (BEGIN) 
1341055.420 DISPLAY_TEXT BLOCK.TRIAL.RECORDING.DISPLAY_TEXT
1352273.164 KEYBOARD_TEXT BLOCK.TRIAL.RECORDING.KEYBOARD_TEXT
1352277.112 SET_SENTENCE_RT BLOCK.TRIAL.RECORDING.SET_SENTENCE_RT
1352277.685 CHECK_QUESTION BLOCK.TRIAL.RECORDING.CHECK_QUESTION_TRUE
1352283.948 DISPLAY_BLANK BLOCK.TRIAL.RECORDING.DISPLAY_BLANK (BEGIN) 
1352296.320 DISPLAY_BLANK BLOCK.TRIAL.RECORDING.DISPLAY_BLANK
1352301.541 ADD_TO_RESULTS_FILE BLOCK.TRIAL.RECORDING.ADD_TO_RESULTS_FILE
1352389.611 SetValueAction 
1352389.972 SetValueAction 
1352390.310 SetValueAction 
1352390.630 SetValueAction 
1352390.947 SetValueAction 
1352391.237 SetValueAction 
1352394.083 CHECK_NEW_BLOCK BLOCK.TRIAL.CHECK_NEW_BLOCK_TRUE
1352396.979 RESET_VARS BLOCK.TRIAL.RESET_VARS
1353805.647 PREPARE_SEQUENCE BLOCK.TRIAL.PREPARE_SEQUENCE
1355713.789 DRIFT_CORRECT BLOCK.TRIAL.DRIFT_CORRECT
1355841.267 DISPLAY_TEXT BLOCK.TRIAL.RECORDING.DISPLAY_TEXT (BEGIN) 
1356130.899 DISPLAY_TEXT BLOCK.TRIAL.RECORDING.DISPLAY_TEXT
1378036.087 TRACKER_TIME 19 3426166.812
1378036.566 KEYBOARD_TEXT BLOCK.TRIAL.RECORDING.KEYBOARD_TEXT
1378041.004 SET_SENTENCE_RT BLOCK.TRIAL.RECORDING.SET_SENTENCE_RT
1378041.578 CHECK_QUESTION BLOCK.TRIAL.RECORDING.CHECK_QUESTION_TRUE
1378048.291 DISPLAY_BLANK BLOCK.TRIAL.RECORDING.DISPLAY_BLANK (BEGIN) 
1378055.503 DISPLAY_BLANK BLOCK.TRIAL.RECORDING.DISPLAY_BLANK
1378062.392 ADD_TO_RESULTS_FILE BLOCK.TRIAL.RECORDING.ADD_TO_RESULTS_FILE
1378159.999 SetValueAction 
1378160.433 SetValueAction 
1378160.830 SetValueAction 
1378161.239 SetValueAction 
1378161.625 SetValueAction 
1378162.026 SetValueAction 
1378166.329 CHECK_NEW_BLOCK BLOCK.TRIAL.CHECK_NEW_BLOCK_TRUE
1378170.338 RESET_VARS BLOCK.TRIAL.RESET_VARS
1380285.599 PREPARE_SEQUENCE BLOCK.TRIAL.PREPARE_SEQUENCE
1381991.561 DRIFT_CORRECT BLOCK.TRIAL.DRIFT_CORRECT
1382141.658 DISPLAY_TEXT BLOCK.TRIAL.RECORDING.DISPLAY_TEXT (BEGIN) 
1382272.098 DISPLAY_TEXT BLOCK.TRIAL.RECORDING.DISPLAY_TEXT
1391871.400 KEYBOARD_TEXT BLOCK.TRIAL.RECORDING.KEYBOARD_TEXT
1391873.873 SET_SENTENCE_RT BLOCK.TRIAL.RECORDING.SET_SENTENCE_RT
1391874.253 CHECK_QUESTION BLOCK.TRIAL.RECORDING.CHECK_QUESTION_TRUE
1391879.179 DISPLAY_BLANK BLOCK.TRIAL.RECORDING.DISPLAY_BLANK (BEGIN) 
1391884.752 DISPLAY_BLANK BLOCK.TRIAL.RECORDING.DISPLAY_BLANK
1391890.542 ADD_TO_RESULTS_FILE BLOCK.TRIAL.RECORDING.ADD_TO_RESULTS_FILE
1391978.546 SetValueAction 
1391978.767 SetValueAction 
1391978.960 SetValueAction 
1391979.154 SetValueAction 
1391979.340 SetValueAction 
1391979.524 SetValueAction 
1391981.940 CHECK_NEW_BLOCK BLOCK.TRIAL.CHECK_NEW_BLOCK_TRUE
1391984.900 RESET_VARS BLOCK.TRIAL.RESET_VARS
1393310.491 PREPARE_SEQUENCE BLOCK.TRIAL.PREPARE_SEQUENCE
1405160.576 DRIFT_CORRECT BLOCK.TRIAL.DRIFT_CORRECT
1405283.352 DISPLAY_TEXT BLOCK.TRIAL.RECORDING.DISPLAY_TEXT (BEGIN) 
1405385.973 DISPLAY_TEXT BLOCK.TRIAL.RECORDING.DISPLAY_TEXT
1416817.998 KEYBOARD_TEXT BLOCK.TRIAL.RECORDING.KEYBOARD_TEXT
1416820.597 SET_SENTENCE_RT BLOCK.TRIAL.RECORDING.SET_SENTENCE_RT
1416820.973 CHECK_QUESTION BLOCK.TRIAL.RECORDING.CHECK_QUESTION_TRUE
1416895.831 DISPLAY_BLANK BLOCK.TRIAL.RECORDING.DISPLAY_BLANK (BEGIN) 
1416910.796 DISPLAY_BLANK BLOCK.TRIAL.RECORDING.DISPLAY_BLANK
1416916.478 ADD_TO_RESULTS_FILE BLOCK.TRIAL.RECORDING.ADD_TO_RESULTS_FILE
1417002.518 SetValueAction 
1417002.761 SetValueAction 
1417002.953 SetValueAction 
1417003.138 SetValueAction 
1417003.323 SetValueAction 
1417003.503 SetValueAction 
1417005.750 CHECK_NEW_BLOCK BLOCK.TRIAL.CHECK_NEW_BLOCK_TRUE
1417007.863 RESET_VARS BLOCK.TRIAL.RESET_VARS
1419471.003 PREPARE_SEQUENCE BLOCK.TRIAL.PREPARE_SEQUENCE
1440502.122 TRACKER_TIME 20 3488631.596
1440502.320 DRIFT_CORRECT BLOCK.TRIAL.DRIFT_CORRECT
1440629.518 DISPLAY_TEXT BLOCK.TRIAL.RECORDING.DISPLAY_TEXT (BEGIN) 
1440773.730 DISPLAY_TEXT BLOCK.TRIAL.RECORDING.DISPLAY_TEXT
1458372.703 KEYBOARD_TEXT BLOCK.TRIAL.RECORDING.KEYBOARD_TEXT
1458375.271 SET_SENTENCE_RT BLOCK.TRIAL.RECORDING.SET_SENTENCE_RT
1458375.662 CHECK_QUESTION BLOCK.TRIAL.RECORDING.CHECK_QUESTION_TRUE
1458450.788 DISPLAY_BLANK BLOCK.TRIAL.RECORDING.DISPLAY_BLANK (BEGIN) 
1458465.416 DISPLAY_BLANK BLOCK.TRIAL.RECORDING.DISPLAY_BLANK
1458468.446 ADD_TO_RESULTS_FILE BLOCK.TRIAL.RECORDING.ADD_TO_RESULTS_FILE
1458554.548 SetValueAction 
1458554.776 SetValueAction 
1458554.972 SetValueAction 
1458555.157 SetValueAction 
1458555.352 SetValueAction 
1458555.539 SetValueAction 
1458557.399 CHECK_NEW_BLOCK BLOCK.TRIAL.CHECK_NEW_BLOCK_TRUE
1458559.072 RESET_VARS BLOCK.TRIAL.RESET_VARS
1459929.699 PREPARE_SEQUENCE BLOCK.TRIAL.PREPARE_SEQUENCE
1461691.375 DRIFT_CORRECT BLOCK.TRIAL.DRIFT_CORRECT
1461814.438 DISPLAY_TEXT BLOCK.TRIAL.RECORDING.DISPLAY_TEXT (BEGIN) 
1461919.542 DISPLAY_TEXT BLOCK.TRIAL.RECORDING.DISPLAY_TEXT
1472975.844 KEYBOARD_TEXT BLOCK.TRIAL.RECORDING.KEYBOARD_TEXT
1472981.073 SET_SENTENCE_RT BLOCK.TRIAL.RECORDING.SET_SENTENCE_RT
1472981.897 CHECK_QUESTION BLOCK.TRIAL.RECORDING.CHECK_QUESTION_TRUE
1472990.293 DISPLAY_BLANK BLOCK.TRIAL.RECORDING.DISPLAY_BLANK (BEGIN) 
1472995.822 DISPLAY_BLANK BLOCK.TRIAL.RECORDING.DISPLAY_BLANK
1473001.245 ADD_TO_RESULTS_FILE BLOCK.TRIAL.RECORDING.ADD_TO_RESULTS_FILE
1473144.171 SetValueAction 
1473144.581 SetValueAction 
1473144.936 SetValueAction 
1473145.273 SetValueAction 
1473145.584 SetValueAction 
1473146.138 SetValueAction 
1473150.332 CHECK_NEW_BLOCK BLOCK.TRIAL.CHECK_NEW_BLOCK_TRUE
1473156.611 RESET_VARS BLOCK.TRIAL.RESET_VARS
1475937.736 PREPARE_SEQUENCE BLOCK.TRIAL.PREPARE_SEQUENCE
1478530.635 DRIFT_CORRECT BLOCK.TRIAL.DRIFT_CORRECT
1478777.917 DISPLAY_TEXT BLOCK.TRIAL.RECORDING.DISPLAY_TEXT (BEGIN) 
1479153.254 DISPLAY_TEXT BLOCK.TRIAL.RECORDING.DISPLAY_TEXT
1480318.856 KEYBOARD_TEXT BLOCK.TRIAL.RECORDING.KEYBOARD_TEXT
1480324.338 SET_SENTENCE_RT BLOCK.TRIAL.RECORDING.SET_SENTENCE_RT
1480325.868 CHECK_QUESTION BLOCK.TRIAL.RECORDING.CHECK_QUESTION_FALSE
1480336.798 DISPLAY_QUESTION BLOCK.TRIAL.RECORDING.DISPLAY_QUESTION (BEGIN) 
1480407.444 DISPLAY_QUESTION BLOCK.TRIAL.RECORDING.DISPLAY_QUESTION
1495377.929 KEYBOARD_QUESTION BLOCK.TRIAL.RECORDING.KEYBOARD_QUESTION
1495379.822 CHECK_RESPONSE_BUTTON BLOCK.TRIAL.RECORDING.CHECK_RESPONSE_BUTTON_TRUE
1495384.780 SET_VARS_CORRECT BLOCK.TRIAL.RECORDING.SET_VARS_CORRECT
1495392.101 DISPLAY_BLANK BLOCK.TRIAL.RECORDING.DISPLAY_BLANK (BEGIN) 
1495404.737 DISPLAY_BLANK BLOCK.TRIAL.RECORDING.DISPLAY_BLANK
1495411.023 ADD_TO_RESULTS_FILE BLOCK.TRIAL.RECORDING.ADD_TO_RESULTS_FILE
1495500.123 SetValueAction 
1495500.681 SetValueAction 
1495501.162 SetValueAction 
1495501.623 SetValueAction 
1495501.964 SetValueAction 
1495502.280 SetValueAction 
1495507.531 CHECK_NEW_BLOCK BLOCK.TRIAL.CHECK_NEW_BLOCK_TRUE
1495510.412 RESET_VARS BLOCK.TRIAL.RESET_VARS
1498608.168 PREPARE_SEQUENCE BLOCK.TRIAL.PREPARE_SEQUENCE
1501371.623 TRACKER_TIME 21 3549499.651
1501371.897 DRIFT_CORRECT BLOCK.TRIAL.DRIFT_CORRECT
1501497.258 DISPLAY_TEXT BLOCK.TRIAL.RECORDING.DISPLAY_TEXT (BEGIN) 
1501589.609 DISPLAY_TEXT BLOCK.TRIAL.RECORDING.DISPLAY_TEXT
1510160.460 KEYBOARD_TEXT BLOCK.TRIAL.RECORDING.KEYBOARD_TEXT
1510163.332 SET_SENTENCE_RT BLOCK.TRIAL.RECORDING.SET_SENTENCE_RT
1510163.788 CHECK_QUESTION BLOCK.TRIAL.RECORDING.CHECK_QUESTION_TRUE
1510170.800 DISPLAY_BLANK BLOCK.TRIAL.RECORDING.DISPLAY_BLANK (BEGIN) 
1510183.732 DISPLAY_BLANK BLOCK.TRIAL.RECORDING.DISPLAY_BLANK
1510189.898 ADD_TO_RESULTS_FILE BLOCK.TRIAL.RECORDING.ADD_TO_RESULTS_FILE
1510276.549 SetValueAction 
1510276.772 SetValueAction 
1510276.990 SetValueAction 
1510277.178 SetValueAction 
1510277.364 SetValueAction 
1510277.546 SetValueAction 
1510279.481 CHECK_NEW_BLOCK BLOCK.TRIAL.CHECK_NEW_BLOCK_TRUE
1510281.243 RESET_VARS BLOCK.TRIAL.RESET_VARS
1512064.126 PREPARE_SEQUENCE BLOCK.TRIAL.PREPARE_SEQUENCE
1513729.964 DRIFT_CORRECT BLOCK.TRIAL.DRIFT_CORRECT
1513859.563 DISPLAY_TEXT BLOCK.TRIAL.RECORDING.DISPLAY_TEXT (BEGIN) 
1514086.798 DISPLAY_TEXT BLOCK.TRIAL.RECORDING.DISPLAY_TEXT
1527358.741 KEYBOARD_TEXT BLOCK.TRIAL.RECORDING.KEYBOARD_TEXT
1527363.187 SET_SENTENCE_RT BLOCK.TRIAL.RECORDING.SET_SENTENCE_RT
1527364.126 CHECK_QUESTION BLOCK.TRIAL.RECORDING.CHECK_QUESTION_FALSE
1527372.885 DISPLAY_QUESTION BLOCK.TRIAL.RECORDING.DISPLAY_QUESTION (BEGIN) 
1527438.618 DISPLAY_QUESTION BLOCK.TRIAL.RECORDING.DISPLAY_QUESTION
1530966.595 KEYBOARD_QUESTION BLOCK.TRIAL.RECORDING.KEYBOARD_QUESTION
1530968.440 CHECK_RESPONSE_BUTTON BLOCK.TRIAL.RECORDING.CHECK_RESPONSE_BUTTON_TRUE
1530971.142 SET_VARS_CORRECT BLOCK.TRIAL.RECORDING.SET_VARS_CORRECT
1531045.941 DISPLAY_BLANK BLOCK.TRIAL.RECORDING.DISPLAY_BLANK (BEGIN) 
1531060.889 DISPLAY_BLANK BLOCK.TRIAL.RECORDING.DISPLAY_BLANK
1531067.212 ADD_TO_RESULTS_FILE BLOCK.TRIAL.RECORDING.ADD_TO_RESULTS_FILE
1531153.533 SetValueAction 
1531153.767 SetValueAction 
1531153.962 SetValueAction 
1531154.145 SetValueAction 
1531154.327 SetValueAction 
1531154.517 SetValueAction 
1531157.081 CHECK_NEW_BLOCK BLOCK.TRIAL.CHECK_NEW_BLOCK_TRUE
1531159.214 RESET_VARS BLOCK.TRIAL.RESET_VARS
1532737.685 PREPARE_SEQUENCE BLOCK.TRIAL.PREPARE_SEQUENCE
1534256.830 DRIFT_CORRECT BLOCK.TRIAL.DRIFT_CORRECT
1534377.188 DISPLAY_TEXT BLOCK.TRIAL.RECORDING.DISPLAY_TEXT (BEGIN) 
1534495.775 DISPLAY_TEXT BLOCK.TRIAL.RECORDING.DISPLAY_TEXT
1555883.262 KEYBOARD_TEXT BLOCK.TRIAL.RECORDING.KEYBOARD_TEXT
1555886.087 SET_SENTENCE_RT BLOCK.TRIAL.RECORDING.SET_SENTENCE_RT
1555886.474 CHECK_QUESTION BLOCK.TRIAL.RECORDING.CHECK_QUESTION_TRUE
1555891.925 DISPLAY_BLANK BLOCK.TRIAL.RECORDING.DISPLAY_BLANK (BEGIN) 
1555903.633 DISPLAY_BLANK BLOCK.TRIAL.RECORDING.DISPLAY_BLANK
1555906.843 ADD_TO_RESULTS_FILE BLOCK.TRIAL.RECORDING.ADD_TO_RESULTS_FILE
1555994.017 SetValueAction 
1555994.555 SetValueAction 
1555994.819 SetValueAction 
1555995.112 SetValueAction 
1555995.404 SetValueAction 
1555995.632 SetValueAction 
1555997.797 CHECK_NEW_BLOCK BLOCK.TRIAL.CHECK_NEW_BLOCK_TRUE
1556000.457 RESET_VARS BLOCK.TRIAL.RESET_VARS
1557416.140 PREPARE_SEQUENCE BLOCK.TRIAL.PREPARE_SEQUENCE
1562715.199 TRACKER_TIME 22 3610842.130
1562715.396 DRIFT_CORRECT BLOCK.TRIAL.DRIFT_CORRECT
1562836.747 DISPLAY_TEXT BLOCK.TRIAL.RECORDING.DISPLAY_TEXT (BEGIN) 
1562941.776 DISPLAY_TEXT BLOCK.TRIAL.RECORDING.DISPLAY_TEXT
1575429.679 KEYBOARD_TEXT BLOCK.TRIAL.RECORDING.KEYBOARD_TEXT
1575433.020 SET_SENTENCE_RT BLOCK.TRIAL.RECORDING.SET_SENTENCE_RT
1575434.157 CHECK_QUESTION BLOCK.TRIAL.RECORDING.CHECK_QUESTION_TRUE
1575439.242 DISPLAY_BLANK BLOCK.TRIAL.RECORDING.DISPLAY_BLANK (BEGIN) 
1575448.044 DISPLAY_BLANK BLOCK.TRIAL.RECORDING.DISPLAY_BLANK
1575453.772 ADD_TO_RESULTS_FILE BLOCK.TRIAL.RECORDING.ADD_TO_RESULTS_FILE
1575540.524 SetValueAction 
1575540.741 SetValueAction 
1575540.935 SetValueAction 
1575541.123 SetValueAction 
1575541.316 SetValueAction 
1575541.500 SetValueAction 
1575543.444 CHECK_NEW_BLOCK BLOCK.TRIAL.CHECK_NEW_BLOCK_TRUE
1575545.279 RESET_VARS BLOCK.TRIAL.RESET_VARS
1576903.080 PREPARE_SEQUENCE BLOCK.TRIAL.PREPARE_SEQUENCE
1578576.348 DRIFT_CORRECT BLOCK.TRIAL.DRIFT_CORRECT
1578697.344 DISPLAY_TEXT BLOCK.TRIAL.RECORDING.DISPLAY_TEXT (BEGIN) 
1578713.722 DISPLAY_TEXT BLOCK.TRIAL.RECORDING.DISPLAY_TEXT
1579884.021 KEYBOARD_TEXT BLOCK.TRIAL.RECORDING.KEYBOARD_TEXT
1579886.548 SET_SENTENCE_RT BLOCK.TRIAL.RECORDING.SET_SENTENCE_RT
1579887.249 CHECK_QUESTION BLOCK.TRIAL.RECORDING.CHECK_QUESTION_TRUE
1579892.144 DISPLAY_BLANK BLOCK.TRIAL.RECORDING.DISPLAY_BLANK (BEGIN) 
1579896.561 DISPLAY_BLANK BLOCK.TRIAL.RECORDING.DISPLAY_BLANK
1579899.248 ADD_TO_RESULTS_FILE BLOCK.TRIAL.RECORDING.ADD_TO_RESULTS_FILE
1579986.689 SetValueAction 
1579987.134 SetValueAction 
1579987.583 SetValueAction 
1579988.000 SetValueAction 
1579988.421 SetValueAction 
1579988.822 SetValueAction 
1579992.103 CHECK_NEW_BLOCK BLOCK.TRIAL.CHECK_NEW_BLOCK_TRUE
1579995.229 RESET_VARS BLOCK.TRIAL.RESET_VARS
1581276.218 PREPARE_SEQUENCE BLOCK.TRIAL.PREPARE_SEQUENCE
1582694.635 DRIFT_CORRECT BLOCK.TRIAL.DRIFT_CORRECT
1582822.795 DISPLAY_TEXT BLOCK.TRIAL.RECORDING.DISPLAY_TEXT (BEGIN) 
1582931.773 DISPLAY_TEXT BLOCK.TRIAL.RECORDING.DISPLAY_TEXT
1594267.248 KEYBOARD_TEXT BLOCK.TRIAL.RECORDING.KEYBOARD_TEXT
1594272.723 SET_SENTENCE_RT BLOCK.TRIAL.RECORDING.SET_SENTENCE_RT
1594273.635 CHECK_QUESTION BLOCK.TRIAL.RECORDING.CHECK_QUESTION_TRUE
1594282.573 DISPLAY_BLANK BLOCK.TRIAL.RECORDING.DISPLAY_BLANK (BEGIN) 
1594292.512 DISPLAY_BLANK BLOCK.TRIAL.RECORDING.DISPLAY_BLANK
1594297.274 ADD_TO_RESULTS_FILE BLOCK.TRIAL.RECORDING.ADD_TO_RESULTS_FILE
1594409.781 SetValueAction 
1594410.158 SetValueAction 
1594410.522 SetValueAction 
1594411.067 SetValueAction 
1594411.413 SetValueAction 
1594411.741 SetValueAction 
1594414.651 CHECK_NEW_BLOCK BLOCK.TRIAL.CHECK_NEW_BLOCK_TRUE
1594418.014 RESET_VARS BLOCK.TRIAL.RESET_VARS
1596670.094 PREPARE_SEQUENCE BLOCK.TRIAL.PREPARE_SEQUENCE
1599309.803 DRIFT_CORRECT BLOCK.TRIAL.DRIFT_CORRECT
1599437.033 DISPLAY_TEXT BLOCK.TRIAL.RECORDING.DISPLAY_TEXT (BEGIN) 
1599622.613 DISPLAY_TEXT BLOCK.TRIAL.RECORDING.DISPLAY_TEXT
1620263.482 KEYBOARD_TEXT BLOCK.TRIAL.RECORDING.KEYBOARD_TEXT
1620267.344 SET_SENTENCE_RT BLOCK.TRIAL.RECORDING.SET_SENTENCE_RT
1620268.296 CHECK_QUESTION BLOCK.TRIAL.RECORDING.CHECK_QUESTION_TRUE
1620275.641 DISPLAY_BLANK BLOCK.TRIAL.RECORDING.DISPLAY_BLANK (BEGIN) 
1620284.896 DISPLAY_BLANK BLOCK.TRIAL.RECORDING.DISPLAY_BLANK
1620288.877 ADD_TO_RESULTS_FILE BLOCK.TRIAL.RECORDING.ADD_TO_RESULTS_FILE
1620391.134 SetValueAction 
1620391.703 SetValueAction 
1620392.256 SetValueAction 
1620392.786 SetValueAction 
1620393.332 SetValueAction 
1620393.880 SetValueAction 
1620411.629 CHECK_NEW_BLOCK BLOCK.TRIAL.CHECK_NEW_BLOCK_TRUE
1620415.416 RESET_VARS BLOCK.TRIAL.RESET_VARS
1622719.272 TRACKER_TIME 23 3670844.257
1622719.623 PREPARE_SEQUENCE BLOCK.TRIAL.PREPARE_SEQUENCE
1624785.268 DRIFT_CORRECT BLOCK.TRIAL.DRIFT_CORRECT
1624917.311 DISPLAY_TEXT BLOCK.TRIAL.RECORDING.DISPLAY_TEXT (BEGIN) 
1624944.735 DISPLAY_TEXT BLOCK.TRIAL.RECORDING.DISPLAY_TEXT
1626354.782 KEYBOARD_TEXT BLOCK.TRIAL.RECORDING.KEYBOARD_TEXT
1626358.696 SET_SENTENCE_RT BLOCK.TRIAL.RECORDING.SET_SENTENCE_RT
1626359.410 CHECK_QUESTION BLOCK.TRIAL.RECORDING.CHECK_QUESTION_TRUE
1626434.938 DISPLAY_BLANK BLOCK.TRIAL.RECORDING.DISPLAY_BLANK (BEGIN) 
1626449.946 DISPLAY_BLANK BLOCK.TRIAL.RECORDING.DISPLAY_BLANK
1626456.335 ADD_TO_RESULTS_FILE BLOCK.TRIAL.RECORDING.ADD_TO_RESULTS_FILE
1626542.541 SetValueAction 
1626542.789 SetValueAction 
1626542.988 SetValueAction 
1626543.175 SetValueAction 
1626543.359 SetValueAction 
1626543.543 SetValueAction 
1626545.665 CHECK_NEW_BLOCK BLOCK.TRIAL.CHECK_NEW_BLOCK_FALSE
1626552.226 NEW_COUNTERBALANCE_BREAK BLOCK.TRIAL.NEW_COUNTERBALANCE_BREAK (BEGIN) 
1626566.522 NEW_COUNTERBALANCE_BREAK BLOCK.TRIAL.NEW_COUNTERBALANCE_BREAK
1647739.500 KEYBOARD[1] BLOCK.TRIAL.KEYBOARD[1]
1827337.661 TRACKER_TIME 24 3875458.769
1827338.044 EL_CAMERA_SETUP BLOCK.TRIAL.EL_CAMERA_SETUP
1827344.258 EXPERIMENT_CONTINUE BLOCK.TRIAL.EXPERIMENT_CONTINUE (BEGIN) 
1827357.963 EXPERIMENT_CONTINUE BLOCK.TRIAL.EXPERIMENT_CONTINUE
1829867.671 KEYBOARD BLOCK.TRIAL.KEYBOARD
1829869.999 RESET_VARS BLOCK.TRIAL.RESET_VARS
1831457.440 PREPARE_SEQUENCE BLOCK.TRIAL.PREPARE_SEQUENCE
1876780.602 DRIFT_CORRECT BLOCK.TRIAL.DRIFT_CORRECT
1876906.682 DISPLAY_TEXT BLOCK.TRIAL.RECORDING.DISPLAY_TEXT (BEGIN) 
1876931.654 DISPLAY_TEXT BLOCK.TRIAL.RECORDING.DISPLAY_TEXT
1879258.234 KEYBOARD_TEXT BLOCK.TRIAL.RECORDING.KEYBOARD_TEXT
1879262.988 SET_SENTENCE_RT BLOCK.TRIAL.RECORDING.SET_SENTENCE_RT
1879263.798 CHECK_QUESTION BLOCK.TRIAL.RECORDING.CHECK_QUESTION_TRUE
1879271.206 DISPLAY_BLANK BLOCK.TRIAL.RECORDING.DISPLAY_BLANK (BEGIN) 
1879276.306 DISPLAY_BLANK BLOCK.TRIAL.RECORDING.DISPLAY_BLANK
1879282.550 ADD_TO_RESULTS_FILE BLOCK.TRIAL.RECORDING.ADD_TO_RESULTS_FILE
1879554.039 SetValueAction 
1879554.589 SetValueAction 
1879555.147 SetValueAction 
1879555.672 SetValueAction 
1879556.224 SetValueAction 
1879556.696 SetValueAction 
1879561.612 CHECK_NEW_BLOCK BLOCK.TRIAL.CHECK_NEW_BLOCK_TRUE
1879564.823 RESET_VARS BLOCK.TRIAL.RESET_VARS
1881462.840 PREPARE_SEQUENCE BLOCK.TRIAL.PREPARE_SEQUENCE
1886305.230 DRIFT_CORRECT BLOCK.TRIAL.DRIFT_CORRECT
1886434.094 DISPLAY_TEXT BLOCK.TRIAL.RECORDING.DISPLAY_TEXT (BEGIN) 
1886696.487 DISPLAY_TEXT BLOCK.TRIAL.RECORDING.DISPLAY_TEXT
1906088.290 TRACKER_TIME 25 3954207.978
1906088.623 KEYBOARD_TEXT BLOCK.TRIAL.RECORDING.KEYBOARD_TEXT
1906091.635 SET_SENTENCE_RT BLOCK.TRIAL.RECORDING.SET_SENTENCE_RT
1906092.153 CHECK_QUESTION BLOCK.TRIAL.RECORDING.CHECK_QUESTION_TRUE
1906097.356 DISPLAY_BLANK BLOCK.TRIAL.RECORDING.DISPLAY_BLANK (BEGIN) 
1906101.971 DISPLAY_BLANK BLOCK.TRIAL.RECORDING.DISPLAY_BLANK
1906108.314 ADD_TO_RESULTS_FILE BLOCK.TRIAL.RECORDING.ADD_TO_RESULTS_FILE
1906194.969 SetValueAction 
1906195.451 SetValueAction 
1906195.869 SetValueAction 
1906196.271 SetValueAction 
1906196.685 SetValueAction 
1906197.082 SetValueAction 
1906201.277 CHECK_NEW_BLOCK BLOCK.TRIAL.CHECK_NEW_BLOCK_TRUE
1906205.476 RESET_VARS BLOCK.TRIAL.RESET_VARS
1907703.204 PREPARE_SEQUENCE BLOCK.TRIAL.PREPARE_SEQUENCE
1910930.683 DRIFT_CORRECT BLOCK.TRIAL.DRIFT_CORRECT
1911058.437 DISPLAY_TEXT BLOCK.TRIAL.RECORDING.DISPLAY_TEXT (BEGIN) 
1911369.561 DISPLAY_TEXT BLOCK.TRIAL.RECORDING.DISPLAY_TEXT
1929825.115 KEYBOARD_TEXT BLOCK.TRIAL.RECORDING.KEYBOARD_TEXT
1929827.719 SET_SENTENCE_RT BLOCK.TRIAL.RECORDING.SET_SENTENCE_RT
1929828.500 CHECK_QUESTION BLOCK.TRIAL.RECORDING.CHECK_QUESTION_TRUE
1929835.839 DISPLAY_BLANK BLOCK.TRIAL.RECORDING.DISPLAY_BLANK (BEGIN) 
1929844.727 DISPLAY_BLANK BLOCK.TRIAL.RECORDING.DISPLAY_BLANK
1929847.521 ADD_TO_RESULTS_FILE BLOCK.TRIAL.RECORDING.ADD_TO_RESULTS_FILE
1929934.788 SetValueAction 
1929935.152 SetValueAction 
1929935.470 SetValueAction 
1929935.770 SetValueAction 
1929936.077 SetValueAction 
1929936.376 SetValueAction 
1929938.938 CHECK_NEW_BLOCK BLOCK.TRIAL.CHECK_NEW_BLOCK_TRUE
1929940.726 RESET_VARS BLOCK.TRIAL.RESET_VARS
1931322.240 PREPARE_SEQUENCE BLOCK.TRIAL.PREPARE_SEQUENCE
1934745.221 DRIFT_CORRECT BLOCK.TRIAL.DRIFT_CORRECT
1934870.096 DISPLAY_TEXT BLOCK.TRIAL.RECORDING.DISPLAY_TEXT (BEGIN) 
1935067.043 DISPLAY_TEXT BLOCK.TRIAL.RECORDING.DISPLAY_TEXT
1949969.392 KEYBOARD_TEXT BLOCK.TRIAL.RECORDING.KEYBOARD_TEXT
1949974.927 SET_SENTENCE_RT BLOCK.TRIAL.RECORDING.SET_SENTENCE_RT
1949975.706 CHECK_QUESTION BLOCK.TRIAL.RECORDING.CHECK_QUESTION_TRUE
1949983.154 DISPLAY_BLANK BLOCK.TRIAL.RECORDING.DISPLAY_BLANK (BEGIN) 
1949988.899 DISPLAY_BLANK BLOCK.TRIAL.RECORDING.DISPLAY_BLANK
1949993.015 ADD_TO_RESULTS_FILE BLOCK.TRIAL.RECORDING.ADD_TO_RESULTS_FILE
1950082.062 SetValueAction 
1950082.492 SetValueAction 
1950082.876 SetValueAction 
1950083.291 SetValueAction 
1950083.622 SetValueAction 
1950083.937 SetValueAction 
1950087.327 CHECK_NEW_BLOCK BLOCK.TRIAL.CHECK_NEW_BLOCK_TRUE
1950091.405 RESET_VARS BLOCK.TRIAL.RESET_VARS
1952337.532 PREPARE_SEQUENCE BLOCK.TRIAL.PREPARE_SEQUENCE
1971560.666 TRACKER_TIME 26 4019678.989
1971560.972 DRIFT_CORRECT BLOCK.TRIAL.DRIFT_CORRECT
1971690.854 DISPLAY_TEXT BLOCK.TRIAL.RECORDING.DISPLAY_TEXT (BEGIN) 
1971862.628 DISPLAY_TEXT BLOCK.TRIAL.RECORDING.DISPLAY_TEXT
1989172.925 KEYBOARD_TEXT BLOCK.TRIAL.RECORDING.KEYBOARD_TEXT
1989178.980 SET_SENTENCE_RT BLOCK.TRIAL.RECORDING.SET_SENTENCE_RT
1989179.717 CHECK_QUESTION BLOCK.TRIAL.RECORDING.CHECK_QUESTION_TRUE
1989187.417 DISPLAY_BLANK BLOCK.TRIAL.RECORDING.DISPLAY_BLANK (BEGIN) 
1989194.220 DISPLAY_BLANK BLOCK.TRIAL.RECORDING.DISPLAY_BLANK
1989202.107 ADD_TO_RESULTS_FILE BLOCK.TRIAL.RECORDING.ADD_TO_RESULTS_FILE
1989296.826 SetValueAction 
1989297.224 SetValueAction 
1989297.569 SetValueAction 
1989297.895 SetValueAction 
1989298.248 SetValueAction 
1989298.574 SetValueAction 
1989301.687 CHECK_NEW_BLOCK BLOCK.TRIAL.CHECK_NEW_BLOCK_TRUE
1989304.764 RESET_VARS BLOCK.TRIAL.RESET_VARS
1991155.702 PREPARE_SEQUENCE BLOCK.TRIAL.PREPARE_SEQUENCE
1992532.921 DRIFT_CORRECT BLOCK.TRIAL.DRIFT_CORRECT
1992660.316 DISPLAY_TEXT BLOCK.TRIAL.RECORDING.DISPLAY_TEXT (BEGIN) 
1992810.764 DISPLAY_TEXT BLOCK.TRIAL.RECORDING.DISPLAY_TEXT
2003132.103 KEYBOARD_TEXT BLOCK.TRIAL.RECORDING.KEYBOARD_TEXT
2003134.847 SET_SENTENCE_RT BLOCK.TRIAL.RECORDING.SET_SENTENCE_RT
2003135.656 CHECK_QUESTION BLOCK.TRIAL.RECORDING.CHECK_QUESTION_FALSE
2003142.566 DISPLAY_QUESTION BLOCK.TRIAL.RECORDING.DISPLAY_QUESTION (BEGIN) 
2003196.292 DISPLAY_QUESTION BLOCK.TRIAL.RECORDING.DISPLAY_QUESTION
2005684.645 KEYBOARD_QUESTION BLOCK.TRIAL.RECORDING.KEYBOARD_QUESTION
2005686.340 CHECK_RESPONSE_BUTTON BLOCK.TRIAL.RECORDING.CHECK_RESPONSE_BUTTON_TRUE
2005690.968 SET_VARS_CORRECT BLOCK.TRIAL.RECORDING.SET_VARS_CORRECT
2005695.543 DISPLAY_BLANK BLOCK.TRIAL.RECORDING.DISPLAY_BLANK (BEGIN) 
2005706.101 DISPLAY_BLANK BLOCK.TRIAL.RECORDING.DISPLAY_BLANK
2005710.778 ADD_TO_RESULTS_FILE BLOCK.TRIAL.RECORDING.ADD_TO_RESULTS_FILE
2005801.818 SetValueAction 
2005802.173 SetValueAction 
2005802.640 SetValueAction 
2005803.003 SetValueAction 
2005803.325 SetValueAction 
2005803.651 SetValueAction 
2005808.283 CHECK_NEW_BLOCK BLOCK.TRIAL.CHECK_NEW_BLOCK_TRUE
2005810.578 RESET_VARS BLOCK.TRIAL.RESET_VARS
2008518.138 PREPARE_SEQUENCE BLOCK.TRIAL.PREPARE_SEQUENCE
2070583.596 TRACKER_TIME 27 4118699.939
2070583.815 DRIFT_CORRECT BLOCK.TRIAL.DRIFT_CORRECT
2070707.575 DISPLAY_TEXT BLOCK.TRIAL.RECORDING.DISPLAY_TEXT (BEGIN) 
2070822.173 DISPLAY_TEXT BLOCK.TRIAL.RECORDING.DISPLAY_TEXT
2071874.328 KEYBOARD_TEXT BLOCK.TRIAL.RECORDING.KEYBOARD_TEXT
2071877.765 SET_SENTENCE_RT BLOCK.TRIAL.RECORDING.SET_SENTENCE_RT
2071878.555 CHECK_QUESTION BLOCK.TRIAL.RECORDING.CHECK_QUESTION_TRUE
2071883.595 DISPLAY_BLANK BLOCK.TRIAL.RECORDING.DISPLAY_BLANK (BEGIN) 
2071887.518 DISPLAY_BLANK BLOCK.TRIAL.RECORDING.DISPLAY_BLANK
2071891.431 ADD_TO_RESULTS_FILE BLOCK.TRIAL.RECORDING.ADD_TO_RESULTS_FILE
2071979.551 SetValueAction 
2071979.775 SetValueAction 
2071979.963 SetValueAction 
2071980.149 SetValueAction 
2071980.330 SetValueAction 
2071980.517 SetValueAction 
2071982.325 CHECK_NEW_BLOCK BLOCK.TRIAL.CHECK_NEW_BLOCK_TRUE
2071983.973 RESET_VARS BLOCK.TRIAL.RESET_VARS
2073336.737 PREPARE_SEQUENCE BLOCK.TRIAL.PREPARE_SEQUENCE
2075241.414 DRIFT_CORRECT BLOCK.TRIAL.DRIFT_CORRECT
el_logger: Quit logger.
******** END OF THE LOG FILE ********
