22915.924 ********************************************************
22915.971 ** Session beginning Tuesday December 07, 2021 01:37:46 AM **
22915.976 ** ExperimentBuilder Project : P08 **
22915.980 ** ExperimentBuilder Version : 2.3.38 **
22915.984 ** ExperimentBuilder Build   : Jul 30 2020 **
22915.987 ********************************************************
22915.993 TRACKER_TIME 0 2812735.393
23356.029 SETUP_INSTRUCTIONS SETUP_INSTRUCTIONS (BEGIN) 
23364.969 SETUP_INSTRUCTIONS SETUP_INSTRUCTIONS
24764.218 KEYBOARD KEYBOARD
57802.558 EL_CAMERA_SETUP EL_CAMERA_SETUP
57836.511 EXPERIMENTAL__FIRST_BLOCK_INSTRUCTIONS BLOCK.EXPERIMENTAL__FIRST_BLOCK_INSTRUCTIONS (BEGIN) 
57855.253 EXPERIMENTAL__FIRST_BLOCK_INSTRUCTIONS BLOCK.EXPERIMENTAL__FIRST_BLOCK_INSTRUCTIONS
59797.157 KEYBOARD BLOCK.KEYBOARD
59797.326 SetValueAction 
59797.354 SetValueAction 
59797.381 SetValueAction 
59797.406 SetValueAction 
59797.431 SetValueAction 
59797.456 SetValueAction 
59797.798 CHECK_NEW_BLOCK BLOCK.TRIAL.CHECK_NEW_BLOCK_TRUE
59798.189 RESET_VARS BLOCK.TRIAL.RESET_VARS
60194.911 PREPARE_SEQUENCE BLOCK.TRIAL.PREPARE_SEQUENCE
61898.332 DRIFT_CORRECT BLOCK.TRIAL.DRIFT_CORRECT
62012.938 DISPLAY_TEXT BLOCK.TRIAL.RECORDING.DISPLAY_TEXT (BEGIN) 
62020.321 DISPLAY_TEXT BLOCK.TRIAL.RECORDING.DISPLAY_TEXT
62599.397 KEYBOARD_TEXT BLOCK.TRIAL.RECORDING.KEYBOARD_TEXT
62599.912 SET_SENTENCE_RT BLOCK.TRIAL.RECORDING.SET_SENTENCE_RT
62599.985 CHECK_QUESTION BLOCK.TRIAL.RECORDING.CHECK_QUESTION_TRUE
62604.634 DISPLAY_BLANK BLOCK.TRIAL.RECORDING.DISPLAY_BLANK (BEGIN) 
62620.515 DISPLAY_BLANK BLOCK.TRIAL.RECORDING.DISPLAY_BLANK
62621.168 ADD_TO_RESULTS_FILE BLOCK.TRIAL.RECORDING.ADD_TO_RESULTS_FILE
62708.096 SetValueAction 
62708.128 SetValueAction 
62708.154 SetValueAction 
62708.179 SetValueAction 
62708.204 SetValueAction 
62708.228 SetValueAction 
62708.645 CHECK_NEW_BLOCK BLOCK.TRIAL.CHECK_NEW_BLOCK_TRUE
62708.943 RESET_VARS BLOCK.TRIAL.RESET_VARS
63074.050 PREPARE_SEQUENCE BLOCK.TRIAL.PREPARE_SEQUENCE
69942.641 DRIFT_CORRECT BLOCK.TRIAL.DRIFT_CORRECT
70057.793 DISPLAY_TEXT BLOCK.TRIAL.RECORDING.DISPLAY_TEXT (BEGIN) 
70068.087 DISPLAY_TEXT BLOCK.TRIAL.RECORDING.DISPLAY_TEXT
70900.605 KEYBOARD_TEXT BLOCK.TRIAL.RECORDING.KEYBOARD_TEXT
70901.219 SET_SENTENCE_RT BLOCK.TRIAL.RECORDING.SET_SENTENCE_RT
70901.358 CHECK_QUESTION BLOCK.TRIAL.RECORDING.CHECK_QUESTION_TRUE
70903.244 DISPLAY_BLANK BLOCK.TRIAL.RECORDING.DISPLAY_BLANK (BEGIN) 
70918.063 DISPLAY_BLANK BLOCK.TRIAL.RECORDING.DISPLAY_BLANK
70918.557 ADD_TO_RESULTS_FILE BLOCK.TRIAL.RECORDING.ADD_TO_RESULTS_FILE
71003.148 SetValueAction 
71003.180 SetValueAction 
71003.207 SetValueAction 
71003.232 SetValueAction 
71003.258 SetValueAction 
71003.282 SetValueAction 
71003.734 CHECK_NEW_BLOCK BLOCK.TRIAL.CHECK_NEW_BLOCK_TRUE
71004.096 RESET_VARS BLOCK.TRIAL.RESET_VARS
71374.702 PREPARE_SEQUENCE BLOCK.TRIAL.PREPARE_SEQUENCE
73498.833 DRIFT_CORRECT BLOCK.TRIAL.DRIFT_CORRECT
73621.887 DISPLAY_TEXT BLOCK.TRIAL.RECORDING.DISPLAY_TEXT (BEGIN) 
73633.802 DISPLAY_TEXT BLOCK.TRIAL.RECORDING.DISPLAY_TEXT
74683.651 KEYBOARD_TEXT BLOCK.TRIAL.RECORDING.KEYBOARD_TEXT
74684.214 SET_SENTENCE_RT BLOCK.TRIAL.RECORDING.SET_SENTENCE_RT
74684.295 CHECK_QUESTION BLOCK.TRIAL.RECORDING.CHECK_QUESTION_TRUE
74686.253 DISPLAY_BLANK BLOCK.TRIAL.RECORDING.DISPLAY_BLANK (BEGIN) 
74700.247 DISPLAY_BLANK BLOCK.TRIAL.RECORDING.DISPLAY_BLANK
74700.782 ADD_TO_RESULTS_FILE BLOCK.TRIAL.RECORDING.ADD_TO_RESULTS_FILE
74785.100 SetValueAction 
74785.132 SetValueAction 
74785.160 SetValueAction 
74785.185 SetValueAction 
74785.211 SetValueAction 
74785.235 SetValueAction 
74785.646 CHECK_NEW_BLOCK BLOCK.TRIAL.CHECK_NEW_BLOCK_TRUE
74786.012 RESET_VARS BLOCK.TRIAL.RESET_VARS
75151.481 PREPARE_SEQUENCE BLOCK.TRIAL.PREPARE_SEQUENCE
77491.323 DRIFT_CORRECT BLOCK.TRIAL.DRIFT_CORRECT
77605.712 DISPLAY_TEXT BLOCK.TRIAL.RECORDING.DISPLAY_TEXT (BEGIN) 
77621.379 DISPLAY_TEXT BLOCK.TRIAL.RECORDING.DISPLAY_TEXT
78491.367 KEYBOARD_TEXT BLOCK.TRIAL.RECORDING.KEYBOARD_TEXT
78491.930 SET_SENTENCE_RT BLOCK.TRIAL.RECORDING.SET_SENTENCE_RT
78492.023 CHECK_QUESTION BLOCK.TRIAL.RECORDING.CHECK_QUESTION_TRUE
78493.945 DISPLAY_BLANK BLOCK.TRIAL.RECORDING.DISPLAY_BLANK (BEGIN) 
78498.746 DISPLAY_BLANK BLOCK.TRIAL.RECORDING.DISPLAY_BLANK
78499.310 ADD_TO_RESULTS_FILE BLOCK.TRIAL.RECORDING.ADD_TO_RESULTS_FILE
78584.096 SetValueAction 
78584.129 SetValueAction 
78584.157 SetValueAction 
78584.184 SetValueAction 
78584.209 SetValueAction 
78584.233 SetValueAction 
78584.692 CHECK_NEW_BLOCK BLOCK.TRIAL.CHECK_NEW_BLOCK_TRUE
78585.050 RESET_VARS BLOCK.TRIAL.RESET_VARS
78963.308 PREPARE_SEQUENCE BLOCK.TRIAL.PREPARE_SEQUENCE
79909.189 DRIFT_CORRECT BLOCK.TRIAL.DRIFT_CORRECT
80022.535 DISPLAY_TEXT BLOCK.TRIAL.RECORDING.DISPLAY_TEXT (BEGIN) 
80050.201 DISPLAY_TEXT BLOCK.TRIAL.RECORDING.DISPLAY_TEXT
80468.258 KEYBOARD_TEXT BLOCK.TRIAL.RECORDING.KEYBOARD_TEXT
80468.787 SET_SENTENCE_RT BLOCK.TRIAL.RECORDING.SET_SENTENCE_RT
80468.979 CHECK_QUESTION BLOCK.TRIAL.RECORDING.CHECK_QUESTION_FALSE
80471.554 DISPLAY_QUESTION BLOCK.TRIAL.RECORDING.DISPLAY_QUESTION (BEGIN) 
80481.736 DISPLAY_QUESTION BLOCK.TRIAL.RECORDING.DISPLAY_QUESTION
83173.848 TRACKER_TIME 1 2872992.137
83173.961 KEYBOARD_QUESTION BLOCK.TRIAL.RECORDING.KEYBOARD_QUESTION
83174.344 CHECK_RESPONSE_BUTTON BLOCK.TRIAL.RECORDING.CHECK_RESPONSE_BUTTON_FALSE
83175.227 SET_VARS_INCORRECT BLOCK.TRIAL.RECORDING.SET_VARS_INCORRECT
83177.164 DISPLAY_BLANK BLOCK.TRIAL.RECORDING.DISPLAY_BLANK (BEGIN) 
83180.699 DISPLAY_BLANK BLOCK.TRIAL.RECORDING.DISPLAY_BLANK
83181.600 ADD_TO_RESULTS_FILE BLOCK.TRIAL.RECORDING.ADD_TO_RESULTS_FILE
83267.121 SetValueAction 
83267.156 SetValueAction 
83267.184 SetValueAction 
83267.211 SetValueAction 
83267.239 SetValueAction 
83267.266 SetValueAction 
83267.642 CHECK_NEW_BLOCK BLOCK.TRIAL.CHECK_NEW_BLOCK_TRUE
83268.038 RESET_VARS BLOCK.TRIAL.RESET_VARS
83753.191 PREPARE_SEQUENCE BLOCK.TRIAL.PREPARE_SEQUENCE
84756.218 DRIFT_CORRECT BLOCK.TRIAL.DRIFT_CORRECT
84869.737 DISPLAY_TEXT BLOCK.TRIAL.RECORDING.DISPLAY_TEXT (BEGIN) 
84880.478 DISPLAY_TEXT BLOCK.TRIAL.RECORDING.DISPLAY_TEXT
85536.544 KEYBOARD_TEXT BLOCK.TRIAL.RECORDING.KEYBOARD_TEXT
85537.113 SET_SENTENCE_RT BLOCK.TRIAL.RECORDING.SET_SENTENCE_RT
85537.239 CHECK_QUESTION BLOCK.TRIAL.RECORDING.CHECK_QUESTION_TRUE
85539.036 DISPLAY_BLANK BLOCK.TRIAL.RECORDING.DISPLAY_BLANK (BEGIN) 
85546.839 DISPLAY_BLANK BLOCK.TRIAL.RECORDING.DISPLAY_BLANK
85547.464 ADD_TO_RESULTS_FILE BLOCK.TRIAL.RECORDING.ADD_TO_RESULTS_FILE
85633.092 SetValueAction 
85633.124 SetValueAction 
85633.151 SetValueAction 
85633.176 SetValueAction 
85633.202 SetValueAction 
85633.226 SetValueAction 
85633.615 CHECK_NEW_BLOCK BLOCK.TRIAL.CHECK_NEW_BLOCK_TRUE
85633.999 RESET_VARS BLOCK.TRIAL.RESET_VARS
86044.242 PREPARE_SEQUENCE BLOCK.TRIAL.PREPARE_SEQUENCE
87822.937 DRIFT_CORRECT BLOCK.TRIAL.DRIFT_CORRECT
87937.810 DISPLAY_TEXT BLOCK.TRIAL.RECORDING.DISPLAY_TEXT (BEGIN) 
87952.017 DISPLAY_TEXT BLOCK.TRIAL.RECORDING.DISPLAY_TEXT
88382.106 KEYBOARD_TEXT BLOCK.TRIAL.RECORDING.KEYBOARD_TEXT
88382.726 SET_SENTENCE_RT BLOCK.TRIAL.RECORDING.SET_SENTENCE_RT
88382.825 CHECK_QUESTION BLOCK.TRIAL.RECORDING.CHECK_QUESTION_TRUE
88384.754 DISPLAY_BLANK BLOCK.TRIAL.RECORDING.DISPLAY_BLANK (BEGIN) 
88396.163 DISPLAY_BLANK BLOCK.TRIAL.RECORDING.DISPLAY_BLANK
88396.732 ADD_TO_RESULTS_FILE BLOCK.TRIAL.RECORDING.ADD_TO_RESULTS_FILE
88482.093 SetValueAction 
88482.125 SetValueAction 
88482.155 SetValueAction 
88482.181 SetValueAction 
88482.205 SetValueAction 
88482.231 SetValueAction 
88482.661 CHECK_NEW_BLOCK BLOCK.TRIAL.CHECK_NEW_BLOCK_TRUE
88483.010 RESET_VARS BLOCK.TRIAL.RESET_VARS
88907.814 PREPARE_SEQUENCE BLOCK.TRIAL.PREPARE_SEQUENCE
90564.312 DRIFT_CORRECT BLOCK.TRIAL.DRIFT_CORRECT
90685.787 DISPLAY_TEXT BLOCK.TRIAL.RECORDING.DISPLAY_TEXT (BEGIN) 
90704.487 DISPLAY_TEXT BLOCK.TRIAL.RECORDING.DISPLAY_TEXT
91111.202 KEYBOARD_TEXT BLOCK.TRIAL.RECORDING.KEYBOARD_TEXT
91111.840 SET_SENTENCE_RT BLOCK.TRIAL.RECORDING.SET_SENTENCE_RT
91112.079 CHECK_QUESTION BLOCK.TRIAL.RECORDING.CHECK_QUESTION_FALSE
91114.882 DISPLAY_QUESTION BLOCK.TRIAL.RECORDING.DISPLAY_QUESTION (BEGIN) 
91128.786 DISPLAY_QUESTION BLOCK.TRIAL.RECORDING.DISPLAY_QUESTION
93774.951 KEYBOARD_QUESTION BLOCK.TRIAL.RECORDING.KEYBOARD_QUESTION
93775.190 CHECK_RESPONSE_BUTTON BLOCK.TRIAL.RECORDING.CHECK_RESPONSE_BUTTON_TRUE
93775.936 SET_VARS_CORRECT BLOCK.TRIAL.RECORDING.SET_VARS_CORRECT
93777.832 DISPLAY_BLANK BLOCK.TRIAL.RECORDING.DISPLAY_BLANK (BEGIN) 
93794.791 DISPLAY_BLANK BLOCK.TRIAL.RECORDING.DISPLAY_BLANK
93795.319 ADD_TO_RESULTS_FILE BLOCK.TRIAL.RECORDING.ADD_TO_RESULTS_FILE
93881.093 SetValueAction 
93881.126 SetValueAction 
93881.154 SetValueAction 
93881.179 SetValueAction 
93881.222 SetValueAction 
93881.263 SetValueAction 
93881.711 CHECK_NEW_BLOCK BLOCK.TRIAL.CHECK_NEW_BLOCK_TRUE
93882.089 RESET_VARS BLOCK.TRIAL.RESET_VARS
94283.618 PREPARE_SEQUENCE BLOCK.TRIAL.PREPARE_SEQUENCE
95132.995 DRIFT_CORRECT BLOCK.TRIAL.DRIFT_CORRECT
95251.742 DISPLAY_TEXT BLOCK.TRIAL.RECORDING.DISPLAY_TEXT (BEGIN) 
95260.722 DISPLAY_TEXT BLOCK.TRIAL.RECORDING.DISPLAY_TEXT
96069.606 KEYBOARD_TEXT BLOCK.TRIAL.RECORDING.KEYBOARD_TEXT
96070.235 SET_SENTENCE_RT BLOCK.TRIAL.RECORDING.SET_SENTENCE_RT
96070.344 CHECK_QUESTION BLOCK.TRIAL.RECORDING.CHECK_QUESTION_TRUE
96072.191 DISPLAY_BLANK BLOCK.TRIAL.RECORDING.DISPLAY_BLANK (BEGIN) 
96076.971 DISPLAY_BLANK BLOCK.TRIAL.RECORDING.DISPLAY_BLANK
96077.570 ADD_TO_RESULTS_FILE BLOCK.TRIAL.RECORDING.ADD_TO_RESULTS_FILE
96163.094 SetValueAction 
96163.126 SetValueAction 
96163.153 SetValueAction 
96163.178 SetValueAction 
96163.204 SetValueAction 
96163.229 SetValueAction 
96163.859 CHECK_NEW_BLOCK BLOCK.TRIAL.CHECK_NEW_BLOCK_FALSE
96195.892 NEW_COUNTERBALANCE_BREAK BLOCK.TRIAL.NEW_COUNTERBALANCE_BREAK (BEGIN) 
96210.705 NEW_COUNTERBALANCE_BREAK BLOCK.TRIAL.NEW_COUNTERBALANCE_BREAK
98760.467 KEYBOARD[1] BLOCK.TRIAL.KEYBOARD[1]
117023.635 EL_CAMERA_SETUP BLOCK.TRIAL.EL_CAMERA_SETUP
117056.344 EXPERIMENT_CONTINUE BLOCK.TRIAL.EXPERIMENT_CONTINUE (BEGIN) 
117071.301 EXPERIMENT_CONTINUE BLOCK.TRIAL.EXPERIMENT_CONTINUE
119423.084 KEYBOARD BLOCK.TRIAL.KEYBOARD
119423.587 RESET_VARS BLOCK.TRIAL.RESET_VARS
119793.744 PREPARE_SEQUENCE BLOCK.TRIAL.PREPARE_SEQUENCE
121254.185 DRIFT_CORRECT BLOCK.TRIAL.DRIFT_CORRECT
121371.666 DISPLAY_TEXT BLOCK.TRIAL.RECORDING.DISPLAY_TEXT (BEGIN) 
121386.709 DISPLAY_TEXT BLOCK.TRIAL.RECORDING.DISPLAY_TEXT
122089.384 KEYBOARD_TEXT BLOCK.TRIAL.RECORDING.KEYBOARD_TEXT
122089.987 SET_SENTENCE_RT BLOCK.TRIAL.RECORDING.SET_SENTENCE_RT
122090.078 CHECK_QUESTION BLOCK.TRIAL.RECORDING.CHECK_QUESTION_TRUE
122091.949 DISPLAY_BLANK BLOCK.TRIAL.RECORDING.DISPLAY_BLANK (BEGIN) 
122103.021 DISPLAY_BLANK BLOCK.TRIAL.RECORDING.DISPLAY_BLANK
122103.572 ADD_TO_RESULTS_FILE BLOCK.TRIAL.RECORDING.ADD_TO_RESULTS_FILE
122188.098 SetValueAction 
122188.130 SetValueAction 
122188.166 SetValueAction 
122188.192 SetValueAction 
122188.217 SetValueAction 
122188.241 SetValueAction 
122188.833 CHECK_NEW_BLOCK BLOCK.TRIAL.CHECK_NEW_BLOCK_TRUE
122189.205 RESET_VARS BLOCK.TRIAL.RESET_VARS
122557.270 PREPARE_SEQUENCE BLOCK.TRIAL.PREPARE_SEQUENCE
123629.447 DRIFT_CORRECT BLOCK.TRIAL.DRIFT_CORRECT
123746.149 DISPLAY_TEXT BLOCK.TRIAL.RECORDING.DISPLAY_TEXT (BEGIN) 
123762.145 DISPLAY_TEXT BLOCK.TRIAL.RECORDING.DISPLAY_TEXT
130883.022 KEYBOARD_TEXT BLOCK.TRIAL.RECORDING.KEYBOARD_TEXT
130883.600 SET_SENTENCE_RT BLOCK.TRIAL.RECORDING.SET_SENTENCE_RT
130883.694 CHECK_QUESTION BLOCK.TRIAL.RECORDING.CHECK_QUESTION_TRUE
130885.370 DISPLAY_BLANK BLOCK.TRIAL.RECORDING.DISPLAY_BLANK (BEGIN) 
130900.630 DISPLAY_BLANK BLOCK.TRIAL.RECORDING.DISPLAY_BLANK
130901.412 ADD_TO_RESULTS_FILE BLOCK.TRIAL.RECORDING.ADD_TO_RESULTS_FILE
130990.163 SetValueAction 
130990.237 SetValueAction 
130990.304 SetValueAction 
130990.370 SetValueAction 
130990.438 SetValueAction 
130990.537 SetValueAction 
130991.199 CHECK_NEW_BLOCK BLOCK.TRIAL.CHECK_NEW_BLOCK_TRUE
130991.713 RESET_VARS BLOCK.TRIAL.RESET_VARS
131429.218 PREPARE_SEQUENCE BLOCK.TRIAL.PREPARE_SEQUENCE
134583.171 DRIFT_CORRECT BLOCK.TRIAL.DRIFT_CORRECT
134700.559 DISPLAY_TEXT BLOCK.TRIAL.RECORDING.DISPLAY_TEXT (BEGIN) 
134736.718 DISPLAY_TEXT BLOCK.TRIAL.RECORDING.DISPLAY_TEXT
157150.040 TRACKER_TIME 2 2946966.757
157150.153 KEYBOARD_TEXT BLOCK.TRIAL.RECORDING.KEYBOARD_TEXT
157150.641 SET_SENTENCE_RT BLOCK.TRIAL.RECORDING.SET_SENTENCE_RT
157150.726 CHECK_QUESTION BLOCK.TRIAL.RECORDING.CHECK_QUESTION_TRUE
157152.647 DISPLAY_BLANK BLOCK.TRIAL.RECORDING.DISPLAY_BLANK (BEGIN) 
157159.299 DISPLAY_BLANK BLOCK.TRIAL.RECORDING.DISPLAY_BLANK
157159.902 ADD_TO_RESULTS_FILE BLOCK.TRIAL.RECORDING.ADD_TO_RESULTS_FILE
157246.111 SetValueAction 
157246.160 SetValueAction 
157246.187 SetValueAction 
157246.212 SetValueAction 
157246.238 SetValueAction 
157246.263 SetValueAction 
157246.673 CHECK_NEW_BLOCK BLOCK.TRIAL.CHECK_NEW_BLOCK_TRUE
157247.028 RESET_VARS BLOCK.TRIAL.RESET_VARS
157675.118 PREPARE_SEQUENCE BLOCK.TRIAL.PREPARE_SEQUENCE
158711.550 DRIFT_CORRECT BLOCK.TRIAL.DRIFT_CORRECT
158827.925 DISPLAY_TEXT BLOCK.TRIAL.RECORDING.DISPLAY_TEXT (BEGIN) 
158852.287 DISPLAY_TEXT BLOCK.TRIAL.RECORDING.DISPLAY_TEXT
171414.857 KEYBOARD_TEXT BLOCK.TRIAL.RECORDING.KEYBOARD_TEXT
171415.482 SET_SENTENCE_RT BLOCK.TRIAL.RECORDING.SET_SENTENCE_RT
171415.700 CHECK_QUESTION BLOCK.TRIAL.RECORDING.CHECK_QUESTION_FALSE
171418.467 DISPLAY_QUESTION BLOCK.TRIAL.RECORDING.DISPLAY_QUESTION (BEGIN) 
171424.247 DISPLAY_QUESTION BLOCK.TRIAL.RECORDING.DISPLAY_QUESTION
176343.449 KEYBOARD_QUESTION BLOCK.TRIAL.RECORDING.KEYBOARD_QUESTION
176343.726 CHECK_RESPONSE_BUTTON BLOCK.TRIAL.RECORDING.CHECK_RESPONSE_BUTTON_TRUE
176344.247 SET_VARS_CORRECT BLOCK.TRIAL.RECORDING.SET_VARS_CORRECT
176345.948 DISPLAY_BLANK BLOCK.TRIAL.RECORDING.DISPLAY_BLANK (BEGIN) 
176353.742 DISPLAY_BLANK BLOCK.TRIAL.RECORDING.DISPLAY_BLANK
176354.379 ADD_TO_RESULTS_FILE BLOCK.TRIAL.RECORDING.ADD_TO_RESULTS_FILE
176440.094 SetValueAction 
176440.126 SetValueAction 
176440.153 SetValueAction 
176440.178 SetValueAction 
176440.203 SetValueAction 
176440.228 SetValueAction 
176440.664 CHECK_NEW_BLOCK BLOCK.TRIAL.CHECK_NEW_BLOCK_TRUE
176441.033 RESET_VARS BLOCK.TRIAL.RESET_VARS
176847.637 PREPARE_SEQUENCE BLOCK.TRIAL.PREPARE_SEQUENCE
181427.901 DRIFT_CORRECT BLOCK.TRIAL.DRIFT_CORRECT
181543.942 DISPLAY_TEXT BLOCK.TRIAL.RECORDING.DISPLAY_TEXT (BEGIN) 
181564.117 DISPLAY_TEXT BLOCK.TRIAL.RECORDING.DISPLAY_TEXT
194940.961 KEYBOARD_TEXT BLOCK.TRIAL.RECORDING.KEYBOARD_TEXT
194941.532 SET_SENTENCE_RT BLOCK.TRIAL.RECORDING.SET_SENTENCE_RT
194941.745 CHECK_QUESTION BLOCK.TRIAL.RECORDING.CHECK_QUESTION_TRUE
194943.645 DISPLAY_BLANK BLOCK.TRIAL.RECORDING.DISPLAY_BLANK (BEGIN) 
194948.209 DISPLAY_BLANK BLOCK.TRIAL.RECORDING.DISPLAY_BLANK
194948.873 ADD_TO_RESULTS_FILE BLOCK.TRIAL.RECORDING.ADD_TO_RESULTS_FILE
195035.098 SetValueAction 
195035.132 SetValueAction 
195035.160 SetValueAction 
195035.186 SetValueAction 
195035.212 SetValueAction 
195035.237 SetValueAction 
195035.809 CHECK_NEW_BLOCK BLOCK.TRIAL.CHECK_NEW_BLOCK_TRUE
195036.195 RESET_VARS BLOCK.TRIAL.RESET_VARS
195426.049 PREPARE_SEQUENCE BLOCK.TRIAL.PREPARE_SEQUENCE
196525.859 DRIFT_CORRECT BLOCK.TRIAL.DRIFT_CORRECT
196647.818 DISPLAY_TEXT BLOCK.TRIAL.RECORDING.DISPLAY_TEXT (BEGIN) 
196673.758 DISPLAY_TEXT BLOCK.TRIAL.RECORDING.DISPLAY_TEXT
213329.884 KEYBOARD_TEXT BLOCK.TRIAL.RECORDING.KEYBOARD_TEXT
213330.441 SET_SENTENCE_RT BLOCK.TRIAL.RECORDING.SET_SENTENCE_RT
213330.580 CHECK_QUESTION BLOCK.TRIAL.RECORDING.CHECK_QUESTION_FALSE
213333.364 DISPLAY_QUESTION BLOCK.TRIAL.RECORDING.DISPLAY_QUESTION (BEGIN) 
213343.066 DISPLAY_QUESTION BLOCK.TRIAL.RECORDING.DISPLAY_QUESTION
215747.016 KEYBOARD_QUESTION BLOCK.TRIAL.RECORDING.KEYBOARD_QUESTION
215747.294 CHECK_RESPONSE_BUTTON BLOCK.TRIAL.RECORDING.CHECK_RESPONSE_BUTTON_TRUE
215747.816 SET_VARS_CORRECT BLOCK.TRIAL.RECORDING.SET_VARS_CORRECT
215749.421 DISPLAY_BLANK BLOCK.TRIAL.RECORDING.DISPLAY_BLANK (BEGIN) 
215759.025 DISPLAY_BLANK BLOCK.TRIAL.RECORDING.DISPLAY_BLANK
215759.618 ADD_TO_RESULTS_FILE BLOCK.TRIAL.RECORDING.ADD_TO_RESULTS_FILE
215844.113 SetValueAction 
215844.145 SetValueAction 
215844.172 SetValueAction 
215844.197 SetValueAction 
215844.222 SetValueAction 
215844.247 SetValueAction 
215844.650 CHECK_NEW_BLOCK BLOCK.TRIAL.CHECK_NEW_BLOCK_TRUE
215844.993 RESET_VARS BLOCK.TRIAL.RESET_VARS
216231.777 PREPARE_SEQUENCE BLOCK.TRIAL.PREPARE_SEQUENCE
217490.955 TRACKER_TIME 3 3007306.378
217491.089 DRIFT_CORRECT BLOCK.TRIAL.DRIFT_CORRECT
217605.711 DISPLAY_TEXT BLOCK.TRIAL.RECORDING.DISPLAY_TEXT (BEGIN) 
217630.496 DISPLAY_TEXT BLOCK.TRIAL.RECORDING.DISPLAY_TEXT
232860.576 KEYBOARD_TEXT BLOCK.TRIAL.RECORDING.KEYBOARD_TEXT
232861.095 SET_SENTENCE_RT BLOCK.TRIAL.RECORDING.SET_SENTENCE_RT
232861.173 CHECK_QUESTION BLOCK.TRIAL.RECORDING.CHECK_QUESTION_TRUE
232863.182 DISPLAY_BLANK BLOCK.TRIAL.RECORDING.DISPLAY_BLANK (BEGIN) 
232870.614 DISPLAY_BLANK BLOCK.TRIAL.RECORDING.DISPLAY_BLANK
232871.272 ADD_TO_RESULTS_FILE BLOCK.TRIAL.RECORDING.ADD_TO_RESULTS_FILE
232956.112 SetValueAction 
232956.147 SetValueAction 
232956.175 SetValueAction 
232956.201 SetValueAction 
232956.228 SetValueAction 
232956.253 SetValueAction 
232956.614 CHECK_NEW_BLOCK BLOCK.TRIAL.CHECK_NEW_BLOCK_TRUE
232956.961 RESET_VARS BLOCK.TRIAL.RESET_VARS
233334.647 PREPARE_SEQUENCE BLOCK.TRIAL.PREPARE_SEQUENCE
234522.409 DRIFT_CORRECT BLOCK.TRIAL.DRIFT_CORRECT
234636.776 DISPLAY_TEXT BLOCK.TRIAL.RECORDING.DISPLAY_TEXT (BEGIN) 
234653.801 DISPLAY_TEXT BLOCK.TRIAL.RECORDING.DISPLAY_TEXT
244597.943 KEYBOARD_TEXT BLOCK.TRIAL.RECORDING.KEYBOARD_TEXT
244598.557 SET_SENTENCE_RT BLOCK.TRIAL.RECORDING.SET_SENTENCE_RT
244598.689 CHECK_QUESTION BLOCK.TRIAL.RECORDING.CHECK_QUESTION_TRUE
244600.739 DISPLAY_BLANK BLOCK.TRIAL.RECORDING.DISPLAY_BLANK (BEGIN) 
244617.583 DISPLAY_BLANK BLOCK.TRIAL.RECORDING.DISPLAY_BLANK
244618.112 ADD_TO_RESULTS_FILE BLOCK.TRIAL.RECORDING.ADD_TO_RESULTS_FILE
244705.171 SetValueAction 
244705.207 SetValueAction 
244705.237 SetValueAction 
244705.262 SetValueAction 
244705.289 SetValueAction 
244705.315 SetValueAction 
244705.734 CHECK_NEW_BLOCK BLOCK.TRIAL.CHECK_NEW_BLOCK_TRUE
244706.081 RESET_VARS BLOCK.TRIAL.RESET_VARS
245128.725 PREPARE_SEQUENCE BLOCK.TRIAL.PREPARE_SEQUENCE
246363.691 DRIFT_CORRECT BLOCK.TRIAL.DRIFT_CORRECT
246486.774 DISPLAY_TEXT BLOCK.TRIAL.RECORDING.DISPLAY_TEXT (BEGIN) 
246503.181 DISPLAY_TEXT BLOCK.TRIAL.RECORDING.DISPLAY_TEXT
256940.922 KEYBOARD_TEXT BLOCK.TRIAL.RECORDING.KEYBOARD_TEXT
256941.387 SET_SENTENCE_RT BLOCK.TRIAL.RECORDING.SET_SENTENCE_RT
256941.483 CHECK_QUESTION BLOCK.TRIAL.RECORDING.CHECK_QUESTION_TRUE
256943.433 DISPLAY_BLANK BLOCK.TRIAL.RECORDING.DISPLAY_BLANK (BEGIN) 
256946.762 DISPLAY_BLANK BLOCK.TRIAL.RECORDING.DISPLAY_BLANK
256947.369 ADD_TO_RESULTS_FILE BLOCK.TRIAL.RECORDING.ADD_TO_RESULTS_FILE
257032.101 SetValueAction 
257032.134 SetValueAction 
257032.161 SetValueAction 
257032.186 SetValueAction 
257032.211 SetValueAction 
257032.236 SetValueAction 
257032.844 CHECK_NEW_BLOCK BLOCK.TRIAL.CHECK_NEW_BLOCK_TRUE
257033.221 RESET_VARS BLOCK.TRIAL.RESET_VARS
257415.669 PREPARE_SEQUENCE BLOCK.TRIAL.PREPARE_SEQUENCE
259833.100 DRIFT_CORRECT BLOCK.TRIAL.DRIFT_CORRECT
259952.013 DISPLAY_TEXT BLOCK.TRIAL.RECORDING.DISPLAY_TEXT (BEGIN) 
259969.590 DISPLAY_TEXT BLOCK.TRIAL.RECORDING.DISPLAY_TEXT
274248.417 KEYBOARD_TEXT BLOCK.TRIAL.RECORDING.KEYBOARD_TEXT
274248.970 SET_SENTENCE_RT BLOCK.TRIAL.RECORDING.SET_SENTENCE_RT
274249.079 CHECK_QUESTION BLOCK.TRIAL.RECORDING.CHECK_QUESTION_TRUE
274250.908 DISPLAY_BLANK BLOCK.TRIAL.RECORDING.DISPLAY_BLANK (BEGIN) 
274258.577 DISPLAY_BLANK BLOCK.TRIAL.RECORDING.DISPLAY_BLANK
274259.265 ADD_TO_RESULTS_FILE BLOCK.TRIAL.RECORDING.ADD_TO_RESULTS_FILE
274344.095 SetValueAction 
274344.127 SetValueAction 
274344.155 SetValueAction 
274344.180 SetValueAction 
274344.205 SetValueAction 
274344.229 SetValueAction 
274345.119 CHECK_NEW_BLOCK BLOCK.TRIAL.CHECK_NEW_BLOCK_TRUE
274345.493 RESET_VARS BLOCK.TRIAL.RESET_VARS
274764.790 PREPARE_SEQUENCE BLOCK.TRIAL.PREPARE_SEQUENCE
275827.476 DRIFT_CORRECT BLOCK.TRIAL.DRIFT_CORRECT
275943.925 DISPLAY_TEXT BLOCK.TRIAL.RECORDING.DISPLAY_TEXT (BEGIN) 
275961.210 DISPLAY_TEXT BLOCK.TRIAL.RECORDING.DISPLAY_TEXT
287455.732 TRACKER_TIME 4 3077269.743
287455.828 KEYBOARD_TEXT BLOCK.TRIAL.RECORDING.KEYBOARD_TEXT
287456.290 SET_SENTENCE_RT BLOCK.TRIAL.RECORDING.SET_SENTENCE_RT
287456.495 CHECK_QUESTION BLOCK.TRIAL.RECORDING.CHECK_QUESTION_FALSE
287459.433 DISPLAY_QUESTION BLOCK.TRIAL.RECORDING.DISPLAY_QUESTION (BEGIN) 
287471.592 DISPLAY_QUESTION BLOCK.TRIAL.RECORDING.DISPLAY_QUESTION
291398.573 KEYBOARD_QUESTION BLOCK.TRIAL.RECORDING.KEYBOARD_QUESTION
291398.805 CHECK_RESPONSE_BUTTON BLOCK.TRIAL.RECORDING.CHECK_RESPONSE_BUTTON_TRUE
291399.332 SET_VARS_CORRECT BLOCK.TRIAL.RECORDING.SET_VARS_CORRECT
291401.022 DISPLAY_BLANK BLOCK.TRIAL.RECORDING.DISPLAY_BLANK (BEGIN) 
291403.368 DISPLAY_BLANK BLOCK.TRIAL.RECORDING.DISPLAY_BLANK
291403.960 ADD_TO_RESULTS_FILE BLOCK.TRIAL.RECORDING.ADD_TO_RESULTS_FILE
291491.091 SetValueAction 
291491.123 SetValueAction 
291491.150 SetValueAction 
291491.175 SetValueAction 
291491.200 SetValueAction 
291491.225 SetValueAction 
291491.649 CHECK_NEW_BLOCK BLOCK.TRIAL.CHECK_NEW_BLOCK_TRUE
291491.999 RESET_VARS BLOCK.TRIAL.RESET_VARS
291881.023 PREPARE_SEQUENCE BLOCK.TRIAL.PREPARE_SEQUENCE
294743.205 DRIFT_CORRECT BLOCK.TRIAL.DRIFT_CORRECT
294860.704 DISPLAY_TEXT BLOCK.TRIAL.RECORDING.DISPLAY_TEXT (BEGIN) 
294882.239 DISPLAY_TEXT BLOCK.TRIAL.RECORDING.DISPLAY_TEXT
308049.726 KEYBOARD_TEXT BLOCK.TRIAL.RECORDING.KEYBOARD_TEXT
308050.460 SET_SENTENCE_RT BLOCK.TRIAL.RECORDING.SET_SENTENCE_RT
308050.633 CHECK_QUESTION BLOCK.TRIAL.RECORDING.CHECK_QUESTION_TRUE
308052.681 DISPLAY_BLANK BLOCK.TRIAL.RECORDING.DISPLAY_BLANK (BEGIN) 
308065.658 DISPLAY_BLANK BLOCK.TRIAL.RECORDING.DISPLAY_BLANK
308066.190 ADD_TO_RESULTS_FILE BLOCK.TRIAL.RECORDING.ADD_TO_RESULTS_FILE
308151.131 SetValueAction 
308151.175 SetValueAction 
308151.289 SetValueAction 
308151.362 SetValueAction 
308151.406 SetValueAction 
308151.432 SetValueAction 
308152.045 CHECK_NEW_BLOCK BLOCK.TRIAL.CHECK_NEW_BLOCK_TRUE
308152.420 RESET_VARS BLOCK.TRIAL.RESET_VARS
308521.240 PREPARE_SEQUENCE BLOCK.TRIAL.PREPARE_SEQUENCE
311032.006 DRIFT_CORRECT BLOCK.TRIAL.DRIFT_CORRECT
311147.973 DISPLAY_TEXT BLOCK.TRIAL.RECORDING.DISPLAY_TEXT (BEGIN) 
311164.909 DISPLAY_TEXT BLOCK.TRIAL.RECORDING.DISPLAY_TEXT
319250.289 KEYBOARD_TEXT BLOCK.TRIAL.RECORDING.KEYBOARD_TEXT
319250.865 SET_SENTENCE_RT BLOCK.TRIAL.RECORDING.SET_SENTENCE_RT
319250.936 CHECK_QUESTION BLOCK.TRIAL.RECORDING.CHECK_QUESTION_TRUE
319252.855 DISPLAY_BLANK BLOCK.TRIAL.RECORDING.DISPLAY_BLANK (BEGIN) 
319262.226 DISPLAY_BLANK BLOCK.TRIAL.RECORDING.DISPLAY_BLANK
319262.819 ADD_TO_RESULTS_FILE BLOCK.TRIAL.RECORDING.ADD_TO_RESULTS_FILE
319348.092 SetValueAction 
319348.124 SetValueAction 
319348.150 SetValueAction 
319348.175 SetValueAction 
319348.200 SetValueAction 
319348.225 SetValueAction 
319348.659 CHECK_NEW_BLOCK BLOCK.TRIAL.CHECK_NEW_BLOCK_TRUE
319348.995 RESET_VARS BLOCK.TRIAL.RESET_VARS
319726.968 PREPARE_SEQUENCE BLOCK.TRIAL.PREPARE_SEQUENCE
320738.751 DRIFT_CORRECT BLOCK.TRIAL.DRIFT_CORRECT
320863.630 DISPLAY_TEXT BLOCK.TRIAL.RECORDING.DISPLAY_TEXT (BEGIN) 
320883.971 DISPLAY_TEXT BLOCK.TRIAL.RECORDING.DISPLAY_TEXT
336162.619 KEYBOARD_TEXT BLOCK.TRIAL.RECORDING.KEYBOARD_TEXT
336163.196 SET_SENTENCE_RT BLOCK.TRIAL.RECORDING.SET_SENTENCE_RT
336163.271 CHECK_QUESTION BLOCK.TRIAL.RECORDING.CHECK_QUESTION_TRUE
336165.030 DISPLAY_BLANK BLOCK.TRIAL.RECORDING.DISPLAY_BLANK (BEGIN) 
336173.950 DISPLAY_BLANK BLOCK.TRIAL.RECORDING.DISPLAY_BLANK
336174.614 ADD_TO_RESULTS_FILE BLOCK.TRIAL.RECORDING.ADD_TO_RESULTS_FILE
336259.102 SetValueAction 
336259.136 SetValueAction 
336259.164 SetValueAction 
336259.189 SetValueAction 
336259.215 SetValueAction 
336259.240 SetValueAction 
336259.821 CHECK_NEW_BLOCK BLOCK.TRIAL.CHECK_NEW_BLOCK_TRUE
336260.198 RESET_VARS BLOCK.TRIAL.RESET_VARS
336686.930 PREPARE_SEQUENCE BLOCK.TRIAL.PREPARE_SEQUENCE
337875.195 DRIFT_CORRECT BLOCK.TRIAL.DRIFT_CORRECT
337995.716 DISPLAY_TEXT BLOCK.TRIAL.RECORDING.DISPLAY_TEXT (BEGIN) 
338010.954 DISPLAY_TEXT BLOCK.TRIAL.RECORDING.DISPLAY_TEXT
348705.255 TRACKER_TIME 5 3138518.055
348705.353 KEYBOARD_TEXT BLOCK.TRIAL.RECORDING.KEYBOARD_TEXT
348705.917 SET_SENTENCE_RT BLOCK.TRIAL.RECORDING.SET_SENTENCE_RT
348706.173 CHECK_QUESTION BLOCK.TRIAL.RECORDING.CHECK_QUESTION_TRUE
348707.994 DISPLAY_BLANK BLOCK.TRIAL.RECORDING.DISPLAY_BLANK (BEGIN) 
348720.450 DISPLAY_BLANK BLOCK.TRIAL.RECORDING.DISPLAY_BLANK
348720.995 ADD_TO_RESULTS_FILE BLOCK.TRIAL.RECORDING.ADD_TO_RESULTS_FILE
348808.121 SetValueAction 
348808.153 SetValueAction 
348808.180 SetValueAction 
348808.206 SetValueAction 
348808.231 SetValueAction 
348808.255 SetValueAction 
348808.816 CHECK_NEW_BLOCK BLOCK.TRIAL.CHECK_NEW_BLOCK_TRUE
348809.207 RESET_VARS BLOCK.TRIAL.RESET_VARS
349206.342 PREPARE_SEQUENCE BLOCK.TRIAL.PREPARE_SEQUENCE
351697.062 DRIFT_CORRECT BLOCK.TRIAL.DRIFT_CORRECT
351810.779 DISPLAY_TEXT BLOCK.TRIAL.RECORDING.DISPLAY_TEXT (BEGIN) 
351819.381 DISPLAY_TEXT BLOCK.TRIAL.RECORDING.DISPLAY_TEXT
354377.835 KEYBOARD_TEXT BLOCK.TRIAL.RECORDING.KEYBOARD_TEXT
354378.449 SET_SENTENCE_RT BLOCK.TRIAL.RECORDING.SET_SENTENCE_RT
354378.629 CHECK_QUESTION BLOCK.TRIAL.RECORDING.CHECK_QUESTION_TRUE
354380.461 DISPLAY_BLANK BLOCK.TRIAL.RECORDING.DISPLAY_BLANK (BEGIN) 
354385.226 DISPLAY_BLANK BLOCK.TRIAL.RECORDING.DISPLAY_BLANK
354385.988 ADD_TO_RESULTS_FILE BLOCK.TRIAL.RECORDING.ADD_TO_RESULTS_FILE
354473.169 SetValueAction 
354473.205 SetValueAction 
354473.235 SetValueAction 
354473.262 SetValueAction 
354473.288 SetValueAction 
354473.315 SetValueAction 
354473.720 CHECK_NEW_BLOCK BLOCK.TRIAL.CHECK_NEW_BLOCK_TRUE
354474.100 RESET_VARS BLOCK.TRIAL.RESET_VARS
354941.047 PREPARE_SEQUENCE BLOCK.TRIAL.PREPARE_SEQUENCE
355957.933 DRIFT_CORRECT BLOCK.TRIAL.DRIFT_CORRECT
356074.816 DISPLAY_TEXT BLOCK.TRIAL.RECORDING.DISPLAY_TEXT (BEGIN) 
356099.414 DISPLAY_TEXT BLOCK.TRIAL.RECORDING.DISPLAY_TEXT
376660.841 KEYBOARD_TEXT BLOCK.TRIAL.RECORDING.KEYBOARD_TEXT
376661.397 SET_SENTENCE_RT BLOCK.TRIAL.RECORDING.SET_SENTENCE_RT
376661.480 CHECK_QUESTION BLOCK.TRIAL.RECORDING.CHECK_QUESTION_TRUE
376663.422 DISPLAY_BLANK BLOCK.TRIAL.RECORDING.DISPLAY_BLANK (BEGIN) 
376679.108 DISPLAY_BLANK BLOCK.TRIAL.RECORDING.DISPLAY_BLANK
376679.679 ADD_TO_RESULTS_FILE BLOCK.TRIAL.RECORDING.ADD_TO_RESULTS_FILE
376764.123 SetValueAction 
376764.156 SetValueAction 
376764.183 SetValueAction 
376764.209 SetValueAction 
376764.234 SetValueAction 
376764.258 SetValueAction 
376764.850 CHECK_NEW_BLOCK BLOCK.TRIAL.CHECK_NEW_BLOCK_TRUE
376765.242 RESET_VARS BLOCK.TRIAL.RESET_VARS
377168.293 PREPARE_SEQUENCE BLOCK.TRIAL.PREPARE_SEQUENCE
378356.335 DRIFT_CORRECT BLOCK.TRIAL.DRIFT_CORRECT
378470.762 DISPLAY_TEXT BLOCK.TRIAL.RECORDING.DISPLAY_TEXT (BEGIN) 
378491.573 DISPLAY_TEXT BLOCK.TRIAL.RECORDING.DISPLAY_TEXT
397339.746 KEYBOARD_TEXT BLOCK.TRIAL.RECORDING.KEYBOARD_TEXT
397340.376 SET_SENTENCE_RT BLOCK.TRIAL.RECORDING.SET_SENTENCE_RT
397340.507 CHECK_QUESTION BLOCK.TRIAL.RECORDING.CHECK_QUESTION_TRUE
397342.519 DISPLAY_BLANK BLOCK.TRIAL.RECORDING.DISPLAY_BLANK (BEGIN) 
397356.377 DISPLAY_BLANK BLOCK.TRIAL.RECORDING.DISPLAY_BLANK
397356.987 ADD_TO_RESULTS_FILE BLOCK.TRIAL.RECORDING.ADD_TO_RESULTS_FILE
397444.099 SetValueAction 
397444.131 SetValueAction 
397444.158 SetValueAction 
397444.183 SetValueAction 
397444.209 SetValueAction 
397444.233 SetValueAction 
397444.840 CHECK_NEW_BLOCK BLOCK.TRIAL.CHECK_NEW_BLOCK_TRUE
397445.241 RESET_VARS BLOCK.TRIAL.RESET_VARS
397844.686 PREPARE_SEQUENCE BLOCK.TRIAL.PREPARE_SEQUENCE
401014.503 DRIFT_CORRECT BLOCK.TRIAL.DRIFT_CORRECT
401129.967 DISPLAY_TEXT BLOCK.TRIAL.RECORDING.DISPLAY_TEXT (BEGIN) 
401150.546 DISPLAY_TEXT BLOCK.TRIAL.RECORDING.DISPLAY_TEXT
416611.574 TRACKER_TIME 6 3206422.887
416611.675 KEYBOARD_TEXT BLOCK.TRIAL.RECORDING.KEYBOARD_TEXT
416612.258 SET_SENTENCE_RT BLOCK.TRIAL.RECORDING.SET_SENTENCE_RT
416612.618 CHECK_QUESTION BLOCK.TRIAL.RECORDING.CHECK_QUESTION_TRUE
416614.376 DISPLAY_BLANK BLOCK.TRIAL.RECORDING.DISPLAY_BLANK (BEGIN) 
416616.954 DISPLAY_BLANK BLOCK.TRIAL.RECORDING.DISPLAY_BLANK
416617.538 ADD_TO_RESULTS_FILE BLOCK.TRIAL.RECORDING.ADD_TO_RESULTS_FILE
416702.101 SetValueAction 
416702.134 SetValueAction 
416702.162 SetValueAction 
416702.186 SetValueAction 
416702.212 SetValueAction 
416702.237 SetValueAction 
416702.733 CHECK_NEW_BLOCK BLOCK.TRIAL.CHECK_NEW_BLOCK_TRUE
416703.075 RESET_VARS BLOCK.TRIAL.RESET_VARS
417095.602 PREPARE_SEQUENCE BLOCK.TRIAL.PREPARE_SEQUENCE
419993.117 DRIFT_CORRECT BLOCK.TRIAL.DRIFT_CORRECT
420106.810 DISPLAY_TEXT BLOCK.TRIAL.RECORDING.DISPLAY_TEXT (BEGIN) 
420135.731 DISPLAY_TEXT BLOCK.TRIAL.RECORDING.DISPLAY_TEXT
441832.458 KEYBOARD_TEXT BLOCK.TRIAL.RECORDING.KEYBOARD_TEXT
441833.143 SET_SENTENCE_RT BLOCK.TRIAL.RECORDING.SET_SENTENCE_RT
441833.367 CHECK_QUESTION BLOCK.TRIAL.RECORDING.CHECK_QUESTION_FALSE
441836.158 DISPLAY_QUESTION BLOCK.TRIAL.RECORDING.DISPLAY_QUESTION (BEGIN) 
441843.131 DISPLAY_QUESTION BLOCK.TRIAL.RECORDING.DISPLAY_QUESTION
447778.835 KEYBOARD_QUESTION BLOCK.TRIAL.RECORDING.KEYBOARD_QUESTION
447779.103 CHECK_RESPONSE_BUTTON BLOCK.TRIAL.RECORDING.CHECK_RESPONSE_BUTTON_FALSE
447779.583 SET_VARS_INCORRECT BLOCK.TRIAL.RECORDING.SET_VARS_INCORRECT
447781.474 DISPLAY_BLANK BLOCK.TRIAL.RECORDING.DISPLAY_BLANK (BEGIN) 
447791.529 DISPLAY_BLANK BLOCK.TRIAL.RECORDING.DISPLAY_BLANK
447792.199 ADD_TO_RESULTS_FILE BLOCK.TRIAL.RECORDING.ADD_TO_RESULTS_FILE
447878.095 SetValueAction 
447878.127 SetValueAction 
447878.154 SetValueAction 
447878.179 SetValueAction 
447878.204 SetValueAction 
447878.229 SetValueAction 
447878.650 CHECK_NEW_BLOCK BLOCK.TRIAL.CHECK_NEW_BLOCK_TRUE
447879.005 RESET_VARS BLOCK.TRIAL.RESET_VARS
448272.205 PREPARE_SEQUENCE BLOCK.TRIAL.PREPARE_SEQUENCE
449608.668 DRIFT_CORRECT BLOCK.TRIAL.DRIFT_CORRECT
449725.638 DISPLAY_TEXT BLOCK.TRIAL.RECORDING.DISPLAY_TEXT (BEGIN) 
449750.093 DISPLAY_TEXT BLOCK.TRIAL.RECORDING.DISPLAY_TEXT
469972.238 KEYBOARD_TEXT BLOCK.TRIAL.RECORDING.KEYBOARD_TEXT
469972.856 SET_SENTENCE_RT BLOCK.TRIAL.RECORDING.SET_SENTENCE_RT
469972.924 CHECK_QUESTION BLOCK.TRIAL.RECORDING.CHECK_QUESTION_TRUE
469974.760 DISPLAY_BLANK BLOCK.TRIAL.RECORDING.DISPLAY_BLANK (BEGIN) 
469985.083 DISPLAY_BLANK BLOCK.TRIAL.RECORDING.DISPLAY_BLANK
469985.722 ADD_TO_RESULTS_FILE BLOCK.TRIAL.RECORDING.ADD_TO_RESULTS_FILE
470070.095 SetValueAction 
470070.127 SetValueAction 
470070.154 SetValueAction 
470070.179 SetValueAction 
470070.204 SetValueAction 
470070.248 SetValueAction 
470070.733 CHECK_NEW_BLOCK BLOCK.TRIAL.CHECK_NEW_BLOCK_TRUE
470071.081 RESET_VARS BLOCK.TRIAL.RESET_VARS
470477.787 PREPARE_SEQUENCE BLOCK.TRIAL.PREPARE_SEQUENCE
471709.606 DRIFT_CORRECT BLOCK.TRIAL.DRIFT_CORRECT
471835.645 DISPLAY_TEXT BLOCK.TRIAL.RECORDING.DISPLAY_TEXT (BEGIN) 
471855.267 DISPLAY_TEXT BLOCK.TRIAL.RECORDING.DISPLAY_TEXT
486842.156 TRACKER_TIME 7 3276652.002
486842.265 KEYBOARD_TEXT BLOCK.TRIAL.RECORDING.KEYBOARD_TEXT
486842.852 SET_SENTENCE_RT BLOCK.TRIAL.RECORDING.SET_SENTENCE_RT
486843.189 CHECK_QUESTION BLOCK.TRIAL.RECORDING.CHECK_QUESTION_TRUE
486848.631 DISPLAY_BLANK BLOCK.TRIAL.RECORDING.DISPLAY_BLANK (BEGIN) 
486863.696 DISPLAY_BLANK BLOCK.TRIAL.RECORDING.DISPLAY_BLANK
486864.240 ADD_TO_RESULTS_FILE BLOCK.TRIAL.RECORDING.ADD_TO_RESULTS_FILE
486951.093 SetValueAction 
486951.126 SetValueAction 
486951.154 SetValueAction 
486951.179 SetValueAction 
486951.205 SetValueAction 
486951.230 SetValueAction 
486951.632 CHECK_NEW_BLOCK BLOCK.TRIAL.CHECK_NEW_BLOCK_TRUE
486952.020 RESET_VARS BLOCK.TRIAL.RESET_VARS
487351.817 PREPARE_SEQUENCE BLOCK.TRIAL.PREPARE_SEQUENCE
489530.398 DRIFT_CORRECT BLOCK.TRIAL.DRIFT_CORRECT
489652.782 DISPLAY_TEXT BLOCK.TRIAL.RECORDING.DISPLAY_TEXT (BEGIN) 
489681.281 DISPLAY_TEXT BLOCK.TRIAL.RECORDING.DISPLAY_TEXT
513852.881 KEYBOARD_TEXT BLOCK.TRIAL.RECORDING.KEYBOARD_TEXT
513853.589 SET_SENTENCE_RT BLOCK.TRIAL.RECORDING.SET_SENTENCE_RT
513853.694 CHECK_QUESTION BLOCK.TRIAL.RECORDING.CHECK_QUESTION_FALSE
513856.837 DISPLAY_QUESTION BLOCK.TRIAL.RECORDING.DISPLAY_QUESTION (BEGIN) 
513872.521 DISPLAY_QUESTION BLOCK.TRIAL.RECORDING.DISPLAY_QUESTION
519219.012 KEYBOARD_QUESTION BLOCK.TRIAL.RECORDING.KEYBOARD_QUESTION
519219.233 CHECK_RESPONSE_BUTTON BLOCK.TRIAL.RECORDING.CHECK_RESPONSE_BUTTON_TRUE
519219.775 SET_VARS_CORRECT BLOCK.TRIAL.RECORDING.SET_VARS_CORRECT
519221.376 DISPLAY_BLANK BLOCK.TRIAL.RECORDING.DISPLAY_BLANK (BEGIN) 
519237.645 DISPLAY_BLANK BLOCK.TRIAL.RECORDING.DISPLAY_BLANK
519238.172 ADD_TO_RESULTS_FILE BLOCK.TRIAL.RECORDING.ADD_TO_RESULTS_FILE
519324.100 SetValueAction 
519324.133 SetValueAction 
519324.162 SetValueAction 
519324.188 SetValueAction 
519324.214 SetValueAction 
519324.240 SetValueAction 
519324.613 CHECK_NEW_BLOCK BLOCK.TRIAL.CHECK_NEW_BLOCK_TRUE
519324.946 RESET_VARS BLOCK.TRIAL.RESET_VARS
519725.275 PREPARE_SEQUENCE BLOCK.TRIAL.PREPARE_SEQUENCE
522011.774 DRIFT_CORRECT BLOCK.TRIAL.DRIFT_CORRECT
522133.919 DISPLAY_TEXT BLOCK.TRIAL.RECORDING.DISPLAY_TEXT (BEGIN) 
522163.818 DISPLAY_TEXT BLOCK.TRIAL.RECORDING.DISPLAY_TEXT
544141.839 KEYBOARD_TEXT BLOCK.TRIAL.RECORDING.KEYBOARD_TEXT
544142.338 SET_SENTENCE_RT BLOCK.TRIAL.RECORDING.SET_SENTENCE_RT
544142.438 CHECK_QUESTION BLOCK.TRIAL.RECORDING.CHECK_QUESTION_TRUE
544144.260 DISPLAY_BLANK BLOCK.TRIAL.RECORDING.DISPLAY_BLANK (BEGIN) 
544146.495 DISPLAY_BLANK BLOCK.TRIAL.RECORDING.DISPLAY_BLANK
544147.102 ADD_TO_RESULTS_FILE BLOCK.TRIAL.RECORDING.ADD_TO_RESULTS_FILE
544233.097 SetValueAction 
544233.129 SetValueAction 
544233.156 SetValueAction 
544233.181 SetValueAction 
544233.206 SetValueAction 
544233.231 SetValueAction 
544233.822 CHECK_NEW_BLOCK BLOCK.TRIAL.CHECK_NEW_BLOCK_TRUE
544234.212 RESET_VARS BLOCK.TRIAL.RESET_VARS
544611.647 PREPARE_SEQUENCE BLOCK.TRIAL.PREPARE_SEQUENCE
545464.499 DRIFT_CORRECT BLOCK.TRIAL.DRIFT_CORRECT
545585.668 DISPLAY_TEXT BLOCK.TRIAL.RECORDING.DISPLAY_TEXT (BEGIN) 
545604.535 DISPLAY_TEXT BLOCK.TRIAL.RECORDING.DISPLAY_TEXT
567429.743 TRACKER_TIME 8 3357238.008
567429.855 KEYBOARD_TEXT BLOCK.TRIAL.RECORDING.KEYBOARD_TEXT
567430.740 SET_SENTENCE_RT BLOCK.TRIAL.RECORDING.SET_SENTENCE_RT
567430.903 CHECK_QUESTION BLOCK.TRIAL.RECORDING.CHECK_QUESTION_TRUE
567432.848 DISPLAY_BLANK BLOCK.TRIAL.RECORDING.DISPLAY_BLANK (BEGIN) 
567439.962 DISPLAY_BLANK BLOCK.TRIAL.RECORDING.DISPLAY_BLANK
567440.783 ADD_TO_RESULTS_FILE BLOCK.TRIAL.RECORDING.ADD_TO_RESULTS_FILE
567525.182 SetValueAction 
567525.250 SetValueAction 
567525.301 SetValueAction 
567525.346 SetValueAction 
567525.390 SetValueAction 
567525.433 SetValueAction 
567526.303 CHECK_NEW_BLOCK BLOCK.TRIAL.CHECK_NEW_BLOCK_TRUE
567527.027 RESET_VARS BLOCK.TRIAL.RESET_VARS
567988.996 PREPARE_SEQUENCE BLOCK.TRIAL.PREPARE_SEQUENCE
569169.552 DRIFT_CORRECT BLOCK.TRIAL.DRIFT_CORRECT
569285.799 DISPLAY_TEXT BLOCK.TRIAL.RECORDING.DISPLAY_TEXT (BEGIN) 
569304.411 DISPLAY_TEXT BLOCK.TRIAL.RECORDING.DISPLAY_TEXT
570411.622 KEYBOARD_TEXT BLOCK.TRIAL.RECORDING.KEYBOARD_TEXT
570412.230 SET_SENTENCE_RT BLOCK.TRIAL.RECORDING.SET_SENTENCE_RT
570412.371 CHECK_QUESTION BLOCK.TRIAL.RECORDING.CHECK_QUESTION_TRUE
570414.264 DISPLAY_BLANK BLOCK.TRIAL.RECORDING.DISPLAY_BLANK (BEGIN) 
570422.421 DISPLAY_BLANK BLOCK.TRIAL.RECORDING.DISPLAY_BLANK
570423.018 ADD_TO_RESULTS_FILE BLOCK.TRIAL.RECORDING.ADD_TO_RESULTS_FILE
570508.097 SetValueAction 
570508.131 SetValueAction 
570508.158 SetValueAction 
570508.183 SetValueAction 
570508.209 SetValueAction 
570508.233 SetValueAction 
570508.840 CHECK_NEW_BLOCK BLOCK.TRIAL.CHECK_NEW_BLOCK_TRUE
570509.223 RESET_VARS BLOCK.TRIAL.RESET_VARS
570877.407 PREPARE_SEQUENCE BLOCK.TRIAL.PREPARE_SEQUENCE
585325.967 DRIFT_CORRECT BLOCK.TRIAL.DRIFT_CORRECT
585442.958 DISPLAY_TEXT BLOCK.TRIAL.RECORDING.DISPLAY_TEXT (BEGIN) 
585459.083 DISPLAY_TEXT BLOCK.TRIAL.RECORDING.DISPLAY_TEXT
599230.983 KEYBOARD_TEXT BLOCK.TRIAL.RECORDING.KEYBOARD_TEXT
599231.581 SET_SENTENCE_RT BLOCK.TRIAL.RECORDING.SET_SENTENCE_RT
599231.753 CHECK_QUESTION BLOCK.TRIAL.RECORDING.CHECK_QUESTION_TRUE
599233.643 DISPLAY_BLANK BLOCK.TRIAL.RECORDING.DISPLAY_BLANK (BEGIN) 
599247.634 DISPLAY_BLANK BLOCK.TRIAL.RECORDING.DISPLAY_BLANK
599248.138 ADD_TO_RESULTS_FILE BLOCK.TRIAL.RECORDING.ADD_TO_RESULTS_FILE
599334.092 SetValueAction 
599334.124 SetValueAction 
599334.151 SetValueAction 
599334.177 SetValueAction 
599334.205 SetValueAction 
599334.230 SetValueAction 
599334.858 CHECK_NEW_BLOCK BLOCK.TRIAL.CHECK_NEW_BLOCK_TRUE
599335.212 RESET_VARS BLOCK.TRIAL.RESET_VARS
599727.851 PREPARE_SEQUENCE BLOCK.TRIAL.PREPARE_SEQUENCE
600886.694 DRIFT_CORRECT BLOCK.TRIAL.DRIFT_CORRECT
601000.904 DISPLAY_TEXT BLOCK.TRIAL.RECORDING.DISPLAY_TEXT (BEGIN) 
601021.152 DISPLAY_TEXT BLOCK.TRIAL.RECORDING.DISPLAY_TEXT
616024.854 KEYBOARD_TEXT BLOCK.TRIAL.RECORDING.KEYBOARD_TEXT
616025.393 SET_SENTENCE_RT BLOCK.TRIAL.RECORDING.SET_SENTENCE_RT
616025.475 CHECK_QUESTION BLOCK.TRIAL.RECORDING.CHECK_QUESTION_TRUE
616027.436 DISPLAY_BLANK BLOCK.TRIAL.RECORDING.DISPLAY_BLANK (BEGIN) 
616042.810 DISPLAY_BLANK BLOCK.TRIAL.RECORDING.DISPLAY_BLANK
616043.680 ADD_TO_RESULTS_FILE BLOCK.TRIAL.RECORDING.ADD_TO_RESULTS_FILE
616129.124 SetValueAction 
616129.159 SetValueAction 
616129.187 SetValueAction 
616129.213 SetValueAction 
616129.240 SetValueAction 
616129.266 SetValueAction 
616129.874 CHECK_NEW_BLOCK BLOCK.TRIAL.CHECK_NEW_BLOCK_TRUE
616130.228 RESET_VARS BLOCK.TRIAL.RESET_VARS
616583.889 PREPARE_SEQUENCE BLOCK.TRIAL.PREPARE_SEQUENCE
617847.033 DRIFT_CORRECT BLOCK.TRIAL.DRIFT_CORRECT
617963.873 DISPLAY_TEXT BLOCK.TRIAL.RECORDING.DISPLAY_TEXT (BEGIN) 
617985.937 DISPLAY_TEXT BLOCK.TRIAL.RECORDING.DISPLAY_TEXT
637590.107 TRACKER_TIME 9 3427396.828
637590.201 KEYBOARD_TEXT BLOCK.TRIAL.RECORDING.KEYBOARD_TEXT
637590.749 SET_SENTENCE_RT BLOCK.TRIAL.RECORDING.SET_SENTENCE_RT
637591.071 CHECK_QUESTION BLOCK.TRIAL.RECORDING.CHECK_QUESTION_TRUE
637592.963 DISPLAY_BLANK BLOCK.TRIAL.RECORDING.DISPLAY_BLANK (BEGIN) 
637602.969 DISPLAY_BLANK BLOCK.TRIAL.RECORDING.DISPLAY_BLANK
637603.583 ADD_TO_RESULTS_FILE BLOCK.TRIAL.RECORDING.ADD_TO_RESULTS_FILE
637690.092 SetValueAction 
637690.125 SetValueAction 
637690.152 SetValueAction 
637690.178 SetValueAction 
637690.203 SetValueAction 
637690.228 SetValueAction 
637690.619 CHECK_NEW_BLOCK BLOCK.TRIAL.CHECK_NEW_BLOCK_TRUE
637691.003 RESET_VARS BLOCK.TRIAL.RESET_VARS
638065.812 PREPARE_SEQUENCE BLOCK.TRIAL.PREPARE_SEQUENCE
639430.630 DRIFT_CORRECT BLOCK.TRIAL.DRIFT_CORRECT
639547.998 DISPLAY_TEXT BLOCK.TRIAL.RECORDING.DISPLAY_TEXT (BEGIN) 
639567.658 DISPLAY_TEXT BLOCK.TRIAL.RECORDING.DISPLAY_TEXT
655079.420 KEYBOARD_TEXT BLOCK.TRIAL.RECORDING.KEYBOARD_TEXT
655080.131 SET_SENTENCE_RT BLOCK.TRIAL.RECORDING.SET_SENTENCE_RT
655080.438 CHECK_QUESTION BLOCK.TRIAL.RECORDING.CHECK_QUESTION_TRUE
655082.481 DISPLAY_BLANK BLOCK.TRIAL.RECORDING.DISPLAY_BLANK (BEGIN) 
655098.102 DISPLAY_BLANK BLOCK.TRIAL.RECORDING.DISPLAY_BLANK
655098.655 ADD_TO_RESULTS_FILE BLOCK.TRIAL.RECORDING.ADD_TO_RESULTS_FILE
655184.194 SetValueAction 
655184.259 SetValueAction 
655184.332 SetValueAction 
655184.381 SetValueAction 
655184.409 SetValueAction 
655184.437 SetValueAction 
655185.028 CHECK_NEW_BLOCK BLOCK.TRIAL.CHECK_NEW_BLOCK_TRUE
655185.372 RESET_VARS BLOCK.TRIAL.RESET_VARS
655631.249 PREPARE_SEQUENCE BLOCK.TRIAL.PREPARE_SEQUENCE
656557.726 DRIFT_CORRECT BLOCK.TRIAL.DRIFT_CORRECT
656680.766 DISPLAY_TEXT BLOCK.TRIAL.RECORDING.DISPLAY_TEXT (BEGIN) 
656703.061 DISPLAY_TEXT BLOCK.TRIAL.RECORDING.DISPLAY_TEXT
671558.251 KEYBOARD_TEXT BLOCK.TRIAL.RECORDING.KEYBOARD_TEXT
671558.823 SET_SENTENCE_RT BLOCK.TRIAL.RECORDING.SET_SENTENCE_RT
671558.885 CHECK_QUESTION BLOCK.TRIAL.RECORDING.CHECK_QUESTION_TRUE
671560.723 DISPLAY_BLANK BLOCK.TRIAL.RECORDING.DISPLAY_BLANK (BEGIN) 
671576.643 DISPLAY_BLANK BLOCK.TRIAL.RECORDING.DISPLAY_BLANK
671577.174 ADD_TO_RESULTS_FILE BLOCK.TRIAL.RECORDING.ADD_TO_RESULTS_FILE
671664.091 SetValueAction 
671664.127 SetValueAction 
671664.156 SetValueAction 
671664.181 SetValueAction 
671664.242 SetValueAction 
671664.267 SetValueAction 
671664.786 CHECK_NEW_BLOCK BLOCK.TRIAL.CHECK_NEW_BLOCK_TRUE
671665.394 RESET_VARS BLOCK.TRIAL.RESET_VARS
672080.304 PREPARE_SEQUENCE BLOCK.TRIAL.PREPARE_SEQUENCE
672996.616 DRIFT_CORRECT BLOCK.TRIAL.DRIFT_CORRECT
673113.806 DISPLAY_TEXT BLOCK.TRIAL.RECORDING.DISPLAY_TEXT (BEGIN) 
673126.040 DISPLAY_TEXT BLOCK.TRIAL.RECORDING.DISPLAY_TEXT
674101.649 KEYBOARD_TEXT BLOCK.TRIAL.RECORDING.KEYBOARD_TEXT
674102.198 SET_SENTENCE_RT BLOCK.TRIAL.RECORDING.SET_SENTENCE_RT
674102.394 CHECK_QUESTION BLOCK.TRIAL.RECORDING.CHECK_QUESTION_TRUE
674104.256 DISPLAY_BLANK BLOCK.TRIAL.RECORDING.DISPLAY_BLANK (BEGIN) 
674108.767 DISPLAY_BLANK BLOCK.TRIAL.RECORDING.DISPLAY_BLANK
674109.347 ADD_TO_RESULTS_FILE BLOCK.TRIAL.RECORDING.ADD_TO_RESULTS_FILE
674195.120 SetValueAction 
674195.152 SetValueAction 
674195.179 SetValueAction 
674195.204 SetValueAction 
674195.230 SetValueAction 
674195.255 SetValueAction 
674195.669 CHECK_NEW_BLOCK BLOCK.TRIAL.CHECK_NEW_BLOCK_FALSE
674198.164 NEW_COUNTERBALANCE_BREAK BLOCK.TRIAL.NEW_COUNTERBALANCE_BREAK (BEGIN) 
674209.018 NEW_COUNTERBALANCE_BREAK BLOCK.TRIAL.NEW_COUNTERBALANCE_BREAK
687113.250 KEYBOARD[1] BLOCK.TRIAL.KEYBOARD[1]
el_logger: Quit logger.
******** END OF THE LOG FILE ********
