17006.913 ********************************************************
17006.990 ** Session beginning Thursday January 13, 2022 03:11:51 AM **
17006.999 ** ExperimentBuilder Project : P17 **
17007.005 ** ExperimentBuilder Version : 2.3.38 **
17007.011 ** ExperimentBuilder Build   : Jul 30 2020 **
17007.017 ********************************************************
17007.025 TRACKER_TIME 0 12249293.350
17453.644 SETUP_INSTRUCTIONS SETUP_INSTRUCTIONS (BEGIN) 
17467.454 SETUP_INSTRUCTIONS SETUP_INSTRUCTIONS
92230.255 TRACKER_TIME 1 12324515.026
92230.355 KEYBOARD KEYBOARD
711308.720 TRACKER_TIME 2 12943579.322
711308.794 EL_CAMERA_SETUP EL_CAMERA_SETUP
711342.306 EXPERIMENTAL__FIRST_BLOCK_INSTRUCTIONS BLOCK.EXPERIMENTAL__FIRST_BLOCK_INSTRUCTIONS (BEGIN) 
711350.329 EXPERIMENTAL__FIRST_BLOCK_INSTRUCTIONS BLOCK.EXPERIMENTAL__FIRST_BLOCK_INSTRUCTIONS
754898.609 KEYBOARD BLOCK.KEYBOARD
754898.784 SetValueAction 
754898.813 SetValueAction 
754898.841 SetValueAction 
754898.866 SetValueAction 
754898.891 SetValueAction 
754898.917 SetValueAction 
754899.373 CHECK_NEW_BLOCK BLOCK.TRIAL.CHECK_NEW_BLOCK_TRUE
754899.756 RESET_VARS BLOCK.TRIAL.RESET_VARS
755296.195 PREPARE_SEQUENCE BLOCK.TRIAL.PREPARE_SEQUENCE
777294.912 TRACKER_TIME 3 13009563.902
777295.032 DRIFT_CORRECT BLOCK.TRIAL.DRIFT_CORRECT
777416.644 DISPLAY_TEXT BLOCK.TRIAL.RECORDING.DISPLAY_TEXT (BEGIN) 
777431.556 DISPLAY_TEXT BLOCK.TRIAL.RECORDING.DISPLAY_TEXT
795741.108 KEYBOARD_TEXT BLOCK.TRIAL.RECORDING.KEYBOARD_TEXT
795741.680 SET_SENTENCE_RT BLOCK.TRIAL.RECORDING.SET_SENTENCE_RT
795741.888 CHECK_QUESTION BLOCK.TRIAL.RECORDING.CHECK_QUESTION_TRUE
795743.980 DISPLAY_BLANK BLOCK.TRIAL.RECORDING.DISPLAY_BLANK (BEGIN) 
795759.647 DISPLAY_BLANK BLOCK.TRIAL.RECORDING.DISPLAY_BLANK
795760.148 ADD_TO_RESULTS_FILE BLOCK.TRIAL.RECORDING.ADD_TO_RESULTS_FILE
795845.097 SetValueAction 
795845.130 SetValueAction 
795845.158 SetValueAction 
795845.183 SetValueAction 
795845.208 SetValueAction 
795845.233 SetValueAction 
795845.648 CHECK_NEW_BLOCK BLOCK.TRIAL.CHECK_NEW_BLOCK_TRUE
795846.019 RESET_VARS BLOCK.TRIAL.RESET_VARS
796247.966 PREPARE_SEQUENCE BLOCK.TRIAL.PREPARE_SEQUENCE
798496.241 DRIFT_CORRECT BLOCK.TRIAL.DRIFT_CORRECT
798610.984 DISPLAY_TEXT BLOCK.TRIAL.RECORDING.DISPLAY_TEXT (BEGIN) 
798625.426 DISPLAY_TEXT BLOCK.TRIAL.RECORDING.DISPLAY_TEXT
800117.392 KEYBOARD_TEXT BLOCK.TRIAL.RECORDING.KEYBOARD_TEXT
800117.860 SET_SENTENCE_RT BLOCK.TRIAL.RECORDING.SET_SENTENCE_RT
800117.949 CHECK_QUESTION BLOCK.TRIAL.RECORDING.CHECK_QUESTION_TRUE
800119.900 DISPLAY_BLANK BLOCK.TRIAL.RECORDING.DISPLAY_BLANK (BEGIN) 
800124.578 DISPLAY_BLANK BLOCK.TRIAL.RECORDING.DISPLAY_BLANK
800125.160 ADD_TO_RESULTS_FILE BLOCK.TRIAL.RECORDING.ADD_TO_RESULTS_FILE
800210.120 SetValueAction 
800210.153 SetValueAction 
800210.180 SetValueAction 
800210.205 SetValueAction 
800210.230 SetValueAction 
800210.255 SetValueAction 
800210.641 CHECK_NEW_BLOCK BLOCK.TRIAL.CHECK_NEW_BLOCK_TRUE
800210.965 RESET_VARS BLOCK.TRIAL.RESET_VARS
800573.480 PREPARE_SEQUENCE BLOCK.TRIAL.PREPARE_SEQUENCE
801745.113 DRIFT_CORRECT BLOCK.TRIAL.DRIFT_CORRECT
801864.795 DISPLAY_TEXT BLOCK.TRIAL.RECORDING.DISPLAY_TEXT (BEGIN) 
801874.274 DISPLAY_TEXT BLOCK.TRIAL.RECORDING.DISPLAY_TEXT
811114.052 KEYBOARD_TEXT BLOCK.TRIAL.RECORDING.KEYBOARD_TEXT
811114.758 SET_SENTENCE_RT BLOCK.TRIAL.RECORDING.SET_SENTENCE_RT
811114.932 CHECK_QUESTION BLOCK.TRIAL.RECORDING.CHECK_QUESTION_TRUE
811116.942 DISPLAY_BLANK BLOCK.TRIAL.RECORDING.DISPLAY_BLANK (BEGIN) 
811121.393 DISPLAY_BLANK BLOCK.TRIAL.RECORDING.DISPLAY_BLANK
811122.002 ADD_TO_RESULTS_FILE BLOCK.TRIAL.RECORDING.ADD_TO_RESULTS_FILE
811207.093 SetValueAction 
811207.126 SetValueAction 
811207.154 SetValueAction 
811207.179 SetValueAction 
811207.204 SetValueAction 
811207.229 SetValueAction 
811207.630 CHECK_NEW_BLOCK BLOCK.TRIAL.CHECK_NEW_BLOCK_TRUE
811207.938 RESET_VARS BLOCK.TRIAL.RESET_VARS
811573.755 PREPARE_SEQUENCE BLOCK.TRIAL.PREPARE_SEQUENCE
813051.825 DRIFT_CORRECT BLOCK.TRIAL.DRIFT_CORRECT
813172.635 DISPLAY_TEXT BLOCK.TRIAL.RECORDING.DISPLAY_TEXT (BEGIN) 
813187.928 DISPLAY_TEXT BLOCK.TRIAL.RECORDING.DISPLAY_TEXT
823987.963 KEYBOARD_TEXT BLOCK.TRIAL.RECORDING.KEYBOARD_TEXT
823988.535 SET_SENTENCE_RT BLOCK.TRIAL.RECORDING.SET_SENTENCE_RT
823988.635 CHECK_QUESTION BLOCK.TRIAL.RECORDING.CHECK_QUESTION_TRUE
823990.621 DISPLAY_BLANK BLOCK.TRIAL.RECORDING.DISPLAY_BLANK (BEGIN) 
824001.275 DISPLAY_BLANK BLOCK.TRIAL.RECORDING.DISPLAY_BLANK
824001.849 ADD_TO_RESULTS_FILE BLOCK.TRIAL.RECORDING.ADD_TO_RESULTS_FILE
824087.093 SetValueAction 
824087.162 SetValueAction 
824087.191 SetValueAction 
824087.230 SetValueAction 
824087.254 SetValueAction 
824087.279 SetValueAction 
824087.702 CHECK_NEW_BLOCK BLOCK.TRIAL.CHECK_NEW_BLOCK_TRUE
824088.046 RESET_VARS BLOCK.TRIAL.RESET_VARS
824468.888 PREPARE_SEQUENCE BLOCK.TRIAL.PREPARE_SEQUENCE
825762.043 DRIFT_CORRECT BLOCK.TRIAL.DRIFT_CORRECT
825885.967 DISPLAY_TEXT BLOCK.TRIAL.RECORDING.DISPLAY_TEXT (BEGIN) 
825906.013 DISPLAY_TEXT BLOCK.TRIAL.RECORDING.DISPLAY_TEXT
846263.722 TRACKER_TIME 4 13078531.144
846263.817 KEYBOARD_TEXT BLOCK.TRIAL.RECORDING.KEYBOARD_TEXT
846264.488 SET_SENTENCE_RT BLOCK.TRIAL.RECORDING.SET_SENTENCE_RT
846264.738 CHECK_QUESTION BLOCK.TRIAL.RECORDING.CHECK_QUESTION_FALSE
846267.761 DISPLAY_QUESTION BLOCK.TRIAL.RECORDING.DISPLAY_QUESTION (BEGIN) 
846278.165 DISPLAY_QUESTION BLOCK.TRIAL.RECORDING.DISPLAY_QUESTION
851389.480 KEYBOARD_QUESTION BLOCK.TRIAL.RECORDING.KEYBOARD_QUESTION
851389.745 CHECK_RESPONSE_BUTTON BLOCK.TRIAL.RECORDING.CHECK_RESPONSE_BUTTON_TRUE
851390.351 SET_VARS_CORRECT BLOCK.TRIAL.RECORDING.SET_VARS_CORRECT
851394.661 DISPLAY_BLANK BLOCK.TRIAL.RECORDING.DISPLAY_BLANK (BEGIN) 
851410.269 DISPLAY_BLANK BLOCK.TRIAL.RECORDING.DISPLAY_BLANK
851410.888 ADD_TO_RESULTS_FILE BLOCK.TRIAL.RECORDING.ADD_TO_RESULTS_FILE
851495.110 SetValueAction 
851495.142 SetValueAction 
851495.170 SetValueAction 
851495.196 SetValueAction 
851495.221 SetValueAction 
851495.246 SetValueAction 
851495.633 CHECK_NEW_BLOCK BLOCK.TRIAL.CHECK_NEW_BLOCK_TRUE
851495.939 RESET_VARS BLOCK.TRIAL.RESET_VARS
851880.166 PREPARE_SEQUENCE BLOCK.TRIAL.PREPARE_SEQUENCE
853011.111 DRIFT_CORRECT BLOCK.TRIAL.DRIFT_CORRECT
853134.831 DISPLAY_TEXT BLOCK.TRIAL.RECORDING.DISPLAY_TEXT (BEGIN) 
853144.510 DISPLAY_TEXT BLOCK.TRIAL.RECORDING.DISPLAY_TEXT
869069.863 KEYBOARD_TEXT BLOCK.TRIAL.RECORDING.KEYBOARD_TEXT
869070.459 SET_SENTENCE_RT BLOCK.TRIAL.RECORDING.SET_SENTENCE_RT
869070.583 CHECK_QUESTION BLOCK.TRIAL.RECORDING.CHECK_QUESTION_TRUE
869072.514 DISPLAY_BLANK BLOCK.TRIAL.RECORDING.DISPLAY_BLANK (BEGIN) 
869088.499 DISPLAY_BLANK BLOCK.TRIAL.RECORDING.DISPLAY_BLANK
869088.988 ADD_TO_RESULTS_FILE BLOCK.TRIAL.RECORDING.ADD_TO_RESULTS_FILE
869176.096 SetValueAction 
869176.129 SetValueAction 
869176.156 SetValueAction 
869176.182 SetValueAction 
869176.206 SetValueAction 
869176.231 SetValueAction 
869176.660 CHECK_NEW_BLOCK BLOCK.TRIAL.CHECK_NEW_BLOCK_TRUE
869176.996 RESET_VARS BLOCK.TRIAL.RESET_VARS
869590.512 PREPARE_SEQUENCE BLOCK.TRIAL.PREPARE_SEQUENCE
870651.980 DRIFT_CORRECT BLOCK.TRIAL.DRIFT_CORRECT
870766.898 DISPLAY_TEXT BLOCK.TRIAL.RECORDING.DISPLAY_TEXT (BEGIN) 
870781.225 DISPLAY_TEXT BLOCK.TRIAL.RECORDING.DISPLAY_TEXT
880485.746 KEYBOARD_TEXT BLOCK.TRIAL.RECORDING.KEYBOARD_TEXT
880486.372 SET_SENTENCE_RT BLOCK.TRIAL.RECORDING.SET_SENTENCE_RT
880486.595 CHECK_QUESTION BLOCK.TRIAL.RECORDING.CHECK_QUESTION_TRUE
880488.642 DISPLAY_BLANK BLOCK.TRIAL.RECORDING.DISPLAY_BLANK (BEGIN) 
880501.773 DISPLAY_BLANK BLOCK.TRIAL.RECORDING.DISPLAY_BLANK
880502.365 ADD_TO_RESULTS_FILE BLOCK.TRIAL.RECORDING.ADD_TO_RESULTS_FILE
880587.127 SetValueAction 
880587.160 SetValueAction 
880587.201 SetValueAction 
880587.226 SetValueAction 
880587.252 SetValueAction 
880587.277 SetValueAction 
880587.680 CHECK_NEW_BLOCK BLOCK.TRIAL.CHECK_NEW_BLOCK_TRUE
880588.069 RESET_VARS BLOCK.TRIAL.RESET_VARS
880978.244 PREPARE_SEQUENCE BLOCK.TRIAL.PREPARE_SEQUENCE
882110.045 DRIFT_CORRECT BLOCK.TRIAL.DRIFT_CORRECT
882224.850 DISPLAY_TEXT BLOCK.TRIAL.RECORDING.DISPLAY_TEXT (BEGIN) 
882238.778 DISPLAY_TEXT BLOCK.TRIAL.RECORDING.DISPLAY_TEXT
896533.574 KEYBOARD_TEXT BLOCK.TRIAL.RECORDING.KEYBOARD_TEXT
896534.196 SET_SENTENCE_RT BLOCK.TRIAL.RECORDING.SET_SENTENCE_RT
896534.514 CHECK_QUESTION BLOCK.TRIAL.RECORDING.CHECK_QUESTION_FALSE
896537.083 DISPLAY_QUESTION BLOCK.TRIAL.RECORDING.DISPLAY_QUESTION (BEGIN) 
896547.018 DISPLAY_QUESTION BLOCK.TRIAL.RECORDING.DISPLAY_QUESTION
900107.440 KEYBOARD_QUESTION BLOCK.TRIAL.RECORDING.KEYBOARD_QUESTION
900107.671 CHECK_RESPONSE_BUTTON BLOCK.TRIAL.RECORDING.CHECK_RESPONSE_BUTTON_TRUE
900108.219 SET_VARS_CORRECT BLOCK.TRIAL.RECORDING.SET_VARS_CORRECT
900110.162 DISPLAY_BLANK BLOCK.TRIAL.RECORDING.DISPLAY_BLANK (BEGIN) 
900112.289 DISPLAY_BLANK BLOCK.TRIAL.RECORDING.DISPLAY_BLANK
900112.917 ADD_TO_RESULTS_FILE BLOCK.TRIAL.RECORDING.ADD_TO_RESULTS_FILE
900198.095 SetValueAction 
900198.126 SetValueAction 
900198.154 SetValueAction 
900198.179 SetValueAction 
900198.204 SetValueAction 
900198.228 SetValueAction 
900198.613 CHECK_NEW_BLOCK BLOCK.TRIAL.CHECK_NEW_BLOCK_TRUE
900198.970 RESET_VARS BLOCK.TRIAL.RESET_VARS
900624.324 PREPARE_SEQUENCE BLOCK.TRIAL.PREPARE_SEQUENCE
903760.150 DRIFT_CORRECT BLOCK.TRIAL.DRIFT_CORRECT
903883.086 DISPLAY_TEXT BLOCK.TRIAL.RECORDING.DISPLAY_TEXT (BEGIN) 
903894.957 DISPLAY_TEXT BLOCK.TRIAL.RECORDING.DISPLAY_TEXT
908735.534 TRACKER_TIME 5 13141001.510
908735.634 KEYBOARD_TEXT BLOCK.TRIAL.RECORDING.KEYBOARD_TEXT
908736.356 SET_SENTENCE_RT BLOCK.TRIAL.RECORDING.SET_SENTENCE_RT
908736.444 CHECK_QUESTION BLOCK.TRIAL.RECORDING.CHECK_QUESTION_TRUE
908738.505 DISPLAY_BLANK BLOCK.TRIAL.RECORDING.DISPLAY_BLANK (BEGIN) 
908743.298 DISPLAY_BLANK BLOCK.TRIAL.RECORDING.DISPLAY_BLANK
908743.887 ADD_TO_RESULTS_FILE BLOCK.TRIAL.RECORDING.ADD_TO_RESULTS_FILE
908830.141 SetValueAction 
908830.173 SetValueAction 
908830.201 SetValueAction 
908830.226 SetValueAction 
908830.251 SetValueAction 
908830.276 SetValueAction 
908830.724 CHECK_NEW_BLOCK BLOCK.TRIAL.CHECK_NEW_BLOCK_FALSE
908864.444 NEW_COUNTERBALANCE_BREAK BLOCK.TRIAL.NEW_COUNTERBALANCE_BREAK (BEGIN) 
908876.878 NEW_COUNTERBALANCE_BREAK BLOCK.TRIAL.NEW_COUNTERBALANCE_BREAK
946533.836 KEYBOARD[1] BLOCK.TRIAL.KEYBOARD[1]
1447293.788 TRACKER_TIME 6 13679547.414
1447293.870 EL_CAMERA_SETUP BLOCK.TRIAL.EL_CAMERA_SETUP
1447326.981 EXPERIMENT_CONTINUE BLOCK.TRIAL.EXPERIMENT_CONTINUE (BEGIN) 
1447338.132 EXPERIMENT_CONTINUE BLOCK.TRIAL.EXPERIMENT_CONTINUE
1457046.825 KEYBOARD BLOCK.TRIAL.KEYBOARD
1457047.293 RESET_VARS BLOCK.TRIAL.RESET_VARS
1457415.139 PREPARE_SEQUENCE BLOCK.TRIAL.PREPARE_SEQUENCE
1459752.726 DRIFT_CORRECT BLOCK.TRIAL.DRIFT_CORRECT
1459870.938 DISPLAY_TEXT BLOCK.TRIAL.RECORDING.DISPLAY_TEXT (BEGIN) 
1459884.625 DISPLAY_TEXT BLOCK.TRIAL.RECORDING.DISPLAY_TEXT
1461278.891 KEYBOARD_TEXT BLOCK.TRIAL.RECORDING.KEYBOARD_TEXT
1461279.342 SET_SENTENCE_RT BLOCK.TRIAL.RECORDING.SET_SENTENCE_RT
1461279.419 CHECK_QUESTION BLOCK.TRIAL.RECORDING.CHECK_QUESTION_TRUE
1461281.162 DISPLAY_BLANK BLOCK.TRIAL.RECORDING.DISPLAY_BLANK (BEGIN) 
1461283.731 DISPLAY_BLANK BLOCK.TRIAL.RECORDING.DISPLAY_BLANK
1461284.324 ADD_TO_RESULTS_FILE BLOCK.TRIAL.RECORDING.ADD_TO_RESULTS_FILE
1461369.097 SetValueAction 
1461369.129 SetValueAction 
1461369.157 SetValueAction 
1461369.181 SetValueAction 
1461369.206 SetValueAction 
1461369.231 SetValueAction 
1461369.620 CHECK_NEW_BLOCK BLOCK.TRIAL.CHECK_NEW_BLOCK_TRUE
1461369.983 RESET_VARS BLOCK.TRIAL.RESET_VARS
1461731.841 PREPARE_SEQUENCE BLOCK.TRIAL.PREPARE_SEQUENCE
1462827.131 DRIFT_CORRECT BLOCK.TRIAL.DRIFT_CORRECT
1462944.190 DISPLAY_TEXT BLOCK.TRIAL.RECORDING.DISPLAY_TEXT (BEGIN) 
1462954.116 DISPLAY_TEXT BLOCK.TRIAL.RECORDING.DISPLAY_TEXT
1473441.275 KEYBOARD_TEXT BLOCK.TRIAL.RECORDING.KEYBOARD_TEXT
1473441.918 SET_SENTENCE_RT BLOCK.TRIAL.RECORDING.SET_SENTENCE_RT
1473441.996 CHECK_QUESTION BLOCK.TRIAL.RECORDING.CHECK_QUESTION_TRUE
1473444.037 DISPLAY_BLANK BLOCK.TRIAL.RECORDING.DISPLAY_BLANK (BEGIN) 
1473446.899 DISPLAY_BLANK BLOCK.TRIAL.RECORDING.DISPLAY_BLANK
1473447.501 ADD_TO_RESULTS_FILE BLOCK.TRIAL.RECORDING.ADD_TO_RESULTS_FILE
1473534.103 SetValueAction 
1473534.147 SetValueAction 
1473534.174 SetValueAction 
1473534.200 SetValueAction 
1473534.224 SetValueAction 
1473534.249 SetValueAction 
1473534.660 CHECK_NEW_BLOCK BLOCK.TRIAL.CHECK_NEW_BLOCK_TRUE
1473535.052 RESET_VARS BLOCK.TRIAL.RESET_VARS
1473927.510 PREPARE_SEQUENCE BLOCK.TRIAL.PREPARE_SEQUENCE
1475182.086 DRIFT_CORRECT BLOCK.TRIAL.DRIFT_CORRECT
1475299.946 DISPLAY_TEXT BLOCK.TRIAL.RECORDING.DISPLAY_TEXT (BEGIN) 
1475313.517 DISPLAY_TEXT BLOCK.TRIAL.RECORDING.DISPLAY_TEXT
1484942.871 KEYBOARD_TEXT BLOCK.TRIAL.RECORDING.KEYBOARD_TEXT
1484943.454 SET_SENTENCE_RT BLOCK.TRIAL.RECORDING.SET_SENTENCE_RT
1484943.540 CHECK_QUESTION BLOCK.TRIAL.RECORDING.CHECK_QUESTION_TRUE
1484945.589 DISPLAY_BLANK BLOCK.TRIAL.RECORDING.DISPLAY_BLANK (BEGIN) 
1484960.765 DISPLAY_BLANK BLOCK.TRIAL.RECORDING.DISPLAY_BLANK
1484961.331 ADD_TO_RESULTS_FILE BLOCK.TRIAL.RECORDING.ADD_TO_RESULTS_FILE
1485047.129 SetValueAction 
1485047.161 SetValueAction 
1485047.189 SetValueAction 
1485047.214 SetValueAction 
1485047.239 SetValueAction 
1485047.263 SetValueAction 
1485047.670 CHECK_NEW_BLOCK BLOCK.TRIAL.CHECK_NEW_BLOCK_TRUE
1485048.026 RESET_VARS BLOCK.TRIAL.RESET_VARS
1485423.862 PREPARE_SEQUENCE BLOCK.TRIAL.PREPARE_SEQUENCE
1486400.819 DRIFT_CORRECT BLOCK.TRIAL.DRIFT_CORRECT
1486515.017 DISPLAY_TEXT BLOCK.TRIAL.RECORDING.DISPLAY_TEXT (BEGIN) 
1486538.036 DISPLAY_TEXT BLOCK.TRIAL.RECORDING.DISPLAY_TEXT
1509222.855 TRACKER_TIME 7 13741475.012
1509222.979 KEYBOARD_TEXT BLOCK.TRIAL.RECORDING.KEYBOARD_TEXT
1509223.689 SET_SENTENCE_RT BLOCK.TRIAL.RECORDING.SET_SENTENCE_RT
1509223.761 CHECK_QUESTION BLOCK.TRIAL.RECORDING.CHECK_QUESTION_TRUE
1509225.716 DISPLAY_BLANK BLOCK.TRIAL.RECORDING.DISPLAY_BLANK (BEGIN) 
1509236.953 DISPLAY_BLANK BLOCK.TRIAL.RECORDING.DISPLAY_BLANK
1509237.511 ADD_TO_RESULTS_FILE BLOCK.TRIAL.RECORDING.ADD_TO_RESULTS_FILE
1509322.123 SetValueAction 
1509322.158 SetValueAction 
1509322.187 SetValueAction 
1509322.212 SetValueAction 
1509322.237 SetValueAction 
1509322.262 SetValueAction 
1509322.654 CHECK_NEW_BLOCK BLOCK.TRIAL.CHECK_NEW_BLOCK_TRUE
1509323.013 RESET_VARS BLOCK.TRIAL.RESET_VARS
1509694.296 PREPARE_SEQUENCE BLOCK.TRIAL.PREPARE_SEQUENCE
1510957.477 DRIFT_CORRECT BLOCK.TRIAL.DRIFT_CORRECT
1511072.901 DISPLAY_TEXT BLOCK.TRIAL.RECORDING.DISPLAY_TEXT (BEGIN) 
1511091.701 DISPLAY_TEXT BLOCK.TRIAL.RECORDING.DISPLAY_TEXT
1530826.298 KEYBOARD_TEXT BLOCK.TRIAL.RECORDING.KEYBOARD_TEXT
1530826.869 SET_SENTENCE_RT BLOCK.TRIAL.RECORDING.SET_SENTENCE_RT
1530827.114 CHECK_QUESTION BLOCK.TRIAL.RECORDING.CHECK_QUESTION_TRUE
1530831.631 DISPLAY_BLANK BLOCK.TRIAL.RECORDING.DISPLAY_BLANK (BEGIN) 
1530847.553 DISPLAY_BLANK BLOCK.TRIAL.RECORDING.DISPLAY_BLANK
1530848.151 ADD_TO_RESULTS_FILE BLOCK.TRIAL.RECORDING.ADD_TO_RESULTS_FILE
1530934.191 SetValueAction 
1530934.294 SetValueAction 
1530934.362 SetValueAction 
1530934.413 SetValueAction 
1530934.464 SetValueAction 
1530934.534 SetValueAction 
1530935.328 CHECK_NEW_BLOCK BLOCK.TRIAL.CHECK_NEW_BLOCK_TRUE
1530935.943 RESET_VARS BLOCK.TRIAL.RESET_VARS
1531330.234 PREPARE_SEQUENCE BLOCK.TRIAL.PREPARE_SEQUENCE
1532243.099 DRIFT_CORRECT BLOCK.TRIAL.DRIFT_CORRECT
1532357.084 DISPLAY_TEXT BLOCK.TRIAL.RECORDING.DISPLAY_TEXT (BEGIN) 
1532371.920 DISPLAY_TEXT BLOCK.TRIAL.RECORDING.DISPLAY_TEXT
1547042.945 KEYBOARD_TEXT BLOCK.TRIAL.RECORDING.KEYBOARD_TEXT
1547043.576 SET_SENTENCE_RT BLOCK.TRIAL.RECORDING.SET_SENTENCE_RT
1547043.820 CHECK_QUESTION BLOCK.TRIAL.RECORDING.CHECK_QUESTION_FALSE
1547046.709 DISPLAY_QUESTION BLOCK.TRIAL.RECORDING.DISPLAY_QUESTION (BEGIN) 
1547059.426 DISPLAY_QUESTION BLOCK.TRIAL.RECORDING.DISPLAY_QUESTION
1550355.417 KEYBOARD_QUESTION BLOCK.TRIAL.RECORDING.KEYBOARD_QUESTION
1550355.656 CHECK_RESPONSE_BUTTON BLOCK.TRIAL.RECORDING.CHECK_RESPONSE_BUTTON_TRUE
1550356.169 SET_VARS_CORRECT BLOCK.TRIAL.RECORDING.SET_VARS_CORRECT
1550359.631 DISPLAY_BLANK BLOCK.TRIAL.RECORDING.DISPLAY_BLANK (BEGIN) 
1550375.243 DISPLAY_BLANK BLOCK.TRIAL.RECORDING.DISPLAY_BLANK
1550375.775 ADD_TO_RESULTS_FILE BLOCK.TRIAL.RECORDING.ADD_TO_RESULTS_FILE
1550460.094 SetValueAction 
1550460.126 SetValueAction 
1550460.153 SetValueAction 
1550460.178 SetValueAction 
1550460.203 SetValueAction 
1550460.228 SetValueAction 
1550460.652 CHECK_NEW_BLOCK BLOCK.TRIAL.CHECK_NEW_BLOCK_TRUE
1550460.984 RESET_VARS BLOCK.TRIAL.RESET_VARS
1550852.761 PREPARE_SEQUENCE BLOCK.TRIAL.PREPARE_SEQUENCE
1551919.419 DRIFT_CORRECT BLOCK.TRIAL.DRIFT_CORRECT
1552037.130 DISPLAY_TEXT BLOCK.TRIAL.RECORDING.DISPLAY_TEXT (BEGIN) 
1552055.763 DISPLAY_TEXT BLOCK.TRIAL.RECORDING.DISPLAY_TEXT
1567947.049 KEYBOARD_TEXT BLOCK.TRIAL.RECORDING.KEYBOARD_TEXT
1567947.592 SET_SENTENCE_RT BLOCK.TRIAL.RECORDING.SET_SENTENCE_RT
1567947.810 CHECK_QUESTION BLOCK.TRIAL.RECORDING.CHECK_QUESTION_TRUE
1567949.873 DISPLAY_BLANK BLOCK.TRIAL.RECORDING.DISPLAY_BLANK (BEGIN) 
1567952.986 DISPLAY_BLANK BLOCK.TRIAL.RECORDING.DISPLAY_BLANK
1567953.603 ADD_TO_RESULTS_FILE BLOCK.TRIAL.RECORDING.ADD_TO_RESULTS_FILE
1568040.093 SetValueAction 
1568040.124 SetValueAction 
1568040.152 SetValueAction 
1568040.178 SetValueAction 
1568040.203 SetValueAction 
1568040.228 SetValueAction 
1568040.656 CHECK_NEW_BLOCK BLOCK.TRIAL.CHECK_NEW_BLOCK_TRUE
1568041.012 RESET_VARS BLOCK.TRIAL.RESET_VARS
1568448.477 PREPARE_SEQUENCE BLOCK.TRIAL.PREPARE_SEQUENCE
1570225.326 TRACKER_TIME 8 13802476.064
1570225.585 DRIFT_CORRECT BLOCK.TRIAL.DRIFT_CORRECT
1570341.086 DISPLAY_TEXT BLOCK.TRIAL.RECORDING.DISPLAY_TEXT (BEGIN) 
1570352.661 DISPLAY_TEXT BLOCK.TRIAL.RECORDING.DISPLAY_TEXT
1581875.409 KEYBOARD_TEXT BLOCK.TRIAL.RECORDING.KEYBOARD_TEXT
1581875.979 SET_SENTENCE_RT BLOCK.TRIAL.RECORDING.SET_SENTENCE_RT
1581876.137 CHECK_QUESTION BLOCK.TRIAL.RECORDING.CHECK_QUESTION_TRUE
1581878.207 DISPLAY_BLANK BLOCK.TRIAL.RECORDING.DISPLAY_BLANK (BEGIN) 
1581882.351 DISPLAY_BLANK BLOCK.TRIAL.RECORDING.DISPLAY_BLANK
1581882.946 ADD_TO_RESULTS_FILE BLOCK.TRIAL.RECORDING.ADD_TO_RESULTS_FILE
1581968.140 SetValueAction 
1581968.171 SetValueAction 
1581968.198 SetValueAction 
1581968.223 SetValueAction 
1581968.248 SetValueAction 
1581968.272 SetValueAction 
1581968.709 CHECK_NEW_BLOCK BLOCK.TRIAL.CHECK_NEW_BLOCK_TRUE
1581969.044 RESET_VARS BLOCK.TRIAL.RESET_VARS
1582337.357 PREPARE_SEQUENCE BLOCK.TRIAL.PREPARE_SEQUENCE
1584192.793 DRIFT_CORRECT BLOCK.TRIAL.DRIFT_CORRECT
1584307.075 DISPLAY_TEXT BLOCK.TRIAL.RECORDING.DISPLAY_TEXT (BEGIN) 
1584329.362 DISPLAY_TEXT BLOCK.TRIAL.RECORDING.DISPLAY_TEXT
1595388.960 KEYBOARD_TEXT BLOCK.TRIAL.RECORDING.KEYBOARD_TEXT
1595389.742 SET_SENTENCE_RT BLOCK.TRIAL.RECORDING.SET_SENTENCE_RT
1595389.857 CHECK_QUESTION BLOCK.TRIAL.RECORDING.CHECK_QUESTION_TRUE
1595391.778 DISPLAY_BLANK BLOCK.TRIAL.RECORDING.DISPLAY_BLANK (BEGIN) 
1595395.077 DISPLAY_BLANK BLOCK.TRIAL.RECORDING.DISPLAY_BLANK
1595395.711 ADD_TO_RESULTS_FILE BLOCK.TRIAL.RECORDING.ADD_TO_RESULTS_FILE
1595480.095 SetValueAction 
1595480.128 SetValueAction 
1595480.155 SetValueAction 
1595480.180 SetValueAction 
1595480.205 SetValueAction 
1595480.231 SetValueAction 
1595480.701 CHECK_NEW_BLOCK BLOCK.TRIAL.CHECK_NEW_BLOCK_TRUE
1595481.097 RESET_VARS BLOCK.TRIAL.RESET_VARS
1595848.450 PREPARE_SEQUENCE BLOCK.TRIAL.PREPARE_SEQUENCE
1596940.721 DRIFT_CORRECT BLOCK.TRIAL.DRIFT_CORRECT
1597134.085 DISPLAY_TEXT BLOCK.TRIAL.RECORDING.DISPLAY_TEXT (BEGIN) 
1597146.109 DISPLAY_TEXT BLOCK.TRIAL.RECORDING.DISPLAY_TEXT
1608855.717 KEYBOARD_TEXT BLOCK.TRIAL.RECORDING.KEYBOARD_TEXT
1608856.328 SET_SENTENCE_RT BLOCK.TRIAL.RECORDING.SET_SENTENCE_RT
1608856.478 CHECK_QUESTION BLOCK.TRIAL.RECORDING.CHECK_QUESTION_TRUE
1608858.519 DISPLAY_BLANK BLOCK.TRIAL.RECORDING.DISPLAY_BLANK (BEGIN) 
1608875.069 DISPLAY_BLANK BLOCK.TRIAL.RECORDING.DISPLAY_BLANK
1608875.570 ADD_TO_RESULTS_FILE BLOCK.TRIAL.RECORDING.ADD_TO_RESULTS_FILE
1608961.122 SetValueAction 
1608961.158 SetValueAction 
1608961.187 SetValueAction 
1608961.214 SetValueAction 
1608961.241 SetValueAction 
1608961.267 SetValueAction 
1608961.663 CHECK_NEW_BLOCK BLOCK.TRIAL.CHECK_NEW_BLOCK_TRUE
1608962.017 RESET_VARS BLOCK.TRIAL.RESET_VARS
1609332.678 PREPARE_SEQUENCE BLOCK.TRIAL.PREPARE_SEQUENCE
1611355.833 DRIFT_CORRECT BLOCK.TRIAL.DRIFT_CORRECT
1611475.634 DISPLAY_TEXT BLOCK.TRIAL.RECORDING.DISPLAY_TEXT (BEGIN) 
1611490.941 DISPLAY_TEXT BLOCK.TRIAL.RECORDING.DISPLAY_TEXT
1625660.175 KEYBOARD_TEXT BLOCK.TRIAL.RECORDING.KEYBOARD_TEXT
1625660.724 SET_SENTENCE_RT BLOCK.TRIAL.RECORDING.SET_SENTENCE_RT
1625660.794 CHECK_QUESTION BLOCK.TRIAL.RECORDING.CHECK_QUESTION_TRUE
1625662.796 DISPLAY_BLANK BLOCK.TRIAL.RECORDING.DISPLAY_BLANK (BEGIN) 
1625669.845 DISPLAY_BLANK BLOCK.TRIAL.RECORDING.DISPLAY_BLANK
1625670.544 ADD_TO_RESULTS_FILE BLOCK.TRIAL.RECORDING.ADD_TO_RESULTS_FILE
1625755.095 SetValueAction 
1625755.126 SetValueAction 
1625755.160 SetValueAction 
1625755.186 SetValueAction 
1625755.211 SetValueAction 
1625755.235 SetValueAction 
1625755.649 CHECK_NEW_BLOCK BLOCK.TRIAL.CHECK_NEW_BLOCK_TRUE
1625756.037 RESET_VARS BLOCK.TRIAL.RESET_VARS
1626155.614 PREPARE_SEQUENCE BLOCK.TRIAL.PREPARE_SEQUENCE
1628254.614 DRIFT_CORRECT BLOCK.TRIAL.DRIFT_CORRECT
1628370.009 DISPLAY_TEXT BLOCK.TRIAL.RECORDING.DISPLAY_TEXT (BEGIN) 
1628386.123 DISPLAY_TEXT BLOCK.TRIAL.RECORDING.DISPLAY_TEXT
1637943.948 TRACKER_TIME 9 13870193.131
1637944.044 KEYBOARD_TEXT BLOCK.TRIAL.RECORDING.KEYBOARD_TEXT
1637944.810 SET_SENTENCE_RT BLOCK.TRIAL.RECORDING.SET_SENTENCE_RT
1637945.011 CHECK_QUESTION BLOCK.TRIAL.RECORDING.CHECK_QUESTION_TRUE
1637947.106 DISPLAY_BLANK BLOCK.TRIAL.RECORDING.DISPLAY_BLANK (BEGIN) 
1637949.420 DISPLAY_BLANK BLOCK.TRIAL.RECORDING.DISPLAY_BLANK
1637950.022 ADD_TO_RESULTS_FILE BLOCK.TRIAL.RECORDING.ADD_TO_RESULTS_FILE
1638035.091 SetValueAction 
1638035.122 SetValueAction 
1638035.149 SetValueAction 
1638035.174 SetValueAction 
1638035.199 SetValueAction 
1638035.225 SetValueAction 
1638035.603 CHECK_NEW_BLOCK BLOCK.TRIAL.CHECK_NEW_BLOCK_TRUE
1638035.973 RESET_VARS BLOCK.TRIAL.RESET_VARS
1638453.692 PREPARE_SEQUENCE BLOCK.TRIAL.PREPARE_SEQUENCE
1639224.467 DRIFT_CORRECT BLOCK.TRIAL.DRIFT_CORRECT
1639339.096 DISPLAY_TEXT BLOCK.TRIAL.RECORDING.DISPLAY_TEXT (BEGIN) 
1639355.442 DISPLAY_TEXT BLOCK.TRIAL.RECORDING.DISPLAY_TEXT
1654046.116 KEYBOARD_TEXT BLOCK.TRIAL.RECORDING.KEYBOARD_TEXT
1654046.687 SET_SENTENCE_RT BLOCK.TRIAL.RECORDING.SET_SENTENCE_RT
1654046.813 CHECK_QUESTION BLOCK.TRIAL.RECORDING.CHECK_QUESTION_TRUE
1654048.831 DISPLAY_BLANK BLOCK.TRIAL.RECORDING.DISPLAY_BLANK (BEGIN) 
1654061.910 DISPLAY_BLANK BLOCK.TRIAL.RECORDING.DISPLAY_BLANK
1654062.480 ADD_TO_RESULTS_FILE BLOCK.TRIAL.RECORDING.ADD_TO_RESULTS_FILE
1654149.092 SetValueAction 
1654149.124 SetValueAction 
1654149.151 SetValueAction 
1654149.176 SetValueAction 
1654149.202 SetValueAction 
1654149.226 SetValueAction 
1654149.664 CHECK_NEW_BLOCK BLOCK.TRIAL.CHECK_NEW_BLOCK_TRUE
1654150.013 RESET_VARS BLOCK.TRIAL.RESET_VARS
1654597.240 PREPARE_SEQUENCE BLOCK.TRIAL.PREPARE_SEQUENCE
1655536.427 DRIFT_CORRECT BLOCK.TRIAL.DRIFT_CORRECT
1655651.065 DISPLAY_TEXT BLOCK.TRIAL.RECORDING.DISPLAY_TEXT (BEGIN) 
1655664.749 DISPLAY_TEXT BLOCK.TRIAL.RECORDING.DISPLAY_TEXT
1666565.904 KEYBOARD_TEXT BLOCK.TRIAL.RECORDING.KEYBOARD_TEXT
1666566.678 SET_SENTENCE_RT BLOCK.TRIAL.RECORDING.SET_SENTENCE_RT
1666566.922 CHECK_QUESTION BLOCK.TRIAL.RECORDING.CHECK_QUESTION_TRUE
1666568.937 DISPLAY_BLANK BLOCK.TRIAL.RECORDING.DISPLAY_BLANK (BEGIN) 
1666574.693 DISPLAY_BLANK BLOCK.TRIAL.RECORDING.DISPLAY_BLANK
1666575.253 ADD_TO_RESULTS_FILE BLOCK.TRIAL.RECORDING.ADD_TO_RESULTS_FILE
1666660.118 SetValueAction 
1666660.150 SetValueAction 
1666660.178 SetValueAction 
1666660.203 SetValueAction 
1666660.228 SetValueAction 
1666660.253 SetValueAction 
1666660.641 CHECK_NEW_BLOCK BLOCK.TRIAL.CHECK_NEW_BLOCK_TRUE
1666660.964 RESET_VARS BLOCK.TRIAL.RESET_VARS
1667047.806 PREPARE_SEQUENCE BLOCK.TRIAL.PREPARE_SEQUENCE
1668767.248 DRIFT_CORRECT BLOCK.TRIAL.DRIFT_CORRECT
1668882.048 DISPLAY_TEXT BLOCK.TRIAL.RECORDING.DISPLAY_TEXT (BEGIN) 
1668894.329 DISPLAY_TEXT BLOCK.TRIAL.RECORDING.DISPLAY_TEXT
1680581.362 KEYBOARD_TEXT BLOCK.TRIAL.RECORDING.KEYBOARD_TEXT
1680581.995 SET_SENTENCE_RT BLOCK.TRIAL.RECORDING.SET_SENTENCE_RT
1680582.200 CHECK_QUESTION BLOCK.TRIAL.RECORDING.CHECK_QUESTION_TRUE
1680584.181 DISPLAY_BLANK BLOCK.TRIAL.RECORDING.DISPLAY_BLANK (BEGIN) 
1680587.152 DISPLAY_BLANK BLOCK.TRIAL.RECORDING.DISPLAY_BLANK
1680587.758 ADD_TO_RESULTS_FILE BLOCK.TRIAL.RECORDING.ADD_TO_RESULTS_FILE
1680672.094 SetValueAction 
1680672.125 SetValueAction 
1680672.152 SetValueAction 
1680672.177 SetValueAction 
1680672.202 SetValueAction 
1680672.227 SetValueAction 
1680672.609 CHECK_NEW_BLOCK BLOCK.TRIAL.CHECK_NEW_BLOCK_TRUE
1680672.977 RESET_VARS BLOCK.TRIAL.RESET_VARS
1681101.237 PREPARE_SEQUENCE BLOCK.TRIAL.PREPARE_SEQUENCE
1682712.658 DRIFT_CORRECT BLOCK.TRIAL.DRIFT_CORRECT
1682831.048 DISPLAY_TEXT BLOCK.TRIAL.RECORDING.DISPLAY_TEXT (BEGIN) 
1682853.115 DISPLAY_TEXT BLOCK.TRIAL.RECORDING.DISPLAY_TEXT
1708100.691 TRACKER_TIME 10 13940348.275
1708100.791 KEYBOARD_TEXT BLOCK.TRIAL.RECORDING.KEYBOARD_TEXT
1708101.603 SET_SENTENCE_RT BLOCK.TRIAL.RECORDING.SET_SENTENCE_RT
1708101.818 CHECK_QUESTION BLOCK.TRIAL.RECORDING.CHECK_QUESTION_TRUE
1708103.905 DISPLAY_BLANK BLOCK.TRIAL.RECORDING.DISPLAY_BLANK (BEGIN) 
1708112.787 DISPLAY_BLANK BLOCK.TRIAL.RECORDING.DISPLAY_BLANK
1708113.387 ADD_TO_RESULTS_FILE BLOCK.TRIAL.RECORDING.ADD_TO_RESULTS_FILE
1708199.095 SetValueAction 
1708199.127 SetValueAction 
1708199.154 SetValueAction 
1708199.179 SetValueAction 
1708199.203 SetValueAction 
1708199.228 SetValueAction 
1708199.597 CHECK_NEW_BLOCK BLOCK.TRIAL.CHECK_NEW_BLOCK_TRUE
1708199.883 RESET_VARS BLOCK.TRIAL.RESET_VARS
1708568.050 PREPARE_SEQUENCE BLOCK.TRIAL.PREPARE_SEQUENCE
1709799.880 DRIFT_CORRECT BLOCK.TRIAL.DRIFT_CORRECT
1709914.126 DISPLAY_TEXT BLOCK.TRIAL.RECORDING.DISPLAY_TEXT (BEGIN) 
1709929.178 DISPLAY_TEXT BLOCK.TRIAL.RECORDING.DISPLAY_TEXT
1721273.123 KEYBOARD_TEXT BLOCK.TRIAL.RECORDING.KEYBOARD_TEXT
1721273.723 SET_SENTENCE_RT BLOCK.TRIAL.RECORDING.SET_SENTENCE_RT
1721273.832 CHECK_QUESTION BLOCK.TRIAL.RECORDING.CHECK_QUESTION_TRUE
1721275.880 DISPLAY_BLANK BLOCK.TRIAL.RECORDING.DISPLAY_BLANK (BEGIN) 
1721292.639 DISPLAY_BLANK BLOCK.TRIAL.RECORDING.DISPLAY_BLANK
1721293.135 ADD_TO_RESULTS_FILE BLOCK.TRIAL.RECORDING.ADD_TO_RESULTS_FILE
1721378.094 SetValueAction 
1721378.125 SetValueAction 
1721378.152 SetValueAction 
1721378.177 SetValueAction 
1721378.203 SetValueAction 
1721378.227 SetValueAction 
1721378.670 CHECK_NEW_BLOCK BLOCK.TRIAL.CHECK_NEW_BLOCK_TRUE
1721379.045 RESET_VARS BLOCK.TRIAL.RESET_VARS
1721799.864 PREPARE_SEQUENCE BLOCK.TRIAL.PREPARE_SEQUENCE
1723417.305 DRIFT_CORRECT BLOCK.TRIAL.DRIFT_CORRECT
1723534.974 DISPLAY_TEXT BLOCK.TRIAL.RECORDING.DISPLAY_TEXT (BEGIN) 
1723545.460 DISPLAY_TEXT BLOCK.TRIAL.RECORDING.DISPLAY_TEXT
1736060.701 KEYBOARD_TEXT BLOCK.TRIAL.RECORDING.KEYBOARD_TEXT
1736061.280 SET_SENTENCE_RT BLOCK.TRIAL.RECORDING.SET_SENTENCE_RT
1736061.487 CHECK_QUESTION BLOCK.TRIAL.RECORDING.CHECK_QUESTION_TRUE
1736063.458 DISPLAY_BLANK BLOCK.TRIAL.RECORDING.DISPLAY_BLANK (BEGIN) 
1736071.353 DISPLAY_BLANK BLOCK.TRIAL.RECORDING.DISPLAY_BLANK
1736071.965 ADD_TO_RESULTS_FILE BLOCK.TRIAL.RECORDING.ADD_TO_RESULTS_FILE
1736159.095 SetValueAction 
1736159.127 SetValueAction 
1736159.155 SetValueAction 
1736159.182 SetValueAction 
1736159.207 SetValueAction 
1736159.232 SetValueAction 
1736159.646 CHECK_NEW_BLOCK BLOCK.TRIAL.CHECK_NEW_BLOCK_TRUE
1736160.036 RESET_VARS BLOCK.TRIAL.RESET_VARS
1736561.296 PREPARE_SEQUENCE BLOCK.TRIAL.PREPARE_SEQUENCE
1739275.190 DRIFT_CORRECT BLOCK.TRIAL.DRIFT_CORRECT
1739391.899 DISPLAY_TEXT BLOCK.TRIAL.RECORDING.DISPLAY_TEXT (BEGIN) 
1739409.826 DISPLAY_TEXT BLOCK.TRIAL.RECORDING.DISPLAY_TEXT
1757068.868 KEYBOARD_TEXT BLOCK.TRIAL.RECORDING.KEYBOARD_TEXT
1757069.461 SET_SENTENCE_RT BLOCK.TRIAL.RECORDING.SET_SENTENCE_RT
1757069.557 CHECK_QUESTION BLOCK.TRIAL.RECORDING.CHECK_QUESTION_TRUE
1757071.454 DISPLAY_BLANK BLOCK.TRIAL.RECORDING.DISPLAY_BLANK (BEGIN) 
1757082.068 DISPLAY_BLANK BLOCK.TRIAL.RECORDING.DISPLAY_BLANK
1757082.647 ADD_TO_RESULTS_FILE BLOCK.TRIAL.RECORDING.ADD_TO_RESULTS_FILE
1757167.097 SetValueAction 
1757167.128 SetValueAction 
1757167.156 SetValueAction 
1757167.181 SetValueAction 
1757167.206 SetValueAction 
1757167.230 SetValueAction 
1757167.655 CHECK_NEW_BLOCK BLOCK.TRIAL.CHECK_NEW_BLOCK_TRUE
1757168.044 RESET_VARS BLOCK.TRIAL.RESET_VARS
1757549.006 PREPARE_SEQUENCE BLOCK.TRIAL.PREPARE_SEQUENCE
1759545.427 DRIFT_CORRECT BLOCK.TRIAL.DRIFT_CORRECT
1759662.091 DISPLAY_TEXT BLOCK.TRIAL.RECORDING.DISPLAY_TEXT (BEGIN) 
1759664.532 DISPLAY_TEXT BLOCK.TRIAL.RECORDING.DISPLAY_TEXT
1760856.720 KEYBOARD_TEXT BLOCK.TRIAL.RECORDING.KEYBOARD_TEXT
1760857.446 SET_SENTENCE_RT BLOCK.TRIAL.RECORDING.SET_SENTENCE_RT
1760857.608 CHECK_QUESTION BLOCK.TRIAL.RECORDING.CHECK_QUESTION_TRUE
1760859.559 DISPLAY_BLANK BLOCK.TRIAL.RECORDING.DISPLAY_BLANK (BEGIN) 
1760864.052 DISPLAY_BLANK BLOCK.TRIAL.RECORDING.DISPLAY_BLANK
1760864.643 ADD_TO_RESULTS_FILE BLOCK.TRIAL.RECORDING.ADD_TO_RESULTS_FILE
1760950.095 SetValueAction 
1760950.127 SetValueAction 
1760950.156 SetValueAction 
1760950.184 SetValueAction 
1760950.209 SetValueAction 
1760950.234 SetValueAction 
1760950.662 CHECK_NEW_BLOCK BLOCK.TRIAL.CHECK_NEW_BLOCK_TRUE
1760951.007 RESET_VARS BLOCK.TRIAL.RESET_VARS
1761364.058 PREPARE_SEQUENCE BLOCK.TRIAL.PREPARE_SEQUENCE
1762335.967 DRIFT_CORRECT BLOCK.TRIAL.DRIFT_CORRECT
1762450.033 DISPLAY_TEXT BLOCK.TRIAL.RECORDING.DISPLAY_TEXT (BEGIN) 
1762463.982 DISPLAY_TEXT BLOCK.TRIAL.RECORDING.DISPLAY_TEXT
1763588.952 KEYBOARD_TEXT BLOCK.TRIAL.RECORDING.KEYBOARD_TEXT
1763589.451 SET_SENTENCE_RT BLOCK.TRIAL.RECORDING.SET_SENTENCE_RT
1763589.547 CHECK_QUESTION BLOCK.TRIAL.RECORDING.CHECK_QUESTION_TRUE
1763591.572 DISPLAY_BLANK BLOCK.TRIAL.RECORDING.DISPLAY_BLANK (BEGIN) 
1763596.618 DISPLAY_BLANK BLOCK.TRIAL.RECORDING.DISPLAY_BLANK
1763597.200 ADD_TO_RESULTS_FILE BLOCK.TRIAL.RECORDING.ADD_TO_RESULTS_FILE
1763682.122 SetValueAction 
1763682.154 SetValueAction 
1763682.185 SetValueAction 
1763682.210 SetValueAction 
1763682.236 SetValueAction 
1763682.261 SetValueAction 
1763682.644 CHECK_NEW_BLOCK BLOCK.TRIAL.CHECK_NEW_BLOCK_TRUE
1763683.006 RESET_VARS BLOCK.TRIAL.RESET_VARS
1764070.104 PREPARE_SEQUENCE BLOCK.TRIAL.PREPARE_SEQUENCE
1765718.446 DRIFT_CORRECT BLOCK.TRIAL.DRIFT_CORRECT
1765835.952 DISPLAY_TEXT BLOCK.TRIAL.RECORDING.DISPLAY_TEXT (BEGIN) 
1765865.030 DISPLAY_TEXT BLOCK.TRIAL.RECORDING.DISPLAY_TEXT
1793619.393 TRACKER_TIME 11 14025864.973
1793619.505 KEYBOARD_TEXT BLOCK.TRIAL.RECORDING.KEYBOARD_TEXT
1793620.052 SET_SENTENCE_RT BLOCK.TRIAL.RECORDING.SET_SENTENCE_RT
1793620.125 CHECK_QUESTION BLOCK.TRIAL.RECORDING.CHECK_QUESTION_TRUE
1793622.000 DISPLAY_BLANK BLOCK.TRIAL.RECORDING.DISPLAY_BLANK (BEGIN) 
1793638.422 DISPLAY_BLANK BLOCK.TRIAL.RECORDING.DISPLAY_BLANK
1793639.104 ADD_TO_RESULTS_FILE BLOCK.TRIAL.RECORDING.ADD_TO_RESULTS_FILE
1793724.097 SetValueAction 
1793724.129 SetValueAction 
1793724.157 SetValueAction 
1793724.183 SetValueAction 
1793724.209 SetValueAction 
1793724.235 SetValueAction 
1793724.693 CHECK_NEW_BLOCK BLOCK.TRIAL.CHECK_NEW_BLOCK_TRUE
1793725.040 RESET_VARS BLOCK.TRIAL.RESET_VARS
1794163.305 PREPARE_SEQUENCE BLOCK.TRIAL.PREPARE_SEQUENCE
1795809.882 DRIFT_CORRECT BLOCK.TRIAL.DRIFT_CORRECT
1795924.185 DISPLAY_TEXT BLOCK.TRIAL.RECORDING.DISPLAY_TEXT (BEGIN) 
1795950.771 DISPLAY_TEXT BLOCK.TRIAL.RECORDING.DISPLAY_TEXT
1825450.079 KEYBOARD_TEXT BLOCK.TRIAL.RECORDING.KEYBOARD_TEXT
1825450.656 SET_SENTENCE_RT BLOCK.TRIAL.RECORDING.SET_SENTENCE_RT
1825450.826 CHECK_QUESTION BLOCK.TRIAL.RECORDING.CHECK_QUESTION_FALSE
1825453.855 DISPLAY_QUESTION BLOCK.TRIAL.RECORDING.DISPLAY_QUESTION (BEGIN) 
1825462.236 DISPLAY_QUESTION BLOCK.TRIAL.RECORDING.DISPLAY_QUESTION
1830020.261 KEYBOARD_QUESTION BLOCK.TRIAL.RECORDING.KEYBOARD_QUESTION
1830020.546 CHECK_RESPONSE_BUTTON BLOCK.TRIAL.RECORDING.CHECK_RESPONSE_BUTTON_TRUE
1830021.251 SET_VARS_CORRECT BLOCK.TRIAL.RECORDING.SET_VARS_CORRECT
1830023.255 DISPLAY_BLANK BLOCK.TRIAL.RECORDING.DISPLAY_BLANK (BEGIN) 
1830027.413 DISPLAY_BLANK BLOCK.TRIAL.RECORDING.DISPLAY_BLANK
1830028.048 ADD_TO_RESULTS_FILE BLOCK.TRIAL.RECORDING.ADD_TO_RESULTS_FILE
1830115.093 SetValueAction 
1830115.126 SetValueAction 
1830115.153 SetValueAction 
1830115.177 SetValueAction 
1830115.202 SetValueAction 
1830115.227 SetValueAction 
1830115.629 CHECK_NEW_BLOCK BLOCK.TRIAL.CHECK_NEW_BLOCK_TRUE
1830116.010 RESET_VARS BLOCK.TRIAL.RESET_VARS
1830588.354 PREPARE_SEQUENCE BLOCK.TRIAL.PREPARE_SEQUENCE
1831888.659 DRIFT_CORRECT BLOCK.TRIAL.DRIFT_CORRECT
1832005.060 DISPLAY_TEXT BLOCK.TRIAL.RECORDING.DISPLAY_TEXT (BEGIN) 
1832016.838 DISPLAY_TEXT BLOCK.TRIAL.RECORDING.DISPLAY_TEXT
1847107.852 KEYBOARD_TEXT BLOCK.TRIAL.RECORDING.KEYBOARD_TEXT
1847108.482 SET_SENTENCE_RT BLOCK.TRIAL.RECORDING.SET_SENTENCE_RT
1847108.572 CHECK_QUESTION BLOCK.TRIAL.RECORDING.CHECK_QUESTION_TRUE
1847110.558 DISPLAY_BLANK BLOCK.TRIAL.RECORDING.DISPLAY_BLANK (BEGIN) 
1847122.834 DISPLAY_BLANK BLOCK.TRIAL.RECORDING.DISPLAY_BLANK
1847123.369 ADD_TO_RESULTS_FILE BLOCK.TRIAL.RECORDING.ADD_TO_RESULTS_FILE
1847209.095 SetValueAction 
1847209.128 SetValueAction 
1847209.155 SetValueAction 
1847209.180 SetValueAction 
1847209.204 SetValueAction 
1847209.229 SetValueAction 
1847209.634 CHECK_NEW_BLOCK BLOCK.TRIAL.CHECK_NEW_BLOCK_TRUE
1847209.999 RESET_VARS BLOCK.TRIAL.RESET_VARS
1847640.354 PREPARE_SEQUENCE BLOCK.TRIAL.PREPARE_SEQUENCE
1848883.052 DRIFT_CORRECT BLOCK.TRIAL.DRIFT_CORRECT
1849006.632 DISPLAY_TEXT BLOCK.TRIAL.RECORDING.DISPLAY_TEXT (BEGIN) 
1849025.227 DISPLAY_TEXT BLOCK.TRIAL.RECORDING.DISPLAY_TEXT
1867390.148 TRACKER_TIME 12 14099633.980
1867390.257 KEYBOARD_TEXT BLOCK.TRIAL.RECORDING.KEYBOARD_TEXT
1867391.002 SET_SENTENCE_RT BLOCK.TRIAL.RECORDING.SET_SENTENCE_RT
1867391.089 CHECK_QUESTION BLOCK.TRIAL.RECORDING.CHECK_QUESTION_TRUE
1867393.092 DISPLAY_BLANK BLOCK.TRIAL.RECORDING.DISPLAY_BLANK (BEGIN) 
1867400.090 DISPLAY_BLANK BLOCK.TRIAL.RECORDING.DISPLAY_BLANK
1867400.686 ADD_TO_RESULTS_FILE BLOCK.TRIAL.RECORDING.ADD_TO_RESULTS_FILE
1867486.092 SetValueAction 
1867486.125 SetValueAction 
1867486.153 SetValueAction 
1867486.178 SetValueAction 
1867486.203 SetValueAction 
1867486.228 SetValueAction 
1867486.629 CHECK_NEW_BLOCK BLOCK.TRIAL.CHECK_NEW_BLOCK_TRUE
1867487.008 RESET_VARS BLOCK.TRIAL.RESET_VARS
1867953.129 PREPARE_SEQUENCE BLOCK.TRIAL.PREPARE_SEQUENCE
1869686.778 DRIFT_CORRECT BLOCK.TRIAL.DRIFT_CORRECT
1869808.924 DISPLAY_TEXT BLOCK.TRIAL.RECORDING.DISPLAY_TEXT (BEGIN) 
1869830.920 DISPLAY_TEXT BLOCK.TRIAL.RECORDING.DISPLAY_TEXT
1896016.473 KEYBOARD_TEXT BLOCK.TRIAL.RECORDING.KEYBOARD_TEXT
1896017.066 SET_SENTENCE_RT BLOCK.TRIAL.RECORDING.SET_SENTENCE_RT
1896017.180 CHECK_QUESTION BLOCK.TRIAL.RECORDING.CHECK_QUESTION_TRUE
1896019.353 DISPLAY_BLANK BLOCK.TRIAL.RECORDING.DISPLAY_BLANK (BEGIN) 
1896025.148 DISPLAY_BLANK BLOCK.TRIAL.RECORDING.DISPLAY_BLANK
1896025.791 ADD_TO_RESULTS_FILE BLOCK.TRIAL.RECORDING.ADD_TO_RESULTS_FILE
1896110.095 SetValueAction 
1896110.127 SetValueAction 
1896110.155 SetValueAction 
1896110.180 SetValueAction 
1896110.205 SetValueAction 
1896110.229 SetValueAction 
1896110.628 CHECK_NEW_BLOCK BLOCK.TRIAL.CHECK_NEW_BLOCK_TRUE
1896110.975 RESET_VARS BLOCK.TRIAL.RESET_VARS
1896537.109 PREPARE_SEQUENCE BLOCK.TRIAL.PREPARE_SEQUENCE
1898200.462 DRIFT_CORRECT BLOCK.TRIAL.DRIFT_CORRECT
1898314.869 DISPLAY_TEXT BLOCK.TRIAL.RECORDING.DISPLAY_TEXT (BEGIN) 
1898330.545 DISPLAY_TEXT BLOCK.TRIAL.RECORDING.DISPLAY_TEXT
1913540.841 KEYBOARD_TEXT BLOCK.TRIAL.RECORDING.KEYBOARD_TEXT
1913541.431 SET_SENTENCE_RT BLOCK.TRIAL.RECORDING.SET_SENTENCE_RT
1913541.578 CHECK_QUESTION BLOCK.TRIAL.RECORDING.CHECK_QUESTION_TRUE
1913543.534 DISPLAY_BLANK BLOCK.TRIAL.RECORDING.DISPLAY_BLANK (BEGIN) 
1913553.572 DISPLAY_BLANK BLOCK.TRIAL.RECORDING.DISPLAY_BLANK
1913554.157 ADD_TO_RESULTS_FILE BLOCK.TRIAL.RECORDING.ADD_TO_RESULTS_FILE
1913641.123 SetValueAction 
1913641.154 SetValueAction 
1913641.182 SetValueAction 
1913641.207 SetValueAction 
1913641.232 SetValueAction 
1913641.256 SetValueAction 
1913641.624 CHECK_NEW_BLOCK BLOCK.TRIAL.CHECK_NEW_BLOCK_TRUE
1913641.916 RESET_VARS BLOCK.TRIAL.RESET_VARS
1914070.843 PREPARE_SEQUENCE BLOCK.TRIAL.PREPARE_SEQUENCE
1915456.406 DRIFT_CORRECT BLOCK.TRIAL.DRIFT_CORRECT
1915573.089 DISPLAY_TEXT BLOCK.TRIAL.RECORDING.DISPLAY_TEXT (BEGIN) 
1915594.399 DISPLAY_TEXT BLOCK.TRIAL.RECORDING.DISPLAY_TEXT
1939034.015 TRACKER_TIME 13 14171276.292
1939034.123 KEYBOARD_TEXT BLOCK.TRIAL.RECORDING.KEYBOARD_TEXT
1939034.856 SET_SENTENCE_RT BLOCK.TRIAL.RECORDING.SET_SENTENCE_RT
1939035.017 CHECK_QUESTION BLOCK.TRIAL.RECORDING.CHECK_QUESTION_TRUE
1939037.129 DISPLAY_BLANK BLOCK.TRIAL.RECORDING.DISPLAY_BLANK (BEGIN) 
1939046.170 DISPLAY_BLANK BLOCK.TRIAL.RECORDING.DISPLAY_BLANK
1939046.752 ADD_TO_RESULTS_FILE BLOCK.TRIAL.RECORDING.ADD_TO_RESULTS_FILE
1939131.095 SetValueAction 
1939131.126 SetValueAction 
1939131.153 SetValueAction 
1939131.178 SetValueAction 
1939131.203 SetValueAction 
1939131.227 SetValueAction 
1939131.642 CHECK_NEW_BLOCK BLOCK.TRIAL.CHECK_NEW_BLOCK_TRUE
1939131.994 RESET_VARS BLOCK.TRIAL.RESET_VARS
1939550.755 PREPARE_SEQUENCE BLOCK.TRIAL.PREPARE_SEQUENCE
1940635.690 DRIFT_CORRECT BLOCK.TRIAL.DRIFT_CORRECT
1940982.188 DISPLAY_TEXT BLOCK.TRIAL.RECORDING.DISPLAY_TEXT (BEGIN) 
1940996.131 DISPLAY_TEXT BLOCK.TRIAL.RECORDING.DISPLAY_TEXT
1954660.884 KEYBOARD_TEXT BLOCK.TRIAL.RECORDING.KEYBOARD_TEXT
1954661.506 SET_SENTENCE_RT BLOCK.TRIAL.RECORDING.SET_SENTENCE_RT
1954661.729 CHECK_QUESTION BLOCK.TRIAL.RECORDING.CHECK_QUESTION_TRUE
1954663.540 DISPLAY_BLANK BLOCK.TRIAL.RECORDING.DISPLAY_BLANK (BEGIN) 
1954675.104 DISPLAY_BLANK BLOCK.TRIAL.RECORDING.DISPLAY_BLANK
1954675.622 ADD_TO_RESULTS_FILE BLOCK.TRIAL.RECORDING.ADD_TO_RESULTS_FILE
1954761.119 SetValueAction 
1954761.151 SetValueAction 
1954761.178 SetValueAction 
1954761.203 SetValueAction 
1954761.228 SetValueAction 
1954761.252 SetValueAction 
1954761.689 CHECK_NEW_BLOCK BLOCK.TRIAL.CHECK_NEW_BLOCK_TRUE
1954762.063 RESET_VARS BLOCK.TRIAL.RESET_VARS
1955129.086 PREPARE_SEQUENCE BLOCK.TRIAL.PREPARE_SEQUENCE
1956412.902 DRIFT_CORRECT BLOCK.TRIAL.DRIFT_CORRECT
1956529.112 DISPLAY_TEXT BLOCK.TRIAL.RECORDING.DISPLAY_TEXT (BEGIN) 
1956541.258 DISPLAY_TEXT BLOCK.TRIAL.RECORDING.DISPLAY_TEXT
1968783.864 KEYBOARD_TEXT BLOCK.TRIAL.RECORDING.KEYBOARD_TEXT
1968784.549 SET_SENTENCE_RT BLOCK.TRIAL.RECORDING.SET_SENTENCE_RT
1968784.676 CHECK_QUESTION BLOCK.TRIAL.RECORDING.CHECK_QUESTION_TRUE
1968788.631 DISPLAY_BLANK BLOCK.TRIAL.RECORDING.DISPLAY_BLANK (BEGIN) 
1968804.524 DISPLAY_BLANK BLOCK.TRIAL.RECORDING.DISPLAY_BLANK
1968805.044 ADD_TO_RESULTS_FILE BLOCK.TRIAL.RECORDING.ADD_TO_RESULTS_FILE
1968890.091 SetValueAction 
1968890.124 SetValueAction 
1968890.152 SetValueAction 
1968890.177 SetValueAction 
1968890.202 SetValueAction 
1968890.227 SetValueAction 
1968890.643 CHECK_NEW_BLOCK BLOCK.TRIAL.CHECK_NEW_BLOCK_TRUE
1968891.010 RESET_VARS BLOCK.TRIAL.RESET_VARS
1969290.156 PREPARE_SEQUENCE BLOCK.TRIAL.PREPARE_SEQUENCE
1970619.271 DRIFT_CORRECT BLOCK.TRIAL.DRIFT_CORRECT
1970741.971 DISPLAY_TEXT BLOCK.TRIAL.RECORDING.DISPLAY_TEXT (BEGIN) 
1970760.924 DISPLAY_TEXT BLOCK.TRIAL.RECORDING.DISPLAY_TEXT
1990787.172 KEYBOARD_TEXT BLOCK.TRIAL.RECORDING.KEYBOARD_TEXT
1990787.823 SET_SENTENCE_RT BLOCK.TRIAL.RECORDING.SET_SENTENCE_RT
1990787.891 CHECK_QUESTION BLOCK.TRIAL.RECORDING.CHECK_QUESTION_TRUE
1990789.856 DISPLAY_BLANK BLOCK.TRIAL.RECORDING.DISPLAY_BLANK (BEGIN) 
1990797.879 DISPLAY_BLANK BLOCK.TRIAL.RECORDING.DISPLAY_BLANK
1990798.507 ADD_TO_RESULTS_FILE BLOCK.TRIAL.RECORDING.ADD_TO_RESULTS_FILE
1990885.093 SetValueAction 
1990885.126 SetValueAction 
1990885.153 SetValueAction 
1990885.179 SetValueAction 
1990885.204 SetValueAction 
1990885.229 SetValueAction 
1990885.613 CHECK_NEW_BLOCK BLOCK.TRIAL.CHECK_NEW_BLOCK_TRUE
1990885.977 RESET_VARS BLOCK.TRIAL.RESET_VARS
1991302.167 PREPARE_SEQUENCE BLOCK.TRIAL.PREPARE_SEQUENCE
1993565.934 DRIFT_CORRECT BLOCK.TRIAL.DRIFT_CORRECT
1993680.773 DISPLAY_TEXT BLOCK.TRIAL.RECORDING.DISPLAY_TEXT (BEGIN) 
1993697.384 DISPLAY_TEXT BLOCK.TRIAL.RECORDING.DISPLAY_TEXT
2008571.913 TRACKER_TIME 14 14240812.565
2008572.023 KEYBOARD_TEXT BLOCK.TRIAL.RECORDING.KEYBOARD_TEXT
2008572.581 SET_SENTENCE_RT BLOCK.TRIAL.RECORDING.SET_SENTENCE_RT
2008572.788 CHECK_QUESTION BLOCK.TRIAL.RECORDING.CHECK_QUESTION_TRUE
2008577.634 DISPLAY_BLANK BLOCK.TRIAL.RECORDING.DISPLAY_BLANK (BEGIN) 
2008593.024 DISPLAY_BLANK BLOCK.TRIAL.RECORDING.DISPLAY_BLANK
2008593.531 ADD_TO_RESULTS_FILE BLOCK.TRIAL.RECORDING.ADD_TO_RESULTS_FILE
2008678.118 SetValueAction 
2008678.150 SetValueAction 
2008678.179 SetValueAction 
2008678.204 SetValueAction 
2008678.229 SetValueAction 
2008678.254 SetValueAction 
2008678.650 CHECK_NEW_BLOCK BLOCK.TRIAL.CHECK_NEW_BLOCK_TRUE
2008679.016 RESET_VARS BLOCK.TRIAL.RESET_VARS
2009046.909 PREPARE_SEQUENCE BLOCK.TRIAL.PREPARE_SEQUENCE
2010885.256 DRIFT_CORRECT BLOCK.TRIAL.DRIFT_CORRECT
2010998.894 DISPLAY_TEXT BLOCK.TRIAL.RECORDING.DISPLAY_TEXT (BEGIN) 
2011010.821 DISPLAY_TEXT BLOCK.TRIAL.RECORDING.DISPLAY_TEXT
2022906.174 KEYBOARD_TEXT BLOCK.TRIAL.RECORDING.KEYBOARD_TEXT
2022906.805 SET_SENTENCE_RT BLOCK.TRIAL.RECORDING.SET_SENTENCE_RT
2022906.966 CHECK_QUESTION BLOCK.TRIAL.RECORDING.CHECK_QUESTION_TRUE
2022909.016 DISPLAY_BLANK BLOCK.TRIAL.RECORDING.DISPLAY_BLANK (BEGIN) 
2022922.144 DISPLAY_BLANK BLOCK.TRIAL.RECORDING.DISPLAY_BLANK
2022922.656 ADD_TO_RESULTS_FILE BLOCK.TRIAL.RECORDING.ADD_TO_RESULTS_FILE
2023008.124 SetValueAction 
2023008.156 SetValueAction 
2023008.183 SetValueAction 
2023008.208 SetValueAction 
2023008.233 SetValueAction 
2023008.262 SetValueAction 
2023008.649 CHECK_NEW_BLOCK BLOCK.TRIAL.CHECK_NEW_BLOCK_TRUE
2023009.027 RESET_VARS BLOCK.TRIAL.RESET_VARS
2023411.234 PREPARE_SEQUENCE BLOCK.TRIAL.PREPARE_SEQUENCE
2024998.895 DRIFT_CORRECT BLOCK.TRIAL.DRIFT_CORRECT
2025122.054 DISPLAY_TEXT BLOCK.TRIAL.RECORDING.DISPLAY_TEXT (BEGIN) 
2025147.158 DISPLAY_TEXT BLOCK.TRIAL.RECORDING.DISPLAY_TEXT
2051554.508 KEYBOARD_TEXT BLOCK.TRIAL.RECORDING.KEYBOARD_TEXT
2051555.038 SET_SENTENCE_RT BLOCK.TRIAL.RECORDING.SET_SENTENCE_RT
2051555.125 CHECK_QUESTION BLOCK.TRIAL.RECORDING.CHECK_QUESTION_TRUE
2051557.244 DISPLAY_BLANK BLOCK.TRIAL.RECORDING.DISPLAY_BLANK (BEGIN) 
2051563.617 DISPLAY_BLANK BLOCK.TRIAL.RECORDING.DISPLAY_BLANK
2051564.221 ADD_TO_RESULTS_FILE BLOCK.TRIAL.RECORDING.ADD_TO_RESULTS_FILE
2051649.093 SetValueAction 
2051649.124 SetValueAction 
2051649.151 SetValueAction 
2051649.177 SetValueAction 
2051649.202 SetValueAction 
2051649.227 SetValueAction 
2051649.647 CHECK_NEW_BLOCK BLOCK.TRIAL.CHECK_NEW_BLOCK_TRUE
2051649.996 RESET_VARS BLOCK.TRIAL.RESET_VARS
2052077.121 PREPARE_SEQUENCE BLOCK.TRIAL.PREPARE_SEQUENCE
2053871.108 DRIFT_CORRECT BLOCK.TRIAL.DRIFT_CORRECT
2053986.007 DISPLAY_TEXT BLOCK.TRIAL.RECORDING.DISPLAY_TEXT (BEGIN) 
2054009.406 DISPLAY_TEXT BLOCK.TRIAL.RECORDING.DISPLAY_TEXT
2075792.986 TRACKER_TIME 15 14308032.006
2075793.101 KEYBOARD_TEXT BLOCK.TRIAL.RECORDING.KEYBOARD_TEXT
2075793.667 SET_SENTENCE_RT BLOCK.TRIAL.RECORDING.SET_SENTENCE_RT
2075793.837 CHECK_QUESTION BLOCK.TRIAL.RECORDING.CHECK_QUESTION_FALSE
2075796.639 DISPLAY_QUESTION BLOCK.TRIAL.RECORDING.DISPLAY_QUESTION (BEGIN) 
2075806.758 DISPLAY_QUESTION BLOCK.TRIAL.RECORDING.DISPLAY_QUESTION
2078399.233 KEYBOARD_QUESTION BLOCK.TRIAL.RECORDING.KEYBOARD_QUESTION
2078399.459 CHECK_RESPONSE_BUTTON BLOCK.TRIAL.RECORDING.CHECK_RESPONSE_BUTTON_TRUE
2078400.140 SET_VARS_CORRECT BLOCK.TRIAL.RECORDING.SET_VARS_CORRECT
2078401.959 DISPLAY_BLANK BLOCK.TRIAL.RECORDING.DISPLAY_BLANK (BEGIN) 
2078405.762 DISPLAY_BLANK BLOCK.TRIAL.RECORDING.DISPLAY_BLANK
2078406.337 ADD_TO_RESULTS_FILE BLOCK.TRIAL.RECORDING.ADD_TO_RESULTS_FILE
2078491.094 SetValueAction 
2078491.125 SetValueAction 
2078491.152 SetValueAction 
2078491.177 SetValueAction 
2078491.202 SetValueAction 
2078491.227 SetValueAction 
2078491.658 CHECK_NEW_BLOCK BLOCK.TRIAL.CHECK_NEW_BLOCK_TRUE
2078491.999 RESET_VARS BLOCK.TRIAL.RESET_VARS
2078882.735 PREPARE_SEQUENCE BLOCK.TRIAL.PREPARE_SEQUENCE
2079989.121 DRIFT_CORRECT BLOCK.TRIAL.DRIFT_CORRECT
2080102.939 DISPLAY_TEXT BLOCK.TRIAL.RECORDING.DISPLAY_TEXT (BEGIN) 
2080133.536 DISPLAY_TEXT BLOCK.TRIAL.RECORDING.DISPLAY_TEXT
2118275.337 KEYBOARD_TEXT BLOCK.TRIAL.RECORDING.KEYBOARD_TEXT
2118275.973 SET_SENTENCE_RT BLOCK.TRIAL.RECORDING.SET_SENTENCE_RT
2118276.036 CHECK_QUESTION BLOCK.TRIAL.RECORDING.CHECK_QUESTION_TRUE
2118278.085 DISPLAY_BLANK BLOCK.TRIAL.RECORDING.DISPLAY_BLANK (BEGIN) 
2118294.760 DISPLAY_BLANK BLOCK.TRIAL.RECORDING.DISPLAY_BLANK
2118295.322 ADD_TO_RESULTS_FILE BLOCK.TRIAL.RECORDING.ADD_TO_RESULTS_FILE
2118381.096 SetValueAction 
2118381.128 SetValueAction 
2118381.155 SetValueAction 
2118381.180 SetValueAction 
2118381.205 SetValueAction 
2118381.229 SetValueAction 
2118381.651 CHECK_NEW_BLOCK BLOCK.TRIAL.CHECK_NEW_BLOCK_TRUE
2118382.002 RESET_VARS BLOCK.TRIAL.RESET_VARS
2118821.420 PREPARE_SEQUENCE BLOCK.TRIAL.PREPARE_SEQUENCE
2120523.202 DRIFT_CORRECT BLOCK.TRIAL.DRIFT_CORRECT
2120640.217 DISPLAY_TEXT BLOCK.TRIAL.RECORDING.DISPLAY_TEXT (BEGIN) 
2120647.185 DISPLAY_TEXT BLOCK.TRIAL.RECORDING.DISPLAY_TEXT
2126722.381 KEYBOARD_TEXT BLOCK.TRIAL.RECORDING.KEYBOARD_TEXT
2126722.923 SET_SENTENCE_RT BLOCK.TRIAL.RECORDING.SET_SENTENCE_RT
2126723.041 CHECK_QUESTION BLOCK.TRIAL.RECORDING.CHECK_QUESTION_TRUE
2126726.637 DISPLAY_BLANK BLOCK.TRIAL.RECORDING.DISPLAY_BLANK (BEGIN) 
2126742.284 DISPLAY_BLANK BLOCK.TRIAL.RECORDING.DISPLAY_BLANK
2126742.777 ADD_TO_RESULTS_FILE BLOCK.TRIAL.RECORDING.ADD_TO_RESULTS_FILE
2126829.093 SetValueAction 
2126829.125 SetValueAction 
2126829.151 SetValueAction 
2126829.177 SetValueAction 
2126829.201 SetValueAction 
2126829.226 SetValueAction 
2126829.599 CHECK_NEW_BLOCK BLOCK.TRIAL.CHECK_NEW_BLOCK_TRUE
2126829.922 RESET_VARS BLOCK.TRIAL.RESET_VARS
2127190.132 PREPARE_SEQUENCE BLOCK.TRIAL.PREPARE_SEQUENCE
2129152.800 DRIFT_CORRECT BLOCK.TRIAL.DRIFT_CORRECT
2129271.136 DISPLAY_TEXT BLOCK.TRIAL.RECORDING.DISPLAY_TEXT (BEGIN) 
2129292.748 DISPLAY_TEXT BLOCK.TRIAL.RECORDING.DISPLAY_TEXT
2148313.006 TRACKER_TIME 16 14380550.349
2148313.091 KEYBOARD_TEXT BLOCK.TRIAL.RECORDING.KEYBOARD_TEXT
2148313.839 SET_SENTENCE_RT BLOCK.TRIAL.RECORDING.SET_SENTENCE_RT
2148313.921 CHECK_QUESTION BLOCK.TRIAL.RECORDING.CHECK_QUESTION_TRUE
2148316.014 DISPLAY_BLANK BLOCK.TRIAL.RECORDING.DISPLAY_BLANK (BEGIN) 
2148318.875 DISPLAY_BLANK BLOCK.TRIAL.RECORDING.DISPLAY_BLANK
2148319.483 ADD_TO_RESULTS_FILE BLOCK.TRIAL.RECORDING.ADD_TO_RESULTS_FILE
2148404.096 SetValueAction 
2148404.128 SetValueAction 
2148404.155 SetValueAction 
2148404.182 SetValueAction 
2148404.207 SetValueAction 
2148404.231 SetValueAction 
2148404.682 CHECK_NEW_BLOCK BLOCK.TRIAL.CHECK_NEW_BLOCK_TRUE
2148405.073 RESET_VARS BLOCK.TRIAL.RESET_VARS
2148781.768 PREPARE_SEQUENCE BLOCK.TRIAL.PREPARE_SEQUENCE
2149866.856 DRIFT_CORRECT BLOCK.TRIAL.DRIFT_CORRECT
2149980.989 DISPLAY_TEXT BLOCK.TRIAL.RECORDING.DISPLAY_TEXT (BEGIN) 
2149992.103 DISPLAY_TEXT BLOCK.TRIAL.RECORDING.DISPLAY_TEXT
2160739.754 KEYBOARD_TEXT BLOCK.TRIAL.RECORDING.KEYBOARD_TEXT
2160740.526 SET_SENTENCE_RT BLOCK.TRIAL.RECORDING.SET_SENTENCE_RT
2160740.770 CHECK_QUESTION BLOCK.TRIAL.RECORDING.CHECK_QUESTION_TRUE
2160742.605 DISPLAY_BLANK BLOCK.TRIAL.RECORDING.DISPLAY_BLANK (BEGIN) 
2160748.804 DISPLAY_BLANK BLOCK.TRIAL.RECORDING.DISPLAY_BLANK
2160749.445 ADD_TO_RESULTS_FILE BLOCK.TRIAL.RECORDING.ADD_TO_RESULTS_FILE
2160834.170 SetValueAction 
2160834.215 SetValueAction 
2160834.256 SetValueAction 
2160834.297 SetValueAction 
2160834.337 SetValueAction 
2160834.376 SetValueAction 
2160834.955 CHECK_NEW_BLOCK BLOCK.TRIAL.CHECK_NEW_BLOCK_TRUE
2160835.431 RESET_VARS BLOCK.TRIAL.RESET_VARS
2161238.897 PREPARE_SEQUENCE BLOCK.TRIAL.PREPARE_SEQUENCE
2162749.109 DRIFT_CORRECT BLOCK.TRIAL.DRIFT_CORRECT
2162871.033 DISPLAY_TEXT BLOCK.TRIAL.RECORDING.DISPLAY_TEXT (BEGIN) 
2162882.604 DISPLAY_TEXT BLOCK.TRIAL.RECORDING.DISPLAY_TEXT
2170384.015 KEYBOARD_TEXT BLOCK.TRIAL.RECORDING.KEYBOARD_TEXT
2170384.542 SET_SENTENCE_RT BLOCK.TRIAL.RECORDING.SET_SENTENCE_RT
2170384.644 CHECK_QUESTION BLOCK.TRIAL.RECORDING.CHECK_QUESTION_TRUE
2170386.548 DISPLAY_BLANK BLOCK.TRIAL.RECORDING.DISPLAY_BLANK (BEGIN) 
2170396.112 DISPLAY_BLANK BLOCK.TRIAL.RECORDING.DISPLAY_BLANK
2170396.735 ADD_TO_RESULTS_FILE BLOCK.TRIAL.RECORDING.ADD_TO_RESULTS_FILE
2170482.114 SetValueAction 
2170482.147 SetValueAction 
2170482.176 SetValueAction 
2170482.203 SetValueAction 
2170482.228 SetValueAction 
2170482.253 SetValueAction 
2170482.658 CHECK_NEW_BLOCK BLOCK.TRIAL.CHECK_NEW_BLOCK_TRUE
2170483.020 RESET_VARS BLOCK.TRIAL.RESET_VARS
2170862.696 PREPARE_SEQUENCE BLOCK.TRIAL.PREPARE_SEQUENCE
2172951.587 DRIFT_CORRECT BLOCK.TRIAL.DRIFT_CORRECT
2173067.969 DISPLAY_TEXT BLOCK.TRIAL.RECORDING.DISPLAY_TEXT (BEGIN) 
2173090.164 DISPLAY_TEXT BLOCK.TRIAL.RECORDING.DISPLAY_TEXT
2195469.429 KEYBOARD_TEXT BLOCK.TRIAL.RECORDING.KEYBOARD_TEXT
2195469.970 SET_SENTENCE_RT BLOCK.TRIAL.RECORDING.SET_SENTENCE_RT
2195470.116 CHECK_QUESTION BLOCK.TRIAL.RECORDING.CHECK_QUESTION_TRUE
2195473.631 DISPLAY_BLANK BLOCK.TRIAL.RECORDING.DISPLAY_BLANK (BEGIN) 
2195489.108 DISPLAY_BLANK BLOCK.TRIAL.RECORDING.DISPLAY_BLANK
2195489.658 ADD_TO_RESULTS_FILE BLOCK.TRIAL.RECORDING.ADD_TO_RESULTS_FILE
2195575.093 SetValueAction 
2195575.124 SetValueAction 
2195575.152 SetValueAction 
2195575.177 SetValueAction 
2195575.202 SetValueAction 
2195575.226 SetValueAction 
2195575.615 CHECK_NEW_BLOCK BLOCK.TRIAL.CHECK_NEW_BLOCK_TRUE
2195576.018 RESET_VARS BLOCK.TRIAL.RESET_VARS
2195951.190 PREPARE_SEQUENCE BLOCK.TRIAL.PREPARE_SEQUENCE
2196953.869 DRIFT_CORRECT BLOCK.TRIAL.DRIFT_CORRECT
2197073.635 DISPLAY_TEXT BLOCK.TRIAL.RECORDING.DISPLAY_TEXT (BEGIN) 
2197089.567 DISPLAY_TEXT BLOCK.TRIAL.RECORDING.DISPLAY_TEXT
2211504.509 TRACKER_TIME 17 14443740.378
2211504.643 KEYBOARD_TEXT BLOCK.TRIAL.RECORDING.KEYBOARD_TEXT
2211505.279 SET_SENTENCE_RT BLOCK.TRIAL.RECORDING.SET_SENTENCE_RT
2211505.377 CHECK_QUESTION BLOCK.TRIAL.RECORDING.CHECK_QUESTION_TRUE
2211507.558 DISPLAY_BLANK BLOCK.TRIAL.RECORDING.DISPLAY_BLANK (BEGIN) 
2211517.607 DISPLAY_BLANK BLOCK.TRIAL.RECORDING.DISPLAY_BLANK
2211518.185 ADD_TO_RESULTS_FILE BLOCK.TRIAL.RECORDING.ADD_TO_RESULTS_FILE
2211605.094 SetValueAction 
2211605.125 SetValueAction 
2211605.153 SetValueAction 
2211605.178 SetValueAction 
2211605.203 SetValueAction 
2211605.228 SetValueAction 
2211605.649 CHECK_NEW_BLOCK BLOCK.TRIAL.CHECK_NEW_BLOCK_TRUE
2211606.004 RESET_VARS BLOCK.TRIAL.RESET_VARS
2212011.702 PREPARE_SEQUENCE BLOCK.TRIAL.PREPARE_SEQUENCE
2213879.394 DRIFT_CORRECT BLOCK.TRIAL.DRIFT_CORRECT
2213997.106 DISPLAY_TEXT BLOCK.TRIAL.RECORDING.DISPLAY_TEXT (BEGIN) 
2214027.021 DISPLAY_TEXT BLOCK.TRIAL.RECORDING.DISPLAY_TEXT
2246277.296 KEYBOARD_TEXT BLOCK.TRIAL.RECORDING.KEYBOARD_TEXT
2246277.933 SET_SENTENCE_RT BLOCK.TRIAL.RECORDING.SET_SENTENCE_RT
2246278.078 CHECK_QUESTION BLOCK.TRIAL.RECORDING.CHECK_QUESTION_TRUE
2246280.071 DISPLAY_BLANK BLOCK.TRIAL.RECORDING.DISPLAY_BLANK (BEGIN) 
2246290.935 DISPLAY_BLANK BLOCK.TRIAL.RECORDING.DISPLAY_BLANK
2246291.523 ADD_TO_RESULTS_FILE BLOCK.TRIAL.RECORDING.ADD_TO_RESULTS_FILE
2246376.107 SetValueAction 
2246376.153 SetValueAction 
2246376.180 SetValueAction 
2246376.205 SetValueAction 
2246376.229 SetValueAction 
2246376.254 SetValueAction 
2246376.648 CHECK_NEW_BLOCK BLOCK.TRIAL.CHECK_NEW_BLOCK_TRUE
2246376.998 RESET_VARS BLOCK.TRIAL.RESET_VARS
2246836.009 PREPARE_SEQUENCE BLOCK.TRIAL.PREPARE_SEQUENCE
2248553.414 DRIFT_CORRECT BLOCK.TRIAL.DRIFT_CORRECT
2248674.656 DISPLAY_TEXT BLOCK.TRIAL.RECORDING.DISPLAY_TEXT (BEGIN) 
2248706.989 DISPLAY_TEXT BLOCK.TRIAL.RECORDING.DISPLAY_TEXT
2279402.106 TRACKER_TIME 18 14511636.379
2279402.203 KEYBOARD_TEXT BLOCK.TRIAL.RECORDING.KEYBOARD_TEXT
2279402.829 SET_SENTENCE_RT BLOCK.TRIAL.RECORDING.SET_SENTENCE_RT
2279402.991 CHECK_QUESTION BLOCK.TRIAL.RECORDING.CHECK_QUESTION_TRUE
2279404.706 DISPLAY_BLANK BLOCK.TRIAL.RECORDING.DISPLAY_BLANK (BEGIN) 
2279414.673 DISPLAY_BLANK BLOCK.TRIAL.RECORDING.DISPLAY_BLANK
2279415.319 ADD_TO_RESULTS_FILE BLOCK.TRIAL.RECORDING.ADD_TO_RESULTS_FILE
2279501.094 SetValueAction 
2279501.126 SetValueAction 
2279501.154 SetValueAction 
2279501.179 SetValueAction 
2279501.223 SetValueAction 
2279501.292 SetValueAction 
2279501.724 CHECK_NEW_BLOCK BLOCK.TRIAL.CHECK_NEW_BLOCK_TRUE
2279502.070 RESET_VARS BLOCK.TRIAL.RESET_VARS
2279893.477 PREPARE_SEQUENCE BLOCK.TRIAL.PREPARE_SEQUENCE
2281765.379 DRIFT_CORRECT BLOCK.TRIAL.DRIFT_CORRECT
2281882.752 DISPLAY_TEXT BLOCK.TRIAL.RECORDING.DISPLAY_TEXT (BEGIN) 
2281910.761 DISPLAY_TEXT BLOCK.TRIAL.RECORDING.DISPLAY_TEXT
2317893.999 KEYBOARD_TEXT BLOCK.TRIAL.RECORDING.KEYBOARD_TEXT
2317894.691 SET_SENTENCE_RT BLOCK.TRIAL.RECORDING.SET_SENTENCE_RT
2317894.838 CHECK_QUESTION BLOCK.TRIAL.RECORDING.CHECK_QUESTION_TRUE
2317896.784 DISPLAY_BLANK BLOCK.TRIAL.RECORDING.DISPLAY_BLANK (BEGIN) 
2317903.448 DISPLAY_BLANK BLOCK.TRIAL.RECORDING.DISPLAY_BLANK
2317904.085 ADD_TO_RESULTS_FILE BLOCK.TRIAL.RECORDING.ADD_TO_RESULTS_FILE
2317989.093 SetValueAction 
2317989.125 SetValueAction 
2317989.152 SetValueAction 
2317989.178 SetValueAction 
2317989.203 SetValueAction 
2317989.227 SetValueAction 
2317989.656 CHECK_NEW_BLOCK BLOCK.TRIAL.CHECK_NEW_BLOCK_TRUE
2317990.065 RESET_VARS BLOCK.TRIAL.RESET_VARS
2318357.252 PREPARE_SEQUENCE BLOCK.TRIAL.PREPARE_SEQUENCE
2319442.468 DRIFT_CORRECT BLOCK.TRIAL.DRIFT_CORRECT
2319558.990 DISPLAY_TEXT BLOCK.TRIAL.RECORDING.DISPLAY_TEXT (BEGIN) 
2319581.824 DISPLAY_TEXT BLOCK.TRIAL.RECORDING.DISPLAY_TEXT
2342975.220 TRACKER_TIME 19 14575208.007
2342975.277 KEYBOARD_TEXT BLOCK.TRIAL.RECORDING.KEYBOARD_TEXT
2342975.824 SET_SENTENCE_RT BLOCK.TRIAL.RECORDING.SET_SENTENCE_RT
2342976.040 CHECK_QUESTION BLOCK.TRIAL.RECORDING.CHECK_QUESTION_TRUE
2342980.632 DISPLAY_BLANK BLOCK.TRIAL.RECORDING.DISPLAY_BLANK (BEGIN) 
2342996.573 DISPLAY_BLANK BLOCK.TRIAL.RECORDING.DISPLAY_BLANK
2342997.127 ADD_TO_RESULTS_FILE BLOCK.TRIAL.RECORDING.ADD_TO_RESULTS_FILE
2343084.156 SetValueAction 
2343084.193 SetValueAction 
2343084.250 SetValueAction 
2343084.275 SetValueAction 
2343084.300 SetValueAction 
2343084.325 SetValueAction 
2343084.794 CHECK_NEW_BLOCK BLOCK.TRIAL.CHECK_NEW_BLOCK_TRUE
2343085.160 RESET_VARS BLOCK.TRIAL.RESET_VARS
2343480.792 PREPARE_SEQUENCE BLOCK.TRIAL.PREPARE_SEQUENCE
2344969.689 DRIFT_CORRECT BLOCK.TRIAL.DRIFT_CORRECT
2345091.894 DISPLAY_TEXT BLOCK.TRIAL.RECORDING.DISPLAY_TEXT (BEGIN) 
2345121.111 DISPLAY_TEXT BLOCK.TRIAL.RECORDING.DISPLAY_TEXT
2371061.040 KEYBOARD_TEXT BLOCK.TRIAL.RECORDING.KEYBOARD_TEXT
2371061.653 SET_SENTENCE_RT BLOCK.TRIAL.RECORDING.SET_SENTENCE_RT
2371061.844 CHECK_QUESTION BLOCK.TRIAL.RECORDING.CHECK_QUESTION_FALSE
2371064.578 DISPLAY_QUESTION BLOCK.TRIAL.RECORDING.DISPLAY_QUESTION (BEGIN) 
2371071.437 DISPLAY_QUESTION BLOCK.TRIAL.RECORDING.DISPLAY_QUESTION
2376911.298 KEYBOARD_QUESTION BLOCK.TRIAL.RECORDING.KEYBOARD_QUESTION
2376911.533 CHECK_RESPONSE_BUTTON BLOCK.TRIAL.RECORDING.CHECK_RESPONSE_BUTTON_TRUE
2376912.319 SET_VARS_CORRECT BLOCK.TRIAL.RECORDING.SET_VARS_CORRECT
2376914.360 DISPLAY_BLANK BLOCK.TRIAL.RECORDING.DISPLAY_BLANK (BEGIN) 
2376919.738 DISPLAY_BLANK BLOCK.TRIAL.RECORDING.DISPLAY_BLANK
2376920.325 ADD_TO_RESULTS_FILE BLOCK.TRIAL.RECORDING.ADD_TO_RESULTS_FILE
2377006.094 SetValueAction 
2377006.126 SetValueAction 
2377006.154 SetValueAction 
2377006.179 SetValueAction 
2377006.204 SetValueAction 
2377006.229 SetValueAction 
2377006.654 CHECK_NEW_BLOCK BLOCK.TRIAL.CHECK_NEW_BLOCK_TRUE
2377007.181 RESET_VARS BLOCK.TRIAL.RESET_VARS
2377411.913 PREPARE_SEQUENCE BLOCK.TRIAL.PREPARE_SEQUENCE
2379530.332 DRIFT_CORRECT BLOCK.TRIAL.DRIFT_CORRECT
2379647.893 DISPLAY_TEXT BLOCK.TRIAL.RECORDING.DISPLAY_TEXT (BEGIN) 
2379660.567 DISPLAY_TEXT BLOCK.TRIAL.RECORDING.DISPLAY_TEXT
2390976.216 KEYBOARD_TEXT BLOCK.TRIAL.RECORDING.KEYBOARD_TEXT
2390976.762 SET_SENTENCE_RT BLOCK.TRIAL.RECORDING.SET_SENTENCE_RT
2390977.061 CHECK_QUESTION BLOCK.TRIAL.RECORDING.CHECK_QUESTION_TRUE
2390979.086 DISPLAY_BLANK BLOCK.TRIAL.RECORDING.DISPLAY_BLANK (BEGIN) 
2390982.198 DISPLAY_BLANK BLOCK.TRIAL.RECORDING.DISPLAY_BLANK
2390982.842 ADD_TO_RESULTS_FILE BLOCK.TRIAL.RECORDING.ADD_TO_RESULTS_FILE
2391069.095 SetValueAction 
2391069.127 SetValueAction 
2391069.154 SetValueAction 
2391069.179 SetValueAction 
2391069.204 SetValueAction 
2391069.229 SetValueAction 
2391069.642 CHECK_NEW_BLOCK BLOCK.TRIAL.CHECK_NEW_BLOCK_TRUE
2391069.997 RESET_VARS BLOCK.TRIAL.RESET_VARS
2391469.604 PREPARE_SEQUENCE BLOCK.TRIAL.PREPARE_SEQUENCE
2392552.117 DRIFT_CORRECT BLOCK.TRIAL.DRIFT_CORRECT
2392666.282 DISPLAY_TEXT BLOCK.TRIAL.RECORDING.DISPLAY_TEXT (BEGIN) 
2392699.206 DISPLAY_TEXT BLOCK.TRIAL.RECORDING.DISPLAY_TEXT
2427037.695 TRACKER_TIME 20 14659268.636
2427037.791 KEYBOARD_TEXT BLOCK.TRIAL.RECORDING.KEYBOARD_TEXT
2427038.360 SET_SENTENCE_RT BLOCK.TRIAL.RECORDING.SET_SENTENCE_RT
2427038.687 CHECK_QUESTION BLOCK.TRIAL.RECORDING.CHECK_QUESTION_FALSE
2427041.719 DISPLAY_QUESTION BLOCK.TRIAL.RECORDING.DISPLAY_QUESTION (BEGIN) 
2427055.604 DISPLAY_QUESTION BLOCK.TRIAL.RECORDING.DISPLAY_QUESTION
2434062.650 KEYBOARD_QUESTION BLOCK.TRIAL.RECORDING.KEYBOARD_QUESTION
2434062.908 CHECK_RESPONSE_BUTTON BLOCK.TRIAL.RECORDING.CHECK_RESPONSE_BUTTON_TRUE
2434063.486 SET_VARS_CORRECT BLOCK.TRIAL.RECORDING.SET_VARS_CORRECT
2434065.490 DISPLAY_BLANK BLOCK.TRIAL.RECORDING.DISPLAY_BLANK (BEGIN) 
2434069.805 DISPLAY_BLANK BLOCK.TRIAL.RECORDING.DISPLAY_BLANK
2434070.397 ADD_TO_RESULTS_FILE BLOCK.TRIAL.RECORDING.ADD_TO_RESULTS_FILE
2434157.096 SetValueAction 
2434157.128 SetValueAction 
2434157.155 SetValueAction 
2434157.180 SetValueAction 
2434157.205 SetValueAction 
2434157.229 SetValueAction 
2434157.637 CHECK_NEW_BLOCK BLOCK.TRIAL.CHECK_NEW_BLOCK_TRUE
2434157.988 RESET_VARS BLOCK.TRIAL.RESET_VARS
2434584.984 PREPARE_SEQUENCE BLOCK.TRIAL.PREPARE_SEQUENCE
2435860.548 DRIFT_CORRECT BLOCK.TRIAL.DRIFT_CORRECT
2435974.108 DISPLAY_TEXT BLOCK.TRIAL.RECORDING.DISPLAY_TEXT (BEGIN) 
2435992.763 DISPLAY_TEXT BLOCK.TRIAL.RECORDING.DISPLAY_TEXT
2455988.183 KEYBOARD_TEXT BLOCK.TRIAL.RECORDING.KEYBOARD_TEXT
2455988.806 SET_SENTENCE_RT BLOCK.TRIAL.RECORDING.SET_SENTENCE_RT
2455989.054 CHECK_QUESTION BLOCK.TRIAL.RECORDING.CHECK_QUESTION_FALSE
2455992.030 DISPLAY_QUESTION BLOCK.TRIAL.RECORDING.DISPLAY_QUESTION (BEGIN) 
2455996.848 DISPLAY_QUESTION BLOCK.TRIAL.RECORDING.DISPLAY_QUESTION
2460825.482 KEYBOARD_QUESTION BLOCK.TRIAL.RECORDING.KEYBOARD_QUESTION
2460825.696 CHECK_RESPONSE_BUTTON BLOCK.TRIAL.RECORDING.CHECK_RESPONSE_BUTTON_TRUE
2460826.185 SET_VARS_CORRECT BLOCK.TRIAL.RECORDING.SET_VARS_CORRECT
2460830.632 DISPLAY_BLANK BLOCK.TRIAL.RECORDING.DISPLAY_BLANK (BEGIN) 
2460845.877 DISPLAY_BLANK BLOCK.TRIAL.RECORDING.DISPLAY_BLANK
2460846.366 ADD_TO_RESULTS_FILE BLOCK.TRIAL.RECORDING.ADD_TO_RESULTS_FILE
2460931.093 SetValueAction 
2460931.124 SetValueAction 
2460931.151 SetValueAction 
2460931.175 SetValueAction 
2460931.200 SetValueAction 
2460931.225 SetValueAction 
2460931.663 CHECK_NEW_BLOCK BLOCK.TRIAL.CHECK_NEW_BLOCK_TRUE
2460932.017 RESET_VARS BLOCK.TRIAL.RESET_VARS
2461314.476 PREPARE_SEQUENCE BLOCK.TRIAL.PREPARE_SEQUENCE
2462535.972 DRIFT_CORRECT BLOCK.TRIAL.DRIFT_CORRECT
2462650.803 DISPLAY_TEXT BLOCK.TRIAL.RECORDING.DISPLAY_TEXT (BEGIN) 
2462673.425 DISPLAY_TEXT BLOCK.TRIAL.RECORDING.DISPLAY_TEXT
2488378.996 TRACKER_TIME 21 14720608.410
2488379.085 KEYBOARD_TEXT BLOCK.TRIAL.RECORDING.KEYBOARD_TEXT
2488379.666 SET_SENTENCE_RT BLOCK.TRIAL.RECORDING.SET_SENTENCE_RT
2488379.863 CHECK_QUESTION BLOCK.TRIAL.RECORDING.CHECK_QUESTION_FALSE
2488382.892 DISPLAY_QUESTION BLOCK.TRIAL.RECORDING.DISPLAY_QUESTION (BEGIN) 
2488387.473 DISPLAY_QUESTION BLOCK.TRIAL.RECORDING.DISPLAY_QUESTION
2492526.277 KEYBOARD_QUESTION BLOCK.TRIAL.RECORDING.KEYBOARD_QUESTION
2492526.489 CHECK_RESPONSE_BUTTON BLOCK.TRIAL.RECORDING.CHECK_RESPONSE_BUTTON_TRUE
2492526.961 SET_VARS_CORRECT BLOCK.TRIAL.RECORDING.SET_VARS_CORRECT
2492528.749 DISPLAY_BLANK BLOCK.TRIAL.RECORDING.DISPLAY_BLANK (BEGIN) 
2492536.414 DISPLAY_BLANK BLOCK.TRIAL.RECORDING.DISPLAY_BLANK
2492537.031 ADD_TO_RESULTS_FILE BLOCK.TRIAL.RECORDING.ADD_TO_RESULTS_FILE
2492622.091 SetValueAction 
2492622.123 SetValueAction 
2492622.151 SetValueAction 
2492622.176 SetValueAction 
2492622.200 SetValueAction 
2492622.225 SetValueAction 
2492622.609 CHECK_NEW_BLOCK BLOCK.TRIAL.CHECK_NEW_BLOCK_TRUE
2492622.895 RESET_VARS BLOCK.TRIAL.RESET_VARS
2493040.225 PREPARE_SEQUENCE BLOCK.TRIAL.PREPARE_SEQUENCE
2494247.465 DRIFT_CORRECT BLOCK.TRIAL.DRIFT_CORRECT
2494361.847 DISPLAY_TEXT BLOCK.TRIAL.RECORDING.DISPLAY_TEXT (BEGIN) 
2494374.639 DISPLAY_TEXT BLOCK.TRIAL.RECORDING.DISPLAY_TEXT
2506067.814 KEYBOARD_TEXT BLOCK.TRIAL.RECORDING.KEYBOARD_TEXT
2506068.355 SET_SENTENCE_RT BLOCK.TRIAL.RECORDING.SET_SENTENCE_RT
2506068.459 CHECK_QUESTION BLOCK.TRIAL.RECORDING.CHECK_QUESTION_TRUE
2506070.406 DISPLAY_BLANK BLOCK.TRIAL.RECORDING.DISPLAY_BLANK (BEGIN) 
2506082.719 DISPLAY_BLANK BLOCK.TRIAL.RECORDING.DISPLAY_BLANK
2506083.251 ADD_TO_RESULTS_FILE BLOCK.TRIAL.RECORDING.ADD_TO_RESULTS_FILE
2506168.094 SetValueAction 
2506168.125 SetValueAction 
2506168.152 SetValueAction 
2506168.177 SetValueAction 
2506168.202 SetValueAction 
2506168.227 SetValueAction 
2506168.660 CHECK_NEW_BLOCK BLOCK.TRIAL.CHECK_NEW_BLOCK_TRUE
2506169.010 RESET_VARS BLOCK.TRIAL.RESET_VARS
2506550.070 PREPARE_SEQUENCE BLOCK.TRIAL.PREPARE_SEQUENCE
2509174.208 DRIFT_CORRECT BLOCK.TRIAL.DRIFT_CORRECT
2509291.037 DISPLAY_TEXT BLOCK.TRIAL.RECORDING.DISPLAY_TEXT (BEGIN) 
2509298.246 DISPLAY_TEXT BLOCK.TRIAL.RECORDING.DISPLAY_TEXT
2511523.564 KEYBOARD_TEXT BLOCK.TRIAL.RECORDING.KEYBOARD_TEXT
2511524.075 SET_SENTENCE_RT BLOCK.TRIAL.RECORDING.SET_SENTENCE_RT
2511524.147 CHECK_QUESTION BLOCK.TRIAL.RECORDING.CHECK_QUESTION_TRUE
2511525.779 DISPLAY_BLANK BLOCK.TRIAL.RECORDING.DISPLAY_BLANK (BEGIN) 
2511530.913 DISPLAY_BLANK BLOCK.TRIAL.RECORDING.DISPLAY_BLANK
2511531.885 ADD_TO_RESULTS_FILE BLOCK.TRIAL.RECORDING.ADD_TO_RESULTS_FILE
2511618.093 SetValueAction 
2511618.125 SetValueAction 
2511618.152 SetValueAction 
2511618.177 SetValueAction 
2511618.202 SetValueAction 
2511618.227 SetValueAction 
2511618.663 CHECK_NEW_BLOCK BLOCK.TRIAL.CHECK_NEW_BLOCK_FALSE
2511621.293 NEW_COUNTERBALANCE_BREAK BLOCK.TRIAL.NEW_COUNTERBALANCE_BREAK (BEGIN) 
2511631.014 NEW_COUNTERBALANCE_BREAK BLOCK.TRIAL.NEW_COUNTERBALANCE_BREAK
2658993.268 TRACKER_TIME 22 14891218.869
2658993.380 KEYBOARD[1] BLOCK.TRIAL.KEYBOARD[1]
2761215.410 TRACKER_TIME 23 14993438.649
2761215.485 EL_CAMERA_SETUP BLOCK.TRIAL.EL_CAMERA_SETUP
2761218.329 EXPERIMENT_CONTINUE BLOCK.TRIAL.EXPERIMENT_CONTINUE (BEGIN) 
2761225.555 EXPERIMENT_CONTINUE BLOCK.TRIAL.EXPERIMENT_CONTINUE
2801960.587 KEYBOARD BLOCK.TRIAL.KEYBOARD
2801961.051 RESET_VARS BLOCK.TRIAL.RESET_VARS
2802359.976 PREPARE_SEQUENCE BLOCK.TRIAL.PREPARE_SEQUENCE
2803342.223 DRIFT_CORRECT BLOCK.TRIAL.DRIFT_CORRECT
el_logger: Quit logger.
******** END OF THE LOG FILE ********
