25375.383 ********************************************************
25375.440 ** Session beginning Wednesday November 17, 2021 01:23:54 AM **
25375.447 ** ExperimentBuilder Project : P01 **
25375.451 ** ExperimentBuilder Version : 2.3.38 **
25375.456 ** ExperimentBuilder Build   : Jul 30 2020 **
25375.460 ********************************************************
25375.467 TRACKER_TIME 0 1791452.137
25820.050 SETUP_INSTRUCTIONS SETUP_INSTRUCTIONS (BEGIN) 
25837.073 SETUP_INSTRUCTIONS SETUP_INSTRUCTIONS
31489.682 KEYBOARD KEYBOARD
157270.028 TRACKER_TIME 1 1923344.158
157270.065 EL_CAMERA_SETUP EL_CAMERA_SETUP
157301.742 EXPERIMENTAL__FIRST_BLOCK_INSTRUCTIONS BLOCK.EXPERIMENTAL__FIRST_BLOCK_INSTRUCTIONS (BEGIN) 
157315.585 EXPERIMENTAL__FIRST_BLOCK_INSTRUCTIONS BLOCK.EXPERIMENTAL__FIRST_BLOCK_INSTRUCTIONS
187353.182 KEYBOARD BLOCK.KEYBOARD
187353.385 SetValueAction 
187353.414 SetValueAction 
187353.440 SetValueAction 
187353.465 SetValueAction 
187353.491 SetValueAction 
187353.515 SetValueAction 
187353.939 CHECK_NEW_BLOCK BLOCK.TRIAL.CHECK_NEW_BLOCK_TRUE
187354.327 RESET_VARS BLOCK.TRIAL.RESET_VARS
187785.070 PREPARE_SEQUENCE BLOCK.TRIAL.PREPARE_SEQUENCE
189843.894 DRIFT_CORRECT BLOCK.TRIAL.DRIFT_CORRECT
189963.323 DISPLAY_TEXT BLOCK.TRIAL.RECORDING.DISPLAY_TEXT (BEGIN) 
189972.573 DISPLAY_TEXT BLOCK.TRIAL.RECORDING.DISPLAY_TEXT
193149.235 KEYBOARD_TEXT BLOCK.TRIAL.RECORDING.KEYBOARD_TEXT
193149.754 SET_SENTENCE_RT BLOCK.TRIAL.RECORDING.SET_SENTENCE_RT
193149.819 CHECK_QUESTION BLOCK.TRIAL.RECORDING.CHECK_QUESTION_TRUE
193151.476 DISPLAY_BLANK BLOCK.TRIAL.RECORDING.DISPLAY_BLANK (BEGIN) 
193154.753 DISPLAY_BLANK BLOCK.TRIAL.RECORDING.DISPLAY_BLANK
193155.432 ADD_TO_RESULTS_FILE BLOCK.TRIAL.RECORDING.ADD_TO_RESULTS_FILE
193240.109 SetValueAction 
193240.144 SetValueAction 
193240.172 SetValueAction 
193240.198 SetValueAction 
193240.224 SetValueAction 
193240.253 SetValueAction 
193240.615 CHECK_NEW_BLOCK BLOCK.TRIAL.CHECK_NEW_BLOCK_TRUE
193240.967 RESET_VARS BLOCK.TRIAL.RESET_VARS
193704.401 PREPARE_SEQUENCE BLOCK.TRIAL.PREPARE_SEQUENCE
195761.308 DRIFT_CORRECT BLOCK.TRIAL.DRIFT_CORRECT
195881.458 DISPLAY_TEXT BLOCK.TRIAL.RECORDING.DISPLAY_TEXT (BEGIN) 
195887.429 DISPLAY_TEXT BLOCK.TRIAL.RECORDING.DISPLAY_TEXT
197518.042 KEYBOARD_TEXT BLOCK.TRIAL.RECORDING.KEYBOARD_TEXT
197518.665 SET_SENTENCE_RT BLOCK.TRIAL.RECORDING.SET_SENTENCE_RT
197518.769 CHECK_QUESTION BLOCK.TRIAL.RECORDING.CHECK_QUESTION_TRUE
197520.365 DISPLAY_BLANK BLOCK.TRIAL.RECORDING.DISPLAY_BLANK (BEGIN) 
197537.355 DISPLAY_BLANK BLOCK.TRIAL.RECORDING.DISPLAY_BLANK
197537.914 ADD_TO_RESULTS_FILE BLOCK.TRIAL.RECORDING.ADD_TO_RESULTS_FILE
197623.101 SetValueAction 
197623.136 SetValueAction 
197623.170 SetValueAction 
197623.195 SetValueAction 
197623.221 SetValueAction 
197623.246 SetValueAction 
197623.577 CHECK_NEW_BLOCK BLOCK.TRIAL.CHECK_NEW_BLOCK_TRUE
197623.870 RESET_VARS BLOCK.TRIAL.RESET_VARS
199631.558 PREPARE_SEQUENCE BLOCK.TRIAL.PREPARE_SEQUENCE
200949.468 DRIFT_CORRECT BLOCK.TRIAL.DRIFT_CORRECT
201064.744 DISPLAY_TEXT BLOCK.TRIAL.RECORDING.DISPLAY_TEXT (BEGIN) 
201075.723 DISPLAY_TEXT BLOCK.TRIAL.RECORDING.DISPLAY_TEXT
215975.504 KEYBOARD_TEXT BLOCK.TRIAL.RECORDING.KEYBOARD_TEXT
215976.140 SET_SENTENCE_RT BLOCK.TRIAL.RECORDING.SET_SENTENCE_RT
215976.289 CHECK_QUESTION BLOCK.TRIAL.RECORDING.CHECK_QUESTION_TRUE
215978.218 DISPLAY_BLANK BLOCK.TRIAL.RECORDING.DISPLAY_BLANK (BEGIN) 
215981.458 DISPLAY_BLANK BLOCK.TRIAL.RECORDING.DISPLAY_BLANK
215982.063 ADD_TO_RESULTS_FILE BLOCK.TRIAL.RECORDING.ADD_TO_RESULTS_FILE
216069.097 SetValueAction 
216069.130 SetValueAction 
216069.156 SetValueAction 
216069.182 SetValueAction 
216069.207 SetValueAction 
216069.232 SetValueAction 
216069.671 CHECK_NEW_BLOCK BLOCK.TRIAL.CHECK_NEW_BLOCK_TRUE
216070.028 RESET_VARS BLOCK.TRIAL.RESET_VARS
216860.586 PREPARE_SEQUENCE BLOCK.TRIAL.PREPARE_SEQUENCE
220568.811 TRACKER_TIME 2 1986641.149
220568.949 DRIFT_CORRECT BLOCK.TRIAL.DRIFT_CORRECT
220683.912 DISPLAY_TEXT BLOCK.TRIAL.RECORDING.DISPLAY_TEXT (BEGIN) 
220697.273 DISPLAY_TEXT BLOCK.TRIAL.RECORDING.DISPLAY_TEXT
239145.047 KEYBOARD_TEXT BLOCK.TRIAL.RECORDING.KEYBOARD_TEXT
239145.691 SET_SENTENCE_RT BLOCK.TRIAL.RECORDING.SET_SENTENCE_RT
239145.819 CHECK_QUESTION BLOCK.TRIAL.RECORDING.CHECK_QUESTION_TRUE
239147.739 DISPLAY_BLANK BLOCK.TRIAL.RECORDING.DISPLAY_BLANK (BEGIN) 
239158.390 DISPLAY_BLANK BLOCK.TRIAL.RECORDING.DISPLAY_BLANK
239159.009 ADD_TO_RESULTS_FILE BLOCK.TRIAL.RECORDING.ADD_TO_RESULTS_FILE
239244.099 SetValueAction 
239244.133 SetValueAction 
239244.162 SetValueAction 
239244.189 SetValueAction 
239244.215 SetValueAction 
239244.241 SetValueAction 
239244.610 CHECK_NEW_BLOCK BLOCK.TRIAL.CHECK_NEW_BLOCK_TRUE
239244.854 RESET_VARS BLOCK.TRIAL.RESET_VARS
240127.728 PREPARE_SEQUENCE BLOCK.TRIAL.PREPARE_SEQUENCE
241494.733 DRIFT_CORRECT BLOCK.TRIAL.DRIFT_CORRECT
241609.980 DISPLAY_TEXT BLOCK.TRIAL.RECORDING.DISPLAY_TEXT (BEGIN) 
241633.498 DISPLAY_TEXT BLOCK.TRIAL.RECORDING.DISPLAY_TEXT
273385.259 KEYBOARD_TEXT BLOCK.TRIAL.RECORDING.KEYBOARD_TEXT
273385.805 SET_SENTENCE_RT BLOCK.TRIAL.RECORDING.SET_SENTENCE_RT
273385.939 CHECK_QUESTION BLOCK.TRIAL.RECORDING.CHECK_QUESTION_FALSE
273388.704 DISPLAY_QUESTION BLOCK.TRIAL.RECORDING.DISPLAY_QUESTION (BEGIN) 
273398.429 DISPLAY_QUESTION BLOCK.TRIAL.RECORDING.DISPLAY_QUESTION
281019.337 TRACKER_TIME 3 2047090.673
281019.451 KEYBOARD_QUESTION BLOCK.TRIAL.RECORDING.KEYBOARD_QUESTION
281019.753 CHECK_RESPONSE_BUTTON BLOCK.TRIAL.RECORDING.CHECK_RESPONSE_BUTTON_TRUE
281020.314 SET_VARS_CORRECT BLOCK.TRIAL.RECORDING.SET_VARS_CORRECT
281022.105 DISPLAY_BLANK BLOCK.TRIAL.RECORDING.DISPLAY_BLANK (BEGIN) 
281029.479 DISPLAY_BLANK BLOCK.TRIAL.RECORDING.DISPLAY_BLANK
281030.124 ADD_TO_RESULTS_FILE BLOCK.TRIAL.RECORDING.ADD_TO_RESULTS_FILE
281115.097 SetValueAction 
281115.130 SetValueAction 
281115.157 SetValueAction 
281115.183 SetValueAction 
281115.208 SetValueAction 
281115.235 SetValueAction 
281115.621 CHECK_NEW_BLOCK BLOCK.TRIAL.CHECK_NEW_BLOCK_TRUE
281115.919 RESET_VARS BLOCK.TRIAL.RESET_VARS
281914.902 PREPARE_SEQUENCE BLOCK.TRIAL.PREPARE_SEQUENCE
283986.510 DRIFT_CORRECT BLOCK.TRIAL.DRIFT_CORRECT
284108.118 DISPLAY_TEXT BLOCK.TRIAL.RECORDING.DISPLAY_TEXT (BEGIN) 
284118.342 DISPLAY_TEXT BLOCK.TRIAL.RECORDING.DISPLAY_TEXT
300551.763 KEYBOARD_TEXT BLOCK.TRIAL.RECORDING.KEYBOARD_TEXT
300552.267 SET_SENTENCE_RT BLOCK.TRIAL.RECORDING.SET_SENTENCE_RT
300552.334 CHECK_QUESTION BLOCK.TRIAL.RECORDING.CHECK_QUESTION_TRUE
300554.288 DISPLAY_BLANK BLOCK.TRIAL.RECORDING.DISPLAY_BLANK (BEGIN) 
300556.960 DISPLAY_BLANK BLOCK.TRIAL.RECORDING.DISPLAY_BLANK
300557.589 ADD_TO_RESULTS_FILE BLOCK.TRIAL.RECORDING.ADD_TO_RESULTS_FILE
300644.095 SetValueAction 
300644.128 SetValueAction 
300644.158 SetValueAction 
300644.188 SetValueAction 
300644.213 SetValueAction 
300644.238 SetValueAction 
300644.624 CHECK_NEW_BLOCK BLOCK.TRIAL.CHECK_NEW_BLOCK_TRUE
300644.922 RESET_VARS BLOCK.TRIAL.RESET_VARS
301413.969 PREPARE_SEQUENCE BLOCK.TRIAL.PREPARE_SEQUENCE
303072.006 DRIFT_CORRECT BLOCK.TRIAL.DRIFT_CORRECT
303186.944 DISPLAY_TEXT BLOCK.TRIAL.RECORDING.DISPLAY_TEXT (BEGIN) 
303203.295 DISPLAY_TEXT BLOCK.TRIAL.RECORDING.DISPLAY_TEXT
322796.290 KEYBOARD_TEXT BLOCK.TRIAL.RECORDING.KEYBOARD_TEXT
322796.977 SET_SENTENCE_RT BLOCK.TRIAL.RECORDING.SET_SENTENCE_RT
322797.132 CHECK_QUESTION BLOCK.TRIAL.RECORDING.CHECK_QUESTION_TRUE
322802.632 DISPLAY_BLANK BLOCK.TRIAL.RECORDING.DISPLAY_BLANK (BEGIN) 
322817.680 DISPLAY_BLANK BLOCK.TRIAL.RECORDING.DISPLAY_BLANK
322818.210 ADD_TO_RESULTS_FILE BLOCK.TRIAL.RECORDING.ADD_TO_RESULTS_FILE
322903.097 SetValueAction 
322903.131 SetValueAction 
322903.160 SetValueAction 
322903.187 SetValueAction 
322903.213 SetValueAction 
322903.239 SetValueAction 
322903.654 CHECK_NEW_BLOCK BLOCK.TRIAL.CHECK_NEW_BLOCK_TRUE
322903.944 RESET_VARS BLOCK.TRIAL.RESET_VARS
323799.176 PREPARE_SEQUENCE BLOCK.TRIAL.PREPARE_SEQUENCE
325521.229 DRIFT_CORRECT BLOCK.TRIAL.DRIFT_CORRECT
325644.349 DISPLAY_TEXT BLOCK.TRIAL.RECORDING.DISPLAY_TEXT (BEGIN) 
325658.244 DISPLAY_TEXT BLOCK.TRIAL.RECORDING.DISPLAY_TEXT
348538.494 TRACKER_TIME 4 2114608.419
348538.611 KEYBOARD_TEXT BLOCK.TRIAL.RECORDING.KEYBOARD_TEXT
348539.261 SET_SENTENCE_RT BLOCK.TRIAL.RECORDING.SET_SENTENCE_RT
348539.461 CHECK_QUESTION BLOCK.TRIAL.RECORDING.CHECK_QUESTION_FALSE
348544.631 DISPLAY_QUESTION BLOCK.TRIAL.RECORDING.DISPLAY_QUESTION (BEGIN) 
348560.275 DISPLAY_QUESTION BLOCK.TRIAL.RECORDING.DISPLAY_QUESTION
354453.955 KEYBOARD_QUESTION BLOCK.TRIAL.RECORDING.KEYBOARD_QUESTION
354454.277 CHECK_RESPONSE_BUTTON BLOCK.TRIAL.RECORDING.CHECK_RESPONSE_BUTTON_TRUE
354454.880 SET_VARS_CORRECT BLOCK.TRIAL.RECORDING.SET_VARS_CORRECT
354459.631 DISPLAY_BLANK BLOCK.TRIAL.RECORDING.DISPLAY_BLANK (BEGIN) 
354475.233 DISPLAY_BLANK BLOCK.TRIAL.RECORDING.DISPLAY_BLANK
354475.739 ADD_TO_RESULTS_FILE BLOCK.TRIAL.RECORDING.ADD_TO_RESULTS_FILE
354562.094 SetValueAction 
354562.126 SetValueAction 
354562.154 SetValueAction 
354562.179 SetValueAction 
354562.204 SetValueAction 
354562.229 SetValueAction 
354562.675 CHECK_NEW_BLOCK BLOCK.TRIAL.CHECK_NEW_BLOCK_TRUE
354562.971 RESET_VARS BLOCK.TRIAL.RESET_VARS
355021.613 PREPARE_SEQUENCE BLOCK.TRIAL.PREPARE_SEQUENCE
356725.564 DRIFT_CORRECT BLOCK.TRIAL.DRIFT_CORRECT
356841.019 DISPLAY_TEXT BLOCK.TRIAL.RECORDING.DISPLAY_TEXT (BEGIN) 
356857.905 DISPLAY_TEXT BLOCK.TRIAL.RECORDING.DISPLAY_TEXT
365247.880 KEYBOARD_TEXT BLOCK.TRIAL.RECORDING.KEYBOARD_TEXT
365248.526 SET_SENTENCE_RT BLOCK.TRIAL.RECORDING.SET_SENTENCE_RT
365248.660 CHECK_QUESTION BLOCK.TRIAL.RECORDING.CHECK_QUESTION_TRUE
365250.461 DISPLAY_BLANK BLOCK.TRIAL.RECORDING.DISPLAY_BLANK (BEGIN) 
365254.968 DISPLAY_BLANK BLOCK.TRIAL.RECORDING.DISPLAY_BLANK
365255.558 ADD_TO_RESULTS_FILE BLOCK.TRIAL.RECORDING.ADD_TO_RESULTS_FILE
365341.098 SetValueAction 
365341.130 SetValueAction 
365341.158 SetValueAction 
365341.183 SetValueAction 
365341.209 SetValueAction 
365341.233 SetValueAction 
365341.738 CHECK_NEW_BLOCK BLOCK.TRIAL.CHECK_NEW_BLOCK_FALSE
365482.733 NEW_COUNTERBALANCE_BREAK BLOCK.TRIAL.NEW_COUNTERBALANCE_BREAK (BEGIN) 
365488.300 NEW_COUNTERBALANCE_BREAK BLOCK.TRIAL.NEW_COUNTERBALANCE_BREAK
373543.607 KEYBOARD[1] BLOCK.TRIAL.KEYBOARD[1]
411617.910 TRACKER_TIME 5 2177686.396
411618.018 EL_CAMERA_SETUP BLOCK.TRIAL.EL_CAMERA_SETUP
411791.385 EXPERIMENT_CONTINUE BLOCK.TRIAL.EXPERIMENT_CONTINUE (BEGIN) 
411808.661 EXPERIMENT_CONTINUE BLOCK.TRIAL.EXPERIMENT_CONTINUE
413660.938 KEYBOARD BLOCK.TRIAL.KEYBOARD
413661.497 RESET_VARS BLOCK.TRIAL.RESET_VARS
414316.342 PREPARE_SEQUENCE BLOCK.TRIAL.PREPARE_SEQUENCE
425561.331 DRIFT_CORRECT BLOCK.TRIAL.DRIFT_CORRECT
425675.798 DISPLAY_TEXT BLOCK.TRIAL.RECORDING.DISPLAY_TEXT (BEGIN) 
425687.789 DISPLAY_TEXT BLOCK.TRIAL.RECORDING.DISPLAY_TEXT
427283.137 KEYBOARD_TEXT BLOCK.TRIAL.RECORDING.KEYBOARD_TEXT
427283.798 SET_SENTENCE_RT BLOCK.TRIAL.RECORDING.SET_SENTENCE_RT
427283.937 CHECK_QUESTION BLOCK.TRIAL.RECORDING.CHECK_QUESTION_TRUE
427288.632 DISPLAY_BLANK BLOCK.TRIAL.RECORDING.DISPLAY_BLANK (BEGIN) 
427304.152 DISPLAY_BLANK BLOCK.TRIAL.RECORDING.DISPLAY_BLANK
427304.658 ADD_TO_RESULTS_FILE BLOCK.TRIAL.RECORDING.ADD_TO_RESULTS_FILE
427389.109 SetValueAction 
427389.156 SetValueAction 
427389.184 SetValueAction 
427389.209 SetValueAction 
427389.234 SetValueAction 
427389.259 SetValueAction 
427389.757 CHECK_NEW_BLOCK BLOCK.TRIAL.CHECK_NEW_BLOCK_TRUE
427390.119 RESET_VARS BLOCK.TRIAL.RESET_VARS
427798.084 PREPARE_SEQUENCE BLOCK.TRIAL.PREPARE_SEQUENCE
429246.926 DRIFT_CORRECT BLOCK.TRIAL.DRIFT_CORRECT
429371.257 DISPLAY_TEXT BLOCK.TRIAL.RECORDING.DISPLAY_TEXT (BEGIN) 
429402.783 DISPLAY_TEXT BLOCK.TRIAL.RECORDING.DISPLAY_TEXT
476643.887 TRACKER_TIME 6 2242710.929
476643.956 KEYBOARD_TEXT BLOCK.TRIAL.RECORDING.KEYBOARD_TEXT
476644.349 SET_SENTENCE_RT BLOCK.TRIAL.RECORDING.SET_SENTENCE_RT
476644.422 CHECK_QUESTION BLOCK.TRIAL.RECORDING.CHECK_QUESTION_TRUE
476646.306 DISPLAY_BLANK BLOCK.TRIAL.RECORDING.DISPLAY_BLANK (BEGIN) 
476656.278 DISPLAY_BLANK BLOCK.TRIAL.RECORDING.DISPLAY_BLANK
476656.949 ADD_TO_RESULTS_FILE BLOCK.TRIAL.RECORDING.ADD_TO_RESULTS_FILE
476744.123 SetValueAction 
476744.157 SetValueAction 
476744.184 SetValueAction 
476744.209 SetValueAction 
476744.235 SetValueAction 
476744.260 SetValueAction 
476744.703 CHECK_NEW_BLOCK BLOCK.TRIAL.CHECK_NEW_BLOCK_TRUE
476745.056 RESET_VARS BLOCK.TRIAL.RESET_VARS
477178.715 PREPARE_SEQUENCE BLOCK.TRIAL.PREPARE_SEQUENCE
479526.922 DRIFT_CORRECT BLOCK.TRIAL.DRIFT_CORRECT
479647.009 DISPLAY_TEXT BLOCK.TRIAL.RECORDING.DISPLAY_TEXT (BEGIN) 
479673.315 DISPLAY_TEXT BLOCK.TRIAL.RECORDING.DISPLAY_TEXT
529232.952 KEYBOARD_TEXT BLOCK.TRIAL.RECORDING.KEYBOARD_TEXT
529233.630 SET_SENTENCE_RT BLOCK.TRIAL.RECORDING.SET_SENTENCE_RT
529233.784 CHECK_QUESTION BLOCK.TRIAL.RECORDING.CHECK_QUESTION_FALSE
529236.709 DISPLAY_QUESTION BLOCK.TRIAL.RECORDING.DISPLAY_QUESTION (BEGIN) 
529240.814 DISPLAY_QUESTION BLOCK.TRIAL.RECORDING.DISPLAY_QUESTION
534227.173 KEYBOARD_QUESTION BLOCK.TRIAL.RECORDING.KEYBOARD_QUESTION
534227.500 CHECK_RESPONSE_BUTTON BLOCK.TRIAL.RECORDING.CHECK_RESPONSE_BUTTON_TRUE
534228.081 SET_VARS_CORRECT BLOCK.TRIAL.RECORDING.SET_VARS_CORRECT
534230.153 DISPLAY_BLANK BLOCK.TRIAL.RECORDING.DISPLAY_BLANK (BEGIN) 
534239.611 DISPLAY_BLANK BLOCK.TRIAL.RECORDING.DISPLAY_BLANK
534240.190 ADD_TO_RESULTS_FILE BLOCK.TRIAL.RECORDING.ADD_TO_RESULTS_FILE
534327.097 SetValueAction 
534327.130 SetValueAction 
534327.157 SetValueAction 
534327.183 SetValueAction 
534327.209 SetValueAction 
534327.234 SetValueAction 
534327.723 CHECK_NEW_BLOCK BLOCK.TRIAL.CHECK_NEW_BLOCK_TRUE
534328.055 RESET_VARS BLOCK.TRIAL.RESET_VARS
534746.132 PREPARE_SEQUENCE BLOCK.TRIAL.PREPARE_SEQUENCE
536643.824 DRIFT_CORRECT BLOCK.TRIAL.DRIFT_CORRECT
536766.117 TRACKER_TIME 7 2302831.810
536766.230 DISPLAY_TEXT BLOCK.TRIAL.RECORDING.DISPLAY_TEXT (BEGIN) 
536777.834 DISPLAY_TEXT BLOCK.TRIAL.RECORDING.DISPLAY_TEXT
553352.902 KEYBOARD_TEXT BLOCK.TRIAL.RECORDING.KEYBOARD_TEXT
553353.412 SET_SENTENCE_RT BLOCK.TRIAL.RECORDING.SET_SENTENCE_RT
553353.528 CHECK_QUESTION BLOCK.TRIAL.RECORDING.CHECK_QUESTION_TRUE
553355.469 DISPLAY_BLANK BLOCK.TRIAL.RECORDING.DISPLAY_BLANK (BEGIN) 
553367.526 DISPLAY_BLANK BLOCK.TRIAL.RECORDING.DISPLAY_BLANK
553368.179 ADD_TO_RESULTS_FILE BLOCK.TRIAL.RECORDING.ADD_TO_RESULTS_FILE
553453.165 SetValueAction 
553453.225 SetValueAction 
553453.278 SetValueAction 
553453.327 SetValueAction 
553453.357 SetValueAction 
553453.383 SetValueAction 
553453.888 CHECK_NEW_BLOCK BLOCK.TRIAL.CHECK_NEW_BLOCK_TRUE
553454.243 RESET_VARS BLOCK.TRIAL.RESET_VARS
553867.786 PREPARE_SEQUENCE BLOCK.TRIAL.PREPARE_SEQUENCE
555699.535 DRIFT_CORRECT BLOCK.TRIAL.DRIFT_CORRECT
555822.925 DISPLAY_TEXT BLOCK.TRIAL.RECORDING.DISPLAY_TEXT (BEGIN) 
555841.242 DISPLAY_TEXT BLOCK.TRIAL.RECORDING.DISPLAY_TEXT
594550.087 KEYBOARD_TEXT BLOCK.TRIAL.RECORDING.KEYBOARD_TEXT
594550.716 SET_SENTENCE_RT BLOCK.TRIAL.RECORDING.SET_SENTENCE_RT
594550.836 CHECK_QUESTION BLOCK.TRIAL.RECORDING.CHECK_QUESTION_TRUE
594552.744 DISPLAY_BLANK BLOCK.TRIAL.RECORDING.DISPLAY_BLANK (BEGIN) 
594555.174 DISPLAY_BLANK BLOCK.TRIAL.RECORDING.DISPLAY_BLANK
594555.772 ADD_TO_RESULTS_FILE BLOCK.TRIAL.RECORDING.ADD_TO_RESULTS_FILE
594640.100 SetValueAction 
594640.133 SetValueAction 
594640.160 SetValueAction 
594640.184 SetValueAction 
594640.210 SetValueAction 
594640.234 SetValueAction 
594640.801 CHECK_NEW_BLOCK BLOCK.TRIAL.CHECK_NEW_BLOCK_TRUE
594641.110 RESET_VARS BLOCK.TRIAL.RESET_VARS
595071.664 PREPARE_SEQUENCE BLOCK.TRIAL.PREPARE_SEQUENCE
596959.498 TRACKER_TIME 8 2363023.868
596959.636 DRIFT_CORRECT BLOCK.TRIAL.DRIFT_CORRECT
597075.928 DISPLAY_TEXT BLOCK.TRIAL.RECORDING.DISPLAY_TEXT (BEGIN) 
597098.209 DISPLAY_TEXT BLOCK.TRIAL.RECORDING.DISPLAY_TEXT
643988.504 KEYBOARD_TEXT BLOCK.TRIAL.RECORDING.KEYBOARD_TEXT
643989.132 SET_SENTENCE_RT BLOCK.TRIAL.RECORDING.SET_SENTENCE_RT
643989.246 CHECK_QUESTION BLOCK.TRIAL.RECORDING.CHECK_QUESTION_TRUE
643991.341 DISPLAY_BLANK BLOCK.TRIAL.RECORDING.DISPLAY_BLANK (BEGIN) 
644008.127 DISPLAY_BLANK BLOCK.TRIAL.RECORDING.DISPLAY_BLANK
644008.701 ADD_TO_RESULTS_FILE BLOCK.TRIAL.RECORDING.ADD_TO_RESULTS_FILE
644093.137 SetValueAction 
644093.170 SetValueAction 
644093.198 SetValueAction 
644093.223 SetValueAction 
644093.248 SetValueAction 
644093.273 SetValueAction 
644093.676 CHECK_NEW_BLOCK BLOCK.TRIAL.CHECK_NEW_BLOCK_TRUE
644094.008 RESET_VARS BLOCK.TRIAL.RESET_VARS
644519.897 PREPARE_SEQUENCE BLOCK.TRIAL.PREPARE_SEQUENCE
647017.933 DRIFT_CORRECT BLOCK.TRIAL.DRIFT_CORRECT
647132.772 DISPLAY_TEXT BLOCK.TRIAL.RECORDING.DISPLAY_TEXT (BEGIN) 
647148.725 DISPLAY_TEXT BLOCK.TRIAL.RECORDING.DISPLAY_TEXT
676799.486 TRACKER_TIME 9 2442862.149
676799.600 KEYBOARD_TEXT BLOCK.TRIAL.RECORDING.KEYBOARD_TEXT
676800.127 SET_SENTENCE_RT BLOCK.TRIAL.RECORDING.SET_SENTENCE_RT
676800.313 CHECK_QUESTION BLOCK.TRIAL.RECORDING.CHECK_QUESTION_TRUE
676802.186 DISPLAY_BLANK BLOCK.TRIAL.RECORDING.DISPLAY_BLANK (BEGIN) 
676815.164 DISPLAY_BLANK BLOCK.TRIAL.RECORDING.DISPLAY_BLANK
676815.734 ADD_TO_RESULTS_FILE BLOCK.TRIAL.RECORDING.ADD_TO_RESULTS_FILE
676901.138 SetValueAction 
676901.174 SetValueAction 
676901.202 SetValueAction 
676901.228 SetValueAction 
676901.254 SetValueAction 
676901.280 SetValueAction 
676901.605 CHECK_NEW_BLOCK BLOCK.TRIAL.CHECK_NEW_BLOCK_TRUE
676901.922 RESET_VARS BLOCK.TRIAL.RESET_VARS
677333.106 PREPARE_SEQUENCE BLOCK.TRIAL.PREPARE_SEQUENCE
681263.186 DRIFT_CORRECT BLOCK.TRIAL.DRIFT_CORRECT
681377.975 DISPLAY_TEXT BLOCK.TRIAL.RECORDING.DISPLAY_TEXT (BEGIN) 
681402.196 DISPLAY_TEXT BLOCK.TRIAL.RECORDING.DISPLAY_TEXT
716853.282 KEYBOARD_TEXT BLOCK.TRIAL.RECORDING.KEYBOARD_TEXT
716853.965 SET_SENTENCE_RT BLOCK.TRIAL.RECORDING.SET_SENTENCE_RT
716854.146 CHECK_QUESTION BLOCK.TRIAL.RECORDING.CHECK_QUESTION_TRUE
716855.985 DISPLAY_BLANK BLOCK.TRIAL.RECORDING.DISPLAY_BLANK (BEGIN) 
716870.285 DISPLAY_BLANK BLOCK.TRIAL.RECORDING.DISPLAY_BLANK
716870.828 ADD_TO_RESULTS_FILE BLOCK.TRIAL.RECORDING.ADD_TO_RESULTS_FILE
716957.105 SetValueAction 
716957.137 SetValueAction 
716957.164 SetValueAction 
716957.189 SetValueAction 
716957.214 SetValueAction 
716957.239 SetValueAction 
716957.621 CHECK_NEW_BLOCK BLOCK.TRIAL.CHECK_NEW_BLOCK_TRUE
716957.920 RESET_VARS BLOCK.TRIAL.RESET_VARS
717562.562 PREPARE_SEQUENCE BLOCK.TRIAL.PREPARE_SEQUENCE
719174.161 DRIFT_CORRECT BLOCK.TRIAL.DRIFT_CORRECT
719291.211 DISPLAY_TEXT BLOCK.TRIAL.RECORDING.DISPLAY_TEXT (BEGIN) 
719304.800 DISPLAY_TEXT BLOCK.TRIAL.RECORDING.DISPLAY_TEXT
743633.760 TRACKER_TIME 10 2509694.933
743633.865 KEYBOARD_TEXT BLOCK.TRIAL.RECORDING.KEYBOARD_TEXT
743634.467 SET_SENTENCE_RT BLOCK.TRIAL.RECORDING.SET_SENTENCE_RT
743634.540 CHECK_QUESTION BLOCK.TRIAL.RECORDING.CHECK_QUESTION_TRUE
743636.649 DISPLAY_BLANK BLOCK.TRIAL.RECORDING.DISPLAY_BLANK (BEGIN) 
743645.625 DISPLAY_BLANK BLOCK.TRIAL.RECORDING.DISPLAY_BLANK
743646.309 ADD_TO_RESULTS_FILE BLOCK.TRIAL.RECORDING.ADD_TO_RESULTS_FILE
743734.101 SetValueAction 
743734.135 SetValueAction 
743734.163 SetValueAction 
743734.188 SetValueAction 
743734.213 SetValueAction 
743734.238 SetValueAction 
743734.666 CHECK_NEW_BLOCK BLOCK.TRIAL.CHECK_NEW_BLOCK_TRUE
743735.015 RESET_VARS BLOCK.TRIAL.RESET_VARS
744199.829 PREPARE_SEQUENCE BLOCK.TRIAL.PREPARE_SEQUENCE
789082.068 DRIFT_CORRECT BLOCK.TRIAL.DRIFT_CORRECT
789200.633 DISPLAY_TEXT BLOCK.TRIAL.RECORDING.DISPLAY_TEXT (BEGIN) 
789216.042 DISPLAY_TEXT BLOCK.TRIAL.RECORDING.DISPLAY_TEXT
817125.372 TRACKER_TIME 11 2583184.956
817125.535 KEYBOARD_TEXT BLOCK.TRIAL.RECORDING.KEYBOARD_TEXT
817126.198 SET_SENTENCE_RT BLOCK.TRIAL.RECORDING.SET_SENTENCE_RT
817126.279 CHECK_QUESTION BLOCK.TRIAL.RECORDING.CHECK_QUESTION_TRUE
817128.244 DISPLAY_BLANK BLOCK.TRIAL.RECORDING.DISPLAY_BLANK (BEGIN) 
817141.201 DISPLAY_BLANK BLOCK.TRIAL.RECORDING.DISPLAY_BLANK
817141.741 ADD_TO_RESULTS_FILE BLOCK.TRIAL.RECORDING.ADD_TO_RESULTS_FILE
817226.100 SetValueAction 
817226.134 SetValueAction 
817226.161 SetValueAction 
817226.186 SetValueAction 
817226.211 SetValueAction 
817226.236 SetValueAction 
817226.671 CHECK_NEW_BLOCK BLOCK.TRIAL.CHECK_NEW_BLOCK_TRUE
817227.023 RESET_VARS BLOCK.TRIAL.RESET_VARS
817672.551 PREPARE_SEQUENCE BLOCK.TRIAL.PREPARE_SEQUENCE
819050.987 DRIFT_CORRECT BLOCK.TRIAL.DRIFT_CORRECT
819175.154 DISPLAY_TEXT BLOCK.TRIAL.RECORDING.DISPLAY_TEXT (BEGIN) 
819205.186 DISPLAY_TEXT BLOCK.TRIAL.RECORDING.DISPLAY_TEXT
855622.094 KEYBOARD_TEXT BLOCK.TRIAL.RECORDING.KEYBOARD_TEXT
855622.551 SET_SENTENCE_RT BLOCK.TRIAL.RECORDING.SET_SENTENCE_RT
855622.618 CHECK_QUESTION BLOCK.TRIAL.RECORDING.CHECK_QUESTION_TRUE
855624.401 DISPLAY_BLANK BLOCK.TRIAL.RECORDING.DISPLAY_BLANK (BEGIN) 
855629.798 DISPLAY_BLANK BLOCK.TRIAL.RECORDING.DISPLAY_BLANK
855630.466 ADD_TO_RESULTS_FILE BLOCK.TRIAL.RECORDING.ADD_TO_RESULTS_FILE
855716.106 SetValueAction 
855716.140 SetValueAction 
855716.168 SetValueAction 
855716.195 SetValueAction 
855716.221 SetValueAction 
855716.247 SetValueAction 
855716.597 CHECK_NEW_BLOCK BLOCK.TRIAL.CHECK_NEW_BLOCK_TRUE
855716.938 RESET_VARS BLOCK.TRIAL.RESET_VARS
856159.393 PREPARE_SEQUENCE BLOCK.TRIAL.PREPARE_SEQUENCE
859484.759 DRIFT_CORRECT BLOCK.TRIAL.DRIFT_CORRECT
859601.225 DISPLAY_TEXT BLOCK.TRIAL.RECORDING.DISPLAY_TEXT (BEGIN) 
859616.859 DISPLAY_TEXT BLOCK.TRIAL.RECORDING.DISPLAY_TEXT
887793.282 TRACKER_TIME 12 2653851.273
887793.399 KEYBOARD_TEXT BLOCK.TRIAL.RECORDING.KEYBOARD_TEXT
887793.942 SET_SENTENCE_RT BLOCK.TRIAL.RECORDING.SET_SENTENCE_RT
887794.045 CHECK_QUESTION BLOCK.TRIAL.RECORDING.CHECK_QUESTION_TRUE
887795.867 DISPLAY_BLANK BLOCK.TRIAL.RECORDING.DISPLAY_BLANK (BEGIN) 
887803.855 DISPLAY_BLANK BLOCK.TRIAL.RECORDING.DISPLAY_BLANK
887804.416 ADD_TO_RESULTS_FILE BLOCK.TRIAL.RECORDING.ADD_TO_RESULTS_FILE
887891.097 SetValueAction 
887891.129 SetValueAction 
887891.157 SetValueAction 
887891.183 SetValueAction 
887891.208 SetValueAction 
887891.233 SetValueAction 
887891.630 CHECK_NEW_BLOCK BLOCK.TRIAL.CHECK_NEW_BLOCK_TRUE
887891.984 RESET_VARS BLOCK.TRIAL.RESET_VARS
888549.290 PREPARE_SEQUENCE BLOCK.TRIAL.PREPARE_SEQUENCE
889750.965 DRIFT_CORRECT BLOCK.TRIAL.DRIFT_CORRECT
889865.035 DISPLAY_TEXT BLOCK.TRIAL.RECORDING.DISPLAY_TEXT (BEGIN) 
889877.241 DISPLAY_TEXT BLOCK.TRIAL.RECORDING.DISPLAY_TEXT
910437.632 KEYBOARD_TEXT BLOCK.TRIAL.RECORDING.KEYBOARD_TEXT
910438.196 SET_SENTENCE_RT BLOCK.TRIAL.RECORDING.SET_SENTENCE_RT
910438.276 CHECK_QUESTION BLOCK.TRIAL.RECORDING.CHECK_QUESTION_TRUE
910440.149 DISPLAY_BLANK BLOCK.TRIAL.RECORDING.DISPLAY_BLANK (BEGIN) 
910447.283 DISPLAY_BLANK BLOCK.TRIAL.RECORDING.DISPLAY_BLANK
910447.903 ADD_TO_RESULTS_FILE BLOCK.TRIAL.RECORDING.ADD_TO_RESULTS_FILE
910532.101 SetValueAction 
910532.133 SetValueAction 
910532.160 SetValueAction 
910532.186 SetValueAction 
910532.211 SetValueAction 
910532.236 SetValueAction 
910532.663 CHECK_NEW_BLOCK BLOCK.TRIAL.CHECK_NEW_BLOCK_TRUE
910532.977 RESET_VARS BLOCK.TRIAL.RESET_VARS
910974.275 PREPARE_SEQUENCE BLOCK.TRIAL.PREPARE_SEQUENCE
912251.258 DRIFT_CORRECT BLOCK.TRIAL.DRIFT_CORRECT
912366.211 DISPLAY_TEXT BLOCK.TRIAL.RECORDING.DISPLAY_TEXT (BEGIN) 
912390.151 DISPLAY_TEXT BLOCK.TRIAL.RECORDING.DISPLAY_TEXT
947792.953 KEYBOARD_TEXT BLOCK.TRIAL.RECORDING.KEYBOARD_TEXT
947793.556 SET_SENTENCE_RT BLOCK.TRIAL.RECORDING.SET_SENTENCE_RT
947793.721 CHECK_QUESTION BLOCK.TRIAL.RECORDING.CHECK_QUESTION_TRUE
947795.625 TRACKER_TIME 13 2713852.299
947795.863 DISPLAY_BLANK BLOCK.TRIAL.RECORDING.DISPLAY_BLANK (BEGIN) 
947803.145 DISPLAY_BLANK BLOCK.TRIAL.RECORDING.DISPLAY_BLANK
947803.753 ADD_TO_RESULTS_FILE BLOCK.TRIAL.RECORDING.ADD_TO_RESULTS_FILE
947890.101 SetValueAction 
947890.135 SetValueAction 
947890.165 SetValueAction 
947890.191 SetValueAction 
947890.216 SetValueAction 
947890.241 SetValueAction 
947890.656 CHECK_NEW_BLOCK BLOCK.TRIAL.CHECK_NEW_BLOCK_TRUE
947890.991 RESET_VARS BLOCK.TRIAL.RESET_VARS
948374.373 PREPARE_SEQUENCE BLOCK.TRIAL.PREPARE_SEQUENCE
950766.078 DRIFT_CORRECT BLOCK.TRIAL.DRIFT_CORRECT
950890.095 DISPLAY_TEXT BLOCK.TRIAL.RECORDING.DISPLAY_TEXT (BEGIN) 
950913.739 DISPLAY_TEXT BLOCK.TRIAL.RECORDING.DISPLAY_TEXT
982973.203 KEYBOARD_TEXT BLOCK.TRIAL.RECORDING.KEYBOARD_TEXT
982973.771 SET_SENTENCE_RT BLOCK.TRIAL.RECORDING.SET_SENTENCE_RT
982973.878 CHECK_QUESTION BLOCK.TRIAL.RECORDING.CHECK_QUESTION_FALSE
982976.784 DISPLAY_QUESTION BLOCK.TRIAL.RECORDING.DISPLAY_QUESTION (BEGIN) 
982993.338 DISPLAY_QUESTION BLOCK.TRIAL.RECORDING.DISPLAY_QUESTION
986606.329 KEYBOARD_QUESTION BLOCK.TRIAL.RECORDING.KEYBOARD_QUESTION
986606.607 CHECK_RESPONSE_BUTTON BLOCK.TRIAL.RECORDING.CHECK_RESPONSE_BUTTON_TRUE
986607.047 SET_VARS_CORRECT BLOCK.TRIAL.RECORDING.SET_VARS_CORRECT
986608.948 DISPLAY_BLANK BLOCK.TRIAL.RECORDING.DISPLAY_BLANK (BEGIN) 
986625.641 DISPLAY_BLANK BLOCK.TRIAL.RECORDING.DISPLAY_BLANK
986626.175 ADD_TO_RESULTS_FILE BLOCK.TRIAL.RECORDING.ADD_TO_RESULTS_FILE
986712.098 SetValueAction 
986712.132 SetValueAction 
986712.159 SetValueAction 
986712.184 SetValueAction 
986712.209 SetValueAction 
986712.236 SetValueAction 
986712.697 CHECK_NEW_BLOCK BLOCK.TRIAL.CHECK_NEW_BLOCK_TRUE
986713.040 RESET_VARS BLOCK.TRIAL.RESET_VARS
987144.721 PREPARE_SEQUENCE BLOCK.TRIAL.PREPARE_SEQUENCE
988324.492 DRIFT_CORRECT BLOCK.TRIAL.DRIFT_CORRECT
988442.631 DISPLAY_TEXT BLOCK.TRIAL.RECORDING.DISPLAY_TEXT (BEGIN) 
988473.753 DISPLAY_TEXT BLOCK.TRIAL.RECORDING.DISPLAY_TEXT
1052956.427 TRACKER_TIME 14 2819010.754
1052956.558 KEYBOARD_TEXT BLOCK.TRIAL.RECORDING.KEYBOARD_TEXT
1052957.073 SET_SENTENCE_RT BLOCK.TRIAL.RECORDING.SET_SENTENCE_RT
1052957.137 CHECK_QUESTION BLOCK.TRIAL.RECORDING.CHECK_QUESTION_TRUE
1052958.943 DISPLAY_BLANK BLOCK.TRIAL.RECORDING.DISPLAY_BLANK (BEGIN) 
1052972.987 DISPLAY_BLANK BLOCK.TRIAL.RECORDING.DISPLAY_BLANK
1052973.570 ADD_TO_RESULTS_FILE BLOCK.TRIAL.RECORDING.ADD_TO_RESULTS_FILE
1053058.130 SetValueAction 
1053058.164 SetValueAction 
1053058.191 SetValueAction 
1053058.217 SetValueAction 
1053058.242 SetValueAction 
1053058.267 SetValueAction 
1053058.657 CHECK_NEW_BLOCK BLOCK.TRIAL.CHECK_NEW_BLOCK_TRUE
1053058.950 RESET_VARS BLOCK.TRIAL.RESET_VARS
1053506.929 PREPARE_SEQUENCE BLOCK.TRIAL.PREPARE_SEQUENCE
1057062.568 DRIFT_CORRECT BLOCK.TRIAL.DRIFT_CORRECT
1057177.145 DISPLAY_TEXT BLOCK.TRIAL.RECORDING.DISPLAY_TEXT (BEGIN) 
1057188.313 DISPLAY_TEXT BLOCK.TRIAL.RECORDING.DISPLAY_TEXT
1078396.428 KEYBOARD_TEXT BLOCK.TRIAL.RECORDING.KEYBOARD_TEXT
1078396.971 SET_SENTENCE_RT BLOCK.TRIAL.RECORDING.SET_SENTENCE_RT
1078397.090 CHECK_QUESTION BLOCK.TRIAL.RECORDING.CHECK_QUESTION_TRUE
1078399.011 DISPLAY_BLANK BLOCK.TRIAL.RECORDING.DISPLAY_BLANK (BEGIN) 
1078415.721 DISPLAY_BLANK BLOCK.TRIAL.RECORDING.DISPLAY_BLANK
1078416.275 ADD_TO_RESULTS_FILE BLOCK.TRIAL.RECORDING.ADD_TO_RESULTS_FILE
1078503.097 SetValueAction 
1078503.131 SetValueAction 
1078503.164 SetValueAction 
1078503.191 SetValueAction 
1078503.218 SetValueAction 
1078503.244 SetValueAction 
1078503.637 CHECK_NEW_BLOCK BLOCK.TRIAL.CHECK_NEW_BLOCK_TRUE
1078503.934 RESET_VARS BLOCK.TRIAL.RESET_VARS
1078944.454 PREPARE_SEQUENCE BLOCK.TRIAL.PREPARE_SEQUENCE
1080352.273 DRIFT_CORRECT BLOCK.TRIAL.DRIFT_CORRECT
1080466.991 DISPLAY_TEXT BLOCK.TRIAL.RECORDING.DISPLAY_TEXT (BEGIN) 
1080489.080 DISPLAY_TEXT BLOCK.TRIAL.RECORDING.DISPLAY_TEXT
1110178.103 KEYBOARD_TEXT BLOCK.TRIAL.RECORDING.KEYBOARD_TEXT
1110178.738 SET_SENTENCE_RT BLOCK.TRIAL.RECORDING.SET_SENTENCE_RT
1110178.863 CHECK_QUESTION BLOCK.TRIAL.RECORDING.CHECK_QUESTION_TRUE
1110180.500 DISPLAY_BLANK BLOCK.TRIAL.RECORDING.DISPLAY_BLANK (BEGIN) 
1110189.555 DISPLAY_BLANK BLOCK.TRIAL.RECORDING.DISPLAY_BLANK
1110190.153 ADD_TO_RESULTS_FILE BLOCK.TRIAL.RECORDING.ADD_TO_RESULTS_FILE
1110275.124 SetValueAction 
1110275.167 SetValueAction 
1110275.227 SetValueAction 
1110275.279 SetValueAction 
1110275.343 SetValueAction 
1110275.376 SetValueAction 
1110275.849 CHECK_NEW_BLOCK BLOCK.TRIAL.CHECK_NEW_BLOCK_TRUE
1110276.202 RESET_VARS BLOCK.TRIAL.RESET_VARS
1110812.196 PREPARE_SEQUENCE BLOCK.TRIAL.PREPARE_SEQUENCE
1111990.165 DRIFT_CORRECT BLOCK.TRIAL.DRIFT_CORRECT
1112107.660 DISPLAY_TEXT BLOCK.TRIAL.RECORDING.DISPLAY_TEXT (BEGIN) 
1112124.866 DISPLAY_TEXT BLOCK.TRIAL.RECORDING.DISPLAY_TEXT
1127644.892 TRACKER_TIME 15 2893697.656
1127645.008 KEYBOARD_TEXT BLOCK.TRIAL.RECORDING.KEYBOARD_TEXT
1127645.660 SET_SENTENCE_RT BLOCK.TRIAL.RECORDING.SET_SENTENCE_RT
1127645.806 CHECK_QUESTION BLOCK.TRIAL.RECORDING.CHECK_QUESTION_TRUE
1127647.847 DISPLAY_BLANK BLOCK.TRIAL.RECORDING.DISPLAY_BLANK (BEGIN) 
1127650.893 DISPLAY_BLANK BLOCK.TRIAL.RECORDING.DISPLAY_BLANK
1127651.520 ADD_TO_RESULTS_FILE BLOCK.TRIAL.RECORDING.ADD_TO_RESULTS_FILE
1127738.128 SetValueAction 
1127738.162 SetValueAction 
1127738.189 SetValueAction 
1127738.213 SetValueAction 
1127738.242 SetValueAction 
1127738.288 SetValueAction 
1127738.751 CHECK_NEW_BLOCK BLOCK.TRIAL.CHECK_NEW_BLOCK_TRUE
1127739.089 RESET_VARS BLOCK.TRIAL.RESET_VARS
1128131.540 PREPARE_SEQUENCE BLOCK.TRIAL.PREPARE_SEQUENCE
1129130.995 DRIFT_CORRECT BLOCK.TRIAL.DRIFT_CORRECT
1129246.962 DISPLAY_TEXT BLOCK.TRIAL.RECORDING.DISPLAY_TEXT (BEGIN) 
1129259.289 DISPLAY_TEXT BLOCK.TRIAL.RECORDING.DISPLAY_TEXT
1148652.077 KEYBOARD_TEXT BLOCK.TRIAL.RECORDING.KEYBOARD_TEXT
1148652.794 SET_SENTENCE_RT BLOCK.TRIAL.RECORDING.SET_SENTENCE_RT
1148652.902 CHECK_QUESTION BLOCK.TRIAL.RECORDING.CHECK_QUESTION_TRUE
1148654.953 DISPLAY_BLANK BLOCK.TRIAL.RECORDING.DISPLAY_BLANK (BEGIN) 
1148661.652 DISPLAY_BLANK BLOCK.TRIAL.RECORDING.DISPLAY_BLANK
1148662.259 ADD_TO_RESULTS_FILE BLOCK.TRIAL.RECORDING.ADD_TO_RESULTS_FILE
1148748.097 SetValueAction 
1148748.131 SetValueAction 
1148748.158 SetValueAction 
1148748.183 SetValueAction 
1148748.207 SetValueAction 
1148748.232 SetValueAction 
1148748.647 CHECK_NEW_BLOCK BLOCK.TRIAL.CHECK_NEW_BLOCK_TRUE
1148749.007 RESET_VARS BLOCK.TRIAL.RESET_VARS
1149202.977 PREPARE_SEQUENCE BLOCK.TRIAL.PREPARE_SEQUENCE
1150866.608 DRIFT_CORRECT BLOCK.TRIAL.DRIFT_CORRECT
1150981.192 DISPLAY_TEXT BLOCK.TRIAL.RECORDING.DISPLAY_TEXT (BEGIN) 
1151003.698 DISPLAY_TEXT BLOCK.TRIAL.RECORDING.DISPLAY_TEXT
1198165.798 TRACKER_TIME 16 2964216.843
1198165.900 KEYBOARD_TEXT BLOCK.TRIAL.RECORDING.KEYBOARD_TEXT
1198166.455 SET_SENTENCE_RT BLOCK.TRIAL.RECORDING.SET_SENTENCE_RT
1198166.581 CHECK_QUESTION BLOCK.TRIAL.RECORDING.CHECK_QUESTION_TRUE
1198168.501 DISPLAY_BLANK BLOCK.TRIAL.RECORDING.DISPLAY_BLANK (BEGIN) 
1198180.898 DISPLAY_BLANK BLOCK.TRIAL.RECORDING.DISPLAY_BLANK
1198181.505 ADD_TO_RESULTS_FILE BLOCK.TRIAL.RECORDING.ADD_TO_RESULTS_FILE
1198266.100 SetValueAction 
1198266.132 SetValueAction 
1198266.160 SetValueAction 
1198266.185 SetValueAction 
1198266.211 SetValueAction 
1198266.235 SetValueAction 
1198266.632 CHECK_NEW_BLOCK BLOCK.TRIAL.CHECK_NEW_BLOCK_TRUE
1198266.939 RESET_VARS BLOCK.TRIAL.RESET_VARS
1198889.538 PREPARE_SEQUENCE BLOCK.TRIAL.PREPARE_SEQUENCE
1200440.750 DRIFT_CORRECT BLOCK.TRIAL.DRIFT_CORRECT
1200564.631 DISPLAY_TEXT BLOCK.TRIAL.RECORDING.DISPLAY_TEXT (BEGIN) 
1200580.798 DISPLAY_TEXT BLOCK.TRIAL.RECORDING.DISPLAY_TEXT
1226278.183 KEYBOARD_TEXT BLOCK.TRIAL.RECORDING.KEYBOARD_TEXT
1226278.677 SET_SENTENCE_RT BLOCK.TRIAL.RECORDING.SET_SENTENCE_RT
1226278.737 CHECK_QUESTION BLOCK.TRIAL.RECORDING.CHECK_QUESTION_TRUE
1226280.693 DISPLAY_BLANK BLOCK.TRIAL.RECORDING.DISPLAY_BLANK (BEGIN) 
1226289.237 DISPLAY_BLANK BLOCK.TRIAL.RECORDING.DISPLAY_BLANK
1226289.893 ADD_TO_RESULTS_FILE BLOCK.TRIAL.RECORDING.ADD_TO_RESULTS_FILE
1226374.101 SetValueAction 
1226374.134 SetValueAction 
1226374.165 SetValueAction 
1226374.191 SetValueAction 
1226374.216 SetValueAction 
1226374.241 SetValueAction 
1226374.672 CHECK_NEW_BLOCK BLOCK.TRIAL.CHECK_NEW_BLOCK_TRUE
1226375.018 RESET_VARS BLOCK.TRIAL.RESET_VARS
1226802.775 PREPARE_SEQUENCE BLOCK.TRIAL.PREPARE_SEQUENCE
1227889.191 DRIFT_CORRECT BLOCK.TRIAL.DRIFT_CORRECT
1228006.630 DISPLAY_TEXT BLOCK.TRIAL.RECORDING.DISPLAY_TEXT (BEGIN) 
1228037.877 DISPLAY_TEXT BLOCK.TRIAL.RECORDING.DISPLAY_TEXT
1274031.818 TRACKER_TIME 17 3040081.267
1274031.935 KEYBOARD_TEXT BLOCK.TRIAL.RECORDING.KEYBOARD_TEXT
1274032.549 SET_SENTENCE_RT BLOCK.TRIAL.RECORDING.SET_SENTENCE_RT
1274032.641 CHECK_QUESTION BLOCK.TRIAL.RECORDING.CHECK_QUESTION_TRUE
1274034.634 DISPLAY_BLANK BLOCK.TRIAL.RECORDING.DISPLAY_BLANK (BEGIN) 
1274042.051 DISPLAY_BLANK BLOCK.TRIAL.RECORDING.DISPLAY_BLANK
1274042.674 ADD_TO_RESULTS_FILE BLOCK.TRIAL.RECORDING.ADD_TO_RESULTS_FILE
1274127.204 SetValueAction 
1274127.280 SetValueAction 
1274127.349 SetValueAction 
1274127.416 SetValueAction 
1274127.485 SetValueAction 
1274127.548 SetValueAction 
1274128.254 CHECK_NEW_BLOCK BLOCK.TRIAL.CHECK_NEW_BLOCK_TRUE
1274128.714 RESET_VARS BLOCK.TRIAL.RESET_VARS
1274543.141 PREPARE_SEQUENCE BLOCK.TRIAL.PREPARE_SEQUENCE
1275726.824 DRIFT_CORRECT BLOCK.TRIAL.DRIFT_CORRECT
1275843.872 DISPLAY_TEXT BLOCK.TRIAL.RECORDING.DISPLAY_TEXT (BEGIN) 
1275876.421 DISPLAY_TEXT BLOCK.TRIAL.RECORDING.DISPLAY_TEXT
1326333.794 KEYBOARD_TEXT BLOCK.TRIAL.RECORDING.KEYBOARD_TEXT
1326334.352 SET_SENTENCE_RT BLOCK.TRIAL.RECORDING.SET_SENTENCE_RT
1326334.424 CHECK_QUESTION BLOCK.TRIAL.RECORDING.CHECK_QUESTION_TRUE
1326336.445 DISPLAY_BLANK BLOCK.TRIAL.RECORDING.DISPLAY_BLANK (BEGIN) 
1326343.566 DISPLAY_BLANK BLOCK.TRIAL.RECORDING.DISPLAY_BLANK
1326344.150 ADD_TO_RESULTS_FILE BLOCK.TRIAL.RECORDING.ADD_TO_RESULTS_FILE
1326429.099 SetValueAction 
1326429.131 SetValueAction 
1326429.159 SetValueAction 
1326429.184 SetValueAction 
1326429.209 SetValueAction 
1326429.233 SetValueAction 
1326429.623 CHECK_NEW_BLOCK BLOCK.TRIAL.CHECK_NEW_BLOCK_TRUE
1326429.933 RESET_VARS BLOCK.TRIAL.RESET_VARS
1327077.322 PREPARE_SEQUENCE BLOCK.TRIAL.PREPARE_SEQUENCE
1328940.956 DRIFT_CORRECT BLOCK.TRIAL.DRIFT_CORRECT
1329055.147 DISPLAY_TEXT BLOCK.TRIAL.RECORDING.DISPLAY_TEXT (BEGIN) 
1329083.627 DISPLAY_TEXT BLOCK.TRIAL.RECORDING.DISPLAY_TEXT
1380881.763 TRACKER_TIME 18 3146928.894
1380881.878 KEYBOARD_TEXT BLOCK.TRIAL.RECORDING.KEYBOARD_TEXT
1380882.293 SET_SENTENCE_RT BLOCK.TRIAL.RECORDING.SET_SENTENCE_RT
1380882.461 CHECK_QUESTION BLOCK.TRIAL.RECORDING.CHECK_QUESTION_TRUE
1380884.307 DISPLAY_BLANK BLOCK.TRIAL.RECORDING.DISPLAY_BLANK (BEGIN) 
1380894.562 DISPLAY_BLANK BLOCK.TRIAL.RECORDING.DISPLAY_BLANK
1380895.132 ADD_TO_RESULTS_FILE BLOCK.TRIAL.RECORDING.ADD_TO_RESULTS_FILE
1380980.100 SetValueAction 
1380980.133 SetValueAction 
1380980.160 SetValueAction 
1380980.185 SetValueAction 
1380980.210 SetValueAction 
1380980.235 SetValueAction 
1380980.644 CHECK_NEW_BLOCK BLOCK.TRIAL.CHECK_NEW_BLOCK_TRUE
1380980.943 RESET_VARS BLOCK.TRIAL.RESET_VARS
1381421.227 PREPARE_SEQUENCE BLOCK.TRIAL.PREPARE_SEQUENCE
1383388.655 DRIFT_CORRECT BLOCK.TRIAL.DRIFT_CORRECT
1383503.065 DISPLAY_TEXT BLOCK.TRIAL.RECORDING.DISPLAY_TEXT (BEGIN) 
1383526.623 DISPLAY_TEXT BLOCK.TRIAL.RECORDING.DISPLAY_TEXT
1419524.361 KEYBOARD_TEXT BLOCK.TRIAL.RECORDING.KEYBOARD_TEXT
1419524.923 SET_SENTENCE_RT BLOCK.TRIAL.RECORDING.SET_SENTENCE_RT
1419525.023 CHECK_QUESTION BLOCK.TRIAL.RECORDING.CHECK_QUESTION_TRUE
1419526.940 DISPLAY_BLANK BLOCK.TRIAL.RECORDING.DISPLAY_BLANK (BEGIN) 
1419533.221 DISPLAY_BLANK BLOCK.TRIAL.RECORDING.DISPLAY_BLANK
1419533.771 ADD_TO_RESULTS_FILE BLOCK.TRIAL.RECORDING.ADD_TO_RESULTS_FILE
1419618.102 SetValueAction 
1419618.133 SetValueAction 
1419618.160 SetValueAction 
1419618.186 SetValueAction 
1419618.211 SetValueAction 
1419618.235 SetValueAction 
1419618.699 CHECK_NEW_BLOCK BLOCK.TRIAL.CHECK_NEW_BLOCK_TRUE
1419619.058 RESET_VARS BLOCK.TRIAL.RESET_VARS
1420046.324 PREPARE_SEQUENCE BLOCK.TRIAL.PREPARE_SEQUENCE
1421493.153 DRIFT_CORRECT BLOCK.TRIAL.DRIFT_CORRECT
1421608.010 DISPLAY_TEXT BLOCK.TRIAL.RECORDING.DISPLAY_TEXT (BEGIN) 
1421634.590 DISPLAY_TEXT BLOCK.TRIAL.RECORDING.DISPLAY_TEXT
1467998.991 TRACKER_TIME 19 3234044.202
1467999.106 KEYBOARD_TEXT BLOCK.TRIAL.RECORDING.KEYBOARD_TEXT
1467999.804 SET_SENTENCE_RT BLOCK.TRIAL.RECORDING.SET_SENTENCE_RT
1467999.945 CHECK_QUESTION BLOCK.TRIAL.RECORDING.CHECK_QUESTION_FALSE
1468002.763 DISPLAY_QUESTION BLOCK.TRIAL.RECORDING.DISPLAY_QUESTION (BEGIN) 
1468019.623 DISPLAY_QUESTION BLOCK.TRIAL.RECORDING.DISPLAY_QUESTION
1473603.658 KEYBOARD_QUESTION BLOCK.TRIAL.RECORDING.KEYBOARD_QUESTION
1473603.965 CHECK_RESPONSE_BUTTON BLOCK.TRIAL.RECORDING.CHECK_RESPONSE_BUTTON_TRUE
1473604.422 SET_VARS_CORRECT BLOCK.TRIAL.RECORDING.SET_VARS_CORRECT
1473606.040 DISPLAY_BLANK BLOCK.TRIAL.RECORDING.DISPLAY_BLANK (BEGIN) 
1473617.816 DISPLAY_BLANK BLOCK.TRIAL.RECORDING.DISPLAY_BLANK
1473618.371 ADD_TO_RESULTS_FILE BLOCK.TRIAL.RECORDING.ADD_TO_RESULTS_FILE
1473705.098 SetValueAction 
1473705.131 SetValueAction 
1473705.159 SetValueAction 
1473705.184 SetValueAction 
1473705.209 SetValueAction 
1473705.234 SetValueAction 
1473705.649 CHECK_NEW_BLOCK BLOCK.TRIAL.CHECK_NEW_BLOCK_TRUE
1473706.036 RESET_VARS BLOCK.TRIAL.RESET_VARS
1474107.804 PREPARE_SEQUENCE BLOCK.TRIAL.PREPARE_SEQUENCE
1476280.910 DRIFT_CORRECT BLOCK.TRIAL.DRIFT_CORRECT
1476397.002 DISPLAY_TEXT BLOCK.TRIAL.RECORDING.DISPLAY_TEXT (BEGIN) 
1476409.757 DISPLAY_TEXT BLOCK.TRIAL.RECORDING.DISPLAY_TEXT
1489734.491 KEYBOARD_TEXT BLOCK.TRIAL.RECORDING.KEYBOARD_TEXT
1489735.077 SET_SENTENCE_RT BLOCK.TRIAL.RECORDING.SET_SENTENCE_RT
1489735.221 CHECK_QUESTION BLOCK.TRIAL.RECORDING.CHECK_QUESTION_TRUE
1489737.134 DISPLAY_BLANK BLOCK.TRIAL.RECORDING.DISPLAY_BLANK (BEGIN) 
1489746.347 DISPLAY_BLANK BLOCK.TRIAL.RECORDING.DISPLAY_BLANK
1489746.901 ADD_TO_RESULTS_FILE BLOCK.TRIAL.RECORDING.ADD_TO_RESULTS_FILE
1489833.094 SetValueAction 
1489833.125 SetValueAction 
1489833.153 SetValueAction 
1489833.178 SetValueAction 
1489833.204 SetValueAction 
1489833.229 SetValueAction 
1489833.637 CHECK_NEW_BLOCK BLOCK.TRIAL.CHECK_NEW_BLOCK_TRUE
1489833.948 RESET_VARS BLOCK.TRIAL.RESET_VARS
1490257.436 PREPARE_SEQUENCE BLOCK.TRIAL.PREPARE_SEQUENCE
1491737.131 DRIFT_CORRECT BLOCK.TRIAL.DRIFT_CORRECT
1491850.887 DISPLAY_TEXT BLOCK.TRIAL.RECORDING.DISPLAY_TEXT (BEGIN) 
1491884.537 DISPLAY_TEXT BLOCK.TRIAL.RECORDING.DISPLAY_TEXT
1549616.306 TRACKER_TIME 20 3315659.701
1549616.438 KEYBOARD_TEXT BLOCK.TRIAL.RECORDING.KEYBOARD_TEXT
1549617.105 SET_SENTENCE_RT BLOCK.TRIAL.RECORDING.SET_SENTENCE_RT
1549617.260 CHECK_QUESTION BLOCK.TRIAL.RECORDING.CHECK_QUESTION_FALSE
1549620.139 DISPLAY_QUESTION BLOCK.TRIAL.RECORDING.DISPLAY_QUESTION (BEGIN) 
1549628.976 DISPLAY_QUESTION BLOCK.TRIAL.RECORDING.DISPLAY_QUESTION
1568697.222 KEYBOARD_QUESTION BLOCK.TRIAL.RECORDING.KEYBOARD_QUESTION
1568697.479 CHECK_RESPONSE_BUTTON BLOCK.TRIAL.RECORDING.CHECK_RESPONSE_BUTTON_TRUE
1568698.010 SET_VARS_CORRECT BLOCK.TRIAL.RECORDING.SET_VARS_CORRECT
1568699.825 DISPLAY_BLANK BLOCK.TRIAL.RECORDING.DISPLAY_BLANK (BEGIN) 
1568706.742 DISPLAY_BLANK BLOCK.TRIAL.RECORDING.DISPLAY_BLANK
1568707.339 ADD_TO_RESULTS_FILE BLOCK.TRIAL.RECORDING.ADD_TO_RESULTS_FILE
1568794.097 SetValueAction 
1568794.129 SetValueAction 
1568794.156 SetValueAction 
1568794.181 SetValueAction 
1568794.206 SetValueAction 
1568794.231 SetValueAction 
1568794.657 CHECK_NEW_BLOCK BLOCK.TRIAL.CHECK_NEW_BLOCK_TRUE
1568795.001 RESET_VARS BLOCK.TRIAL.RESET_VARS
1569258.808 PREPARE_SEQUENCE BLOCK.TRIAL.PREPARE_SEQUENCE
1570951.157 DRIFT_CORRECT BLOCK.TRIAL.DRIFT_CORRECT
1571066.196 DISPLAY_TEXT BLOCK.TRIAL.RECORDING.DISPLAY_TEXT (BEGIN) 
1571085.538 DISPLAY_TEXT BLOCK.TRIAL.RECORDING.DISPLAY_TEXT
1603550.888 KEYBOARD_TEXT BLOCK.TRIAL.RECORDING.KEYBOARD_TEXT
1603551.403 SET_SENTENCE_RT BLOCK.TRIAL.RECORDING.SET_SENTENCE_RT
1603551.501 CHECK_QUESTION BLOCK.TRIAL.RECORDING.CHECK_QUESTION_FALSE
1603554.372 DISPLAY_QUESTION BLOCK.TRIAL.RECORDING.DISPLAY_QUESTION (BEGIN) 
1603563.380 DISPLAY_QUESTION BLOCK.TRIAL.RECORDING.DISPLAY_QUESTION
1606383.385 KEYBOARD_QUESTION BLOCK.TRIAL.RECORDING.KEYBOARD_QUESTION
1606383.623 CHECK_RESPONSE_BUTTON BLOCK.TRIAL.RECORDING.CHECK_RESPONSE_BUTTON_TRUE
1606384.200 SET_VARS_CORRECT BLOCK.TRIAL.RECORDING.SET_VARS_CORRECT
1606385.929 DISPLAY_BLANK BLOCK.TRIAL.RECORDING.DISPLAY_BLANK (BEGIN) 
1606395.962 DISPLAY_BLANK BLOCK.TRIAL.RECORDING.DISPLAY_BLANK
1606396.599 ADD_TO_RESULTS_FILE BLOCK.TRIAL.RECORDING.ADD_TO_RESULTS_FILE
1606481.099 SetValueAction 
1606481.132 SetValueAction 
1606481.166 SetValueAction 
1606481.195 SetValueAction 
1606481.221 SetValueAction 
1606481.246 SetValueAction 
1606481.560 CHECK_NEW_BLOCK BLOCK.TRIAL.CHECK_NEW_BLOCK_TRUE
1606481.807 RESET_VARS BLOCK.TRIAL.RESET_VARS
1606894.238 PREPARE_SEQUENCE BLOCK.TRIAL.PREPARE_SEQUENCE
1608958.994 DRIFT_CORRECT BLOCK.TRIAL.DRIFT_CORRECT
1609074.887 DISPLAY_TEXT BLOCK.TRIAL.RECORDING.DISPLAY_TEXT (BEGIN) 
1609096.853 DISPLAY_TEXT BLOCK.TRIAL.RECORDING.DISPLAY_TEXT
1643387.168 TRACKER_TIME 21 3409428.470
1643387.301 KEYBOARD_TEXT BLOCK.TRIAL.RECORDING.KEYBOARD_TEXT
1643387.751 SET_SENTENCE_RT BLOCK.TRIAL.RECORDING.SET_SENTENCE_RT
1643387.852 CHECK_QUESTION BLOCK.TRIAL.RECORDING.CHECK_QUESTION_FALSE
1643390.654 DISPLAY_QUESTION BLOCK.TRIAL.RECORDING.DISPLAY_QUESTION (BEGIN) 
1643401.954 DISPLAY_QUESTION BLOCK.TRIAL.RECORDING.DISPLAY_QUESTION
1646453.662 KEYBOARD_QUESTION BLOCK.TRIAL.RECORDING.KEYBOARD_QUESTION
1646453.978 CHECK_RESPONSE_BUTTON BLOCK.TRIAL.RECORDING.CHECK_RESPONSE_BUTTON_TRUE
1646454.516 SET_VARS_CORRECT BLOCK.TRIAL.RECORDING.SET_VARS_CORRECT
1646456.067 DISPLAY_BLANK BLOCK.TRIAL.RECORDING.DISPLAY_BLANK (BEGIN) 
1646467.754 DISPLAY_BLANK BLOCK.TRIAL.RECORDING.DISPLAY_BLANK
1646468.323 ADD_TO_RESULTS_FILE BLOCK.TRIAL.RECORDING.ADD_TO_RESULTS_FILE
1646553.097 SetValueAction 
1646553.129 SetValueAction 
1646553.156 SetValueAction 
1646553.182 SetValueAction 
1646553.208 SetValueAction 
1646553.235 SetValueAction 
1646553.648 CHECK_NEW_BLOCK BLOCK.TRIAL.CHECK_NEW_BLOCK_TRUE
1646554.043 RESET_VARS BLOCK.TRIAL.RESET_VARS
1646951.847 PREPARE_SEQUENCE BLOCK.TRIAL.PREPARE_SEQUENCE
1648701.146 DRIFT_CORRECT BLOCK.TRIAL.DRIFT_CORRECT
1648820.812 DISPLAY_TEXT BLOCK.TRIAL.RECORDING.DISPLAY_TEXT (BEGIN) 
1648834.076 DISPLAY_TEXT BLOCK.TRIAL.RECORDING.DISPLAY_TEXT
1673169.015 KEYBOARD_TEXT BLOCK.TRIAL.RECORDING.KEYBOARD_TEXT
1673169.517 SET_SENTENCE_RT BLOCK.TRIAL.RECORDING.SET_SENTENCE_RT
1673169.591 CHECK_QUESTION BLOCK.TRIAL.RECORDING.CHECK_QUESTION_TRUE
1673171.338 DISPLAY_BLANK BLOCK.TRIAL.RECORDING.DISPLAY_BLANK (BEGIN) 
1673176.418 DISPLAY_BLANK BLOCK.TRIAL.RECORDING.DISPLAY_BLANK
1673177.021 ADD_TO_RESULTS_FILE BLOCK.TRIAL.RECORDING.ADD_TO_RESULTS_FILE
1673263.101 SetValueAction 
1673263.134 SetValueAction 
1673263.161 SetValueAction 
1673263.186 SetValueAction 
1673263.212 SetValueAction 
1673263.237 SetValueAction 
1673263.649 CHECK_NEW_BLOCK BLOCK.TRIAL.CHECK_NEW_BLOCK_TRUE
1673263.985 RESET_VARS BLOCK.TRIAL.RESET_VARS
1673643.945 PREPARE_SEQUENCE BLOCK.TRIAL.PREPARE_SEQUENCE
1675443.023 DRIFT_CORRECT BLOCK.TRIAL.DRIFT_CORRECT
1675560.629 DISPLAY_TEXT BLOCK.TRIAL.RECORDING.DISPLAY_TEXT (BEGIN) 
1675576.144 DISPLAY_TEXT BLOCK.TRIAL.RECORDING.DISPLAY_TEXT
1679735.343 KEYBOARD_TEXT BLOCK.TRIAL.RECORDING.KEYBOARD_TEXT
1679735.847 SET_SENTENCE_RT BLOCK.TRIAL.RECORDING.SET_SENTENCE_RT
1679735.941 CHECK_QUESTION BLOCK.TRIAL.RECORDING.CHECK_QUESTION_TRUE
1679737.784 DISPLAY_BLANK BLOCK.TRIAL.RECORDING.DISPLAY_BLANK (BEGIN) 
1679741.110 DISPLAY_BLANK BLOCK.TRIAL.RECORDING.DISPLAY_BLANK
1679741.744 ADD_TO_RESULTS_FILE BLOCK.TRIAL.RECORDING.ADD_TO_RESULTS_FILE
1679826.119 SetValueAction 
1679826.155 SetValueAction 
1679826.184 SetValueAction 
1679826.210 SetValueAction 
1679826.238 SetValueAction 
1679826.264 SetValueAction 
1679826.749 CHECK_NEW_BLOCK BLOCK.TRIAL.CHECK_NEW_BLOCK_TRUE
1679827.201 RESET_VARS BLOCK.TRIAL.RESET_VARS
1680285.140 PREPARE_SEQUENCE BLOCK.TRIAL.PREPARE_SEQUENCE
1682310.157 DRIFT_CORRECT BLOCK.TRIAL.DRIFT_CORRECT
1682424.885 DISPLAY_TEXT BLOCK.TRIAL.RECORDING.DISPLAY_TEXT (BEGIN) 
1682440.875 DISPLAY_TEXT BLOCK.TRIAL.RECORDING.DISPLAY_TEXT
1684573.607 KEYBOARD_TEXT BLOCK.TRIAL.RECORDING.KEYBOARD_TEXT
1684574.227 SET_SENTENCE_RT BLOCK.TRIAL.RECORDING.SET_SENTENCE_RT
1684574.362 CHECK_QUESTION BLOCK.TRIAL.RECORDING.CHECK_QUESTION_TRUE
1684576.351 DISPLAY_BLANK BLOCK.TRIAL.RECORDING.DISPLAY_BLANK (BEGIN) 
1684590.160 DISPLAY_BLANK BLOCK.TRIAL.RECORDING.DISPLAY_BLANK
1684590.748 ADD_TO_RESULTS_FILE BLOCK.TRIAL.RECORDING.ADD_TO_RESULTS_FILE
1684675.102 SetValueAction 
1684675.135 SetValueAction 
1684675.163 SetValueAction 
1684675.189 SetValueAction 
1684675.216 SetValueAction 
1684675.240 SetValueAction 
1684675.694 CHECK_NEW_BLOCK BLOCK.TRIAL.CHECK_NEW_BLOCK_TRUE
1684676.044 RESET_VARS BLOCK.TRIAL.RESET_VARS
1685052.047 PREPARE_SEQUENCE BLOCK.TRIAL.PREPARE_SEQUENCE
1686728.056 DRIFT_CORRECT BLOCK.TRIAL.DRIFT_CORRECT
1686842.863 DISPLAY_TEXT BLOCK.TRIAL.RECORDING.DISPLAY_TEXT (BEGIN) 
1686856.136 DISPLAY_TEXT BLOCK.TRIAL.RECORDING.DISPLAY_TEXT
1699588.492 KEYBOARD_TEXT BLOCK.TRIAL.RECORDING.KEYBOARD_TEXT
1699589.041 SET_SENTENCE_RT BLOCK.TRIAL.RECORDING.SET_SENTENCE_RT
1699589.101 CHECK_QUESTION BLOCK.TRIAL.RECORDING.CHECK_QUESTION_TRUE
1699591.016 DISPLAY_BLANK BLOCK.TRIAL.RECORDING.DISPLAY_BLANK (BEGIN) 
1699602.369 DISPLAY_BLANK BLOCK.TRIAL.RECORDING.DISPLAY_BLANK
1699602.969 ADD_TO_RESULTS_FILE BLOCK.TRIAL.RECORDING.ADD_TO_RESULTS_FILE
1699689.093 SetValueAction 
1699689.126 SetValueAction 
1699689.154 SetValueAction 
1699689.180 SetValueAction 
1699689.208 SetValueAction 
1699689.234 SetValueAction 
1699689.628 CHECK_NEW_BLOCK BLOCK.TRIAL.CHECK_NEW_BLOCK_TRUE
1699689.937 RESET_VARS BLOCK.TRIAL.RESET_VARS
1700097.562 PREPARE_SEQUENCE BLOCK.TRIAL.PREPARE_SEQUENCE
1701331.169 DRIFT_CORRECT BLOCK.TRIAL.DRIFT_CORRECT
1701453.629 DISPLAY_TEXT BLOCK.TRIAL.RECORDING.DISPLAY_TEXT (BEGIN) 
1701468.634 DISPLAY_TEXT BLOCK.TRIAL.RECORDING.DISPLAY_TEXT
1713610.714 TRACKER_TIME 22 3479650.508
1713610.829 KEYBOARD_TEXT BLOCK.TRIAL.RECORDING.KEYBOARD_TEXT
1713611.500 SET_SENTENCE_RT BLOCK.TRIAL.RECORDING.SET_SENTENCE_RT
1713611.627 CHECK_QUESTION BLOCK.TRIAL.RECORDING.CHECK_QUESTION_TRUE
1713616.632 DISPLAY_BLANK BLOCK.TRIAL.RECORDING.DISPLAY_BLANK (BEGIN) 
1713631.792 DISPLAY_BLANK BLOCK.TRIAL.RECORDING.DISPLAY_BLANK
1713632.379 ADD_TO_RESULTS_FILE BLOCK.TRIAL.RECORDING.ADD_TO_RESULTS_FILE
1713719.096 SetValueAction 
1713719.129 SetValueAction 
1713719.159 SetValueAction 
1713719.184 SetValueAction 
1713719.209 SetValueAction 
1713719.234 SetValueAction 
1713719.699 CHECK_NEW_BLOCK BLOCK.TRIAL.CHECK_NEW_BLOCK_TRUE
1713720.036 RESET_VARS BLOCK.TRIAL.RESET_VARS
1714113.557 PREPARE_SEQUENCE BLOCK.TRIAL.PREPARE_SEQUENCE
1715428.950 DRIFT_CORRECT BLOCK.TRIAL.DRIFT_CORRECT
1715543.053 DISPLAY_TEXT BLOCK.TRIAL.RECORDING.DISPLAY_TEXT (BEGIN) 
1715566.486 DISPLAY_TEXT BLOCK.TRIAL.RECORDING.DISPLAY_TEXT
1745694.190 KEYBOARD_TEXT BLOCK.TRIAL.RECORDING.KEYBOARD_TEXT
1745694.707 SET_SENTENCE_RT BLOCK.TRIAL.RECORDING.SET_SENTENCE_RT
1745694.824 CHECK_QUESTION BLOCK.TRIAL.RECORDING.CHECK_QUESTION_TRUE
1745696.617 DISPLAY_BLANK BLOCK.TRIAL.RECORDING.DISPLAY_BLANK (BEGIN) 
1745705.578 DISPLAY_BLANK BLOCK.TRIAL.RECORDING.DISPLAY_BLANK
1745706.146 ADD_TO_RESULTS_FILE BLOCK.TRIAL.RECORDING.ADD_TO_RESULTS_FILE
1745791.105 SetValueAction 
1745791.141 SetValueAction 
1745791.170 SetValueAction 
1745791.196 SetValueAction 
1745791.223 SetValueAction 
1745791.249 SetValueAction 
1745791.617 CHECK_NEW_BLOCK BLOCK.TRIAL.CHECK_NEW_BLOCK_TRUE
1745791.924 RESET_VARS BLOCK.TRIAL.RESET_VARS
1746173.373 PREPARE_SEQUENCE BLOCK.TRIAL.PREPARE_SEQUENCE
1747274.272 DRIFT_CORRECT BLOCK.TRIAL.DRIFT_CORRECT
1747388.741 DISPLAY_TEXT BLOCK.TRIAL.RECORDING.DISPLAY_TEXT (BEGIN) 
1747408.668 DISPLAY_TEXT BLOCK.TRIAL.RECORDING.DISPLAY_TEXT
1772580.181 KEYBOARD_TEXT BLOCK.TRIAL.RECORDING.KEYBOARD_TEXT
1772580.750 SET_SENTENCE_RT BLOCK.TRIAL.RECORDING.SET_SENTENCE_RT
1772580.832 CHECK_QUESTION BLOCK.TRIAL.RECORDING.CHECK_QUESTION_TRUE
1772582.752 DISPLAY_BLANK BLOCK.TRIAL.RECORDING.DISPLAY_BLANK (BEGIN) 
1772598.062 DISPLAY_BLANK BLOCK.TRIAL.RECORDING.DISPLAY_BLANK
1772598.616 ADD_TO_RESULTS_FILE BLOCK.TRIAL.RECORDING.ADD_TO_RESULTS_FILE
1772683.136 SetValueAction 
1772683.168 SetValueAction 
1772683.196 SetValueAction 
1772683.221 SetValueAction 
1772683.248 SetValueAction 
1772683.273 SetValueAction 
1772683.681 CHECK_NEW_BLOCK BLOCK.TRIAL.CHECK_NEW_BLOCK_TRUE
1772683.985 RESET_VARS BLOCK.TRIAL.RESET_VARS
1773106.939 PREPARE_SEQUENCE BLOCK.TRIAL.PREPARE_SEQUENCE
1774336.878 TRACKER_TIME 23 3540374.895
1774336.989 DRIFT_CORRECT BLOCK.TRIAL.DRIFT_CORRECT
1774454.814 DISPLAY_TEXT BLOCK.TRIAL.RECORDING.DISPLAY_TEXT (BEGIN) 
1774469.882 DISPLAY_TEXT BLOCK.TRIAL.RECORDING.DISPLAY_TEXT
1797621.651 KEYBOARD_TEXT BLOCK.TRIAL.RECORDING.KEYBOARD_TEXT
1797622.229 SET_SENTENCE_RT BLOCK.TRIAL.RECORDING.SET_SENTENCE_RT
1797622.358 CHECK_QUESTION BLOCK.TRIAL.RECORDING.CHECK_QUESTION_FALSE
1797625.536 DISPLAY_QUESTION BLOCK.TRIAL.RECORDING.DISPLAY_QUESTION (BEGIN) 
1797640.806 DISPLAY_QUESTION BLOCK.TRIAL.RECORDING.DISPLAY_QUESTION
1801388.582 KEYBOARD_QUESTION BLOCK.TRIAL.RECORDING.KEYBOARD_QUESTION
1801388.826 CHECK_RESPONSE_BUTTON BLOCK.TRIAL.RECORDING.CHECK_RESPONSE_BUTTON_TRUE
1801389.485 SET_VARS_CORRECT BLOCK.TRIAL.RECORDING.SET_VARS_CORRECT
1801391.213 DISPLAY_BLANK BLOCK.TRIAL.RECORDING.DISPLAY_BLANK (BEGIN) 
1801406.379 DISPLAY_BLANK BLOCK.TRIAL.RECORDING.DISPLAY_BLANK
1801406.936 ADD_TO_RESULTS_FILE BLOCK.TRIAL.RECORDING.ADD_TO_RESULTS_FILE
1801494.097 SetValueAction 
1801494.131 SetValueAction 
1801494.158 SetValueAction 
1801494.183 SetValueAction 
1801494.208 SetValueAction 
1801494.233 SetValueAction 
1801494.680 CHECK_NEW_BLOCK BLOCK.TRIAL.CHECK_NEW_BLOCK_TRUE
1801495.007 RESET_VARS BLOCK.TRIAL.RESET_VARS
1801888.405 PREPARE_SEQUENCE BLOCK.TRIAL.PREPARE_SEQUENCE
1804780.297 DRIFT_CORRECT BLOCK.TRIAL.DRIFT_CORRECT
1804899.975 DISPLAY_TEXT BLOCK.TRIAL.RECORDING.DISPLAY_TEXT (BEGIN) 
1804936.678 DISPLAY_TEXT BLOCK.TRIAL.RECORDING.DISPLAY_TEXT
1826150.802 KEYBOARD_TEXT BLOCK.TRIAL.RECORDING.KEYBOARD_TEXT
1826151.260 SET_SENTENCE_RT BLOCK.TRIAL.RECORDING.SET_SENTENCE_RT
1826151.362 CHECK_QUESTION BLOCK.TRIAL.RECORDING.CHECK_QUESTION_TRUE
1826153.189 DISPLAY_BLANK BLOCK.TRIAL.RECORDING.DISPLAY_BLANK (BEGIN) 
1826165.803 DISPLAY_BLANK BLOCK.TRIAL.RECORDING.DISPLAY_BLANK
1826166.351 ADD_TO_RESULTS_FILE BLOCK.TRIAL.RECORDING.ADD_TO_RESULTS_FILE
1826251.096 SetValueAction 
1826251.129 SetValueAction 
1826251.158 SetValueAction 
1826251.184 SetValueAction 
1826251.209 SetValueAction 
1826251.233 SetValueAction 
1826251.620 CHECK_NEW_BLOCK BLOCK.TRIAL.CHECK_NEW_BLOCK_TRUE
1826251.923 RESET_VARS BLOCK.TRIAL.RESET_VARS
1826666.201 PREPARE_SEQUENCE BLOCK.TRIAL.PREPARE_SEQUENCE
1827631.005 DRIFT_CORRECT BLOCK.TRIAL.DRIFT_CORRECT
1827749.653 DISPLAY_TEXT BLOCK.TRIAL.RECORDING.DISPLAY_TEXT (BEGIN) 
1827765.431 DISPLAY_TEXT BLOCK.TRIAL.RECORDING.DISPLAY_TEXT
1846562.540 TRACKER_TIME 24 3612599.426
1846562.688 KEYBOARD_TEXT BLOCK.TRIAL.RECORDING.KEYBOARD_TEXT
1846563.308 SET_SENTENCE_RT BLOCK.TRIAL.RECORDING.SET_SENTENCE_RT
1846563.456 CHECK_QUESTION BLOCK.TRIAL.RECORDING.CHECK_QUESTION_TRUE
1846565.341 DISPLAY_BLANK BLOCK.TRIAL.RECORDING.DISPLAY_BLANK (BEGIN) 
1846576.485 DISPLAY_BLANK BLOCK.TRIAL.RECORDING.DISPLAY_BLANK
1846577.110 ADD_TO_RESULTS_FILE BLOCK.TRIAL.RECORDING.ADD_TO_RESULTS_FILE
1846664.096 SetValueAction 
1846664.129 SetValueAction 
1846664.159 SetValueAction 
1846664.185 SetValueAction 
1846664.210 SetValueAction 
1846664.234 SetValueAction 
1846664.683 CHECK_NEW_BLOCK BLOCK.TRIAL.CHECK_NEW_BLOCK_TRUE
1846665.005 RESET_VARS BLOCK.TRIAL.RESET_VARS
1847036.236 PREPARE_SEQUENCE BLOCK.TRIAL.PREPARE_SEQUENCE
1848187.867 DRIFT_CORRECT BLOCK.TRIAL.DRIFT_CORRECT
1848301.758 DISPLAY_TEXT BLOCK.TRIAL.RECORDING.DISPLAY_TEXT (BEGIN) 
1848320.905 DISPLAY_TEXT BLOCK.TRIAL.RECORDING.DISPLAY_TEXT
1861927.871 KEYBOARD_TEXT BLOCK.TRIAL.RECORDING.KEYBOARD_TEXT
1861928.557 SET_SENTENCE_RT BLOCK.TRIAL.RECORDING.SET_SENTENCE_RT
1861928.697 CHECK_QUESTION BLOCK.TRIAL.RECORDING.CHECK_QUESTION_TRUE
1861930.554 DISPLAY_BLANK BLOCK.TRIAL.RECORDING.DISPLAY_BLANK (BEGIN) 
1861938.560 DISPLAY_BLANK BLOCK.TRIAL.RECORDING.DISPLAY_BLANK
1861939.153 ADD_TO_RESULTS_FILE BLOCK.TRIAL.RECORDING.ADD_TO_RESULTS_FILE
1862024.099 SetValueAction 
1862024.132 SetValueAction 
1862024.159 SetValueAction 
1862024.184 SetValueAction 
1862024.209 SetValueAction 
1862024.234 SetValueAction 
1862024.648 CHECK_NEW_BLOCK BLOCK.TRIAL.CHECK_NEW_BLOCK_TRUE
1862025.026 RESET_VARS BLOCK.TRIAL.RESET_VARS
1862398.899 PREPARE_SEQUENCE BLOCK.TRIAL.PREPARE_SEQUENCE
1863351.798 DRIFT_CORRECT BLOCK.TRIAL.DRIFT_CORRECT
1863468.050 DISPLAY_TEXT BLOCK.TRIAL.RECORDING.DISPLAY_TEXT (BEGIN) 
1863480.238 DISPLAY_TEXT BLOCK.TRIAL.RECORDING.DISPLAY_TEXT
1877567.421 KEYBOARD_TEXT BLOCK.TRIAL.RECORDING.KEYBOARD_TEXT
1877568.179 SET_SENTENCE_RT BLOCK.TRIAL.RECORDING.SET_SENTENCE_RT
1877568.257 CHECK_QUESTION BLOCK.TRIAL.RECORDING.CHECK_QUESTION_TRUE
1877569.934 DISPLAY_BLANK BLOCK.TRIAL.RECORDING.DISPLAY_BLANK (BEGIN) 
1877584.339 DISPLAY_BLANK BLOCK.TRIAL.RECORDING.DISPLAY_BLANK
1877584.908 ADD_TO_RESULTS_FILE BLOCK.TRIAL.RECORDING.ADD_TO_RESULTS_FILE
1877669.099 SetValueAction 
1877669.131 SetValueAction 
1877669.158 SetValueAction 
1877669.183 SetValueAction 
1877669.208 SetValueAction 
1877669.233 SetValueAction 
1877669.680 CHECK_NEW_BLOCK BLOCK.TRIAL.CHECK_NEW_BLOCK_TRUE
1877670.022 RESET_VARS BLOCK.TRIAL.RESET_VARS
1878064.784 PREPARE_SEQUENCE BLOCK.TRIAL.PREPARE_SEQUENCE
1885657.189 DRIFT_CORRECT BLOCK.TRIAL.DRIFT_CORRECT
1885773.896 DISPLAY_TEXT BLOCK.TRIAL.RECORDING.DISPLAY_TEXT (BEGIN) 
1885788.549 DISPLAY_TEXT BLOCK.TRIAL.RECORDING.DISPLAY_TEXT
1908258.484 TRACKER_TIME 25 3674293.986
1908258.673 KEYBOARD_TEXT BLOCK.TRIAL.RECORDING.KEYBOARD_TEXT
1908259.375 SET_SENTENCE_RT BLOCK.TRIAL.RECORDING.SET_SENTENCE_RT
1908259.441 CHECK_QUESTION BLOCK.TRIAL.RECORDING.CHECK_QUESTION_TRUE
1908261.061 DISPLAY_BLANK BLOCK.TRIAL.RECORDING.DISPLAY_BLANK (BEGIN) 
1908275.439 DISPLAY_BLANK BLOCK.TRIAL.RECORDING.DISPLAY_BLANK
1908276.197 ADD_TO_RESULTS_FILE BLOCK.TRIAL.RECORDING.ADD_TO_RESULTS_FILE
1908361.118 SetValueAction 
1908361.152 SetValueAction 
1908361.181 SetValueAction 
1908361.207 SetValueAction 
1908361.233 SetValueAction 
1908361.266 SetValueAction 
1908361.679 CHECK_NEW_BLOCK BLOCK.TRIAL.CHECK_NEW_BLOCK_TRUE
1908362.009 RESET_VARS BLOCK.TRIAL.RESET_VARS
1909139.499 PREPARE_SEQUENCE BLOCK.TRIAL.PREPARE_SEQUENCE
1910861.368 DRIFT_CORRECT BLOCK.TRIAL.DRIFT_CORRECT
1910978.099 DISPLAY_TEXT BLOCK.TRIAL.RECORDING.DISPLAY_TEXT (BEGIN) 
1910991.248 DISPLAY_TEXT BLOCK.TRIAL.RECORDING.DISPLAY_TEXT
1924554.115 KEYBOARD_TEXT BLOCK.TRIAL.RECORDING.KEYBOARD_TEXT
1924554.737 SET_SENTENCE_RT BLOCK.TRIAL.RECORDING.SET_SENTENCE_RT
1924554.815 CHECK_QUESTION BLOCK.TRIAL.RECORDING.CHECK_QUESTION_TRUE
1924556.642 DISPLAY_BLANK BLOCK.TRIAL.RECORDING.DISPLAY_BLANK (BEGIN) 
1924570.686 DISPLAY_BLANK BLOCK.TRIAL.RECORDING.DISPLAY_BLANK
1924571.295 ADD_TO_RESULTS_FILE BLOCK.TRIAL.RECORDING.ADD_TO_RESULTS_FILE
1924656.097 SetValueAction 
1924656.132 SetValueAction 
1924656.160 SetValueAction 
1924656.186 SetValueAction 
1924656.212 SetValueAction 
1924656.238 SetValueAction 
1924656.536 CHECK_NEW_BLOCK BLOCK.TRIAL.CHECK_NEW_BLOCK_TRUE
1924656.784 RESET_VARS BLOCK.TRIAL.RESET_VARS
1925032.782 PREPARE_SEQUENCE BLOCK.TRIAL.PREPARE_SEQUENCE
1927911.737 DRIFT_CORRECT BLOCK.TRIAL.DRIFT_CORRECT
1928027.911 DISPLAY_TEXT BLOCK.TRIAL.RECORDING.DISPLAY_TEXT (BEGIN) 
1928044.644 DISPLAY_TEXT BLOCK.TRIAL.RECORDING.DISPLAY_TEXT
1947724.938 KEYBOARD_TEXT BLOCK.TRIAL.RECORDING.KEYBOARD_TEXT
1947725.532 SET_SENTENCE_RT BLOCK.TRIAL.RECORDING.SET_SENTENCE_RT
1947725.616 CHECK_QUESTION BLOCK.TRIAL.RECORDING.CHECK_QUESTION_TRUE
1947727.426 DISPLAY_BLANK BLOCK.TRIAL.RECORDING.DISPLAY_BLANK (BEGIN) 
1947730.186 DISPLAY_BLANK BLOCK.TRIAL.RECORDING.DISPLAY_BLANK
1947730.804 ADD_TO_RESULTS_FILE BLOCK.TRIAL.RECORDING.ADD_TO_RESULTS_FILE
1947815.102 SetValueAction 
1947815.135 SetValueAction 
1947815.162 SetValueAction 
1947815.188 SetValueAction 
1947815.214 SetValueAction 
1947815.240 SetValueAction 
1947815.570 CHECK_NEW_BLOCK BLOCK.TRIAL.CHECK_NEW_BLOCK_TRUE
1947815.911 RESET_VARS BLOCK.TRIAL.RESET_VARS
1948204.341 PREPARE_SEQUENCE BLOCK.TRIAL.PREPARE_SEQUENCE
1949665.403 DRIFT_CORRECT BLOCK.TRIAL.DRIFT_CORRECT
1949787.932 DISPLAY_TEXT BLOCK.TRIAL.RECORDING.DISPLAY_TEXT (BEGIN) 
1949801.570 DISPLAY_TEXT BLOCK.TRIAL.RECORDING.DISPLAY_TEXT
1963918.937 KEYBOARD_TEXT BLOCK.TRIAL.RECORDING.KEYBOARD_TEXT
1963919.632 SET_SENTENCE_RT BLOCK.TRIAL.RECORDING.SET_SENTENCE_RT
1963919.739 CHECK_QUESTION BLOCK.TRIAL.RECORDING.CHECK_QUESTION_TRUE
1963921.746 DISPLAY_BLANK BLOCK.TRIAL.RECORDING.DISPLAY_BLANK (BEGIN) 
1963925.548 DISPLAY_BLANK BLOCK.TRIAL.RECORDING.DISPLAY_BLANK
1963926.186 ADD_TO_RESULTS_FILE BLOCK.TRIAL.RECORDING.ADD_TO_RESULTS_FILE
1964011.118 SetValueAction 
1964011.151 SetValueAction 
1964011.197 SetValueAction 
1964011.241 SetValueAction 
1964011.266 SetValueAction 
1964011.291 SetValueAction 
1964011.678 CHECK_NEW_BLOCK BLOCK.TRIAL.CHECK_NEW_BLOCK_TRUE
1964011.973 RESET_VARS BLOCK.TRIAL.RESET_VARS
1964414.311 PREPARE_SEQUENCE BLOCK.TRIAL.PREPARE_SEQUENCE
1966045.721 DRIFT_CORRECT BLOCK.TRIAL.DRIFT_CORRECT
1966170.112 DISPLAY_TEXT BLOCK.TRIAL.RECORDING.DISPLAY_TEXT (BEGIN) 
1966182.745 DISPLAY_TEXT BLOCK.TRIAL.RECORDING.DISPLAY_TEXT
1979685.578 TRACKER_TIME 26 3745719.568
1979685.700 KEYBOARD_TEXT BLOCK.TRIAL.RECORDING.KEYBOARD_TEXT
1979686.305 SET_SENTENCE_RT BLOCK.TRIAL.RECORDING.SET_SENTENCE_RT
1979686.413 CHECK_QUESTION BLOCK.TRIAL.RECORDING.CHECK_QUESTION_TRUE
1979688.197 DISPLAY_BLANK BLOCK.TRIAL.RECORDING.DISPLAY_BLANK (BEGIN) 
1979704.830 DISPLAY_BLANK BLOCK.TRIAL.RECORDING.DISPLAY_BLANK
1979705.341 ADD_TO_RESULTS_FILE BLOCK.TRIAL.RECORDING.ADD_TO_RESULTS_FILE
1979790.096 SetValueAction 
1979790.129 SetValueAction 
1979790.159 SetValueAction 
1979790.185 SetValueAction 
1979790.210 SetValueAction 
1979790.235 SetValueAction 
1979790.632 CHECK_NEW_BLOCK BLOCK.TRIAL.CHECK_NEW_BLOCK_TRUE
1979790.927 RESET_VARS BLOCK.TRIAL.RESET_VARS
1980212.763 PREPARE_SEQUENCE BLOCK.TRIAL.PREPARE_SEQUENCE
1981967.786 DRIFT_CORRECT BLOCK.TRIAL.DRIFT_CORRECT
1982088.630 DISPLAY_TEXT BLOCK.TRIAL.RECORDING.DISPLAY_TEXT (BEGIN) 
1982110.851 DISPLAY_TEXT BLOCK.TRIAL.RECORDING.DISPLAY_TEXT
2011150.696 KEYBOARD_TEXT BLOCK.TRIAL.RECORDING.KEYBOARD_TEXT
2011151.268 SET_SENTENCE_RT BLOCK.TRIAL.RECORDING.SET_SENTENCE_RT
2011151.361 CHECK_QUESTION BLOCK.TRIAL.RECORDING.CHECK_QUESTION_TRUE
2011153.073 DISPLAY_BLANK BLOCK.TRIAL.RECORDING.DISPLAY_BLANK (BEGIN) 
2011162.075 DISPLAY_BLANK BLOCK.TRIAL.RECORDING.DISPLAY_BLANK
2011162.640 ADD_TO_RESULTS_FILE BLOCK.TRIAL.RECORDING.ADD_TO_RESULTS_FILE
2011247.112 SetValueAction 
2011247.146 SetValueAction 
2011247.175 SetValueAction 
2011247.201 SetValueAction 
2011247.228 SetValueAction 
2011247.253 SetValueAction 
2011247.592 CHECK_NEW_BLOCK BLOCK.TRIAL.CHECK_NEW_BLOCK_TRUE
2011247.923 RESET_VARS BLOCK.TRIAL.RESET_VARS
2011669.186 PREPARE_SEQUENCE BLOCK.TRIAL.PREPARE_SEQUENCE
2016666.782 DRIFT_CORRECT BLOCK.TRIAL.DRIFT_CORRECT
2016786.122 DISPLAY_TEXT BLOCK.TRIAL.RECORDING.DISPLAY_TEXT (BEGIN) 
2016797.671 DISPLAY_TEXT BLOCK.TRIAL.RECORDING.DISPLAY_TEXT
2035869.479 KEYBOARD_TEXT BLOCK.TRIAL.RECORDING.KEYBOARD_TEXT
2035870.112 SET_SENTENCE_RT BLOCK.TRIAL.RECORDING.SET_SENTENCE_RT
2035870.210 CHECK_QUESTION BLOCK.TRIAL.RECORDING.CHECK_QUESTION_TRUE
2035871.967 DISPLAY_BLANK BLOCK.TRIAL.RECORDING.DISPLAY_BLANK (BEGIN) 
2035888.590 DISPLAY_BLANK BLOCK.TRIAL.RECORDING.DISPLAY_BLANK
2035889.159 ADD_TO_RESULTS_FILE BLOCK.TRIAL.RECORDING.ADD_TO_RESULTS_FILE
2035976.174 SetValueAction 
2035976.206 SetValueAction 
2035976.233 SetValueAction 
2035976.259 SetValueAction 
2035976.284 SetValueAction 
2035976.309 SetValueAction 
2035976.757 CHECK_NEW_BLOCK BLOCK.TRIAL.CHECK_NEW_BLOCK_TRUE
2035977.077 RESET_VARS BLOCK.TRIAL.RESET_VARS
2036354.159 PREPARE_SEQUENCE BLOCK.TRIAL.PREPARE_SEQUENCE
2037655.567 DRIFT_CORRECT BLOCK.TRIAL.DRIFT_CORRECT
2037772.634 DISPLAY_TEXT BLOCK.TRIAL.RECORDING.DISPLAY_TEXT (BEGIN) 
2037787.957 DISPLAY_TEXT BLOCK.TRIAL.RECORDING.DISPLAY_TEXT
2053106.287 TRACKER_TIME 27 3819138.634
2053106.402 KEYBOARD_TEXT BLOCK.TRIAL.RECORDING.KEYBOARD_TEXT
2053107.017 SET_SENTENCE_RT BLOCK.TRIAL.RECORDING.SET_SENTENCE_RT
2053107.154 CHECK_QUESTION BLOCK.TRIAL.RECORDING.CHECK_QUESTION_TRUE
2053108.939 DISPLAY_BLANK BLOCK.TRIAL.RECORDING.DISPLAY_BLANK (BEGIN) 
2053116.562 DISPLAY_BLANK BLOCK.TRIAL.RECORDING.DISPLAY_BLANK
2053117.193 ADD_TO_RESULTS_FILE BLOCK.TRIAL.RECORDING.ADD_TO_RESULTS_FILE
2053202.097 SetValueAction 
2053202.131 SetValueAction 
2053202.158 SetValueAction 
2053202.184 SetValueAction 
2053202.211 SetValueAction 
2053202.236 SetValueAction 
2053202.539 CHECK_NEW_BLOCK BLOCK.TRIAL.CHECK_NEW_BLOCK_TRUE
2053202.842 RESET_VARS BLOCK.TRIAL.RESET_VARS
2053608.785 PREPARE_SEQUENCE BLOCK.TRIAL.PREPARE_SEQUENCE
2055419.699 DRIFT_CORRECT BLOCK.TRIAL.DRIFT_CORRECT
2055537.789 DISPLAY_TEXT BLOCK.TRIAL.RECORDING.DISPLAY_TEXT (BEGIN) 
2055555.944 DISPLAY_TEXT BLOCK.TRIAL.RECORDING.DISPLAY_TEXT
2073722.202 KEYBOARD_TEXT BLOCK.TRIAL.RECORDING.KEYBOARD_TEXT
2073722.729 SET_SENTENCE_RT BLOCK.TRIAL.RECORDING.SET_SENTENCE_RT
2073722.877 CHECK_QUESTION BLOCK.TRIAL.RECORDING.CHECK_QUESTION_TRUE
2073724.836 DISPLAY_BLANK BLOCK.TRIAL.RECORDING.DISPLAY_BLANK (BEGIN) 
2073727.013 DISPLAY_BLANK BLOCK.TRIAL.RECORDING.DISPLAY_BLANK
2073727.695 ADD_TO_RESULTS_FILE BLOCK.TRIAL.RECORDING.ADD_TO_RESULTS_FILE
2073814.096 SetValueAction 
2073814.127 SetValueAction 
2073814.155 SetValueAction 
2073814.180 SetValueAction 
2073814.205 SetValueAction 
2073814.230 SetValueAction 
2073814.841 CHECK_NEW_BLOCK BLOCK.TRIAL.CHECK_NEW_BLOCK_TRUE
2073815.296 RESET_VARS BLOCK.TRIAL.RESET_VARS
2074193.575 PREPARE_SEQUENCE BLOCK.TRIAL.PREPARE_SEQUENCE
2075618.596 DRIFT_CORRECT BLOCK.TRIAL.DRIFT_CORRECT
2075732.846 DISPLAY_TEXT BLOCK.TRIAL.RECORDING.DISPLAY_TEXT (BEGIN) 
2075743.441 DISPLAY_TEXT BLOCK.TRIAL.RECORDING.DISPLAY_TEXT
2077097.870 KEYBOARD_TEXT BLOCK.TRIAL.RECORDING.KEYBOARD_TEXT
2077098.411 SET_SENTENCE_RT BLOCK.TRIAL.RECORDING.SET_SENTENCE_RT
2077098.473 CHECK_QUESTION BLOCK.TRIAL.RECORDING.CHECK_QUESTION_TRUE
2077100.321 DISPLAY_BLANK BLOCK.TRIAL.RECORDING.DISPLAY_BLANK (BEGIN) 
2077109.664 DISPLAY_BLANK BLOCK.TRIAL.RECORDING.DISPLAY_BLANK
2077110.215 ADD_TO_RESULTS_FILE BLOCK.TRIAL.RECORDING.ADD_TO_RESULTS_FILE
2077197.097 SetValueAction 
2077197.131 SetValueAction 
2077197.158 SetValueAction 
2077197.185 SetValueAction 
2077197.210 SetValueAction 
2077197.234 SetValueAction 
2077197.717 CHECK_NEW_BLOCK BLOCK.TRIAL.CHECK_NEW_BLOCK_FALSE
2077200.520 NEW_COUNTERBALANCE_BREAK BLOCK.TRIAL.NEW_COUNTERBALANCE_BREAK (BEGIN) 
2077209.621 NEW_COUNTERBALANCE_BREAK BLOCK.TRIAL.NEW_COUNTERBALANCE_BREAK
2159617.415 TRACKER_TIME 28 3925647.371
2159617.578 KEYBOARD[1] BLOCK.TRIAL.KEYBOARD[1]
2237272.864 TRACKER_TIME 29 4003301.176
2237272.939 EL_CAMERA_SETUP BLOCK.TRIAL.EL_CAMERA_SETUP
2237275.783 EXPERIMENT_CONTINUE BLOCK.TRIAL.EXPERIMENT_CONTINUE (BEGIN) 
2237279.758 EXPERIMENT_CONTINUE BLOCK.TRIAL.EXPERIMENT_CONTINUE
2243185.365 KEYBOARD BLOCK.TRIAL.KEYBOARD
2243185.882 RESET_VARS BLOCK.TRIAL.RESET_VARS
2243525.764 PREPARE_SEQUENCE BLOCK.TRIAL.PREPARE_SEQUENCE
2245463.917 DRIFT_CORRECT BLOCK.TRIAL.DRIFT_CORRECT
2245586.907 DISPLAY_TEXT BLOCK.TRIAL.RECORDING.DISPLAY_TEXT (BEGIN) 
2245594.154 DISPLAY_TEXT BLOCK.TRIAL.RECORDING.DISPLAY_TEXT
2247261.970 KEYBOARD_TEXT BLOCK.TRIAL.RECORDING.KEYBOARD_TEXT
2247262.505 SET_SENTENCE_RT BLOCK.TRIAL.RECORDING.SET_SENTENCE_RT
2247262.593 CHECK_QUESTION BLOCK.TRIAL.RECORDING.CHECK_QUESTION_TRUE
2247264.516 DISPLAY_BLANK BLOCK.TRIAL.RECORDING.DISPLAY_BLANK (BEGIN) 
2247277.237 DISPLAY_BLANK BLOCK.TRIAL.RECORDING.DISPLAY_BLANK
2247277.861 ADD_TO_RESULTS_FILE BLOCK.TRIAL.RECORDING.ADD_TO_RESULTS_FILE
2247364.149 SetValueAction 
2247364.182 SetValueAction 
2247364.209 SetValueAction 
2247364.235 SetValueAction 
2247364.260 SetValueAction 
2247364.285 SetValueAction 
2247364.709 CHECK_NEW_BLOCK BLOCK.TRIAL.CHECK_NEW_BLOCK_TRUE
2247365.085 RESET_VARS BLOCK.TRIAL.RESET_VARS
2247732.468 PREPARE_SEQUENCE BLOCK.TRIAL.PREPARE_SEQUENCE
2249833.260 DRIFT_CORRECT BLOCK.TRIAL.DRIFT_CORRECT
2249947.962 DISPLAY_TEXT BLOCK.TRIAL.RECORDING.DISPLAY_TEXT (BEGIN) 
2249967.461 DISPLAY_TEXT BLOCK.TRIAL.RECORDING.DISPLAY_TEXT
2278119.541 KEYBOARD_TEXT BLOCK.TRIAL.RECORDING.KEYBOARD_TEXT
2278119.979 SET_SENTENCE_RT BLOCK.TRIAL.RECORDING.SET_SENTENCE_RT
2278120.049 CHECK_QUESTION BLOCK.TRIAL.RECORDING.CHECK_QUESTION_TRUE
2278121.805 DISPLAY_BLANK BLOCK.TRIAL.RECORDING.DISPLAY_BLANK (BEGIN) 
2278135.000 DISPLAY_BLANK BLOCK.TRIAL.RECORDING.DISPLAY_BLANK
2278135.601 ADD_TO_RESULTS_FILE BLOCK.TRIAL.RECORDING.ADD_TO_RESULTS_FILE
2278220.133 SetValueAction 
2278220.165 SetValueAction 
2278220.193 SetValueAction 
2278220.218 SetValueAction 
2278220.243 SetValueAction 
2278220.267 SetValueAction 
2278220.696 CHECK_NEW_BLOCK BLOCK.TRIAL.CHECK_NEW_BLOCK_TRUE
2278220.988 RESET_VARS BLOCK.TRIAL.RESET_VARS
2278628.806 PREPARE_SEQUENCE BLOCK.TRIAL.PREPARE_SEQUENCE
2280490.267 DRIFT_CORRECT BLOCK.TRIAL.DRIFT_CORRECT
2280605.902 DISPLAY_TEXT BLOCK.TRIAL.RECORDING.DISPLAY_TEXT (BEGIN) 
2280617.541 DISPLAY_TEXT BLOCK.TRIAL.RECORDING.DISPLAY_TEXT
2292598.539 KEYBOARD_TEXT BLOCK.TRIAL.RECORDING.KEYBOARD_TEXT
2292599.037 SET_SENTENCE_RT BLOCK.TRIAL.RECORDING.SET_SENTENCE_RT
2292599.145 CHECK_QUESTION BLOCK.TRIAL.RECORDING.CHECK_QUESTION_FALSE
2292602.093 DISPLAY_QUESTION BLOCK.TRIAL.RECORDING.DISPLAY_QUESTION (BEGIN) 
2292614.098 DISPLAY_QUESTION BLOCK.TRIAL.RECORDING.DISPLAY_QUESTION
2295839.583 KEYBOARD_QUESTION BLOCK.TRIAL.RECORDING.KEYBOARD_QUESTION
2295839.878 CHECK_RESPONSE_BUTTON BLOCK.TRIAL.RECORDING.CHECK_RESPONSE_BUTTON_TRUE
2295840.473 SET_VARS_CORRECT BLOCK.TRIAL.RECORDING.SET_VARS_CORRECT
2295842.377 DISPLAY_BLANK BLOCK.TRIAL.RECORDING.DISPLAY_BLANK (BEGIN) 
2295846.117 DISPLAY_BLANK BLOCK.TRIAL.RECORDING.DISPLAY_BLANK
2295846.722 ADD_TO_RESULTS_FILE BLOCK.TRIAL.RECORDING.ADD_TO_RESULTS_FILE
2295933.115 SetValueAction 
2295933.148 SetValueAction 
2295933.175 SetValueAction 
2295933.200 SetValueAction 
2295933.226 SetValueAction 
2295933.250 SetValueAction 
2295933.683 CHECK_NEW_BLOCK BLOCK.TRIAL.CHECK_NEW_BLOCK_TRUE
2295934.019 RESET_VARS BLOCK.TRIAL.RESET_VARS
2296351.463 PREPARE_SEQUENCE BLOCK.TRIAL.PREPARE_SEQUENCE
2297744.842 TRACKER_TIME 30 4063771.459
2297744.962 DRIFT_CORRECT BLOCK.TRIAL.DRIFT_CORRECT
2297863.630 DISPLAY_TEXT BLOCK.TRIAL.RECORDING.DISPLAY_TEXT (BEGIN) 
2297881.185 DISPLAY_TEXT BLOCK.TRIAL.RECORDING.DISPLAY_TEXT
2329796.112 KEYBOARD_TEXT BLOCK.TRIAL.RECORDING.KEYBOARD_TEXT
2329796.731 SET_SENTENCE_RT BLOCK.TRIAL.RECORDING.SET_SENTENCE_RT
2329796.822 CHECK_QUESTION BLOCK.TRIAL.RECORDING.CHECK_QUESTION_TRUE
2329798.707 DISPLAY_BLANK BLOCK.TRIAL.RECORDING.DISPLAY_BLANK (BEGIN) 
2329802.981 DISPLAY_BLANK BLOCK.TRIAL.RECORDING.DISPLAY_BLANK
2329803.649 ADD_TO_RESULTS_FILE BLOCK.TRIAL.RECORDING.ADD_TO_RESULTS_FILE
2329888.101 SetValueAction 
2329888.133 SetValueAction 
2329888.161 SetValueAction 
2329888.186 SetValueAction 
2329888.212 SetValueAction 
2329888.236 SetValueAction 
2329888.722 CHECK_NEW_BLOCK BLOCK.TRIAL.CHECK_NEW_BLOCK_TRUE
2329889.055 RESET_VARS BLOCK.TRIAL.RESET_VARS
2330337.584 PREPARE_SEQUENCE BLOCK.TRIAL.PREPARE_SEQUENCE
2331472.873 DRIFT_CORRECT BLOCK.TRIAL.DRIFT_CORRECT
2331586.908 DISPLAY_TEXT BLOCK.TRIAL.RECORDING.DISPLAY_TEXT (BEGIN) 
2331602.970 DISPLAY_TEXT BLOCK.TRIAL.RECORDING.DISPLAY_TEXT
2340579.013 KEYBOARD_TEXT BLOCK.TRIAL.RECORDING.KEYBOARD_TEXT
2340579.514 SET_SENTENCE_RT BLOCK.TRIAL.RECORDING.SET_SENTENCE_RT
2340579.623 CHECK_QUESTION BLOCK.TRIAL.RECORDING.CHECK_QUESTION_FALSE
2340584.631 DISPLAY_QUESTION BLOCK.TRIAL.RECORDING.DISPLAY_QUESTION (BEGIN) 
2340600.316 DISPLAY_QUESTION BLOCK.TRIAL.RECORDING.DISPLAY_QUESTION
2344530.222 KEYBOARD_QUESTION BLOCK.TRIAL.RECORDING.KEYBOARD_QUESTION
2344530.489 CHECK_RESPONSE_BUTTON BLOCK.TRIAL.RECORDING.CHECK_RESPONSE_BUTTON_TRUE
2344530.979 SET_VARS_CORRECT BLOCK.TRIAL.RECORDING.SET_VARS_CORRECT
2344532.718 DISPLAY_BLANK BLOCK.TRIAL.RECORDING.DISPLAY_BLANK (BEGIN) 
2344549.237 DISPLAY_BLANK BLOCK.TRIAL.RECORDING.DISPLAY_BLANK
2344549.795 ADD_TO_RESULTS_FILE BLOCK.TRIAL.RECORDING.ADD_TO_RESULTS_FILE
2344636.095 SetValueAction 
2344636.127 SetValueAction 
2344636.155 SetValueAction 
2344636.180 SetValueAction 
2344636.205 SetValueAction 
2344636.230 SetValueAction 
2344636.617 CHECK_NEW_BLOCK BLOCK.TRIAL.CHECK_NEW_BLOCK_TRUE
2344636.938 RESET_VARS BLOCK.TRIAL.RESET_VARS
2345044.353 PREPARE_SEQUENCE BLOCK.TRIAL.PREPARE_SEQUENCE
2346356.547 DRIFT_CORRECT BLOCK.TRIAL.DRIFT_CORRECT
2346471.919 DISPLAY_TEXT BLOCK.TRIAL.RECORDING.DISPLAY_TEXT (BEGIN) 
2346492.448 DISPLAY_TEXT BLOCK.TRIAL.RECORDING.DISPLAY_TEXT
2368954.140 TRACKER_TIME 31 4134979.564
2368954.269 KEYBOARD_TEXT BLOCK.TRIAL.RECORDING.KEYBOARD_TEXT
2368954.714 SET_SENTENCE_RT BLOCK.TRIAL.RECORDING.SET_SENTENCE_RT
2368954.857 CHECK_QUESTION BLOCK.TRIAL.RECORDING.CHECK_QUESTION_FALSE
2368959.659 DISPLAY_QUESTION BLOCK.TRIAL.RECORDING.DISPLAY_QUESTION (BEGIN) 
2368975.462 DISPLAY_QUESTION BLOCK.TRIAL.RECORDING.DISPLAY_QUESTION
2371528.611 KEYBOARD_QUESTION BLOCK.TRIAL.RECORDING.KEYBOARD_QUESTION
2371528.825 CHECK_RESPONSE_BUTTON BLOCK.TRIAL.RECORDING.CHECK_RESPONSE_BUTTON_TRUE
2371529.326 SET_VARS_CORRECT BLOCK.TRIAL.RECORDING.SET_VARS_CORRECT
2371530.792 DISPLAY_BLANK BLOCK.TRIAL.RECORDING.DISPLAY_BLANK (BEGIN) 
2371541.189 DISPLAY_BLANK BLOCK.TRIAL.RECORDING.DISPLAY_BLANK
2371541.752 ADD_TO_RESULTS_FILE BLOCK.TRIAL.RECORDING.ADD_TO_RESULTS_FILE
2371626.112 SetValueAction 
2371626.147 SetValueAction 
2371626.175 SetValueAction 
2371626.202 SetValueAction 
2371626.228 SetValueAction 
2371626.254 SetValueAction 
2371626.623 CHECK_NEW_BLOCK BLOCK.TRIAL.CHECK_NEW_BLOCK_TRUE
2371626.992 RESET_VARS BLOCK.TRIAL.RESET_VARS
2372033.850 PREPARE_SEQUENCE BLOCK.TRIAL.PREPARE_SEQUENCE
2373424.696 DRIFT_CORRECT BLOCK.TRIAL.DRIFT_CORRECT
2373548.916 DISPLAY_TEXT BLOCK.TRIAL.RECORDING.DISPLAY_TEXT (BEGIN) 
2373561.661 DISPLAY_TEXT BLOCK.TRIAL.RECORDING.DISPLAY_TEXT
2389393.611 KEYBOARD_TEXT BLOCK.TRIAL.RECORDING.KEYBOARD_TEXT
2389394.183 SET_SENTENCE_RT BLOCK.TRIAL.RECORDING.SET_SENTENCE_RT
2389394.301 CHECK_QUESTION BLOCK.TRIAL.RECORDING.CHECK_QUESTION_TRUE
2389396.251 DISPLAY_BLANK BLOCK.TRIAL.RECORDING.DISPLAY_BLANK (BEGIN) 
2389402.493 DISPLAY_BLANK BLOCK.TRIAL.RECORDING.DISPLAY_BLANK
2389403.155 ADD_TO_RESULTS_FILE BLOCK.TRIAL.RECORDING.ADD_TO_RESULTS_FILE
2389490.096 SetValueAction 
2389490.131 SetValueAction 
2389490.159 SetValueAction 
2389490.186 SetValueAction 
2389490.212 SetValueAction 
2389490.237 SetValueAction 
2389490.554 CHECK_NEW_BLOCK BLOCK.TRIAL.CHECK_NEW_BLOCK_TRUE
2389490.804 RESET_VARS BLOCK.TRIAL.RESET_VARS
2389863.018 PREPARE_SEQUENCE BLOCK.TRIAL.PREPARE_SEQUENCE
2391180.334 DRIFT_CORRECT BLOCK.TRIAL.DRIFT_CORRECT
2391297.206 DISPLAY_TEXT BLOCK.TRIAL.RECORDING.DISPLAY_TEXT (BEGIN) 
2391313.274 DISPLAY_TEXT BLOCK.TRIAL.RECORDING.DISPLAY_TEXT
2410340.956 KEYBOARD_TEXT BLOCK.TRIAL.RECORDING.KEYBOARD_TEXT
2410341.600 SET_SENTENCE_RT BLOCK.TRIAL.RECORDING.SET_SENTENCE_RT
2410341.701 CHECK_QUESTION BLOCK.TRIAL.RECORDING.CHECK_QUESTION_TRUE
2410343.890 DISPLAY_BLANK BLOCK.TRIAL.RECORDING.DISPLAY_BLANK (BEGIN) 
2410346.260 DISPLAY_BLANK BLOCK.TRIAL.RECORDING.DISPLAY_BLANK
2410346.858 ADD_TO_RESULTS_FILE BLOCK.TRIAL.RECORDING.ADD_TO_RESULTS_FILE
2410431.100 SetValueAction 
2410431.133 SetValueAction 
2410431.160 SetValueAction 
2410431.186 SetValueAction 
2410431.211 SetValueAction 
2410431.236 SetValueAction 
2410431.634 CHECK_NEW_BLOCK BLOCK.TRIAL.CHECK_NEW_BLOCK_TRUE
2410431.945 RESET_VARS BLOCK.TRIAL.RESET_VARS
2410849.304 PREPARE_SEQUENCE BLOCK.TRIAL.PREPARE_SEQUENCE
2411924.465 DRIFT_CORRECT BLOCK.TRIAL.DRIFT_CORRECT
2412047.645 DISPLAY_TEXT BLOCK.TRIAL.RECORDING.DISPLAY_TEXT (BEGIN) 
2412062.971 DISPLAY_TEXT BLOCK.TRIAL.RECORDING.DISPLAY_TEXT
2426398.980 KEYBOARD_TEXT BLOCK.TRIAL.RECORDING.KEYBOARD_TEXT
2426399.487 SET_SENTENCE_RT BLOCK.TRIAL.RECORDING.SET_SENTENCE_RT
2426399.614 CHECK_QUESTION BLOCK.TRIAL.RECORDING.CHECK_QUESTION_FALSE
2426402.563 DISPLAY_QUESTION BLOCK.TRIAL.RECORDING.DISPLAY_QUESTION (BEGIN) 
2426410.551 DISPLAY_QUESTION BLOCK.TRIAL.RECORDING.DISPLAY_QUESTION
2432543.268 TRACKER_TIME 32 4198567.322
2432543.372 KEYBOARD_QUESTION BLOCK.TRIAL.RECORDING.KEYBOARD_QUESTION
2432543.677 CHECK_RESPONSE_BUTTON BLOCK.TRIAL.RECORDING.CHECK_RESPONSE_BUTTON_TRUE
2432544.278 SET_VARS_CORRECT BLOCK.TRIAL.RECORDING.SET_VARS_CORRECT
2432546.184 DISPLAY_BLANK BLOCK.TRIAL.RECORDING.DISPLAY_BLANK (BEGIN) 
2432556.836 DISPLAY_BLANK BLOCK.TRIAL.RECORDING.DISPLAY_BLANK
2432557.447 ADD_TO_RESULTS_FILE BLOCK.TRIAL.RECORDING.ADD_TO_RESULTS_FILE
2432642.142 SetValueAction 
2432642.175 SetValueAction 
2432642.202 SetValueAction 
2432642.227 SetValueAction 
2432642.252 SetValueAction 
2432642.277 SetValueAction 
2432642.681 CHECK_NEW_BLOCK BLOCK.TRIAL.CHECK_NEW_BLOCK_TRUE
2432643.087 RESET_VARS BLOCK.TRIAL.RESET_VARS
2433081.263 PREPARE_SEQUENCE BLOCK.TRIAL.PREPARE_SEQUENCE
2434369.407 DRIFT_CORRECT BLOCK.TRIAL.DRIFT_CORRECT
2434484.895 DISPLAY_TEXT BLOCK.TRIAL.RECORDING.DISPLAY_TEXT (BEGIN) 
2434496.088 DISPLAY_TEXT BLOCK.TRIAL.RECORDING.DISPLAY_TEXT
2450912.030 KEYBOARD_TEXT BLOCK.TRIAL.RECORDING.KEYBOARD_TEXT
2450912.535 SET_SENTENCE_RT BLOCK.TRIAL.RECORDING.SET_SENTENCE_RT
2450912.677 CHECK_QUESTION BLOCK.TRIAL.RECORDING.CHECK_QUESTION_TRUE
2450914.549 DISPLAY_BLANK BLOCK.TRIAL.RECORDING.DISPLAY_BLANK (BEGIN) 
2450917.883 DISPLAY_BLANK BLOCK.TRIAL.RECORDING.DISPLAY_BLANK
2450918.490 ADD_TO_RESULTS_FILE BLOCK.TRIAL.RECORDING.ADD_TO_RESULTS_FILE
2451004.100 SetValueAction 
2451004.134 SetValueAction 
2451004.163 SetValueAction 
2451004.189 SetValueAction 
2451004.216 SetValueAction 
2451004.243 SetValueAction 
2451004.565 CHECK_NEW_BLOCK BLOCK.TRIAL.CHECK_NEW_BLOCK_TRUE
2451004.870 RESET_VARS BLOCK.TRIAL.RESET_VARS
2451400.377 PREPARE_SEQUENCE BLOCK.TRIAL.PREPARE_SEQUENCE
2453393.564 DRIFT_CORRECT BLOCK.TRIAL.DRIFT_CORRECT
2453507.651 DISPLAY_TEXT BLOCK.TRIAL.RECORDING.DISPLAY_TEXT (BEGIN) 
2453546.094 DISPLAY_TEXT BLOCK.TRIAL.RECORDING.DISPLAY_TEXT
2482157.354 KEYBOARD_TEXT BLOCK.TRIAL.RECORDING.KEYBOARD_TEXT
2482157.916 SET_SENTENCE_RT BLOCK.TRIAL.RECORDING.SET_SENTENCE_RT
2482157.997 CHECK_QUESTION BLOCK.TRIAL.RECORDING.CHECK_QUESTION_TRUE
2482159.781 DISPLAY_BLANK BLOCK.TRIAL.RECORDING.DISPLAY_BLANK (BEGIN) 
2482176.064 DISPLAY_BLANK BLOCK.TRIAL.RECORDING.DISPLAY_BLANK
2482176.579 ADD_TO_RESULTS_FILE BLOCK.TRIAL.RECORDING.ADD_TO_RESULTS_FILE
2482263.100 SetValueAction 
2482263.133 SetValueAction 
2482263.161 SetValueAction 
2482263.186 SetValueAction 
2482263.211 SetValueAction 
2482263.238 SetValueAction 
2482263.662 CHECK_NEW_BLOCK BLOCK.TRIAL.CHECK_NEW_BLOCK_TRUE
2482263.971 RESET_VARS BLOCK.TRIAL.RESET_VARS
2482684.360 PREPARE_SEQUENCE BLOCK.TRIAL.PREPARE_SEQUENCE
2483945.916 DRIFT_CORRECT BLOCK.TRIAL.DRIFT_CORRECT
2484060.188 DISPLAY_TEXT BLOCK.TRIAL.RECORDING.DISPLAY_TEXT (BEGIN) 
2484078.559 DISPLAY_TEXT BLOCK.TRIAL.RECORDING.DISPLAY_TEXT
2508270.733 TRACKER_TIME 33 4274293.096
2508270.861 KEYBOARD_TEXT BLOCK.TRIAL.RECORDING.KEYBOARD_TEXT
2508271.281 SET_SENTENCE_RT BLOCK.TRIAL.RECORDING.SET_SENTENCE_RT
2508271.346 CHECK_QUESTION BLOCK.TRIAL.RECORDING.CHECK_QUESTION_TRUE
2508273.318 DISPLAY_BLANK BLOCK.TRIAL.RECORDING.DISPLAY_BLANK (BEGIN) 
2508284.973 DISPLAY_BLANK BLOCK.TRIAL.RECORDING.DISPLAY_BLANK
2508285.617 ADD_TO_RESULTS_FILE BLOCK.TRIAL.RECORDING.ADD_TO_RESULTS_FILE
2508370.113 SetValueAction 
2508370.163 SetValueAction 
2508370.197 SetValueAction 
2508370.242 SetValueAction 
2508370.269 SetValueAction 
2508370.310 SetValueAction 
2508370.726 CHECK_NEW_BLOCK BLOCK.TRIAL.CHECK_NEW_BLOCK_TRUE
2508371.086 RESET_VARS BLOCK.TRIAL.RESET_VARS
2508764.571 PREPARE_SEQUENCE BLOCK.TRIAL.PREPARE_SEQUENCE
2510524.018 DRIFT_CORRECT BLOCK.TRIAL.DRIFT_CORRECT
2510638.959 DISPLAY_TEXT BLOCK.TRIAL.RECORDING.DISPLAY_TEXT (BEGIN) 
2510650.970 DISPLAY_TEXT BLOCK.TRIAL.RECORDING.DISPLAY_TEXT
2523198.822 KEYBOARD_TEXT BLOCK.TRIAL.RECORDING.KEYBOARD_TEXT
2523199.503 SET_SENTENCE_RT BLOCK.TRIAL.RECORDING.SET_SENTENCE_RT
2523199.569 CHECK_QUESTION BLOCK.TRIAL.RECORDING.CHECK_QUESTION_TRUE
2523201.383 DISPLAY_BLANK BLOCK.TRIAL.RECORDING.DISPLAY_BLANK (BEGIN) 
2523214.031 DISPLAY_BLANK BLOCK.TRIAL.RECORDING.DISPLAY_BLANK
2523214.588 ADD_TO_RESULTS_FILE BLOCK.TRIAL.RECORDING.ADD_TO_RESULTS_FILE
2523301.115 SetValueAction 
2523301.148 SetValueAction 
2523301.176 SetValueAction 
2523301.201 SetValueAction 
2523301.226 SetValueAction 
2523301.250 SetValueAction 
2523301.682 CHECK_NEW_BLOCK BLOCK.TRIAL.CHECK_NEW_BLOCK_TRUE
2523302.090 RESET_VARS BLOCK.TRIAL.RESET_VARS
2523692.576 PREPARE_SEQUENCE BLOCK.TRIAL.PREPARE_SEQUENCE
2527199.079 DRIFT_CORRECT BLOCK.TRIAL.DRIFT_CORRECT
2527318.900 DISPLAY_TEXT BLOCK.TRIAL.RECORDING.DISPLAY_TEXT (BEGIN) 
2527337.543 DISPLAY_TEXT BLOCK.TRIAL.RECORDING.DISPLAY_TEXT
2555914.887 KEYBOARD_TEXT BLOCK.TRIAL.RECORDING.KEYBOARD_TEXT
2555915.442 SET_SENTENCE_RT BLOCK.TRIAL.RECORDING.SET_SENTENCE_RT
2555915.509 CHECK_QUESTION BLOCK.TRIAL.RECORDING.CHECK_QUESTION_TRUE
2555917.284 DISPLAY_BLANK BLOCK.TRIAL.RECORDING.DISPLAY_BLANK (BEGIN) 
2555920.836 DISPLAY_BLANK BLOCK.TRIAL.RECORDING.DISPLAY_BLANK
2555921.435 ADD_TO_RESULTS_FILE BLOCK.TRIAL.RECORDING.ADD_TO_RESULTS_FILE
2556006.098 SetValueAction 
2556006.131 SetValueAction 
2556006.158 SetValueAction 
2556006.184 SetValueAction 
2556006.209 SetValueAction 
2556006.234 SetValueAction 
2556006.647 CHECK_NEW_BLOCK BLOCK.TRIAL.CHECK_NEW_BLOCK_TRUE
2556006.950 RESET_VARS BLOCK.TRIAL.RESET_VARS
2556420.351 PREPARE_SEQUENCE BLOCK.TRIAL.PREPARE_SEQUENCE
2557456.460 DRIFT_CORRECT BLOCK.TRIAL.DRIFT_CORRECT
2557570.527 DISPLAY_TEXT BLOCK.TRIAL.RECORDING.DISPLAY_TEXT (BEGIN) 
2557587.575 DISPLAY_TEXT BLOCK.TRIAL.RECORDING.DISPLAY_TEXT
2572663.863 TRACKER_TIME 34 4338684.865
2572663.994 KEYBOARD_TEXT BLOCK.TRIAL.RECORDING.KEYBOARD_TEXT
2572664.643 SET_SENTENCE_RT BLOCK.TRIAL.RECORDING.SET_SENTENCE_RT
2572664.790 CHECK_QUESTION BLOCK.TRIAL.RECORDING.CHECK_QUESTION_TRUE
2572666.734 DISPLAY_BLANK BLOCK.TRIAL.RECORDING.DISPLAY_BLANK (BEGIN) 
2572683.196 DISPLAY_BLANK BLOCK.TRIAL.RECORDING.DISPLAY_BLANK
2572683.707 ADD_TO_RESULTS_FILE BLOCK.TRIAL.RECORDING.ADD_TO_RESULTS_FILE
2572770.098 SetValueAction 
2572770.131 SetValueAction 
2572770.158 SetValueAction 
2572770.184 SetValueAction 
2572770.208 SetValueAction 
2572770.234 SetValueAction 
2572770.648 CHECK_NEW_BLOCK BLOCK.TRIAL.CHECK_NEW_BLOCK_TRUE
2572770.997 RESET_VARS BLOCK.TRIAL.RESET_VARS
2573143.080 PREPARE_SEQUENCE BLOCK.TRIAL.PREPARE_SEQUENCE
2575979.255 DRIFT_CORRECT BLOCK.TRIAL.DRIFT_CORRECT
2576093.742 DISPLAY_TEXT BLOCK.TRIAL.RECORDING.DISPLAY_TEXT (BEGIN) 
2576105.774 DISPLAY_TEXT BLOCK.TRIAL.RECORDING.DISPLAY_TEXT
2593322.370 KEYBOARD_TEXT BLOCK.TRIAL.RECORDING.KEYBOARD_TEXT
2593323.035 SET_SENTENCE_RT BLOCK.TRIAL.RECORDING.SET_SENTENCE_RT
2593323.129 CHECK_QUESTION BLOCK.TRIAL.RECORDING.CHECK_QUESTION_TRUE
2593328.633 DISPLAY_BLANK BLOCK.TRIAL.RECORDING.DISPLAY_BLANK (BEGIN) 
2593343.847 DISPLAY_BLANK BLOCK.TRIAL.RECORDING.DISPLAY_BLANK
2593344.406 ADD_TO_RESULTS_FILE BLOCK.TRIAL.RECORDING.ADD_TO_RESULTS_FILE
2593429.098 SetValueAction 
2593429.131 SetValueAction 
2593429.158 SetValueAction 
2593429.184 SetValueAction 
2593429.210 SetValueAction 
2593429.234 SetValueAction 
2593429.871 CHECK_NEW_BLOCK BLOCK.TRIAL.CHECK_NEW_BLOCK_TRUE
2593430.177 RESET_VARS BLOCK.TRIAL.RESET_VARS
2593829.578 PREPARE_SEQUENCE BLOCK.TRIAL.PREPARE_SEQUENCE
2595439.377 DRIFT_CORRECT BLOCK.TRIAL.DRIFT_CORRECT
2595553.778 DISPLAY_TEXT BLOCK.TRIAL.RECORDING.DISPLAY_TEXT (BEGIN) 
2595567.256 DISPLAY_TEXT BLOCK.TRIAL.RECORDING.DISPLAY_TEXT
2623896.017 KEYBOARD_TEXT BLOCK.TRIAL.RECORDING.KEYBOARD_TEXT
2623896.642 SET_SENTENCE_RT BLOCK.TRIAL.RECORDING.SET_SENTENCE_RT
2623896.807 CHECK_QUESTION BLOCK.TRIAL.RECORDING.CHECK_QUESTION_TRUE
2623898.843 DISPLAY_BLANK BLOCK.TRIAL.RECORDING.DISPLAY_BLANK (BEGIN) 
2623901.100 DISPLAY_BLANK BLOCK.TRIAL.RECORDING.DISPLAY_BLANK
2623901.762 ADD_TO_RESULTS_FILE BLOCK.TRIAL.RECORDING.ADD_TO_RESULTS_FILE
2623988.098 SetValueAction 
2623988.131 SetValueAction 
2623988.158 SetValueAction 
2623988.183 SetValueAction 
2623988.209 SetValueAction 
2623988.234 SetValueAction 
2623988.711 CHECK_NEW_BLOCK BLOCK.TRIAL.CHECK_NEW_BLOCK_TRUE
2623989.082 RESET_VARS BLOCK.TRIAL.RESET_VARS
2624358.261 PREPARE_SEQUENCE BLOCK.TRIAL.PREPARE_SEQUENCE
2625443.073 DRIFT_CORRECT BLOCK.TRIAL.DRIFT_CORRECT
2625557.962 DISPLAY_TEXT BLOCK.TRIAL.RECORDING.DISPLAY_TEXT (BEGIN) 
2625567.581 DISPLAY_TEXT BLOCK.TRIAL.RECORDING.DISPLAY_TEXT
2627616.908 KEYBOARD_TEXT BLOCK.TRIAL.RECORDING.KEYBOARD_TEXT
2627617.502 SET_SENTENCE_RT BLOCK.TRIAL.RECORDING.SET_SENTENCE_RT
2627617.688 CHECK_QUESTION BLOCK.TRIAL.RECORDING.CHECK_QUESTION_TRUE
2627619.644 DISPLAY_BLANK BLOCK.TRIAL.RECORDING.DISPLAY_BLANK (BEGIN) 
2627633.876 DISPLAY_BLANK BLOCK.TRIAL.RECORDING.DISPLAY_BLANK
2627634.431 ADD_TO_RESULTS_FILE BLOCK.TRIAL.RECORDING.ADD_TO_RESULTS_FILE
2627720.097 SetValueAction 
2627720.130 SetValueAction 
2627720.158 SetValueAction 
2627720.183 SetValueAction 
2627720.208 SetValueAction 
2627720.237 SetValueAction 
2627720.663 CHECK_NEW_BLOCK BLOCK.TRIAL.CHECK_NEW_BLOCK_TRUE
2627721.012 RESET_VARS BLOCK.TRIAL.RESET_VARS
2628097.528 PREPARE_SEQUENCE BLOCK.TRIAL.PREPARE_SEQUENCE
2629329.185 DRIFT_CORRECT BLOCK.TRIAL.DRIFT_CORRECT
2629451.018 DISPLAY_TEXT BLOCK.TRIAL.RECORDING.DISPLAY_TEXT (BEGIN) 
2629466.725 DISPLAY_TEXT BLOCK.TRIAL.RECORDING.DISPLAY_TEXT
2631476.914 KEYBOARD_TEXT BLOCK.TRIAL.RECORDING.KEYBOARD_TEXT
2631477.472 SET_SENTENCE_RT BLOCK.TRIAL.RECORDING.SET_SENTENCE_RT
2631477.665 CHECK_QUESTION BLOCK.TRIAL.RECORDING.CHECK_QUESTION_TRUE
2631479.517 DISPLAY_BLANK BLOCK.TRIAL.RECORDING.DISPLAY_BLANK (BEGIN) 
2631482.259 DISPLAY_BLANK BLOCK.TRIAL.RECORDING.DISPLAY_BLANK
2631482.863 ADD_TO_RESULTS_FILE BLOCK.TRIAL.RECORDING.ADD_TO_RESULTS_FILE
2631569.097 SetValueAction 
2631569.130 SetValueAction 
2631569.194 SetValueAction 
2631569.220 SetValueAction 
2631569.245 SetValueAction 
2631569.270 SetValueAction 
2631569.696 CHECK_NEW_BLOCK BLOCK.TRIAL.CHECK_NEW_BLOCK_TRUE
2631569.976 RESET_VARS BLOCK.TRIAL.RESET_VARS
2631932.429 PREPARE_SEQUENCE BLOCK.TRIAL.PREPARE_SEQUENCE
2633019.857 TRACKER_TIME 35 4399039.131
2633020.019 DRIFT_CORRECT BLOCK.TRIAL.DRIFT_CORRECT
2633134.112 DISPLAY_TEXT BLOCK.TRIAL.RECORDING.DISPLAY_TEXT (BEGIN) 
2633155.784 DISPLAY_TEXT BLOCK.TRIAL.RECORDING.DISPLAY_TEXT
2659511.233 KEYBOARD_TEXT BLOCK.TRIAL.RECORDING.KEYBOARD_TEXT
2659511.932 SET_SENTENCE_RT BLOCK.TRIAL.RECORDING.SET_SENTENCE_RT
2659512.043 CHECK_QUESTION BLOCK.TRIAL.RECORDING.CHECK_QUESTION_TRUE
2659513.933 DISPLAY_BLANK BLOCK.TRIAL.RECORDING.DISPLAY_BLANK (BEGIN) 
2659524.466 DISPLAY_BLANK BLOCK.TRIAL.RECORDING.DISPLAY_BLANK
2659525.218 ADD_TO_RESULTS_FILE BLOCK.TRIAL.RECORDING.ADD_TO_RESULTS_FILE
2659610.097 SetValueAction 
2659610.129 SetValueAction 
2659610.157 SetValueAction 
2659610.182 SetValueAction 
2659610.208 SetValueAction 
2659610.232 SetValueAction 
2659610.664 CHECK_NEW_BLOCK BLOCK.TRIAL.CHECK_NEW_BLOCK_TRUE
2659611.013 RESET_VARS BLOCK.TRIAL.RESET_VARS
2659989.022 PREPARE_SEQUENCE BLOCK.TRIAL.PREPARE_SEQUENCE
2660980.281 DRIFT_CORRECT BLOCK.TRIAL.DRIFT_CORRECT
2661099.915 DISPLAY_TEXT BLOCK.TRIAL.RECORDING.DISPLAY_TEXT (BEGIN) 
2661121.973 DISPLAY_TEXT BLOCK.TRIAL.RECORDING.DISPLAY_TEXT
2690340.005 KEYBOARD_TEXT BLOCK.TRIAL.RECORDING.KEYBOARD_TEXT
2690340.701 SET_SENTENCE_RT BLOCK.TRIAL.RECORDING.SET_SENTENCE_RT
2690340.801 CHECK_QUESTION BLOCK.TRIAL.RECORDING.CHECK_QUESTION_TRUE
2690342.650 DISPLAY_BLANK BLOCK.TRIAL.RECORDING.DISPLAY_BLANK (BEGIN) 
2690348.786 DISPLAY_BLANK BLOCK.TRIAL.RECORDING.DISPLAY_BLANK
2690349.588 ADD_TO_RESULTS_FILE BLOCK.TRIAL.RECORDING.ADD_TO_RESULTS_FILE
2690435.178 SetValueAction 
2690435.262 SetValueAction 
2690435.342 SetValueAction 
2690435.440 SetValueAction 
2690435.511 SetValueAction 
2690435.565 SetValueAction 
2690436.298 CHECK_NEW_BLOCK BLOCK.TRIAL.CHECK_NEW_BLOCK_TRUE
2690437.017 RESET_VARS BLOCK.TRIAL.RESET_VARS
2690889.491 PREPARE_SEQUENCE BLOCK.TRIAL.PREPARE_SEQUENCE
2691797.012 DRIFT_CORRECT BLOCK.TRIAL.DRIFT_CORRECT
2691911.167 DISPLAY_TEXT BLOCK.TRIAL.RECORDING.DISPLAY_TEXT (BEGIN) 
2691928.172 DISPLAY_TEXT BLOCK.TRIAL.RECORDING.DISPLAY_TEXT
2720517.119 TRACKER_TIME 36 4486534.828
2720517.277 KEYBOARD_TEXT BLOCK.TRIAL.RECORDING.KEYBOARD_TEXT
2720517.758 SET_SENTENCE_RT BLOCK.TRIAL.RECORDING.SET_SENTENCE_RT
2720517.839 CHECK_QUESTION BLOCK.TRIAL.RECORDING.CHECK_QUESTION_TRUE
2720519.835 DISPLAY_BLANK BLOCK.TRIAL.RECORDING.DISPLAY_BLANK (BEGIN) 
2720523.169 DISPLAY_BLANK BLOCK.TRIAL.RECORDING.DISPLAY_BLANK
2720523.783 ADD_TO_RESULTS_FILE BLOCK.TRIAL.RECORDING.ADD_TO_RESULTS_FILE
2720610.095 SetValueAction 
2720610.128 SetValueAction 
2720610.155 SetValueAction 
2720610.180 SetValueAction 
2720610.206 SetValueAction 
2720610.230 SetValueAction 
2720610.633 CHECK_NEW_BLOCK BLOCK.TRIAL.CHECK_NEW_BLOCK_TRUE
2720610.931 RESET_VARS BLOCK.TRIAL.RESET_VARS
2720995.273 PREPARE_SEQUENCE BLOCK.TRIAL.PREPARE_SEQUENCE
2724741.816 DRIFT_CORRECT BLOCK.TRIAL.DRIFT_CORRECT
2724857.074 DISPLAY_TEXT BLOCK.TRIAL.RECORDING.DISPLAY_TEXT (BEGIN) 
2724874.797 DISPLAY_TEXT BLOCK.TRIAL.RECORDING.DISPLAY_TEXT
2754535.259 KEYBOARD_TEXT BLOCK.TRIAL.RECORDING.KEYBOARD_TEXT
2754535.794 SET_SENTENCE_RT BLOCK.TRIAL.RECORDING.SET_SENTENCE_RT
2754535.878 CHECK_QUESTION BLOCK.TRIAL.RECORDING.CHECK_QUESTION_TRUE
2754537.907 DISPLAY_BLANK BLOCK.TRIAL.RECORDING.DISPLAY_BLANK (BEGIN) 
2754546.892 DISPLAY_BLANK BLOCK.TRIAL.RECORDING.DISPLAY_BLANK
2754547.480 ADD_TO_RESULTS_FILE BLOCK.TRIAL.RECORDING.ADD_TO_RESULTS_FILE
2754634.094 SetValueAction 
2754634.127 SetValueAction 
2754634.154 SetValueAction 
2754634.179 SetValueAction 
2754634.204 SetValueAction 
2754634.228 SetValueAction 
2754634.621 CHECK_NEW_BLOCK BLOCK.TRIAL.CHECK_NEW_BLOCK_TRUE
2754634.920 RESET_VARS BLOCK.TRIAL.RESET_VARS
2755045.791 PREPARE_SEQUENCE BLOCK.TRIAL.PREPARE_SEQUENCE
2756121.176 DRIFT_CORRECT BLOCK.TRIAL.DRIFT_CORRECT
2756237.038 DISPLAY_TEXT BLOCK.TRIAL.RECORDING.DISPLAY_TEXT (BEGIN) 
2756260.208 DISPLAY_TEXT BLOCK.TRIAL.RECORDING.DISPLAY_TEXT
2771948.871 KEYBOARD_TEXT BLOCK.TRIAL.RECORDING.KEYBOARD_TEXT
2771949.418 SET_SENTENCE_RT BLOCK.TRIAL.RECORDING.SET_SENTENCE_RT
2771949.561 CHECK_QUESTION BLOCK.TRIAL.RECORDING.CHECK_QUESTION_FALSE
2771952.235 DISPLAY_QUESTION BLOCK.TRIAL.RECORDING.DISPLAY_QUESTION (BEGIN) 
2771958.419 DISPLAY_QUESTION BLOCK.TRIAL.RECORDING.DISPLAY_QUESTION
2778053.123 KEYBOARD_QUESTION BLOCK.TRIAL.RECORDING.KEYBOARD_QUESTION
2778053.433 CHECK_RESPONSE_BUTTON BLOCK.TRIAL.RECORDING.CHECK_RESPONSE_BUTTON_TRUE
2778054.038 SET_VARS_CORRECT BLOCK.TRIAL.RECORDING.SET_VARS_CORRECT
2778058.632 DISPLAY_BLANK BLOCK.TRIAL.RECORDING.DISPLAY_BLANK (BEGIN) 
2778073.665 DISPLAY_BLANK BLOCK.TRIAL.RECORDING.DISPLAY_BLANK
2778074.220 ADD_TO_RESULTS_FILE BLOCK.TRIAL.RECORDING.ADD_TO_RESULTS_FILE
2778159.096 SetValueAction 
2778159.129 SetValueAction 
2778159.155 SetValueAction 
2778159.180 SetValueAction 
2778159.205 SetValueAction 
2778159.230 SetValueAction 
2778159.655 CHECK_NEW_BLOCK BLOCK.TRIAL.CHECK_NEW_BLOCK_TRUE
2778159.998 RESET_VARS BLOCK.TRIAL.RESET_VARS
2778558.846 PREPARE_SEQUENCE BLOCK.TRIAL.PREPARE_SEQUENCE
2779758.144 DRIFT_CORRECT BLOCK.TRIAL.DRIFT_CORRECT
2779872.880 DISPLAY_TEXT BLOCK.TRIAL.RECORDING.DISPLAY_TEXT (BEGIN) 
2779889.879 DISPLAY_TEXT BLOCK.TRIAL.RECORDING.DISPLAY_TEXT
2805792.741 TRACKER_TIME 37 4571808.609
2805792.845 KEYBOARD_TEXT BLOCK.TRIAL.RECORDING.KEYBOARD_TEXT
2805793.435 SET_SENTENCE_RT BLOCK.TRIAL.RECORDING.SET_SENTENCE_RT
2805793.535 CHECK_QUESTION BLOCK.TRIAL.RECORDING.CHECK_QUESTION_TRUE
2805795.462 DISPLAY_BLANK BLOCK.TRIAL.RECORDING.DISPLAY_BLANK (BEGIN) 
2805798.516 DISPLAY_BLANK BLOCK.TRIAL.RECORDING.DISPLAY_BLANK
2805799.207 ADD_TO_RESULTS_FILE BLOCK.TRIAL.RECORDING.ADD_TO_RESULTS_FILE
2805887.141 SetValueAction 
2805887.193 SetValueAction 
2805887.238 SetValueAction 
2805887.280 SetValueAction 
2805887.322 SetValueAction 
2805887.360 SetValueAction 
2805887.817 CHECK_NEW_BLOCK BLOCK.TRIAL.CHECK_NEW_BLOCK_TRUE
2805888.194 RESET_VARS BLOCK.TRIAL.RESET_VARS
2806565.507 PREPARE_SEQUENCE BLOCK.TRIAL.PREPARE_SEQUENCE
2807986.159 DRIFT_CORRECT BLOCK.TRIAL.DRIFT_CORRECT
2808099.700 DISPLAY_TEXT BLOCK.TRIAL.RECORDING.DISPLAY_TEXT (BEGIN) 
2808117.025 DISPLAY_TEXT BLOCK.TRIAL.RECORDING.DISPLAY_TEXT
2829632.469 KEYBOARD_TEXT BLOCK.TRIAL.RECORDING.KEYBOARD_TEXT
2829632.950 SET_SENTENCE_RT BLOCK.TRIAL.RECORDING.SET_SENTENCE_RT
2829633.047 CHECK_QUESTION BLOCK.TRIAL.RECORDING.CHECK_QUESTION_TRUE
2829634.612 DISPLAY_BLANK BLOCK.TRIAL.RECORDING.DISPLAY_BLANK (BEGIN) 
2829641.778 DISPLAY_BLANK BLOCK.TRIAL.RECORDING.DISPLAY_BLANK
2829642.364 ADD_TO_RESULTS_FILE BLOCK.TRIAL.RECORDING.ADD_TO_RESULTS_FILE
2829727.176 SetValueAction 
2829727.229 SetValueAction 
2829727.274 SetValueAction 
2829727.317 SetValueAction 
2829727.360 SetValueAction 
2829727.403 SetValueAction 
2829727.852 CHECK_NEW_BLOCK BLOCK.TRIAL.CHECK_NEW_BLOCK_TRUE
2829728.252 RESET_VARS BLOCK.TRIAL.RESET_VARS
2830125.759 PREPARE_SEQUENCE BLOCK.TRIAL.PREPARE_SEQUENCE
2830887.659 DRIFT_CORRECT BLOCK.TRIAL.DRIFT_CORRECT
2831001.776 DISPLAY_TEXT BLOCK.TRIAL.RECORDING.DISPLAY_TEXT (BEGIN) 
2831029.615 DISPLAY_TEXT BLOCK.TRIAL.RECORDING.DISPLAY_TEXT
2859121.444 KEYBOARD_TEXT BLOCK.TRIAL.RECORDING.KEYBOARD_TEXT
2859122.139 SET_SENTENCE_RT BLOCK.TRIAL.RECORDING.SET_SENTENCE_RT
2859122.226 CHECK_QUESTION BLOCK.TRIAL.RECORDING.CHECK_QUESTION_TRUE
2859124.081 DISPLAY_BLANK BLOCK.TRIAL.RECORDING.DISPLAY_BLANK (BEGIN) 
2859133.315 DISPLAY_BLANK BLOCK.TRIAL.RECORDING.DISPLAY_BLANK
2859134.007 ADD_TO_RESULTS_FILE BLOCK.TRIAL.RECORDING.ADD_TO_RESULTS_FILE
2859221.135 SetValueAction 
2859221.166 SetValueAction 
2859221.194 SetValueAction 
2859221.219 SetValueAction 
2859221.244 SetValueAction 
2859221.269 SetValueAction 
2859221.726 CHECK_NEW_BLOCK BLOCK.TRIAL.CHECK_NEW_BLOCK_TRUE
2859222.127 RESET_VARS BLOCK.TRIAL.RESET_VARS
2859609.975 PREPARE_SEQUENCE BLOCK.TRIAL.PREPARE_SEQUENCE
2860480.069 DRIFT_CORRECT BLOCK.TRIAL.DRIFT_CORRECT
2860595.110 DISPLAY_TEXT BLOCK.TRIAL.RECORDING.DISPLAY_TEXT (BEGIN) 
2860617.503 DISPLAY_TEXT BLOCK.TRIAL.RECORDING.DISPLAY_TEXT
2887742.293 TRACKER_TIME 38 4653756.365
2887742.464 KEYBOARD_TEXT BLOCK.TRIAL.RECORDING.KEYBOARD_TEXT
2887743.024 SET_SENTENCE_RT BLOCK.TRIAL.RECORDING.SET_SENTENCE_RT
2887743.126 CHECK_QUESTION BLOCK.TRIAL.RECORDING.CHECK_QUESTION_TRUE
2887744.950 DISPLAY_BLANK BLOCK.TRIAL.RECORDING.DISPLAY_BLANK (BEGIN) 
2887758.559 DISPLAY_BLANK BLOCK.TRIAL.RECORDING.DISPLAY_BLANK
2887759.191 ADD_TO_RESULTS_FILE BLOCK.TRIAL.RECORDING.ADD_TO_RESULTS_FILE
2887844.096 SetValueAction 
2887844.129 SetValueAction 
2887844.156 SetValueAction 
2887844.182 SetValueAction 
2887844.207 SetValueAction 
2887844.233 SetValueAction 
2887844.660 CHECK_NEW_BLOCK BLOCK.TRIAL.CHECK_NEW_BLOCK_TRUE
2887844.951 RESET_VARS BLOCK.TRIAL.RESET_VARS
2888254.872 PREPARE_SEQUENCE BLOCK.TRIAL.PREPARE_SEQUENCE
2889117.341 DRIFT_CORRECT BLOCK.TRIAL.DRIFT_CORRECT
2889233.012 DISPLAY_TEXT BLOCK.TRIAL.RECORDING.DISPLAY_TEXT (BEGIN) 
2889249.117 DISPLAY_TEXT BLOCK.TRIAL.RECORDING.DISPLAY_TEXT
2915246.740 KEYBOARD_TEXT BLOCK.TRIAL.RECORDING.KEYBOARD_TEXT
2915247.253 SET_SENTENCE_RT BLOCK.TRIAL.RECORDING.SET_SENTENCE_RT
2915247.324 CHECK_QUESTION BLOCK.TRIAL.RECORDING.CHECK_QUESTION_TRUE
2915251.631 DISPLAY_BLANK BLOCK.TRIAL.RECORDING.DISPLAY_BLANK (BEGIN) 
2915267.326 DISPLAY_BLANK BLOCK.TRIAL.RECORDING.DISPLAY_BLANK
2915267.876 ADD_TO_RESULTS_FILE BLOCK.TRIAL.RECORDING.ADD_TO_RESULTS_FILE
2915352.103 SetValueAction 
2915352.135 SetValueAction 
2915352.162 SetValueAction 
2915352.188 SetValueAction 
2915352.213 SetValueAction 
2915352.237 SetValueAction 
2915352.653 CHECK_NEW_BLOCK BLOCK.TRIAL.CHECK_NEW_BLOCK_TRUE
2915352.949 RESET_VARS BLOCK.TRIAL.RESET_VARS
2915724.575 PREPARE_SEQUENCE BLOCK.TRIAL.PREPARE_SEQUENCE
2918332.044 DRIFT_CORRECT BLOCK.TRIAL.DRIFT_CORRECT
2918446.856 DISPLAY_TEXT BLOCK.TRIAL.RECORDING.DISPLAY_TEXT (BEGIN) 
2918466.053 DISPLAY_TEXT BLOCK.TRIAL.RECORDING.DISPLAY_TEXT
2942600.330 KEYBOARD_TEXT BLOCK.TRIAL.RECORDING.KEYBOARD_TEXT
2942601.131 SET_SENTENCE_RT BLOCK.TRIAL.RECORDING.SET_SENTENCE_RT
2942601.265 CHECK_QUESTION BLOCK.TRIAL.RECORDING.CHECK_QUESTION_TRUE
2942603.039 DISPLAY_BLANK BLOCK.TRIAL.RECORDING.DISPLAY_BLANK (BEGIN) 
2942609.068 DISPLAY_BLANK BLOCK.TRIAL.RECORDING.DISPLAY_BLANK
2942609.705 ADD_TO_RESULTS_FILE BLOCK.TRIAL.RECORDING.ADD_TO_RESULTS_FILE
2942696.156 SetValueAction 
2942696.211 SetValueAction 
2942696.256 SetValueAction 
2942696.298 SetValueAction 
2942696.341 SetValueAction 
2942696.382 SetValueAction 
2942696.960 CHECK_NEW_BLOCK BLOCK.TRIAL.CHECK_NEW_BLOCK_TRUE
2942697.327 RESET_VARS BLOCK.TRIAL.RESET_VARS
2943170.540 PREPARE_SEQUENCE BLOCK.TRIAL.PREPARE_SEQUENCE
2944084.255 DRIFT_CORRECT BLOCK.TRIAL.DRIFT_CORRECT
2944197.749 DISPLAY_TEXT BLOCK.TRIAL.RECORDING.DISPLAY_TEXT (BEGIN) 
2944216.940 DISPLAY_TEXT BLOCK.TRIAL.RECORDING.DISPLAY_TEXT
2978610.691 TRACKER_TIME 39 4744622.767
2978610.860 KEYBOARD_TEXT BLOCK.TRIAL.RECORDING.KEYBOARD_TEXT
2978611.431 SET_SENTENCE_RT BLOCK.TRIAL.RECORDING.SET_SENTENCE_RT
2978611.597 CHECK_QUESTION BLOCK.TRIAL.RECORDING.CHECK_QUESTION_FALSE
2978616.631 DISPLAY_QUESTION BLOCK.TRIAL.RECORDING.DISPLAY_QUESTION (BEGIN) 
2978632.322 DISPLAY_QUESTION BLOCK.TRIAL.RECORDING.DISPLAY_QUESTION
2981545.468 KEYBOARD_QUESTION BLOCK.TRIAL.RECORDING.KEYBOARD_QUESTION
2981545.885 CHECK_RESPONSE_BUTTON BLOCK.TRIAL.RECORDING.CHECK_RESPONSE_BUTTON_FALSE
2981546.522 SET_VARS_INCORRECT BLOCK.TRIAL.RECORDING.SET_VARS_INCORRECT
2981548.203 DISPLAY_BLANK BLOCK.TRIAL.RECORDING.DISPLAY_BLANK (BEGIN) 
2981564.853 DISPLAY_BLANK BLOCK.TRIAL.RECORDING.DISPLAY_BLANK
2981565.433 ADD_TO_RESULTS_FILE BLOCK.TRIAL.RECORDING.ADD_TO_RESULTS_FILE
2981652.149 SetValueAction 
2981652.184 SetValueAction 
2981652.214 SetValueAction 
2981652.240 SetValueAction 
2981652.267 SetValueAction 
2981652.293 SetValueAction 
2981652.656 CHECK_NEW_BLOCK BLOCK.TRIAL.CHECK_NEW_BLOCK_TRUE
2981652.997 RESET_VARS BLOCK.TRIAL.RESET_VARS
2982177.937 PREPARE_SEQUENCE BLOCK.TRIAL.PREPARE_SEQUENCE
2983537.009 DRIFT_CORRECT BLOCK.TRIAL.DRIFT_CORRECT
2983650.973 DISPLAY_TEXT BLOCK.TRIAL.RECORDING.DISPLAY_TEXT (BEGIN) 
2983675.556 DISPLAY_TEXT BLOCK.TRIAL.RECORDING.DISPLAY_TEXT
3016064.256 KEYBOARD_TEXT BLOCK.TRIAL.RECORDING.KEYBOARD_TEXT
3016064.869 SET_SENTENCE_RT BLOCK.TRIAL.RECORDING.SET_SENTENCE_RT
3016064.961 CHECK_QUESTION BLOCK.TRIAL.RECORDING.CHECK_QUESTION_TRUE
3016066.686 DISPLAY_BLANK BLOCK.TRIAL.RECORDING.DISPLAY_BLANK (BEGIN) 
3016071.005 DISPLAY_BLANK BLOCK.TRIAL.RECORDING.DISPLAY_BLANK
3016071.605 ADD_TO_RESULTS_FILE BLOCK.TRIAL.RECORDING.ADD_TO_RESULTS_FILE
3016156.102 SetValueAction 
3016156.134 SetValueAction 
3016156.162 SetValueAction 
3016156.188 SetValueAction 
3016156.217 SetValueAction 
3016156.242 SetValueAction 
3016156.754 CHECK_NEW_BLOCK BLOCK.TRIAL.CHECK_NEW_BLOCK_FALSE
3016159.165 NEW_COUNTERBALANCE_BREAK BLOCK.TRIAL.NEW_COUNTERBALANCE_BREAK (BEGIN) 
3016171.377 NEW_COUNTERBALANCE_BREAK BLOCK.TRIAL.NEW_COUNTERBALANCE_BREAK
3033845.814 KEYBOARD[1] BLOCK.TRIAL.KEYBOARD[1]
el_logger: Quit logger.
******** END OF THE LOG FILE ********
