16644.614 ********************************************************
16647.792 ** Session beginning Thursday March 24, 2022 03:56:26 AM **
16647.808 ** ExperimentBuilder Project : P29 **
16647.816 ** ExperimentBuilder Version : 2.3.38 **
16647.823 ** ExperimentBuilder Build   : Jul 30 2020 **
16647.830 ********************************************************
16647.841 TRACKER_TIME 0 351718.548
17101.159 SETUP_INSTRUCTIONS SETUP_INSTRUCTIONS (BEGIN) 
17119.333 SETUP_INSTRUCTIONS SETUP_INSTRUCTIONS
137119.450 TRACKER_TIME 1 472188.238
137119.584 TIMER TIMER
600539.842 TRACKER_TIME 2 935599.269
600539.888 EL_CAMERA_SETUP EL_CAMERA_SETUP
600575.649 EXPERIMENTAL__FIRST_BLOCK_INSTRUCTIONS BLOCK.EXPERIMENTAL__FIRST_BLOCK_INSTRUCTIONS (BEGIN) 
600582.677 EXPERIMENTAL__FIRST_BLOCK_INSTRUCTIONS BLOCK.EXPERIMENTAL__FIRST_BLOCK_INSTRUCTIONS
646658.616 KEYBOARD BLOCK.KEYBOARD
646658.789 SetValueAction 
646658.817 SetValueAction 
646658.846 SetValueAction 
646658.871 SetValueAction 
646658.897 SetValueAction 
646658.922 SetValueAction 
646659.255 CHECK_NEW_BLOCK BLOCK.TRIAL.CHECK_NEW_BLOCK_TRUE
646659.575 RESET_VARS BLOCK.TRIAL.RESET_VARS
647067.215 PREPARE_SEQUENCE BLOCK.TRIAL.PREPARE_SEQUENCE
651493.148 DRIFT_CORRECT BLOCK.TRIAL.DRIFT_CORRECT
651607.852 DISPLAY_TEXT BLOCK.TRIAL.RECORDING.DISPLAY_TEXT (BEGIN) 
651617.925 DISPLAY_TEXT BLOCK.TRIAL.RECORDING.DISPLAY_TEXT
658546.748 KEYBOARD_TEXT BLOCK.TRIAL.RECORDING.KEYBOARD_TEXT
658547.395 SET_SENTENCE_RT BLOCK.TRIAL.RECORDING.SET_SENTENCE_RT
658547.499 CHECK_QUESTION BLOCK.TRIAL.RECORDING.CHECK_QUESTION_TRUE
658549.470 DISPLAY_BLANK BLOCK.TRIAL.RECORDING.DISPLAY_BLANK (BEGIN) 
658566.082 DISPLAY_BLANK BLOCK.TRIAL.RECORDING.DISPLAY_BLANK
658566.567 ADD_TO_RESULTS_FILE BLOCK.TRIAL.RECORDING.ADD_TO_RESULTS_FILE
658652.093 SetValueAction 
658652.125 SetValueAction 
658652.153 SetValueAction 
658652.178 SetValueAction 
658652.202 SetValueAction 
658652.227 SetValueAction 
658652.661 CHECK_NEW_BLOCK BLOCK.TRIAL.CHECK_NEW_BLOCK_TRUE
658653.053 RESET_VARS BLOCK.TRIAL.RESET_VARS
659057.772 PREPARE_SEQUENCE BLOCK.TRIAL.PREPARE_SEQUENCE
659969.446 DRIFT_CORRECT BLOCK.TRIAL.DRIFT_CORRECT
660086.017 DISPLAY_TEXT BLOCK.TRIAL.RECORDING.DISPLAY_TEXT (BEGIN) 
660098.874 DISPLAY_TEXT BLOCK.TRIAL.RECORDING.DISPLAY_TEXT
661537.150 TRACKER_TIME 3 996595.290
661537.247 KEYBOARD_TEXT BLOCK.TRIAL.RECORDING.KEYBOARD_TEXT
661537.793 SET_SENTENCE_RT BLOCK.TRIAL.RECORDING.SET_SENTENCE_RT
661537.865 CHECK_QUESTION BLOCK.TRIAL.RECORDING.CHECK_QUESTION_TRUE
661539.655 DISPLAY_BLANK BLOCK.TRIAL.RECORDING.DISPLAY_BLANK (BEGIN) 
661548.311 DISPLAY_BLANK BLOCK.TRIAL.RECORDING.DISPLAY_BLANK
661548.890 ADD_TO_RESULTS_FILE BLOCK.TRIAL.RECORDING.ADD_TO_RESULTS_FILE
661635.094 SetValueAction 
661635.127 SetValueAction 
661635.154 SetValueAction 
661635.179 SetValueAction 
661635.205 SetValueAction 
661635.230 SetValueAction 
661635.674 CHECK_NEW_BLOCK BLOCK.TRIAL.CHECK_NEW_BLOCK_TRUE
661636.052 RESET_VARS BLOCK.TRIAL.RESET_VARS
662053.620 PREPARE_SEQUENCE BLOCK.TRIAL.PREPARE_SEQUENCE
665295.852 DRIFT_CORRECT BLOCK.TRIAL.DRIFT_CORRECT
665415.631 DISPLAY_TEXT BLOCK.TRIAL.RECORDING.DISPLAY_TEXT (BEGIN) 
665430.717 DISPLAY_TEXT BLOCK.TRIAL.RECORDING.DISPLAY_TEXT
688716.884 KEYBOARD_TEXT BLOCK.TRIAL.RECORDING.KEYBOARD_TEXT
688717.633 SET_SENTENCE_RT BLOCK.TRIAL.RECORDING.SET_SENTENCE_RT
688717.771 CHECK_QUESTION BLOCK.TRIAL.RECORDING.CHECK_QUESTION_TRUE
688719.640 DISPLAY_BLANK BLOCK.TRIAL.RECORDING.DISPLAY_BLANK (BEGIN) 
688723.584 DISPLAY_BLANK BLOCK.TRIAL.RECORDING.DISPLAY_BLANK
688724.142 ADD_TO_RESULTS_FILE BLOCK.TRIAL.RECORDING.ADD_TO_RESULTS_FILE
688809.112 SetValueAction 
688809.162 SetValueAction 
688809.189 SetValueAction 
688809.215 SetValueAction 
688809.240 SetValueAction 
688809.265 SetValueAction 
688809.635 CHECK_NEW_BLOCK BLOCK.TRIAL.CHECK_NEW_BLOCK_TRUE
688809.951 RESET_VARS BLOCK.TRIAL.RESET_VARS
689214.390 PREPARE_SEQUENCE BLOCK.TRIAL.PREPARE_SEQUENCE
691855.033 DRIFT_CORRECT BLOCK.TRIAL.DRIFT_CORRECT
691972.875 DISPLAY_TEXT BLOCK.TRIAL.RECORDING.DISPLAY_TEXT (BEGIN) 
691989.708 DISPLAY_TEXT BLOCK.TRIAL.RECORDING.DISPLAY_TEXT
715944.361 KEYBOARD_TEXT BLOCK.TRIAL.RECORDING.KEYBOARD_TEXT
715944.938 SET_SENTENCE_RT BLOCK.TRIAL.RECORDING.SET_SENTENCE_RT
715945.012 CHECK_QUESTION BLOCK.TRIAL.RECORDING.CHECK_QUESTION_TRUE
715946.780 DISPLAY_BLANK BLOCK.TRIAL.RECORDING.DISPLAY_BLANK (BEGIN) 
715948.982 DISPLAY_BLANK BLOCK.TRIAL.RECORDING.DISPLAY_BLANK
715949.549 ADD_TO_RESULTS_FILE BLOCK.TRIAL.RECORDING.ADD_TO_RESULTS_FILE
716036.152 SetValueAction 
716036.187 SetValueAction 
716036.216 SetValueAction 
716036.241 SetValueAction 
716036.271 SetValueAction 
716036.297 SetValueAction 
716036.687 CHECK_NEW_BLOCK BLOCK.TRIAL.CHECK_NEW_BLOCK_TRUE
716037.083 RESET_VARS BLOCK.TRIAL.RESET_VARS
716482.916 PREPARE_SEQUENCE BLOCK.TRIAL.PREPARE_SEQUENCE
717510.271 DRIFT_CORRECT BLOCK.TRIAL.DRIFT_CORRECT
717633.630 DISPLAY_TEXT BLOCK.TRIAL.RECORDING.DISPLAY_TEXT (BEGIN) 
717654.319 DISPLAY_TEXT BLOCK.TRIAL.RECORDING.DISPLAY_TEXT
771969.624 TRACKER_TIME 4 1107025.508
771969.729 KEYBOARD_TEXT BLOCK.TRIAL.RECORDING.KEYBOARD_TEXT
771970.417 SET_SENTENCE_RT BLOCK.TRIAL.RECORDING.SET_SENTENCE_RT
771970.565 CHECK_QUESTION BLOCK.TRIAL.RECORDING.CHECK_QUESTION_FALSE
771973.460 DISPLAY_QUESTION BLOCK.TRIAL.RECORDING.DISPLAY_QUESTION (BEGIN) 
771982.888 DISPLAY_QUESTION BLOCK.TRIAL.RECORDING.DISPLAY_QUESTION
793237.103 KEYBOARD_QUESTION BLOCK.TRIAL.RECORDING.KEYBOARD_QUESTION
793237.361 CHECK_RESPONSE_BUTTON BLOCK.TRIAL.RECORDING.CHECK_RESPONSE_BUTTON_TRUE
793237.973 SET_VARS_CORRECT BLOCK.TRIAL.RECORDING.SET_VARS_CORRECT
793239.794 DISPLAY_BLANK BLOCK.TRIAL.RECORDING.DISPLAY_BLANK (BEGIN) 
793243.185 DISPLAY_BLANK BLOCK.TRIAL.RECORDING.DISPLAY_BLANK
793243.737 ADD_TO_RESULTS_FILE BLOCK.TRIAL.RECORDING.ADD_TO_RESULTS_FILE
793328.095 SetValueAction 
793328.127 SetValueAction 
793328.155 SetValueAction 
793328.180 SetValueAction 
793328.205 SetValueAction 
793328.229 SetValueAction 
793328.881 CHECK_NEW_BLOCK BLOCK.TRIAL.CHECK_NEW_BLOCK_TRUE
793329.378 RESET_VARS BLOCK.TRIAL.RESET_VARS
793744.795 PREPARE_SEQUENCE BLOCK.TRIAL.PREPARE_SEQUENCE
795509.291 DRIFT_CORRECT BLOCK.TRIAL.DRIFT_CORRECT
795623.722 DISPLAY_TEXT BLOCK.TRIAL.RECORDING.DISPLAY_TEXT (BEGIN) 
795642.890 DISPLAY_TEXT BLOCK.TRIAL.RECORDING.DISPLAY_TEXT
815217.441 KEYBOARD_TEXT BLOCK.TRIAL.RECORDING.KEYBOARD_TEXT
815218.022 SET_SENTENCE_RT BLOCK.TRIAL.RECORDING.SET_SENTENCE_RT
815218.129 CHECK_QUESTION BLOCK.TRIAL.RECORDING.CHECK_QUESTION_TRUE
815221.641 DISPLAY_BLANK BLOCK.TRIAL.RECORDING.DISPLAY_BLANK (BEGIN) 
815237.171 DISPLAY_BLANK BLOCK.TRIAL.RECORDING.DISPLAY_BLANK
815237.706 ADD_TO_RESULTS_FILE BLOCK.TRIAL.RECORDING.ADD_TO_RESULTS_FILE
815324.092 SetValueAction 
815324.124 SetValueAction 
815324.152 SetValueAction 
815324.177 SetValueAction 
815324.202 SetValueAction 
815324.228 SetValueAction 
815324.628 CHECK_NEW_BLOCK BLOCK.TRIAL.CHECK_NEW_BLOCK_TRUE
815324.983 RESET_VARS BLOCK.TRIAL.RESET_VARS
815714.412 PREPARE_SEQUENCE BLOCK.TRIAL.PREPARE_SEQUENCE
816837.932 DRIFT_CORRECT BLOCK.TRIAL.DRIFT_CORRECT
816957.713 DISPLAY_TEXT BLOCK.TRIAL.RECORDING.DISPLAY_TEXT (BEGIN) 
816971.608 DISPLAY_TEXT BLOCK.TRIAL.RECORDING.DISPLAY_TEXT
847606.564 TRACKER_TIME 5 1182660.853
847606.695 KEYBOARD_TEXT BLOCK.TRIAL.RECORDING.KEYBOARD_TEXT
847607.375 SET_SENTENCE_RT BLOCK.TRIAL.RECORDING.SET_SENTENCE_RT
847607.471 CHECK_QUESTION BLOCK.TRIAL.RECORDING.CHECK_QUESTION_TRUE
847612.633 DISPLAY_BLANK BLOCK.TRIAL.RECORDING.DISPLAY_BLANK (BEGIN) 
847627.726 DISPLAY_BLANK BLOCK.TRIAL.RECORDING.DISPLAY_BLANK
847628.219 ADD_TO_RESULTS_FILE BLOCK.TRIAL.RECORDING.ADD_TO_RESULTS_FILE
847713.094 SetValueAction 
847713.126 SetValueAction 
847713.153 SetValueAction 
847713.178 SetValueAction 
847713.203 SetValueAction 
847713.229 SetValueAction 
847713.638 CHECK_NEW_BLOCK BLOCK.TRIAL.CHECK_NEW_BLOCK_TRUE
847714.028 RESET_VARS BLOCK.TRIAL.RESET_VARS
848117.741 PREPARE_SEQUENCE BLOCK.TRIAL.PREPARE_SEQUENCE
850494.496 DRIFT_CORRECT BLOCK.TRIAL.DRIFT_CORRECT
850611.635 DISPLAY_TEXT BLOCK.TRIAL.RECORDING.DISPLAY_TEXT (BEGIN) 
850626.856 DISPLAY_TEXT BLOCK.TRIAL.RECORDING.DISPLAY_TEXT
883448.510 KEYBOARD_TEXT BLOCK.TRIAL.RECORDING.KEYBOARD_TEXT
883449.146 SET_SENTENCE_RT BLOCK.TRIAL.RECORDING.SET_SENTENCE_RT
883449.419 CHECK_QUESTION BLOCK.TRIAL.RECORDING.CHECK_QUESTION_FALSE
883452.264 DISPLAY_QUESTION BLOCK.TRIAL.RECORDING.DISPLAY_QUESTION (BEGIN) 
883467.299 DISPLAY_QUESTION BLOCK.TRIAL.RECORDING.DISPLAY_QUESTION
888640.530 KEYBOARD_QUESTION BLOCK.TRIAL.RECORDING.KEYBOARD_QUESTION
888640.802 CHECK_RESPONSE_BUTTON BLOCK.TRIAL.RECORDING.CHECK_RESPONSE_BUTTON_TRUE
888641.341 SET_VARS_CORRECT BLOCK.TRIAL.RECORDING.SET_VARS_CORRECT
888643.017 DISPLAY_BLANK BLOCK.TRIAL.RECORDING.DISPLAY_BLANK (BEGIN) 
888648.832 DISPLAY_BLANK BLOCK.TRIAL.RECORDING.DISPLAY_BLANK
888649.504 ADD_TO_RESULTS_FILE BLOCK.TRIAL.RECORDING.ADD_TO_RESULTS_FILE
888734.106 SetValueAction 
888734.153 SetValueAction 
888734.180 SetValueAction 
888734.223 SetValueAction 
888734.266 SetValueAction 
888734.292 SetValueAction 
888734.741 CHECK_NEW_BLOCK BLOCK.TRIAL.CHECK_NEW_BLOCK_TRUE
888735.112 RESET_VARS BLOCK.TRIAL.RESET_VARS
889141.593 PREPARE_SEQUENCE BLOCK.TRIAL.PREPARE_SEQUENCE
890414.672 DRIFT_CORRECT BLOCK.TRIAL.DRIFT_CORRECT
890532.986 DISPLAY_TEXT BLOCK.TRIAL.RECORDING.DISPLAY_TEXT (BEGIN) 
890548.580 DISPLAY_TEXT BLOCK.TRIAL.RECORDING.DISPLAY_TEXT
910166.047 TRACKER_TIME 6 1245219.046
910166.164 KEYBOARD_TEXT BLOCK.TRIAL.RECORDING.KEYBOARD_TEXT
910166.877 SET_SENTENCE_RT BLOCK.TRIAL.RECORDING.SET_SENTENCE_RT
910166.954 CHECK_QUESTION BLOCK.TRIAL.RECORDING.CHECK_QUESTION_TRUE
910168.987 DISPLAY_BLANK BLOCK.TRIAL.RECORDING.DISPLAY_BLANK (BEGIN) 
910175.939 DISPLAY_BLANK BLOCK.TRIAL.RECORDING.DISPLAY_BLANK
910176.523 ADD_TO_RESULTS_FILE BLOCK.TRIAL.RECORDING.ADD_TO_RESULTS_FILE
910261.096 SetValueAction 
910261.128 SetValueAction 
910261.155 SetValueAction 
910261.180 SetValueAction 
910261.207 SetValueAction 
910261.232 SetValueAction 
910261.669 CHECK_NEW_BLOCK BLOCK.TRIAL.CHECK_NEW_BLOCK_FALSE
910298.063 NEW_COUNTERBALANCE_BREAK BLOCK.TRIAL.NEW_COUNTERBALANCE_BREAK (BEGIN) 
910309.375 NEW_COUNTERBALANCE_BREAK BLOCK.TRIAL.NEW_COUNTERBALANCE_BREAK
954357.042 KEYBOARD[1] BLOCK.TRIAL.KEYBOARD[1]
975528.043 TRACKER_TIME 7 1310579.721
975528.139 EL_CAMERA_SETUP BLOCK.TRIAL.EL_CAMERA_SETUP
975562.347 EXPERIMENT_CONTINUE BLOCK.TRIAL.EXPERIMENT_CONTINUE (BEGIN) 
975573.745 EXPERIMENT_CONTINUE BLOCK.TRIAL.EXPERIMENT_CONTINUE
979559.730 KEYBOARD BLOCK.TRIAL.KEYBOARD
979560.208 RESET_VARS BLOCK.TRIAL.RESET_VARS
979942.474 PREPARE_SEQUENCE BLOCK.TRIAL.PREPARE_SEQUENCE
983977.228 DRIFT_CORRECT BLOCK.TRIAL.DRIFT_CORRECT
984091.750 DISPLAY_TEXT BLOCK.TRIAL.RECORDING.DISPLAY_TEXT (BEGIN) 
984104.647 DISPLAY_TEXT BLOCK.TRIAL.RECORDING.DISPLAY_TEXT
987568.127 KEYBOARD_TEXT BLOCK.TRIAL.RECORDING.KEYBOARD_TEXT
987568.698 SET_SENTENCE_RT BLOCK.TRIAL.RECORDING.SET_SENTENCE_RT
987568.813 CHECK_QUESTION BLOCK.TRIAL.RECORDING.CHECK_QUESTION_TRUE
987570.598 DISPLAY_BLANK BLOCK.TRIAL.RECORDING.DISPLAY_BLANK (BEGIN) 
987587.070 DISPLAY_BLANK BLOCK.TRIAL.RECORDING.DISPLAY_BLANK
987587.575 ADD_TO_RESULTS_FILE BLOCK.TRIAL.RECORDING.ADD_TO_RESULTS_FILE
987672.108 SetValueAction 
987672.142 SetValueAction 
987672.170 SetValueAction 
987672.196 SetValueAction 
987672.221 SetValueAction 
987672.245 SetValueAction 
987672.631 CHECK_NEW_BLOCK BLOCK.TRIAL.CHECK_NEW_BLOCK_TRUE
987673.000 RESET_VARS BLOCK.TRIAL.RESET_VARS
988092.805 PREPARE_SEQUENCE BLOCK.TRIAL.PREPARE_SEQUENCE
988939.437 DRIFT_CORRECT BLOCK.TRIAL.DRIFT_CORRECT
989059.793 DISPLAY_TEXT BLOCK.TRIAL.RECORDING.DISPLAY_TEXT (BEGIN) 
989075.191 DISPLAY_TEXT BLOCK.TRIAL.RECORDING.DISPLAY_TEXT
1025092.190 KEYBOARD_TEXT BLOCK.TRIAL.RECORDING.KEYBOARD_TEXT
1025092.888 SET_SENTENCE_RT BLOCK.TRIAL.RECORDING.SET_SENTENCE_RT
1025093.049 CHECK_QUESTION BLOCK.TRIAL.RECORDING.CHECK_QUESTION_TRUE
1025095.097 DISPLAY_BLANK BLOCK.TRIAL.RECORDING.DISPLAY_BLANK (BEGIN) 
1025109.434 DISPLAY_BLANK BLOCK.TRIAL.RECORDING.DISPLAY_BLANK
1025109.924 ADD_TO_RESULTS_FILE BLOCK.TRIAL.RECORDING.ADD_TO_RESULTS_FILE
1025194.095 SetValueAction 
1025194.128 SetValueAction 
1025194.154 SetValueAction 
1025194.179 SetValueAction 
1025194.204 SetValueAction 
1025194.230 SetValueAction 
1025194.647 CHECK_NEW_BLOCK BLOCK.TRIAL.CHECK_NEW_BLOCK_TRUE
1025194.943 RESET_VARS BLOCK.TRIAL.RESET_VARS
1025604.031 PREPARE_SEQUENCE BLOCK.TRIAL.PREPARE_SEQUENCE
1027828.228 DRIFT_CORRECT BLOCK.TRIAL.DRIFT_CORRECT
1027943.070 DISPLAY_TEXT BLOCK.TRIAL.RECORDING.DISPLAY_TEXT (BEGIN) 
1027962.463 DISPLAY_TEXT BLOCK.TRIAL.RECORDING.DISPLAY_TEXT
1073113.379 TRACKER_TIME 8 1408163.052
1073113.484 KEYBOARD_TEXT BLOCK.TRIAL.RECORDING.KEYBOARD_TEXT
1073114.195 SET_SENTENCE_RT BLOCK.TRIAL.RECORDING.SET_SENTENCE_RT
1073114.345 CHECK_QUESTION BLOCK.TRIAL.RECORDING.CHECK_QUESTION_TRUE
1073116.294 DISPLAY_BLANK BLOCK.TRIAL.RECORDING.DISPLAY_BLANK (BEGIN) 
1073128.735 DISPLAY_BLANK BLOCK.TRIAL.RECORDING.DISPLAY_BLANK
1073129.250 ADD_TO_RESULTS_FILE BLOCK.TRIAL.RECORDING.ADD_TO_RESULTS_FILE
1073214.093 SetValueAction 
1073214.126 SetValueAction 
1073214.153 SetValueAction 
1073214.178 SetValueAction 
1073214.204 SetValueAction 
1073214.229 SetValueAction 
1073214.672 CHECK_NEW_BLOCK BLOCK.TRIAL.CHECK_NEW_BLOCK_TRUE
1073215.044 RESET_VARS BLOCK.TRIAL.RESET_VARS
1073607.688 PREPARE_SEQUENCE BLOCK.TRIAL.PREPARE_SEQUENCE
1075973.694 DRIFT_CORRECT BLOCK.TRIAL.DRIFT_CORRECT
1076089.773 DISPLAY_TEXT BLOCK.TRIAL.RECORDING.DISPLAY_TEXT (BEGIN) 
1076100.514 DISPLAY_TEXT BLOCK.TRIAL.RECORDING.DISPLAY_TEXT
1100067.602 KEYBOARD_TEXT BLOCK.TRIAL.RECORDING.KEYBOARD_TEXT
1100068.203 SET_SENTENCE_RT BLOCK.TRIAL.RECORDING.SET_SENTENCE_RT
1100068.298 CHECK_QUESTION BLOCK.TRIAL.RECORDING.CHECK_QUESTION_TRUE
1100072.648 DISPLAY_BLANK BLOCK.TRIAL.RECORDING.DISPLAY_BLANK (BEGIN) 
1100087.622 DISPLAY_BLANK BLOCK.TRIAL.RECORDING.DISPLAY_BLANK
1100088.199 ADD_TO_RESULTS_FILE BLOCK.TRIAL.RECORDING.ADD_TO_RESULTS_FILE
1100174.092 SetValueAction 
1100174.124 SetValueAction 
1100174.151 SetValueAction 
1100174.176 SetValueAction 
1100174.202 SetValueAction 
1100174.227 SetValueAction 
1100174.637 CHECK_NEW_BLOCK BLOCK.TRIAL.CHECK_NEW_BLOCK_TRUE
1100175.052 RESET_VARS BLOCK.TRIAL.RESET_VARS
1100570.895 PREPARE_SEQUENCE BLOCK.TRIAL.PREPARE_SEQUENCE
1101438.578 DRIFT_CORRECT BLOCK.TRIAL.DRIFT_CORRECT
1101555.881 DISPLAY_TEXT BLOCK.TRIAL.RECORDING.DISPLAY_TEXT (BEGIN) 
1101571.145 DISPLAY_TEXT BLOCK.TRIAL.RECORDING.DISPLAY_TEXT
1135836.429 TRACKER_TIME 9 1470884.799
1135836.571 KEYBOARD_TEXT BLOCK.TRIAL.RECORDING.KEYBOARD_TEXT
1135837.184 SET_SENTENCE_RT BLOCK.TRIAL.RECORDING.SET_SENTENCE_RT
1135837.350 CHECK_QUESTION BLOCK.TRIAL.RECORDING.CHECK_QUESTION_FALSE
1135840.272 DISPLAY_QUESTION BLOCK.TRIAL.RECORDING.DISPLAY_QUESTION (BEGIN) 
1135844.932 DISPLAY_QUESTION BLOCK.TRIAL.RECORDING.DISPLAY_QUESTION
1141400.946 KEYBOARD_QUESTION BLOCK.TRIAL.RECORDING.KEYBOARD_QUESTION
1141401.175 CHECK_RESPONSE_BUTTON BLOCK.TRIAL.RECORDING.CHECK_RESPONSE_BUTTON_TRUE
1141401.775 SET_VARS_CORRECT BLOCK.TRIAL.RECORDING.SET_VARS_CORRECT
1141403.759 DISPLAY_BLANK BLOCK.TRIAL.RECORDING.DISPLAY_BLANK (BEGIN) 
1141408.616 DISPLAY_BLANK BLOCK.TRIAL.RECORDING.DISPLAY_BLANK
1141409.197 ADD_TO_RESULTS_FILE BLOCK.TRIAL.RECORDING.ADD_TO_RESULTS_FILE
1141495.095 SetValueAction 
1141495.128 SetValueAction 
1141495.156 SetValueAction 
1141495.181 SetValueAction 
1141495.209 SetValueAction 
1141495.234 SetValueAction 
1141495.698 CHECK_NEW_BLOCK BLOCK.TRIAL.CHECK_NEW_BLOCK_TRUE
1141496.117 RESET_VARS BLOCK.TRIAL.RESET_VARS
1141898.544 PREPARE_SEQUENCE BLOCK.TRIAL.PREPARE_SEQUENCE
1144318.387 DRIFT_CORRECT BLOCK.TRIAL.DRIFT_CORRECT
1144441.059 DISPLAY_TEXT BLOCK.TRIAL.RECORDING.DISPLAY_TEXT (BEGIN) 
1144458.099 DISPLAY_TEXT BLOCK.TRIAL.RECORDING.DISPLAY_TEXT
1175828.471 KEYBOARD_TEXT BLOCK.TRIAL.RECORDING.KEYBOARD_TEXT
1175829.061 SET_SENTENCE_RT BLOCK.TRIAL.RECORDING.SET_SENTENCE_RT
1175829.169 CHECK_QUESTION BLOCK.TRIAL.RECORDING.CHECK_QUESTION_TRUE
1175833.632 DISPLAY_BLANK BLOCK.TRIAL.RECORDING.DISPLAY_BLANK (BEGIN) 
1175848.925 DISPLAY_BLANK BLOCK.TRIAL.RECORDING.DISPLAY_BLANK
1175849.490 ADD_TO_RESULTS_FILE BLOCK.TRIAL.RECORDING.ADD_TO_RESULTS_FILE
1175934.097 SetValueAction 
1175934.165 SetValueAction 
1175934.192 SetValueAction 
1175934.217 SetValueAction 
1175934.242 SetValueAction 
1175934.268 SetValueAction 
1175934.736 CHECK_NEW_BLOCK BLOCK.TRIAL.CHECK_NEW_BLOCK_TRUE
1175935.130 RESET_VARS BLOCK.TRIAL.RESET_VARS
1176354.821 PREPARE_SEQUENCE BLOCK.TRIAL.PREPARE_SEQUENCE
1178639.341 DRIFT_CORRECT BLOCK.TRIAL.DRIFT_CORRECT
1178755.808 DISPLAY_TEXT BLOCK.TRIAL.RECORDING.DISPLAY_TEXT (BEGIN) 
1178767.054 DISPLAY_TEXT BLOCK.TRIAL.RECORDING.DISPLAY_TEXT
1206447.270 TRACKER_TIME 10 1541494.206
1206447.383 KEYBOARD_TEXT BLOCK.TRIAL.RECORDING.KEYBOARD_TEXT
1206447.974 SET_SENTENCE_RT BLOCK.TRIAL.RECORDING.SET_SENTENCE_RT
1206448.094 CHECK_QUESTION BLOCK.TRIAL.RECORDING.CHECK_QUESTION_TRUE
1206449.959 DISPLAY_BLANK BLOCK.TRIAL.RECORDING.DISPLAY_BLANK (BEGIN) 
1206456.415 DISPLAY_BLANK BLOCK.TRIAL.RECORDING.DISPLAY_BLANK
1206457.018 ADD_TO_RESULTS_FILE BLOCK.TRIAL.RECORDING.ADD_TO_RESULTS_FILE
1206544.093 SetValueAction 
1206544.125 SetValueAction 
1206544.152 SetValueAction 
1206544.177 SetValueAction 
1206544.203 SetValueAction 
1206544.228 SetValueAction 
1206544.641 CHECK_NEW_BLOCK BLOCK.TRIAL.CHECK_NEW_BLOCK_TRUE
1206544.979 RESET_VARS BLOCK.TRIAL.RESET_VARS
1206939.335 PREPARE_SEQUENCE BLOCK.TRIAL.PREPARE_SEQUENCE
1209447.014 DRIFT_CORRECT BLOCK.TRIAL.DRIFT_CORRECT
1209566.870 DISPLAY_TEXT BLOCK.TRIAL.RECORDING.DISPLAY_TEXT (BEGIN) 
1209593.204 DISPLAY_TEXT BLOCK.TRIAL.RECORDING.DISPLAY_TEXT
1268801.141 TRACKER_TIME 11 1603846.756
1268801.286 KEYBOARD_TEXT BLOCK.TRIAL.RECORDING.KEYBOARD_TEXT
1268801.947 SET_SENTENCE_RT BLOCK.TRIAL.RECORDING.SET_SENTENCE_RT
1268802.094 CHECK_QUESTION BLOCK.TRIAL.RECORDING.CHECK_QUESTION_TRUE
1268806.633 DISPLAY_BLANK BLOCK.TRIAL.RECORDING.DISPLAY_BLANK (BEGIN) 
1268821.883 DISPLAY_BLANK BLOCK.TRIAL.RECORDING.DISPLAY_BLANK
1268822.422 ADD_TO_RESULTS_FILE BLOCK.TRIAL.RECORDING.ADD_TO_RESULTS_FILE
1268907.096 SetValueAction 
1268907.128 SetValueAction 
1268907.156 SetValueAction 
1268907.181 SetValueAction 
1268907.206 SetValueAction 
1268907.231 SetValueAction 
1268907.635 CHECK_NEW_BLOCK BLOCK.TRIAL.CHECK_NEW_BLOCK_TRUE
1268908.037 RESET_VARS BLOCK.TRIAL.RESET_VARS
1269285.848 PREPARE_SEQUENCE BLOCK.TRIAL.PREPARE_SEQUENCE
1270321.936 DRIFT_CORRECT BLOCK.TRIAL.DRIFT_CORRECT
1270439.629 DISPLAY_TEXT BLOCK.TRIAL.RECORDING.DISPLAY_TEXT (BEGIN) 
1270454.735 DISPLAY_TEXT BLOCK.TRIAL.RECORDING.DISPLAY_TEXT
1293620.788 KEYBOARD_TEXT BLOCK.TRIAL.RECORDING.KEYBOARD_TEXT
1293621.387 SET_SENTENCE_RT BLOCK.TRIAL.RECORDING.SET_SENTENCE_RT
1293621.514 CHECK_QUESTION BLOCK.TRIAL.RECORDING.CHECK_QUESTION_TRUE
1293623.514 DISPLAY_BLANK BLOCK.TRIAL.RECORDING.DISPLAY_BLANK (BEGIN) 
1293631.104 DISPLAY_BLANK BLOCK.TRIAL.RECORDING.DISPLAY_BLANK
1293631.690 ADD_TO_RESULTS_FILE BLOCK.TRIAL.RECORDING.ADD_TO_RESULTS_FILE
1293716.130 SetValueAction 
1293716.163 SetValueAction 
1293716.190 SetValueAction 
1293716.216 SetValueAction 
1293716.242 SetValueAction 
1293716.267 SetValueAction 
1293716.712 CHECK_NEW_BLOCK BLOCK.TRIAL.CHECK_NEW_BLOCK_TRUE
1293717.072 RESET_VARS BLOCK.TRIAL.RESET_VARS
1294139.027 PREPARE_SEQUENCE BLOCK.TRIAL.PREPARE_SEQUENCE
1295014.674 DRIFT_CORRECT BLOCK.TRIAL.DRIFT_CORRECT
1295137.898 DISPLAY_TEXT BLOCK.TRIAL.RECORDING.DISPLAY_TEXT (BEGIN) 
1295161.229 DISPLAY_TEXT BLOCK.TRIAL.RECORDING.DISPLAY_TEXT
1341180.045 TRACKER_TIME 12 1676224.189
1341180.185 KEYBOARD_TEXT BLOCK.TRIAL.RECORDING.KEYBOARD_TEXT
1341180.824 SET_SENTENCE_RT BLOCK.TRIAL.RECORDING.SET_SENTENCE_RT
1341180.897 CHECK_QUESTION BLOCK.TRIAL.RECORDING.CHECK_QUESTION_TRUE
1341185.633 DISPLAY_BLANK BLOCK.TRIAL.RECORDING.DISPLAY_BLANK (BEGIN) 
1341200.835 DISPLAY_BLANK BLOCK.TRIAL.RECORDING.DISPLAY_BLANK
1341201.353 ADD_TO_RESULTS_FILE BLOCK.TRIAL.RECORDING.ADD_TO_RESULTS_FILE
1341288.092 SetValueAction 
1341288.125 SetValueAction 
1341288.152 SetValueAction 
1341288.178 SetValueAction 
1341288.203 SetValueAction 
1341288.228 SetValueAction 
1341288.636 CHECK_NEW_BLOCK BLOCK.TRIAL.CHECK_NEW_BLOCK_TRUE
1341288.949 RESET_VARS BLOCK.TRIAL.RESET_VARS
1341685.000 PREPARE_SEQUENCE BLOCK.TRIAL.PREPARE_SEQUENCE
1343538.835 DRIFT_CORRECT BLOCK.TRIAL.DRIFT_CORRECT
1343654.603 DISPLAY_TEXT BLOCK.TRIAL.RECORDING.DISPLAY_TEXT (BEGIN) 
1343666.726 DISPLAY_TEXT BLOCK.TRIAL.RECORDING.DISPLAY_TEXT
1357124.115 KEYBOARD_TEXT BLOCK.TRIAL.RECORDING.KEYBOARD_TEXT
1357124.720 SET_SENTENCE_RT BLOCK.TRIAL.RECORDING.SET_SENTENCE_RT
1357124.870 CHECK_QUESTION BLOCK.TRIAL.RECORDING.CHECK_QUESTION_TRUE
1357126.878 DISPLAY_BLANK BLOCK.TRIAL.RECORDING.DISPLAY_BLANK (BEGIN) 
1357129.164 DISPLAY_BLANK BLOCK.TRIAL.RECORDING.DISPLAY_BLANK
1357129.813 ADD_TO_RESULTS_FILE BLOCK.TRIAL.RECORDING.ADD_TO_RESULTS_FILE
1357216.092 SetValueAction 
1357216.123 SetValueAction 
1357216.151 SetValueAction 
1357216.176 SetValueAction 
1357216.203 SetValueAction 
1357216.228 SetValueAction 
1357216.649 CHECK_NEW_BLOCK BLOCK.TRIAL.CHECK_NEW_BLOCK_TRUE
1357217.022 RESET_VARS BLOCK.TRIAL.RESET_VARS
1357646.819 PREPARE_SEQUENCE BLOCK.TRIAL.PREPARE_SEQUENCE
1359443.947 DRIFT_CORRECT BLOCK.TRIAL.DRIFT_CORRECT
1359557.872 DISPLAY_TEXT BLOCK.TRIAL.RECORDING.DISPLAY_TEXT (BEGIN) 
1359571.098 DISPLAY_TEXT BLOCK.TRIAL.RECORDING.DISPLAY_TEXT
1387669.610 KEYBOARD_TEXT BLOCK.TRIAL.RECORDING.KEYBOARD_TEXT
1387670.349 SET_SENTENCE_RT BLOCK.TRIAL.RECORDING.SET_SENTENCE_RT
1387670.443 CHECK_QUESTION BLOCK.TRIAL.RECORDING.CHECK_QUESTION_TRUE
1387672.498 DISPLAY_BLANK BLOCK.TRIAL.RECORDING.DISPLAY_BLANK (BEGIN) 
1387687.325 DISPLAY_BLANK BLOCK.TRIAL.RECORDING.DISPLAY_BLANK
1387687.855 ADD_TO_RESULTS_FILE BLOCK.TRIAL.RECORDING.ADD_TO_RESULTS_FILE
1387773.109 SetValueAction 
1387773.144 SetValueAction 
1387773.179 SetValueAction 
1387773.205 SetValueAction 
1387773.232 SetValueAction 
1387773.260 SetValueAction 
1387773.645 CHECK_NEW_BLOCK BLOCK.TRIAL.CHECK_NEW_BLOCK_TRUE
1387774.024 RESET_VARS BLOCK.TRIAL.RESET_VARS
1388283.555 PREPARE_SEQUENCE BLOCK.TRIAL.PREPARE_SEQUENCE
1389254.316 DRIFT_CORRECT BLOCK.TRIAL.DRIFT_CORRECT
1389376.594 DISPLAY_TEXT BLOCK.TRIAL.RECORDING.DISPLAY_TEXT (BEGIN) 
1389399.550 DISPLAY_TEXT BLOCK.TRIAL.RECORDING.DISPLAY_TEXT
1421989.388 TRACKER_TIME 13 1757031.833
1421989.506 KEYBOARD_TEXT BLOCK.TRIAL.RECORDING.KEYBOARD_TEXT
1421990.114 SET_SENTENCE_RT BLOCK.TRIAL.RECORDING.SET_SENTENCE_RT
1421990.258 CHECK_QUESTION BLOCK.TRIAL.RECORDING.CHECK_QUESTION_TRUE
1421995.632 DISPLAY_BLANK BLOCK.TRIAL.RECORDING.DISPLAY_BLANK (BEGIN) 
1422010.668 DISPLAY_BLANK BLOCK.TRIAL.RECORDING.DISPLAY_BLANK
1422011.209 ADD_TO_RESULTS_FILE BLOCK.TRIAL.RECORDING.ADD_TO_RESULTS_FILE
1422096.095 SetValueAction 
1422096.127 SetValueAction 
1422096.154 SetValueAction 
1422096.179 SetValueAction 
1422096.204 SetValueAction 
1422096.229 SetValueAction 
1422096.676 CHECK_NEW_BLOCK BLOCK.TRIAL.CHECK_NEW_BLOCK_TRUE
1422097.001 RESET_VARS BLOCK.TRIAL.RESET_VARS
1422528.787 PREPARE_SEQUENCE BLOCK.TRIAL.PREPARE_SEQUENCE
1423454.946 DRIFT_CORRECT BLOCK.TRIAL.DRIFT_CORRECT
1423578.077 DISPLAY_TEXT BLOCK.TRIAL.RECORDING.DISPLAY_TEXT (BEGIN) 
1423593.543 DISPLAY_TEXT BLOCK.TRIAL.RECORDING.DISPLAY_TEXT
1448176.350 KEYBOARD_TEXT BLOCK.TRIAL.RECORDING.KEYBOARD_TEXT
1448177.004 SET_SENTENCE_RT BLOCK.TRIAL.RECORDING.SET_SENTENCE_RT
1448177.100 CHECK_QUESTION BLOCK.TRIAL.RECORDING.CHECK_QUESTION_TRUE
1448178.907 DISPLAY_BLANK BLOCK.TRIAL.RECORDING.DISPLAY_BLANK (BEGIN) 
1448186.162 DISPLAY_BLANK BLOCK.TRIAL.RECORDING.DISPLAY_BLANK
1448186.782 ADD_TO_RESULTS_FILE BLOCK.TRIAL.RECORDING.ADD_TO_RESULTS_FILE
1448272.091 SetValueAction 
1448272.123 SetValueAction 
1448272.150 SetValueAction 
1448272.175 SetValueAction 
1448272.200 SetValueAction 
1448272.226 SetValueAction 
1448272.675 CHECK_NEW_BLOCK BLOCK.TRIAL.CHECK_NEW_BLOCK_TRUE
1448273.028 RESET_VARS BLOCK.TRIAL.RESET_VARS
1448678.487 PREPARE_SEQUENCE BLOCK.TRIAL.PREPARE_SEQUENCE
1451178.989 DRIFT_CORRECT BLOCK.TRIAL.DRIFT_CORRECT
1451303.629 DISPLAY_TEXT BLOCK.TRIAL.RECORDING.DISPLAY_TEXT (BEGIN) 
1451325.051 DISPLAY_TEXT BLOCK.TRIAL.RECORDING.DISPLAY_TEXT
1482100.707 TRACKER_TIME 14 1817141.939
1482100.899 KEYBOARD_TEXT BLOCK.TRIAL.RECORDING.KEYBOARD_TEXT
1482101.688 SET_SENTENCE_RT BLOCK.TRIAL.RECORDING.SET_SENTENCE_RT
1482101.847 CHECK_QUESTION BLOCK.TRIAL.RECORDING.CHECK_QUESTION_FALSE
1482104.593 DISPLAY_QUESTION BLOCK.TRIAL.RECORDING.DISPLAY_QUESTION (BEGIN) 
1482109.938 DISPLAY_QUESTION BLOCK.TRIAL.RECORDING.DISPLAY_QUESTION
1492581.920 KEYBOARD_QUESTION BLOCK.TRIAL.RECORDING.KEYBOARD_QUESTION
1492582.189 CHECK_RESPONSE_BUTTON BLOCK.TRIAL.RECORDING.CHECK_RESPONSE_BUTTON_TRUE
1492582.783 SET_VARS_CORRECT BLOCK.TRIAL.RECORDING.SET_VARS_CORRECT
1492584.481 DISPLAY_BLANK BLOCK.TRIAL.RECORDING.DISPLAY_BLANK (BEGIN) 
1492589.840 DISPLAY_BLANK BLOCK.TRIAL.RECORDING.DISPLAY_BLANK
1492590.662 ADD_TO_RESULTS_FILE BLOCK.TRIAL.RECORDING.ADD_TO_RESULTS_FILE
1492677.093 SetValueAction 
1492677.125 SetValueAction 
1492677.151 SetValueAction 
1492677.177 SetValueAction 
1492677.202 SetValueAction 
1492677.227 SetValueAction 
1492677.628 CHECK_NEW_BLOCK BLOCK.TRIAL.CHECK_NEW_BLOCK_TRUE
1492678.011 RESET_VARS BLOCK.TRIAL.RESET_VARS
1493104.729 PREPARE_SEQUENCE BLOCK.TRIAL.PREPARE_SEQUENCE
1494148.294 DRIFT_CORRECT BLOCK.TRIAL.DRIFT_CORRECT
1494264.853 DISPLAY_TEXT BLOCK.TRIAL.RECORDING.DISPLAY_TEXT (BEGIN) 
1494273.420 DISPLAY_TEXT BLOCK.TRIAL.RECORDING.DISPLAY_TEXT
1509419.483 KEYBOARD_TEXT BLOCK.TRIAL.RECORDING.KEYBOARD_TEXT
1509420.137 SET_SENTENCE_RT BLOCK.TRIAL.RECORDING.SET_SENTENCE_RT
1509420.256 CHECK_QUESTION BLOCK.TRIAL.RECORDING.CHECK_QUESTION_TRUE
1509422.345 DISPLAY_BLANK BLOCK.TRIAL.RECORDING.DISPLAY_BLANK (BEGIN) 
1509435.179 DISPLAY_BLANK BLOCK.TRIAL.RECORDING.DISPLAY_BLANK
1509435.673 ADD_TO_RESULTS_FILE BLOCK.TRIAL.RECORDING.ADD_TO_RESULTS_FILE
1509520.097 SetValueAction 
1509520.129 SetValueAction 
1509520.156 SetValueAction 
1509520.181 SetValueAction 
1509520.207 SetValueAction 
1509520.232 SetValueAction 
1509520.688 CHECK_NEW_BLOCK BLOCK.TRIAL.CHECK_NEW_BLOCK_TRUE
1509521.099 RESET_VARS BLOCK.TRIAL.RESET_VARS
1509923.314 PREPARE_SEQUENCE BLOCK.TRIAL.PREPARE_SEQUENCE
1512005.260 DRIFT_CORRECT BLOCK.TRIAL.DRIFT_CORRECT
1512122.174 DISPLAY_TEXT BLOCK.TRIAL.RECORDING.DISPLAY_TEXT (BEGIN) 
1512137.327 DISPLAY_TEXT BLOCK.TRIAL.RECORDING.DISPLAY_TEXT
1530412.924 KEYBOARD_TEXT BLOCK.TRIAL.RECORDING.KEYBOARD_TEXT
1530413.610 SET_SENTENCE_RT BLOCK.TRIAL.RECORDING.SET_SENTENCE_RT
1530413.782 CHECK_QUESTION BLOCK.TRIAL.RECORDING.CHECK_QUESTION_FALSE
1530416.465 DISPLAY_QUESTION BLOCK.TRIAL.RECORDING.DISPLAY_QUESTION (BEGIN) 
1530429.063 DISPLAY_QUESTION BLOCK.TRIAL.RECORDING.DISPLAY_QUESTION
1545662.181 TRACKER_TIME 15 1880702.064
1545662.332 KEYBOARD_QUESTION BLOCK.TRIAL.RECORDING.KEYBOARD_QUESTION
1545662.655 CHECK_RESPONSE_BUTTON BLOCK.TRIAL.RECORDING.CHECK_RESPONSE_BUTTON_TRUE
1545663.324 SET_VARS_CORRECT BLOCK.TRIAL.RECORDING.SET_VARS_CORRECT
1545665.192 DISPLAY_BLANK BLOCK.TRIAL.RECORDING.DISPLAY_BLANK (BEGIN) 
1545674.541 DISPLAY_BLANK BLOCK.TRIAL.RECORDING.DISPLAY_BLANK
1545675.071 ADD_TO_RESULTS_FILE BLOCK.TRIAL.RECORDING.ADD_TO_RESULTS_FILE
1545762.088 SetValueAction 
1545762.120 SetValueAction 
1545762.147 SetValueAction 
1545762.172 SetValueAction 
1545762.198 SetValueAction 
1545762.222 SetValueAction 
1545762.602 CHECK_NEW_BLOCK BLOCK.TRIAL.CHECK_NEW_BLOCK_TRUE
1545762.946 RESET_VARS BLOCK.TRIAL.RESET_VARS
1546215.114 PREPARE_SEQUENCE BLOCK.TRIAL.PREPARE_SEQUENCE
1547326.169 DRIFT_CORRECT BLOCK.TRIAL.DRIFT_CORRECT
1547441.976 DISPLAY_TEXT BLOCK.TRIAL.RECORDING.DISPLAY_TEXT (BEGIN) 
1547458.359 DISPLAY_TEXT BLOCK.TRIAL.RECORDING.DISPLAY_TEXT
1583333.239 KEYBOARD_TEXT BLOCK.TRIAL.RECORDING.KEYBOARD_TEXT
1583333.860 SET_SENTENCE_RT BLOCK.TRIAL.RECORDING.SET_SENTENCE_RT
1583333.952 CHECK_QUESTION BLOCK.TRIAL.RECORDING.CHECK_QUESTION_TRUE
1583335.942 DISPLAY_BLANK BLOCK.TRIAL.RECORDING.DISPLAY_BLANK (BEGIN) 
1583346.967 DISPLAY_BLANK BLOCK.TRIAL.RECORDING.DISPLAY_BLANK
1583347.511 ADD_TO_RESULTS_FILE BLOCK.TRIAL.RECORDING.ADD_TO_RESULTS_FILE
1583433.090 SetValueAction 
1583433.123 SetValueAction 
1583433.150 SetValueAction 
1583433.175 SetValueAction 
1583433.200 SetValueAction 
1583433.225 SetValueAction 
1583433.612 CHECK_NEW_BLOCK BLOCK.TRIAL.CHECK_NEW_BLOCK_TRUE
1583433.940 RESET_VARS BLOCK.TRIAL.RESET_VARS
1583870.306 PREPARE_SEQUENCE BLOCK.TRIAL.PREPARE_SEQUENCE
1585992.985 DRIFT_CORRECT BLOCK.TRIAL.DRIFT_CORRECT
1586108.997 DISPLAY_TEXT BLOCK.TRIAL.RECORDING.DISPLAY_TEXT (BEGIN) 
1586123.194 DISPLAY_TEXT BLOCK.TRIAL.RECORDING.DISPLAY_TEXT
1613547.574 TRACKER_TIME 16 1948586.040
1613547.688 KEYBOARD_TEXT BLOCK.TRIAL.RECORDING.KEYBOARD_TEXT
1613548.324 SET_SENTENCE_RT BLOCK.TRIAL.RECORDING.SET_SENTENCE_RT
1613548.460 CHECK_QUESTION BLOCK.TRIAL.RECORDING.CHECK_QUESTION_TRUE
1613550.322 DISPLAY_BLANK BLOCK.TRIAL.RECORDING.DISPLAY_BLANK (BEGIN) 
1613554.614 DISPLAY_BLANK BLOCK.TRIAL.RECORDING.DISPLAY_BLANK
1613555.174 ADD_TO_RESULTS_FILE BLOCK.TRIAL.RECORDING.ADD_TO_RESULTS_FILE
1613640.095 SetValueAction 
1613640.128 SetValueAction 
1613640.155 SetValueAction 
1613640.180 SetValueAction 
1613640.240 SetValueAction 
1613640.265 SetValueAction 
1613640.689 CHECK_NEW_BLOCK BLOCK.TRIAL.CHECK_NEW_BLOCK_TRUE
1613641.062 RESET_VARS BLOCK.TRIAL.RESET_VARS
1614019.642 PREPARE_SEQUENCE BLOCK.TRIAL.PREPARE_SEQUENCE
1616156.885 DRIFT_CORRECT BLOCK.TRIAL.DRIFT_CORRECT
1616271.054 DISPLAY_TEXT BLOCK.TRIAL.RECORDING.DISPLAY_TEXT (BEGIN) 
1616287.534 DISPLAY_TEXT BLOCK.TRIAL.RECORDING.DISPLAY_TEXT
1619522.618 KEYBOARD_TEXT BLOCK.TRIAL.RECORDING.KEYBOARD_TEXT
1619523.239 SET_SENTENCE_RT BLOCK.TRIAL.RECORDING.SET_SENTENCE_RT
1619523.327 CHECK_QUESTION BLOCK.TRIAL.RECORDING.CHECK_QUESTION_TRUE
1619525.076 DISPLAY_BLANK BLOCK.TRIAL.RECORDING.DISPLAY_BLANK (BEGIN) 
1619536.449 DISPLAY_BLANK BLOCK.TRIAL.RECORDING.DISPLAY_BLANK
1619536.965 ADD_TO_RESULTS_FILE BLOCK.TRIAL.RECORDING.ADD_TO_RESULTS_FILE
1619621.095 SetValueAction 
1619621.128 SetValueAction 
1619621.155 SetValueAction 
1619621.183 SetValueAction 
1619621.208 SetValueAction 
1619621.234 SetValueAction 
1619621.661 CHECK_NEW_BLOCK BLOCK.TRIAL.CHECK_NEW_BLOCK_TRUE
1619622.004 RESET_VARS BLOCK.TRIAL.RESET_VARS
1620036.634 PREPARE_SEQUENCE BLOCK.TRIAL.PREPARE_SEQUENCE
1620859.040 DRIFT_CORRECT BLOCK.TRIAL.DRIFT_CORRECT
1620977.437 DISPLAY_TEXT BLOCK.TRIAL.RECORDING.DISPLAY_TEXT (BEGIN) 
1620989.897 DISPLAY_TEXT BLOCK.TRIAL.RECORDING.DISPLAY_TEXT
1642009.830 KEYBOARD_TEXT BLOCK.TRIAL.RECORDING.KEYBOARD_TEXT
1642010.446 SET_SENTENCE_RT BLOCK.TRIAL.RECORDING.SET_SENTENCE_RT
1642010.580 CHECK_QUESTION BLOCK.TRIAL.RECORDING.CHECK_QUESTION_TRUE
1642014.633 DISPLAY_BLANK BLOCK.TRIAL.RECORDING.DISPLAY_BLANK (BEGIN) 
1642030.048 DISPLAY_BLANK BLOCK.TRIAL.RECORDING.DISPLAY_BLANK
1642030.534 ADD_TO_RESULTS_FILE BLOCK.TRIAL.RECORDING.ADD_TO_RESULTS_FILE
1642116.090 SetValueAction 
1642116.122 SetValueAction 
1642116.149 SetValueAction 
1642116.175 SetValueAction 
1642116.201 SetValueAction 
1642116.226 SetValueAction 
1642116.595 CHECK_NEW_BLOCK BLOCK.TRIAL.CHECK_NEW_BLOCK_TRUE
1642116.881 RESET_VARS BLOCK.TRIAL.RESET_VARS
1642522.933 PREPARE_SEQUENCE BLOCK.TRIAL.PREPARE_SEQUENCE
1644818.358 DRIFT_CORRECT BLOCK.TRIAL.DRIFT_CORRECT
1644932.976 DISPLAY_TEXT BLOCK.TRIAL.RECORDING.DISPLAY_TEXT (BEGIN) 
1644948.171 DISPLAY_TEXT BLOCK.TRIAL.RECORDING.DISPLAY_TEXT
1671662.594 KEYBOARD_TEXT BLOCK.TRIAL.RECORDING.KEYBOARD_TEXT
1671663.250 SET_SENTENCE_RT BLOCK.TRIAL.RECORDING.SET_SENTENCE_RT
1671663.476 CHECK_QUESTION BLOCK.TRIAL.RECORDING.CHECK_QUESTION_TRUE
1671665.217 DISPLAY_BLANK BLOCK.TRIAL.RECORDING.DISPLAY_BLANK (BEGIN) 
1671671.098 DISPLAY_BLANK BLOCK.TRIAL.RECORDING.DISPLAY_BLANK
1671671.709 ADD_TO_RESULTS_FILE BLOCK.TRIAL.RECORDING.ADD_TO_RESULTS_FILE
1671756.098 SetValueAction 
1671756.130 SetValueAction 
1671756.157 SetValueAction 
1671756.182 SetValueAction 
1671756.208 SetValueAction 
1671756.233 SetValueAction 
1671756.651 CHECK_NEW_BLOCK BLOCK.TRIAL.CHECK_NEW_BLOCK_TRUE
1671757.080 RESET_VARS BLOCK.TRIAL.RESET_VARS
1672152.469 PREPARE_SEQUENCE BLOCK.TRIAL.PREPARE_SEQUENCE
1674261.855 TRACKER_TIME 17 2009298.652
1674261.902 DRIFT_CORRECT BLOCK.TRIAL.DRIFT_CORRECT
1674375.909 DISPLAY_TEXT BLOCK.TRIAL.RECORDING.DISPLAY_TEXT (BEGIN) 
1674387.137 DISPLAY_TEXT BLOCK.TRIAL.RECORDING.DISPLAY_TEXT
1677790.059 KEYBOARD_TEXT BLOCK.TRIAL.RECORDING.KEYBOARD_TEXT
1677790.679 SET_SENTENCE_RT BLOCK.TRIAL.RECORDING.SET_SENTENCE_RT
1677790.804 CHECK_QUESTION BLOCK.TRIAL.RECORDING.CHECK_QUESTION_TRUE
1677792.554 DISPLAY_BLANK BLOCK.TRIAL.RECORDING.DISPLAY_BLANK (BEGIN) 
1677802.816 DISPLAY_BLANK BLOCK.TRIAL.RECORDING.DISPLAY_BLANK
1677803.407 ADD_TO_RESULTS_FILE BLOCK.TRIAL.RECORDING.ADD_TO_RESULTS_FILE
1677889.094 SetValueAction 
1677889.127 SetValueAction 
1677889.154 SetValueAction 
1677889.178 SetValueAction 
1677889.204 SetValueAction 
1677889.228 SetValueAction 
1677889.660 CHECK_NEW_BLOCK BLOCK.TRIAL.CHECK_NEW_BLOCK_TRUE
1677889.992 RESET_VARS BLOCK.TRIAL.RESET_VARS
1678294.917 PREPARE_SEQUENCE BLOCK.TRIAL.PREPARE_SEQUENCE
1679279.311 DRIFT_CORRECT BLOCK.TRIAL.DRIFT_CORRECT
1679395.735 DISPLAY_TEXT BLOCK.TRIAL.RECORDING.DISPLAY_TEXT (BEGIN) 
1679402.188 DISPLAY_TEXT BLOCK.TRIAL.RECORDING.DISPLAY_TEXT
1681702.039 KEYBOARD_TEXT BLOCK.TRIAL.RECORDING.KEYBOARD_TEXT
1681702.738 SET_SENTENCE_RT BLOCK.TRIAL.RECORDING.SET_SENTENCE_RT
1681702.870 CHECK_QUESTION BLOCK.TRIAL.RECORDING.CHECK_QUESTION_TRUE
1681704.841 DISPLAY_BLANK BLOCK.TRIAL.RECORDING.DISPLAY_BLANK (BEGIN) 
1681718.425 DISPLAY_BLANK BLOCK.TRIAL.RECORDING.DISPLAY_BLANK
1681718.952 ADD_TO_RESULTS_FILE BLOCK.TRIAL.RECORDING.ADD_TO_RESULTS_FILE
1681806.090 SetValueAction 
1681806.123 SetValueAction 
1681806.150 SetValueAction 
1681806.175 SetValueAction 
1681806.200 SetValueAction 
1681806.225 SetValueAction 
1681806.647 CHECK_NEW_BLOCK BLOCK.TRIAL.CHECK_NEW_BLOCK_TRUE
1681807.039 RESET_VARS BLOCK.TRIAL.RESET_VARS
1682195.385 PREPARE_SEQUENCE BLOCK.TRIAL.PREPARE_SEQUENCE
1683689.355 DRIFT_CORRECT BLOCK.TRIAL.DRIFT_CORRECT
1683806.740 DISPLAY_TEXT BLOCK.TRIAL.RECORDING.DISPLAY_TEXT (BEGIN) 
1683821.418 DISPLAY_TEXT BLOCK.TRIAL.RECORDING.DISPLAY_TEXT
1704609.969 KEYBOARD_TEXT BLOCK.TRIAL.RECORDING.KEYBOARD_TEXT
1704610.640 SET_SENTENCE_RT BLOCK.TRIAL.RECORDING.SET_SENTENCE_RT
1704610.782 CHECK_QUESTION BLOCK.TRIAL.RECORDING.CHECK_QUESTION_TRUE
1704612.700 DISPLAY_BLANK BLOCK.TRIAL.RECORDING.DISPLAY_BLANK (BEGIN) 
1704628.490 DISPLAY_BLANK BLOCK.TRIAL.RECORDING.DISPLAY_BLANK
1704628.963 ADD_TO_RESULTS_FILE BLOCK.TRIAL.RECORDING.ADD_TO_RESULTS_FILE
1704713.091 SetValueAction 
1704713.158 SetValueAction 
1704713.185 SetValueAction 
1704713.210 SetValueAction 
1704713.235 SetValueAction 
1704713.260 SetValueAction 
1704713.673 CHECK_NEW_BLOCK BLOCK.TRIAL.CHECK_NEW_BLOCK_TRUE
1704714.050 RESET_VARS BLOCK.TRIAL.RESET_VARS
1705142.514 PREPARE_SEQUENCE BLOCK.TRIAL.PREPARE_SEQUENCE
1705933.138 DRIFT_CORRECT BLOCK.TRIAL.DRIFT_CORRECT
1706048.757 DISPLAY_TEXT BLOCK.TRIAL.RECORDING.DISPLAY_TEXT (BEGIN) 
1706063.078 DISPLAY_TEXT BLOCK.TRIAL.RECORDING.DISPLAY_TEXT
1726603.276 KEYBOARD_TEXT BLOCK.TRIAL.RECORDING.KEYBOARD_TEXT
1726603.781 SET_SENTENCE_RT BLOCK.TRIAL.RECORDING.SET_SENTENCE_RT
1726603.868 CHECK_QUESTION BLOCK.TRIAL.RECORDING.CHECK_QUESTION_TRUE
1726605.655 DISPLAY_BLANK BLOCK.TRIAL.RECORDING.DISPLAY_BLANK (BEGIN) 
1726622.147 DISPLAY_BLANK BLOCK.TRIAL.RECORDING.DISPLAY_BLANK
1726622.993 ADD_TO_RESULTS_FILE BLOCK.TRIAL.RECORDING.ADD_TO_RESULTS_FILE
1726709.093 SetValueAction 
1726709.125 SetValueAction 
1726709.152 SetValueAction 
1726709.178 SetValueAction 
1726709.203 SetValueAction 
1726709.228 SetValueAction 
1726709.616 CHECK_NEW_BLOCK BLOCK.TRIAL.CHECK_NEW_BLOCK_TRUE
1726709.981 RESET_VARS BLOCK.TRIAL.RESET_VARS
1727118.085 PREPARE_SEQUENCE BLOCK.TRIAL.PREPARE_SEQUENCE
1728799.800 DRIFT_CORRECT BLOCK.TRIAL.DRIFT_CORRECT
1728922.867 DISPLAY_TEXT BLOCK.TRIAL.RECORDING.DISPLAY_TEXT (BEGIN) 
1728938.085 DISPLAY_TEXT BLOCK.TRIAL.RECORDING.DISPLAY_TEXT
1751679.811 TRACKER_TIME 18 2086715.389
1751679.954 KEYBOARD_TEXT BLOCK.TRIAL.RECORDING.KEYBOARD_TEXT
1751680.574 SET_SENTENCE_RT BLOCK.TRIAL.RECORDING.SET_SENTENCE_RT
1751680.664 CHECK_QUESTION BLOCK.TRIAL.RECORDING.CHECK_QUESTION_TRUE
1751682.754 DISPLAY_BLANK BLOCK.TRIAL.RECORDING.DISPLAY_BLANK (BEGIN) 
1751698.132 DISPLAY_BLANK BLOCK.TRIAL.RECORDING.DISPLAY_BLANK
1751698.655 ADD_TO_RESULTS_FILE BLOCK.TRIAL.RECORDING.ADD_TO_RESULTS_FILE
1751783.112 SetValueAction 
1751783.153 SetValueAction 
1751783.180 SetValueAction 
1751783.205 SetValueAction 
1751783.248 SetValueAction 
1751783.290 SetValueAction 
1751783.663 CHECK_NEW_BLOCK BLOCK.TRIAL.CHECK_NEW_BLOCK_TRUE
1751783.949 RESET_VARS BLOCK.TRIAL.RESET_VARS
1752171.693 PREPARE_SEQUENCE BLOCK.TRIAL.PREPARE_SEQUENCE
1754338.910 DRIFT_CORRECT BLOCK.TRIAL.DRIFT_CORRECT
1754458.818 DISPLAY_TEXT BLOCK.TRIAL.RECORDING.DISPLAY_TEXT (BEGIN) 
1754482.738 DISPLAY_TEXT BLOCK.TRIAL.RECORDING.DISPLAY_TEXT
1803485.798 KEYBOARD_TEXT BLOCK.TRIAL.RECORDING.KEYBOARD_TEXT
1803486.369 SET_SENTENCE_RT BLOCK.TRIAL.RECORDING.SET_SENTENCE_RT
1803486.460 CHECK_QUESTION BLOCK.TRIAL.RECORDING.CHECK_QUESTION_TRUE
1803488.264 DISPLAY_BLANK BLOCK.TRIAL.RECORDING.DISPLAY_BLANK (BEGIN) 
1803499.607 DISPLAY_BLANK BLOCK.TRIAL.RECORDING.DISPLAY_BLANK
1803500.121 ADD_TO_RESULTS_FILE BLOCK.TRIAL.RECORDING.ADD_TO_RESULTS_FILE
1803585.092 SetValueAction 
1803585.124 SetValueAction 
1803585.152 SetValueAction 
1803585.176 SetValueAction 
1803585.201 SetValueAction 
1803585.225 SetValueAction 
1803585.711 CHECK_NEW_BLOCK BLOCK.TRIAL.CHECK_NEW_BLOCK_TRUE
1803586.060 RESET_VARS BLOCK.TRIAL.RESET_VARS
1804002.610 PREPARE_SEQUENCE BLOCK.TRIAL.PREPARE_SEQUENCE
1804958.097 DRIFT_CORRECT BLOCK.TRIAL.DRIFT_CORRECT
1805072.829 DISPLAY_TEXT BLOCK.TRIAL.RECORDING.DISPLAY_TEXT (BEGIN) 
1805089.527 DISPLAY_TEXT BLOCK.TRIAL.RECORDING.DISPLAY_TEXT
1822871.128 TRACKER_TIME 19 2157905.262
1822871.226 KEYBOARD_TEXT BLOCK.TRIAL.RECORDING.KEYBOARD_TEXT
1822871.843 SET_SENTENCE_RT BLOCK.TRIAL.RECORDING.SET_SENTENCE_RT
1822871.980 CHECK_QUESTION BLOCK.TRIAL.RECORDING.CHECK_QUESTION_TRUE
1822873.839 DISPLAY_BLANK BLOCK.TRIAL.RECORDING.DISPLAY_BLANK (BEGIN) 
1822877.044 DISPLAY_BLANK BLOCK.TRIAL.RECORDING.DISPLAY_BLANK
1822877.653 ADD_TO_RESULTS_FILE BLOCK.TRIAL.RECORDING.ADD_TO_RESULTS_FILE
1822962.098 SetValueAction 
1822962.131 SetValueAction 
1822962.157 SetValueAction 
1822962.182 SetValueAction 
1822962.208 SetValueAction 
1822962.233 SetValueAction 
1822962.690 CHECK_NEW_BLOCK BLOCK.TRIAL.CHECK_NEW_BLOCK_TRUE
1822963.041 RESET_VARS BLOCK.TRIAL.RESET_VARS
1823375.269 PREPARE_SEQUENCE BLOCK.TRIAL.PREPARE_SEQUENCE
1825286.814 DRIFT_CORRECT BLOCK.TRIAL.DRIFT_CORRECT
1825402.738 DISPLAY_TEXT BLOCK.TRIAL.RECORDING.DISPLAY_TEXT (BEGIN) 
1825419.117 DISPLAY_TEXT BLOCK.TRIAL.RECORDING.DISPLAY_TEXT
1863517.810 KEYBOARD_TEXT BLOCK.TRIAL.RECORDING.KEYBOARD_TEXT
1863518.421 SET_SENTENCE_RT BLOCK.TRIAL.RECORDING.SET_SENTENCE_RT
1863518.539 CHECK_QUESTION BLOCK.TRIAL.RECORDING.CHECK_QUESTION_TRUE
1863520.493 DISPLAY_BLANK BLOCK.TRIAL.RECORDING.DISPLAY_BLANK (BEGIN) 
1863532.166 DISPLAY_BLANK BLOCK.TRIAL.RECORDING.DISPLAY_BLANK
1863532.681 ADD_TO_RESULTS_FILE BLOCK.TRIAL.RECORDING.ADD_TO_RESULTS_FILE
1863617.096 SetValueAction 
1863617.128 SetValueAction 
1863617.155 SetValueAction 
1863617.181 SetValueAction 
1863617.208 SetValueAction 
1863617.233 SetValueAction 
1863617.688 CHECK_NEW_BLOCK BLOCK.TRIAL.CHECK_NEW_BLOCK_TRUE
1863618.040 RESET_VARS BLOCK.TRIAL.RESET_VARS
1864006.882 PREPARE_SEQUENCE BLOCK.TRIAL.PREPARE_SEQUENCE
1865963.553 DRIFT_CORRECT BLOCK.TRIAL.DRIFT_CORRECT
1866084.301 DISPLAY_TEXT BLOCK.TRIAL.RECORDING.DISPLAY_TEXT (BEGIN) 
1866107.068 DISPLAY_TEXT BLOCK.TRIAL.RECORDING.DISPLAY_TEXT
1904683.045 TRACKER_TIME 20 2239715.487
1904683.158 KEYBOARD_TEXT BLOCK.TRIAL.RECORDING.KEYBOARD_TEXT
1904683.876 SET_SENTENCE_RT BLOCK.TRIAL.RECORDING.SET_SENTENCE_RT
1904683.981 CHECK_QUESTION BLOCK.TRIAL.RECORDING.CHECK_QUESTION_TRUE
1904688.674 DISPLAY_BLANK BLOCK.TRIAL.RECORDING.DISPLAY_BLANK (BEGIN) 
1904703.621 DISPLAY_BLANK BLOCK.TRIAL.RECORDING.DISPLAY_BLANK
1904704.134 ADD_TO_RESULTS_FILE BLOCK.TRIAL.RECORDING.ADD_TO_RESULTS_FILE
1904789.094 SetValueAction 
1904789.126 SetValueAction 
1904789.153 SetValueAction 
1904789.178 SetValueAction 
1904789.202 SetValueAction 
1904789.227 SetValueAction 
1904789.667 CHECK_NEW_BLOCK BLOCK.TRIAL.CHECK_NEW_BLOCK_TRUE
1904789.955 RESET_VARS BLOCK.TRIAL.RESET_VARS
1905201.042 PREPARE_SEQUENCE BLOCK.TRIAL.PREPARE_SEQUENCE
1907265.675 DRIFT_CORRECT BLOCK.TRIAL.DRIFT_CORRECT
1907381.767 DISPLAY_TEXT BLOCK.TRIAL.RECORDING.DISPLAY_TEXT (BEGIN) 
1907402.080 DISPLAY_TEXT BLOCK.TRIAL.RECORDING.DISPLAY_TEXT
1940121.188 KEYBOARD_TEXT BLOCK.TRIAL.RECORDING.KEYBOARD_TEXT
1940121.762 SET_SENTENCE_RT BLOCK.TRIAL.RECORDING.SET_SENTENCE_RT
1940121.834 CHECK_QUESTION BLOCK.TRIAL.RECORDING.CHECK_QUESTION_TRUE
1940123.746 DISPLAY_BLANK BLOCK.TRIAL.RECORDING.DISPLAY_BLANK (BEGIN) 
1940126.278 DISPLAY_BLANK BLOCK.TRIAL.RECORDING.DISPLAY_BLANK
1940126.855 ADD_TO_RESULTS_FILE BLOCK.TRIAL.RECORDING.ADD_TO_RESULTS_FILE
1940211.096 SetValueAction 
1940211.129 SetValueAction 
1940211.156 SetValueAction 
1940211.182 SetValueAction 
1940211.207 SetValueAction 
1940211.231 SetValueAction 
1940211.646 CHECK_NEW_BLOCK BLOCK.TRIAL.CHECK_NEW_BLOCK_TRUE
1940212.038 RESET_VARS BLOCK.TRIAL.RESET_VARS
1940623.931 PREPARE_SEQUENCE BLOCK.TRIAL.PREPARE_SEQUENCE
1942563.480 DRIFT_CORRECT BLOCK.TRIAL.DRIFT_CORRECT
1942686.842 DISPLAY_TEXT BLOCK.TRIAL.RECORDING.DISPLAY_TEXT (BEGIN) 
1942705.758 DISPLAY_TEXT BLOCK.TRIAL.RECORDING.DISPLAY_TEXT
1976396.567 TRACKER_TIME 21 2311427.525
1976396.669 KEYBOARD_TEXT BLOCK.TRIAL.RECORDING.KEYBOARD_TEXT
1976397.425 SET_SENTENCE_RT BLOCK.TRIAL.RECORDING.SET_SENTENCE_RT
1976397.612 CHECK_QUESTION BLOCK.TRIAL.RECORDING.CHECK_QUESTION_TRUE
1976399.447 DISPLAY_BLANK BLOCK.TRIAL.RECORDING.DISPLAY_BLANK (BEGIN) 
1976416.142 DISPLAY_BLANK BLOCK.TRIAL.RECORDING.DISPLAY_BLANK
1976416.686 ADD_TO_RESULTS_FILE BLOCK.TRIAL.RECORDING.ADD_TO_RESULTS_FILE
1976503.092 SetValueAction 
1976503.125 SetValueAction 
1976503.153 SetValueAction 
1976503.179 SetValueAction 
1976503.204 SetValueAction 
1976503.229 SetValueAction 
1976503.631 CHECK_NEW_BLOCK BLOCK.TRIAL.CHECK_NEW_BLOCK_TRUE
1976503.987 RESET_VARS BLOCK.TRIAL.RESET_VARS
1976888.034 PREPARE_SEQUENCE BLOCK.TRIAL.PREPARE_SEQUENCE
1978715.846 DRIFT_CORRECT BLOCK.TRIAL.DRIFT_CORRECT
1978831.842 DISPLAY_TEXT BLOCK.TRIAL.RECORDING.DISPLAY_TEXT (BEGIN) 
1978848.762 DISPLAY_TEXT BLOCK.TRIAL.RECORDING.DISPLAY_TEXT
1994290.933 KEYBOARD_TEXT BLOCK.TRIAL.RECORDING.KEYBOARD_TEXT
1994291.632 SET_SENTENCE_RT BLOCK.TRIAL.RECORDING.SET_SENTENCE_RT
1994291.745 CHECK_QUESTION BLOCK.TRIAL.RECORDING.CHECK_QUESTION_TRUE
1994295.631 DISPLAY_BLANK BLOCK.TRIAL.RECORDING.DISPLAY_BLANK (BEGIN) 
1994310.880 DISPLAY_BLANK BLOCK.TRIAL.RECORDING.DISPLAY_BLANK
1994311.358 ADD_TO_RESULTS_FILE BLOCK.TRIAL.RECORDING.ADD_TO_RESULTS_FILE
1994396.100 SetValueAction 
1994396.134 SetValueAction 
1994396.161 SetValueAction 
1994396.186 SetValueAction 
1994396.211 SetValueAction 
1994396.236 SetValueAction 
1994396.674 CHECK_NEW_BLOCK BLOCK.TRIAL.CHECK_NEW_BLOCK_TRUE
1994397.094 RESET_VARS BLOCK.TRIAL.RESET_VARS
1994806.891 PREPARE_SEQUENCE BLOCK.TRIAL.PREPARE_SEQUENCE
1996681.973 DRIFT_CORRECT BLOCK.TRIAL.DRIFT_CORRECT
1996796.032 DISPLAY_TEXT BLOCK.TRIAL.RECORDING.DISPLAY_TEXT (BEGIN) 
1996812.084 DISPLAY_TEXT BLOCK.TRIAL.RECORDING.DISPLAY_TEXT
2016714.489 KEYBOARD_TEXT BLOCK.TRIAL.RECORDING.KEYBOARD_TEXT
2016715.116 SET_SENTENCE_RT BLOCK.TRIAL.RECORDING.SET_SENTENCE_RT
2016715.199 CHECK_QUESTION BLOCK.TRIAL.RECORDING.CHECK_QUESTION_TRUE
2016717.156 DISPLAY_BLANK BLOCK.TRIAL.RECORDING.DISPLAY_BLANK (BEGIN) 
2016720.680 DISPLAY_BLANK BLOCK.TRIAL.RECORDING.DISPLAY_BLANK
2016721.239 ADD_TO_RESULTS_FILE BLOCK.TRIAL.RECORDING.ADD_TO_RESULTS_FILE
2016808.093 SetValueAction 
2016808.125 SetValueAction 
2016808.152 SetValueAction 
2016808.177 SetValueAction 
2016808.202 SetValueAction 
2016808.227 SetValueAction 
2016808.676 CHECK_NEW_BLOCK BLOCK.TRIAL.CHECK_NEW_BLOCK_TRUE
2016809.013 RESET_VARS BLOCK.TRIAL.RESET_VARS
2017239.102 PREPARE_SEQUENCE BLOCK.TRIAL.PREPARE_SEQUENCE
2018889.887 DRIFT_CORRECT BLOCK.TRIAL.DRIFT_CORRECT
2019011.755 DISPLAY_TEXT BLOCK.TRIAL.RECORDING.DISPLAY_TEXT (BEGIN) 
2019035.300 DISPLAY_TEXT BLOCK.TRIAL.RECORDING.DISPLAY_TEXT
2062854.267 TRACKER_TIME 22 2397883.433
2062854.383 KEYBOARD_TEXT BLOCK.TRIAL.RECORDING.KEYBOARD_TEXT
2062855.065 SET_SENTENCE_RT BLOCK.TRIAL.RECORDING.SET_SENTENCE_RT
2062855.165 CHECK_QUESTION BLOCK.TRIAL.RECORDING.CHECK_QUESTION_TRUE
2062858.630 DISPLAY_BLANK BLOCK.TRIAL.RECORDING.DISPLAY_BLANK (BEGIN) 
2062874.280 DISPLAY_BLANK BLOCK.TRIAL.RECORDING.DISPLAY_BLANK
2062874.790 ADD_TO_RESULTS_FILE BLOCK.TRIAL.RECORDING.ADD_TO_RESULTS_FILE
2062960.097 SetValueAction 
2062960.138 SetValueAction 
2062960.165 SetValueAction 
2062960.190 SetValueAction 
2062960.216 SetValueAction 
2062960.240 SetValueAction 
2062960.671 CHECK_NEW_BLOCK BLOCK.TRIAL.CHECK_NEW_BLOCK_TRUE
2062961.030 RESET_VARS BLOCK.TRIAL.RESET_VARS
2063400.342 PREPARE_SEQUENCE BLOCK.TRIAL.PREPARE_SEQUENCE
2065111.078 DRIFT_CORRECT BLOCK.TRIAL.DRIFT_CORRECT
2065225.811 DISPLAY_TEXT BLOCK.TRIAL.RECORDING.DISPLAY_TEXT (BEGIN) 
2065245.427 DISPLAY_TEXT BLOCK.TRIAL.RECORDING.DISPLAY_TEXT
2097385.775 KEYBOARD_TEXT BLOCK.TRIAL.RECORDING.KEYBOARD_TEXT
2097386.426 SET_SENTENCE_RT BLOCK.TRIAL.RECORDING.SET_SENTENCE_RT
2097386.568 CHECK_QUESTION BLOCK.TRIAL.RECORDING.CHECK_QUESTION_TRUE
2097388.418 DISPLAY_BLANK BLOCK.TRIAL.RECORDING.DISPLAY_BLANK (BEGIN) 
2097397.399 DISPLAY_BLANK BLOCK.TRIAL.RECORDING.DISPLAY_BLANK
2097397.975 ADD_TO_RESULTS_FILE BLOCK.TRIAL.RECORDING.ADD_TO_RESULTS_FILE
2097483.093 SetValueAction 
2097483.125 SetValueAction 
2097483.153 SetValueAction 
2097483.178 SetValueAction 
2097483.203 SetValueAction 
2097483.228 SetValueAction 
2097483.683 CHECK_NEW_BLOCK BLOCK.TRIAL.CHECK_NEW_BLOCK_TRUE
2097484.045 RESET_VARS BLOCK.TRIAL.RESET_VARS
2097899.330 PREPARE_SEQUENCE BLOCK.TRIAL.PREPARE_SEQUENCE
2099526.218 DRIFT_CORRECT BLOCK.TRIAL.DRIFT_CORRECT
2099643.034 DISPLAY_TEXT BLOCK.TRIAL.RECORDING.DISPLAY_TEXT (BEGIN) 
2099665.378 DISPLAY_TEXT BLOCK.TRIAL.RECORDING.DISPLAY_TEXT
2134153.776 TRACKER_TIME 23 2469181.465
2134153.879 KEYBOARD_TEXT BLOCK.TRIAL.RECORDING.KEYBOARD_TEXT
2134154.547 SET_SENTENCE_RT BLOCK.TRIAL.RECORDING.SET_SENTENCE_RT
2134154.629 CHECK_QUESTION BLOCK.TRIAL.RECORDING.CHECK_QUESTION_TRUE
2134156.596 DISPLAY_BLANK BLOCK.TRIAL.RECORDING.DISPLAY_BLANK (BEGIN) 
2134170.161 DISPLAY_BLANK BLOCK.TRIAL.RECORDING.DISPLAY_BLANK
2134170.691 ADD_TO_RESULTS_FILE BLOCK.TRIAL.RECORDING.ADD_TO_RESULTS_FILE
2134256.117 SetValueAction 
2134256.150 SetValueAction 
2134256.178 SetValueAction 
2134256.203 SetValueAction 
2134256.229 SetValueAction 
2134256.253 SetValueAction 
2134256.690 CHECK_NEW_BLOCK BLOCK.TRIAL.CHECK_NEW_BLOCK_TRUE
2134257.043 RESET_VARS BLOCK.TRIAL.RESET_VARS
2134677.522 PREPARE_SEQUENCE BLOCK.TRIAL.PREPARE_SEQUENCE
2136795.595 DRIFT_CORRECT BLOCK.TRIAL.DRIFT_CORRECT
2136911.699 DISPLAY_TEXT BLOCK.TRIAL.RECORDING.DISPLAY_TEXT (BEGIN) 
2136927.289 DISPLAY_TEXT BLOCK.TRIAL.RECORDING.DISPLAY_TEXT
2169528.005 KEYBOARD_TEXT BLOCK.TRIAL.RECORDING.KEYBOARD_TEXT
2169528.652 SET_SENTENCE_RT BLOCK.TRIAL.RECORDING.SET_SENTENCE_RT
2169528.756 CHECK_QUESTION BLOCK.TRIAL.RECORDING.CHECK_QUESTION_TRUE
2169530.754 DISPLAY_BLANK BLOCK.TRIAL.RECORDING.DISPLAY_BLANK (BEGIN) 
2169543.180 DISPLAY_BLANK BLOCK.TRIAL.RECORDING.DISPLAY_BLANK
2169543.741 ADD_TO_RESULTS_FILE BLOCK.TRIAL.RECORDING.ADD_TO_RESULTS_FILE
2169630.090 SetValueAction 
2169630.122 SetValueAction 
2169630.150 SetValueAction 
2169630.174 SetValueAction 
2169630.199 SetValueAction 
2169630.225 SetValueAction 
2169630.594 CHECK_NEW_BLOCK BLOCK.TRIAL.CHECK_NEW_BLOCK_TRUE
2169630.921 RESET_VARS BLOCK.TRIAL.RESET_VARS
2170027.109 PREPARE_SEQUENCE BLOCK.TRIAL.PREPARE_SEQUENCE
2170903.666 DRIFT_CORRECT BLOCK.TRIAL.DRIFT_CORRECT
2171027.630 DISPLAY_TEXT BLOCK.TRIAL.RECORDING.DISPLAY_TEXT (BEGIN) 
2171051.057 DISPLAY_TEXT BLOCK.TRIAL.RECORDING.DISPLAY_TEXT
2206848.360 TRACKER_TIME 24 2541874.508
2206848.463 KEYBOARD_TEXT BLOCK.TRIAL.RECORDING.KEYBOARD_TEXT
2206849.191 SET_SENTENCE_RT BLOCK.TRIAL.RECORDING.SET_SENTENCE_RT
2206849.435 CHECK_QUESTION BLOCK.TRIAL.RECORDING.CHECK_QUESTION_FALSE
2206852.354 DISPLAY_QUESTION BLOCK.TRIAL.RECORDING.DISPLAY_QUESTION (BEGIN) 
2206865.669 DISPLAY_QUESTION BLOCK.TRIAL.RECORDING.DISPLAY_QUESTION
2215822.417 KEYBOARD_QUESTION BLOCK.TRIAL.RECORDING.KEYBOARD_QUESTION
2215822.715 CHECK_RESPONSE_BUTTON BLOCK.TRIAL.RECORDING.CHECK_RESPONSE_BUTTON_FALSE
2215823.290 SET_VARS_INCORRECT BLOCK.TRIAL.RECORDING.SET_VARS_INCORRECT
2215825.094 DISPLAY_BLANK BLOCK.TRIAL.RECORDING.DISPLAY_BLANK (BEGIN) 
2215829.452 DISPLAY_BLANK BLOCK.TRIAL.RECORDING.DISPLAY_BLANK
2215830.088 ADD_TO_RESULTS_FILE BLOCK.TRIAL.RECORDING.ADD_TO_RESULTS_FILE
2215917.093 SetValueAction 
2215917.126 SetValueAction 
2215917.153 SetValueAction 
2215917.178 SetValueAction 
2215917.203 SetValueAction 
2215917.228 SetValueAction 
2215917.664 CHECK_NEW_BLOCK BLOCK.TRIAL.CHECK_NEW_BLOCK_TRUE
2215918.021 RESET_VARS BLOCK.TRIAL.RESET_VARS
2216315.022 PREPARE_SEQUENCE BLOCK.TRIAL.PREPARE_SEQUENCE
2217261.922 DRIFT_CORRECT BLOCK.TRIAL.DRIFT_CORRECT
2217376.136 DISPLAY_TEXT BLOCK.TRIAL.RECORDING.DISPLAY_TEXT (BEGIN) 
2217397.871 DISPLAY_TEXT BLOCK.TRIAL.RECORDING.DISPLAY_TEXT
2252471.708 KEYBOARD_TEXT BLOCK.TRIAL.RECORDING.KEYBOARD_TEXT
2252472.226 SET_SENTENCE_RT BLOCK.TRIAL.RECORDING.SET_SENTENCE_RT
2252472.311 CHECK_QUESTION BLOCK.TRIAL.RECORDING.CHECK_QUESTION_TRUE
2252474.014 DISPLAY_BLANK BLOCK.TRIAL.RECORDING.DISPLAY_BLANK (BEGIN) 
2252485.730 DISPLAY_BLANK BLOCK.TRIAL.RECORDING.DISPLAY_BLANK
2252486.743 ADD_TO_RESULTS_FILE BLOCK.TRIAL.RECORDING.ADD_TO_RESULTS_FILE
2252572.092 SetValueAction 
2252572.126 SetValueAction 
2252572.153 SetValueAction 
2252572.177 SetValueAction 
2252572.203 SetValueAction 
2252572.228 SetValueAction 
2252572.679 CHECK_NEW_BLOCK BLOCK.TRIAL.CHECK_NEW_BLOCK_TRUE
2252573.044 RESET_VARS BLOCK.TRIAL.RESET_VARS
2252984.997 PREPARE_SEQUENCE BLOCK.TRIAL.PREPARE_SEQUENCE
2254597.742 DRIFT_CORRECT BLOCK.TRIAL.DRIFT_CORRECT
2254713.099 DISPLAY_TEXT BLOCK.TRIAL.RECORDING.DISPLAY_TEXT (BEGIN) 
2254730.809 DISPLAY_TEXT BLOCK.TRIAL.RECORDING.DISPLAY_TEXT
2279755.269 TRACKER_TIME 25 2614779.939
2279755.370 KEYBOARD_TEXT BLOCK.TRIAL.RECORDING.KEYBOARD_TEXT
2279755.992 SET_SENTENCE_RT BLOCK.TRIAL.RECORDING.SET_SENTENCE_RT
2279756.152 CHECK_QUESTION BLOCK.TRIAL.RECORDING.CHECK_QUESTION_FALSE
2279762.632 DISPLAY_QUESTION BLOCK.TRIAL.RECORDING.DISPLAY_QUESTION (BEGIN) 
2279777.865 DISPLAY_QUESTION BLOCK.TRIAL.RECORDING.DISPLAY_QUESTION
2284947.507 KEYBOARD_QUESTION BLOCK.TRIAL.RECORDING.KEYBOARD_QUESTION
2284947.753 CHECK_RESPONSE_BUTTON BLOCK.TRIAL.RECORDING.CHECK_RESPONSE_BUTTON_TRUE
2284948.405 SET_VARS_CORRECT BLOCK.TRIAL.RECORDING.SET_VARS_CORRECT
2284950.185 DISPLAY_BLANK BLOCK.TRIAL.RECORDING.DISPLAY_BLANK (BEGIN) 
2284959.512 DISPLAY_BLANK BLOCK.TRIAL.RECORDING.DISPLAY_BLANK
2284960.124 ADD_TO_RESULTS_FILE BLOCK.TRIAL.RECORDING.ADD_TO_RESULTS_FILE
2285045.096 SetValueAction 
2285045.129 SetValueAction 
2285045.158 SetValueAction 
2285045.183 SetValueAction 
2285045.209 SetValueAction 
2285045.235 SetValueAction 
2285045.620 CHECK_NEW_BLOCK BLOCK.TRIAL.CHECK_NEW_BLOCK_TRUE
2285045.948 RESET_VARS BLOCK.TRIAL.RESET_VARS
2285456.100 PREPARE_SEQUENCE BLOCK.TRIAL.PREPARE_SEQUENCE
2286580.342 DRIFT_CORRECT BLOCK.TRIAL.DRIFT_CORRECT
2286694.727 DISPLAY_TEXT BLOCK.TRIAL.RECORDING.DISPLAY_TEXT (BEGIN) 
2286709.142 DISPLAY_TEXT BLOCK.TRIAL.RECORDING.DISPLAY_TEXT
2301864.785 KEYBOARD_TEXT BLOCK.TRIAL.RECORDING.KEYBOARD_TEXT
2301865.320 SET_SENTENCE_RT BLOCK.TRIAL.RECORDING.SET_SENTENCE_RT
2301865.384 CHECK_QUESTION BLOCK.TRIAL.RECORDING.CHECK_QUESTION_TRUE
2301867.086 DISPLAY_BLANK BLOCK.TRIAL.RECORDING.DISPLAY_BLANK (BEGIN) 
2301871.091 DISPLAY_BLANK BLOCK.TRIAL.RECORDING.DISPLAY_BLANK
2301871.737 ADD_TO_RESULTS_FILE BLOCK.TRIAL.RECORDING.ADD_TO_RESULTS_FILE
2301958.101 SetValueAction 
2301958.147 SetValueAction 
2301958.174 SetValueAction 
2301958.199 SetValueAction 
2301958.224 SetValueAction 
2301958.248 SetValueAction 
2301958.655 CHECK_NEW_BLOCK BLOCK.TRIAL.CHECK_NEW_BLOCK_TRUE
2301959.027 RESET_VARS BLOCK.TRIAL.RESET_VARS
2302352.808 PREPARE_SEQUENCE BLOCK.TRIAL.PREPARE_SEQUENCE
2303941.892 DRIFT_CORRECT BLOCK.TRIAL.DRIFT_CORRECT
2304062.947 DISPLAY_TEXT BLOCK.TRIAL.RECORDING.DISPLAY_TEXT (BEGIN) 
2304082.525 DISPLAY_TEXT BLOCK.TRIAL.RECORDING.DISPLAY_TEXT
2320481.063 KEYBOARD_TEXT BLOCK.TRIAL.RECORDING.KEYBOARD_TEXT
2320481.709 SET_SENTENCE_RT BLOCK.TRIAL.RECORDING.SET_SENTENCE_RT
2320481.814 CHECK_QUESTION BLOCK.TRIAL.RECORDING.CHECK_QUESTION_TRUE
2320483.856 DISPLAY_BLANK BLOCK.TRIAL.RECORDING.DISPLAY_BLANK (BEGIN) 
2320499.362 DISPLAY_BLANK BLOCK.TRIAL.RECORDING.DISPLAY_BLANK
2320499.889 ADD_TO_RESULTS_FILE BLOCK.TRIAL.RECORDING.ADD_TO_RESULTS_FILE
2320586.117 SetValueAction 
2320586.150 SetValueAction 
2320586.177 SetValueAction 
2320586.202 SetValueAction 
2320586.227 SetValueAction 
2320586.252 SetValueAction 
2320586.674 CHECK_NEW_BLOCK BLOCK.TRIAL.CHECK_NEW_BLOCK_TRUE
2320587.057 RESET_VARS BLOCK.TRIAL.RESET_VARS
2321027.445 PREPARE_SEQUENCE BLOCK.TRIAL.PREPARE_SEQUENCE
2322868.813 DRIFT_CORRECT BLOCK.TRIAL.DRIFT_CORRECT
2322990.816 DISPLAY_TEXT BLOCK.TRIAL.RECORDING.DISPLAY_TEXT (BEGIN) 
2323011.527 DISPLAY_TEXT BLOCK.TRIAL.RECORDING.DISPLAY_TEXT
2358121.815 TRACKER_TIME 26 2693144.808
2358121.897 KEYBOARD_TEXT BLOCK.TRIAL.RECORDING.KEYBOARD_TEXT
2358122.391 SET_SENTENCE_RT BLOCK.TRIAL.RECORDING.SET_SENTENCE_RT
2358122.446 CHECK_QUESTION BLOCK.TRIAL.RECORDING.CHECK_QUESTION_TRUE
2358124.218 DISPLAY_BLANK BLOCK.TRIAL.RECORDING.DISPLAY_BLANK (BEGIN) 
2358138.388 DISPLAY_BLANK BLOCK.TRIAL.RECORDING.DISPLAY_BLANK
2358138.895 ADD_TO_RESULTS_FILE BLOCK.TRIAL.RECORDING.ADD_TO_RESULTS_FILE
2358224.091 SetValueAction 
2358224.123 SetValueAction 
2358224.151 SetValueAction 
2358224.176 SetValueAction 
2358224.201 SetValueAction 
2358224.226 SetValueAction 
2358224.610 CHECK_NEW_BLOCK BLOCK.TRIAL.CHECK_NEW_BLOCK_TRUE
2358224.945 RESET_VARS BLOCK.TRIAL.RESET_VARS
2358632.294 PREPARE_SEQUENCE BLOCK.TRIAL.PREPARE_SEQUENCE
2361128.023 DRIFT_CORRECT BLOCK.TRIAL.DRIFT_CORRECT
2361242.052 DISPLAY_TEXT BLOCK.TRIAL.RECORDING.DISPLAY_TEXT (BEGIN) 
2361260.046 DISPLAY_TEXT BLOCK.TRIAL.RECORDING.DISPLAY_TEXT
2386695.745 KEYBOARD_TEXT BLOCK.TRIAL.RECORDING.KEYBOARD_TEXT
2386696.383 SET_SENTENCE_RT BLOCK.TRIAL.RECORDING.SET_SENTENCE_RT
2386696.605 CHECK_QUESTION BLOCK.TRIAL.RECORDING.CHECK_QUESTION_TRUE
2386698.494 DISPLAY_BLANK BLOCK.TRIAL.RECORDING.DISPLAY_BLANK (BEGIN) 
2386713.411 DISPLAY_BLANK BLOCK.TRIAL.RECORDING.DISPLAY_BLANK
2386713.926 ADD_TO_RESULTS_FILE BLOCK.TRIAL.RECORDING.ADD_TO_RESULTS_FILE
2386798.097 SetValueAction 
2386798.131 SetValueAction 
2386798.159 SetValueAction 
2386798.185 SetValueAction 
2386798.212 SetValueAction 
2386798.238 SetValueAction 
2386798.594 CHECK_NEW_BLOCK BLOCK.TRIAL.CHECK_NEW_BLOCK_TRUE
2386798.914 RESET_VARS BLOCK.TRIAL.RESET_VARS
2387204.083 PREPARE_SEQUENCE BLOCK.TRIAL.PREPARE_SEQUENCE
2389182.633 DRIFT_CORRECT BLOCK.TRIAL.DRIFT_CORRECT
2389297.728 DISPLAY_TEXT BLOCK.TRIAL.RECORDING.DISPLAY_TEXT (BEGIN) 
2389312.669 DISPLAY_TEXT BLOCK.TRIAL.RECORDING.DISPLAY_TEXT
2406164.386 KEYBOARD_TEXT BLOCK.TRIAL.RECORDING.KEYBOARD_TEXT
2406165.042 SET_SENTENCE_RT BLOCK.TRIAL.RECORDING.SET_SENTENCE_RT
2406165.160 CHECK_QUESTION BLOCK.TRIAL.RECORDING.CHECK_QUESTION_TRUE
2406166.935 DISPLAY_BLANK BLOCK.TRIAL.RECORDING.DISPLAY_BLANK (BEGIN) 
2406174.179 DISPLAY_BLANK BLOCK.TRIAL.RECORDING.DISPLAY_BLANK
2406174.820 ADD_TO_RESULTS_FILE BLOCK.TRIAL.RECORDING.ADD_TO_RESULTS_FILE
2406260.096 SetValueAction 
2406260.129 SetValueAction 
2406260.157 SetValueAction 
2406260.182 SetValueAction 
2406260.207 SetValueAction 
2406260.232 SetValueAction 
2406260.674 CHECK_NEW_BLOCK BLOCK.TRIAL.CHECK_NEW_BLOCK_TRUE
2406261.008 RESET_VARS BLOCK.TRIAL.RESET_VARS
2406690.420 PREPARE_SEQUENCE BLOCK.TRIAL.PREPARE_SEQUENCE
2407578.102 DRIFT_CORRECT BLOCK.TRIAL.DRIFT_CORRECT
2407695.666 DISPLAY_TEXT BLOCK.TRIAL.RECORDING.DISPLAY_TEXT (BEGIN) 
2407715.623 DISPLAY_TEXT BLOCK.TRIAL.RECORDING.DISPLAY_TEXT
2440537.508 TRACKER_TIME 27 2775558.835
2440537.624 KEYBOARD_TEXT BLOCK.TRIAL.RECORDING.KEYBOARD_TEXT
2440538.274 SET_SENTENCE_RT BLOCK.TRIAL.RECORDING.SET_SENTENCE_RT
2440538.435 CHECK_QUESTION BLOCK.TRIAL.RECORDING.CHECK_QUESTION_FALSE
2440541.152 DISPLAY_QUESTION BLOCK.TRIAL.RECORDING.DISPLAY_QUESTION (BEGIN) 
2440548.137 DISPLAY_QUESTION BLOCK.TRIAL.RECORDING.DISPLAY_QUESTION
2445512.222 KEYBOARD_QUESTION BLOCK.TRIAL.RECORDING.KEYBOARD_QUESTION
2445512.501 CHECK_RESPONSE_BUTTON BLOCK.TRIAL.RECORDING.CHECK_RESPONSE_BUTTON_FALSE
2445513.227 SET_VARS_INCORRECT BLOCK.TRIAL.RECORDING.SET_VARS_INCORRECT
2445514.998 DISPLAY_BLANK BLOCK.TRIAL.RECORDING.DISPLAY_BLANK (BEGIN) 
2445529.635 DISPLAY_BLANK BLOCK.TRIAL.RECORDING.DISPLAY_BLANK
2445530.166 ADD_TO_RESULTS_FILE BLOCK.TRIAL.RECORDING.ADD_TO_RESULTS_FILE
2445615.095 SetValueAction 
2445615.129 SetValueAction 
2445615.157 SetValueAction 
2445615.183 SetValueAction 
2445615.209 SetValueAction 
2445615.235 SetValueAction 
2445615.598 CHECK_NEW_BLOCK BLOCK.TRIAL.CHECK_NEW_BLOCK_TRUE
2445615.914 RESET_VARS BLOCK.TRIAL.RESET_VARS
2446501.874 PREPARE_SEQUENCE BLOCK.TRIAL.PREPARE_SEQUENCE
2448571.668 DRIFT_CORRECT BLOCK.TRIAL.DRIFT_CORRECT
2448692.981 DISPLAY_TEXT BLOCK.TRIAL.RECORDING.DISPLAY_TEXT (BEGIN) 
2448746.348 DISPLAY_TEXT BLOCK.TRIAL.RECORDING.DISPLAY_TEXT
2487286.584 KEYBOARD_TEXT BLOCK.TRIAL.RECORDING.KEYBOARD_TEXT
2487287.362 SET_SENTENCE_RT BLOCK.TRIAL.RECORDING.SET_SENTENCE_RT
2487287.550 CHECK_QUESTION BLOCK.TRIAL.RECORDING.CHECK_QUESTION_FALSE
2487290.498 DISPLAY_QUESTION BLOCK.TRIAL.RECORDING.DISPLAY_QUESTION (BEGIN) 
2487300.726 DISPLAY_QUESTION BLOCK.TRIAL.RECORDING.DISPLAY_QUESTION
2492794.809 KEYBOARD_QUESTION BLOCK.TRIAL.RECORDING.KEYBOARD_QUESTION
2492795.047 CHECK_RESPONSE_BUTTON BLOCK.TRIAL.RECORDING.CHECK_RESPONSE_BUTTON_TRUE
2492795.533 SET_VARS_CORRECT BLOCK.TRIAL.RECORDING.SET_VARS_CORRECT
2492800.632 DISPLAY_BLANK BLOCK.TRIAL.RECORDING.DISPLAY_BLANK (BEGIN) 
2492815.919 DISPLAY_BLANK BLOCK.TRIAL.RECORDING.DISPLAY_BLANK
2492816.469 ADD_TO_RESULTS_FILE BLOCK.TRIAL.RECORDING.ADD_TO_RESULTS_FILE
2492901.092 SetValueAction 
2492901.125 SetValueAction 
2492901.152 SetValueAction 
2492901.177 SetValueAction 
2492901.202 SetValueAction 
2492901.227 SetValueAction 
2492901.608 CHECK_NEW_BLOCK BLOCK.TRIAL.CHECK_NEW_BLOCK_TRUE
2492901.970 RESET_VARS BLOCK.TRIAL.RESET_VARS
2493301.374 PREPARE_SEQUENCE BLOCK.TRIAL.PREPARE_SEQUENCE
2494396.070 DRIFT_CORRECT BLOCK.TRIAL.DRIFT_CORRECT
2494511.971 DISPLAY_TEXT BLOCK.TRIAL.RECORDING.DISPLAY_TEXT (BEGIN) 
2494530.084 DISPLAY_TEXT BLOCK.TRIAL.RECORDING.DISPLAY_TEXT
2522204.916 TRACKER_TIME 28 2857224.407
2522205.075 KEYBOARD_TEXT BLOCK.TRIAL.RECORDING.KEYBOARD_TEXT
2522205.788 SET_SENTENCE_RT BLOCK.TRIAL.RECORDING.SET_SENTENCE_RT
2522205.933 CHECK_QUESTION BLOCK.TRIAL.RECORDING.CHECK_QUESTION_TRUE
2522207.731 DISPLAY_BLANK BLOCK.TRIAL.RECORDING.DISPLAY_BLANK (BEGIN) 
2522224.048 DISPLAY_BLANK BLOCK.TRIAL.RECORDING.DISPLAY_BLANK
2522224.558 ADD_TO_RESULTS_FILE BLOCK.TRIAL.RECORDING.ADD_TO_RESULTS_FILE
2522309.103 SetValueAction 
2522309.135 SetValueAction 
2522309.162 SetValueAction 
2522309.188 SetValueAction 
2522309.213 SetValueAction 
2522309.237 SetValueAction 
2522309.668 CHECK_NEW_BLOCK BLOCK.TRIAL.CHECK_NEW_BLOCK_TRUE
2522310.041 RESET_VARS BLOCK.TRIAL.RESET_VARS
2522737.897 PREPARE_SEQUENCE BLOCK.TRIAL.PREPARE_SEQUENCE
2524825.711 DRIFT_CORRECT BLOCK.TRIAL.DRIFT_CORRECT
2524940.977 DISPLAY_TEXT BLOCK.TRIAL.RECORDING.DISPLAY_TEXT (BEGIN) 
2524956.569 DISPLAY_TEXT BLOCK.TRIAL.RECORDING.DISPLAY_TEXT
2536802.246 KEYBOARD_TEXT BLOCK.TRIAL.RECORDING.KEYBOARD_TEXT
2536802.928 SET_SENTENCE_RT BLOCK.TRIAL.RECORDING.SET_SENTENCE_RT
2536803.120 CHECK_QUESTION BLOCK.TRIAL.RECORDING.CHECK_QUESTION_TRUE
2536804.951 DISPLAY_BLANK BLOCK.TRIAL.RECORDING.DISPLAY_BLANK (BEGIN) 
2536819.763 DISPLAY_BLANK BLOCK.TRIAL.RECORDING.DISPLAY_BLANK
2536820.241 ADD_TO_RESULTS_FILE BLOCK.TRIAL.RECORDING.ADD_TO_RESULTS_FILE
2536905.089 SetValueAction 
2536905.120 SetValueAction 
2536905.147 SetValueAction 
2536905.172 SetValueAction 
2536905.198 SetValueAction 
2536905.222 SetValueAction 
2536905.600 CHECK_NEW_BLOCK BLOCK.TRIAL.CHECK_NEW_BLOCK_TRUE
2536905.901 RESET_VARS BLOCK.TRIAL.RESET_VARS
2537308.279 PREPARE_SEQUENCE BLOCK.TRIAL.PREPARE_SEQUENCE
2538974.963 DRIFT_CORRECT BLOCK.TRIAL.DRIFT_CORRECT
2539089.966 DISPLAY_TEXT BLOCK.TRIAL.RECORDING.DISPLAY_TEXT (BEGIN) 
2539107.664 DISPLAY_TEXT BLOCK.TRIAL.RECORDING.DISPLAY_TEXT
2565264.385 KEYBOARD_TEXT BLOCK.TRIAL.RECORDING.KEYBOARD_TEXT
2565265.064 SET_SENTENCE_RT BLOCK.TRIAL.RECORDING.SET_SENTENCE_RT
2565265.242 CHECK_QUESTION BLOCK.TRIAL.RECORDING.CHECK_QUESTION_TRUE
2565267.026 DISPLAY_BLANK BLOCK.TRIAL.RECORDING.DISPLAY_BLANK (BEGIN) 
2565278.055 DISPLAY_BLANK BLOCK.TRIAL.RECORDING.DISPLAY_BLANK
2565278.569 ADD_TO_RESULTS_FILE BLOCK.TRIAL.RECORDING.ADD_TO_RESULTS_FILE
2565364.096 SetValueAction 
2565364.128 SetValueAction 
2565364.155 SetValueAction 
2565364.180 SetValueAction 
2565364.206 SetValueAction 
2565364.231 SetValueAction 
2565364.621 CHECK_NEW_BLOCK BLOCK.TRIAL.CHECK_NEW_BLOCK_TRUE
2565364.942 RESET_VARS BLOCK.TRIAL.RESET_VARS
2565755.537 PREPARE_SEQUENCE BLOCK.TRIAL.PREPARE_SEQUENCE
2567668.113 DRIFT_CORRECT BLOCK.TRIAL.DRIFT_CORRECT
2567784.873 DISPLAY_TEXT BLOCK.TRIAL.RECORDING.DISPLAY_TEXT (BEGIN) 
2567793.880 DISPLAY_TEXT BLOCK.TRIAL.RECORDING.DISPLAY_TEXT
2571357.642 KEYBOARD_TEXT BLOCK.TRIAL.RECORDING.KEYBOARD_TEXT
2571358.303 SET_SENTENCE_RT BLOCK.TRIAL.RECORDING.SET_SENTENCE_RT
2571358.435 CHECK_QUESTION BLOCK.TRIAL.RECORDING.CHECK_QUESTION_TRUE
2571360.005 DISPLAY_BLANK BLOCK.TRIAL.RECORDING.DISPLAY_BLANK (BEGIN) 
2571376.429 DISPLAY_BLANK BLOCK.TRIAL.RECORDING.DISPLAY_BLANK
2571376.951 ADD_TO_RESULTS_FILE BLOCK.TRIAL.RECORDING.ADD_TO_RESULTS_FILE
2571463.121 SetValueAction 
2571463.152 SetValueAction 
2571463.180 SetValueAction 
2571463.205 SetValueAction 
2571463.230 SetValueAction 
2571463.254 SetValueAction 
2571463.680 CHECK_NEW_BLOCK BLOCK.TRIAL.CHECK_NEW_BLOCK_FALSE
2571466.171 NEW_COUNTERBALANCE_BREAK BLOCK.TRIAL.NEW_COUNTERBALANCE_BREAK (BEGIN) 
2571476.199 NEW_COUNTERBALANCE_BREAK BLOCK.TRIAL.NEW_COUNTERBALANCE_BREAK
3153537.108 TRACKER_TIME 29 3488543.428
3153537.306 KEYBOARD[1] BLOCK.TRIAL.KEYBOARD[1]
3218784.552 TRACKER_TIME 30 3553789.556
3218784.624 EL_CAMERA_SETUP BLOCK.TRIAL.EL_CAMERA_SETUP
3218789.633 EXPERIMENT_CONTINUE BLOCK.TRIAL.EXPERIMENT_CONTINUE (BEGIN) 
3218804.750 EXPERIMENT_CONTINUE BLOCK.TRIAL.EXPERIMENT_CONTINUE
3221880.857 KEYBOARD BLOCK.TRIAL.KEYBOARD
3221881.309 RESET_VARS BLOCK.TRIAL.RESET_VARS
3222322.489 PREPARE_SEQUENCE BLOCK.TRIAL.PREPARE_SEQUENCE
3228082.512 DRIFT_CORRECT BLOCK.TRIAL.DRIFT_CORRECT
3228201.850 DISPLAY_TEXT BLOCK.TRIAL.RECORDING.DISPLAY_TEXT (BEGIN) 
3228218.727 DISPLAY_TEXT BLOCK.TRIAL.RECORDING.DISPLAY_TEXT
3231341.113 KEYBOARD_TEXT BLOCK.TRIAL.RECORDING.KEYBOARD_TEXT
3231341.741 SET_SENTENCE_RT BLOCK.TRIAL.RECORDING.SET_SENTENCE_RT
3231341.876 CHECK_QUESTION BLOCK.TRIAL.RECORDING.CHECK_QUESTION_TRUE
3231343.782 DISPLAY_BLANK BLOCK.TRIAL.RECORDING.DISPLAY_BLANK (BEGIN) 
3231350.840 DISPLAY_BLANK BLOCK.TRIAL.RECORDING.DISPLAY_BLANK
3231351.423 ADD_TO_RESULTS_FILE BLOCK.TRIAL.RECORDING.ADD_TO_RESULTS_FILE
3231438.094 SetValueAction 
3231438.127 SetValueAction 
3231438.154 SetValueAction 
3231438.179 SetValueAction 
3231438.204 SetValueAction 
3231438.232 SetValueAction 
3231438.640 CHECK_NEW_BLOCK BLOCK.TRIAL.CHECK_NEW_BLOCK_TRUE
3231439.019 RESET_VARS BLOCK.TRIAL.RESET_VARS
3231882.382 PREPARE_SEQUENCE BLOCK.TRIAL.PREPARE_SEQUENCE
3234025.833 DRIFT_CORRECT BLOCK.TRIAL.DRIFT_CORRECT
3234142.828 DISPLAY_TEXT BLOCK.TRIAL.RECORDING.DISPLAY_TEXT (BEGIN) 
3234163.356 DISPLAY_TEXT BLOCK.TRIAL.RECORDING.DISPLAY_TEXT
3258580.668 KEYBOARD_TEXT BLOCK.TRIAL.RECORDING.KEYBOARD_TEXT
3258581.348 SET_SENTENCE_RT BLOCK.TRIAL.RECORDING.SET_SENTENCE_RT
3258581.442 CHECK_QUESTION BLOCK.TRIAL.RECORDING.CHECK_QUESTION_TRUE
3258583.287 DISPLAY_BLANK BLOCK.TRIAL.RECORDING.DISPLAY_BLANK (BEGIN) 
3258593.010 DISPLAY_BLANK BLOCK.TRIAL.RECORDING.DISPLAY_BLANK
3258593.645 ADD_TO_RESULTS_FILE BLOCK.TRIAL.RECORDING.ADD_TO_RESULTS_FILE
3258678.097 SetValueAction 
3258678.129 SetValueAction 
3258678.158 SetValueAction 
3258678.183 SetValueAction 
3258678.209 SetValueAction 
3258678.233 SetValueAction 
3258678.643 CHECK_NEW_BLOCK BLOCK.TRIAL.CHECK_NEW_BLOCK_TRUE
3258679.025 RESET_VARS BLOCK.TRIAL.RESET_VARS
3259111.878 PREPARE_SEQUENCE BLOCK.TRIAL.PREPARE_SEQUENCE
3261372.097 DRIFT_CORRECT BLOCK.TRIAL.DRIFT_CORRECT
3261493.630 DISPLAY_TEXT BLOCK.TRIAL.RECORDING.DISPLAY_TEXT (BEGIN) 
3261509.012 DISPLAY_TEXT BLOCK.TRIAL.RECORDING.DISPLAY_TEXT
3282773.806 TRACKER_TIME 31 3617777.465
3282773.905 KEYBOARD_TEXT BLOCK.TRIAL.RECORDING.KEYBOARD_TEXT
3282774.471 SET_SENTENCE_RT BLOCK.TRIAL.RECORDING.SET_SENTENCE_RT
3282774.647 CHECK_QUESTION BLOCK.TRIAL.RECORDING.CHECK_QUESTION_FALSE
3282777.479 DISPLAY_QUESTION BLOCK.TRIAL.RECORDING.DISPLAY_QUESTION (BEGIN) 
3282785.924 DISPLAY_QUESTION BLOCK.TRIAL.RECORDING.DISPLAY_QUESTION
3286982.440 KEYBOARD_QUESTION BLOCK.TRIAL.RECORDING.KEYBOARD_QUESTION
3286982.707 CHECK_RESPONSE_BUTTON BLOCK.TRIAL.RECORDING.CHECK_RESPONSE_BUTTON_TRUE
3286983.333 SET_VARS_CORRECT BLOCK.TRIAL.RECORDING.SET_VARS_CORRECT
3286985.009 DISPLAY_BLANK BLOCK.TRIAL.RECORDING.DISPLAY_BLANK (BEGIN) 
3287001.646 DISPLAY_BLANK BLOCK.TRIAL.RECORDING.DISPLAY_BLANK
3287002.141 ADD_TO_RESULTS_FILE BLOCK.TRIAL.RECORDING.ADD_TO_RESULTS_FILE
3287088.095 SetValueAction 
3287088.128 SetValueAction 
3287088.156 SetValueAction 
3287088.181 SetValueAction 
3287088.207 SetValueAction 
3287088.232 SetValueAction 
3287088.615 CHECK_NEW_BLOCK BLOCK.TRIAL.CHECK_NEW_BLOCK_TRUE
3287089.055 RESET_VARS BLOCK.TRIAL.RESET_VARS
3287486.577 PREPARE_SEQUENCE BLOCK.TRIAL.PREPARE_SEQUENCE
3288985.082 DRIFT_CORRECT BLOCK.TRIAL.DRIFT_CORRECT
3289102.638 DISPLAY_TEXT BLOCK.TRIAL.RECORDING.DISPLAY_TEXT (BEGIN) 
3289120.230 DISPLAY_TEXT BLOCK.TRIAL.RECORDING.DISPLAY_TEXT
3331225.628 KEYBOARD_TEXT BLOCK.TRIAL.RECORDING.KEYBOARD_TEXT
3331226.192 SET_SENTENCE_RT BLOCK.TRIAL.RECORDING.SET_SENTENCE_RT
3331226.391 CHECK_QUESTION BLOCK.TRIAL.RECORDING.CHECK_QUESTION_TRUE
3331228.254 DISPLAY_BLANK BLOCK.TRIAL.RECORDING.DISPLAY_BLANK (BEGIN) 
3331238.576 DISPLAY_BLANK BLOCK.TRIAL.RECORDING.DISPLAY_BLANK
3331239.140 ADD_TO_RESULTS_FILE BLOCK.TRIAL.RECORDING.ADD_TO_RESULTS_FILE
3331325.092 SetValueAction 
3331325.125 SetValueAction 
3331325.152 SetValueAction 
3331325.177 SetValueAction 
3331325.202 SetValueAction 
3331325.227 SetValueAction 
3331325.642 CHECK_NEW_BLOCK BLOCK.TRIAL.CHECK_NEW_BLOCK_TRUE
3331326.011 RESET_VARS BLOCK.TRIAL.RESET_VARS
3331723.954 PREPARE_SEQUENCE BLOCK.TRIAL.PREPARE_SEQUENCE
3333536.243 DRIFT_CORRECT BLOCK.TRIAL.DRIFT_CORRECT
3333651.013 DISPLAY_TEXT BLOCK.TRIAL.RECORDING.DISPLAY_TEXT (BEGIN) 
3333659.468 DISPLAY_TEXT BLOCK.TRIAL.RECORDING.DISPLAY_TEXT
3343666.606 TRACKER_TIME 32 3678669.029
3343666.707 KEYBOARD_TEXT BLOCK.TRIAL.RECORDING.KEYBOARD_TEXT
3343667.256 SET_SENTENCE_RT BLOCK.TRIAL.RECORDING.SET_SENTENCE_RT
3343667.609 CHECK_QUESTION BLOCK.TRIAL.RECORDING.CHECK_QUESTION_FALSE
3343670.531 DISPLAY_QUESTION BLOCK.TRIAL.RECORDING.DISPLAY_QUESTION (BEGIN) 
3343685.103 DISPLAY_QUESTION BLOCK.TRIAL.RECORDING.DISPLAY_QUESTION
3347207.120 KEYBOARD_QUESTION BLOCK.TRIAL.RECORDING.KEYBOARD_QUESTION
3347207.346 CHECK_RESPONSE_BUTTON BLOCK.TRIAL.RECORDING.CHECK_RESPONSE_BUTTON_TRUE
3347207.860 SET_VARS_CORRECT BLOCK.TRIAL.RECORDING.SET_VARS_CORRECT
3347209.686 DISPLAY_BLANK BLOCK.TRIAL.RECORDING.DISPLAY_BLANK (BEGIN) 
3347217.165 DISPLAY_BLANK BLOCK.TRIAL.RECORDING.DISPLAY_BLANK
3347217.742 ADD_TO_RESULTS_FILE BLOCK.TRIAL.RECORDING.ADD_TO_RESULTS_FILE
3347302.092 SetValueAction 
3347302.125 SetValueAction 
3347302.152 SetValueAction 
3347302.177 SetValueAction 
3347302.202 SetValueAction 
3347302.227 SetValueAction 
3347302.636 CHECK_NEW_BLOCK BLOCK.TRIAL.CHECK_NEW_BLOCK_TRUE
3347302.974 RESET_VARS BLOCK.TRIAL.RESET_VARS
3347761.003 PREPARE_SEQUENCE BLOCK.TRIAL.PREPARE_SEQUENCE
3349210.596 DRIFT_CORRECT BLOCK.TRIAL.DRIFT_CORRECT
3349328.893 DISPLAY_TEXT BLOCK.TRIAL.RECORDING.DISPLAY_TEXT (BEGIN) 
3349351.740 DISPLAY_TEXT BLOCK.TRIAL.RECORDING.DISPLAY_TEXT
3384421.113 KEYBOARD_TEXT BLOCK.TRIAL.RECORDING.KEYBOARD_TEXT
3384421.682 SET_SENTENCE_RT BLOCK.TRIAL.RECORDING.SET_SENTENCE_RT
3384421.948 CHECK_QUESTION BLOCK.TRIAL.RECORDING.CHECK_QUESTION_FALSE
3384424.865 DISPLAY_QUESTION BLOCK.TRIAL.RECORDING.DISPLAY_QUESTION (BEGIN) 
3384439.915 DISPLAY_QUESTION BLOCK.TRIAL.RECORDING.DISPLAY_QUESTION
3386331.267 KEYBOARD_QUESTION BLOCK.TRIAL.RECORDING.KEYBOARD_QUESTION
3386331.483 CHECK_RESPONSE_BUTTON BLOCK.TRIAL.RECORDING.CHECK_RESPONSE_BUTTON_TRUE
3386332.073 SET_VARS_CORRECT BLOCK.TRIAL.RECORDING.SET_VARS_CORRECT
3386334.062 DISPLAY_BLANK BLOCK.TRIAL.RECORDING.DISPLAY_BLANK (BEGIN) 
3386339.056 DISPLAY_BLANK BLOCK.TRIAL.RECORDING.DISPLAY_BLANK
3386339.971 ADD_TO_RESULTS_FILE BLOCK.TRIAL.RECORDING.ADD_TO_RESULTS_FILE
3386425.093 SetValueAction 
3386425.125 SetValueAction 
3386425.152 SetValueAction 
3386425.177 SetValueAction 
3386425.204 SetValueAction 
3386425.229 SetValueAction 
3386425.640 CHECK_NEW_BLOCK BLOCK.TRIAL.CHECK_NEW_BLOCK_TRUE
3386425.986 RESET_VARS BLOCK.TRIAL.RESET_VARS
3386834.964 PREPARE_SEQUENCE BLOCK.TRIAL.PREPARE_SEQUENCE
3388335.769 DRIFT_CORRECT BLOCK.TRIAL.DRIFT_CORRECT
3388456.645 DISPLAY_TEXT BLOCK.TRIAL.RECORDING.DISPLAY_TEXT (BEGIN) 
3388472.080 DISPLAY_TEXT BLOCK.TRIAL.RECORDING.DISPLAY_TEXT
3407534.694 TRACKER_TIME 33 3742535.816
3407534.794 KEYBOARD_TEXT BLOCK.TRIAL.RECORDING.KEYBOARD_TEXT
3407535.386 SET_SENTENCE_RT BLOCK.TRIAL.RECORDING.SET_SENTENCE_RT
3407535.526 CHECK_QUESTION BLOCK.TRIAL.RECORDING.CHECK_QUESTION_TRUE
3407537.255 DISPLAY_BLANK BLOCK.TRIAL.RECORDING.DISPLAY_BLANK (BEGIN) 
3407549.786 DISPLAY_BLANK BLOCK.TRIAL.RECORDING.DISPLAY_BLANK
3407550.299 ADD_TO_RESULTS_FILE BLOCK.TRIAL.RECORDING.ADD_TO_RESULTS_FILE
3407635.094 SetValueAction 
3407635.128 SetValueAction 
3407635.156 SetValueAction 
3407635.181 SetValueAction 
3407635.207 SetValueAction 
3407635.232 SetValueAction 
3407635.619 CHECK_NEW_BLOCK BLOCK.TRIAL.CHECK_NEW_BLOCK_TRUE
3407635.998 RESET_VARS BLOCK.TRIAL.RESET_VARS
3408009.927 PREPARE_SEQUENCE BLOCK.TRIAL.PREPARE_SEQUENCE
3409550.892 DRIFT_CORRECT BLOCK.TRIAL.DRIFT_CORRECT
3409667.195 DISPLAY_TEXT BLOCK.TRIAL.RECORDING.DISPLAY_TEXT (BEGIN) 
3409684.279 DISPLAY_TEXT BLOCK.TRIAL.RECORDING.DISPLAY_TEXT
3429433.558 KEYBOARD_TEXT BLOCK.TRIAL.RECORDING.KEYBOARD_TEXT
3429434.081 SET_SENTENCE_RT BLOCK.TRIAL.RECORDING.SET_SENTENCE_RT
3429434.145 CHECK_QUESTION BLOCK.TRIAL.RECORDING.CHECK_QUESTION_TRUE
3429436.005 DISPLAY_BLANK BLOCK.TRIAL.RECORDING.DISPLAY_BLANK (BEGIN) 
3429443.253 DISPLAY_BLANK BLOCK.TRIAL.RECORDING.DISPLAY_BLANK
3429443.879 ADD_TO_RESULTS_FILE BLOCK.TRIAL.RECORDING.ADD_TO_RESULTS_FILE
3429528.175 SetValueAction 
3429528.253 SetValueAction 
3429528.324 SetValueAction 
3429528.394 SetValueAction 
3429528.462 SetValueAction 
3429528.567 SetValueAction 
3429529.283 CHECK_NEW_BLOCK BLOCK.TRIAL.CHECK_NEW_BLOCK_TRUE
3429529.923 RESET_VARS BLOCK.TRIAL.RESET_VARS
3429943.354 PREPARE_SEQUENCE BLOCK.TRIAL.PREPARE_SEQUENCE
3431798.303 DRIFT_CORRECT BLOCK.TRIAL.DRIFT_CORRECT
3431914.978 DISPLAY_TEXT BLOCK.TRIAL.RECORDING.DISPLAY_TEXT (BEGIN) 
3431927.864 DISPLAY_TEXT BLOCK.TRIAL.RECORDING.DISPLAY_TEXT
3451363.822 KEYBOARD_TEXT BLOCK.TRIAL.RECORDING.KEYBOARD_TEXT
3451364.409 SET_SENTENCE_RT BLOCK.TRIAL.RECORDING.SET_SENTENCE_RT
3451364.520 CHECK_QUESTION BLOCK.TRIAL.RECORDING.CHECK_QUESTION_FALSE
3451367.521 DISPLAY_QUESTION BLOCK.TRIAL.RECORDING.DISPLAY_QUESTION (BEGIN) 
3451376.004 DISPLAY_QUESTION BLOCK.TRIAL.RECORDING.DISPLAY_QUESTION
3460489.734 KEYBOARD_QUESTION BLOCK.TRIAL.RECORDING.KEYBOARD_QUESTION
3460490.009 CHECK_RESPONSE_BUTTON BLOCK.TRIAL.RECORDING.CHECK_RESPONSE_BUTTON_FALSE
3460490.522 SET_VARS_INCORRECT BLOCK.TRIAL.RECORDING.SET_VARS_INCORRECT
3460492.273 DISPLAY_BLANK BLOCK.TRIAL.RECORDING.DISPLAY_BLANK (BEGIN) 
3460500.914 DISPLAY_BLANK BLOCK.TRIAL.RECORDING.DISPLAY_BLANK
3460501.555 ADD_TO_RESULTS_FILE BLOCK.TRIAL.RECORDING.ADD_TO_RESULTS_FILE
3460587.089 SetValueAction 
3460587.122 SetValueAction 
3460587.149 SetValueAction 
3460587.174 SetValueAction 
3460587.200 SetValueAction 
3460587.225 SetValueAction 
3460587.607 CHECK_NEW_BLOCK BLOCK.TRIAL.CHECK_NEW_BLOCK_TRUE
3460587.947 RESET_VARS BLOCK.TRIAL.RESET_VARS
3460981.755 PREPARE_SEQUENCE BLOCK.TRIAL.PREPARE_SEQUENCE
3462472.389 DRIFT_CORRECT BLOCK.TRIAL.DRIFT_CORRECT
3462587.749 DISPLAY_TEXT BLOCK.TRIAL.RECORDING.DISPLAY_TEXT (BEGIN) 
3462600.446 DISPLAY_TEXT BLOCK.TRIAL.RECORDING.DISPLAY_TEXT
3480222.205 TRACKER_TIME 34 3815221.833
3480222.322 KEYBOARD_TEXT BLOCK.TRIAL.RECORDING.KEYBOARD_TEXT
3480222.938 SET_SENTENCE_RT BLOCK.TRIAL.RECORDING.SET_SENTENCE_RT
3480223.084 CHECK_QUESTION BLOCK.TRIAL.RECORDING.CHECK_QUESTION_TRUE
3480224.840 DISPLAY_BLANK BLOCK.TRIAL.RECORDING.DISPLAY_BLANK (BEGIN) 
3480228.366 DISPLAY_BLANK BLOCK.TRIAL.RECORDING.DISPLAY_BLANK
3480229.027 ADD_TO_RESULTS_FILE BLOCK.TRIAL.RECORDING.ADD_TO_RESULTS_FILE
3480314.131 SetValueAction 
3480314.165 SetValueAction 
3480314.192 SetValueAction 
3480314.217 SetValueAction 
3480314.242 SetValueAction 
3480314.267 SetValueAction 
3480314.716 CHECK_NEW_BLOCK BLOCK.TRIAL.CHECK_NEW_BLOCK_TRUE
3480315.049 RESET_VARS BLOCK.TRIAL.RESET_VARS
3480761.703 PREPARE_SEQUENCE BLOCK.TRIAL.PREPARE_SEQUENCE
3481797.650 DRIFT_CORRECT BLOCK.TRIAL.DRIFT_CORRECT
3481913.946 DISPLAY_TEXT BLOCK.TRIAL.RECORDING.DISPLAY_TEXT (BEGIN) 
3481935.925 DISPLAY_TEXT BLOCK.TRIAL.RECORDING.DISPLAY_TEXT
3514175.027 KEYBOARD_TEXT BLOCK.TRIAL.RECORDING.KEYBOARD_TEXT
3514175.642 SET_SENTENCE_RT BLOCK.TRIAL.RECORDING.SET_SENTENCE_RT
3514175.788 CHECK_QUESTION BLOCK.TRIAL.RECORDING.CHECK_QUESTION_TRUE
3514177.802 DISPLAY_BLANK BLOCK.TRIAL.RECORDING.DISPLAY_BLANK (BEGIN) 
3514185.270 DISPLAY_BLANK BLOCK.TRIAL.RECORDING.DISPLAY_BLANK
3514185.946 ADD_TO_RESULTS_FILE BLOCK.TRIAL.RECORDING.ADD_TO_RESULTS_FILE
3514273.111 SetValueAction 
3514273.144 SetValueAction 
3514273.171 SetValueAction 
3514273.196 SetValueAction 
3514273.222 SetValueAction 
3514273.246 SetValueAction 
3514273.668 CHECK_NEW_BLOCK BLOCK.TRIAL.CHECK_NEW_BLOCK_TRUE
3514274.068 RESET_VARS BLOCK.TRIAL.RESET_VARS
3514706.061 PREPARE_SEQUENCE BLOCK.TRIAL.PREPARE_SEQUENCE
3515639.312 DRIFT_CORRECT BLOCK.TRIAL.DRIFT_CORRECT
3515756.982 DISPLAY_TEXT BLOCK.TRIAL.RECORDING.DISPLAY_TEXT (BEGIN) 
3515775.658 DISPLAY_TEXT BLOCK.TRIAL.RECORDING.DISPLAY_TEXT
3546361.201 TRACKER_TIME 35 3881359.445
3546361.305 KEYBOARD_TEXT BLOCK.TRIAL.RECORDING.KEYBOARD_TEXT
3546361.958 SET_SENTENCE_RT BLOCK.TRIAL.RECORDING.SET_SENTENCE_RT
3546362.100 CHECK_QUESTION BLOCK.TRIAL.RECORDING.CHECK_QUESTION_TRUE
3546363.926 DISPLAY_BLANK BLOCK.TRIAL.RECORDING.DISPLAY_BLANK (BEGIN) 
3546376.077 DISPLAY_BLANK BLOCK.TRIAL.RECORDING.DISPLAY_BLANK
3546376.568 ADD_TO_RESULTS_FILE BLOCK.TRIAL.RECORDING.ADD_TO_RESULTS_FILE
3546461.094 SetValueAction 
3546461.128 SetValueAction 
3546461.157 SetValueAction 
3546461.182 SetValueAction 
3546461.207 SetValueAction 
3546461.232 SetValueAction 
3546461.681 CHECK_NEW_BLOCK BLOCK.TRIAL.CHECK_NEW_BLOCK_TRUE
3546462.129 RESET_VARS BLOCK.TRIAL.RESET_VARS
3546869.497 PREPARE_SEQUENCE BLOCK.TRIAL.PREPARE_SEQUENCE
3548657.130 DRIFT_CORRECT BLOCK.TRIAL.DRIFT_CORRECT
3548771.063 DISPLAY_TEXT BLOCK.TRIAL.RECORDING.DISPLAY_TEXT (BEGIN) 
3548783.205 DISPLAY_TEXT BLOCK.TRIAL.RECORDING.DISPLAY_TEXT
3569780.942 KEYBOARD_TEXT BLOCK.TRIAL.RECORDING.KEYBOARD_TEXT
3569781.438 SET_SENTENCE_RT BLOCK.TRIAL.RECORDING.SET_SENTENCE_RT
3569781.533 CHECK_QUESTION BLOCK.TRIAL.RECORDING.CHECK_QUESTION_TRUE
3569783.254 DISPLAY_BLANK BLOCK.TRIAL.RECORDING.DISPLAY_BLANK (BEGIN) 
3569785.631 DISPLAY_BLANK BLOCK.TRIAL.RECORDING.DISPLAY_BLANK
3569786.230 ADD_TO_RESULTS_FILE BLOCK.TRIAL.RECORDING.ADD_TO_RESULTS_FILE
3569873.093 SetValueAction 
3569873.125 SetValueAction 
3569873.152 SetValueAction 
3569873.177 SetValueAction 
3569873.202 SetValueAction 
3569873.227 SetValueAction 
3569873.600 CHECK_NEW_BLOCK BLOCK.TRIAL.CHECK_NEW_BLOCK_TRUE
3569873.942 RESET_VARS BLOCK.TRIAL.RESET_VARS
3570280.520 PREPARE_SEQUENCE BLOCK.TRIAL.PREPARE_SEQUENCE
3572298.969 DRIFT_CORRECT BLOCK.TRIAL.DRIFT_CORRECT
3572415.132 DISPLAY_TEXT BLOCK.TRIAL.RECORDING.DISPLAY_TEXT (BEGIN) 
3572434.053 DISPLAY_TEXT BLOCK.TRIAL.RECORDING.DISPLAY_TEXT
3608675.259 TRACKER_TIME 36 3943672.205
3608675.372 KEYBOARD_TEXT BLOCK.TRIAL.RECORDING.KEYBOARD_TEXT
3608676.125 SET_SENTENCE_RT BLOCK.TRIAL.RECORDING.SET_SENTENCE_RT
3608676.246 CHECK_QUESTION BLOCK.TRIAL.RECORDING.CHECK_QUESTION_TRUE
3608678.148 DISPLAY_BLANK BLOCK.TRIAL.RECORDING.DISPLAY_BLANK (BEGIN) 
3608691.316 DISPLAY_BLANK BLOCK.TRIAL.RECORDING.DISPLAY_BLANK
3608691.824 ADD_TO_RESULTS_FILE BLOCK.TRIAL.RECORDING.ADD_TO_RESULTS_FILE
3608777.120 SetValueAction 
3608777.155 SetValueAction 
3608777.193 SetValueAction 
3608777.221 SetValueAction 
3608777.249 SetValueAction 
3608777.276 SetValueAction 
3608777.690 CHECK_NEW_BLOCK BLOCK.TRIAL.CHECK_NEW_BLOCK_TRUE
3608778.080 RESET_VARS BLOCK.TRIAL.RESET_VARS
3609199.937 PREPARE_SEQUENCE BLOCK.TRIAL.PREPARE_SEQUENCE
3611047.768 DRIFT_CORRECT BLOCK.TRIAL.DRIFT_CORRECT
3611164.952 DISPLAY_TEXT BLOCK.TRIAL.RECORDING.DISPLAY_TEXT (BEGIN) 
3611177.833 DISPLAY_TEXT BLOCK.TRIAL.RECORDING.DISPLAY_TEXT
3628978.582 KEYBOARD_TEXT BLOCK.TRIAL.RECORDING.KEYBOARD_TEXT
3628979.189 SET_SENTENCE_RT BLOCK.TRIAL.RECORDING.SET_SENTENCE_RT
3628979.357 CHECK_QUESTION BLOCK.TRIAL.RECORDING.CHECK_QUESTION_TRUE
3628981.290 DISPLAY_BLANK BLOCK.TRIAL.RECORDING.DISPLAY_BLANK (BEGIN) 
3628985.101 DISPLAY_BLANK BLOCK.TRIAL.RECORDING.DISPLAY_BLANK
3628985.671 ADD_TO_RESULTS_FILE BLOCK.TRIAL.RECORDING.ADD_TO_RESULTS_FILE
3629070.094 SetValueAction 
3629070.127 SetValueAction 
3629070.154 SetValueAction 
3629070.179 SetValueAction 
3629070.205 SetValueAction 
3629070.230 SetValueAction 
3629070.674 CHECK_NEW_BLOCK BLOCK.TRIAL.CHECK_NEW_BLOCK_TRUE
3629071.058 RESET_VARS BLOCK.TRIAL.RESET_VARS
3629450.771 PREPARE_SEQUENCE BLOCK.TRIAL.PREPARE_SEQUENCE
3631210.556 DRIFT_CORRECT BLOCK.TRIAL.DRIFT_CORRECT
3631330.869 DISPLAY_TEXT BLOCK.TRIAL.RECORDING.DISPLAY_TEXT (BEGIN) 
3631343.220 DISPLAY_TEXT BLOCK.TRIAL.RECORDING.DISPLAY_TEXT
3651551.932 KEYBOARD_TEXT BLOCK.TRIAL.RECORDING.KEYBOARD_TEXT
3651552.559 SET_SENTENCE_RT BLOCK.TRIAL.RECORDING.SET_SENTENCE_RT
3651552.644 CHECK_QUESTION BLOCK.TRIAL.RECORDING.CHECK_QUESTION_TRUE
3651554.457 DISPLAY_BLANK BLOCK.TRIAL.RECORDING.DISPLAY_BLANK (BEGIN) 
3651561.985 DISPLAY_BLANK BLOCK.TRIAL.RECORDING.DISPLAY_BLANK
3651562.564 ADD_TO_RESULTS_FILE BLOCK.TRIAL.RECORDING.ADD_TO_RESULTS_FILE
3651647.095 SetValueAction 
3651647.128 SetValueAction 
3651647.155 SetValueAction 
3651647.181 SetValueAction 
3651647.207 SetValueAction 
3651647.232 SetValueAction 
3651647.673 CHECK_NEW_BLOCK BLOCK.TRIAL.CHECK_NEW_BLOCK_TRUE
3651648.026 RESET_VARS BLOCK.TRIAL.RESET_VARS
3652049.933 PREPARE_SEQUENCE BLOCK.TRIAL.PREPARE_SEQUENCE
3653054.730 DRIFT_CORRECT BLOCK.TRIAL.DRIFT_CORRECT
3653168.759 DISPLAY_TEXT BLOCK.TRIAL.RECORDING.DISPLAY_TEXT (BEGIN) 
3653182.566 DISPLAY_TEXT BLOCK.TRIAL.RECORDING.DISPLAY_TEXT
3680090.888 TRACKER_TIME 37 4015086.316
3680090.985 KEYBOARD_TEXT BLOCK.TRIAL.RECORDING.KEYBOARD_TEXT
3680091.626 SET_SENTENCE_RT BLOCK.TRIAL.RECORDING.SET_SENTENCE_RT
3680091.791 CHECK_QUESTION BLOCK.TRIAL.RECORDING.CHECK_QUESTION_TRUE
3680093.564 DISPLAY_BLANK BLOCK.TRIAL.RECORDING.DISPLAY_BLANK (BEGIN) 
3680103.775 DISPLAY_BLANK BLOCK.TRIAL.RECORDING.DISPLAY_BLANK
3680104.362 ADD_TO_RESULTS_FILE BLOCK.TRIAL.RECORDING.ADD_TO_RESULTS_FILE
3680189.129 SetValueAction 
3680189.161 SetValueAction 
3680189.189 SetValueAction 
3680189.214 SetValueAction 
3680189.238 SetValueAction 
3680189.263 SetValueAction 
3680189.649 CHECK_NEW_BLOCK BLOCK.TRIAL.CHECK_NEW_BLOCK_TRUE
3680189.998 RESET_VARS BLOCK.TRIAL.RESET_VARS
3680582.039 PREPARE_SEQUENCE BLOCK.TRIAL.PREPARE_SEQUENCE
3682261.637 DRIFT_CORRECT BLOCK.TRIAL.DRIFT_CORRECT
3682375.824 DISPLAY_TEXT BLOCK.TRIAL.RECORDING.DISPLAY_TEXT (BEGIN) 
3682386.450 DISPLAY_TEXT BLOCK.TRIAL.RECORDING.DISPLAY_TEXT
3684457.594 KEYBOARD_TEXT BLOCK.TRIAL.RECORDING.KEYBOARD_TEXT
3684458.148 SET_SENTENCE_RT BLOCK.TRIAL.RECORDING.SET_SENTENCE_RT
3684458.258 CHECK_QUESTION BLOCK.TRIAL.RECORDING.CHECK_QUESTION_TRUE
3684460.084 DISPLAY_BLANK BLOCK.TRIAL.RECORDING.DISPLAY_BLANK (BEGIN) 
3684469.141 DISPLAY_BLANK BLOCK.TRIAL.RECORDING.DISPLAY_BLANK
3684469.698 ADD_TO_RESULTS_FILE BLOCK.TRIAL.RECORDING.ADD_TO_RESULTS_FILE
3684554.093 SetValueAction 
3684554.126 SetValueAction 
3684554.154 SetValueAction 
3684554.179 SetValueAction 
3684554.204 SetValueAction 
3684554.229 SetValueAction 
3684554.675 CHECK_NEW_BLOCK BLOCK.TRIAL.CHECK_NEW_BLOCK_TRUE
3684555.046 RESET_VARS BLOCK.TRIAL.RESET_VARS
3685019.750 PREPARE_SEQUENCE BLOCK.TRIAL.PREPARE_SEQUENCE
3686762.019 DRIFT_CORRECT BLOCK.TRIAL.DRIFT_CORRECT
3686878.697 DISPLAY_TEXT BLOCK.TRIAL.RECORDING.DISPLAY_TEXT (BEGIN) 
3686884.998 DISPLAY_TEXT BLOCK.TRIAL.RECORDING.DISPLAY_TEXT
3720044.310 KEYBOARD_TEXT BLOCK.TRIAL.RECORDING.KEYBOARD_TEXT
3720044.841 SET_SENTENCE_RT BLOCK.TRIAL.RECORDING.SET_SENTENCE_RT
3720045.008 CHECK_QUESTION BLOCK.TRIAL.RECORDING.CHECK_QUESTION_TRUE
3720046.763 DISPLAY_BLANK BLOCK.TRIAL.RECORDING.DISPLAY_BLANK (BEGIN) 
3720058.895 DISPLAY_BLANK BLOCK.TRIAL.RECORDING.DISPLAY_BLANK
3720059.413 ADD_TO_RESULTS_FILE BLOCK.TRIAL.RECORDING.ADD_TO_RESULTS_FILE
3720144.142 SetValueAction 
3720144.174 SetValueAction 
3720144.201 SetValueAction 
3720144.226 SetValueAction 
3720144.251 SetValueAction 
3720144.276 SetValueAction 
3720144.672 CHECK_NEW_BLOCK BLOCK.TRIAL.CHECK_NEW_BLOCK_TRUE
3720145.039 RESET_VARS BLOCK.TRIAL.RESET_VARS
3720528.395 PREPARE_SEQUENCE BLOCK.TRIAL.PREPARE_SEQUENCE
3723720.038 DRIFT_CORRECT BLOCK.TRIAL.DRIFT_CORRECT
el_logger: Quit logger.
******** END OF THE LOG FILE ********
